2024-05-29 15:50:46,101 - INFO - 
num_classes	5089
2024-05-29 15:50:46,102 - INFO - num train    	569465
2024-05-29 15:50:46,102 - INFO - num val      	93622
2024-05-29 15:50:46,102 - INFO - train loss   	full_loss
2024-05-29 15:50:46,102 - INFO - model name   	../models/sphere2vec_sphereC/model_inat_2017_Sphere2Vec-sphereC_inception_v3_0.0001_32_0.0100000_1_1024.pth.tar
2024-05-29 15:50:46,102 - INFO - num users    	17302
2024-05-29 15:50:46,535 - INFO - Cannot load model since it not exist - ../models/sphere2vec_sphereC/model_inat_2017_Sphere2Vec-sphereC_inception_v3_0.0001_32_0.0100000_1_1024.pth.tar
2024-05-29 15:50:46,535 - INFO - 
Epoch	0
2024-05-29 15:52:17,278 - INFO - [51200/569465]	Loss  : 2.1171
2024-05-29 15:53:46,495 - INFO - [102400/569465]	Loss  : 2.0440
2024-05-29 15:55:15,596 - INFO - [153600/569465]	Loss  : 1.9767
2024-05-29 15:56:50,439 - INFO - [204800/569465]	Loss  : 1.9069
2024-05-29 15:58:32,927 - INFO - [256000/569465]	Loss  : 1.8393
2024-05-29 15:58:55,976 - INFO - [268288/569465]	Loss  : 1.8252
2024-05-29 16:02:09,796 - INFO - Test loss   : 0.8360
2024-05-29 16:02:09,796 - INFO - 
Epoch	1
2024-05-29 16:04:05,631 - INFO - [51200/569465]	Loss  : 1.4518
2024-05-29 16:05:59,584 - INFO - [102400/569465]	Loss  : 1.4212
2024-05-29 16:07:53,618 - INFO - [153600/569465]	Loss  : 1.3930
2024-05-29 16:09:47,713 - INFO - [204800/569465]	Loss  : 1.3663
2024-05-29 16:11:42,005 - INFO - [256000/569465]	Loss  : 1.3408
2024-05-29 16:12:07,509 - INFO - [268288/569465]	Loss  : 1.3353
2024-05-29 16:15:34,996 - INFO - Test loss   : 0.7550
2024-05-29 16:15:34,996 - INFO - 
Epoch	2
2024-05-29 16:17:31,853 - INFO - [51200/569465]	Loss  : 1.1702
2024-05-29 16:19:25,090 - INFO - [102400/569465]	Loss  : 1.1537
2024-05-29 16:21:19,148 - INFO - [153600/569465]	Loss  : 1.1366
2024-05-29 16:23:13,154 - INFO - [204800/569465]	Loss  : 1.1170
2024-05-29 16:25:07,227 - INFO - [256000/569465]	Loss  : 1.1007
2024-05-29 16:25:32,786 - INFO - [268288/569465]	Loss  : 1.0970
2024-05-29 16:29:00,598 - INFO - Test loss   : 0.6170
2024-05-29 16:29:00,598 - INFO - 
Epoch	3
2024-05-29 16:30:56,628 - INFO - [51200/569465]	Loss  : 0.9916
2024-05-29 16:32:50,943 - INFO - [102400/569465]	Loss  : 0.9833
2024-05-29 16:34:45,001 - INFO - [153600/569465]	Loss  : 0.9740
2024-05-29 16:36:39,055 - INFO - [204800/569465]	Loss  : 0.9652
2024-05-29 16:38:33,206 - INFO - [256000/569465]	Loss  : 0.9562
2024-05-29 16:38:58,818 - INFO - [268288/569465]	Loss  : 0.9545
2024-05-29 16:42:25,645 - INFO - Test loss   : 0.5254
2024-05-29 16:42:25,645 - INFO - 
Epoch	4
2024-05-29 16:44:23,319 - INFO - [51200/569465]	Loss  : 0.8987
2024-05-29 16:46:17,992 - INFO - [102400/569465]	Loss  : 0.8899
2024-05-29 16:48:12,347 - INFO - [153600/569465]	Loss  : 0.8817
2024-05-29 16:50:06,788 - INFO - [204800/569465]	Loss  : 0.8759
2024-05-29 16:52:00,320 - INFO - [256000/569465]	Loss  : 0.8707
2024-05-29 16:52:25,882 - INFO - [268288/569465]	Loss  : 0.8694
2024-05-29 16:55:53,565 - INFO - Test loss   : 0.4731
2024-05-29 16:55:53,566 - INFO - 
Epoch	5
2024-05-29 16:57:49,929 - INFO - [51200/569465]	Loss  : 0.8316
2024-05-29 16:59:43,967 - INFO - [102400/569465]	Loss  : 0.8245
2024-05-29 17:01:37,970 - INFO - [153600/569465]	Loss  : 0.8216
2024-05-29 17:03:32,045 - INFO - [204800/569465]	Loss  : 0.8176
2024-05-29 17:05:26,285 - INFO - [256000/569465]	Loss  : 0.8142
2024-05-29 17:05:52,006 - INFO - [268288/569465]	Loss  : 0.8132
2024-05-29 17:09:20,782 - INFO - Test loss   : 0.4451
2024-05-29 17:09:20,782 - INFO - 
Epoch	6
2024-05-29 17:11:17,507 - INFO - [51200/569465]	Loss  : 0.7836
2024-05-29 17:13:11,779 - INFO - [102400/569465]	Loss  : 0.7813
2024-05-29 17:15:05,280 - INFO - [153600/569465]	Loss  : 0.7776
2024-05-29 17:16:59,519 - INFO - [204800/569465]	Loss  : 0.7747
2024-05-29 17:18:53,739 - INFO - [256000/569465]	Loss  : 0.7714
2024-05-29 17:19:19,294 - INFO - [268288/569465]	Loss  : 0.7705
2024-05-29 17:22:45,277 - INFO - Test loss   : 0.4284
2024-05-29 17:22:45,278 - INFO - 
Epoch	7
2024-05-29 17:24:42,532 - INFO - [51200/569465]	Loss  : 0.7488
2024-05-29 17:26:36,618 - INFO - [102400/569465]	Loss  : 0.7451
2024-05-29 17:28:29,856 - INFO - [153600/569465]	Loss  : 0.7431
2024-05-29 17:30:15,582 - INFO - [204800/569465]	Loss  : 0.7409
2024-05-29 17:31:57,962 - INFO - [256000/569465]	Loss  : 0.7384
2024-05-29 17:32:21,230 - INFO - [268288/569465]	Loss  : 0.7382
2024-05-29 17:35:25,712 - INFO - Test loss   : 0.4221
2024-05-29 17:35:25,713 - INFO - 
Epoch	8
2024-05-29 17:37:09,181 - INFO - [51200/569465]	Loss  : 0.7159
2024-05-29 17:38:50,870 - INFO - [102400/569465]	Loss  : 0.7149
2024-05-29 17:40:32,397 - INFO - [153600/569465]	Loss  : 0.7132
2024-05-29 17:42:14,084 - INFO - [204800/569465]	Loss  : 0.7118
2024-05-29 17:43:55,698 - INFO - [256000/569465]	Loss  : 0.7109
2024-05-29 17:44:18,411 - INFO - [268288/569465]	Loss  : 0.7103
2024-05-29 17:47:22,101 - INFO - Test loss   : 0.4168
2024-05-29 17:47:22,101 - INFO - 
Epoch	9
2024-05-29 17:49:05,631 - INFO - [51200/569465]	Loss  : 0.6954
2024-05-29 17:50:47,280 - INFO - [102400/569465]	Loss  : 0.6934
2024-05-29 17:52:28,446 - INFO - [153600/569465]	Loss  : 0.6918
2024-05-29 17:54:11,977 - INFO - [204800/569465]	Loss  : 0.6905
2024-05-29 17:55:53,602 - INFO - [256000/569465]	Loss  : 0.6894
2024-05-29 17:56:16,245 - INFO - [268288/569465]	Loss  : 0.6892
2024-05-29 17:59:20,386 - INFO - Test loss   : 0.4183
2024-05-29 17:59:20,386 - INFO - 
Epoch	10
2024-05-29 18:01:03,880 - INFO - [51200/569465]	Loss  : 0.6741
2024-05-29 18:02:44,603 - INFO - [102400/569465]	Loss  : 0.6720
2024-05-29 18:04:26,032 - INFO - [153600/569465]	Loss  : 0.6725
2024-05-29 18:06:07,364 - INFO - [204800/569465]	Loss  : 0.6711
2024-05-29 18:07:48,940 - INFO - [256000/569465]	Loss  : 0.6699
2024-05-29 18:08:11,663 - INFO - [268288/569465]	Loss  : 0.6697
2024-05-29 18:11:15,300 - INFO - Test loss   : 0.4209
2024-05-29 18:11:15,300 - INFO - 
Epoch	11
2024-05-29 18:12:58,663 - INFO - [51200/569465]	Loss  : 0.6578
2024-05-29 18:14:40,661 - INFO - [102400/569465]	Loss  : 0.6571
2024-05-29 18:16:23,597 - INFO - [153600/569465]	Loss  : 0.6560
2024-05-29 18:18:05,089 - INFO - [204800/569465]	Loss  : 0.6551
2024-05-29 18:19:46,803 - INFO - [256000/569465]	Loss  : 0.6537
2024-05-29 18:20:09,542 - INFO - [268288/569465]	Loss  : 0.6537
2024-05-29 18:23:13,473 - INFO - Test loss   : 0.4250
2024-05-29 18:23:13,473 - INFO - 
Epoch	12
2024-05-29 18:24:56,858 - INFO - [51200/569465]	Loss  : 0.6430
2024-05-29 18:26:38,254 - INFO - [102400/569465]	Loss  : 0.6415
2024-05-29 18:28:19,816 - INFO - [153600/569465]	Loss  : 0.6407
2024-05-29 18:30:01,374 - INFO - [204800/569465]	Loss  : 0.6404
2024-05-29 18:31:42,999 - INFO - [256000/569465]	Loss  : 0.6395
2024-05-29 18:32:05,745 - INFO - [268288/569465]	Loss  : 0.6389
2024-05-29 18:35:09,955 - INFO - Test loss   : 0.4306
2024-05-29 18:35:09,956 - INFO - 
Epoch	13
2024-05-29 18:36:55,519 - INFO - [51200/569465]	Loss  : 0.6287
2024-05-29 18:38:37,697 - INFO - [102400/569465]	Loss  : 0.6273
2024-05-29 18:40:19,041 - INFO - [153600/569465]	Loss  : 0.6269
2024-05-29 18:42:00,842 - INFO - [204800/569465]	Loss  : 0.6258
2024-05-29 18:43:42,370 - INFO - [256000/569465]	Loss  : 0.6255
2024-05-29 18:44:05,121 - INFO - [268288/569465]	Loss  : 0.6250
2024-05-29 18:47:09,283 - INFO - Test loss   : 0.4377
2024-05-29 18:47:09,283 - INFO - 
Epoch	14
2024-05-29 18:48:53,369 - INFO - [51200/569465]	Loss  : 0.6154
2024-05-29 18:50:35,161 - INFO - [102400/569465]	Loss  : 0.6142
2024-05-29 18:52:16,528 - INFO - [153600/569465]	Loss  : 0.6143
2024-05-29 18:53:58,167 - INFO - [204800/569465]	Loss  : 0.6140
2024-05-29 18:55:38,828 - INFO - [256000/569465]	Loss  : 0.6140
2024-05-29 18:56:01,542 - INFO - [268288/569465]	Loss  : 0.6138
2024-05-29 18:59:05,843 - INFO - Test loss   : 0.4441
2024-05-29 18:59:05,843 - INFO - 
Epoch	15
2024-05-29 19:00:43,289 - INFO - [51200/569465]	Loss  : 0.6063
2024-05-29 19:02:24,500 - INFO - [102400/569465]	Loss  : 0.6048
2024-05-29 19:04:05,955 - INFO - [153600/569465]	Loss  : 0.6043
2024-05-29 19:05:47,374 - INFO - [204800/569465]	Loss  : 0.6029
2024-05-29 19:07:28,741 - INFO - [256000/569465]	Loss  : 0.6028
2024-05-29 19:07:51,315 - INFO - [268288/569465]	Loss  : 0.6027
2024-05-29 19:10:55,088 - INFO - Test loss   : 0.4502
2024-05-29 19:10:55,088 - INFO - 
Epoch	16
2024-05-29 19:12:38,915 - INFO - [51200/569465]	Loss  : 0.5948
2024-05-29 19:14:20,479 - INFO - [102400/569465]	Loss  : 0.5945
2024-05-29 19:16:02,055 - INFO - [153600/569465]	Loss  : 0.5945
2024-05-29 19:17:43,709 - INFO - [204800/569465]	Loss  : 0.5932
2024-05-29 19:19:26,453 - INFO - [256000/569465]	Loss  : 0.5924
2024-05-29 19:19:49,623 - INFO - [268288/569465]	Loss  : 0.5922
2024-05-29 19:22:53,749 - INFO - Test loss   : 0.4629
2024-05-29 19:22:53,749 - INFO - 
Epoch	17
2024-05-29 19:24:37,769 - INFO - [51200/569465]	Loss  : 0.5831
2024-05-29 19:26:19,395 - INFO - [102400/569465]	Loss  : 0.5832
2024-05-29 19:28:01,019 - INFO - [153600/569465]	Loss  : 0.5823
2024-05-29 19:29:42,312 - INFO - [204800/569465]	Loss  : 0.5819
2024-05-29 19:31:23,906 - INFO - [256000/569465]	Loss  : 0.5821
2024-05-29 19:31:46,603 - INFO - [268288/569465]	Loss  : 0.5821
2024-05-29 19:34:51,054 - INFO - Test loss   : 0.4689
2024-05-29 19:34:51,055 - INFO - 
Epoch	18
2024-05-29 19:36:34,849 - INFO - [51200/569465]	Loss  : 0.5755
2024-05-29 19:38:16,403 - INFO - [102400/569465]	Loss  : 0.5765
2024-05-29 19:39:57,921 - INFO - [153600/569465]	Loss  : 0.5757
2024-05-29 19:41:41,060 - INFO - [204800/569465]	Loss  : 0.5754
2024-05-29 19:43:22,346 - INFO - [256000/569465]	Loss  : 0.5751
2024-05-29 19:43:45,097 - INFO - [268288/569465]	Loss  : 0.5751
2024-05-29 19:46:49,332 - INFO - Test loss   : 0.4810
2024-05-29 19:46:49,332 - INFO - 
Epoch	19
2024-05-29 19:48:32,892 - INFO - [51200/569465]	Loss  : 0.5680
2024-05-29 19:50:14,438 - INFO - [102400/569465]	Loss  : 0.5681
2024-05-29 19:51:55,772 - INFO - [153600/569465]	Loss  : 0.5675
2024-05-29 19:53:36,896 - INFO - [204800/569465]	Loss  : 0.5673
2024-05-29 19:55:18,191 - INFO - [256000/569465]	Loss  : 0.5673
2024-05-29 19:55:40,874 - INFO - [268288/569465]	Loss  : 0.5671
2024-05-29 19:58:45,847 - INFO - Test loss   : 0.4889
2024-05-29 19:58:45,847 - INFO - 
Epoch	20
2024-05-29 20:00:16,621 - INFO - [51200/569465]	Loss  : 0.5624
2024-05-29 20:01:46,762 - INFO - [102400/569465]	Loss  : 0.5620
2024-05-29 20:03:15,910 - INFO - [153600/569465]	Loss  : 0.5611
2024-05-29 20:04:44,424 - INFO - [204800/569465]	Loss  : 0.5609
2024-05-29 20:06:12,771 - INFO - [256000/569465]	Loss  : 0.5603
2024-05-29 20:06:32,459 - INFO - [268288/569465]	Loss  : 0.5603
2024-05-29 20:09:12,901 - INFO - Test loss   : 0.5004
2024-05-29 20:09:12,902 - INFO - 
Epoch	21
2024-05-29 20:10:43,327 - INFO - [51200/569465]	Loss  : 0.5535
2024-05-29 20:12:11,943 - INFO - [102400/569465]	Loss  : 0.5542
2024-05-29 20:13:40,582 - INFO - [153600/569465]	Loss  : 0.5523
2024-05-29 20:15:08,982 - INFO - [204800/569465]	Loss  : 0.5522
2024-05-29 20:16:37,239 - INFO - [256000/569465]	Loss  : 0.5522
2024-05-29 20:16:57,046 - INFO - [268288/569465]	Loss  : 0.5520
2024-05-29 20:19:37,797 - INFO - Test loss   : 0.5081
2024-05-29 20:19:37,797 - INFO - 
Epoch	22
2024-05-29 20:21:09,947 - INFO - [51200/569465]	Loss  : 0.5472
2024-05-29 20:22:38,661 - INFO - [102400/569465]	Loss  : 0.5457
2024-05-29 20:24:06,872 - INFO - [153600/569465]	Loss  : 0.5469
2024-05-29 20:25:35,143 - INFO - [204800/569465]	Loss  : 0.5467
2024-05-29 20:27:03,289 - INFO - [256000/569465]	Loss  : 0.5466
2024-05-29 20:27:23,167 - INFO - [268288/569465]	Loss  : 0.5467
2024-05-29 20:30:04,129 - INFO - Test loss   : 0.5176
2024-05-29 20:30:04,129 - INFO - 
Epoch	23
2024-05-29 20:31:34,657 - INFO - [51200/569465]	Loss  : 0.5416
2024-05-29 20:33:03,034 - INFO - [102400/569465]	Loss  : 0.5407
2024-05-29 20:34:31,585 - INFO - [153600/569465]	Loss  : 0.5406
2024-05-29 20:35:59,994 - INFO - [204800/569465]	Loss  : 0.5406
2024-05-29 20:37:30,350 - INFO - [256000/569465]	Loss  : 0.5409
2024-05-29 20:37:48,427 - INFO - [268288/569465]	Loss  : 0.5408
2024-05-29 20:40:28,132 - INFO - Test loss   : 0.5283
2024-05-29 20:40:28,133 - INFO - 
Epoch	24
2024-05-29 20:41:58,148 - INFO - [51200/569465]	Loss  : 0.5346
2024-05-29 20:43:26,116 - INFO - [102400/569465]	Loss  : 0.5335
2024-05-29 20:44:54,313 - INFO - [153600/569465]	Loss  : 0.5348
2024-05-29 20:46:22,312 - INFO - [204800/569465]	Loss  : 0.5344
2024-05-29 20:47:50,385 - INFO - [256000/569465]	Loss  : 0.5346
2024-05-29 20:48:10,184 - INFO - [268288/569465]	Loss  : 0.5348
2024-05-29 20:50:50,340 - INFO - Test loss   : 0.5376
2024-05-29 20:50:50,341 - INFO - 
Epoch	25
2024-05-29 20:52:20,367 - INFO - [51200/569465]	Loss  : 0.5290
2024-05-29 20:53:48,342 - INFO - [102400/569465]	Loss  : 0.5295
2024-05-29 20:55:16,392 - INFO - [153600/569465]	Loss  : 0.5293
2024-05-29 20:56:44,343 - INFO - [204800/569465]	Loss  : 0.5294
2024-05-29 20:58:14,706 - INFO - [256000/569465]	Loss  : 0.5295
2024-05-29 20:58:35,499 - INFO - [268288/569465]	Loss  : 0.5293
2024-05-29 21:01:15,655 - INFO - Test loss   : 0.5495
2024-05-29 21:01:15,655 - INFO - 
Epoch	26
2024-05-29 21:02:45,561 - INFO - [51200/569465]	Loss  : 0.5240
2024-05-29 21:04:13,926 - INFO - [102400/569465]	Loss  : 0.5233
2024-05-29 21:05:41,956 - INFO - [153600/569465]	Loss  : 0.5232
2024-05-29 21:07:09,926 - INFO - [204800/569465]	Loss  : 0.5239
2024-05-29 21:08:37,889 - INFO - [256000/569465]	Loss  : 0.5236
2024-05-29 21:08:57,573 - INFO - [268288/569465]	Loss  : 0.5237
2024-05-29 21:11:37,518 - INFO - Test loss   : 0.5630
2024-05-29 21:11:37,518 - INFO - 
Epoch	27
2024-05-29 21:13:07,506 - INFO - [51200/569465]	Loss  : 0.5196
2024-05-29 21:14:35,490 - INFO - [102400/569465]	Loss  : 0.5207
2024-05-29 21:16:03,646 - INFO - [153600/569465]	Loss  : 0.5198
2024-05-29 21:17:35,026 - INFO - [204800/569465]	Loss  : 0.5195
2024-05-29 21:19:02,954 - INFO - [256000/569465]	Loss  : 0.5190
2024-05-29 21:19:22,647 - INFO - [268288/569465]	Loss  : 0.5190
2024-05-29 21:22:02,804 - INFO - Test loss   : 0.5754
2024-05-29 21:22:02,804 - INFO - 
Epoch	28
2024-05-29 21:23:32,949 - INFO - [51200/569465]	Loss  : 0.5167
2024-05-29 21:25:00,978 - INFO - [102400/569465]	Loss  : 0.5166
2024-05-29 21:26:28,901 - INFO - [153600/569465]	Loss  : 0.5164
2024-05-29 21:27:56,816 - INFO - [204800/569465]	Loss  : 0.5155
2024-05-29 21:29:24,470 - INFO - [256000/569465]	Loss  : 0.5152
2024-05-29 21:29:44,199 - INFO - [268288/569465]	Loss  : 0.5150
2024-05-29 21:32:24,164 - INFO - Test loss   : 0.5856
2024-05-29 21:32:24,164 - INFO - 
Epoch	29
2024-05-29 21:33:54,315 - INFO - [51200/569465]	Loss  : 0.5110
2024-05-29 21:35:22,828 - INFO - [102400/569465]	Loss  : 0.5093
2024-05-29 21:36:54,178 - INFO - [153600/569465]	Loss  : 0.5097
2024-05-29 21:38:21,937 - INFO - [204800/569465]	Loss  : 0.5098
2024-05-29 21:39:49,567 - INFO - [256000/569465]	Loss  : 0.5094
2024-05-29 21:40:09,207 - INFO - [268288/569465]	Loss  : 0.5093
2024-05-29 21:42:48,927 - INFO - Test loss   : 0.6004
2024-05-29 21:42:48,927 - INFO - 
Epoch	30
2024-05-29 21:44:18,947 - INFO - [51200/569465]	Loss  : 0.5064
2024-05-29 21:45:47,081 - INFO - [102400/569465]	Loss  : 0.5071
2024-05-29 21:47:14,976 - INFO - [153600/569465]	Loss  : 0.5066
2024-05-29 21:48:42,591 - INFO - [204800/569465]	Loss  : 0.5062
2024-05-29 21:50:10,388 - INFO - [256000/569465]	Loss  : 0.5066
2024-05-29 21:50:30,168 - INFO - [268288/569465]	Loss  : 0.5067
2024-05-29 21:53:10,006 - INFO - Test loss   : 0.6067
2024-05-29 21:53:10,006 - INFO - 
Epoch	31
2024-05-29 21:54:42,174 - INFO - [51200/569465]	Loss  : 0.5021
2024-05-29 21:56:11,559 - INFO - [102400/569465]	Loss  : 0.5026
2024-05-29 21:57:38,434 - INFO - [153600/569465]	Loss  : 0.5023
2024-05-29 21:59:06,068 - INFO - [204800/569465]	Loss  : 0.5025
2024-05-29 22:00:34,133 - INFO - [256000/569465]	Loss  : 0.5022
2024-05-29 22:00:53,727 - INFO - [268288/569465]	Loss  : 0.5023
2024-05-29 22:03:33,875 - INFO - Test loss   : 0.6188
2024-05-29 22:03:33,875 - INFO - 
Epoch	32
2024-05-29 22:05:03,550 - INFO - [51200/569465]	Loss  : 0.4987
2024-05-29 22:06:31,629 - INFO - [102400/569465]	Loss  : 0.4987
2024-05-29 22:07:59,332 - INFO - [153600/569465]	Loss  : 0.4980
2024-05-29 22:09:26,843 - INFO - [204800/569465]	Loss  : 0.4982
2024-05-29 22:10:54,510 - INFO - [256000/569465]	Loss  : 0.4986
2024-05-29 22:11:14,242 - INFO - [268288/569465]	Loss  : 0.4985
2024-05-29 22:13:57,759 - INFO - Test loss   : 0.6290
2024-05-29 22:13:57,759 - INFO - 
Epoch	33
2024-05-29 22:15:27,560 - INFO - [51200/569465]	Loss  : 0.4953
2024-05-29 22:16:55,591 - INFO - [102400/569465]	Loss  : 0.4958
2024-05-29 22:18:23,479 - INFO - [153600/569465]	Loss  : 0.4955
2024-05-29 22:19:51,127 - INFO - [204800/569465]	Loss  : 0.4957
2024-05-29 22:21:18,878 - INFO - [256000/569465]	Loss  : 0.4959
2024-05-29 22:21:38,588 - INFO - [268288/569465]	Loss  : 0.4959
2024-05-29 22:24:18,232 - INFO - Test loss   : 0.6385
2024-05-29 22:24:18,232 - INFO - 
Epoch	34
2024-05-29 22:25:47,924 - INFO - [51200/569465]	Loss  : 0.4896
2024-05-29 22:27:16,053 - INFO - [102400/569465]	Loss  : 0.4916
2024-05-29 22:28:41,071 - INFO - [153600/569465]	Loss  : 0.4914
2024-05-29 22:30:08,714 - INFO - [204800/569465]	Loss  : 0.4908
2024-05-29 22:31:36,691 - INFO - [256000/569465]	Loss  : 0.4911
2024-05-29 22:31:55,747 - INFO - [268288/569465]	Loss  : 0.4912
2024-05-29 22:34:39,957 - INFO - Test loss   : 0.6498
2024-05-29 22:34:39,957 - INFO - 
Epoch	35
2024-05-29 22:36:09,180 - INFO - [51200/569465]	Loss  : 0.4898
2024-05-29 22:37:37,078 - INFO - [102400/569465]	Loss  : 0.4889
2024-05-29 22:39:04,681 - INFO - [153600/569465]	Loss  : 0.4878
2024-05-29 22:40:32,349 - INFO - [204800/569465]	Loss  : 0.4881
2024-05-29 22:42:00,206 - INFO - [256000/569465]	Loss  : 0.4882
2024-05-29 22:42:19,939 - INFO - [268288/569465]	Loss  : 0.4882
2024-05-29 22:44:59,761 - INFO - Test loss   : 0.6601
2024-05-29 22:44:59,761 - INFO - 
Epoch	36
2024-05-29 22:46:29,576 - INFO - [51200/569465]	Loss  : 0.4857
2024-05-29 22:47:57,405 - INFO - [102400/569465]	Loss  : 0.4869
2024-05-29 22:49:24,946 - INFO - [153600/569465]	Loss  : 0.4861
2024-05-29 22:50:52,062 - INFO - [204800/569465]	Loss  : 0.4858
2024-05-29 22:52:24,139 - INFO - [256000/569465]	Loss  : 0.4856
2024-05-29 22:52:43,901 - INFO - [268288/569465]	Loss  : 0.4857
2024-05-29 22:55:23,529 - INFO - Test loss   : 0.6721
2024-05-29 22:55:23,529 - INFO - 
Epoch	37
2024-05-29 22:56:52,157 - INFO - [51200/569465]	Loss  : 0.4823
2024-05-29 22:58:20,058 - INFO - [102400/569465]	Loss  : 0.4831
2024-05-29 22:59:47,647 - INFO - [153600/569465]	Loss  : 0.4824
2024-05-29 23:01:15,480 - INFO - [204800/569465]	Loss  : 0.4823
2024-05-29 23:02:43,407 - INFO - [256000/569465]	Loss  : 0.4822
2024-05-29 23:03:02,941 - INFO - [268288/569465]	Loss  : 0.4823
2024-05-29 23:05:43,000 - INFO - Test loss   : 0.6801
2024-05-29 23:05:43,000 - INFO - 
Epoch	38
2024-05-29 23:07:13,048 - INFO - [51200/569465]	Loss  : 0.4785
2024-05-29 23:08:40,163 - INFO - [102400/569465]	Loss  : 0.4789
2024-05-29 23:10:04,457 - INFO - [153600/569465]	Loss  : 0.4794
2024-05-29 23:11:35,656 - INFO - [204800/569465]	Loss  : 0.4786
2024-05-29 23:13:03,738 - INFO - [256000/569465]	Loss  : 0.4790
2024-05-29 23:13:23,482 - INFO - [268288/569465]	Loss  : 0.4791
2024-05-29 23:16:03,441 - INFO - Test loss   : 0.6926
2024-05-29 23:16:03,441 - INFO - 
Epoch	39
2024-05-29 23:17:33,088 - INFO - [51200/569465]	Loss  : 0.4742
2024-05-29 23:19:00,874 - INFO - [102400/569465]	Loss  : 0.4760
2024-05-29 23:20:28,385 - INFO - [153600/569465]	Loss  : 0.4770
2024-05-29 23:21:55,792 - INFO - [204800/569465]	Loss  : 0.4774
2024-05-29 23:23:23,864 - INFO - [256000/569465]	Loss  : 0.4774
2024-05-29 23:23:43,514 - INFO - [268288/569465]	Loss  : 0.4773
2024-05-29 23:26:23,481 - INFO - Test loss   : 0.7007
2024-05-29 23:26:23,481 - INFO - 
Epoch	40
2024-05-29 23:27:53,248 - INFO - [51200/569465]	Loss  : 0.4747
2024-05-29 23:29:21,871 - INFO - [102400/569465]	Loss  : 0.4745
2024-05-29 23:30:52,213 - INFO - [153600/569465]	Loss  : 0.4743
2024-05-29 23:32:19,688 - INFO - [204800/569465]	Loss  : 0.4741
2024-05-29 23:33:47,614 - INFO - [256000/569465]	Loss  : 0.4741
2024-05-29 23:34:07,453 - INFO - [268288/569465]	Loss  : 0.4742
2024-05-29 23:36:44,882 - INFO - Test loss   : 0.7123
2024-05-29 23:36:44,883 - INFO - 
Epoch	41
2024-05-29 23:38:14,382 - INFO - [51200/569465]	Loss  : 0.4724
2024-05-29 23:39:42,361 - INFO - [102400/569465]	Loss  : 0.4723
2024-05-29 23:41:09,863 - INFO - [153600/569465]	Loss  : 0.4724
2024-05-29 23:42:36,929 - INFO - [204800/569465]	Loss  : 0.4721
2024-05-29 23:44:00,920 - INFO - [256000/569465]	Loss  : 0.4723
2024-05-29 23:44:20,489 - INFO - [268288/569465]	Loss  : 0.4722
2024-05-29 23:46:59,458 - INFO - Test loss   : 0.7251
2024-05-29 23:46:59,458 - INFO - 
Epoch	42
2024-05-29 23:48:29,312 - INFO - [51200/569465]	Loss  : 0.4694
2024-05-29 23:50:01,073 - INFO - [102400/569465]	Loss  : 0.4695
2024-05-29 23:51:27,506 - INFO - [153600/569465]	Loss  : 0.4690
2024-05-29 23:52:49,604 - INFO - [204800/569465]	Loss  : 0.4694
2024-05-29 23:54:13,626 - INFO - [256000/569465]	Loss  : 0.4696
2024-05-29 23:54:32,729 - INFO - [268288/569465]	Loss  : 0.4696
2024-05-29 23:57:12,603 - INFO - Test loss   : 0.7356
2024-05-29 23:57:12,607 - INFO - 
Epoch	43
2024-05-29 23:58:42,583 - INFO - [51200/569465]	Loss  : 0.4673
2024-05-30 00:00:10,661 - INFO - [102400/569465]	Loss  : 0.4673
2024-05-30 00:01:38,177 - INFO - [153600/569465]	Loss  : 0.4678
2024-05-30 00:03:03,968 - INFO - [204800/569465]	Loss  : 0.4670
2024-05-30 00:04:30,817 - INFO - [256000/569465]	Loss  : 0.4669
2024-05-30 00:04:50,525 - INFO - [268288/569465]	Loss  : 0.4670
2024-05-30 00:07:29,989 - INFO - Test loss   : 0.7435
2024-05-30 00:07:29,990 - INFO - 
Epoch	44
2024-05-30 00:08:57,961 - INFO - [51200/569465]	Loss  : 0.4655
2024-05-30 00:10:28,423 - INFO - [102400/569465]	Loss  : 0.4657
2024-05-30 00:11:52,264 - INFO - [153600/569465]	Loss  : 0.4651
2024-05-30 00:13:18,137 - INFO - [204800/569465]	Loss  : 0.4653
2024-05-30 00:14:45,920 - INFO - [256000/569465]	Loss  : 0.4657
2024-05-30 00:15:05,455 - INFO - [268288/569465]	Loss  : 0.4657
2024-05-30 00:17:41,276 - INFO - Test loss   : 0.7517
2024-05-30 00:17:41,276 - INFO - 
Epoch	45
2024-05-30 00:19:10,000 - INFO - [51200/569465]	Loss  : 0.4631
2024-05-30 00:20:35,085 - INFO - [102400/569465]	Loss  : 0.4626
2024-05-30 00:22:02,418 - INFO - [153600/569465]	Loss  : 0.4625
2024-05-30 00:23:29,856 - INFO - [204800/569465]	Loss  : 0.4622
2024-05-30 00:24:57,565 - INFO - [256000/569465]	Loss  : 0.4623
2024-05-30 00:25:17,199 - INFO - [268288/569465]	Loss  : 0.4623
2024-05-30 00:27:58,324 - INFO - Test loss   : 0.7656
2024-05-30 00:27:58,324 - INFO - 
Epoch	46
2024-05-30 00:29:28,711 - INFO - [51200/569465]	Loss  : 0.4597
2024-05-30 00:30:56,799 - INFO - [102400/569465]	Loss  : 0.4620
2024-05-30 00:32:24,578 - INFO - [153600/569465]	Loss  : 0.4620
2024-05-30 00:33:52,532 - INFO - [204800/569465]	Loss  : 0.4612
2024-05-30 00:35:20,748 - INFO - [256000/569465]	Loss  : 0.4608
2024-05-30 00:35:40,533 - INFO - [268288/569465]	Loss  : 0.4607
2024-05-30 00:38:20,891 - INFO - Test loss   : 0.7755
2024-05-30 00:38:20,892 - INFO - 
Epoch	47
2024-05-30 00:39:51,017 - INFO - [51200/569465]	Loss  : 0.4612
2024-05-30 00:41:19,085 - INFO - [102400/569465]	Loss  : 0.4598
2024-05-30 00:42:46,784 - INFO - [153600/569465]	Loss  : 0.4591
2024-05-30 00:44:14,742 - INFO - [204800/569465]	Loss  : 0.4590
2024-05-30 00:45:43,029 - INFO - [256000/569465]	Loss  : 0.4587
2024-05-30 00:46:02,734 - INFO - [268288/569465]	Loss  : 0.4587
2024-05-30 00:48:44,070 - INFO - Test loss   : 0.7866
2024-05-30 00:48:44,070 - INFO - 
Epoch	48
2024-05-30 00:50:14,357 - INFO - [51200/569465]	Loss  : 0.4582
2024-05-30 00:51:42,306 - INFO - [102400/569465]	Loss  : 0.4577
2024-05-30 00:53:10,073 - INFO - [153600/569465]	Loss  : 0.4570
2024-05-30 00:54:38,078 - INFO - [204800/569465]	Loss  : 0.4573
2024-05-30 00:56:06,338 - INFO - [256000/569465]	Loss  : 0.4574
2024-05-30 00:56:26,123 - INFO - [268288/569465]	Loss  : 0.4575
2024-05-30 00:59:06,419 - INFO - Test loss   : 0.7910
2024-05-30 00:59:06,419 - INFO - 
Epoch	49
2024-05-30 01:00:36,517 - INFO - [51200/569465]	Loss  : 0.4547
2024-05-30 01:02:04,554 - INFO - [102400/569465]	Loss  : 0.4545
2024-05-30 01:03:32,366 - INFO - [153600/569465]	Loss  : 0.4553
2024-05-30 01:05:00,338 - INFO - [204800/569465]	Loss  : 0.4550
2024-05-30 01:06:28,951 - INFO - [256000/569465]	Loss  : 0.4554
2024-05-30 01:06:48,929 - INFO - [268288/569465]	Loss  : 0.4552
2024-05-30 01:09:29,796 - INFO - Test loss   : 0.8023
2024-05-30 01:09:29,816 - INFO - 
Epoch	50
2024-05-30 01:10:59,964 - INFO - [51200/569465]	Loss  : 0.4540
2024-05-30 01:12:27,975 - INFO - [102400/569465]	Loss  : 0.4531
2024-05-30 01:13:55,711 - INFO - [153600/569465]	Loss  : 0.4533
2024-05-30 01:15:23,725 - INFO - [204800/569465]	Loss  : 0.4534
2024-05-30 01:16:51,976 - INFO - [256000/569465]	Loss  : 0.4534
2024-05-30 01:17:11,711 - INFO - [268288/569465]	Loss  : 0.4534
2024-05-30 01:19:52,038 - INFO - Test loss   : 0.8114
2024-05-30 01:19:52,038 - INFO - 
Epoch	51
2024-05-30 01:21:22,173 - INFO - [51200/569465]	Loss  : 0.4521
2024-05-30 01:22:50,271 - INFO - [102400/569465]	Loss  : 0.4509
2024-05-30 01:24:17,961 - INFO - [153600/569465]	Loss  : 0.4515
2024-05-30 01:25:46,881 - INFO - [204800/569465]	Loss  : 0.4517
2024-05-30 01:27:15,266 - INFO - [256000/569465]	Loss  : 0.4517
2024-05-30 01:27:34,976 - INFO - [268288/569465]	Loss  : 0.4517
2024-05-30 01:30:15,313 - INFO - Test loss   : 0.8207
2024-05-30 01:30:15,313 - INFO - 
Epoch	52
2024-05-30 01:31:45,461 - INFO - [51200/569465]	Loss  : 0.4508
2024-05-30 01:33:13,476 - INFO - [102400/569465]	Loss  : 0.4509
2024-05-30 01:34:41,234 - INFO - [153600/569465]	Loss  : 0.4510
2024-05-30 01:36:09,353 - INFO - [204800/569465]	Loss  : 0.4505
2024-05-30 01:37:37,626 - INFO - [256000/569465]	Loss  : 0.4504
2024-05-30 01:37:57,323 - INFO - [268288/569465]	Loss  : 0.4504
2024-05-30 01:40:37,648 - INFO - Test loss   : 0.8318
2024-05-30 01:40:37,649 - INFO - 
Epoch	53
2024-05-30 01:42:07,698 - INFO - [51200/569465]	Loss  : 0.4495
2024-05-30 01:43:36,206 - INFO - [102400/569465]	Loss  : 0.4486
2024-05-30 01:45:04,706 - INFO - [153600/569465]	Loss  : 0.4487
2024-05-30 01:46:32,699 - INFO - [204800/569465]	Loss  : 0.4481
2024-05-30 01:48:00,969 - INFO - [256000/569465]	Loss  : 0.4482
2024-05-30 01:48:20,729 - INFO - [268288/569465]	Loss  : 0.4482
2024-05-30 01:51:00,992 - INFO - Test loss   : 0.8379
2024-05-30 01:51:00,992 - INFO - 
Epoch	54
2024-05-30 01:52:31,129 - INFO - [51200/569465]	Loss  : 0.4473
2024-05-30 01:53:59,153 - INFO - [102400/569465]	Loss  : 0.4468
2024-05-30 01:55:26,893 - INFO - [153600/569465]	Loss  : 0.4463
2024-05-30 01:56:54,936 - INFO - [204800/569465]	Loss  : 0.4466
2024-05-30 01:58:23,109 - INFO - [256000/569465]	Loss  : 0.4465
2024-05-30 01:58:42,884 - INFO - [268288/569465]	Loss  : 0.4467
2024-05-30 02:01:23,209 - INFO - Test loss   : 0.8454
2024-05-30 02:01:23,209 - INFO - 
Epoch	55
2024-05-30 02:02:54,362 - INFO - [51200/569465]	Loss  : 0.4447
2024-05-30 02:04:22,416 - INFO - [102400/569465]	Loss  : 0.4453
2024-05-30 02:05:50,192 - INFO - [153600/569465]	Loss  : 0.4459
2024-05-30 02:07:18,187 - INFO - [204800/569465]	Loss  : 0.4454
2024-05-30 02:08:46,419 - INFO - [256000/569465]	Loss  : 0.4449
2024-05-30 02:09:06,147 - INFO - [268288/569465]	Loss  : 0.4450
2024-05-30 02:11:46,508 - INFO - Test loss   : 0.8575
2024-05-30 02:11:46,508 - INFO - 
Epoch	56
2024-05-30 02:13:16,609 - INFO - [51200/569465]	Loss  : 0.4434
2024-05-30 02:14:44,572 - INFO - [102400/569465]	Loss  : 0.4447
2024-05-30 02:16:12,327 - INFO - [153600/569465]	Loss  : 0.4444
2024-05-30 02:17:40,325 - INFO - [204800/569465]	Loss  : 0.4442
2024-05-30 02:19:08,652 - INFO - [256000/569465]	Loss  : 0.4440
2024-05-30 02:19:28,437 - INFO - [268288/569465]	Loss  : 0.4439
2024-05-30 02:22:09,891 - INFO - Test loss   : 0.8642
2024-05-30 02:22:09,892 - INFO - 
Epoch	57
2024-05-30 02:23:39,952 - INFO - [51200/569465]	Loss  : 0.4417
2024-05-30 02:25:07,987 - INFO - [102400/569465]	Loss  : 0.4415
2024-05-30 02:26:35,826 - INFO - [153600/569465]	Loss  : 0.4426
2024-05-30 02:28:03,830 - INFO - [204800/569465]	Loss  : 0.4424
2024-05-30 02:29:32,042 - INFO - [256000/569465]	Loss  : 0.4423
2024-05-30 02:29:51,783 - INFO - [268288/569465]	Loss  : 0.4423
2024-05-30 02:32:32,083 - INFO - Test loss   : 0.8733
2024-05-30 02:32:32,083 - INFO - 
Epoch	58
2024-05-30 02:34:02,140 - INFO - [51200/569465]	Loss  : 0.4401
2024-05-30 02:35:30,144 - INFO - [102400/569465]	Loss  : 0.4399
2024-05-30 02:36:57,926 - INFO - [153600/569465]	Loss  : 0.4409
2024-05-30 02:38:25,881 - INFO - [204800/569465]	Loss  : 0.4406
2024-05-30 02:39:55,243 - INFO - [256000/569465]	Loss  : 0.4405
2024-05-30 02:40:15,005 - INFO - [268288/569465]	Loss  : 0.4406
2024-05-30 02:42:55,350 - INFO - Test loss   : 0.8805
2024-05-30 02:42:55,350 - INFO - 
Epoch	59
2024-05-30 02:44:25,447 - INFO - [51200/569465]	Loss  : 0.4402
2024-05-30 02:45:53,550 - INFO - [102400/569465]	Loss  : 0.4401
2024-05-30 02:47:21,266 - INFO - [153600/569465]	Loss  : 0.4395
2024-05-30 02:48:49,248 - INFO - [204800/569465]	Loss  : 0.4394
2024-05-30 02:50:17,501 - INFO - [256000/569465]	Loss  : 0.4395
2024-05-30 02:50:37,250 - INFO - [268288/569465]	Loss  : 0.4395
2024-05-30 02:53:17,570 - INFO - Test loss   : 0.8901
2024-05-30 02:53:17,570 - INFO - 
Epoch	60
2024-05-30 02:54:47,694 - INFO - [51200/569465]	Loss  : 0.4385
2024-05-30 02:56:15,674 - INFO - [102400/569465]	Loss  : 0.4386
2024-05-30 02:57:44,029 - INFO - [153600/569465]	Loss  : 0.4380
2024-05-30 02:59:12,638 - INFO - [204800/569465]	Loss  : 0.4382
2024-05-30 03:00:40,875 - INFO - [256000/569465]	Loss  : 0.4381
2024-05-30 03:01:00,623 - INFO - [268288/569465]	Loss  : 0.4383
2024-05-30 03:03:40,859 - INFO - Test loss   : 0.8951
2024-05-30 03:03:40,859 - INFO - 
Epoch	61
2024-05-30 03:05:10,877 - INFO - [51200/569465]	Loss  : 0.4361
2024-05-30 03:06:38,846 - INFO - [102400/569465]	Loss  : 0.4372
2024-05-30 03:08:06,678 - INFO - [153600/569465]	Loss  : 0.4377
2024-05-30 03:09:34,699 - INFO - [204800/569465]	Loss  : 0.4378
2024-05-30 03:11:02,968 - INFO - [256000/569465]	Loss  : 0.4377
2024-05-30 03:11:22,698 - INFO - [268288/569465]	Loss  : 0.4378
2024-05-30 03:14:02,829 - INFO - Test loss   : 0.9053
2024-05-30 03:14:02,829 - INFO - 
Epoch	62
2024-05-30 03:15:32,979 - INFO - [51200/569465]	Loss  : 0.4360
2024-05-30 03:17:02,044 - INFO - [102400/569465]	Loss  : 0.4350
2024-05-30 03:18:29,858 - INFO - [153600/569465]	Loss  : 0.4356
2024-05-30 03:19:57,864 - INFO - [204800/569465]	Loss  : 0.4358
2024-05-30 03:21:26,001 - INFO - [256000/569465]	Loss  : 0.4356
2024-05-30 03:21:45,777 - INFO - [268288/569465]	Loss  : 0.4354
2024-05-30 03:24:26,096 - INFO - Test loss   : 0.9142
2024-05-30 03:24:26,096 - INFO - 
Epoch	63
2024-05-30 03:25:56,189 - INFO - [51200/569465]	Loss  : 0.4363
2024-05-30 03:27:24,192 - INFO - [102400/569465]	Loss  : 0.4352
2024-05-30 03:28:52,061 - INFO - [153600/569465]	Loss  : 0.4354
2024-05-30 03:30:19,973 - INFO - [204800/569465]	Loss  : 0.4352
2024-05-30 03:31:48,193 - INFO - [256000/569465]	Loss  : 0.4353
2024-05-30 03:32:07,939 - INFO - [268288/569465]	Loss  : 0.4352
2024-05-30 03:34:49,023 - INFO - Test loss   : 0.9156
2024-05-30 03:34:49,024 - INFO - 
Epoch	64
2024-05-30 03:36:19,492 - INFO - [51200/569465]	Loss  : 0.4318
2024-05-30 03:37:47,378 - INFO - [102400/569465]	Loss  : 0.4324
2024-05-30 03:39:15,115 - INFO - [153600/569465]	Loss  : 0.4332
2024-05-30 03:40:43,161 - INFO - [204800/569465]	Loss  : 0.4334
2024-05-30 03:42:11,450 - INFO - [256000/569465]	Loss  : 0.4333
2024-05-30 03:42:31,270 - INFO - [268288/569465]	Loss  : 0.4332
2024-05-30 03:45:11,559 - INFO - Test loss   : 0.9269
2024-05-30 03:45:11,560 - INFO - 
Epoch	65
2024-05-30 03:46:41,518 - INFO - [51200/569465]	Loss  : 0.4334
2024-05-30 03:48:09,476 - INFO - [102400/569465]	Loss  : 0.4333
2024-05-30 03:49:37,329 - INFO - [153600/569465]	Loss  : 0.4329
2024-05-30 03:51:05,363 - INFO - [204800/569465]	Loss  : 0.4330
2024-05-30 03:52:33,706 - INFO - [256000/569465]	Loss  : 0.4332
2024-05-30 03:52:53,692 - INFO - [268288/569465]	Loss  : 0.4332
2024-05-30 03:55:34,748 - INFO - Test loss   : 0.9326
2024-05-30 03:55:34,748 - INFO - 
Epoch	66
2024-05-30 03:57:04,826 - INFO - [51200/569465]	Loss  : 0.4314
2024-05-30 03:58:32,812 - INFO - [102400/569465]	Loss  : 0.4309
2024-05-30 04:00:00,602 - INFO - [153600/569465]	Loss  : 0.4311
2024-05-30 04:01:28,648 - INFO - [204800/569465]	Loss  : 0.4315
2024-05-30 04:02:56,906 - INFO - [256000/569465]	Loss  : 0.4314
2024-05-30 04:03:16,650 - INFO - [268288/569465]	Loss  : 0.4312
2024-05-30 04:05:56,903 - INFO - Test loss   : 0.9431
2024-05-30 04:05:56,903 - INFO - 
Epoch	67
2024-05-30 04:07:26,950 - INFO - [51200/569465]	Loss  : 0.4299
2024-05-30 04:08:54,944 - INFO - [102400/569465]	Loss  : 0.4311
2024-05-30 04:10:23,649 - INFO - [153600/569465]	Loss  : 0.4306
2024-05-30 04:11:50,279 - INFO - [204800/569465]	Loss  : 0.4311
2024-05-30 04:13:18,482 - INFO - [256000/569465]	Loss  : 0.4308
2024-05-30 04:13:38,233 - INFO - [268288/569465]	Loss  : 0.4306
2024-05-30 04:16:18,438 - INFO - Test loss   : 0.9509
2024-05-30 04:16:18,438 - INFO - 
Epoch	68
2024-05-30 04:17:48,451 - INFO - [51200/569465]	Loss  : 0.4285
2024-05-30 04:19:16,296 - INFO - [102400/569465]	Loss  : 0.4279
2024-05-30 04:20:43,988 - INFO - [153600/569465]	Loss  : 0.4279
2024-05-30 04:22:12,040 - INFO - [204800/569465]	Loss  : 0.4279
2024-05-30 04:23:40,256 - INFO - [256000/569465]	Loss  : 0.4287
2024-05-30 04:23:59,964 - INFO - [268288/569465]	Loss  : 0.4287
2024-05-30 04:26:40,132 - INFO - Test loss   : 0.9572
2024-05-30 04:26:40,132 - INFO - 
Epoch	69
2024-05-30 04:28:10,041 - INFO - [51200/569465]	Loss  : 0.4278
2024-05-30 04:29:37,928 - INFO - [102400/569465]	Loss  : 0.4281
2024-05-30 04:31:07,329 - INFO - [153600/569465]	Loss  : 0.4289
2024-05-30 04:32:35,356 - INFO - [204800/569465]	Loss  : 0.4291
2024-05-30 04:34:03,586 - INFO - [256000/569465]	Loss  : 0.4286
2024-05-30 04:34:23,332 - INFO - [268288/569465]	Loss  : 0.4287
2024-05-30 04:37:03,401 - INFO - Test loss   : 0.9632
2024-05-30 04:37:03,401 - INFO - 
Epoch	70
2024-05-30 04:38:33,435 - INFO - [51200/569465]	Loss  : 0.4276
2024-05-30 04:40:01,299 - INFO - [102400/569465]	Loss  : 0.4279
2024-05-30 04:41:29,027 - INFO - [153600/569465]	Loss  : 0.4280
2024-05-30 04:42:57,059 - INFO - [204800/569465]	Loss  : 0.4276
2024-05-30 04:44:25,182 - INFO - [256000/569465]	Loss  : 0.4275
2024-05-30 04:44:44,950 - INFO - [268288/569465]	Loss  : 0.4276
2024-05-30 04:47:25,143 - INFO - Test loss   : 0.9704
2024-05-30 04:47:25,143 - INFO - 
Epoch	71
2024-05-30 04:48:55,935 - INFO - [51200/569465]	Loss  : 0.4268
2024-05-30 04:50:24,613 - INFO - [102400/569465]	Loss  : 0.4270
2024-05-30 04:51:52,426 - INFO - [153600/569465]	Loss  : 0.4270
2024-05-30 04:53:20,357 - INFO - [204800/569465]	Loss  : 0.4271
2024-05-30 04:54:48,540 - INFO - [256000/569465]	Loss  : 0.4265
2024-05-30 04:55:08,263 - INFO - [268288/569465]	Loss  : 0.4265
2024-05-30 04:57:48,562 - INFO - Test loss   : 0.9777
2024-05-30 04:57:48,562 - INFO - 
Epoch	72
2024-05-30 04:59:18,568 - INFO - [51200/569465]	Loss  : 0.4240
2024-05-30 05:00:46,391 - INFO - [102400/569465]	Loss  : 0.4246
2024-05-30 05:02:14,075 - INFO - [153600/569465]	Loss  : 0.4247
2024-05-30 05:03:42,084 - INFO - [204800/569465]	Loss  : 0.4251
2024-05-30 05:05:10,300 - INFO - [256000/569465]	Loss  : 0.4250
2024-05-30 05:05:30,088 - INFO - [268288/569465]	Loss  : 0.4250
2024-05-30 05:08:11,930 - INFO - Test loss   : 0.9833
2024-05-30 05:08:11,931 - INFO - 
Epoch	73
2024-05-30 05:09:41,803 - INFO - [51200/569465]	Loss  : 0.4239
2024-05-30 05:11:09,661 - INFO - [102400/569465]	Loss  : 0.4247
2024-05-30 05:12:37,455 - INFO - [153600/569465]	Loss  : 0.4252
2024-05-30 05:14:05,470 - INFO - [204800/569465]	Loss  : 0.4248
2024-05-30 05:15:33,654 - INFO - [256000/569465]	Loss  : 0.4250
2024-05-30 05:15:53,390 - INFO - [268288/569465]	Loss  : 0.4252
2024-05-30 05:18:33,540 - INFO - Test loss   : 0.9862
2024-05-30 05:18:33,540 - INFO - 
Epoch	74
2024-05-30 05:20:03,558 - INFO - [51200/569465]	Loss  : 0.4217
2024-05-30 05:21:31,473 - INFO - [102400/569465]	Loss  : 0.4225
2024-05-30 05:22:59,207 - INFO - [153600/569465]	Loss  : 0.4229
2024-05-30 05:24:27,226 - INFO - [204800/569465]	Loss  : 0.4237
2024-05-30 05:25:56,183 - INFO - [256000/569465]	Loss  : 0.4237
2024-05-30 05:26:16,256 - INFO - [268288/569465]	Loss  : 0.4236
2024-05-30 05:28:56,928 - INFO - Test loss   : 0.9953
2024-05-30 05:28:56,929 - INFO - 
Epoch	75
2024-05-30 05:30:26,911 - INFO - [51200/569465]	Loss  : 0.4235
2024-05-30 05:31:54,849 - INFO - [102400/569465]	Loss  : 0.4238
2024-05-30 05:33:22,622 - INFO - [153600/569465]	Loss  : 0.4230
2024-05-30 05:34:50,571 - INFO - [204800/569465]	Loss  : 0.4230
2024-05-30 05:36:18,751 - INFO - [256000/569465]	Loss  : 0.4234
2024-05-30 05:36:38,534 - INFO - [268288/569465]	Loss  : 0.4235
2024-05-30 05:39:18,744 - INFO - Test loss   : 0.9998
2024-05-30 05:39:18,745 - INFO - 
Epoch	76
2024-05-30 05:40:48,761 - INFO - [51200/569465]	Loss  : 0.4237
2024-05-30 05:42:16,619 - INFO - [102400/569465]	Loss  : 0.4231
2024-05-30 05:43:44,292 - INFO - [153600/569465]	Loss  : 0.4234
2024-05-30 05:45:14,021 - INFO - [204800/569465]	Loss  : 0.4231
2024-05-30 05:46:42,269 - INFO - [256000/569465]	Loss  : 0.4232
2024-05-30 05:47:02,007 - INFO - [268288/569465]	Loss  : 0.4232
2024-05-30 05:49:42,210 - INFO - Test loss   : 1.0020
2024-05-30 05:49:42,210 - INFO - 
Epoch	77
2024-05-30 05:51:12,114 - INFO - [51200/569465]	Loss  : 0.4219
2024-05-30 05:52:39,970 - INFO - [102400/569465]	Loss  : 0.4213
2024-05-30 05:54:07,837 - INFO - [153600/569465]	Loss  : 0.4211
2024-05-30 05:55:35,886 - INFO - [204800/569465]	Loss  : 0.4211
2024-05-30 05:57:04,063 - INFO - [256000/569465]	Loss  : 0.4215
2024-05-30 05:57:23,797 - INFO - [268288/569465]	Loss  : 0.4216
2024-05-30 06:00:03,939 - INFO - Test loss   : 1.0077
2024-05-30 06:00:03,939 - INFO - 
Epoch	78
2024-05-30 06:01:33,938 - INFO - [51200/569465]	Loss  : 0.4198
2024-05-30 06:03:02,533 - INFO - [102400/569465]	Loss  : 0.4215
2024-05-30 06:04:31,188 - INFO - [153600/569465]	Loss  : 0.4209
2024-05-30 06:05:59,238 - INFO - [204800/569465]	Loss  : 0.4213
2024-05-30 06:07:27,389 - INFO - [256000/569465]	Loss  : 0.4216
2024-05-30 06:07:47,209 - INFO - [268288/569465]	Loss  : 0.4215
2024-05-30 06:10:27,435 - INFO - Test loss   : 1.0130
2024-05-30 06:10:27,435 - INFO - 
Epoch	79
2024-05-30 06:11:57,388 - INFO - [51200/569465]	Loss  : 0.4209
2024-05-30 06:13:25,306 - INFO - [102400/569465]	Loss  : 0.4205
2024-05-30 06:14:53,134 - INFO - [153600/569465]	Loss  : 0.4205
2024-05-30 06:16:21,125 - INFO - [204800/569465]	Loss  : 0.4201
2024-05-30 06:17:49,286 - INFO - [256000/569465]	Loss  : 0.4204
2024-05-30 06:18:09,014 - INFO - [268288/569465]	Loss  : 0.4204
2024-05-30 06:20:49,280 - INFO - Test loss   : 1.0220
2024-05-30 06:20:49,280 - INFO - 
Epoch	80
2024-05-30 06:22:20,866 - INFO - [51200/569465]	Loss  : 0.4206
2024-05-30 06:23:48,718 - INFO - [102400/569465]	Loss  : 0.4192
2024-05-30 06:25:16,416 - INFO - [153600/569465]	Loss  : 0.4198
2024-05-30 06:26:44,441 - INFO - [204800/569465]	Loss  : 0.4197
2024-05-30 06:28:12,678 - INFO - [256000/569465]	Loss  : 0.4199
2024-05-30 06:28:32,548 - INFO - [268288/569465]	Loss  : 0.4200
2024-05-30 06:31:12,845 - INFO - Test loss   : 1.0241
2024-05-30 06:31:12,845 - INFO - 
Epoch	81
2024-05-30 06:32:42,752 - INFO - [51200/569465]	Loss  : 0.4199
2024-05-30 06:34:10,579 - INFO - [102400/569465]	Loss  : 0.4192
2024-05-30 06:35:38,453 - INFO - [153600/569465]	Loss  : 0.4193
2024-05-30 06:37:06,518 - INFO - [204800/569465]	Loss  : 0.4192
2024-05-30 06:38:34,742 - INFO - [256000/569465]	Loss  : 0.4192
2024-05-30 06:38:54,476 - INFO - [268288/569465]	Loss  : 0.4191
2024-05-30 06:41:36,342 - INFO - Test loss   : 1.0309
2024-05-30 06:41:36,342 - INFO - 
Epoch	82
2024-05-30 06:43:06,273 - INFO - [51200/569465]	Loss  : 0.4159
2024-05-30 06:44:34,088 - INFO - [102400/569465]	Loss  : 0.4169
2024-05-30 06:46:01,851 - INFO - [153600/569465]	Loss  : 0.4173
2024-05-30 06:47:29,955 - INFO - [204800/569465]	Loss  : 0.4177
2024-05-30 06:48:58,252 - INFO - [256000/569465]	Loss  : 0.4184
2024-05-30 06:49:17,972 - INFO - [268288/569465]	Loss  : 0.4185
2024-05-30 06:51:58,264 - INFO - Test loss   : 1.0332
2024-05-30 06:51:58,264 - INFO - 
Epoch	83
2024-05-30 06:53:28,241 - INFO - [51200/569465]	Loss  : 0.4183
2024-05-30 06:54:56,167 - INFO - [102400/569465]	Loss  : 0.4181
2024-05-30 06:56:23,973 - INFO - [153600/569465]	Loss  : 0.4179
2024-05-30 06:57:52,015 - INFO - [204800/569465]	Loss  : 0.4179
2024-05-30 06:59:21,727 - INFO - [256000/569465]	Loss  : 0.4180
2024-05-30 06:59:41,560 - INFO - [268288/569465]	Loss  : 0.4180
2024-05-30 07:02:21,764 - INFO - Test loss   : 1.0388
2024-05-30 07:02:21,765 - INFO - 
Epoch	84
2024-05-30 07:03:51,729 - INFO - [51200/569465]	Loss  : 0.4181
2024-05-30 07:05:19,531 - INFO - [102400/569465]	Loss  : 0.4176
2024-05-30 07:06:47,333 - INFO - [153600/569465]	Loss  : 0.4174
2024-05-30 07:08:15,484 - INFO - [204800/569465]	Loss  : 0.4172
2024-05-30 07:09:43,731 - INFO - [256000/569465]	Loss  : 0.4168
2024-05-30 07:10:03,478 - INFO - [268288/569465]	Loss  : 0.4169
2024-05-30 07:12:43,668 - INFO - Test loss   : 1.0504
2024-05-30 07:12:43,668 - INFO - 
Epoch	85
2024-05-30 07:14:13,615 - INFO - [51200/569465]	Loss  : 0.4145
2024-05-30 07:15:41,419 - INFO - [102400/569465]	Loss  : 0.4160
2024-05-30 07:17:10,079 - INFO - [153600/569465]	Loss  : 0.4162
2024-05-30 07:18:39,110 - INFO - [204800/569465]	Loss  : 0.4165
2024-05-30 07:20:07,312 - INFO - [256000/569465]	Loss  : 0.4170
2024-05-30 07:20:27,065 - INFO - [268288/569465]	Loss  : 0.4170
2024-05-30 07:23:07,278 - INFO - Test loss   : 1.0509
2024-05-30 07:23:07,278 - INFO - 
Epoch	86
2024-05-30 07:24:37,298 - INFO - [51200/569465]	Loss  : 0.4155
2024-05-30 07:26:05,124 - INFO - [102400/569465]	Loss  : 0.4158
2024-05-30 07:27:32,984 - INFO - [153600/569465]	Loss  : 0.4157
2024-05-30 07:29:01,027 - INFO - [204800/569465]	Loss  : 0.4156
2024-05-30 07:30:29,254 - INFO - [256000/569465]	Loss  : 0.4154
2024-05-30 07:30:49,080 - INFO - [268288/569465]	Loss  : 0.4156
2024-05-30 07:33:29,300 - INFO - Test loss   : 1.0553
2024-05-30 07:33:29,301 - INFO - 
Epoch	87
2024-05-30 07:34:59,216 - INFO - [51200/569465]	Loss  : 0.4136
2024-05-30 07:36:28,599 - INFO - [102400/569465]	Loss  : 0.4150
2024-05-30 07:37:56,613 - INFO - [153600/569465]	Loss  : 0.4157
2024-05-30 07:39:24,687 - INFO - [204800/569465]	Loss  : 0.4155
2024-05-30 07:40:52,887 - INFO - [256000/569465]	Loss  : 0.4156
2024-05-30 07:41:12,645 - INFO - [268288/569465]	Loss  : 0.4156
2024-05-30 07:43:53,046 - INFO - Test loss   : 1.0591
2024-05-30 07:43:53,047 - INFO - 
Epoch	88
2024-05-30 07:45:22,923 - INFO - [51200/569465]	Loss  : 0.4150
2024-05-30 07:46:50,767 - INFO - [102400/569465]	Loss  : 0.4151
2024-05-30 07:48:18,609 - INFO - [153600/569465]	Loss  : 0.4146
2024-05-30 07:49:46,659 - INFO - [204800/569465]	Loss  : 0.4149
2024-05-30 07:51:14,865 - INFO - [256000/569465]	Loss  : 0.4151
2024-05-30 07:51:34,670 - INFO - [268288/569465]	Loss  : 0.4151
2024-05-30 07:54:14,997 - INFO - Test loss   : 1.0665
2024-05-30 07:54:14,997 - INFO - 
Epoch	89
2024-05-30 07:55:44,743 - INFO - [51200/569465]	Loss  : 0.4127
2024-05-30 07:57:12,347 - INFO - [102400/569465]	Loss  : 0.4139
2024-05-30 07:58:40,225 - INFO - [153600/569465]	Loss  : 0.4138
2024-05-30 08:00:08,222 - INFO - [204800/569465]	Loss  : 0.4137
2024-05-30 08:01:36,351 - INFO - [256000/569465]	Loss  : 0.4141
2024-05-30 08:01:56,060 - INFO - [268288/569465]	Loss  : 0.4141
2024-05-30 08:04:36,188 - INFO - Test loss   : 1.0697
2024-05-30 08:04:36,188 - INFO - 
Epoch	90
2024-05-30 08:06:05,996 - INFO - [51200/569465]	Loss  : 0.4147
2024-05-30 08:07:33,723 - INFO - [102400/569465]	Loss  : 0.4137
2024-05-30 08:09:01,521 - INFO - [153600/569465]	Loss  : 0.4137
2024-05-30 08:10:29,497 - INFO - [204800/569465]	Loss  : 0.4140
2024-05-30 08:11:57,666 - INFO - [256000/569465]	Loss  : 0.4140
2024-05-30 08:12:17,418 - INFO - [268288/569465]	Loss  : 0.4140
2024-05-30 08:14:59,388 - INFO - Test loss   : 1.0745
2024-05-30 08:14:59,388 - INFO - 
Epoch	91
2024-05-30 08:16:29,168 - INFO - [51200/569465]	Loss  : 0.4130
2024-05-30 08:17:56,979 - INFO - [102400/569465]	Loss  : 0.4124
2024-05-30 08:19:24,787 - INFO - [153600/569465]	Loss  : 0.4132
2024-05-30 08:20:52,787 - INFO - [204800/569465]	Loss  : 0.4130
2024-05-30 08:22:20,831 - INFO - [256000/569465]	Loss  : 0.4130
2024-05-30 08:22:40,578 - INFO - [268288/569465]	Loss  : 0.4130
2024-05-30 08:25:20,690 - INFO - Test loss   : 1.0813
2024-05-30 08:25:20,691 - INFO - 
Epoch	92
2024-05-30 08:26:50,468 - INFO - [51200/569465]	Loss  : 0.4132
2024-05-30 08:28:18,198 - INFO - [102400/569465]	Loss  : 0.4134
2024-05-30 08:29:45,934 - INFO - [153600/569465]	Loss  : 0.4134
2024-05-30 08:31:13,885 - INFO - [204800/569465]	Loss  : 0.4133
2024-05-30 08:32:44,138 - INFO - [256000/569465]	Loss  : 0.4136
2024-05-30 08:33:03,859 - INFO - [268288/569465]	Loss  : 0.4135
2024-05-30 08:35:43,973 - INFO - Test loss   : 1.0826
2024-05-30 08:35:43,973 - INFO - 
Epoch	93
2024-05-30 08:37:13,766 - INFO - [51200/569465]	Loss  : 0.4137
2024-05-30 08:38:41,423 - INFO - [102400/569465]	Loss  : 0.4125
2024-05-30 08:40:06,699 - INFO - [153600/569465]	Loss  : 0.4125
2024-05-30 08:41:39,316 - INFO - [204800/569465]	Loss  : 0.4122
2024-05-30 08:42:56,884 - INFO - [256000/569465]	Loss  : 0.4123
2024-05-30 08:43:13,749 - INFO - [268288/569465]	Loss  : 0.4126
2024-05-30 08:45:30,534 - INFO - Test loss   : 1.0871
2024-05-30 08:45:30,534 - INFO - 
Epoch	94
2024-05-30 08:46:47,316 - INFO - [51200/569465]	Loss  : 0.4108
2024-05-30 08:48:02,490 - INFO - [102400/569465]	Loss  : 0.4119
2024-05-30 08:49:18,467 - INFO - [153600/569465]	Loss  : 0.4115
2024-05-30 08:50:34,935 - INFO - [204800/569465]	Loss  : 0.4118
2024-05-30 08:51:50,319 - INFO - [256000/569465]	Loss  : 0.4118
2024-05-30 08:52:07,218 - INFO - [268288/569465]	Loss  : 0.4118
2024-05-30 08:54:24,004 - INFO - Test loss   : 1.0920
2024-05-30 08:54:24,005 - INFO - 
Epoch	95
2024-05-30 08:55:40,726 - INFO - [51200/569465]	Loss  : 0.4102
2024-05-30 08:56:55,907 - INFO - [102400/569465]	Loss  : 0.4101
2024-05-30 08:58:11,198 - INFO - [153600/569465]	Loss  : 0.4102
2024-05-30 08:59:26,454 - INFO - [204800/569465]	Loss  : 0.4108
2024-05-30 09:00:39,411 - INFO - [256000/569465]	Loss  : 0.4111
2024-05-30 09:00:55,927 - INFO - [268288/569465]	Loss  : 0.4110
2024-05-30 09:02:51,445 - INFO - Test loss   : 1.0943
2024-05-30 09:02:51,446 - INFO - 
Epoch	96
2024-05-30 09:03:55,428 - INFO - [51200/569465]	Loss  : 0.4108
2024-05-30 09:04:59,346 - INFO - [102400/569465]	Loss  : 0.4113
2024-05-30 09:06:02,524 - INFO - [153600/569465]	Loss  : 0.4116
2024-05-30 09:07:05,250 - INFO - [204800/569465]	Loss  : 0.4109
2024-05-30 09:08:08,071 - INFO - [256000/569465]	Loss  : 0.4109
2024-05-30 09:08:22,215 - INFO - [268288/569465]	Loss  : 0.4111
2024-05-30 09:10:16,217 - INFO - Test loss   : 1.0996
2024-05-30 09:10:16,218 - INFO - 
Epoch	97
2024-05-30 09:11:20,182 - INFO - [51200/569465]	Loss  : 0.4098
2024-05-30 09:12:22,885 - INFO - [102400/569465]	Loss  : 0.4099
2024-05-30 09:13:25,617 - INFO - [153600/569465]	Loss  : 0.4102
2024-05-30 09:14:28,357 - INFO - [204800/569465]	Loss  : 0.4097
2024-05-30 09:15:31,210 - INFO - [256000/569465]	Loss  : 0.4097
2024-05-30 09:15:45,245 - INFO - [268288/569465]	Loss  : 0.4098
2024-05-30 09:17:39,170 - INFO - Test loss   : 1.1050
2024-05-30 09:17:39,170 - INFO - 
Epoch	98
2024-05-30 09:18:44,959 - INFO - [51200/569465]	Loss  : 0.4113
2024-05-30 09:19:44,331 - INFO - [102400/569465]	Loss  : 0.4120
2024-05-30 09:20:46,697 - INFO - [153600/569465]	Loss  : 0.4122
2024-05-30 09:21:50,755 - INFO - [204800/569465]	Loss  : 0.4115
2024-05-30 09:22:54,971 - INFO - [256000/569465]	Loss  : 0.4110
2024-05-30 09:23:09,341 - INFO - [268288/569465]	Loss  : 0.4108
2024-05-30 09:24:47,770 - INFO - Test loss   : 1.1059
2024-05-30 09:24:47,770 - INFO - 
Epoch	99
2024-05-30 09:25:38,842 - INFO - [51200/569465]	Loss  : 0.4071
2024-05-30 09:26:28,979 - INFO - [102400/569465]	Loss  : 0.4084
2024-05-30 09:27:18,936 - INFO - [153600/569465]	Loss  : 0.4085
2024-05-30 09:28:08,845 - INFO - [204800/569465]	Loss  : 0.4085
2024-05-30 09:28:58,844 - INFO - [256000/569465]	Loss  : 0.4090
2024-05-30 09:29:10,043 - INFO - [268288/569465]	Loss  : 0.4090
2024-05-30 09:30:42,284 - INFO - Test loss   : 1.1098
2024-05-30 09:30:42,284 - INFO - Saving output model to ../models/sphere2vec_sphereC/model_inat_2017_Sphere2Vec-sphereC_inception_v3_0.0001_32_0.0100000_1_1024.pth.tar
2024-05-30 09:30:42,359 - INFO - Saving output model to ../models/sphere2vec_sphereC/model_inat_2017_Sphere2Vec-sphereC_inception_v3_0.0001_32_0.0100000_1_1024.pth.tar
2024-05-30 09:30:42,552 - INFO - 
No prior
2024-05-30 09:30:43,144 - INFO - (95986,)
2024-05-30 09:31:01,541 - INFO -  Split ID: 0
2024-05-30 09:31:01,542 - INFO -  Top 1	acc (%):   63.27
2024-05-30 09:31:01,542 - INFO -  Top 3	acc (%):   79.82
2024-05-30 09:31:01,542 - INFO -  Top 5	acc (%):   84.51
2024-05-30 09:31:01,542 - INFO -  Top 10	acc (%):   88.99
2024-05-30 09:33:00,197 - INFO -  Split ID: 0
2024-05-30 09:33:00,197 - INFO -  Top 1	acc (%):   68.43
2024-05-30 09:33:00,197 - INFO -  Top 3	acc (%):   82.8
2024-05-30 09:33:00,198 - INFO -  Top 5	acc (%):   86.6
2024-05-30 09:33:00,198 - INFO -  Top 10	acc (%):   90.32
2024-05-30 09:33:00,250 - INFO - 
Only Sphere2Vec-sphereC
2024-05-30 09:33:00,250 - INFO -  Model :	model_inat_2017_Sphere2Vec-sphereC_inception_v3_0.0001_32_0.0100000_1_1024.pth.tar
2024-05-30 09:33:01,864 - INFO - (93622,)
2024-05-30 09:33:47,701 - INFO -  Split ID: 0
2024-05-30 09:33:47,740 - INFO -  Top 1	LocEnc acc (%):   1.25
2024-05-30 09:33:47,744 - INFO -  Top 3	LocEnc acc (%):   3.12
2024-05-30 09:33:47,747 - INFO -  Top 5	LocEnc acc (%):   4.7
2024-05-30 09:33:47,750 - INFO -  Top 10	LocEnc acc (%):   8.04
