2024-05-23 15:57:18,892 - INFO - 
num_classes	100
2024-05-23 15:57:18,892 - INFO - num train    	66739
2024-05-23 15:57:18,892 - INFO - num val      	4449
2024-05-23 15:57:18,892 - INFO - train loss   	full_loss
2024-05-23 15:57:18,892 - INFO - model name   	../models/sphere2vec_sphereC/model_yfcc_Sphere2Vec-sphereC_inception_v3_0.0005_64_0.0001000_1_512.pth.tar
2024-05-23 15:57:18,892 - INFO - num users    	1
2024-05-23 15:57:19,101 - INFO - 
Epoch	0
2024-05-23 15:58:10,553 - INFO - [51200/66739]	Loss  : 1.7870
2024-05-23 15:58:24,808 - INFO - [66560/66739]	Loss  : 1.7139
2024-05-23 15:58:29,091 - INFO - Test loss   : 0.6387
2024-05-23 15:58:29,091 - INFO - 
Epoch	1
2024-05-23 15:59:21,490 - INFO - [51200/66739]	Loss  : 1.3051
2024-05-23 15:59:36,460 - INFO - [66560/66739]	Loss  : 1.2919
2024-05-23 15:59:40,958 - INFO - Test loss   : 0.5075
2024-05-23 15:59:40,958 - INFO - 
Epoch	2
2024-05-23 16:00:32,270 - INFO - [51200/66739]	Loss  : 1.2093
2024-05-23 16:00:46,480 - INFO - [66560/66739]	Loss  : 1.2037
2024-05-23 16:00:50,815 - INFO - Test loss   : 0.4825
2024-05-23 16:00:50,815 - INFO - 
Epoch	3
2024-05-23 16:01:42,069 - INFO - [51200/66739]	Loss  : 1.1640
2024-05-23 16:01:56,282 - INFO - [66560/66739]	Loss  : 1.1612
2024-05-23 16:02:00,606 - INFO - Test loss   : 0.4698
2024-05-23 16:02:00,606 - INFO - 
Epoch	4
2024-05-23 16:02:51,880 - INFO - [51200/66739]	Loss  : 1.1336
2024-05-23 16:03:06,110 - INFO - [66560/66739]	Loss  : 1.1304
2024-05-23 16:03:10,458 - INFO - Test loss   : 0.4654
2024-05-23 16:03:10,458 - INFO - 
Epoch	5
2024-05-23 16:04:01,694 - INFO - [51200/66739]	Loss  : 1.1090
2024-05-23 16:04:15,970 - INFO - [66560/66739]	Loss  : 1.1076
2024-05-23 16:04:20,247 - INFO - Test loss   : 0.4590
2024-05-23 16:04:20,247 - INFO - 
Epoch	6
2024-05-23 16:05:11,534 - INFO - [51200/66739]	Loss  : 1.0913
2024-05-23 16:05:25,774 - INFO - [66560/66739]	Loss  : 1.0895
2024-05-23 16:05:30,123 - INFO - Test loss   : 0.4612
2024-05-23 16:05:30,123 - INFO - 
Epoch	7
2024-05-23 16:06:20,893 - INFO - [51200/66739]	Loss  : 1.0763
2024-05-23 16:06:35,082 - INFO - [66560/66739]	Loss  : 1.0742
2024-05-23 16:06:39,415 - INFO - Test loss   : 0.4567
2024-05-23 16:06:39,415 - INFO - 
Epoch	8
2024-05-23 16:07:30,719 - INFO - [51200/66739]	Loss  : 1.0638
2024-05-23 16:07:44,959 - INFO - [66560/66739]	Loss  : 1.0632
2024-05-23 16:07:49,291 - INFO - Test loss   : 0.4570
2024-05-23 16:07:49,291 - INFO - 
Epoch	9
2024-05-23 16:08:40,555 - INFO - [51200/66739]	Loss  : 1.0530
2024-05-23 16:08:54,834 - INFO - [66560/66739]	Loss  : 1.0531
2024-05-23 16:08:59,185 - INFO - Test loss   : 0.4512
2024-05-23 16:08:59,185 - INFO - 
Epoch	10
2024-05-23 16:09:50,713 - INFO - [51200/66739]	Loss  : 1.0431
2024-05-23 16:10:05,584 - INFO - [66560/66739]	Loss  : 1.0431
2024-05-23 16:10:10,072 - INFO - Test loss   : 0.4513
2024-05-23 16:10:10,110 - INFO - (4449,)
2024-05-23 16:10:10,136 - INFO -  Split ID: 0
2024-05-23 16:10:10,137 - INFO -  Top 1	LocEnc (Epoch 10)acc (%):   12.45
2024-05-23 16:10:10,137 - INFO -  Top 3	LocEnc (Epoch 10)acc (%):   25.22
2024-05-23 16:10:10,138 - INFO -  Top 5	LocEnc (Epoch 10)acc (%):   32.46
2024-05-23 16:10:10,138 - INFO -  Top 10	LocEnc (Epoch 10)acc (%):   47.07
2024-05-23 16:10:10,138 - INFO - 
No prior
2024-05-23 16:10:10,140 - INFO - (17798,)
2024-05-23 16:10:10,236 - INFO -  Split ID: 0
2024-05-23 16:10:10,237 - INFO -  Top 1	(Epoch 10)acc (%):   50.15
2024-05-23 16:10:10,237 - INFO -  Top 3	(Epoch 10)acc (%):   73.9
2024-05-23 16:10:10,237 - INFO -  Top 5	(Epoch 10)acc (%):   82.45
2024-05-23 16:10:10,237 - INFO -  Top 10	(Epoch 10)acc (%):   91.06
2024-05-23 16:10:33,654 - INFO -  Split ID: 0
2024-05-23 16:10:33,655 - INFO -  Top 1	(Epoch 10)acc (%):   51.01
2024-05-23 16:10:33,655 - INFO -  Top 3	(Epoch 10)acc (%):   75.33
2024-05-23 16:10:33,655 - INFO -  Top 5	(Epoch 10)acc (%):   83.73
2024-05-23 16:10:33,655 - INFO -  Top 10	(Epoch 10)acc (%):   92.02
2024-05-23 16:10:33,655 - INFO - 
Epoch	11
2024-05-23 16:11:24,952 - INFO - [51200/66739]	Loss  : 1.0334
2024-05-23 16:11:39,222 - INFO - [66560/66739]	Loss  : 1.0331
2024-05-23 16:11:43,513 - INFO - Test loss   : 0.4523
2024-05-23 16:11:43,513 - INFO - 
Epoch	12
2024-05-23 16:12:33,219 - INFO - [51200/66739]	Loss  : 1.0267
2024-05-23 16:12:47,405 - INFO - [66560/66739]	Loss  : 1.0268
2024-05-23 16:12:51,762 - INFO - Test loss   : 0.4526
2024-05-23 16:12:51,762 - INFO - 
Epoch	13
2024-05-23 16:13:43,168 - INFO - [51200/66739]	Loss  : 1.0199
2024-05-23 16:13:57,417 - INFO - [66560/66739]	Loss  : 1.0199
2024-05-23 16:14:01,770 - INFO - Test loss   : 0.4523
2024-05-23 16:14:01,770 - INFO - 
Epoch	14
2024-05-23 16:14:53,281 - INFO - [51200/66739]	Loss  : 1.0105
2024-05-23 16:15:07,592 - INFO - [66560/66739]	Loss  : 1.0124
2024-05-23 16:15:11,907 - INFO - Test loss   : 0.4547
2024-05-23 16:15:11,907 - INFO - 
Epoch	15
2024-05-23 16:16:03,354 - INFO - [51200/66739]	Loss  : 1.0057
2024-05-23 16:16:17,692 - INFO - [66560/66739]	Loss  : 1.0049
2024-05-23 16:16:22,062 - INFO - Test loss   : 0.4575
2024-05-23 16:16:22,062 - INFO - 
Epoch	16
2024-05-23 16:17:13,425 - INFO - [51200/66739]	Loss  : 1.0009
2024-05-23 16:17:27,720 - INFO - [66560/66739]	Loss  : 1.0008
2024-05-23 16:17:32,062 - INFO - Test loss   : 0.4542
2024-05-23 16:17:32,062 - INFO - 
Epoch	17
2024-05-23 16:18:23,657 - INFO - [51200/66739]	Loss  : 0.9978
2024-05-23 16:18:37,903 - INFO - [66560/66739]	Loss  : 0.9964
2024-05-23 16:18:42,267 - INFO - Test loss   : 0.4531
2024-05-23 16:18:42,267 - INFO - 
Epoch	18
2024-05-23 16:19:33,634 - INFO - [51200/66739]	Loss  : 0.9892
2024-05-23 16:19:47,976 - INFO - [66560/66739]	Loss  : 0.9895
2024-05-23 16:19:52,291 - INFO - Test loss   : 0.4530
2024-05-23 16:19:52,292 - INFO - 
Epoch	19
2024-05-23 16:20:45,833 - INFO - [51200/66739]	Loss  : 0.9864
2024-05-23 16:21:00,193 - INFO - [66560/66739]	Loss  : 0.9867
2024-05-23 16:21:04,485 - INFO - Test loss   : 0.4550
2024-05-23 16:21:04,485 - INFO - 
Epoch	20
2024-05-23 16:21:55,997 - INFO - [51200/66739]	Loss  : 0.9813
2024-05-23 16:22:10,330 - INFO - [66560/66739]	Loss  : 0.9811
2024-05-23 16:22:14,673 - INFO - Test loss   : 0.4541
2024-05-23 16:22:14,708 - INFO - (4449,)
2024-05-23 16:22:14,731 - INFO -  Split ID: 0
2024-05-23 16:22:14,732 - INFO -  Top 1	LocEnc (Epoch 20)acc (%):   13.78
2024-05-23 16:22:14,733 - INFO -  Top 3	LocEnc (Epoch 20)acc (%):   27.04
2024-05-23 16:22:14,733 - INFO -  Top 5	LocEnc (Epoch 20)acc (%):   35.9
2024-05-23 16:22:14,733 - INFO -  Top 10	LocEnc (Epoch 20)acc (%):   50.08
2024-05-23 16:22:14,734 - INFO - 
No prior
2024-05-23 16:22:14,736 - INFO - (17798,)
2024-05-23 16:22:14,829 - INFO -  Split ID: 0
2024-05-23 16:22:14,829 - INFO -  Top 1	(Epoch 20)acc (%):   50.15
2024-05-23 16:22:14,829 - INFO -  Top 3	(Epoch 20)acc (%):   73.9
2024-05-23 16:22:14,829 - INFO -  Top 5	(Epoch 20)acc (%):   82.45
2024-05-23 16:22:14,829 - INFO -  Top 10	(Epoch 20)acc (%):   91.06
2024-05-23 16:22:38,133 - INFO -  Split ID: 0
2024-05-23 16:22:38,134 - INFO -  Top 1	(Epoch 20)acc (%):   51.2
2024-05-23 16:22:38,134 - INFO -  Top 3	(Epoch 20)acc (%):   75.59
2024-05-23 16:22:38,134 - INFO -  Top 5	(Epoch 20)acc (%):   83.98
2024-05-23 16:22:38,134 - INFO -  Top 10	(Epoch 20)acc (%):   92.27
2024-05-23 16:22:38,134 - INFO - 
Epoch	21
2024-05-23 16:23:29,552 - INFO - [51200/66739]	Loss  : 0.9760
2024-05-23 16:23:43,876 - INFO - [66560/66739]	Loss  : 0.9764
2024-05-23 16:23:48,196 - INFO - Test loss   : 0.4575
2024-05-23 16:23:48,196 - INFO - 
Epoch	22
2024-05-23 16:24:39,655 - INFO - [51200/66739]	Loss  : 0.9713
2024-05-23 16:24:53,960 - INFO - [66560/66739]	Loss  : 0.9726
2024-05-23 16:24:58,323 - INFO - Test loss   : 0.4557
2024-05-23 16:24:58,323 - INFO - 
Epoch	23
2024-05-23 16:25:49,720 - INFO - [51200/66739]	Loss  : 0.9700
2024-05-23 16:26:04,037 - INFO - [66560/66739]	Loss  : 0.9707
2024-05-23 16:26:08,390 - INFO - Test loss   : 0.4577
2024-05-23 16:26:08,390 - INFO - 
Epoch	24
2024-05-23 16:26:59,834 - INFO - [51200/66739]	Loss  : 0.9689
2024-05-23 16:27:14,165 - INFO - [66560/66739]	Loss  : 0.9678
2024-05-23 16:27:18,531 - INFO - Test loss   : 0.4624
2024-05-23 16:27:18,531 - INFO - 
Epoch	25
2024-05-23 16:28:09,980 - INFO - [51200/66739]	Loss  : 0.9615
2024-05-23 16:28:24,246 - INFO - [66560/66739]	Loss  : 0.9620
2024-05-23 16:28:28,588 - INFO - Test loss   : 0.4620
2024-05-23 16:28:28,589 - INFO - 
Epoch	26
2024-05-23 16:29:20,065 - INFO - [51200/66739]	Loss  : 0.9609
2024-05-23 16:29:34,354 - INFO - [66560/66739]	Loss  : 0.9597
2024-05-23 16:29:38,649 - INFO - Test loss   : 0.4640
2024-05-23 16:29:38,649 - INFO - 
Epoch	27
2024-05-23 16:30:30,041 - INFO - [51200/66739]	Loss  : 0.9584
2024-05-23 16:30:45,018 - INFO - [66560/66739]	Loss  : 0.9582
2024-05-23 16:30:49,518 - INFO - Test loss   : 0.4659
2024-05-23 16:30:49,518 - INFO - 
Epoch	28
2024-05-23 16:31:42,346 - INFO - [51200/66739]	Loss  : 0.9535
2024-05-23 16:31:56,583 - INFO - [66560/66739]	Loss  : 0.9555
2024-05-23 16:32:00,935 - INFO - Test loss   : 0.4633
2024-05-23 16:32:00,935 - INFO - 
Epoch	29
2024-05-23 16:32:52,438 - INFO - [51200/66739]	Loss  : 0.9497
2024-05-23 16:33:06,703 - INFO - [66560/66739]	Loss  : 0.9504
2024-05-23 16:33:11,064 - INFO - Test loss   : 0.4681
2024-05-23 16:33:11,064 - INFO - 
Epoch	30
2024-05-23 16:34:02,458 - INFO - [51200/66739]	Loss  : 0.9456
2024-05-23 16:34:14,981 - INFO - [66560/66739]	Loss  : 0.9475
2024-05-23 16:34:19,339 - INFO - Test loss   : 0.4651
2024-05-23 16:34:19,373 - INFO - (4449,)
2024-05-23 16:34:19,396 - INFO -  Split ID: 0
2024-05-23 16:34:19,398 - INFO -  Top 1	LocEnc (Epoch 30)acc (%):   14.18
2024-05-23 16:34:19,398 - INFO -  Top 3	LocEnc (Epoch 30)acc (%):   27.89
2024-05-23 16:34:19,398 - INFO -  Top 5	LocEnc (Epoch 30)acc (%):   36.84
2024-05-23 16:34:19,399 - INFO -  Top 10	LocEnc (Epoch 30)acc (%):   51.09
2024-05-23 16:34:19,399 - INFO - 
No prior
2024-05-23 16:34:19,401 - INFO - (17798,)
2024-05-23 16:34:19,498 - INFO -  Split ID: 0
2024-05-23 16:34:19,498 - INFO -  Top 1	(Epoch 30)acc (%):   50.15
2024-05-23 16:34:19,498 - INFO -  Top 3	(Epoch 30)acc (%):   73.9
2024-05-23 16:34:19,498 - INFO -  Top 5	(Epoch 30)acc (%):   82.45
2024-05-23 16:34:19,498 - INFO -  Top 10	(Epoch 30)acc (%):   91.06
2024-05-23 16:34:42,795 - INFO -  Split ID: 0
2024-05-23 16:34:42,795 - INFO -  Top 1	(Epoch 30)acc (%):   51.24
2024-05-23 16:34:42,796 - INFO -  Top 3	(Epoch 30)acc (%):   75.67
2024-05-23 16:34:42,796 - INFO -  Top 5	(Epoch 30)acc (%):   84.08
2024-05-23 16:34:42,796 - INFO -  Top 10	(Epoch 30)acc (%):   92.39
2024-05-23 16:34:42,796 - INFO - 
Epoch	31
2024-05-23 16:35:34,127 - INFO - [51200/66739]	Loss  : 0.9481
2024-05-23 16:35:48,440 - INFO - [66560/66739]	Loss  : 0.9472
2024-05-23 16:35:52,708 - INFO - Test loss   : 0.4719
2024-05-23 16:35:52,708 - INFO - 
Epoch	32
2024-05-23 16:36:44,153 - INFO - [51200/66739]	Loss  : 0.9433
2024-05-23 16:36:58,441 - INFO - [66560/66739]	Loss  : 0.9423
2024-05-23 16:37:02,767 - INFO - Test loss   : 0.4713
2024-05-23 16:37:02,767 - INFO - 
Epoch	33
2024-05-23 16:37:54,130 - INFO - [51200/66739]	Loss  : 0.9419
2024-05-23 16:38:08,446 - INFO - [66560/66739]	Loss  : 0.9409
2024-05-23 16:38:12,757 - INFO - Test loss   : 0.4690
2024-05-23 16:38:12,757 - INFO - 
Epoch	34
2024-05-23 16:39:04,148 - INFO - [51200/66739]	Loss  : 0.9397
2024-05-23 16:39:18,418 - INFO - [66560/66739]	Loss  : 0.9401
2024-05-23 16:39:22,697 - INFO - Test loss   : 0.4696
2024-05-23 16:39:22,697 - INFO - 
Epoch	35
2024-05-23 16:40:14,075 - INFO - [51200/66739]	Loss  : 0.9374
2024-05-23 16:40:28,381 - INFO - [66560/66739]	Loss  : 0.9368
2024-05-23 16:40:32,673 - INFO - Test loss   : 0.4712
2024-05-23 16:40:32,673 - INFO - 
Epoch	36
2024-05-23 16:41:24,950 - INFO - [51200/66739]	Loss  : 0.9330
2024-05-23 16:41:39,909 - INFO - [66560/66739]	Loss  : 0.9342
2024-05-23 16:41:44,439 - INFO - Test loss   : 0.4679
2024-05-23 16:41:44,439 - INFO - 
Epoch	37
2024-05-23 16:42:36,344 - INFO - [51200/66739]	Loss  : 0.9298
2024-05-23 16:42:50,592 - INFO - [66560/66739]	Loss  : 0.9303
2024-05-23 16:42:54,931 - INFO - Test loss   : 0.4726
2024-05-23 16:42:54,931 - INFO - 
Epoch	38
2024-05-23 16:43:46,386 - INFO - [51200/66739]	Loss  : 0.9297
2024-05-23 16:44:00,630 - INFO - [66560/66739]	Loss  : 0.9295
2024-05-23 16:44:04,975 - INFO - Test loss   : 0.4745
2024-05-23 16:44:04,975 - INFO - 
Epoch	39
2024-05-23 16:44:56,317 - INFO - [51200/66739]	Loss  : 0.9284
2024-05-23 16:45:10,648 - INFO - [66560/66739]	Loss  : 0.9285
2024-05-23 16:45:14,948 - INFO - Test loss   : 0.4763
2024-05-23 16:45:14,948 - INFO - 
Epoch	40
2024-05-23 16:46:06,274 - INFO - [51200/66739]	Loss  : 0.9264
2024-05-23 16:46:20,563 - INFO - [66560/66739]	Loss  : 0.9272
2024-05-23 16:46:24,887 - INFO - Test loss   : 0.4733
2024-05-23 16:46:24,921 - INFO - (4449,)
2024-05-23 16:46:24,945 - INFO -  Split ID: 0
2024-05-23 16:46:24,946 - INFO -  Top 1	LocEnc (Epoch 40)acc (%):   14.5
2024-05-23 16:46:24,947 - INFO -  Top 3	LocEnc (Epoch 40)acc (%):   28.77
2024-05-23 16:46:24,947 - INFO -  Top 5	LocEnc (Epoch 40)acc (%):   37.38
2024-05-23 16:46:24,947 - INFO -  Top 10	LocEnc (Epoch 40)acc (%):   51.81
2024-05-23 16:46:24,948 - INFO - 
No prior
2024-05-23 16:46:24,950 - INFO - (17798,)
2024-05-23 16:46:25,046 - INFO -  Split ID: 0
2024-05-23 16:46:25,047 - INFO -  Top 1	(Epoch 40)acc (%):   50.15
2024-05-23 16:46:25,047 - INFO -  Top 3	(Epoch 40)acc (%):   73.9
2024-05-23 16:46:25,047 - INFO -  Top 5	(Epoch 40)acc (%):   82.45
2024-05-23 16:46:25,047 - INFO -  Top 10	(Epoch 40)acc (%):   91.06
2024-05-23 16:46:48,326 - INFO -  Split ID: 0
2024-05-23 16:46:48,326 - INFO -  Top 1	(Epoch 40)acc (%):   51.29
2024-05-23 16:46:48,326 - INFO -  Top 3	(Epoch 40)acc (%):   75.64
2024-05-23 16:46:48,326 - INFO -  Top 5	(Epoch 40)acc (%):   84.17
2024-05-23 16:46:48,326 - INFO -  Top 10	(Epoch 40)acc (%):   92.47
2024-05-23 16:46:48,326 - INFO - 
Epoch	41
2024-05-23 16:47:39,728 - INFO - [51200/66739]	Loss  : 0.9210
2024-05-23 16:47:53,983 - INFO - [66560/66739]	Loss  : 0.9233
2024-05-23 16:47:58,331 - INFO - Test loss   : 0.4763
2024-05-23 16:47:58,331 - INFO - 
Epoch	42
2024-05-23 16:48:49,662 - INFO - [51200/66739]	Loss  : 0.9224
2024-05-23 16:49:04,039 - INFO - [66560/66739]	Loss  : 0.9230
2024-05-23 16:49:08,371 - INFO - Test loss   : 0.4766
2024-05-23 16:49:08,371 - INFO - 
Epoch	43
2024-05-23 16:50:00,641 - INFO - [51200/66739]	Loss  : 0.9171
2024-05-23 16:50:18,483 - INFO - [66560/66739]	Loss  : 0.9192
2024-05-23 16:50:23,859 - INFO - Test loss   : 0.4812
2024-05-23 16:50:23,859 - INFO - 
Epoch	44
2024-05-23 16:51:28,181 - INFO - [51200/66739]	Loss  : 0.9201
2024-05-23 16:51:46,013 - INFO - [66560/66739]	Loss  : 0.9200
2024-05-23 16:51:51,463 - INFO - Test loss   : 0.4789
2024-05-23 16:51:51,463 - INFO - 
Epoch	45
2024-05-23 16:52:57,536 - INFO - [51200/66739]	Loss  : 0.9156
2024-05-23 16:53:15,725 - INFO - [66560/66739]	Loss  : 0.9175
2024-05-23 16:53:21,179 - INFO - Test loss   : 0.4816
2024-05-23 16:53:21,179 - INFO - 
Epoch	46
2024-05-23 16:54:27,061 - INFO - [51200/66739]	Loss  : 0.9162
2024-05-23 16:54:48,491 - INFO - [66560/66739]	Loss  : 0.9164
2024-05-23 16:54:55,014 - INFO - Test loss   : 0.4839
2024-05-23 16:54:55,014 - INFO - 
Epoch	47
2024-05-23 16:56:12,119 - INFO - [51200/66739]	Loss  : 0.9147
2024-05-23 16:56:33,547 - INFO - [66560/66739]	Loss  : 0.9163
2024-05-23 16:56:40,073 - INFO - Test loss   : 0.4813
2024-05-23 16:56:40,073 - INFO - 
Epoch	48
2024-05-23 16:57:48,009 - INFO - [51200/66739]	Loss  : 0.9141
2024-05-23 16:58:05,195 - INFO - [66560/66739]	Loss  : 0.9142
2024-05-23 16:58:10,548 - INFO - Test loss   : 0.4879
2024-05-23 16:58:10,548 - INFO - 
Epoch	49
2024-05-23 16:59:22,228 - INFO - [51200/66739]	Loss  : 0.9106
2024-05-23 16:59:44,112 - INFO - [66560/66739]	Loss  : 0.9115
2024-05-23 16:59:50,767 - INFO - Test loss   : 0.4838
2024-05-23 16:59:50,768 - INFO - 
Epoch	50
2024-05-23 17:01:09,430 - INFO - [51200/66739]	Loss  : 0.9102
2024-05-23 17:01:30,818 - INFO - [66560/66739]	Loss  : 0.9098
2024-05-23 17:01:37,355 - INFO - Test loss   : 0.4871
2024-05-23 17:01:37,404 - INFO - (4449,)
2024-05-23 17:01:37,427 - INFO -  Split ID: 0
2024-05-23 17:01:37,429 - INFO -  Top 1	LocEnc (Epoch 50)acc (%):   14.39
2024-05-23 17:01:37,429 - INFO -  Top 3	LocEnc (Epoch 50)acc (%):   29.24
2024-05-23 17:01:37,429 - INFO -  Top 5	LocEnc (Epoch 50)acc (%):   38.26
2024-05-23 17:01:37,429 - INFO -  Top 10	LocEnc (Epoch 50)acc (%):   52.69
2024-05-23 17:01:37,430 - INFO - 
No prior
2024-05-23 17:01:37,432 - INFO - (17798,)
2024-05-23 17:01:37,533 - INFO -  Split ID: 0
2024-05-23 17:01:37,533 - INFO -  Top 1	(Epoch 50)acc (%):   50.15
2024-05-23 17:01:37,533 - INFO -  Top 3	(Epoch 50)acc (%):   73.9
2024-05-23 17:01:37,533 - INFO -  Top 5	(Epoch 50)acc (%):   82.45
2024-05-23 17:01:37,533 - INFO -  Top 10	(Epoch 50)acc (%):   91.06
2024-05-23 17:02:12,441 - INFO -  Split ID: 0
2024-05-23 17:02:12,442 - INFO -  Top 1	(Epoch 50)acc (%):   51.25
2024-05-23 17:02:12,442 - INFO -  Top 3	(Epoch 50)acc (%):   75.7
2024-05-23 17:02:12,442 - INFO -  Top 5	(Epoch 50)acc (%):   84.25
2024-05-23 17:02:12,442 - INFO -  Top 10	(Epoch 50)acc (%):   92.44
2024-05-23 17:02:12,442 - INFO - 
Epoch	51
2024-05-23 17:03:28,653 - INFO - [51200/66739]	Loss  : 0.9077
2024-05-23 17:03:50,055 - INFO - [66560/66739]	Loss  : 0.9083
2024-05-23 17:03:56,570 - INFO - Test loss   : 0.4886
2024-05-23 17:03:56,570 - INFO - 
Epoch	52
2024-05-23 17:05:13,480 - INFO - [51200/66739]	Loss  : 0.9083
2024-05-23 17:05:34,911 - INFO - [66560/66739]	Loss  : 0.9064
2024-05-23 17:05:41,386 - INFO - Test loss   : 0.4920
2024-05-23 17:05:41,386 - INFO - 
Epoch	53
2024-05-23 17:06:58,460 - INFO - [51200/66739]	Loss  : 0.9025
2024-05-23 17:07:20,185 - INFO - [66560/66739]	Loss  : 0.9044
2024-05-23 17:07:26,890 - INFO - Test loss   : 0.4913
2024-05-23 17:07:26,891 - INFO - 
Epoch	54
2024-05-23 17:08:45,441 - INFO - [51200/66739]	Loss  : 0.9035
2024-05-23 17:09:06,885 - INFO - [66560/66739]	Loss  : 0.9054
2024-05-23 17:09:13,379 - INFO - Test loss   : 0.4881
2024-05-23 17:09:13,379 - INFO - 
Epoch	55
2024-05-23 17:10:30,461 - INFO - [51200/66739]	Loss  : 0.9031
2024-05-23 17:10:51,886 - INFO - [66560/66739]	Loss  : 0.9033
2024-05-23 17:10:58,387 - INFO - Test loss   : 0.4914
2024-05-23 17:10:58,387 - INFO - 
Epoch	56
2024-05-23 17:12:15,461 - INFO - [51200/66739]	Loss  : 0.9002
2024-05-23 17:12:36,884 - INFO - [66560/66739]	Loss  : 0.9012
2024-05-23 17:12:43,393 - INFO - Test loss   : 0.4945
2024-05-23 17:12:43,393 - INFO - 
Epoch	57
2024-05-23 17:14:00,783 - INFO - [51200/66739]	Loss  : 0.9008
2024-05-23 17:14:22,245 - INFO - [66560/66739]	Loss  : 0.9026
2024-05-23 17:14:28,756 - INFO - Test loss   : 0.4916
2024-05-23 17:14:28,757 - INFO - 
Epoch	58
2024-05-23 17:15:45,801 - INFO - [51200/66739]	Loss  : 0.9000
2024-05-23 17:16:07,208 - INFO - [66560/66739]	Loss  : 0.9014
2024-05-23 17:16:13,695 - INFO - Test loss   : 0.4922
2024-05-23 17:16:13,695 - INFO - 
Epoch	59
2024-05-23 17:17:30,775 - INFO - [51200/66739]	Loss  : 0.9004
2024-05-23 17:17:52,177 - INFO - [66560/66739]	Loss  : 0.8995
2024-05-23 17:17:58,701 - INFO - Test loss   : 0.4945
2024-05-23 17:17:58,701 - INFO - 
Epoch	60
2024-05-23 17:19:14,898 - INFO - [51200/66739]	Loss  : 0.8981
2024-05-23 17:19:36,343 - INFO - [66560/66739]	Loss  : 0.8978
2024-05-23 17:19:42,850 - INFO - Test loss   : 0.4980
2024-05-23 17:19:42,888 - INFO - (4449,)
2024-05-23 17:19:42,911 - INFO -  Split ID: 0
2024-05-23 17:19:42,913 - INFO -  Top 1	LocEnc (Epoch 60)acc (%):   14.65
2024-05-23 17:19:42,913 - INFO -  Top 3	LocEnc (Epoch 60)acc (%):   29.67
2024-05-23 17:19:42,913 - INFO -  Top 5	LocEnc (Epoch 60)acc (%):   38.12
2024-05-23 17:19:42,914 - INFO -  Top 10	LocEnc (Epoch 60)acc (%):   53.16
2024-05-23 17:19:42,914 - INFO - 
No prior
2024-05-23 17:19:42,916 - INFO - (17798,)
2024-05-23 17:19:43,013 - INFO -  Split ID: 0
2024-05-23 17:19:43,013 - INFO -  Top 1	(Epoch 60)acc (%):   50.15
2024-05-23 17:19:43,013 - INFO -  Top 3	(Epoch 60)acc (%):   73.9
2024-05-23 17:19:43,013 - INFO -  Top 5	(Epoch 60)acc (%):   82.45
2024-05-23 17:19:43,013 - INFO -  Top 10	(Epoch 60)acc (%):   91.06
2024-05-23 17:20:17,919 - INFO -  Split ID: 0
2024-05-23 17:20:17,919 - INFO -  Top 1	(Epoch 60)acc (%):   51.24
2024-05-23 17:20:17,919 - INFO -  Top 3	(Epoch 60)acc (%):   75.72
2024-05-23 17:20:17,919 - INFO -  Top 5	(Epoch 60)acc (%):   84.31
2024-05-23 17:20:17,919 - INFO -  Top 10	(Epoch 60)acc (%):   92.45
2024-05-23 17:20:17,920 - INFO - 
Epoch	61
2024-05-23 17:21:35,188 - INFO - [51200/66739]	Loss  : 0.8988
2024-05-23 17:21:57,222 - INFO - [66560/66739]	Loss  : 0.8975
2024-05-23 17:22:03,920 - INFO - Test loss   : 0.4969
2024-05-23 17:22:03,920 - INFO - 
Epoch	62
2024-05-23 17:23:19,924 - INFO - [51200/66739]	Loss  : 0.8945
2024-05-23 17:23:41,350 - INFO - [66560/66739]	Loss  : 0.8957
2024-05-23 17:23:47,868 - INFO - Test loss   : 0.4991
2024-05-23 17:23:47,869 - INFO - 
Epoch	63
2024-05-23 17:25:04,932 - INFO - [51200/66739]	Loss  : 0.8956
2024-05-23 17:25:26,388 - INFO - [66560/66739]	Loss  : 0.8948
2024-05-23 17:25:32,921 - INFO - Test loss   : 0.5016
2024-05-23 17:25:32,921 - INFO - 
Epoch	64
2024-05-23 17:26:49,917 - INFO - [51200/66739]	Loss  : 0.8924
2024-05-23 17:27:11,294 - INFO - [66560/66739]	Loss  : 0.8937
2024-05-23 17:27:17,815 - INFO - Test loss   : 0.4999
2024-05-23 17:27:17,816 - INFO - 
Epoch	65
2024-05-23 17:28:34,876 - INFO - [51200/66739]	Loss  : 0.8915
2024-05-23 17:28:56,281 - INFO - [66560/66739]	Loss  : 0.8927
2024-05-23 17:29:02,782 - INFO - Test loss   : 0.5020
2024-05-23 17:29:02,782 - INFO - 
Epoch	66
2024-05-23 17:30:19,200 - INFO - [51200/66739]	Loss  : 0.8938
2024-05-23 17:30:40,314 - INFO - [66560/66739]	Loss  : 0.8932
2024-05-23 17:30:46,831 - INFO - Test loss   : 0.4987
2024-05-23 17:30:46,831 - INFO - 
Epoch	67
2024-05-23 17:32:04,325 - INFO - [51200/66739]	Loss  : 0.8901
2024-05-23 17:32:25,751 - INFO - [66560/66739]	Loss  : 0.8910
2024-05-23 17:32:32,271 - INFO - Test loss   : 0.4995
2024-05-23 17:32:32,271 - INFO - 
Epoch	68
2024-05-23 17:33:48,775 - INFO - [51200/66739]	Loss  : 0.8891
2024-05-23 17:34:10,188 - INFO - [66560/66739]	Loss  : 0.8902
2024-05-23 17:34:16,737 - INFO - Test loss   : 0.4994
2024-05-23 17:34:16,737 - INFO - 
Epoch	69
2024-05-23 17:35:33,832 - INFO - [51200/66739]	Loss  : 0.8902
2024-05-23 17:35:55,355 - INFO - [66560/66739]	Loss  : 0.8886
2024-05-23 17:36:01,843 - INFO - Test loss   : 0.5067
2024-05-23 17:36:01,844 - INFO - 
Epoch	70
2024-05-23 17:37:18,844 - INFO - [51200/66739]	Loss  : 0.8867
2024-05-23 17:37:40,283 - INFO - [66560/66739]	Loss  : 0.8888
2024-05-23 17:37:46,730 - INFO - Test loss   : 0.5046
2024-05-23 17:37:46,767 - INFO - (4449,)
2024-05-23 17:37:46,791 - INFO -  Split ID: 0
2024-05-23 17:37:46,792 - INFO -  Top 1	LocEnc (Epoch 70)acc (%):   14.68
2024-05-23 17:37:46,792 - INFO -  Top 3	LocEnc (Epoch 70)acc (%):   29.74
2024-05-23 17:37:46,793 - INFO -  Top 5	LocEnc (Epoch 70)acc (%):   38.35
2024-05-23 17:37:46,793 - INFO -  Top 10	LocEnc (Epoch 70)acc (%):   53.09
2024-05-23 17:37:46,793 - INFO - 
No prior
2024-05-23 17:37:46,795 - INFO - (17798,)
2024-05-23 17:37:47,161 - INFO -  Split ID: 0
2024-05-23 17:37:47,162 - INFO -  Top 1	(Epoch 70)acc (%):   50.15
2024-05-23 17:37:47,162 - INFO -  Top 3	(Epoch 70)acc (%):   73.9
2024-05-23 17:37:47,162 - INFO -  Top 5	(Epoch 70)acc (%):   82.45
2024-05-23 17:37:47,162 - INFO -  Top 10	(Epoch 70)acc (%):   91.06
2024-05-23 17:38:22,128 - INFO -  Split ID: 0
2024-05-23 17:38:22,129 - INFO -  Top 1	(Epoch 70)acc (%):   51.26
2024-05-23 17:38:22,129 - INFO -  Top 3	(Epoch 70)acc (%):   75.66
2024-05-23 17:38:22,129 - INFO -  Top 5	(Epoch 70)acc (%):   84.32
2024-05-23 17:38:22,129 - INFO -  Top 10	(Epoch 70)acc (%):   92.44
2024-05-23 17:38:22,129 - INFO - 
Epoch	71
2024-05-23 17:39:40,404 - INFO - [51200/66739]	Loss  : 0.8883
2024-05-23 17:40:02,482 - INFO - [66560/66739]	Loss  : 0.8877
2024-05-23 17:40:09,208 - INFO - Test loss   : 0.5062
2024-05-23 17:40:09,208 - INFO - 
Epoch	72
2024-05-23 17:41:26,798 - INFO - [51200/66739]	Loss  : 0.8857
2024-05-23 17:41:48,253 - INFO - [66560/66739]	Loss  : 0.8872
2024-05-23 17:41:54,814 - INFO - Test loss   : 0.5079
2024-05-23 17:41:54,814 - INFO - 
Epoch	73
2024-05-23 17:43:12,030 - INFO - [51200/66739]	Loss  : 0.8864
2024-05-23 17:43:33,471 - INFO - [66560/66739]	Loss  : 0.8878
2024-05-23 17:43:40,006 - INFO - Test loss   : 0.5050
2024-05-23 17:43:40,006 - INFO - 
Epoch	74
2024-05-23 17:44:57,156 - INFO - [51200/66739]	Loss  : 0.8855
2024-05-23 17:45:18,558 - INFO - [66560/66739]	Loss  : 0.8867
2024-05-23 17:45:25,126 - INFO - Test loss   : 0.5056
2024-05-23 17:45:25,126 - INFO - 
Epoch	75
2024-05-23 17:46:42,305 - INFO - [51200/66739]	Loss  : 0.8839
2024-05-23 17:47:03,793 - INFO - [66560/66739]	Loss  : 0.8849
2024-05-23 17:47:10,323 - INFO - Test loss   : 0.5060
2024-05-23 17:47:10,323 - INFO - 
Epoch	76
2024-05-23 17:48:26,698 - INFO - [51200/66739]	Loss  : 0.8866
2024-05-23 17:48:48,152 - INFO - [66560/66739]	Loss  : 0.8859
2024-05-23 17:48:54,697 - INFO - Test loss   : 0.5036
2024-05-23 17:48:54,697 - INFO - 
Epoch	77
2024-05-23 17:50:12,251 - INFO - [51200/66739]	Loss  : 0.8841
2024-05-23 17:50:33,682 - INFO - [66560/66739]	Loss  : 0.8851
2024-05-23 17:50:40,240 - INFO - Test loss   : 0.5057
2024-05-23 17:50:40,240 - INFO - 
Epoch	78
2024-05-23 17:51:57,405 - INFO - [51200/66739]	Loss  : 0.8808
2024-05-23 17:52:18,873 - INFO - [66560/66739]	Loss  : 0.8815
2024-05-23 17:52:25,416 - INFO - Test loss   : 0.5093
2024-05-23 17:52:25,416 - INFO - 
Epoch	79
2024-05-23 17:53:42,595 - INFO - [51200/66739]	Loss  : 0.8831
2024-05-23 17:54:03,993 - INFO - [66560/66739]	Loss  : 0.8827
2024-05-23 17:54:10,522 - INFO - Test loss   : 0.5119
2024-05-23 17:54:10,523 - INFO - 
Epoch	80
2024-05-23 17:55:28,554 - INFO - [51200/66739]	Loss  : 0.8815
2024-05-23 17:55:50,620 - INFO - [66560/66739]	Loss  : 0.8811
2024-05-23 17:55:57,349 - INFO - Test loss   : 0.5124
2024-05-23 17:55:57,387 - INFO - (4449,)
2024-05-23 17:55:57,411 - INFO -  Split ID: 0
2024-05-23 17:55:57,412 - INFO -  Top 1	LocEnc (Epoch 80)acc (%):   14.95
2024-05-23 17:55:57,413 - INFO -  Top 3	LocEnc (Epoch 80)acc (%):   30.01
2024-05-23 17:55:57,413 - INFO -  Top 5	LocEnc (Epoch 80)acc (%):   38.44
2024-05-23 17:55:57,413 - INFO -  Top 10	LocEnc (Epoch 80)acc (%):   53.32
2024-05-23 17:55:57,414 - INFO - 
No prior
2024-05-23 17:55:57,416 - INFO - (17798,)
2024-05-23 17:55:57,512 - INFO -  Split ID: 0
2024-05-23 17:55:57,513 - INFO -  Top 1	(Epoch 80)acc (%):   50.15
2024-05-23 17:55:57,513 - INFO -  Top 3	(Epoch 80)acc (%):   73.9
2024-05-23 17:55:57,513 - INFO -  Top 5	(Epoch 80)acc (%):   82.45
2024-05-23 17:55:57,513 - INFO -  Top 10	(Epoch 80)acc (%):   91.06
2024-05-23 17:56:32,957 - INFO -  Split ID: 0
2024-05-23 17:56:32,958 - INFO -  Top 1	(Epoch 80)acc (%):   51.28
2024-05-23 17:56:32,958 - INFO -  Top 3	(Epoch 80)acc (%):   75.76
2024-05-23 17:56:32,958 - INFO -  Top 5	(Epoch 80)acc (%):   84.26
2024-05-23 17:56:32,958 - INFO -  Top 10	(Epoch 80)acc (%):   92.43
2024-05-23 17:56:32,958 - INFO - 
Epoch	81
2024-05-23 17:57:50,146 - INFO - [51200/66739]	Loss  : 0.8796
2024-05-23 17:58:11,609 - INFO - [66560/66739]	Loss  : 0.8813
2024-05-23 17:58:18,134 - INFO - Test loss   : 0.5118
2024-05-23 17:58:18,134 - INFO - 
Epoch	82
2024-05-23 17:59:35,328 - INFO - [51200/66739]	Loss  : 0.8793
2024-05-23 17:59:56,786 - INFO - [66560/66739]	Loss  : 0.8789
2024-05-23 18:00:03,325 - INFO - Test loss   : 0.5125
2024-05-23 18:00:03,325 - INFO - 
Epoch	83
2024-05-23 18:01:20,535 - INFO - [51200/66739]	Loss  : 0.8782
2024-05-23 18:01:41,952 - INFO - [66560/66739]	Loss  : 0.8799
2024-05-23 18:01:48,482 - INFO - Test loss   : 0.5136
2024-05-23 18:01:48,482 - INFO - 
Epoch	84
2024-05-23 18:03:03,749 - INFO - [51200/66739]	Loss  : 0.8784
2024-05-23 18:03:25,183 - INFO - [66560/66739]	Loss  : 0.8783
2024-05-23 18:03:31,681 - INFO - Test loss   : 0.5127
2024-05-23 18:03:31,681 - INFO - 
Epoch	85
2024-05-23 18:04:48,816 - INFO - [51200/66739]	Loss  : 0.8775
2024-05-23 18:05:10,236 - INFO - [66560/66739]	Loss  : 0.8784
2024-05-23 18:05:16,757 - INFO - Test loss   : 0.5140
2024-05-23 18:05:16,757 - INFO - 
Epoch	86
2024-05-23 18:06:33,953 - INFO - [51200/66739]	Loss  : 0.8795
2024-05-23 18:06:55,384 - INFO - [66560/66739]	Loss  : 0.8785
2024-05-23 18:07:01,907 - INFO - Test loss   : 0.5163
2024-05-23 18:07:01,907 - INFO - 
Epoch	87
2024-05-23 18:08:19,369 - INFO - [51200/66739]	Loss  : 0.8766
2024-05-23 18:08:40,864 - INFO - [66560/66739]	Loss  : 0.8779
2024-05-23 18:08:47,411 - INFO - Test loss   : 0.5139
2024-05-23 18:08:47,412 - INFO - 
Epoch	88
2024-05-23 18:10:04,522 - INFO - [51200/66739]	Loss  : 0.8779
2024-05-23 18:10:25,931 - INFO - [66560/66739]	Loss  : 0.8770
2024-05-23 18:10:32,454 - INFO - Test loss   : 0.5137
2024-05-23 18:10:32,455 - INFO - 
Epoch	89
2024-05-23 18:11:51,250 - INFO - [51200/66739]	Loss  : 0.8760
2024-05-23 18:12:13,100 - INFO - [66560/66739]	Loss  : 0.8768
2024-05-23 18:12:19,623 - INFO - Test loss   : 0.5140
2024-05-23 18:12:19,623 - INFO - 
Epoch	90
2024-05-23 18:13:36,717 - INFO - [51200/66739]	Loss  : 0.8783
2024-05-23 18:13:58,196 - INFO - [66560/66739]	Loss  : 0.8771
2024-05-23 18:14:04,732 - INFO - Test loss   : 0.5163
2024-05-23 18:14:04,770 - INFO - (4449,)
2024-05-23 18:14:04,793 - INFO -  Split ID: 0
2024-05-23 18:14:04,795 - INFO -  Top 1	LocEnc (Epoch 90)acc (%):   14.97
2024-05-23 18:14:04,795 - INFO -  Top 3	LocEnc (Epoch 90)acc (%):   29.78
2024-05-23 18:14:04,795 - INFO -  Top 5	LocEnc (Epoch 90)acc (%):   39.0
2024-05-23 18:14:04,796 - INFO -  Top 10	LocEnc (Epoch 90)acc (%):   53.83
2024-05-23 18:14:04,796 - INFO - 
No prior
2024-05-23 18:14:04,798 - INFO - (17798,)
2024-05-23 18:14:04,895 - INFO -  Split ID: 0
2024-05-23 18:14:04,895 - INFO -  Top 1	(Epoch 90)acc (%):   50.15
2024-05-23 18:14:04,895 - INFO -  Top 3	(Epoch 90)acc (%):   73.9
2024-05-23 18:14:04,895 - INFO -  Top 5	(Epoch 90)acc (%):   82.45
2024-05-23 18:14:04,895 - INFO -  Top 10	(Epoch 90)acc (%):   91.06
2024-05-23 18:14:39,859 - INFO -  Split ID: 0
2024-05-23 18:14:39,859 - INFO -  Top 1	(Epoch 90)acc (%):   51.3
2024-05-23 18:14:39,859 - INFO -  Top 3	(Epoch 90)acc (%):   75.65
2024-05-23 18:14:39,859 - INFO -  Top 5	(Epoch 90)acc (%):   84.24
2024-05-23 18:14:39,859 - INFO -  Top 10	(Epoch 90)acc (%):   92.44
2024-05-23 18:14:39,860 - INFO - 
Epoch	91
2024-05-23 18:15:56,995 - INFO - [51200/66739]	Loss  : 0.8758
2024-05-23 18:16:18,419 - INFO - [66560/66739]	Loss  : 0.8762
2024-05-23 18:16:24,928 - INFO - Test loss   : 0.5157
2024-05-23 18:16:24,928 - INFO - 
Epoch	92
2024-05-23 18:17:41,390 - INFO - [51200/66739]	Loss  : 0.8748
2024-05-23 18:18:02,852 - INFO - [66560/66739]	Loss  : 0.8758
2024-05-23 18:18:09,377 - INFO - Test loss   : 0.5172
2024-05-23 18:18:09,378 - INFO - 
Epoch	93
2024-05-23 18:19:26,487 - INFO - [51200/66739]	Loss  : 0.8716
2024-05-23 18:19:47,932 - INFO - [66560/66739]	Loss  : 0.8727
2024-05-23 18:19:54,468 - INFO - Test loss   : 0.5177
2024-05-23 18:19:54,468 - INFO - 
Epoch	94
2024-05-23 18:21:11,556 - INFO - [51200/66739]	Loss  : 0.8739
2024-05-23 18:21:32,969 - INFO - [66560/66739]	Loss  : 0.8735
2024-05-23 18:21:39,501 - INFO - Test loss   : 0.5181
2024-05-23 18:21:39,501 - INFO - 
Epoch	95
2024-05-23 18:22:56,694 - INFO - [51200/66739]	Loss  : 0.8744
2024-05-23 18:23:18,132 - INFO - [66560/66739]	Loss  : 0.8749
2024-05-23 18:23:24,675 - INFO - Test loss   : 0.5170
2024-05-23 18:23:24,675 - INFO - 
Epoch	96
2024-05-23 18:24:41,643 - INFO - [51200/66739]	Loss  : 0.8734
2024-05-23 18:25:03,237 - INFO - [66560/66739]	Loss  : 0.8732
2024-05-23 18:25:09,755 - INFO - Test loss   : 0.5167
2024-05-23 18:25:09,755 - INFO - 
Epoch	97
2024-05-23 18:26:27,305 - INFO - [51200/66739]	Loss  : 0.8740
2024-05-23 18:26:48,754 - INFO - [66560/66739]	Loss  : 0.8725
2024-05-23 18:26:55,470 - INFO - Test loss   : 0.5174
2024-05-23 18:26:55,470 - INFO - 
Epoch	98
2024-05-23 18:28:14,559 - INFO - [51200/66739]	Loss  : 0.8761
2024-05-23 18:28:35,984 - INFO - [66560/66739]	Loss  : 0.8765
2024-05-23 18:28:42,536 - INFO - Test loss   : 0.5186
2024-05-23 18:28:42,536 - INFO - 
Epoch	99
2024-05-23 18:29:59,591 - INFO - [51200/66739]	Loss  : 0.8736
2024-05-23 18:30:19,685 - INFO - [66560/66739]	Loss  : 0.8721
2024-05-23 18:30:25,112 - INFO - Test loss   : 0.5182
2024-05-23 18:30:25,113 - INFO - Saving output model to ../models/sphere2vec_sphereC/model_yfcc_Sphere2Vec-sphereC_inception_v3_0.0005_64_0.0001000_1_512.pth.tar
2024-05-23 18:30:25,132 - INFO - Saving output model to ../models/sphere2vec_sphereC/model_yfcc_Sphere2Vec-sphereC_inception_v3_0.0005_64_0.0001000_1_512.pth.tar
2024-05-23 18:30:25,147 - INFO - 
No prior
2024-05-23 18:30:25,149 - INFO - (17798,)
2024-05-23 18:30:25,246 - INFO -  Split ID: 0
2024-05-23 18:30:25,247 - INFO -  Top 1	acc (%):   50.15
2024-05-23 18:30:25,247 - INFO -  Top 3	acc (%):   73.9
2024-05-23 18:30:25,247 - INFO -  Top 5	acc (%):   82.45
2024-05-23 18:30:25,247 - INFO -  Top 10	acc (%):   91.06
2024-05-23 18:30:54,350 - INFO -  Split ID: 0
2024-05-23 18:30:54,351 - INFO -  Top 1	acc (%):   51.35
2024-05-23 18:30:54,351 - INFO -  Top 3	acc (%):   75.64
2024-05-23 18:30:54,351 - INFO -  Top 5	acc (%):   84.23
2024-05-23 18:30:54,351 - INFO -  Top 10	acc (%):   92.45
2024-05-23 18:30:54,353 - INFO - 
Sphere2Vec-sphereC
2024-05-23 18:30:54,353 - INFO -  Model :	model_yfcc_Sphere2Vec-sphereC_inception_v3_0.0005_64_0.0001000_1_512.pth.tar
2024-05-23 18:30:54,409 - INFO - (4449,)
2024-05-23 18:30:54,435 - INFO -  Split ID: 0
2024-05-23 18:30:54,437 - INFO -  Top 1	LocEnc acc (%):   15.35
2024-05-23 18:30:54,437 - INFO -  Top 3	LocEnc acc (%):   30.03
2024-05-23 18:30:54,437 - INFO -  Top 5	LocEnc acc (%):   38.73
2024-05-23 18:30:54,438 - INFO -  Top 10	LocEnc acc (%):   53.83
2024-05-30 19:11:06,415 - INFO - 
num_classes	100
2024-05-30 19:11:06,448 - INFO - num train    	66739
2024-05-30 19:11:06,448 - INFO - num val      	4449
2024-05-30 19:11:06,448 - INFO - train loss   	full_loss
2024-05-30 19:11:06,448 - INFO - model name   	../models/sphere2vec_sphereC/model_yfcc_Sphere2Vec-sphereC_inception_v3_0.0005_64_0.0001000_1_512.pth.tar
2024-05-30 19:11:06,448 - INFO - num users    	1
2024-05-30 19:11:06,630 - INFO - 
Only Sphere2Vec-sphereC
2024-05-30 19:11:06,631 - INFO -  Model :	model_yfcc_Sphere2Vec-sphereC_inception_v3_0.0005_64_0.0001000_1_512.pth.tar
2024-05-30 19:11:06,702 - INFO - Saving output model to ../models/sphere2vec_sphereC/model_yfcc_Sphere2Vec-sphereC_inception_v3_0.0005_64_0.0001000_1_512.pth.tar
2024-05-30 19:11:06,717 - INFO - Saving output model to ../models/sphere2vec_sphereC/model_yfcc_Sphere2Vec-sphereC_inception_v3_0.0005_64_0.0001000_1_512.pth.tar
2024-05-30 19:11:06,736 - INFO - 
No prior
2024-05-30 19:11:06,739 - INFO - (17798,)
2024-05-30 19:11:07,128 - INFO - Save results to ../eval_results/eval_yfcc__test_no_prior.csv
2024-05-30 19:11:07,128 - INFO -  Split ID: 0
2024-05-30 19:11:07,129 - INFO -  Top 1	acc (%):   50.15
2024-05-30 19:11:07,129 - INFO -  Top 3	acc (%):   73.9
2024-05-30 19:11:07,129 - INFO -  Top 5	acc (%):   82.45
2024-05-30 19:11:07,129 - INFO -  Top 10	acc (%):   91.06
2024-05-30 19:11:18,429 - INFO -  Split ID: 0
2024-05-30 19:11:18,430 - INFO -  Top 1	hit (%):   51.35
2024-05-30 19:11:18,430 - INFO -  Top 3	hit (%):   75.64
2024-05-30 19:11:18,430 - INFO -  Top 5	hit (%):   84.23
2024-05-30 19:11:18,430 - INFO -  Top 10	hit (%):   92.45
2024-05-30 19:11:18,436 - INFO - 
Only Sphere2Vec-sphereC
2024-05-30 19:11:18,436 - INFO -  Model :	model_yfcc_Sphere2Vec-sphereC_inception_v3_0.0005_64_0.0001000_1_512.pth.tar
2024-05-30 19:11:18,489 - INFO - (4449,)
2024-05-30 19:11:18,514 - INFO -  Split ID: 0
2024-05-30 19:11:18,516 - INFO -  Top 1	LocEnc acc (%):   15.35
2024-05-30 19:11:18,516 - INFO -  Top 3	LocEnc acc (%):   30.03
2024-05-30 19:11:18,516 - INFO -  Top 5	LocEnc acc (%):   38.73
2024-05-30 19:11:18,516 - INFO -  Top 10	LocEnc acc (%):   53.83
