2024-05-23 02:01:00,292 - INFO - 
num_classes	555
2024-05-23 02:01:00,292 - INFO - num train    	22599
2024-05-23 02:01:00,292 - INFO - num val      	1100
2024-05-23 02:01:00,292 - INFO - train loss   	full_loss
2024-05-23 02:01:00,292 - INFO - model name   	../models/sphere2vec_sphereC/model_nabirds_ebird_meta_Sphere2Vec-sphereC_inception_v3_0.0010_64_0.0005000_1_512.pth.tar
2024-05-23 02:01:00,292 - INFO - num users    	5331
2024-05-23 02:01:00,292 - INFO - meta data    	ebird_meta
2024-05-23 02:01:00,496 - INFO - 
Epoch	0
2024-05-23 02:01:01,832 - INFO - [22528/22599]	Loss  : 1.9457
2024-05-23 02:01:01,879 - INFO - Test loss   : 0.8415
2024-05-23 02:01:01,879 - INFO - 
Epoch	1
2024-05-23 02:01:03,035 - INFO - [22528/22599]	Loss  : 1.5565
2024-05-23 02:01:03,083 - INFO - Test loss   : 0.8202
2024-05-23 02:01:03,083 - INFO - 
Epoch	2
2024-05-23 02:01:04,285 - INFO - [22528/22599]	Loss  : 1.3395
2024-05-23 02:01:04,333 - INFO - Test loss   : 0.7566
2024-05-23 02:01:04,333 - INFO - 
Epoch	3
2024-05-23 02:01:05,495 - INFO - [22528/22599]	Loss  : 1.1986
2024-05-23 02:01:05,543 - INFO - Test loss   : 0.6781
2024-05-23 02:01:05,543 - INFO - 
Epoch	4
2024-05-23 02:01:06,744 - INFO - [22528/22599]	Loss  : 1.1147
2024-05-23 02:01:06,791 - INFO - Test loss   : 0.6114
2024-05-23 02:01:06,791 - INFO - 
Epoch	5
2024-05-23 02:01:07,992 - INFO - [22528/22599]	Loss  : 1.0614
2024-05-23 02:01:08,039 - INFO - Test loss   : 0.5756
2024-05-23 02:01:08,039 - INFO - 
Epoch	6
2024-05-23 02:01:09,194 - INFO - [22528/22599]	Loss  : 1.0223
2024-05-23 02:01:09,242 - INFO - Test loss   : 0.5539
2024-05-23 02:01:09,242 - INFO - 
Epoch	7
2024-05-23 02:01:10,443 - INFO - [22528/22599]	Loss  : 0.9969
2024-05-23 02:01:10,491 - INFO - Test loss   : 0.5413
2024-05-23 02:01:10,491 - INFO - 
Epoch	8
2024-05-23 02:01:11,643 - INFO - [22528/22599]	Loss  : 0.9740
2024-05-23 02:01:11,691 - INFO - Test loss   : 0.5353
2024-05-23 02:01:11,691 - INFO - 
Epoch	9
2024-05-23 02:01:12,906 - INFO - [22528/22599]	Loss  : 0.9504
2024-05-23 02:01:12,953 - INFO - Test loss   : 0.5240
2024-05-23 02:01:12,953 - INFO - 
Epoch	10
2024-05-23 02:01:14,119 - INFO - [22528/22599]	Loss  : 0.9389
2024-05-23 02:01:14,167 - INFO - Test loss   : 0.5291
2024-05-23 02:01:14,180 - INFO - (1100,)
2024-05-23 02:01:14,225 - INFO -  Split ID: 0
2024-05-23 02:01:14,226 - INFO -  Top 1	LocEnc (Epoch 10)acc (%):   1.45
2024-05-23 02:01:14,226 - INFO -  Top 3	LocEnc (Epoch 10)acc (%):   5.55
2024-05-23 02:01:14,226 - INFO -  Top 5	LocEnc (Epoch 10)acc (%):   7.36
2024-05-23 02:01:14,226 - INFO -  Top 10	LocEnc (Epoch 10)acc (%):   14.0
2024-05-23 02:01:14,227 - INFO - 
No prior
2024-05-23 02:01:14,254 - INFO - (24633,)
2024-05-23 02:01:14,937 - INFO -  Split ID: 0
2024-05-23 02:01:14,937 - INFO -  Top 1	(Epoch 10)acc (%):   76.08
2024-05-23 02:01:14,937 - INFO -  Top 3	(Epoch 10)acc (%):   90.98
2024-05-23 02:01:14,938 - INFO -  Top 5	(Epoch 10)acc (%):   94.06
2024-05-23 02:01:14,938 - INFO -  Top 10	(Epoch 10)acc (%):   96.83
2024-05-23 02:01:24,394 - INFO -  Split ID: 0
2024-05-23 02:01:24,394 - INFO -  Top 1	(Epoch 10)acc (%):   81.09
2024-05-23 02:01:24,394 - INFO -  Top 3	(Epoch 10)acc (%):   93.38
2024-05-23 02:01:24,394 - INFO -  Top 5	(Epoch 10)acc (%):   95.76
2024-05-23 02:01:24,394 - INFO -  Top 10	(Epoch 10)acc (%):   97.81
2024-05-23 02:01:24,395 - INFO - 
Epoch	11
2024-05-23 02:01:25,592 - INFO - [22528/22599]	Loss  : 0.9215
2024-05-23 02:01:25,639 - INFO - Test loss   : 0.5280
2024-05-23 02:01:25,640 - INFO - 
Epoch	12
2024-05-23 02:01:26,791 - INFO - [22528/22599]	Loss  : 0.9082
2024-05-23 02:01:26,838 - INFO - Test loss   : 0.5294
2024-05-23 02:01:26,838 - INFO - 
Epoch	13
2024-05-23 02:01:28,038 - INFO - [22528/22599]	Loss  : 0.8970
2024-05-23 02:01:28,086 - INFO - Test loss   : 0.5353
2024-05-23 02:01:28,086 - INFO - 
Epoch	14
2024-05-23 02:01:29,295 - INFO - [22528/22599]	Loss  : 0.8846
2024-05-23 02:01:29,342 - INFO - Test loss   : 0.5425
2024-05-23 02:01:29,343 - INFO - 
Epoch	15
2024-05-23 02:01:30,499 - INFO - [22528/22599]	Loss  : 0.8767
2024-05-23 02:01:30,548 - INFO - Test loss   : 0.5409
2024-05-23 02:01:30,548 - INFO - 
Epoch	16
2024-05-23 02:01:31,747 - INFO - [22528/22599]	Loss  : 0.8672
2024-05-23 02:01:31,794 - INFO - Test loss   : 0.5522
2024-05-23 02:01:31,795 - INFO - 
Epoch	17
2024-05-23 02:01:32,958 - INFO - [22528/22599]	Loss  : 0.8569
2024-05-23 02:01:33,007 - INFO - Test loss   : 0.5634
2024-05-23 02:01:33,008 - INFO - 
Epoch	18
2024-05-23 02:01:34,233 - INFO - [22528/22599]	Loss  : 0.8505
2024-05-23 02:01:34,280 - INFO - Test loss   : 0.5588
2024-05-23 02:01:34,280 - INFO - 
Epoch	19
2024-05-23 02:01:35,438 - INFO - [22528/22599]	Loss  : 0.8406
2024-05-23 02:01:35,484 - INFO - Test loss   : 0.5739
2024-05-23 02:01:35,484 - INFO - 
Epoch	20
2024-05-23 02:01:36,691 - INFO - [22528/22599]	Loss  : 0.8313
2024-05-23 02:01:36,746 - INFO - Test loss   : 0.5724
2024-05-23 02:01:36,755 - INFO - (1100,)
2024-05-23 02:01:36,801 - INFO -  Split ID: 0
2024-05-23 02:01:36,801 - INFO -  Top 1	LocEnc (Epoch 20)acc (%):   2.09
2024-05-23 02:01:36,801 - INFO -  Top 3	LocEnc (Epoch 20)acc (%):   6.27
2024-05-23 02:01:36,801 - INFO -  Top 5	LocEnc (Epoch 20)acc (%):   9.36
2024-05-23 02:01:36,802 - INFO -  Top 10	LocEnc (Epoch 20)acc (%):   16.73
2024-05-23 02:01:36,802 - INFO - 
No prior
2024-05-23 02:01:36,830 - INFO - (24633,)
2024-05-23 02:01:37,505 - INFO -  Split ID: 0
2024-05-23 02:01:37,505 - INFO -  Top 1	(Epoch 20)acc (%):   76.08
2024-05-23 02:01:37,505 - INFO -  Top 3	(Epoch 20)acc (%):   90.98
2024-05-23 02:01:37,505 - INFO -  Top 5	(Epoch 20)acc (%):   94.06
2024-05-23 02:01:37,505 - INFO -  Top 10	(Epoch 20)acc (%):   96.83
2024-05-23 02:01:46,919 - INFO -  Split ID: 0
2024-05-23 02:01:46,919 - INFO -  Top 1	(Epoch 20)acc (%):   81.76
2024-05-23 02:01:46,919 - INFO -  Top 3	(Epoch 20)acc (%):   93.59
2024-05-23 02:01:46,919 - INFO -  Top 5	(Epoch 20)acc (%):   95.91
2024-05-23 02:01:46,919 - INFO -  Top 10	(Epoch 20)acc (%):   97.86
2024-05-23 02:01:46,923 - INFO - 
Epoch	21
2024-05-23 02:01:48,087 - INFO - [22528/22599]	Loss  : 0.8258
2024-05-23 02:01:48,134 - INFO - Test loss   : 0.5787
2024-05-23 02:01:48,134 - INFO - 
Epoch	22
2024-05-23 02:01:49,339 - INFO - [22528/22599]	Loss  : 0.8208
2024-05-23 02:01:49,391 - INFO - Test loss   : 0.5838
2024-05-23 02:01:49,391 - INFO - 
Epoch	23
2024-05-23 02:01:50,618 - INFO - [22528/22599]	Loss  : 0.8139
2024-05-23 02:01:50,665 - INFO - Test loss   : 0.5889
2024-05-23 02:01:50,666 - INFO - 
Epoch	24
2024-05-23 02:01:51,825 - INFO - [22528/22599]	Loss  : 0.8086
2024-05-23 02:01:51,872 - INFO - Test loss   : 0.6074
2024-05-23 02:01:51,872 - INFO - 
Epoch	25
2024-05-23 02:01:53,095 - INFO - [22528/22599]	Loss  : 0.8011
2024-05-23 02:01:53,142 - INFO - Test loss   : 0.6020
2024-05-23 02:01:53,142 - INFO - 
Epoch	26
2024-05-23 02:01:54,294 - INFO - [22528/22599]	Loss  : 0.7951
2024-05-23 02:01:54,341 - INFO - Test loss   : 0.6117
2024-05-23 02:01:54,341 - INFO - 
Epoch	27
2024-05-23 02:01:55,563 - INFO - [22528/22599]	Loss  : 0.7892
2024-05-23 02:01:55,610 - INFO - Test loss   : 0.6352
2024-05-23 02:01:55,610 - INFO - 
Epoch	28
2024-05-23 02:01:56,785 - INFO - [22528/22599]	Loss  : 0.7839
2024-05-23 02:01:56,832 - INFO - Test loss   : 0.6363
2024-05-23 02:01:56,832 - INFO - 
Epoch	29
2024-05-23 02:01:58,040 - INFO - [22528/22599]	Loss  : 0.7771
2024-05-23 02:01:58,088 - INFO - Test loss   : 0.6463
2024-05-23 02:01:58,088 - INFO - Saving output model to ../models/sphere2vec_sphereC/model_nabirds_ebird_meta_Sphere2Vec-sphereC_inception_v3_0.0010_64_0.0005000_1_512.pth.tar
2024-05-23 02:01:58,104 - INFO - Saving output model to ../models/sphere2vec_sphereC/model_nabirds_ebird_meta_Sphere2Vec-sphereC_inception_v3_0.0010_64_0.0005000_1_512.pth.tar
2024-05-23 02:01:58,144 - INFO - 
No prior
2024-05-23 02:01:58,175 - INFO - (24633,)
2024-05-23 02:01:58,850 - INFO -  Split ID: 0
2024-05-23 02:01:58,851 - INFO -  Top 1	acc (%):   76.08
2024-05-23 02:01:58,851 - INFO -  Top 3	acc (%):   90.98
2024-05-23 02:01:58,851 - INFO -  Top 5	acc (%):   94.06
2024-05-23 02:01:58,851 - INFO -  Top 10	acc (%):   96.83
2024-05-23 02:02:08,299 - INFO -  Split ID: 0
2024-05-23 02:02:08,299 - INFO -  Top 1	acc (%):   81.91
2024-05-23 02:02:08,299 - INFO -  Top 3	acc (%):   93.55
2024-05-23 02:02:08,299 - INFO -  Top 5	acc (%):   95.88
2024-05-23 02:02:08,299 - INFO -  Top 10	acc (%):   97.79
2024-05-23 02:02:08,304 - INFO - 
Sphere2Vec-sphereC
2024-05-23 02:02:08,304 - INFO -  Model :	model_nabirds_ebird_meta_Sphere2Vec-sphereC_inception_v3_0.0010_64_0.0005000_1_512.pth.tar
2024-05-23 02:02:08,322 - INFO - (1100,)
2024-05-23 02:02:08,367 - INFO -  Split ID: 0
2024-05-23 02:02:08,379 - INFO -  Top 1	LocEnc acc (%):   2.27
2024-05-23 02:02:08,379 - INFO -  Top 3	LocEnc acc (%):   7.18
2024-05-23 02:02:08,379 - INFO -  Top 5	LocEnc acc (%):   9.73
2024-05-23 02:02:08,380 - INFO -  Top 10	LocEnc acc (%):   17.73
2024-05-27 13:51:32,540 - INFO - 
num_classes	555
2024-05-27 13:51:32,563 - INFO - num train    	22599
2024-05-27 13:51:32,564 - INFO - num val      	1100
2024-05-27 13:51:32,564 - INFO - train loss   	full_loss
2024-05-27 13:51:32,564 - INFO - model name   	../models/sphere2vec_sphereC/model_nabirds_ebird_meta_Sphere2Vec-sphereC_inception_v3_0.0010_64_0.0005000_1_512.pth.tar
2024-05-27 13:51:32,564 - INFO - num users    	5331
2024-05-27 13:51:32,564 - INFO - meta data    	ebird_meta
2024-05-27 13:51:32,789 - INFO - 
Epoch	0
2024-05-27 13:52:12,072 - INFO - [22528/22599]	Loss  : 1.9553
2024-05-27 13:52:13,996 - INFO - Test loss   : 0.8204
2024-05-27 13:52:13,996 - INFO - 
Epoch	1
2024-05-27 13:52:52,855 - INFO - [22528/22599]	Loss  : 1.5634
2024-05-27 13:52:54,823 - INFO - Test loss   : 0.8143
2024-05-27 13:52:54,823 - INFO - 
Epoch	2
2024-05-27 13:53:33,662 - INFO - [22528/22599]	Loss  : 1.3575
2024-05-27 13:53:35,528 - INFO - Test loss   : 0.7859
2024-05-27 13:53:35,529 - INFO - 
Epoch	3
2024-05-27 13:54:14,508 - INFO - [22528/22599]	Loss  : 1.2206
2024-05-27 13:54:16,372 - INFO - Test loss   : 0.6991
2024-05-27 13:54:16,372 - INFO - 
Epoch	4
2024-05-27 13:54:55,230 - INFO - [22528/22599]	Loss  : 1.1240
2024-05-27 13:54:57,119 - INFO - Test loss   : 0.6166
2024-05-27 13:54:57,119 - INFO - 
Epoch	5
2024-05-27 13:55:36,268 - INFO - [22528/22599]	Loss  : 1.0676
2024-05-27 13:55:38,048 - INFO - Test loss   : 0.5679
2024-05-27 13:55:38,048 - INFO - 
Epoch	6
2024-05-27 13:56:17,111 - INFO - [22528/22599]	Loss  : 1.0319
2024-05-27 13:56:18,996 - INFO - Test loss   : 0.5458
2024-05-27 13:56:18,996 - INFO - 
Epoch	7
2024-05-27 13:56:58,039 - INFO - [22528/22599]	Loss  : 1.0006
2024-05-27 13:56:59,938 - INFO - Test loss   : 0.5277
2024-05-27 13:56:59,939 - INFO - 
Epoch	8
2024-05-27 13:57:39,787 - INFO - [22528/22599]	Loss  : 0.9782
2024-05-27 13:57:41,865 - INFO - Test loss   : 0.5219
2024-05-27 13:57:41,865 - INFO - 
Epoch	9
2024-05-27 13:58:21,286 - INFO - [22528/22599]	Loss  : 0.9584
2024-05-27 13:58:23,234 - INFO - Test loss   : 0.5197
2024-05-27 13:58:23,234 - INFO - 
Epoch	10
2024-05-27 13:59:02,617 - INFO - [22528/22599]	Loss  : 0.9439
2024-05-27 13:59:04,518 - INFO - Test loss   : 0.5178
2024-05-27 13:59:04,518 - INFO - 
Epoch	11
2024-05-27 13:59:43,872 - INFO - [22528/22599]	Loss  : 0.9275
2024-05-27 13:59:45,739 - INFO - Test loss   : 0.5208
2024-05-27 13:59:45,739 - INFO - 
Epoch	12
2024-05-27 14:00:24,929 - INFO - [22528/22599]	Loss  : 0.9154
2024-05-27 14:00:26,847 - INFO - Test loss   : 0.5196
2024-05-27 14:00:26,847 - INFO - 
Epoch	13
2024-05-27 14:01:06,298 - INFO - [22528/22599]	Loss  : 0.9048
2024-05-27 14:01:08,178 - INFO - Test loss   : 0.5168
2024-05-27 14:01:08,178 - INFO - 
Epoch	14
2024-05-27 14:01:47,611 - INFO - [22528/22599]	Loss  : 0.8922
2024-05-27 14:01:49,500 - INFO - Test loss   : 0.5233
2024-05-27 14:01:49,500 - INFO - 
Epoch	15
2024-05-27 14:02:29,172 - INFO - [22528/22599]	Loss  : 0.8821
2024-05-27 14:02:31,088 - INFO - Test loss   : 0.5332
2024-05-27 14:02:31,088 - INFO - 
Epoch	16
2024-05-27 14:03:11,223 - INFO - [22528/22599]	Loss  : 0.8720
2024-05-27 14:03:13,159 - INFO - Test loss   : 0.5442
2024-05-27 14:03:13,160 - INFO - 
Epoch	17
2024-05-27 14:03:52,826 - INFO - [22528/22599]	Loss  : 0.8656
2024-05-27 14:03:54,737 - INFO - Test loss   : 0.5430
2024-05-27 14:03:54,738 - INFO - 
Epoch	18
2024-05-27 14:04:34,183 - INFO - [22528/22599]	Loss  : 0.8554
2024-05-27 14:04:36,055 - INFO - Test loss   : 0.5493
2024-05-27 14:04:36,056 - INFO - 
Epoch	19
2024-05-27 14:05:15,466 - INFO - [22528/22599]	Loss  : 0.8482
2024-05-27 14:05:17,444 - INFO - Test loss   : 0.5613
2024-05-27 14:05:17,444 - INFO - 
Epoch	20
2024-05-27 14:05:56,818 - INFO - [22528/22599]	Loss  : 0.8424
2024-05-27 14:05:58,744 - INFO - Test loss   : 0.5599
2024-05-27 14:05:58,744 - INFO - 
Epoch	21
2024-05-27 14:06:38,685 - INFO - [22528/22599]	Loss  : 0.8350
2024-05-27 14:06:40,584 - INFO - Test loss   : 0.5637
2024-05-27 14:06:40,584 - INFO - 
Epoch	22
2024-05-27 14:07:19,944 - INFO - [22528/22599]	Loss  : 0.8254
2024-05-27 14:07:21,831 - INFO - Test loss   : 0.5838
2024-05-27 14:07:21,831 - INFO - 
Epoch	23
2024-05-27 14:08:01,194 - INFO - [22528/22599]	Loss  : 0.8203
2024-05-27 14:08:03,068 - INFO - Test loss   : 0.5841
2024-05-27 14:08:03,068 - INFO - 
Epoch	24
2024-05-27 14:08:42,409 - INFO - [22528/22599]	Loss  : 0.8131
2024-05-27 14:08:44,339 - INFO - Test loss   : 0.5946
2024-05-27 14:08:44,339 - INFO - 
Epoch	25
2024-05-27 14:09:23,552 - INFO - [22528/22599]	Loss  : 0.8068
2024-05-27 14:09:25,424 - INFO - Test loss   : 0.6050
2024-05-27 14:09:25,424 - INFO - 
Epoch	26
2024-05-27 14:10:04,777 - INFO - [22528/22599]	Loss  : 0.8001
2024-05-27 14:10:06,668 - INFO - Test loss   : 0.6081
2024-05-27 14:10:06,668 - INFO - 
Epoch	27
2024-05-27 14:10:45,872 - INFO - [22528/22599]	Loss  : 0.7954
2024-05-27 14:10:47,772 - INFO - Test loss   : 0.6135
2024-05-27 14:10:47,772 - INFO - 
Epoch	28
2024-05-27 14:11:27,009 - INFO - [22528/22599]	Loss  : 0.7900
2024-05-27 14:11:29,000 - INFO - Test loss   : 0.6328
2024-05-27 14:11:29,000 - INFO - 
Epoch	29
2024-05-27 14:12:08,262 - INFO - [22528/22599]	Loss  : 0.7838
2024-05-27 14:12:10,135 - INFO - Test loss   : 0.6343
2024-05-27 14:12:10,135 - INFO - Saving output model to ../models/sphere2vec_sphereC/model_nabirds_ebird_meta_Sphere2Vec-sphereC_inception_v3_0.0010_64_0.0005000_1_512.pth.tar
2024-05-27 14:12:10,241 - INFO - Saving output model to ../models/sphere2vec_sphereC/model_nabirds_ebird_meta_Sphere2Vec-sphereC_inception_v3_0.0010_64_0.0005000_1_512.pth.tar
2024-05-27 14:12:10,287 - INFO - 
No prior
2024-05-27 14:12:10,317 - INFO - (24633,)
2024-05-27 14:12:11,053 - INFO -  Split ID: 0
2024-05-27 14:12:11,053 - INFO -  Top 1	acc (%):   76.08
2024-05-27 14:12:11,054 - INFO -  Top 3	acc (%):   90.98
2024-05-27 14:12:11,054 - INFO -  Top 5	acc (%):   94.06
2024-05-27 14:12:11,054 - INFO -  Top 10	acc (%):   96.83
2024-05-27 14:13:07,523 - INFO -  Split ID: 0
2024-05-27 14:13:07,523 - INFO -  Top 1	acc (%):   81.87
2024-05-27 14:13:07,523 - INFO -  Top 3	acc (%):   93.51
2024-05-27 14:13:07,523 - INFO -  Top 5	acc (%):   95.91
2024-05-27 14:13:07,523 - INFO -  Top 10	acc (%):   97.8
2024-05-27 14:13:07,529 - INFO - 
Only Sphere2Vec-sphereC
2024-05-27 14:13:07,529 - INFO -  Model :	model_nabirds_ebird_meta_Sphere2Vec-sphereC_inception_v3_0.0010_64_0.0005000_1_512.pth.tar
2024-05-27 14:13:07,565 - INFO - (1100,)
2024-05-27 14:13:07,622 - INFO -  Split ID: 0
2024-05-27 14:13:07,623 - INFO -  Top 1	LocEnc acc (%):   3.18
2024-05-27 14:13:07,624 - INFO -  Top 3	LocEnc acc (%):   7.36
2024-05-27 14:13:07,624 - INFO -  Top 5	LocEnc acc (%):   11.45
2024-05-27 14:13:07,624 - INFO -  Top 10	LocEnc acc (%):   18.45
