2024-05-25 02:49:01,820 - INFO - 
num_classes	62
2024-05-25 02:49:01,820 - INFO - num train    	363571
2024-05-25 02:49:01,820 - INFO - num val      	53041
2024-05-25 02:49:01,820 - INFO - train loss   	full_loss
2024-05-25 02:49:01,820 - INFO - model name   	../models/sphere2vec_sphereC/model_fmow_Sphere2Vec-sphereC_inception_v3_0.0050_64_0.0005000_1_512.pth.tar
2024-05-25 02:49:01,820 - INFO - num users    	1
2024-05-25 02:49:02,061 - INFO - 
Epoch	0
2024-05-25 02:49:06,850 - INFO - [6144/363571]	Loss  : 1.9531
2024-05-25 02:49:44,831 - INFO - Test loss   : 0.9740
2024-05-25 02:49:44,831 - INFO - 
Epoch	1
2024-05-25 02:49:49,438 - INFO - [6144/363571]	Loss  : 1.6813
2024-05-25 02:50:27,269 - INFO - Test loss   : 0.9037
2024-05-25 02:50:27,269 - INFO - 
Epoch	2
2024-05-25 02:50:31,887 - INFO - [6144/363571]	Loss  : 1.5731
2024-05-25 02:51:10,131 - INFO - Test loss   : 0.7836
2024-05-25 02:51:10,131 - INFO - 
Epoch	3
2024-05-25 02:51:14,696 - INFO - [6144/363571]	Loss  : 1.4853
2024-05-25 02:51:52,979 - INFO - Test loss   : 0.7649
2024-05-25 02:51:52,979 - INFO - 
Epoch	4
2024-05-25 02:51:57,587 - INFO - [6144/363571]	Loss  : 1.4588
2024-05-25 02:52:34,758 - INFO - Test loss   : 0.7037
2024-05-25 02:52:34,758 - INFO - 
Epoch	5
2024-05-25 02:52:39,336 - INFO - [6144/363571]	Loss  : 1.4215
2024-05-25 02:53:18,323 - INFO - Test loss   : 0.7222
2024-05-25 02:53:18,324 - INFO - 
Epoch	6
2024-05-25 02:53:22,825 - INFO - [6144/363571]	Loss  : 1.4051
2024-05-25 02:54:01,160 - INFO - Test loss   : 0.6936
2024-05-25 02:54:01,160 - INFO - 
Epoch	7
2024-05-25 02:54:05,811 - INFO - [6144/363571]	Loss  : 1.3821
2024-05-25 02:54:43,656 - INFO - Test loss   : 0.7101
2024-05-25 02:54:43,657 - INFO - 
Epoch	8
2024-05-25 02:54:48,136 - INFO - [6144/363571]	Loss  : 1.3628
2024-05-25 02:55:26,218 - INFO - Test loss   : 0.6905
2024-05-25 02:55:26,218 - INFO - 
Epoch	9
2024-05-25 02:55:30,827 - INFO - [6144/363571]	Loss  : 1.3700
2024-05-25 02:56:09,381 - INFO - Test loss   : 0.6794
2024-05-25 02:56:09,381 - INFO - 
Epoch	10
2024-05-25 02:56:13,993 - INFO - [6144/363571]	Loss  : 1.3508
2024-05-25 02:56:52,299 - INFO - Test loss   : 0.7024
2024-05-25 02:56:52,684 - INFO - (53041,)
2024-05-25 02:56:52,837 - INFO -  Split ID: 0
2024-05-25 02:56:52,858 - INFO -  Top 1	LocEnc (Epoch 10)acc (%):   16.35
2024-05-25 02:56:52,860 - INFO -  Top 3	LocEnc (Epoch 10)acc (%):   29.0
2024-05-25 02:56:52,862 - INFO -  Top 5	LocEnc (Epoch 10)acc (%):   36.02
2024-05-25 02:56:52,863 - INFO -  Top 10	LocEnc (Epoch 10)acc (%):   49.99
2024-05-25 02:56:52,870 - INFO - 
No prior
2024-05-25 02:56:52,875 - INFO - (53041,)
2024-05-25 02:56:53,032 - INFO -  Split ID: 0
2024-05-25 02:56:53,032 - INFO -  Top 1	(Epoch 10)acc (%):   69.83
2024-05-25 02:56:53,032 - INFO -  Top 3	(Epoch 10)acc (%):   84.61
2024-05-25 02:56:53,032 - INFO -  Top 5	(Epoch 10)acc (%):   89.23
2024-05-25 02:56:53,032 - INFO -  Top 10	(Epoch 10)acc (%):   94.29
2024-05-25 02:57:32,481 - INFO -  Split ID: 0
2024-05-25 02:57:32,481 - INFO -  Top 1	(Epoch 10)acc (%):   70.37
2024-05-25 02:57:32,481 - INFO -  Top 3	(Epoch 10)acc (%):   85.05
2024-05-25 02:57:32,481 - INFO -  Top 5	(Epoch 10)acc (%):   89.75
2024-05-25 02:57:32,481 - INFO -  Top 10	(Epoch 10)acc (%):   94.63
2024-05-25 02:57:32,482 - INFO - 
Epoch	11
2024-05-25 02:57:37,087 - INFO - [6144/363571]	Loss  : 1.3422
2024-05-25 02:58:15,430 - INFO - Test loss   : 0.6626
2024-05-25 02:58:15,430 - INFO - 
Epoch	12
2024-05-25 02:58:20,047 - INFO - [6144/363571]	Loss  : 1.3238
2024-05-25 02:58:58,076 - INFO - Test loss   : 0.6977
2024-05-25 02:58:58,076 - INFO - 
Epoch	13
2024-05-25 02:59:02,675 - INFO - [6144/363571]	Loss  : 1.3215
2024-05-25 02:59:41,098 - INFO - Test loss   : 0.6825
2024-05-25 02:59:41,098 - INFO - 
Epoch	14
2024-05-25 02:59:45,713 - INFO - [6144/363571]	Loss  : 1.3107
2024-05-25 03:00:23,937 - INFO - Test loss   : 0.6840
2024-05-25 03:00:23,937 - INFO - 
Epoch	15
2024-05-25 03:00:28,599 - INFO - [6144/363571]	Loss  : 1.3084
2024-05-25 03:01:07,494 - INFO - Test loss   : 0.6402
2024-05-25 03:01:07,494 - INFO - 
Epoch	16
2024-05-25 03:01:12,093 - INFO - [6144/363571]	Loss  : 1.3074
2024-05-25 03:01:50,439 - INFO - Test loss   : 0.6861
2024-05-25 03:01:50,439 - INFO - 
Epoch	17
2024-05-25 03:01:55,081 - INFO - [6144/363571]	Loss  : 1.2981
2024-05-25 03:02:33,211 - INFO - Test loss   : 0.6762
2024-05-25 03:02:33,211 - INFO - 
Epoch	18
2024-05-25 03:02:37,775 - INFO - [6144/363571]	Loss  : 1.3043
2024-05-25 03:03:16,320 - INFO - Test loss   : 0.6353
2024-05-25 03:03:16,320 - INFO - 
Epoch	19
2024-05-25 03:03:20,941 - INFO - [6144/363571]	Loss  : 1.2841
2024-05-25 03:03:59,042 - INFO - Test loss   : 0.6873
2024-05-25 03:03:59,042 - INFO - 
Epoch	20
2024-05-25 03:04:03,615 - INFO - [6144/363571]	Loss  : 1.2772
2024-05-25 03:04:42,148 - INFO - Test loss   : 0.6595
2024-05-25 03:04:42,522 - INFO - (53041,)
2024-05-25 03:04:42,677 - INFO -  Split ID: 0
2024-05-25 03:04:42,698 - INFO -  Top 1	LocEnc (Epoch 20)acc (%):   16.98
2024-05-25 03:04:42,700 - INFO -  Top 3	LocEnc (Epoch 20)acc (%):   29.39
2024-05-25 03:04:42,701 - INFO -  Top 5	LocEnc (Epoch 20)acc (%):   36.83
2024-05-25 03:04:42,703 - INFO -  Top 10	LocEnc (Epoch 20)acc (%):   51.47
2024-05-25 03:04:42,709 - INFO - 
No prior
2024-05-25 03:04:42,715 - INFO - (53041,)
2024-05-25 03:04:42,871 - INFO -  Split ID: 0
2024-05-25 03:04:42,871 - INFO -  Top 1	(Epoch 20)acc (%):   69.83
2024-05-25 03:04:42,871 - INFO -  Top 3	(Epoch 20)acc (%):   84.61
2024-05-25 03:04:42,872 - INFO -  Top 5	(Epoch 20)acc (%):   89.23
2024-05-25 03:04:42,872 - INFO -  Top 10	(Epoch 20)acc (%):   94.29
2024-05-25 03:05:22,302 - INFO -  Split ID: 0
2024-05-25 03:05:22,302 - INFO -  Top 1	(Epoch 20)acc (%):   70.49
2024-05-25 03:05:22,302 - INFO -  Top 3	(Epoch 20)acc (%):   85.21
2024-05-25 03:05:22,302 - INFO -  Top 5	(Epoch 20)acc (%):   89.82
2024-05-25 03:05:22,302 - INFO -  Top 10	(Epoch 20)acc (%):   94.67
2024-05-25 03:05:22,303 - INFO - 
Epoch	21
2024-05-25 03:05:26,913 - INFO - [6144/363571]	Loss  : 1.2612
2024-05-25 03:06:04,849 - INFO - Test loss   : 0.6752
2024-05-25 03:06:04,849 - INFO - 
Epoch	22
2024-05-25 03:06:09,458 - INFO - [6144/363571]	Loss  : 1.2595
2024-05-25 03:06:47,685 - INFO - Test loss   : 0.6735
2024-05-25 03:06:47,685 - INFO - 
Epoch	23
2024-05-25 03:06:52,298 - INFO - [6144/363571]	Loss  : 1.2605
2024-05-25 03:07:30,759 - INFO - Test loss   : 0.6864
2024-05-25 03:07:30,759 - INFO - 
Epoch	24
2024-05-25 03:07:35,358 - INFO - [6144/363571]	Loss  : 1.2619
2024-05-25 03:08:13,428 - INFO - Test loss   : 0.6745
2024-05-25 03:08:13,428 - INFO - 
Epoch	25
2024-05-25 03:08:18,172 - INFO - [6144/363571]	Loss  : 1.2596
2024-05-25 03:08:57,436 - INFO - Test loss   : 0.6526
2024-05-25 03:08:57,436 - INFO - 
Epoch	26
2024-05-25 03:09:02,041 - INFO - [6144/363571]	Loss  : 1.2541
2024-05-25 03:09:40,311 - INFO - Test loss   : 0.6411
2024-05-25 03:09:40,311 - INFO - 
Epoch	27
2024-05-25 03:09:44,873 - INFO - [6144/363571]	Loss  : 1.2418
2024-05-25 03:10:23,370 - INFO - Test loss   : 0.6686
2024-05-25 03:10:23,370 - INFO - 
Epoch	28
2024-05-25 03:10:27,983 - INFO - [6144/363571]	Loss  : 1.2443
2024-05-25 03:11:06,375 - INFO - Test loss   : 0.6706
2024-05-25 03:11:06,375 - INFO - 
Epoch	29
2024-05-25 03:11:11,050 - INFO - [6144/363571]	Loss  : 1.2475
2024-05-25 03:11:48,959 - INFO - Test loss   : 0.6392
2024-05-25 03:11:48,959 - INFO - 
Epoch	30
2024-05-25 03:11:53,527 - INFO - [6144/363571]	Loss  : 1.2401
2024-05-25 03:12:31,694 - INFO - Test loss   : 0.6514
2024-05-25 03:12:32,053 - INFO - (53041,)
2024-05-25 03:12:32,204 - INFO -  Split ID: 0
2024-05-25 03:12:32,225 - INFO -  Top 1	LocEnc (Epoch 30)acc (%):   18.24
2024-05-25 03:12:32,227 - INFO -  Top 3	LocEnc (Epoch 30)acc (%):   30.87
2024-05-25 03:12:32,229 - INFO -  Top 5	LocEnc (Epoch 30)acc (%):   39.19
2024-05-25 03:12:32,230 - INFO -  Top 10	LocEnc (Epoch 30)acc (%):   53.6
2024-05-25 03:12:32,236 - INFO - 
No prior
2024-05-25 03:12:32,241 - INFO - (53041,)
2024-05-25 03:12:32,397 - INFO -  Split ID: 0
2024-05-25 03:12:32,397 - INFO -  Top 1	(Epoch 30)acc (%):   69.83
2024-05-25 03:12:32,397 - INFO -  Top 3	(Epoch 30)acc (%):   84.61
2024-05-25 03:12:32,397 - INFO -  Top 5	(Epoch 30)acc (%):   89.23
2024-05-25 03:12:32,397 - INFO -  Top 10	(Epoch 30)acc (%):   94.29
2024-05-25 03:13:11,877 - INFO -  Split ID: 0
2024-05-25 03:13:11,877 - INFO -  Top 1	(Epoch 30)acc (%):   70.6
2024-05-25 03:13:11,877 - INFO -  Top 3	(Epoch 30)acc (%):   85.28
2024-05-25 03:13:11,878 - INFO -  Top 5	(Epoch 30)acc (%):   89.84
2024-05-25 03:13:11,878 - INFO -  Top 10	(Epoch 30)acc (%):   94.76
2024-05-25 03:13:11,878 - INFO - 
Epoch	31
2024-05-25 03:13:16,342 - INFO - [6144/363571]	Loss  : 1.2432
2024-05-25 03:13:55,036 - INFO - Test loss   : 0.6567
2024-05-25 03:13:55,036 - INFO - 
Epoch	32
2024-05-25 03:13:59,494 - INFO - [6144/363571]	Loss  : 1.2290
2024-05-25 03:14:37,791 - INFO - Test loss   : 0.6307
2024-05-25 03:14:37,791 - INFO - 
Epoch	33
2024-05-25 03:14:42,332 - INFO - [6144/363571]	Loss  : 1.2204
2024-05-25 03:15:20,795 - INFO - Test loss   : 0.6550
2024-05-25 03:15:20,795 - INFO - 
Epoch	34
2024-05-25 03:15:25,418 - INFO - [6144/363571]	Loss  : 1.2295
2024-05-25 03:16:02,335 - INFO - Test loss   : 0.6496
2024-05-25 03:16:02,335 - INFO - 
Epoch	35
2024-05-25 03:16:07,034 - INFO - [6144/363571]	Loss  : 1.2237
2024-05-25 03:16:45,975 - INFO - Test loss   : 0.6409
2024-05-25 03:16:45,975 - INFO - 
Epoch	36
2024-05-25 03:16:50,439 - INFO - [6144/363571]	Loss  : 1.2284
2024-05-25 03:17:28,808 - INFO - Test loss   : 0.6679
2024-05-25 03:17:28,808 - INFO - 
Epoch	37
2024-05-25 03:17:33,415 - INFO - [6144/363571]	Loss  : 1.2101
2024-05-25 03:18:11,671 - INFO - Test loss   : 0.6339
2024-05-25 03:18:11,671 - INFO - 
Epoch	38
2024-05-25 03:18:16,116 - INFO - [6144/363571]	Loss  : 1.2055
2024-05-25 03:18:54,523 - INFO - Test loss   : 0.6481
2024-05-25 03:18:54,524 - INFO - 
Epoch	39
2024-05-25 03:18:58,980 - INFO - [6144/363571]	Loss  : 1.2100
2024-05-25 03:19:37,461 - INFO - Test loss   : 0.6716
2024-05-25 03:19:37,461 - INFO - 
Epoch	40
2024-05-25 03:19:41,985 - INFO - [6144/363571]	Loss  : 1.2019
2024-05-25 03:20:20,274 - INFO - Test loss   : 0.6664
2024-05-25 03:20:20,641 - INFO - (53041,)
2024-05-25 03:20:20,792 - INFO -  Split ID: 0
2024-05-25 03:20:20,813 - INFO -  Top 1	LocEnc (Epoch 40)acc (%):   18.55
2024-05-25 03:20:20,815 - INFO -  Top 3	LocEnc (Epoch 40)acc (%):   31.1
2024-05-25 03:20:20,816 - INFO -  Top 5	LocEnc (Epoch 40)acc (%):   39.02
2024-05-25 03:20:20,818 - INFO -  Top 10	LocEnc (Epoch 40)acc (%):   53.14
2024-05-25 03:20:20,824 - INFO - 
No prior
2024-05-25 03:20:20,829 - INFO - (53041,)
2024-05-25 03:20:20,981 - INFO -  Split ID: 0
2024-05-25 03:20:20,981 - INFO -  Top 1	(Epoch 40)acc (%):   69.83
2024-05-25 03:20:20,981 - INFO -  Top 3	(Epoch 40)acc (%):   84.61
2024-05-25 03:20:20,981 - INFO -  Top 5	(Epoch 40)acc (%):   89.23
2024-05-25 03:20:20,981 - INFO -  Top 10	(Epoch 40)acc (%):   94.29
2024-05-25 03:21:00,443 - INFO -  Split ID: 0
2024-05-25 03:21:00,443 - INFO -  Top 1	(Epoch 40)acc (%):   70.72
2024-05-25 03:21:00,443 - INFO -  Top 3	(Epoch 40)acc (%):   85.44
2024-05-25 03:21:00,443 - INFO -  Top 5	(Epoch 40)acc (%):   89.99
2024-05-25 03:21:00,444 - INFO -  Top 10	(Epoch 40)acc (%):   94.81
2024-05-25 03:21:00,444 - INFO - 
Epoch	41
2024-05-25 03:21:05,032 - INFO - [6144/363571]	Loss  : 1.2005
2024-05-25 03:21:43,286 - INFO - Test loss   : 0.6717
2024-05-25 03:21:43,286 - INFO - 
Epoch	42
2024-05-25 03:21:47,889 - INFO - [6144/363571]	Loss  : 1.1828
2024-05-25 03:22:26,475 - INFO - Test loss   : 0.6538
2024-05-25 03:22:26,476 - INFO - 
Epoch	43
2024-05-25 03:22:31,092 - INFO - [6144/363571]	Loss  : 1.2022
2024-05-25 03:23:09,241 - INFO - Test loss   : 0.6408
2024-05-25 03:23:09,241 - INFO - 
Epoch	44
2024-05-25 03:23:13,540 - INFO - [6144/363571]	Loss  : 1.1903
2024-05-25 03:23:51,611 - INFO - Test loss   : 0.6430
2024-05-25 03:23:51,611 - INFO - 
Epoch	45
2024-05-25 03:23:56,129 - INFO - [6144/363571]	Loss  : 1.1882
2024-05-25 03:24:35,115 - INFO - Test loss   : 0.6560
2024-05-25 03:24:35,116 - INFO - 
Epoch	46
2024-05-25 03:24:39,719 - INFO - [6144/363571]	Loss  : 1.1982
2024-05-25 03:25:18,211 - INFO - Test loss   : 0.6407
2024-05-25 03:25:18,211 - INFO - 
Epoch	47
2024-05-25 03:25:22,846 - INFO - [6144/363571]	Loss  : 1.1891
2024-05-25 03:26:00,764 - INFO - Test loss   : 0.6482
2024-05-25 03:26:00,764 - INFO - 
Epoch	48
2024-05-25 03:26:05,361 - INFO - [6144/363571]	Loss  : 1.1882
2024-05-25 03:26:43,990 - INFO - Test loss   : 0.6407
2024-05-25 03:26:43,991 - INFO - 
Epoch	49
2024-05-25 03:26:48,549 - INFO - [6144/363571]	Loss  : 1.1725
2024-05-25 03:27:19,272 - INFO - Test loss   : 0.6480
2024-05-25 03:27:19,272 - INFO - 
Epoch	50
2024-05-25 03:27:21,866 - INFO - [6144/363571]	Loss  : 1.1848
2024-05-25 03:27:42,859 - INFO - Test loss   : 0.6511
2024-05-25 03:27:43,657 - INFO - (53041,)
2024-05-25 03:27:44,007 - INFO -  Split ID: 0
2024-05-25 03:27:44,029 - INFO -  Top 1	LocEnc (Epoch 50)acc (%):   19.03
2024-05-25 03:27:44,031 - INFO -  Top 3	LocEnc (Epoch 50)acc (%):   31.79
2024-05-25 03:27:44,033 - INFO -  Top 5	LocEnc (Epoch 50)acc (%):   39.75
2024-05-25 03:27:44,035 - INFO -  Top 10	LocEnc (Epoch 50)acc (%):   54.35
2024-05-25 03:27:44,041 - INFO - 
No prior
2024-05-25 03:27:44,046 - INFO - (53041,)
2024-05-25 03:27:44,543 - INFO -  Split ID: 0
2024-05-25 03:27:44,544 - INFO -  Top 1	(Epoch 50)acc (%):   69.83
2024-05-25 03:27:44,544 - INFO -  Top 3	(Epoch 50)acc (%):   84.61
2024-05-25 03:27:44,544 - INFO -  Top 5	(Epoch 50)acc (%):   89.23
2024-05-25 03:27:44,544 - INFO -  Top 10	(Epoch 50)acc (%):   94.29
2024-05-25 03:28:12,828 - INFO -  Split ID: 0
2024-05-25 03:28:12,828 - INFO -  Top 1	(Epoch 50)acc (%):   70.77
2024-05-25 03:28:12,828 - INFO -  Top 3	(Epoch 50)acc (%):   85.43
2024-05-25 03:28:12,829 - INFO -  Top 5	(Epoch 50)acc (%):   90.01
2024-05-25 03:28:12,829 - INFO -  Top 10	(Epoch 50)acc (%):   94.8
2024-05-25 03:28:12,829 - INFO - 
Epoch	51
2024-05-25 03:28:15,541 - INFO - [6144/363571]	Loss  : 1.1882
2024-05-25 03:28:36,597 - INFO - Test loss   : 0.6332
2024-05-25 03:28:36,597 - INFO - 
Epoch	52
2024-05-25 03:28:39,301 - INFO - [6144/363571]	Loss  : 1.1916
2024-05-25 03:29:07,104 - INFO - Test loss   : 0.6152
2024-05-25 03:29:07,105 - INFO - 
Epoch	53
2024-05-25 03:29:11,770 - INFO - [6144/363571]	Loss  : 1.1803
2024-05-25 03:29:49,076 - INFO - Test loss   : 0.6206
2024-05-25 03:29:49,076 - INFO - 
Epoch	54
2024-05-25 03:29:53,852 - INFO - [6144/363571]	Loss  : 1.1720
2024-05-25 03:30:32,886 - INFO - Test loss   : 0.6407
2024-05-25 03:30:32,886 - INFO - 
Epoch	55
2024-05-25 03:30:37,474 - INFO - [6144/363571]	Loss  : 1.1593
2024-05-25 03:31:16,079 - INFO - Test loss   : 0.6506
2024-05-25 03:31:16,079 - INFO - 
Epoch	56
2024-05-25 03:31:20,647 - INFO - [6144/363571]	Loss  : 1.1757
2024-05-25 03:31:59,033 - INFO - Test loss   : 0.6303
2024-05-25 03:31:59,034 - INFO - 
Epoch	57
2024-05-25 03:32:03,639 - INFO - [6144/363571]	Loss  : 1.1764
2024-05-25 03:32:42,205 - INFO - Test loss   : 0.6243
2024-05-25 03:32:42,206 - INFO - 
Epoch	58
2024-05-25 03:32:46,825 - INFO - [6144/363571]	Loss  : 1.1639
2024-05-25 03:33:25,046 - INFO - Test loss   : 0.6386
2024-05-25 03:33:25,046 - INFO - 
Epoch	59
2024-05-25 03:33:29,696 - INFO - [6144/363571]	Loss  : 1.1581
2024-05-25 03:34:08,308 - INFO - Test loss   : 0.6430
2024-05-25 03:34:08,309 - INFO - 
Epoch	60
2024-05-25 03:34:12,930 - INFO - [6144/363571]	Loss  : 1.1470
2024-05-25 03:34:51,434 - INFO - Test loss   : 0.6435
2024-05-25 03:34:51,779 - INFO - (53041,)
2024-05-25 03:34:51,932 - INFO -  Split ID: 0
2024-05-25 03:34:51,952 - INFO -  Top 1	LocEnc (Epoch 60)acc (%):   19.56
2024-05-25 03:34:51,954 - INFO -  Top 3	LocEnc (Epoch 60)acc (%):   32.77
2024-05-25 03:34:51,956 - INFO -  Top 5	LocEnc (Epoch 60)acc (%):   40.86
2024-05-25 03:34:51,958 - INFO -  Top 10	LocEnc (Epoch 60)acc (%):   55.36
2024-05-25 03:34:51,964 - INFO - 
No prior
2024-05-25 03:34:51,969 - INFO - (53041,)
2024-05-25 03:34:52,122 - INFO -  Split ID: 0
2024-05-25 03:34:52,123 - INFO -  Top 1	(Epoch 60)acc (%):   69.83
2024-05-25 03:34:52,123 - INFO -  Top 3	(Epoch 60)acc (%):   84.61
2024-05-25 03:34:52,123 - INFO -  Top 5	(Epoch 60)acc (%):   89.23
2024-05-25 03:34:52,123 - INFO -  Top 10	(Epoch 60)acc (%):   94.29
2024-05-25 03:35:31,572 - INFO -  Split ID: 0
2024-05-25 03:35:31,572 - INFO -  Top 1	(Epoch 60)acc (%):   70.82
2024-05-25 03:35:31,572 - INFO -  Top 3	(Epoch 60)acc (%):   85.46
2024-05-25 03:35:31,572 - INFO -  Top 5	(Epoch 60)acc (%):   90.06
2024-05-25 03:35:31,572 - INFO -  Top 10	(Epoch 60)acc (%):   94.85
2024-05-25 03:35:31,573 - INFO - 
Epoch	61
2024-05-25 03:35:36,126 - INFO - [6144/363571]	Loss  : 1.1659
2024-05-25 03:36:14,507 - INFO - Test loss   : 0.6290
2024-05-25 03:36:14,507 - INFO - 
Epoch	62
2024-05-25 03:36:19,119 - INFO - [6144/363571]	Loss  : 1.1650
2024-05-25 03:36:57,482 - INFO - Test loss   : 0.6176
2024-05-25 03:36:57,482 - INFO - 
Epoch	63
2024-05-25 03:37:02,086 - INFO - [6144/363571]	Loss  : 1.1649
2024-05-25 03:37:40,088 - INFO - Test loss   : 0.6319
2024-05-25 03:37:40,088 - INFO - 
Epoch	64
2024-05-25 03:37:44,808 - INFO - [6144/363571]	Loss  : 1.1622
2024-05-25 03:38:23,428 - INFO - Test loss   : 0.6461
2024-05-25 03:38:23,429 - INFO - 
Epoch	65
2024-05-25 03:38:28,076 - INFO - [6144/363571]	Loss  : 1.1631
2024-05-25 03:39:06,105 - INFO - Test loss   : 0.6366
2024-05-25 03:39:06,106 - INFO - 
Epoch	66
2024-05-25 03:39:10,720 - INFO - [6144/363571]	Loss  : 1.1440
2024-05-25 03:39:48,974 - INFO - Test loss   : 0.6338
2024-05-25 03:39:48,974 - INFO - 
Epoch	67
2024-05-25 03:39:53,597 - INFO - [6144/363571]	Loss  : 1.1466
2024-05-25 03:40:32,095 - INFO - Test loss   : 0.6352
2024-05-25 03:40:32,095 - INFO - 
Epoch	68
2024-05-25 03:40:36,677 - INFO - [6144/363571]	Loss  : 1.1616
2024-05-25 03:41:14,899 - INFO - Test loss   : 0.6329
2024-05-25 03:41:14,899 - INFO - 
Epoch	69
2024-05-25 03:41:19,520 - INFO - [6144/363571]	Loss  : 1.1558
2024-05-25 03:41:57,945 - INFO - Test loss   : 0.6249
2024-05-25 03:41:57,945 - INFO - 
Epoch	70
2024-05-25 03:42:02,554 - INFO - [6144/363571]	Loss  : 1.1434
2024-05-25 03:42:41,033 - INFO - Test loss   : 0.6129
2024-05-25 03:42:41,398 - INFO - (53041,)
2024-05-25 03:42:41,549 - INFO -  Split ID: 0
2024-05-25 03:42:41,570 - INFO -  Top 1	LocEnc (Epoch 70)acc (%):   19.97
2024-05-25 03:42:41,571 - INFO -  Top 3	LocEnc (Epoch 70)acc (%):   33.14
2024-05-25 03:42:41,573 - INFO -  Top 5	LocEnc (Epoch 70)acc (%):   40.63
2024-05-25 03:42:41,575 - INFO -  Top 10	LocEnc (Epoch 70)acc (%):   55.61
2024-05-25 03:42:41,581 - INFO - 
No prior
2024-05-25 03:42:41,586 - INFO - (53041,)
2024-05-25 03:42:41,738 - INFO -  Split ID: 0
2024-05-25 03:42:41,738 - INFO -  Top 1	(Epoch 70)acc (%):   69.83
2024-05-25 03:42:41,738 - INFO -  Top 3	(Epoch 70)acc (%):   84.61
2024-05-25 03:42:41,738 - INFO -  Top 5	(Epoch 70)acc (%):   89.23
2024-05-25 03:42:41,739 - INFO -  Top 10	(Epoch 70)acc (%):   94.29
2024-05-25 03:43:21,165 - INFO -  Split ID: 0
2024-05-25 03:43:21,166 - INFO -  Top 1	(Epoch 70)acc (%):   70.78
2024-05-25 03:43:21,166 - INFO -  Top 3	(Epoch 70)acc (%):   85.43
2024-05-25 03:43:21,166 - INFO -  Top 5	(Epoch 70)acc (%):   90.01
2024-05-25 03:43:21,166 - INFO -  Top 10	(Epoch 70)acc (%):   94.84
2024-05-25 03:43:21,166 - INFO - 
Epoch	71
2024-05-25 03:43:25,821 - INFO - [6144/363571]	Loss  : 1.1543
2024-05-25 03:44:04,089 - INFO - Test loss   : 0.6276
2024-05-25 03:44:04,089 - INFO - 
Epoch	72
2024-05-25 03:44:08,690 - INFO - [6144/363571]	Loss  : 1.1465
2024-05-25 03:44:47,207 - INFO - Test loss   : 0.6386
2024-05-25 03:44:47,207 - INFO - 
Epoch	73
2024-05-25 03:44:51,791 - INFO - [6144/363571]	Loss  : 1.1373
2024-05-25 03:45:29,262 - INFO - Test loss   : 0.6396
2024-05-25 03:45:29,262 - INFO - 
Epoch	74
2024-05-25 03:45:33,917 - INFO - [6144/363571]	Loss  : 1.1407
2024-05-25 03:46:12,598 - INFO - Test loss   : 0.6194
2024-05-25 03:46:12,598 - INFO - 
Epoch	75
2024-05-25 03:46:17,195 - INFO - [6144/363571]	Loss  : 1.1316
2024-05-25 03:46:55,428 - INFO - Test loss   : 0.6275
2024-05-25 03:46:55,428 - INFO - 
Epoch	76
2024-05-25 03:47:00,014 - INFO - [6144/363571]	Loss  : 1.1409
2024-05-25 03:47:38,491 - INFO - Test loss   : 0.6312
2024-05-25 03:47:38,492 - INFO - 
Epoch	77
2024-05-25 03:47:43,138 - INFO - [6144/363571]	Loss  : 1.1581
2024-05-25 03:48:21,225 - INFO - Test loss   : 0.6292
2024-05-25 03:48:21,225 - INFO - 
Epoch	78
2024-05-25 03:48:25,846 - INFO - [6144/363571]	Loss  : 1.1364
2024-05-25 03:49:04,221 - INFO - Test loss   : 0.6214
2024-05-25 03:49:04,221 - INFO - 
Epoch	79
2024-05-25 03:49:08,841 - INFO - [6144/363571]	Loss  : 1.1433
2024-05-25 03:49:46,977 - INFO - Test loss   : 0.6246
2024-05-25 03:49:46,977 - INFO - 
Epoch	80
2024-05-25 03:49:51,554 - INFO - [6144/363571]	Loss  : 1.1481
2024-05-25 03:50:30,085 - INFO - Test loss   : 0.6268
2024-05-25 03:50:30,462 - INFO - (53041,)
2024-05-25 03:50:30,616 - INFO -  Split ID: 0
2024-05-25 03:50:30,638 - INFO -  Top 1	LocEnc (Epoch 80)acc (%):   19.61
2024-05-25 03:50:30,639 - INFO -  Top 3	LocEnc (Epoch 80)acc (%):   33.31
2024-05-25 03:50:30,641 - INFO -  Top 5	LocEnc (Epoch 80)acc (%):   40.9
2024-05-25 03:50:30,643 - INFO -  Top 10	LocEnc (Epoch 80)acc (%):   55.59
2024-05-25 03:50:30,649 - INFO - 
No prior
2024-05-25 03:50:30,654 - INFO - (53041,)
2024-05-25 03:50:30,809 - INFO -  Split ID: 0
2024-05-25 03:50:30,809 - INFO -  Top 1	(Epoch 80)acc (%):   69.83
2024-05-25 03:50:30,809 - INFO -  Top 3	(Epoch 80)acc (%):   84.61
2024-05-25 03:50:30,809 - INFO -  Top 5	(Epoch 80)acc (%):   89.23
2024-05-25 03:50:30,809 - INFO -  Top 10	(Epoch 80)acc (%):   94.29
2024-05-25 03:51:10,227 - INFO -  Split ID: 0
2024-05-25 03:51:10,227 - INFO -  Top 1	(Epoch 80)acc (%):   70.85
2024-05-25 03:51:10,227 - INFO -  Top 3	(Epoch 80)acc (%):   85.48
2024-05-25 03:51:10,227 - INFO -  Top 5	(Epoch 80)acc (%):   90.06
2024-05-25 03:51:10,227 - INFO -  Top 10	(Epoch 80)acc (%):   94.86
2024-05-25 03:51:10,228 - INFO - 
Epoch	81
2024-05-25 03:51:14,835 - INFO - [6144/363571]	Loss  : 1.1431
2024-05-25 03:51:53,523 - INFO - Test loss   : 0.6257
2024-05-25 03:51:53,523 - INFO - 
Epoch	82
2024-05-25 03:51:58,039 - INFO - [6144/363571]	Loss  : 1.1474
2024-05-25 03:52:35,391 - INFO - Test loss   : 0.6245
2024-05-25 03:52:35,391 - INFO - 
Epoch	83
2024-05-25 03:52:40,113 - INFO - [6144/363571]	Loss  : 1.1302
2024-05-25 03:53:14,372 - INFO - Test loss   : 0.6197
2024-05-25 03:53:14,372 - INFO - 
Epoch	84
2024-05-25 03:53:16,830 - INFO - [6144/363571]	Loss  : 1.1340
2024-05-25 03:53:53,731 - INFO - Test loss   : 0.6253
2024-05-25 03:53:53,731 - INFO - 
Epoch	85
2024-05-25 03:53:58,326 - INFO - [6144/363571]	Loss  : 1.1283
2024-05-25 03:54:36,876 - INFO - Test loss   : 0.6294
2024-05-25 03:54:36,876 - INFO - 
Epoch	86
2024-05-25 03:54:41,487 - INFO - [6144/363571]	Loss  : 1.1319
2024-05-25 03:55:19,732 - INFO - Test loss   : 0.6285
2024-05-25 03:55:19,733 - INFO - 
Epoch	87
2024-05-25 03:55:24,343 - INFO - [6144/363571]	Loss  : 1.1400
2024-05-25 03:56:02,507 - INFO - Test loss   : 0.6176
2024-05-25 03:56:02,507 - INFO - 
Epoch	88
2024-05-25 03:56:07,124 - INFO - [6144/363571]	Loss  : 1.1280
2024-05-25 03:56:45,713 - INFO - Test loss   : 0.6112
2024-05-25 03:56:45,713 - INFO - 
Epoch	89
2024-05-25 03:56:50,207 - INFO - [6144/363571]	Loss  : 1.1310
2024-05-25 03:57:28,594 - INFO - Test loss   : 0.6173
2024-05-25 03:57:28,594 - INFO - 
Epoch	90
2024-05-25 03:57:33,177 - INFO - [6144/363571]	Loss  : 1.1271
2024-05-25 03:58:11,601 - INFO - Test loss   : 0.6291
2024-05-25 03:58:11,977 - INFO - (53041,)
2024-05-25 03:58:12,131 - INFO -  Split ID: 0
2024-05-25 03:58:12,151 - INFO -  Top 1	LocEnc (Epoch 90)acc (%):   19.99
2024-05-25 03:58:12,153 - INFO -  Top 3	LocEnc (Epoch 90)acc (%):   33.51
2024-05-25 03:58:12,155 - INFO -  Top 5	LocEnc (Epoch 90)acc (%):   41.82
2024-05-25 03:58:12,157 - INFO -  Top 10	LocEnc (Epoch 90)acc (%):   56.69
2024-05-25 03:58:12,163 - INFO - 
No prior
2024-05-25 03:58:12,168 - INFO - (53041,)
2024-05-25 03:58:12,324 - INFO -  Split ID: 0
2024-05-25 03:58:12,324 - INFO -  Top 1	(Epoch 90)acc (%):   69.83
2024-05-25 03:58:12,324 - INFO -  Top 3	(Epoch 90)acc (%):   84.61
2024-05-25 03:58:12,325 - INFO -  Top 5	(Epoch 90)acc (%):   89.23
2024-05-25 03:58:12,325 - INFO -  Top 10	(Epoch 90)acc (%):   94.29
2024-05-25 03:58:51,728 - INFO -  Split ID: 0
2024-05-25 03:58:51,729 - INFO -  Top 1	(Epoch 90)acc (%):   70.86
2024-05-25 03:58:51,729 - INFO -  Top 3	(Epoch 90)acc (%):   85.52
2024-05-25 03:58:51,729 - INFO -  Top 5	(Epoch 90)acc (%):   90.09
2024-05-25 03:58:51,729 - INFO -  Top 10	(Epoch 90)acc (%):   94.88
2024-05-25 03:58:51,730 - INFO - 
Epoch	91
2024-05-25 03:58:56,332 - INFO - [6144/363571]	Loss  : 1.1168
2024-05-25 03:59:34,544 - INFO - Test loss   : 0.6355
2024-05-25 03:59:34,544 - INFO - 
Epoch	92
2024-05-25 03:59:39,161 - INFO - [6144/363571]	Loss  : 1.1263
2024-05-25 04:00:17,412 - INFO - Test loss   : 0.6348
2024-05-25 04:00:17,412 - INFO - 
Epoch	93
2024-05-25 04:00:22,023 - INFO - [6144/363571]	Loss  : 1.1209
2024-05-25 04:01:00,066 - INFO - Test loss   : 0.6269
2024-05-25 04:01:00,066 - INFO - 
Epoch	94
2024-05-25 04:01:04,681 - INFO - [6144/363571]	Loss  : 1.1159
2024-05-25 04:01:42,609 - INFO - Test loss   : 0.6128
2024-05-25 04:01:42,609 - INFO - 
Epoch	95
2024-05-25 04:01:47,373 - INFO - [6144/363571]	Loss  : 1.1169
2024-05-25 04:02:25,600 - INFO - Test loss   : 0.6123
2024-05-25 04:02:25,600 - INFO - 
Epoch	96
2024-05-25 04:02:30,024 - INFO - [6144/363571]	Loss  : 1.1229
2024-05-25 04:03:08,568 - INFO - Test loss   : 0.6159
2024-05-25 04:03:08,569 - INFO - 
Epoch	97
2024-05-25 04:03:13,184 - INFO - [6144/363571]	Loss  : 1.1398
2024-05-25 04:03:51,546 - INFO - Test loss   : 0.6162
2024-05-25 04:03:51,546 - INFO - 
Epoch	98
2024-05-25 04:03:55,918 - INFO - [6144/363571]	Loss  : 1.1314
2024-05-25 04:04:34,409 - INFO - Test loss   : 0.6085
2024-05-25 04:04:34,409 - INFO - 
Epoch	99
2024-05-25 04:04:39,015 - INFO - [6144/363571]	Loss  : 1.1184
2024-05-25 04:05:17,660 - INFO - Test loss   : 0.6135
2024-05-25 04:05:17,660 - INFO - Saving output model to ../models/sphere2vec_sphereC/model_fmow_Sphere2Vec-sphereC_inception_v3_0.0050_64_0.0005000_1_512.pth.tar
2024-05-25 04:05:17,666 - INFO - Saving output model to ../models/sphere2vec_sphereC/model_fmow_Sphere2Vec-sphereC_inception_v3_0.0050_64_0.0005000_1_512.pth.tar
2024-05-25 04:05:17,681 - INFO - 
No prior
2024-05-25 04:05:17,686 - INFO - (53041,)
2024-05-25 04:05:17,841 - INFO -  Split ID: 0
2024-05-25 04:05:17,841 - INFO -  Top 1	acc (%):   69.83
2024-05-25 04:05:17,842 - INFO -  Top 3	acc (%):   84.61
2024-05-25 04:05:17,842 - INFO -  Top 5	acc (%):   89.23
2024-05-25 04:05:17,842 - INFO -  Top 10	acc (%):   94.29
2024-05-25 04:05:57,278 - INFO -  Split ID: 0
2024-05-25 04:05:57,278 - INFO -  Top 1	acc (%):   70.85
2024-05-25 04:05:57,278 - INFO -  Top 3	acc (%):   85.49
2024-05-25 04:05:57,278 - INFO -  Top 5	acc (%):   90.07
2024-05-25 04:05:57,278 - INFO -  Top 10	acc (%):   94.86
2024-05-25 04:05:57,279 - INFO - 
Sphere2Vec-sphereC
2024-05-25 04:05:57,279 - INFO -  Model :	model_fmow_Sphere2Vec-sphereC_inception_v3_0.0050_64_0.0005000_1_512.pth.tar
2024-05-25 04:05:57,653 - INFO - (53041,)
2024-05-25 04:05:57,806 - INFO -  Split ID: 0
2024-05-25 04:05:57,826 - INFO -  Top 1	LocEnc acc (%):   19.9
2024-05-25 04:05:57,828 - INFO -  Top 3	LocEnc acc (%):   34.04
2024-05-25 04:05:57,829 - INFO -  Top 5	LocEnc acc (%):   42.1
2024-05-25 04:05:57,831 - INFO -  Top 10	LocEnc acc (%):   57.51
