2024-05-22 23:40:20,572 - INFO - 
num_classes	500
2024-05-22 23:40:20,572 - INFO - num train    	42490
2024-05-22 23:40:20,572 - INFO - num val      	980
2024-05-22 23:40:20,572 - INFO - train loss   	full_loss
2024-05-22 23:40:20,572 - INFO - model name   	../models/sphere2vec_sphereC/model_birdsnap_ebird_meta_Sphere2Vec-sphereC_inception_v3_0.0010_64_0.0010000_1_512.pth.tar
2024-05-22 23:40:20,572 - INFO - num users    	5763
2024-05-22 23:40:20,572 - INFO - meta data    	ebird_meta
2024-05-22 23:40:20,776 - INFO - 
Epoch	0
2024-05-22 23:40:41,172 - INFO - [41984/42490]	Loss  : 1.7720
2024-05-22 23:40:41,643 - INFO - Test loss   : 0.7536
2024-05-22 23:40:41,643 - INFO - 
Epoch	1
2024-05-22 23:41:01,886 - INFO - [41984/42490]	Loss  : 1.2737
2024-05-22 23:41:02,356 - INFO - Test loss   : 0.5122
2024-05-22 23:41:02,356 - INFO - 
Epoch	2
2024-05-22 23:41:22,312 - INFO - [41984/42490]	Loss  : 1.0430
2024-05-22 23:41:22,782 - INFO - Test loss   : 0.3672
2024-05-22 23:41:22,783 - INFO - 
Epoch	3
2024-05-22 23:41:42,895 - INFO - [41984/42490]	Loss  : 0.9505
2024-05-22 23:41:43,373 - INFO - Test loss   : 0.3431
2024-05-22 23:41:43,374 - INFO - 
Epoch	4
2024-05-22 23:42:03,579 - INFO - [41984/42490]	Loss  : 0.9041
2024-05-22 23:42:04,049 - INFO - Test loss   : 0.3239
2024-05-22 23:42:04,049 - INFO - 
Epoch	5
2024-05-22 23:42:24,099 - INFO - [41984/42490]	Loss  : 0.8733
2024-05-22 23:42:24,567 - INFO - Test loss   : 0.3169
2024-05-22 23:42:24,567 - INFO - 
Epoch	6
2024-05-22 23:42:42,324 - INFO - [41984/42490]	Loss  : 0.8484
2024-05-22 23:42:42,416 - INFO - Test loss   : 0.3189
2024-05-22 23:42:42,417 - INFO - 
Epoch	7
2024-05-22 23:43:06,218 - INFO - [41984/42490]	Loss  : 0.8309
2024-05-22 23:43:06,754 - INFO - Test loss   : 0.3161
2024-05-22 23:43:06,754 - INFO - 
Epoch	8
2024-05-22 23:43:27,846 - INFO - [41984/42490]	Loss  : 0.8135
2024-05-22 23:43:28,317 - INFO - Test loss   : 0.3190
2024-05-22 23:43:28,317 - INFO - 
Epoch	9
2024-05-22 23:43:48,340 - INFO - [41984/42490]	Loss  : 0.8003
2024-05-22 23:43:48,814 - INFO - Test loss   : 0.3208
2024-05-22 23:43:48,815 - INFO - 
Epoch	10
2024-05-22 23:44:09,172 - INFO - [41984/42490]	Loss  : 0.7873
2024-05-22 23:44:09,645 - INFO - Test loss   : 0.3285
2024-05-22 23:44:09,657 - INFO - (980,)
2024-05-22 23:44:09,693 - INFO -  Split ID: 0
2024-05-22 23:44:09,694 - INFO -  Top 1	LocEnc (Epoch 10)acc (%):   5.41
2024-05-22 23:44:09,694 - INFO -  Top 3	LocEnc (Epoch 10)acc (%):   11.63
2024-05-22 23:44:09,694 - INFO -  Top 5	LocEnc (Epoch 10)acc (%):   17.04
2024-05-22 23:44:09,694 - INFO -  Top 10	LocEnc (Epoch 10)acc (%):   25.82
2024-05-22 23:44:09,695 - INFO - 
No prior
2024-05-22 23:44:09,695 - INFO - (2262,)
2024-05-22 23:44:09,746 - INFO -  Split ID: 0
2024-05-22 23:44:09,746 - INFO -  Top 1	(Epoch 10)acc (%):   70.07
2024-05-22 23:44:09,746 - INFO -  Top 3	(Epoch 10)acc (%):   86.6
2024-05-22 23:44:09,746 - INFO -  Top 5	(Epoch 10)acc (%):   90.05
2024-05-22 23:44:09,746 - INFO -  Top 10	(Epoch 10)acc (%):   92.88
2024-05-22 23:44:11,268 - INFO -  Split ID: 0
2024-05-22 23:44:11,268 - INFO -  Top 1	(Epoch 10)acc (%):   79.09
2024-05-22 23:44:11,268 - INFO -  Top 3	(Epoch 10)acc (%):   91.29
2024-05-22 23:44:11,268 - INFO -  Top 5	(Epoch 10)acc (%):   93.59
2024-05-22 23:44:11,269 - INFO -  Top 10	(Epoch 10)acc (%):   95.89
2024-05-22 23:44:11,269 - INFO - 
Epoch	11
2024-05-22 23:44:31,273 - INFO - [41984/42490]	Loss  : 0.7739
2024-05-22 23:44:31,747 - INFO - Test loss   : 0.3267
2024-05-22 23:44:31,747 - INFO - 
Epoch	12
2024-05-22 23:44:52,157 - INFO - [41984/42490]	Loss  : 0.7663
2024-05-22 23:44:52,630 - INFO - Test loss   : 0.3335
2024-05-22 23:44:52,630 - INFO - 
Epoch	13
2024-05-22 23:45:12,771 - INFO - [41984/42490]	Loss  : 0.7566
2024-05-22 23:45:13,243 - INFO - Test loss   : 0.3338
2024-05-22 23:45:13,244 - INFO - 
Epoch	14
2024-05-22 23:45:33,423 - INFO - [41984/42490]	Loss  : 0.7495
2024-05-22 23:45:33,896 - INFO - Test loss   : 0.3384
2024-05-22 23:45:33,896 - INFO - 
Epoch	15
2024-05-22 23:45:54,263 - INFO - [41984/42490]	Loss  : 0.7421
2024-05-22 23:45:54,744 - INFO - Test loss   : 0.3388
2024-05-22 23:45:54,744 - INFO - 
Epoch	16
2024-05-22 23:46:14,979 - INFO - [41984/42490]	Loss  : 0.7341
2024-05-22 23:46:15,452 - INFO - Test loss   : 0.3466
2024-05-22 23:46:15,452 - INFO - 
Epoch	17
2024-05-22 23:46:35,722 - INFO - [41984/42490]	Loss  : 0.7265
2024-05-22 23:46:36,193 - INFO - Test loss   : 0.3497
2024-05-22 23:46:36,194 - INFO - 
Epoch	18
2024-05-22 23:46:54,740 - INFO - [41984/42490]	Loss  : 0.7205
2024-05-22 23:46:54,782 - INFO - Test loss   : 0.3599
2024-05-22 23:46:54,782 - INFO - 
Epoch	19
2024-05-22 23:47:17,967 - INFO - [41984/42490]	Loss  : 0.7145
2024-05-22 23:47:18,507 - INFO - Test loss   : 0.3649
2024-05-22 23:47:18,507 - INFO - 
Epoch	20
2024-05-22 23:47:39,726 - INFO - [41984/42490]	Loss  : 0.7103
2024-05-22 23:47:40,199 - INFO - Test loss   : 0.3690
2024-05-22 23:47:40,206 - INFO - (980,)
2024-05-22 23:47:40,239 - INFO -  Split ID: 0
2024-05-22 23:47:40,240 - INFO -  Top 1	LocEnc (Epoch 20)acc (%):   6.22
2024-05-22 23:47:40,240 - INFO -  Top 3	LocEnc (Epoch 20)acc (%):   13.67
2024-05-22 23:47:40,240 - INFO -  Top 5	LocEnc (Epoch 20)acc (%):   18.88
2024-05-22 23:47:40,240 - INFO -  Top 10	LocEnc (Epoch 20)acc (%):   28.57
2024-05-22 23:47:40,240 - INFO - 
No prior
2024-05-22 23:47:40,241 - INFO - (2262,)
2024-05-22 23:47:40,292 - INFO -  Split ID: 0
2024-05-22 23:47:40,292 - INFO -  Top 1	(Epoch 20)acc (%):   70.07
2024-05-22 23:47:40,292 - INFO -  Top 3	(Epoch 20)acc (%):   86.6
2024-05-22 23:47:40,292 - INFO -  Top 5	(Epoch 20)acc (%):   90.05
2024-05-22 23:47:40,292 - INFO -  Top 10	(Epoch 20)acc (%):   92.88
2024-05-22 23:47:41,816 - INFO -  Split ID: 0
2024-05-22 23:47:41,816 - INFO -  Top 1	(Epoch 20)acc (%):   79.71
2024-05-22 23:47:41,817 - INFO -  Top 3	(Epoch 20)acc (%):   91.95
2024-05-22 23:47:41,817 - INFO -  Top 5	(Epoch 20)acc (%):   93.94
2024-05-22 23:47:41,817 - INFO -  Top 10	(Epoch 20)acc (%):   96.24
2024-05-22 23:47:41,817 - INFO - 
Epoch	21
2024-05-22 23:48:02,168 - INFO - [41984/42490]	Loss  : 0.7032
2024-05-22 23:48:02,643 - INFO - Test loss   : 0.3699
2024-05-22 23:48:02,643 - INFO - 
Epoch	22
2024-05-22 23:48:23,465 - INFO - [41984/42490]	Loss  : 0.7004
2024-05-22 23:48:23,939 - INFO - Test loss   : 0.3755
2024-05-22 23:48:23,939 - INFO - 
Epoch	23
2024-05-22 23:48:44,204 - INFO - [41984/42490]	Loss  : 0.6929
2024-05-22 23:48:44,720 - INFO - Test loss   : 0.3850
2024-05-22 23:48:44,721 - INFO - 
Epoch	24
2024-05-22 23:49:04,869 - INFO - [41984/42490]	Loss  : 0.6887
2024-05-22 23:49:05,387 - INFO - Test loss   : 0.3897
2024-05-22 23:49:05,387 - INFO - 
Epoch	25
2024-05-22 23:49:25,665 - INFO - [41984/42490]	Loss  : 0.6837
2024-05-22 23:49:26,138 - INFO - Test loss   : 0.3957
2024-05-22 23:49:26,138 - INFO - 
Epoch	26
2024-05-22 23:49:46,313 - INFO - [41984/42490]	Loss  : 0.6818
2024-05-22 23:49:46,787 - INFO - Test loss   : 0.4011
2024-05-22 23:49:46,787 - INFO - 
Epoch	27
2024-05-22 23:50:06,985 - INFO - [41984/42490]	Loss  : 0.6771
2024-05-22 23:50:07,466 - INFO - Test loss   : 0.3986
2024-05-22 23:50:07,466 - INFO - 
Epoch	28
2024-05-22 23:50:27,680 - INFO - [41984/42490]	Loss  : 0.6726
2024-05-22 23:50:28,154 - INFO - Test loss   : 0.4019
2024-05-22 23:50:28,154 - INFO - 
Epoch	29
2024-05-22 23:50:48,352 - INFO - [41984/42490]	Loss  : 0.6688
2024-05-22 23:50:48,822 - INFO - Test loss   : 0.4150
2024-05-22 23:50:48,822 - INFO - Saving output model to ../models/sphere2vec_sphereC/model_birdsnap_ebird_meta_Sphere2Vec-sphereC_inception_v3_0.0010_64_0.0010000_1_512.pth.tar
2024-05-22 23:50:48,839 - INFO - Saving output model to ../models/sphere2vec_sphereC/model_birdsnap_ebird_meta_Sphere2Vec-sphereC_inception_v3_0.0010_64_0.0010000_1_512.pth.tar
2024-05-22 23:50:48,909 - INFO - 
No prior
2024-05-22 23:50:48,910 - INFO - (2262,)
2024-05-22 23:50:48,960 - INFO -  Split ID: 0
2024-05-22 23:50:48,960 - INFO -  Top 1	acc (%):   70.07
2024-05-22 23:50:48,960 - INFO -  Top 3	acc (%):   86.6
2024-05-22 23:50:48,960 - INFO -  Top 5	acc (%):   90.05
2024-05-22 23:50:48,960 - INFO -  Top 10	acc (%):   92.88
2024-05-22 23:50:50,490 - INFO -  Split ID: 0
2024-05-22 23:50:50,490 - INFO -  Top 1	acc (%):   79.84
2024-05-22 23:50:50,490 - INFO -  Top 3	acc (%):   91.78
2024-05-22 23:50:50,490 - INFO -  Top 5	acc (%):   94.08
2024-05-22 23:50:50,491 - INFO -  Top 10	acc (%):   96.24
2024-05-22 23:50:50,491 - INFO - 
Sphere2Vec-sphereC
2024-05-22 23:50:50,491 - INFO -  Model :	model_birdsnap_ebird_meta_Sphere2Vec-sphereC_inception_v3_0.0010_64_0.0010000_1_512.pth.tar
2024-05-22 23:50:50,507 - INFO - (980,)
2024-05-22 23:50:50,540 - INFO -  Split ID: 0
2024-05-22 23:50:50,541 - INFO -  Top 1	LocEnc acc (%):   5.61
2024-05-22 23:50:50,541 - INFO -  Top 3	LocEnc acc (%):   14.29
2024-05-22 23:50:50,541 - INFO -  Top 5	LocEnc acc (%):   20.31
2024-05-22 23:50:50,541 - INFO -  Top 10	LocEnc acc (%):   29.18
2024-05-27 14:23:48,928 - INFO - 
num_classes	500
2024-05-27 14:23:48,934 - INFO - num train    	42490
2024-05-27 14:23:48,934 - INFO - num val      	980
2024-05-27 14:23:48,934 - INFO - train loss   	full_loss
2024-05-27 14:23:48,934 - INFO - model name   	../models/sphere2vec_sphereC/model_birdsnap_ebird_meta_Sphere2Vec-sphereC_inception_v3_0.0010_64_0.0010000_1_512.pth.tar
2024-05-27 14:23:48,934 - INFO - num users    	5763
2024-05-27 14:23:48,934 - INFO - meta data    	ebird_meta
2024-05-27 14:23:49,198 - INFO - 
Epoch	0
2024-05-27 14:25:03,231 - INFO - [41984/42490]	Loss  : 1.7650
2024-05-27 14:25:04,908 - INFO - Test loss   : 0.7511
2024-05-27 14:25:04,908 - INFO - 
Epoch	1
2024-05-27 14:26:18,772 - INFO - [41984/42490]	Loss  : 1.2427
2024-05-27 14:26:20,510 - INFO - Test loss   : 0.4820
2024-05-27 14:26:20,510 - INFO - 
Epoch	2
2024-05-27 14:27:33,641 - INFO - [41984/42490]	Loss  : 1.0245
2024-05-27 14:27:35,272 - INFO - Test loss   : 0.3581
2024-05-27 14:27:35,273 - INFO - 
Epoch	3
2024-05-27 14:28:49,650 - INFO - [41984/42490]	Loss  : 0.9434
2024-05-27 14:28:51,329 - INFO - Test loss   : 0.3248
2024-05-27 14:28:51,329 - INFO - 
Epoch	4
2024-05-27 14:30:04,684 - INFO - [41984/42490]	Loss  : 0.8994
2024-05-27 14:30:06,367 - INFO - Test loss   : 0.3166
2024-05-27 14:30:06,368 - INFO - 
Epoch	5
2024-05-27 14:31:19,717 - INFO - [41984/42490]	Loss  : 0.8672
2024-05-27 14:31:21,393 - INFO - Test loss   : 0.3130
2024-05-27 14:31:21,393 - INFO - 
Epoch	6
2024-05-27 14:32:35,026 - INFO - [41984/42490]	Loss  : 0.8429
2024-05-27 14:32:36,707 - INFO - Test loss   : 0.3068
2024-05-27 14:32:36,707 - INFO - 
Epoch	7
2024-05-27 14:33:50,205 - INFO - [41984/42490]	Loss  : 0.8256
2024-05-27 14:33:51,943 - INFO - Test loss   : 0.3118
2024-05-27 14:33:51,944 - INFO - 
Epoch	8
2024-05-27 14:35:05,564 - INFO - [41984/42490]	Loss  : 0.8092
2024-05-27 14:35:07,230 - INFO - Test loss   : 0.3183
2024-05-27 14:35:07,230 - INFO - 
Epoch	9
2024-05-27 14:36:21,772 - INFO - [41984/42490]	Loss  : 0.7943
2024-05-27 14:36:23,438 - INFO - Test loss   : 0.3202
2024-05-27 14:36:23,438 - INFO - 
Epoch	10
2024-05-27 14:37:37,094 - INFO - [41984/42490]	Loss  : 0.7840
2024-05-27 14:37:38,807 - INFO - Test loss   : 0.3240
2024-05-27 14:37:38,807 - INFO - 
Epoch	11
2024-05-27 14:38:53,004 - INFO - [41984/42490]	Loss  : 0.7736
2024-05-27 14:38:54,677 - INFO - Test loss   : 0.3300
2024-05-27 14:38:54,678 - INFO - 
Epoch	12
2024-05-27 14:40:08,170 - INFO - [41984/42490]	Loss  : 0.7618
2024-05-27 14:40:09,904 - INFO - Test loss   : 0.3287
2024-05-27 14:40:09,904 - INFO - 
Epoch	13
2024-05-27 14:41:23,260 - INFO - [41984/42490]	Loss  : 0.7547
2024-05-27 14:41:24,948 - INFO - Test loss   : 0.3302
2024-05-27 14:41:24,948 - INFO - 
Epoch	14
2024-05-27 14:42:38,692 - INFO - [41984/42490]	Loss  : 0.7435
2024-05-27 14:42:40,430 - INFO - Test loss   : 0.3398
2024-05-27 14:42:40,430 - INFO - 
Epoch	15
2024-05-27 14:43:53,642 - INFO - [41984/42490]	Loss  : 0.7400
2024-05-27 14:43:55,322 - INFO - Test loss   : 0.3408
2024-05-27 14:43:55,322 - INFO - 
Epoch	16
2024-05-27 14:45:08,634 - INFO - [41984/42490]	Loss  : 0.7327
2024-05-27 14:45:10,335 - INFO - Test loss   : 0.3468
2024-05-27 14:45:10,336 - INFO - 
Epoch	17
2024-05-27 14:46:23,909 - INFO - [41984/42490]	Loss  : 0.7246
2024-05-27 14:46:25,614 - INFO - Test loss   : 0.3542
2024-05-27 14:46:25,614 - INFO - 
Epoch	18
2024-05-27 14:47:38,920 - INFO - [41984/42490]	Loss  : 0.7216
2024-05-27 14:47:40,601 - INFO - Test loss   : 0.3582
2024-05-27 14:47:40,601 - INFO - 
Epoch	19
2024-05-27 14:48:53,770 - INFO - [41984/42490]	Loss  : 0.7132
2024-05-27 14:48:55,447 - INFO - Test loss   : 0.3584
2024-05-27 14:48:55,448 - INFO - 
Epoch	20
2024-05-27 14:50:08,862 - INFO - [41984/42490]	Loss  : 0.7075
2024-05-27 14:50:10,509 - INFO - Test loss   : 0.3655
2024-05-27 14:50:10,509 - INFO - 
Epoch	21
2024-05-27 14:51:24,297 - INFO - [41984/42490]	Loss  : 0.7037
2024-05-27 14:51:26,015 - INFO - Test loss   : 0.3653
2024-05-27 14:51:26,015 - INFO - 
Epoch	22
2024-05-27 14:52:31,753 - INFO - [41984/42490]	Loss  : 0.6977
2024-05-27 14:52:33,173 - INFO - Test loss   : 0.3784
2024-05-27 14:52:33,174 - INFO - 
Epoch	23
2024-05-27 14:53:36,194 - INFO - [41984/42490]	Loss  : 0.6919
2024-05-27 14:53:37,900 - INFO - Test loss   : 0.3802
2024-05-27 14:53:37,900 - INFO - 
Epoch	24
2024-05-27 14:54:53,126 - INFO - [41984/42490]	Loss  : 0.6883
2024-05-27 14:54:54,891 - INFO - Test loss   : 0.3797
2024-05-27 14:54:54,891 - INFO - 
Epoch	25
2024-05-27 14:56:10,410 - INFO - [41984/42490]	Loss  : 0.6840
2024-05-27 14:56:12,094 - INFO - Test loss   : 0.3922
2024-05-27 14:56:12,094 - INFO - 
Epoch	26
2024-05-27 14:57:26,157 - INFO - [41984/42490]	Loss  : 0.6801
2024-05-27 14:57:27,828 - INFO - Test loss   : 0.3861
2024-05-27 14:57:27,829 - INFO - 
Epoch	27
2024-05-27 14:58:41,722 - INFO - [41984/42490]	Loss  : 0.6770
2024-05-27 14:58:43,381 - INFO - Test loss   : 0.3994
2024-05-27 14:58:43,381 - INFO - 
Epoch	28
2024-05-27 14:59:58,374 - INFO - [41984/42490]	Loss  : 0.6716
2024-05-27 15:00:00,061 - INFO - Test loss   : 0.4054
2024-05-27 15:00:00,061 - INFO - 
Epoch	29
2024-05-27 15:01:14,066 - INFO - [41984/42490]	Loss  : 0.6681
2024-05-27 15:01:15,735 - INFO - Test loss   : 0.4079
2024-05-27 15:01:15,736 - INFO - Saving output model to ../models/sphere2vec_sphereC/model_birdsnap_ebird_meta_Sphere2Vec-sphereC_inception_v3_0.0010_64_0.0010000_1_512.pth.tar
2024-05-27 15:01:16,132 - INFO - Saving output model to ../models/sphere2vec_sphereC/model_birdsnap_ebird_meta_Sphere2Vec-sphereC_inception_v3_0.0010_64_0.0010000_1_512.pth.tar
2024-05-27 15:01:16,185 - INFO - 
No prior
2024-05-27 15:01:16,187 - INFO - (2262,)
2024-05-27 15:01:16,251 - INFO -  Split ID: 0
2024-05-27 15:01:16,251 - INFO -  Top 1	acc (%):   70.07
2024-05-27 15:01:16,252 - INFO -  Top 3	acc (%):   86.6
2024-05-27 15:01:16,252 - INFO -  Top 5	acc (%):   90.05
2024-05-27 15:01:16,252 - INFO -  Top 10	acc (%):   92.88
2024-05-27 15:01:21,316 - INFO -  Split ID: 0
2024-05-27 15:01:21,316 - INFO -  Top 1	acc (%):   79.97
2024-05-27 15:01:21,317 - INFO -  Top 3	acc (%):   91.78
2024-05-27 15:01:21,317 - INFO -  Top 5	acc (%):   94.21
2024-05-27 15:01:21,317 - INFO -  Top 10	acc (%):   96.33
2024-05-27 15:01:21,317 - INFO - 
Only Sphere2Vec-sphereC
2024-05-27 15:01:21,317 - INFO -  Model :	model_birdsnap_ebird_meta_Sphere2Vec-sphereC_inception_v3_0.0010_64_0.0010000_1_512.pth.tar
2024-05-27 15:01:21,348 - INFO - (980,)
2024-05-27 15:01:21,395 - INFO -  Split ID: 0
2024-05-27 15:01:21,396 - INFO -  Top 1	LocEnc acc (%):   6.33
2024-05-27 15:01:21,396 - INFO -  Top 3	LocEnc acc (%):   15.41
2024-05-27 15:01:21,396 - INFO -  Top 5	LocEnc acc (%):   20.61
2024-05-27 15:01:21,396 - INFO -  Top 10	LocEnc acc (%):   30.31
2024-05-30 19:43:24,377 - INFO - 
num_classes	500
2024-05-30 19:43:24,394 - INFO - num train    	42490
2024-05-30 19:43:24,394 - INFO - num val      	980
2024-05-30 19:43:24,394 - INFO - train loss   	full_loss
2024-05-30 19:43:24,394 - INFO - model name   	../models/sphere2vec_sphereC/model_birdsnap_ebird_meta_Sphere2Vec-sphereC_inception_v3_0.0010_64_0.0010000_1_512.pth.tar
2024-05-30 19:43:24,394 - INFO - num users    	5763
2024-05-30 19:43:24,394 - INFO - meta data    	ebird_meta
2024-05-30 19:43:24,584 - INFO - 
Only Sphere2Vec-sphereC
2024-05-30 19:43:24,584 - INFO -  Model :	model_birdsnap_ebird_meta_Sphere2Vec-sphereC_inception_v3_0.0010_64_0.0010000_1_512.pth.tar
2024-05-30 19:43:24,704 - INFO - Saving output model to ../models/sphere2vec_sphereC/model_birdsnap_ebird_meta_Sphere2Vec-sphereC_inception_v3_0.0010_64_0.0010000_1_512.pth.tar
2024-05-30 19:43:24,758 - INFO - Saving output model to ../models/sphere2vec_sphereC/model_birdsnap_ebird_meta_Sphere2Vec-sphereC_inception_v3_0.0010_64_0.0010000_1_512.pth.tar
2024-05-30 19:43:24,804 - INFO - 
No prior
2024-05-30 19:43:24,805 - INFO - (2262,)
2024-05-30 19:43:24,921 - INFO - Save results to ../eval_results/eval_birdsnap_ebird_meta_test_no_prior.csv
2024-05-30 19:43:24,922 - INFO -  Split ID: 0
2024-05-30 19:43:24,922 - INFO -  Top 1	acc (%):   70.07
2024-05-30 19:43:24,922 - INFO -  Top 3	acc (%):   86.6
2024-05-30 19:43:24,922 - INFO -  Top 5	acc (%):   90.05
2024-05-30 19:43:24,922 - INFO -  Top 10	acc (%):   92.88
2024-05-30 19:43:26,749 - INFO -  Split ID: 0
2024-05-30 19:43:26,749 - INFO -  Top 1	hit (%):   79.97
2024-05-30 19:43:26,749 - INFO -  Top 3	hit (%):   91.78
2024-05-30 19:43:26,749 - INFO -  Top 5	hit (%):   94.21
2024-05-30 19:43:26,749 - INFO -  Top 10	hit (%):   96.33
2024-05-30 19:43:26,750 - INFO - 
Only Sphere2Vec-sphereC
2024-05-30 19:43:26,750 - INFO -  Model :	model_birdsnap_ebird_meta_Sphere2Vec-sphereC_inception_v3_0.0010_64_0.0010000_1_512.pth.tar
2024-05-30 19:43:26,783 - INFO - (980,)
2024-05-30 19:43:26,819 - INFO -  Split ID: 0
2024-05-30 19:43:26,819 - INFO -  Top 1	LocEnc acc (%):   6.33
2024-05-30 19:43:26,820 - INFO -  Top 3	LocEnc acc (%):   15.41
2024-05-30 19:43:26,820 - INFO -  Top 5	LocEnc acc (%):   20.61
2024-05-30 19:43:26,820 - INFO -  Top 10	LocEnc acc (%):   30.31
