2024-05-19 18:24:53,554 - INFO - 
num_classes	62
2024-05-19 18:24:53,554 - INFO - num train    	363571
2024-05-19 18:24:53,554 - INFO - num val      	53041
2024-05-19 18:24:53,554 - INFO - train loss   	full_loss
2024-05-19 18:24:53,554 - INFO - model name   	../models/rff/model_fmow_rff_inception_v3_0.0050_64_0.0000010_1_512_2.0.pth.tar
2024-05-19 18:24:53,554 - INFO - num users    	1
2024-05-19 18:24:53,798 - INFO - 
Epoch	0
2024-05-19 18:24:54,253 - INFO - [6144/363571]	Loss  : 1.9304
2024-05-19 18:24:56,306 - INFO - Test loss   : 1.0310
2024-05-19 18:24:56,306 - INFO - 
Epoch	1
2024-05-19 18:24:56,578 - INFO - [6144/363571]	Loss  : 1.7613
2024-05-19 18:24:58,518 - INFO - Test loss   : 0.9623
2024-05-19 18:24:58,518 - INFO - 
Epoch	2
2024-05-19 18:24:58,791 - INFO - [6144/363571]	Loss  : 1.7081
2024-05-19 18:25:00,829 - INFO - Test loss   : 0.9027
2024-05-19 18:25:00,829 - INFO - 
Epoch	3
2024-05-19 18:25:01,102 - INFO - [6144/363571]	Loss  : 1.6896
2024-05-19 18:25:03,043 - INFO - Test loss   : 0.9005
2024-05-19 18:25:03,043 - INFO - 
Epoch	4
2024-05-19 18:25:03,315 - INFO - [6144/363571]	Loss  : 1.6522
2024-05-19 18:25:05,351 - INFO - Test loss   : 0.8996
2024-05-19 18:25:05,351 - INFO - 
Epoch	5
2024-05-19 18:25:05,624 - INFO - [6144/363571]	Loss  : 1.6238
2024-05-19 18:25:07,590 - INFO - Test loss   : 0.8379
2024-05-19 18:25:07,590 - INFO - 
Epoch	6
2024-05-19 18:25:07,912 - INFO - [6144/363571]	Loss  : 1.6012
2024-05-19 18:25:09,860 - INFO - Test loss   : 0.9245
2024-05-19 18:25:09,861 - INFO - 
Epoch	7
2024-05-19 18:25:10,134 - INFO - [6144/363571]	Loss  : 1.5931
2024-05-19 18:25:12,130 - INFO - Test loss   : 0.8051
2024-05-19 18:25:12,130 - INFO - 
Epoch	8
2024-05-19 18:25:12,404 - INFO - [6144/363571]	Loss  : 1.5732
2024-05-19 18:25:14,443 - INFO - Test loss   : 0.7864
2024-05-19 18:25:14,443 - INFO - 
Epoch	9
2024-05-19 18:25:14,716 - INFO - [6144/363571]	Loss  : 1.5650
2024-05-19 18:25:16,654 - INFO - Test loss   : 0.9027
2024-05-19 18:25:16,654 - INFO - 
Epoch	10
2024-05-19 18:25:16,926 - INFO - [6144/363571]	Loss  : 1.5528
2024-05-19 18:25:18,974 - INFO - Test loss   : 0.7492
2024-05-19 18:25:19,044 - INFO - (53041,)
2024-05-19 18:25:19,172 - INFO -  Split ID: 0
2024-05-19 18:25:19,194 - INFO -  Top 1	LocEnc (Epoch 10)acc (%):   9.11
2024-05-19 18:25:19,196 - INFO -  Top 3	LocEnc (Epoch 10)acc (%):   19.33
2024-05-19 18:25:19,197 - INFO -  Top 5	LocEnc (Epoch 10)acc (%):   26.75
2024-05-19 18:25:19,199 - INFO -  Top 10	LocEnc (Epoch 10)acc (%):   41.05
2024-05-19 18:25:19,205 - INFO - 
No prior
2024-05-19 18:25:19,210 - INFO - (53041,)
2024-05-19 18:25:19,359 - INFO -  Split ID: 0
2024-05-19 18:25:19,360 - INFO -  Top 1	(Epoch 10)acc (%):   69.83
2024-05-19 18:25:19,360 - INFO -  Top 3	(Epoch 10)acc (%):   84.61
2024-05-19 18:25:19,360 - INFO -  Top 5	(Epoch 10)acc (%):   89.23
2024-05-19 18:25:19,360 - INFO -  Top 10	(Epoch 10)acc (%):   94.29
2024-05-19 18:25:39,720 - INFO -  Split ID: 0
2024-05-19 18:25:39,721 - INFO -  Top 1	(Epoch 10)acc (%):   69.99
2024-05-19 18:25:39,721 - INFO -  Top 3	(Epoch 10)acc (%):   84.73
2024-05-19 18:25:39,721 - INFO -  Top 5	(Epoch 10)acc (%):   89.37
2024-05-19 18:25:39,721 - INFO -  Top 10	(Epoch 10)acc (%):   94.42
2024-05-19 18:25:39,725 - INFO - 
Epoch	11
2024-05-19 18:25:40,004 - INFO - [6144/363571]	Loss  : 1.5441
2024-05-19 18:25:41,950 - INFO - Test loss   : 0.8191
2024-05-19 18:25:41,950 - INFO - 
Epoch	12
2024-05-19 18:25:42,223 - INFO - [6144/363571]	Loss  : 1.5551
2024-05-19 18:25:44,274 - INFO - Test loss   : 0.8550
2024-05-19 18:25:44,275 - INFO - 
Epoch	13
2024-05-19 18:25:44,547 - INFO - [6144/363571]	Loss  : 1.5470
2024-05-19 18:25:46,489 - INFO - Test loss   : 0.8124
2024-05-19 18:25:46,489 - INFO - 
Epoch	14
2024-05-19 18:25:46,762 - INFO - [6144/363571]	Loss  : 1.5290
2024-05-19 18:25:48,813 - INFO - Test loss   : 0.8089
2024-05-19 18:25:48,813 - INFO - 
Epoch	15
2024-05-19 18:25:49,092 - INFO - [6144/363571]	Loss  : 1.5217
2024-05-19 18:25:51,037 - INFO - Test loss   : 0.8310
2024-05-19 18:25:51,037 - INFO - 
Epoch	16
2024-05-19 18:25:51,366 - INFO - [6144/363571]	Loss  : 1.5080
2024-05-19 18:25:53,359 - INFO - Test loss   : 0.7839
2024-05-19 18:25:53,359 - INFO - 
Epoch	17
2024-05-19 18:25:53,631 - INFO - [6144/363571]	Loss  : 1.5081
2024-05-19 18:25:55,573 - INFO - Test loss   : 0.8183
2024-05-19 18:25:55,573 - INFO - 
Epoch	18
2024-05-19 18:25:55,852 - INFO - [6144/363571]	Loss  : 1.5077
2024-05-19 18:25:57,901 - INFO - Test loss   : 0.7740
2024-05-19 18:25:57,901 - INFO - 
Epoch	19
2024-05-19 18:25:58,173 - INFO - [6144/363571]	Loss  : 1.4931
2024-05-19 18:26:00,139 - INFO - Test loss   : 0.7838
2024-05-19 18:26:00,139 - INFO - 
Epoch	20
2024-05-19 18:26:00,414 - INFO - [6144/363571]	Loss  : 1.4893
2024-05-19 18:26:02,449 - INFO - Test loss   : 0.7788
2024-05-19 18:26:02,514 - INFO - (53041,)
2024-05-19 18:26:02,647 - INFO -  Split ID: 0
2024-05-19 18:26:02,665 - INFO -  Top 1	LocEnc (Epoch 20)acc (%):   10.7
2024-05-19 18:26:02,667 - INFO -  Top 3	LocEnc (Epoch 20)acc (%):   21.68
2024-05-19 18:26:02,669 - INFO -  Top 5	LocEnc (Epoch 20)acc (%):   30.59
2024-05-19 18:26:02,671 - INFO -  Top 10	LocEnc (Epoch 20)acc (%):   43.36
2024-05-19 18:26:02,680 - INFO - 
No prior
2024-05-19 18:26:02,691 - INFO - (53041,)
2024-05-19 18:26:02,842 - INFO -  Split ID: 0
2024-05-19 18:26:02,842 - INFO -  Top 1	(Epoch 20)acc (%):   69.83
2024-05-19 18:26:02,842 - INFO -  Top 3	(Epoch 20)acc (%):   84.61
2024-05-19 18:26:02,843 - INFO -  Top 5	(Epoch 20)acc (%):   89.23
2024-05-19 18:26:02,843 - INFO -  Top 10	(Epoch 20)acc (%):   94.29
2024-05-19 18:26:23,173 - INFO -  Split ID: 0
2024-05-19 18:26:23,173 - INFO -  Top 1	(Epoch 20)acc (%):   70.09
2024-05-19 18:26:23,173 - INFO -  Top 3	(Epoch 20)acc (%):   84.82
2024-05-19 18:26:23,173 - INFO -  Top 5	(Epoch 20)acc (%):   89.46
2024-05-19 18:26:23,173 - INFO -  Top 10	(Epoch 20)acc (%):   94.45
2024-05-19 18:26:23,176 - INFO - 
Epoch	21
2024-05-19 18:26:23,448 - INFO - [6144/363571]	Loss  : 1.4868
2024-05-19 18:26:25,382 - INFO - Test loss   : 0.7902
2024-05-19 18:26:25,382 - INFO - 
Epoch	22
2024-05-19 18:26:25,702 - INFO - [6144/363571]	Loss  : 1.4898
2024-05-19 18:26:27,694 - INFO - Test loss   : 0.7509
2024-05-19 18:26:27,694 - INFO - 
Epoch	23
2024-05-19 18:26:27,969 - INFO - [6144/363571]	Loss  : 1.4864
2024-05-19 18:26:29,912 - INFO - Test loss   : 0.7632
2024-05-19 18:26:29,912 - INFO - 
Epoch	24
2024-05-19 18:26:30,186 - INFO - [6144/363571]	Loss  : 1.4850
2024-05-19 18:26:32,217 - INFO - Test loss   : 0.7623
2024-05-19 18:26:32,218 - INFO - 
Epoch	25
2024-05-19 18:26:32,489 - INFO - [6144/363571]	Loss  : 1.4814
2024-05-19 18:26:34,418 - INFO - Test loss   : 0.7420
2024-05-19 18:26:34,418 - INFO - 
Epoch	26
2024-05-19 18:26:34,690 - INFO - [6144/363571]	Loss  : 1.4821
2024-05-19 18:26:36,721 - INFO - Test loss   : 0.7605
2024-05-19 18:26:36,722 - INFO - 
Epoch	27
2024-05-19 18:26:36,994 - INFO - [6144/363571]	Loss  : 1.4677
2024-05-19 18:26:38,930 - INFO - Test loss   : 0.7484
2024-05-19 18:26:38,930 - INFO - 
Epoch	28
2024-05-19 18:26:39,249 - INFO - [6144/363571]	Loss  : 1.4793
2024-05-19 18:26:41,218 - INFO - Test loss   : 0.7704
2024-05-19 18:26:41,218 - INFO - 
Epoch	29
2024-05-19 18:26:41,488 - INFO - [6144/363571]	Loss  : 1.4611
2024-05-19 18:26:43,419 - INFO - Test loss   : 0.7489
2024-05-19 18:26:43,419 - INFO - 
Epoch	30
2024-05-19 18:26:43,693 - INFO - [6144/363571]	Loss  : 1.4656
2024-05-19 18:26:45,737 - INFO - Test loss   : 0.7687
2024-05-19 18:26:45,801 - INFO - (53041,)
2024-05-19 18:26:45,937 - INFO -  Split ID: 0
2024-05-19 18:26:45,955 - INFO -  Top 1	LocEnc (Epoch 30)acc (%):   7.72
2024-05-19 18:26:45,957 - INFO -  Top 3	LocEnc (Epoch 30)acc (%):   21.54
2024-05-19 18:26:45,959 - INFO -  Top 5	LocEnc (Epoch 30)acc (%):   29.84
2024-05-19 18:26:45,960 - INFO -  Top 10	LocEnc (Epoch 30)acc (%):   43.78
2024-05-19 18:26:45,969 - INFO - 
No prior
2024-05-19 18:26:45,980 - INFO - (53041,)
2024-05-19 18:26:46,133 - INFO -  Split ID: 0
2024-05-19 18:26:46,133 - INFO -  Top 1	(Epoch 30)acc (%):   69.83
2024-05-19 18:26:46,133 - INFO -  Top 3	(Epoch 30)acc (%):   84.61
2024-05-19 18:26:46,133 - INFO -  Top 5	(Epoch 30)acc (%):   89.23
2024-05-19 18:26:46,133 - INFO -  Top 10	(Epoch 30)acc (%):   94.29
2024-05-19 18:27:06,785 - INFO -  Split ID: 0
2024-05-19 18:27:06,786 - INFO -  Top 1	(Epoch 30)acc (%):   70.17
2024-05-19 18:27:06,786 - INFO -  Top 3	(Epoch 30)acc (%):   84.9
2024-05-19 18:27:06,786 - INFO -  Top 5	(Epoch 30)acc (%):   89.5
2024-05-19 18:27:06,786 - INFO -  Top 10	(Epoch 30)acc (%):   94.49
2024-05-19 18:27:06,789 - INFO - 
Epoch	31
2024-05-19 18:27:07,063 - INFO - [6144/363571]	Loss  : 1.4722
2024-05-19 18:27:09,019 - INFO - Test loss   : 0.7239
2024-05-19 18:27:09,019 - INFO - 
Epoch	32
2024-05-19 18:27:09,295 - INFO - [6144/363571]	Loss  : 1.4784
2024-05-19 18:27:11,352 - INFO - Test loss   : 0.7747
2024-05-19 18:27:11,352 - INFO - 
Epoch	33
2024-05-19 18:27:11,628 - INFO - [6144/363571]	Loss  : 1.4676
2024-05-19 18:27:13,586 - INFO - Test loss   : 0.7671
2024-05-19 18:27:13,586 - INFO - 
Epoch	34
2024-05-19 18:27:13,911 - INFO - [6144/363571]	Loss  : 1.4626
2024-05-19 18:27:15,931 - INFO - Test loss   : 0.7663
2024-05-19 18:27:15,931 - INFO - 
Epoch	35
2024-05-19 18:27:16,208 - INFO - [6144/363571]	Loss  : 1.4654
2024-05-19 18:27:18,171 - INFO - Test loss   : 0.7482
2024-05-19 18:27:18,171 - INFO - 
Epoch	36
2024-05-19 18:27:18,446 - INFO - [6144/363571]	Loss  : 1.4659
2024-05-19 18:27:20,505 - INFO - Test loss   : 0.7529
2024-05-19 18:27:20,506 - INFO - 
Epoch	37
2024-05-19 18:27:20,781 - INFO - [6144/363571]	Loss  : 1.4621
2024-05-19 18:27:22,742 - INFO - Test loss   : 0.7541
2024-05-19 18:27:22,743 - INFO - 
Epoch	38
2024-05-19 18:27:23,017 - INFO - [6144/363571]	Loss  : 1.4571
2024-05-19 18:27:25,061 - INFO - Test loss   : 0.7382
2024-05-19 18:27:25,062 - INFO - 
Epoch	39
2024-05-19 18:27:25,337 - INFO - [6144/363571]	Loss  : 1.4562
2024-05-19 18:27:27,294 - INFO - Test loss   : 0.7583
2024-05-19 18:27:27,294 - INFO - 
Epoch	40
2024-05-19 18:27:27,616 - INFO - [6144/363571]	Loss  : 1.4442
2024-05-19 18:27:29,602 - INFO - Test loss   : 0.7425
2024-05-19 18:27:29,666 - INFO - (53041,)
2024-05-19 18:27:29,798 - INFO -  Split ID: 0
2024-05-19 18:27:29,816 - INFO -  Top 1	LocEnc (Epoch 40)acc (%):   13.85
2024-05-19 18:27:29,818 - INFO -  Top 3	LocEnc (Epoch 40)acc (%):   23.11
2024-05-19 18:27:29,819 - INFO -  Top 5	LocEnc (Epoch 40)acc (%):   31.53
2024-05-19 18:27:29,821 - INFO -  Top 10	LocEnc (Epoch 40)acc (%):   44.56
2024-05-19 18:27:29,830 - INFO - 
No prior
2024-05-19 18:27:29,840 - INFO - (53041,)
2024-05-19 18:27:29,992 - INFO -  Split ID: 0
2024-05-19 18:27:29,993 - INFO -  Top 1	(Epoch 40)acc (%):   69.83
2024-05-19 18:27:29,993 - INFO -  Top 3	(Epoch 40)acc (%):   84.61
2024-05-19 18:27:29,993 - INFO -  Top 5	(Epoch 40)acc (%):   89.23
2024-05-19 18:27:29,993 - INFO -  Top 10	(Epoch 40)acc (%):   94.29
2024-05-19 18:27:50,520 - INFO -  Split ID: 0
2024-05-19 18:27:50,521 - INFO -  Top 1	(Epoch 40)acc (%):   70.2
2024-05-19 18:27:50,521 - INFO -  Top 3	(Epoch 40)acc (%):   84.87
2024-05-19 18:27:50,521 - INFO -  Top 5	(Epoch 40)acc (%):   89.54
2024-05-19 18:27:50,521 - INFO -  Top 10	(Epoch 40)acc (%):   94.48
2024-05-19 18:27:50,524 - INFO - 
Epoch	41
2024-05-19 18:27:50,799 - INFO - [6144/363571]	Loss  : 1.4468
2024-05-19 18:27:52,764 - INFO - Test loss   : 0.7668
2024-05-19 18:27:52,764 - INFO - 
Epoch	42
2024-05-19 18:27:53,039 - INFO - [6144/363571]	Loss  : 1.4437
2024-05-19 18:27:55,102 - INFO - Test loss   : 0.7498
2024-05-19 18:27:55,103 - INFO - 
Epoch	43
2024-05-19 18:27:55,379 - INFO - [6144/363571]	Loss  : 1.4357
2024-05-19 18:27:57,339 - INFO - Test loss   : 0.7517
2024-05-19 18:27:57,339 - INFO - 
Epoch	44
2024-05-19 18:27:57,617 - INFO - [6144/363571]	Loss  : 1.4361
2024-05-19 18:27:59,669 - INFO - Test loss   : 0.7645
2024-05-19 18:27:59,669 - INFO - 
Epoch	45
2024-05-19 18:27:59,944 - INFO - [6144/363571]	Loss  : 1.4478
2024-05-19 18:28:01,899 - INFO - Test loss   : 0.7561
2024-05-19 18:28:01,899 - INFO - 
Epoch	46
2024-05-19 18:28:02,223 - INFO - [6144/363571]	Loss  : 1.4446
2024-05-19 18:28:04,232 - INFO - Test loss   : 0.7743
2024-05-19 18:28:04,232 - INFO - 
Epoch	47
2024-05-19 18:28:04,508 - INFO - [6144/363571]	Loss  : 1.4390
2024-05-19 18:28:06,477 - INFO - Test loss   : 0.7499
2024-05-19 18:28:06,477 - INFO - 
Epoch	48
2024-05-19 18:28:06,754 - INFO - [6144/363571]	Loss  : 1.4462
2024-05-19 18:28:08,806 - INFO - Test loss   : 0.7443
2024-05-19 18:28:08,806 - INFO - 
Epoch	49
2024-05-19 18:28:09,082 - INFO - [6144/363571]	Loss  : 1.4373
2024-05-19 18:28:11,067 - INFO - Test loss   : 0.7451
2024-05-19 18:28:11,067 - INFO - 
Epoch	50
2024-05-19 18:28:11,345 - INFO - [6144/363571]	Loss  : 1.4464
2024-05-19 18:28:13,400 - INFO - Test loss   : 0.7626
2024-05-19 18:28:13,465 - INFO - (53041,)
2024-05-19 18:28:13,598 - INFO -  Split ID: 0
2024-05-19 18:28:13,617 - INFO -  Top 1	LocEnc (Epoch 50)acc (%):   11.65
2024-05-19 18:28:13,619 - INFO -  Top 3	LocEnc (Epoch 50)acc (%):   23.2
2024-05-19 18:28:13,621 - INFO -  Top 5	LocEnc (Epoch 50)acc (%):   32.13
2024-05-19 18:28:13,623 - INFO -  Top 10	LocEnc (Epoch 50)acc (%):   44.58
2024-05-19 18:28:13,632 - INFO - 
No prior
2024-05-19 18:28:13,642 - INFO - (53041,)
2024-05-19 18:28:13,795 - INFO -  Split ID: 0
2024-05-19 18:28:13,795 - INFO -  Top 1	(Epoch 50)acc (%):   69.83
2024-05-19 18:28:13,795 - INFO -  Top 3	(Epoch 50)acc (%):   84.61
2024-05-19 18:28:13,796 - INFO -  Top 5	(Epoch 50)acc (%):   89.23
2024-05-19 18:28:13,796 - INFO -  Top 10	(Epoch 50)acc (%):   94.29
2024-05-19 18:28:35,365 - INFO -  Split ID: 0
2024-05-19 18:28:35,365 - INFO -  Top 1	(Epoch 50)acc (%):   70.21
2024-05-19 18:28:35,365 - INFO -  Top 3	(Epoch 50)acc (%):   84.91
2024-05-19 18:28:35,365 - INFO -  Top 5	(Epoch 50)acc (%):   89.56
2024-05-19 18:28:35,365 - INFO -  Top 10	(Epoch 50)acc (%):   94.53
2024-05-19 18:28:35,367 - INFO - 
Epoch	51
2024-05-19 18:28:35,647 - INFO - [6144/363571]	Loss  : 1.4317
2024-05-19 18:28:37,653 - INFO - Test loss   : 0.7390
2024-05-19 18:28:37,654 - INFO - 
Epoch	52
2024-05-19 18:28:37,976 - INFO - [6144/363571]	Loss  : 1.4403
2024-05-19 18:28:39,976 - INFO - Test loss   : 0.7634
2024-05-19 18:28:39,976 - INFO - 
Epoch	53
2024-05-19 18:28:40,255 - INFO - [6144/363571]	Loss  : 1.4325
2024-05-19 18:28:42,246 - INFO - Test loss   : 0.7374
2024-05-19 18:28:42,246 - INFO - 
Epoch	54
2024-05-19 18:28:42,524 - INFO - [6144/363571]	Loss  : 1.4453
2024-05-19 18:28:44,570 - INFO - Test loss   : 0.7289
2024-05-19 18:28:44,570 - INFO - 
Epoch	55
2024-05-19 18:28:44,846 - INFO - [6144/363571]	Loss  : 1.4369
2024-05-19 18:28:46,850 - INFO - Test loss   : 0.7575
2024-05-19 18:28:46,850 - INFO - 
Epoch	56
2024-05-19 18:28:47,138 - INFO - [6144/363571]	Loss  : 1.4279
2024-05-19 18:28:49,237 - INFO - Test loss   : 0.7264
2024-05-19 18:28:49,237 - INFO - 
Epoch	57
2024-05-19 18:28:49,520 - INFO - [6144/363571]	Loss  : 1.4292
2024-05-19 18:28:51,535 - INFO - Test loss   : 0.7466
2024-05-19 18:28:51,536 - INFO - 
Epoch	58
2024-05-19 18:28:51,859 - INFO - [6144/363571]	Loss  : 1.4258
2024-05-19 18:28:53,859 - INFO - Test loss   : 0.7517
2024-05-19 18:28:53,859 - INFO - 
Epoch	59
2024-05-19 18:28:54,131 - INFO - [6144/363571]	Loss  : 1.4225
2024-05-19 18:28:56,081 - INFO - Test loss   : 0.7255
2024-05-19 18:28:56,081 - INFO - 
Epoch	60
2024-05-19 18:28:56,357 - INFO - [6144/363571]	Loss  : 1.4291
2024-05-19 18:28:58,407 - INFO - Test loss   : 0.7557
2024-05-19 18:28:58,473 - INFO - (53041,)
2024-05-19 18:28:58,605 - INFO -  Split ID: 0
2024-05-19 18:28:58,623 - INFO -  Top 1	LocEnc (Epoch 60)acc (%):   12.7
2024-05-19 18:28:58,625 - INFO -  Top 3	LocEnc (Epoch 60)acc (%):   26.67
2024-05-19 18:28:58,627 - INFO -  Top 5	LocEnc (Epoch 60)acc (%):   33.62
2024-05-19 18:28:58,629 - INFO -  Top 10	LocEnc (Epoch 60)acc (%):   45.04
2024-05-19 18:28:58,638 - INFO - 
No prior
2024-05-19 18:28:58,649 - INFO - (53041,)
2024-05-19 18:28:58,801 - INFO -  Split ID: 0
2024-05-19 18:28:58,802 - INFO -  Top 1	(Epoch 60)acc (%):   69.83
2024-05-19 18:28:58,802 - INFO -  Top 3	(Epoch 60)acc (%):   84.61
2024-05-19 18:28:58,802 - INFO -  Top 5	(Epoch 60)acc (%):   89.23
2024-05-19 18:28:58,802 - INFO -  Top 10	(Epoch 60)acc (%):   94.29
2024-05-19 18:29:19,513 - INFO -  Split ID: 0
2024-05-19 18:29:19,513 - INFO -  Top 1	(Epoch 60)acc (%):   70.22
2024-05-19 18:29:19,514 - INFO -  Top 3	(Epoch 60)acc (%):   84.92
2024-05-19 18:29:19,514 - INFO -  Top 5	(Epoch 60)acc (%):   89.62
2024-05-19 18:29:19,514 - INFO -  Top 10	(Epoch 60)acc (%):   94.52
2024-05-19 18:29:19,516 - INFO - 
Epoch	61
2024-05-19 18:29:19,794 - INFO - [6144/363571]	Loss  : 1.4127
2024-05-19 18:29:21,767 - INFO - Test loss   : 0.7487
2024-05-19 18:29:21,768 - INFO - 
Epoch	62
2024-05-19 18:29:22,045 - INFO - [6144/363571]	Loss  : 1.4309
2024-05-19 18:29:24,121 - INFO - Test loss   : 0.7199
2024-05-19 18:29:24,121 - INFO - 
Epoch	63
2024-05-19 18:29:24,399 - INFO - [6144/363571]	Loss  : 1.4248
2024-05-19 18:29:26,375 - INFO - Test loss   : 0.7140
2024-05-19 18:29:26,375 - INFO - 
Epoch	64
2024-05-19 18:29:26,705 - INFO - [6144/363571]	Loss  : 1.4296
2024-05-19 18:29:28,735 - INFO - Test loss   : 0.7382
2024-05-19 18:29:28,736 - INFO - 
Epoch	65
2024-05-19 18:29:29,014 - INFO - [6144/363571]	Loss  : 1.4224
2024-05-19 18:29:30,987 - INFO - Test loss   : 0.7489
2024-05-19 18:29:30,987 - INFO - 
Epoch	66
2024-05-19 18:29:31,266 - INFO - [6144/363571]	Loss  : 1.4330
2024-05-19 18:29:33,347 - INFO - Test loss   : 0.7319
2024-05-19 18:29:33,347 - INFO - 
Epoch	67
2024-05-19 18:29:33,625 - INFO - [6144/363571]	Loss  : 1.4179
2024-05-19 18:29:35,601 - INFO - Test loss   : 0.7350
2024-05-19 18:29:35,602 - INFO - 
Epoch	68
2024-05-19 18:29:35,880 - INFO - [6144/363571]	Loss  : 1.4266
2024-05-19 18:29:37,956 - INFO - Test loss   : 0.7421
2024-05-19 18:29:37,956 - INFO - 
Epoch	69
2024-05-19 18:29:38,235 - INFO - [6144/363571]	Loss  : 1.4101
2024-05-19 18:29:40,214 - INFO - Test loss   : 0.7520
2024-05-19 18:29:40,214 - INFO - 
Epoch	70
2024-05-19 18:29:40,544 - INFO - [6144/363571]	Loss  : 1.4216
2024-05-19 18:29:42,568 - INFO - Test loss   : 0.7450
2024-05-19 18:29:43,019 - INFO - (53041,)
2024-05-19 18:29:43,883 - INFO -  Split ID: 0
2024-05-19 18:29:43,902 - INFO -  Top 1	LocEnc (Epoch 70)acc (%):   9.08
2024-05-19 18:29:43,903 - INFO -  Top 3	LocEnc (Epoch 70)acc (%):   24.75
2024-05-19 18:29:43,905 - INFO -  Top 5	LocEnc (Epoch 70)acc (%):   30.53
2024-05-19 18:29:43,907 - INFO -  Top 10	LocEnc (Epoch 70)acc (%):   45.25
2024-05-19 18:29:43,921 - INFO - 
No prior
2024-05-19 18:29:44,210 - INFO - (53041,)
2024-05-19 18:29:45,256 - INFO -  Split ID: 0
2024-05-19 18:29:45,257 - INFO -  Top 1	(Epoch 70)acc (%):   69.83
2024-05-19 18:29:45,257 - INFO -  Top 3	(Epoch 70)acc (%):   84.61
2024-05-19 18:29:45,257 - INFO -  Top 5	(Epoch 70)acc (%):   89.23
2024-05-19 18:29:45,257 - INFO -  Top 10	(Epoch 70)acc (%):   94.29
2024-05-19 18:30:05,977 - INFO -  Split ID: 0
2024-05-19 18:30:05,978 - INFO -  Top 1	(Epoch 70)acc (%):   70.24
2024-05-19 18:30:05,978 - INFO -  Top 3	(Epoch 70)acc (%):   84.94
2024-05-19 18:30:05,978 - INFO -  Top 5	(Epoch 70)acc (%):   89.61
2024-05-19 18:30:05,978 - INFO -  Top 10	(Epoch 70)acc (%):   94.52
2024-05-19 18:30:05,985 - INFO - 
Epoch	71
2024-05-19 18:30:06,263 - INFO - [6144/363571]	Loss  : 1.4255
2024-05-19 18:30:08,232 - INFO - Test loss   : 0.7367
2024-05-19 18:30:08,232 - INFO - 
Epoch	72
2024-05-19 18:30:08,510 - INFO - [6144/363571]	Loss  : 1.4194
2024-05-19 18:30:10,586 - INFO - Test loss   : 0.7398
2024-05-19 18:30:10,586 - INFO - 
Epoch	73
2024-05-19 18:30:10,876 - INFO - [6144/363571]	Loss  : 1.4213
2024-05-19 18:30:12,848 - INFO - Test loss   : 0.7408
2024-05-19 18:30:12,848 - INFO - 
Epoch	74
2024-05-19 18:30:13,125 - INFO - [6144/363571]	Loss  : 1.4123
2024-05-19 18:30:15,175 - INFO - Test loss   : 0.7409
2024-05-19 18:30:15,175 - INFO - 
Epoch	75
2024-05-19 18:30:15,452 - INFO - [6144/363571]	Loss  : 1.4214
2024-05-19 18:30:17,417 - INFO - Test loss   : 0.7293
2024-05-19 18:30:17,418 - INFO - 
Epoch	76
2024-05-19 18:30:17,747 - INFO - [6144/363571]	Loss  : 1.4038
2024-05-19 18:30:19,768 - INFO - Test loss   : 0.7159
2024-05-19 18:30:19,768 - INFO - 
Epoch	77
2024-05-19 18:30:20,046 - INFO - [6144/363571]	Loss  : 1.4199
2024-05-19 18:30:22,007 - INFO - Test loss   : 0.7247
2024-05-19 18:30:22,007 - INFO - 
Epoch	78
2024-05-19 18:30:22,286 - INFO - [6144/363571]	Loss  : 1.4177
2024-05-19 18:30:24,349 - INFO - Test loss   : 0.7515
2024-05-19 18:30:24,350 - INFO - 
Epoch	79
2024-05-19 18:30:24,624 - INFO - [6144/363571]	Loss  : 1.4138
2024-05-19 18:30:26,586 - INFO - Test loss   : 0.7405
2024-05-19 18:30:26,586 - INFO - 
Epoch	80
2024-05-19 18:30:26,862 - INFO - [6144/363571]	Loss  : 1.4106
2024-05-19 18:30:28,922 - INFO - Test loss   : 0.7263
2024-05-19 18:30:29,008 - INFO - (53041,)
2024-05-19 18:30:29,380 - INFO -  Split ID: 0
2024-05-19 18:30:29,399 - INFO -  Top 1	LocEnc (Epoch 80)acc (%):   11.17
2024-05-19 18:30:29,401 - INFO -  Top 3	LocEnc (Epoch 80)acc (%):   25.89
2024-05-19 18:30:29,402 - INFO -  Top 5	LocEnc (Epoch 80)acc (%):   33.69
2024-05-19 18:30:29,404 - INFO -  Top 10	LocEnc (Epoch 80)acc (%):   45.63
2024-05-19 18:30:29,420 - INFO - 
No prior
2024-05-19 18:30:29,599 - INFO - (53041,)
2024-05-19 18:30:29,845 - INFO -  Split ID: 0
2024-05-19 18:30:29,845 - INFO -  Top 1	(Epoch 80)acc (%):   69.83
2024-05-19 18:30:29,846 - INFO -  Top 3	(Epoch 80)acc (%):   84.61
2024-05-19 18:30:29,846 - INFO -  Top 5	(Epoch 80)acc (%):   89.23
2024-05-19 18:30:29,846 - INFO -  Top 10	(Epoch 80)acc (%):   94.29
2024-05-19 18:30:50,579 - INFO -  Split ID: 0
2024-05-19 18:30:50,579 - INFO -  Top 1	(Epoch 80)acc (%):   70.2
2024-05-19 18:30:50,579 - INFO -  Top 3	(Epoch 80)acc (%):   84.96
2024-05-19 18:30:50,579 - INFO -  Top 5	(Epoch 80)acc (%):   89.57
2024-05-19 18:30:50,579 - INFO -  Top 10	(Epoch 80)acc (%):   94.51
2024-05-19 18:30:50,587 - INFO - 
Epoch	81
2024-05-19 18:30:50,867 - INFO - [6144/363571]	Loss  : 1.4119
2024-05-19 18:30:52,832 - INFO - Test loss   : 0.7434
2024-05-19 18:30:52,832 - INFO - 
Epoch	82
2024-05-19 18:30:53,158 - INFO - [6144/363571]	Loss  : 1.4095
2024-05-19 18:30:55,164 - INFO - Test loss   : 0.7298
2024-05-19 18:30:55,164 - INFO - 
Epoch	83
2024-05-19 18:30:55,439 - INFO - [6144/363571]	Loss  : 1.4152
2024-05-19 18:30:57,398 - INFO - Test loss   : 0.7157
2024-05-19 18:30:57,398 - INFO - 
Epoch	84
2024-05-19 18:30:57,672 - INFO - [6144/363571]	Loss  : 1.4051
2024-05-19 18:30:59,694 - INFO - Test loss   : 0.7180
2024-05-19 18:30:59,694 - INFO - 
Epoch	85
2024-05-19 18:30:59,964 - INFO - [6144/363571]	Loss  : 1.4093
2024-05-19 18:31:01,914 - INFO - Test loss   : 0.7218
2024-05-19 18:31:01,915 - INFO - 
Epoch	86
2024-05-19 18:31:02,189 - INFO - [6144/363571]	Loss  : 1.4122
2024-05-19 18:31:04,233 - INFO - Test loss   : 0.7277
2024-05-19 18:31:04,233 - INFO - 
Epoch	87
2024-05-19 18:31:04,507 - INFO - [6144/363571]	Loss  : 1.4195
2024-05-19 18:31:06,461 - INFO - Test loss   : 0.7139
2024-05-19 18:31:06,461 - INFO - 
Epoch	88
2024-05-19 18:31:06,783 - INFO - [6144/363571]	Loss  : 1.4124
2024-05-19 18:31:08,798 - INFO - Test loss   : 0.7037
2024-05-19 18:31:08,798 - INFO - 
Epoch	89
2024-05-19 18:31:09,077 - INFO - [6144/363571]	Loss  : 1.4202
2024-05-19 18:31:11,038 - INFO - Test loss   : 0.7268
2024-05-19 18:31:11,039 - INFO - 
Epoch	90
2024-05-19 18:31:11,312 - INFO - [6144/363571]	Loss  : 1.4100
2024-05-19 18:31:13,345 - INFO - Test loss   : 0.7416
2024-05-19 18:31:13,599 - INFO - (53041,)
2024-05-19 18:31:13,818 - INFO -  Split ID: 0
2024-05-19 18:31:13,836 - INFO -  Top 1	LocEnc (Epoch 90)acc (%):   12.3
2024-05-19 18:31:13,838 - INFO -  Top 3	LocEnc (Epoch 90)acc (%):   24.49
2024-05-19 18:31:13,839 - INFO -  Top 5	LocEnc (Epoch 90)acc (%):   33.5
2024-05-19 18:31:13,841 - INFO -  Top 10	LocEnc (Epoch 90)acc (%):   46.05
2024-05-19 18:31:13,855 - INFO - 
No prior
2024-05-19 18:31:13,867 - INFO - (53041,)
2024-05-19 18:31:14,160 - INFO -  Split ID: 0
2024-05-19 18:31:14,161 - INFO -  Top 1	(Epoch 90)acc (%):   69.83
2024-05-19 18:31:14,161 - INFO -  Top 3	(Epoch 90)acc (%):   84.61
2024-05-19 18:31:14,161 - INFO -  Top 5	(Epoch 90)acc (%):   89.23
2024-05-19 18:31:14,161 - INFO -  Top 10	(Epoch 90)acc (%):   94.29
2024-05-19 18:31:34,556 - INFO -  Split ID: 0
2024-05-19 18:31:34,556 - INFO -  Top 1	(Epoch 90)acc (%):   70.25
2024-05-19 18:31:34,556 - INFO -  Top 3	(Epoch 90)acc (%):   84.92
2024-05-19 18:31:34,556 - INFO -  Top 5	(Epoch 90)acc (%):   89.6
2024-05-19 18:31:34,556 - INFO -  Top 10	(Epoch 90)acc (%):   94.53
2024-05-19 18:31:34,559 - INFO - 
Epoch	91
2024-05-19 18:31:34,833 - INFO - [6144/363571]	Loss  : 1.3971
2024-05-19 18:31:36,813 - INFO - Test loss   : 0.7174
2024-05-19 18:31:36,813 - INFO - 
Epoch	92
2024-05-19 18:31:37,090 - INFO - [6144/363571]	Loss  : 1.4113
2024-05-19 18:31:39,142 - INFO - Test loss   : 0.7157
2024-05-19 18:31:39,142 - INFO - 
Epoch	93
2024-05-19 18:31:39,416 - INFO - [6144/363571]	Loss  : 1.4142
2024-05-19 18:31:41,356 - INFO - Test loss   : 0.7251
2024-05-19 18:31:41,356 - INFO - 
Epoch	94
2024-05-19 18:31:41,682 - INFO - [6144/363571]	Loss  : 1.4157
2024-05-19 18:31:43,682 - INFO - Test loss   : 0.7271
2024-05-19 18:31:43,682 - INFO - 
Epoch	95
2024-05-19 18:31:43,956 - INFO - [6144/363571]	Loss  : 1.3998
2024-05-19 18:31:45,899 - INFO - Test loss   : 0.7240
2024-05-19 18:31:45,899 - INFO - 
Epoch	96
2024-05-19 18:31:46,175 - INFO - [6144/363571]	Loss  : 1.4107
2024-05-19 18:31:48,224 - INFO - Test loss   : 0.7225
2024-05-19 18:31:48,225 - INFO - 
Epoch	97
2024-05-19 18:31:48,499 - INFO - [6144/363571]	Loss  : 1.3991
2024-05-19 18:31:50,453 - INFO - Test loss   : 0.7272
2024-05-19 18:31:50,453 - INFO - 
Epoch	98
2024-05-19 18:31:50,728 - INFO - [6144/363571]	Loss  : 1.4015
2024-05-19 18:31:52,791 - INFO - Test loss   : 0.7309
2024-05-19 18:31:52,791 - INFO - 
Epoch	99
2024-05-19 18:31:53,067 - INFO - [6144/363571]	Loss  : 1.3939
2024-05-19 18:31:55,014 - INFO - Test loss   : 0.7307
2024-05-19 18:31:55,014 - INFO - Saving output model to ../models/rff/model_fmow_rff_inception_v3_0.0050_64_0.0000010_1_512_2.0.pth.tar
2024-05-19 18:31:55,019 - INFO - Saving output model to ../models/rff/model_fmow_rff_inception_v3_0.0050_64_0.0000010_1_512_2.0.pth.tar
2024-05-19 18:31:55,032 - INFO - 
No prior
2024-05-19 18:31:55,042 - INFO - (53041,)
2024-05-19 18:31:55,194 - INFO -  Split ID: 0
2024-05-19 18:31:55,194 - INFO -  Top 1	acc (%):   69.83
2024-05-19 18:31:55,194 - INFO -  Top 3	acc (%):   84.61
2024-05-19 18:31:55,194 - INFO -  Top 5	acc (%):   89.23
2024-05-19 18:31:55,195 - INFO -  Top 10	acc (%):   94.29
2024-05-19 18:32:15,588 - INFO -  Split ID: 0
2024-05-19 18:32:15,588 - INFO -  Top 1	acc (%):   70.24
2024-05-19 18:32:15,589 - INFO -  Top 3	acc (%):   84.94
2024-05-19 18:32:15,589 - INFO -  Top 5	acc (%):   89.59
2024-05-19 18:32:15,589 - INFO -  Top 10	acc (%):   94.52
2024-05-19 18:32:15,591 - INFO - 
rff
2024-05-19 18:32:15,591 - INFO -  Model :	model_fmow_rff_inception_v3_0.0050_64_0.0000010_1_512_2.0.pth.tar
2024-05-19 18:32:15,659 - INFO - (53041,)
2024-05-19 18:32:15,793 - INFO -  Split ID: 0
2024-05-19 18:32:15,812 - INFO -  Top 1	LocEnc acc (%):   14.59
2024-05-19 18:32:15,813 - INFO -  Top 3	LocEnc acc (%):   24.4
2024-05-19 18:32:15,815 - INFO -  Top 5	LocEnc acc (%):   32.47
2024-05-19 18:32:15,817 - INFO -  Top 10	LocEnc acc (%):   45.66
2024-05-30 14:51:24,556 - INFO - 
num_classes	62
2024-05-30 14:51:24,575 - INFO - num train    	363571
2024-05-30 14:51:24,575 - INFO - num val      	53041
2024-05-30 14:51:24,575 - INFO - train loss   	full_loss
2024-05-30 14:51:24,575 - INFO - model name   	../models/rff/model_fmow_rff_inception_v3_0.0050_64_0.0000010_1_512_2.0.pth.tar
2024-05-30 14:51:24,575 - INFO - num users    	1
2024-05-30 14:51:24,815 - INFO - 
Only rff
2024-05-30 14:51:24,815 - INFO -  Model :	model_fmow_rff_inception_v3_0.0050_64_0.0000010_1_512_2.0.pth.tar
2024-05-30 14:51:24,865 - INFO - Saving output model to ../models/rff/model_fmow_rff_inception_v3_0.0050_64_0.0000010_1_512_2.0.pth.tar
2024-05-30 14:51:24,881 - INFO - Saving output model to ../models/rff/model_fmow_rff_inception_v3_0.0050_64_0.0000010_1_512_2.0.pth.tar
2024-05-30 14:51:24,891 - INFO - 
No prior
2024-05-30 14:51:24,900 - INFO - (53041,)
2024-05-30 14:51:25,853 - INFO - Save results to ../eval_results/eval_fmow__val_no_prior.csv
2024-05-30 14:51:25,853 - INFO -  Split ID: 0
2024-05-30 14:51:25,853 - INFO -  Top 1	acc (%):   69.83
2024-05-30 14:51:25,853 - INFO -  Top 3	acc (%):   84.61
2024-05-30 14:51:25,854 - INFO -  Top 5	acc (%):   89.23
2024-05-30 14:51:25,854 - INFO -  Top 10	acc (%):   94.29
2024-05-30 14:52:03,083 - INFO -  Split ID: 0
2024-05-30 14:52:03,083 - INFO -  Top 1	hit (%):   64.38
2024-05-30 14:52:03,083 - INFO -  Top 3	hit (%):   79.34
2024-05-30 14:52:03,084 - INFO -  Top 5	hit (%):   84.55
2024-05-30 14:52:03,084 - INFO -  Top 10	hit (%):   90.67
2024-05-30 14:52:03,097 - INFO - 
Only rff
2024-05-30 14:52:03,098 - INFO -  Model :	model_fmow_rff_inception_v3_0.0050_64_0.0000010_1_512_2.0.pth.tar
2024-05-30 14:52:03,214 - INFO - (53041,)
2024-05-30 14:52:03,354 - INFO -  Split ID: 0
2024-05-30 14:52:03,374 - INFO -  Top 1	LocEnc acc (%):   1.4
2024-05-30 14:52:03,375 - INFO -  Top 3	LocEnc acc (%):   3.56
2024-05-30 14:52:03,377 - INFO -  Top 5	LocEnc acc (%):   6.24
2024-05-30 14:52:03,379 - INFO -  Top 10	LocEnc acc (%):   13.55
