2024-05-20 20:30:59,576 - INFO - 
num_classes	500
2024-05-20 20:30:59,576 - INFO - num train    	19133
2024-05-20 20:30:59,576 - INFO - num val      	443
2024-05-20 20:30:59,577 - INFO - train loss   	full_loss
2024-05-20 20:30:59,577 - INFO - model name   	../models/rff/model_birdsnap_orig_meta_rff_inception_v3_0.0020_64_0.1000000_1_512_1.0.pth.tar
2024-05-20 20:30:59,577 - INFO - num users    	2872
2024-05-20 20:30:59,577 - INFO - meta data    	orig_meta
2024-05-20 20:30:59,766 - INFO - 
Epoch	0
2024-05-20 20:31:14,397 - INFO - [18432/19133]	Loss  : 1.7390
2024-05-20 20:31:14,729 - INFO - Test loss   : 0.7783
2024-05-20 20:31:14,729 - INFO - 
Epoch	1
2024-05-20 20:31:29,043 - INFO - [18432/19133]	Loss  : 1.4494
2024-05-20 20:31:29,376 - INFO - Test loss   : 0.7625
2024-05-20 20:31:29,376 - INFO - 
Epoch	2
2024-05-20 20:31:43,838 - INFO - [18432/19133]	Loss  : 1.4140
2024-05-20 20:31:44,169 - INFO - Test loss   : 0.7515
2024-05-20 20:31:44,169 - INFO - 
Epoch	3
2024-05-20 20:31:58,502 - INFO - [18432/19133]	Loss  : 1.3848
2024-05-20 20:31:58,836 - INFO - Test loss   : 0.7415
2024-05-20 20:31:58,836 - INFO - 
Epoch	4
2024-05-20 20:32:13,173 - INFO - [18432/19133]	Loss  : 1.3559
2024-05-20 20:32:13,500 - INFO - Test loss   : 0.6922
2024-05-20 20:32:13,500 - INFO - 
Epoch	5
2024-05-20 20:32:27,658 - INFO - [18432/19133]	Loss  : 1.3225
2024-05-20 20:32:27,984 - INFO - Test loss   : 0.6615
2024-05-20 20:32:27,984 - INFO - 
Epoch	6
2024-05-20 20:32:42,100 - INFO - [18432/19133]	Loss  : 1.2860
2024-05-20 20:32:42,424 - INFO - Test loss   : 0.6398
2024-05-20 20:32:42,424 - INFO - 
Epoch	7
2024-05-20 20:32:56,586 - INFO - [18432/19133]	Loss  : 1.2575
2024-05-20 20:32:56,914 - INFO - Test loss   : 0.6254
2024-05-20 20:32:56,914 - INFO - 
Epoch	8
2024-05-20 20:33:10,992 - INFO - [18432/19133]	Loss  : 1.2253
2024-05-20 20:33:11,319 - INFO - Test loss   : 0.5958
2024-05-20 20:33:11,319 - INFO - 
Epoch	9
2024-05-20 20:33:25,502 - INFO - [18432/19133]	Loss  : 1.1953
2024-05-20 20:33:25,830 - INFO - Test loss   : 0.5741
2024-05-20 20:33:25,830 - INFO - 
Epoch	10
2024-05-20 20:33:39,912 - INFO - [18432/19133]	Loss  : 1.1738
2024-05-20 20:33:40,239 - INFO - Test loss   : 0.5508
2024-05-20 20:33:40,247 - INFO - (443,)
2024-05-20 20:33:40,264 - INFO -  Split ID: 0
2024-05-20 20:33:40,264 - INFO -  Top 1	LocEnc (Epoch 10)acc (%):   1.81
2024-05-20 20:33:40,264 - INFO -  Top 3	LocEnc (Epoch 10)acc (%):   5.42
2024-05-20 20:33:40,264 - INFO -  Top 5	LocEnc (Epoch 10)acc (%):   8.13
2024-05-20 20:33:40,264 - INFO -  Top 10	LocEnc (Epoch 10)acc (%):   12.19
2024-05-20 20:33:40,264 - INFO - 
No prior
2024-05-20 20:33:40,266 - INFO - (2262,)
2024-05-20 20:33:40,317 - INFO -  Split ID: 0
2024-05-20 20:33:40,317 - INFO -  Top 1	(Epoch 10)acc (%):   70.07
2024-05-20 20:33:40,317 - INFO -  Top 3	(Epoch 10)acc (%):   86.6
2024-05-20 20:33:40,317 - INFO -  Top 5	(Epoch 10)acc (%):   90.05
2024-05-20 20:33:40,318 - INFO -  Top 10	(Epoch 10)acc (%):   92.88
2024-05-20 20:33:41,489 - INFO -  Split ID: 0
2024-05-20 20:33:41,490 - INFO -  Top 1	(Epoch 10)acc (%):   71.22
2024-05-20 20:33:41,490 - INFO -  Top 3	(Epoch 10)acc (%):   86.65
2024-05-20 20:33:41,490 - INFO -  Top 5	(Epoch 10)acc (%):   89.96
2024-05-20 20:33:41,490 - INFO -  Top 10	(Epoch 10)acc (%):   93.32
2024-05-20 20:33:41,490 - INFO - 
Epoch	11
2024-05-20 20:33:55,643 - INFO - [18432/19133]	Loss  : 1.1592
2024-05-20 20:33:55,970 - INFO - Test loss   : 0.5509
2024-05-20 20:33:55,970 - INFO - 
Epoch	12
2024-05-20 20:34:09,999 - INFO - [18432/19133]	Loss  : 1.1484
2024-05-20 20:34:10,323 - INFO - Test loss   : 0.5555
2024-05-20 20:34:10,323 - INFO - 
Epoch	13
2024-05-20 20:34:24,460 - INFO - [18432/19133]	Loss  : 1.1394
2024-05-20 20:34:24,784 - INFO - Test loss   : 0.5622
2024-05-20 20:34:24,784 - INFO - 
Epoch	14
2024-05-20 20:34:38,845 - INFO - [18432/19133]	Loss  : 1.1294
2024-05-20 20:34:39,169 - INFO - Test loss   : 0.5489
2024-05-20 20:34:39,169 - INFO - 
Epoch	15
2024-05-20 20:34:53,229 - INFO - [18432/19133]	Loss  : 1.1213
2024-05-20 20:34:53,599 - INFO - Test loss   : 0.5467
2024-05-20 20:34:53,600 - INFO - 
Epoch	16
2024-05-20 20:35:07,686 - INFO - [18432/19133]	Loss  : 1.1127
2024-05-20 20:35:08,016 - INFO - Test loss   : 0.5457
2024-05-20 20:35:08,016 - INFO - 
Epoch	17
2024-05-20 20:35:22,109 - INFO - [18432/19133]	Loss  : 1.1050
2024-05-20 20:35:22,439 - INFO - Test loss   : 0.5457
2024-05-20 20:35:22,439 - INFO - 
Epoch	18
2024-05-20 20:35:36,603 - INFO - [18432/19133]	Loss  : 1.0945
2024-05-20 20:35:36,927 - INFO - Test loss   : 0.5419
2024-05-20 20:35:36,927 - INFO - 
Epoch	19
2024-05-20 20:35:50,967 - INFO - [18432/19133]	Loss  : 1.0916
2024-05-20 20:35:51,290 - INFO - Test loss   : 0.5550
2024-05-20 20:35:51,290 - INFO - 
Epoch	20
2024-05-20 20:36:05,420 - INFO - [18432/19133]	Loss  : 1.0816
2024-05-20 20:36:05,744 - INFO - Test loss   : 0.5515
2024-05-20 20:36:05,746 - INFO - (443,)
2024-05-20 20:36:05,762 - INFO -  Split ID: 0
2024-05-20 20:36:05,762 - INFO -  Top 1	LocEnc (Epoch 20)acc (%):   2.03
2024-05-20 20:36:05,762 - INFO -  Top 3	LocEnc (Epoch 20)acc (%):   5.87
2024-05-20 20:36:05,762 - INFO -  Top 5	LocEnc (Epoch 20)acc (%):   9.26
2024-05-20 20:36:05,762 - INFO -  Top 10	LocEnc (Epoch 20)acc (%):   15.35
2024-05-20 20:36:05,762 - INFO - 
No prior
2024-05-20 20:36:05,763 - INFO - (2262,)
2024-05-20 20:36:05,813 - INFO -  Split ID: 0
2024-05-20 20:36:05,813 - INFO -  Top 1	(Epoch 20)acc (%):   70.07
2024-05-20 20:36:05,813 - INFO -  Top 3	(Epoch 20)acc (%):   86.6
2024-05-20 20:36:05,813 - INFO -  Top 5	(Epoch 20)acc (%):   90.05
2024-05-20 20:36:05,813 - INFO -  Top 10	(Epoch 20)acc (%):   92.88
2024-05-20 20:36:06,976 - INFO -  Split ID: 0
2024-05-20 20:36:06,976 - INFO -  Top 1	(Epoch 20)acc (%):   71.75
2024-05-20 20:36:06,976 - INFO -  Top 3	(Epoch 20)acc (%):   86.78
2024-05-20 20:36:06,977 - INFO -  Top 5	(Epoch 20)acc (%):   90.14
2024-05-20 20:36:06,977 - INFO -  Top 10	(Epoch 20)acc (%):   93.28
2024-05-20 20:36:06,977 - INFO - 
Epoch	21
2024-05-20 20:36:21,026 - INFO - [18432/19133]	Loss  : 1.0774
2024-05-20 20:36:21,350 - INFO - Test loss   : 0.5548
2024-05-20 20:36:21,350 - INFO - 
Epoch	22
2024-05-20 20:36:35,409 - INFO - [18432/19133]	Loss  : 1.0704
2024-05-20 20:36:35,733 - INFO - Test loss   : 0.5501
2024-05-20 20:36:35,733 - INFO - 
Epoch	23
2024-05-20 20:36:49,834 - INFO - [18432/19133]	Loss  : 1.0661
2024-05-20 20:36:50,159 - INFO - Test loss   : 0.5541
2024-05-20 20:36:50,159 - INFO - 
Epoch	24
2024-05-20 20:37:04,273 - INFO - [18432/19133]	Loss  : 1.0644
2024-05-20 20:37:04,600 - INFO - Test loss   : 0.5584
2024-05-20 20:37:04,600 - INFO - 
Epoch	25
2024-05-20 20:37:18,785 - INFO - [18432/19133]	Loss  : 1.0577
2024-05-20 20:37:19,112 - INFO - Test loss   : 0.5610
2024-05-20 20:37:19,112 - INFO - 
Epoch	26
2024-05-20 20:37:33,205 - INFO - [18432/19133]	Loss  : 1.0539
2024-05-20 20:37:33,531 - INFO - Test loss   : 0.5596
2024-05-20 20:37:33,531 - INFO - 
Epoch	27
2024-05-20 20:37:47,710 - INFO - [18432/19133]	Loss  : 1.0472
2024-05-20 20:37:48,037 - INFO - Test loss   : 0.5617
2024-05-20 20:37:48,037 - INFO - 
Epoch	28
2024-05-20 20:38:02,122 - INFO - [18432/19133]	Loss  : 1.0449
2024-05-20 20:38:02,449 - INFO - Test loss   : 0.5509
2024-05-20 20:38:02,449 - INFO - 
Epoch	29
2024-05-20 20:38:16,625 - INFO - [18432/19133]	Loss  : 1.0411
2024-05-20 20:38:16,949 - INFO - Test loss   : 0.5563
2024-05-20 20:38:16,949 - INFO - Saving output model to ../models/rff/model_birdsnap_orig_meta_rff_inception_v3_0.0020_64_0.1000000_1_512_1.0.pth.tar
2024-05-20 20:38:16,960 - INFO - Saving output model to ../models/rff/model_birdsnap_orig_meta_rff_inception_v3_0.0020_64_0.1000000_1_512_1.0.pth.tar
2024-05-20 20:38:16,990 - INFO - 
No prior
2024-05-20 20:38:16,991 - INFO - (2262,)
2024-05-20 20:38:17,039 - INFO -  Split ID: 0
2024-05-20 20:38:17,040 - INFO -  Top 1	acc (%):   70.07
2024-05-20 20:38:17,040 - INFO -  Top 3	acc (%):   86.6
2024-05-20 20:38:17,040 - INFO -  Top 5	acc (%):   90.05
2024-05-20 20:38:17,040 - INFO -  Top 10	acc (%):   92.88
2024-05-20 20:38:18,207 - INFO -  Split ID: 0
2024-05-20 20:38:18,207 - INFO -  Top 1	acc (%):   71.84
2024-05-20 20:38:18,209 - INFO -  Top 3	acc (%):   86.74
2024-05-20 20:38:18,209 - INFO -  Top 5	acc (%):   89.92
2024-05-20 20:38:18,209 - INFO -  Top 10	acc (%):   93.19
2024-05-20 20:38:18,209 - INFO - 
rff
2024-05-20 20:38:18,209 - INFO -  Model :	model_birdsnap_orig_meta_rff_inception_v3_0.0020_64_0.1000000_1_512_1.0.pth.tar
2024-05-20 20:38:18,220 - INFO - (443,)
2024-05-20 20:38:18,235 - INFO -  Split ID: 0
2024-05-20 20:38:18,235 - INFO -  Top 1	LocEnc acc (%):   2.03
2024-05-20 20:38:18,235 - INFO -  Top 3	LocEnc acc (%):   8.13
2024-05-20 20:38:18,235 - INFO -  Top 5	LocEnc acc (%):   9.93
2024-05-20 20:38:18,236 - INFO -  Top 10	LocEnc acc (%):   15.58
