2024-05-21 15:25:12,311 - INFO - 
num_classes	500
2024-05-21 15:25:12,311 - INFO - num train    	42490
2024-05-21 15:25:12,311 - INFO - num val      	980
2024-05-21 15:25:12,311 - INFO - train loss   	full_loss
2024-05-21 15:25:12,311 - INFO - model name   	../models/rff/model_birdsnap_ebird_meta_rff_inception_v3_0.0020_64_0.1000000_1_512_2.0.pth.tar
2024-05-21 15:25:12,311 - INFO - num users    	5763
2024-05-21 15:25:12,311 - INFO - meta data    	ebird_meta
2024-05-21 15:25:12,504 - INFO - 
Epoch	0
2024-05-21 15:25:43,812 - INFO - [41984/42490]	Loss  : 1.5065
2024-05-21 15:25:44,528 - INFO - Test loss   : 0.6924
2024-05-21 15:25:44,528 - INFO - 
Epoch	1
2024-05-21 15:26:14,296 - INFO - [41984/42490]	Loss  : 1.3308
2024-05-21 15:26:14,747 - INFO - Test loss   : 0.5714
2024-05-21 15:26:14,747 - INFO - 
Epoch	2
2024-05-21 15:26:36,805 - INFO - [41984/42490]	Loss  : 1.1219
2024-05-21 15:26:37,539 - INFO - Test loss   : 0.4436
2024-05-21 15:26:37,539 - INFO - 
Epoch	3
2024-05-21 15:27:09,497 - INFO - [41984/42490]	Loss  : 1.0375
2024-05-21 15:27:10,232 - INFO - Test loss   : 0.4109
2024-05-21 15:27:10,232 - INFO - 
Epoch	4
2024-05-21 15:27:42,210 - INFO - [41984/42490]	Loss  : 0.9935
2024-05-21 15:27:42,946 - INFO - Test loss   : 0.3904
2024-05-21 15:27:42,946 - INFO - 
Epoch	5
2024-05-21 15:28:02,992 - INFO - [41984/42490]	Loss  : 0.9650
2024-05-21 15:28:03,441 - INFO - Test loss   : 0.3910
2024-05-21 15:28:03,441 - INFO - 
Epoch	6
2024-05-21 15:28:22,668 - INFO - [41984/42490]	Loss  : 0.9424
2024-05-21 15:28:23,120 - INFO - Test loss   : 0.3805
2024-05-21 15:28:23,120 - INFO - 
Epoch	7
2024-05-21 15:28:42,897 - INFO - [41984/42490]	Loss  : 0.9264
2024-05-21 15:28:43,341 - INFO - Test loss   : 0.3689
2024-05-21 15:28:43,341 - INFO - 
Epoch	8
2024-05-21 15:29:12,868 - INFO - [41984/42490]	Loss  : 0.9165
2024-05-21 15:29:13,585 - INFO - Test loss   : 0.3734
2024-05-21 15:29:13,585 - INFO - 
Epoch	9
2024-05-21 15:29:44,827 - INFO - [41984/42490]	Loss  : 0.9031
2024-05-21 15:29:45,546 - INFO - Test loss   : 0.3619
2024-05-21 15:29:45,547 - INFO - 
Epoch	10
2024-05-21 15:30:16,902 - INFO - [41984/42490]	Loss  : 0.8975
2024-05-21 15:30:17,619 - INFO - Test loss   : 0.3611
2024-05-21 15:30:17,630 - INFO - (980,)
2024-05-21 15:30:17,667 - INFO -  Split ID: 0
2024-05-21 15:30:17,667 - INFO -  Top 1	LocEnc (Epoch 10)acc (%):   3.67
2024-05-21 15:30:17,667 - INFO -  Top 3	LocEnc (Epoch 10)acc (%):   8.88
2024-05-21 15:30:17,668 - INFO -  Top 5	LocEnc (Epoch 10)acc (%):   12.96
2024-05-21 15:30:17,668 - INFO -  Top 10	LocEnc (Epoch 10)acc (%):   22.45
2024-05-21 15:30:17,668 - INFO - 
No prior
2024-05-21 15:30:17,669 - INFO - (2262,)
2024-05-21 15:30:17,720 - INFO -  Split ID: 0
2024-05-21 15:30:17,720 - INFO -  Top 1	(Epoch 10)acc (%):   70.07
2024-05-21 15:30:17,720 - INFO -  Top 3	(Epoch 10)acc (%):   86.6
2024-05-21 15:30:17,720 - INFO -  Top 5	(Epoch 10)acc (%):   90.05
2024-05-21 15:30:17,720 - INFO -  Top 10	(Epoch 10)acc (%):   92.88
2024-05-21 15:30:19,956 - INFO -  Split ID: 0
2024-05-21 15:30:19,956 - INFO -  Top 1	(Epoch 10)acc (%):   78.25
2024-05-21 15:30:19,956 - INFO -  Top 3	(Epoch 10)acc (%):   90.72
2024-05-21 15:30:19,956 - INFO -  Top 5	(Epoch 10)acc (%):   93.1
2024-05-21 15:30:19,956 - INFO -  Top 10	(Epoch 10)acc (%):   95.62
2024-05-21 15:30:19,956 - INFO - 
Epoch	11
2024-05-21 15:30:51,308 - INFO - [41984/42490]	Loss  : 0.8885
2024-05-21 15:30:52,028 - INFO - Test loss   : 0.3635
2024-05-21 15:30:52,028 - INFO - 
Epoch	12
2024-05-21 15:31:23,375 - INFO - [41984/42490]	Loss  : 0.8819
2024-05-21 15:31:24,094 - INFO - Test loss   : 0.3688
2024-05-21 15:31:24,095 - INFO - 
Epoch	13
2024-05-21 15:31:55,446 - INFO - [41984/42490]	Loss  : 0.8784
2024-05-21 15:31:56,165 - INFO - Test loss   : 0.3593
2024-05-21 15:31:56,165 - INFO - 
Epoch	14
2024-05-21 15:32:27,431 - INFO - [41984/42490]	Loss  : 0.8732
2024-05-21 15:32:28,148 - INFO - Test loss   : 0.3653
2024-05-21 15:32:28,148 - INFO - 
Epoch	15
2024-05-21 15:32:59,352 - INFO - [41984/42490]	Loss  : 0.8696
2024-05-21 15:33:00,066 - INFO - Test loss   : 0.3689
2024-05-21 15:33:00,066 - INFO - 
Epoch	16
2024-05-21 15:33:31,230 - INFO - [41984/42490]	Loss  : 0.8662
2024-05-21 15:33:31,947 - INFO - Test loss   : 0.3729
2024-05-21 15:33:31,947 - INFO - 
Epoch	17
2024-05-21 15:34:03,154 - INFO - [41984/42490]	Loss  : 0.8640
2024-05-21 15:34:03,874 - INFO - Test loss   : 0.3684
2024-05-21 15:34:03,874 - INFO - 
Epoch	18
2024-05-21 15:34:35,221 - INFO - [41984/42490]	Loss  : 0.8582
2024-05-21 15:34:35,940 - INFO - Test loss   : 0.3632
2024-05-21 15:34:35,940 - INFO - 
Epoch	19
2024-05-21 15:35:07,275 - INFO - [41984/42490]	Loss  : 0.8572
2024-05-21 15:35:07,996 - INFO - Test loss   : 0.3619
2024-05-21 15:35:07,996 - INFO - 
Epoch	20
2024-05-21 15:35:39,348 - INFO - [41984/42490]	Loss  : 0.8553
2024-05-21 15:35:40,066 - INFO - Test loss   : 0.3719
2024-05-21 15:35:40,069 - INFO - (980,)
2024-05-21 15:35:40,103 - INFO -  Split ID: 0
2024-05-21 15:35:40,103 - INFO -  Top 1	LocEnc (Epoch 20)acc (%):   4.69
2024-05-21 15:35:40,103 - INFO -  Top 3	LocEnc (Epoch 20)acc (%):   9.9
2024-05-21 15:35:40,103 - INFO -  Top 5	LocEnc (Epoch 20)acc (%):   14.39
2024-05-21 15:35:40,103 - INFO -  Top 10	LocEnc (Epoch 20)acc (%):   23.47
2024-05-21 15:35:40,104 - INFO - 
No prior
2024-05-21 15:35:40,105 - INFO - (2262,)
2024-05-21 15:35:40,155 - INFO -  Split ID: 0
2024-05-21 15:35:40,155 - INFO -  Top 1	(Epoch 20)acc (%):   70.07
2024-05-21 15:35:40,155 - INFO -  Top 3	(Epoch 20)acc (%):   86.6
2024-05-21 15:35:40,155 - INFO -  Top 5	(Epoch 20)acc (%):   90.05
2024-05-21 15:35:40,155 - INFO -  Top 10	(Epoch 20)acc (%):   92.88
2024-05-21 15:35:42,378 - INFO -  Split ID: 0
2024-05-21 15:35:42,378 - INFO -  Top 1	(Epoch 20)acc (%):   78.47
2024-05-21 15:35:42,378 - INFO -  Top 3	(Epoch 20)acc (%):   90.76
2024-05-21 15:35:42,378 - INFO -  Top 5	(Epoch 20)acc (%):   93.28
2024-05-21 15:35:42,378 - INFO -  Top 10	(Epoch 20)acc (%):   95.71
2024-05-21 15:35:42,378 - INFO - 
Epoch	21
2024-05-21 15:36:13,673 - INFO - [41984/42490]	Loss  : 0.8539
2024-05-21 15:36:14,393 - INFO - Test loss   : 0.3712
2024-05-21 15:36:14,393 - INFO - 
Epoch	22
2024-05-21 15:36:45,699 - INFO - [41984/42490]	Loss  : 0.8490
2024-05-21 15:36:46,415 - INFO - Test loss   : 0.3754
2024-05-21 15:36:46,415 - INFO - 
Epoch	23
2024-05-21 15:37:17,654 - INFO - [41984/42490]	Loss  : 0.8489
2024-05-21 15:37:18,412 - INFO - Test loss   : 0.3953
2024-05-21 15:37:18,412 - INFO - 
Epoch	24
2024-05-21 15:37:49,455 - INFO - [41984/42490]	Loss  : 0.8460
2024-05-21 15:37:50,216 - INFO - Test loss   : 0.3729
2024-05-21 15:37:50,217 - INFO - 
Epoch	25
2024-05-21 15:38:21,441 - INFO - [41984/42490]	Loss  : 0.8447
2024-05-21 15:38:22,158 - INFO - Test loss   : 0.3677
2024-05-21 15:38:22,158 - INFO - 
Epoch	26
2024-05-21 15:38:53,414 - INFO - [41984/42490]	Loss  : 0.8401
2024-05-21 15:38:54,133 - INFO - Test loss   : 0.3771
2024-05-21 15:38:54,133 - INFO - 
Epoch	27
2024-05-21 15:39:25,469 - INFO - [41984/42490]	Loss  : 0.8401
2024-05-21 15:39:26,189 - INFO - Test loss   : 0.3770
2024-05-21 15:39:26,189 - INFO - 
Epoch	28
2024-05-21 15:39:57,532 - INFO - [41984/42490]	Loss  : 0.8383
2024-05-21 15:39:58,251 - INFO - Test loss   : 0.3741
2024-05-21 15:39:58,251 - INFO - 
Epoch	29
2024-05-21 15:40:29,573 - INFO - [41984/42490]	Loss  : 0.8366
2024-05-21 15:40:30,297 - INFO - Test loss   : 0.3779
2024-05-21 15:40:30,297 - INFO - Saving output model to ../models/rff/model_birdsnap_ebird_meta_rff_inception_v3_0.0020_64_0.1000000_1_512_2.0.pth.tar
2024-05-21 15:40:30,312 - INFO - Saving output model to ../models/rff/model_birdsnap_ebird_meta_rff_inception_v3_0.0020_64_0.1000000_1_512_2.0.pth.tar
2024-05-21 15:40:30,350 - INFO - 
No prior
2024-05-21 15:40:30,352 - INFO - (2262,)
2024-05-21 15:40:30,401 - INFO -  Split ID: 0
2024-05-21 15:40:30,401 - INFO -  Top 1	acc (%):   70.07
2024-05-21 15:40:30,401 - INFO -  Top 3	acc (%):   86.6
2024-05-21 15:40:30,402 - INFO -  Top 5	acc (%):   90.05
2024-05-21 15:40:30,402 - INFO -  Top 10	acc (%):   92.88
2024-05-21 15:40:32,651 - INFO -  Split ID: 0
2024-05-21 15:40:32,651 - INFO -  Top 1	acc (%):   78.91
2024-05-21 15:40:32,651 - INFO -  Top 3	acc (%):   91.16
2024-05-21 15:40:32,651 - INFO -  Top 5	acc (%):   93.28
2024-05-21 15:40:32,651 - INFO -  Top 10	acc (%):   95.67
2024-05-21 15:40:32,651 - INFO - 
rff
2024-05-21 15:40:32,651 - INFO -  Model :	model_birdsnap_ebird_meta_rff_inception_v3_0.0020_64_0.1000000_1_512_2.0.pth.tar
2024-05-21 15:40:32,663 - INFO - (980,)
2024-05-21 15:40:32,697 - INFO -  Split ID: 0
2024-05-21 15:40:32,697 - INFO -  Top 1	LocEnc acc (%):   4.59
2024-05-21 15:40:32,697 - INFO -  Top 3	LocEnc acc (%):   9.39
2024-05-21 15:40:32,698 - INFO -  Top 5	LocEnc acc (%):   13.98
2024-05-21 15:40:32,698 - INFO -  Top 10	LocEnc acc (%):   23.47
2024-06-01 10:57:37,698 - INFO - 
num_classes	500
2024-06-01 10:57:37,710 - INFO - num train    	42490
2024-06-01 10:57:37,710 - INFO - num val      	980
2024-06-01 10:57:37,710 - INFO - train loss   	full_loss
2024-06-01 10:57:37,710 - INFO - model name   	../models/rff/model_birdsnap_ebird_meta_rff_inception_v3_0.0020_64_0.1000000_1_512_2.0.pth.tar
2024-06-01 10:57:37,710 - INFO - num users    	5763
2024-06-01 10:57:37,710 - INFO - meta data    	ebird_meta
2024-06-01 10:57:37,925 - INFO - 
Only rff
2024-06-01 10:57:37,925 - INFO -  Model :	model_birdsnap_ebird_meta_rff_inception_v3_0.0020_64_0.1000000_1_512_2.0.pth.tar
2024-06-01 10:57:38,026 - INFO - Saving output model to ../models/rff/model_birdsnap_ebird_meta_rff_inception_v3_0.0020_64_0.1000000_1_512_2.0.pth.tar
2024-06-01 10:57:38,076 - INFO - Saving output model to ../models/rff/model_birdsnap_ebird_meta_rff_inception_v3_0.0020_64_0.1000000_1_512_2.0.pth.tar
2024-06-01 10:57:38,122 - INFO - 
No prior
2024-06-01 10:57:38,123 - INFO - (2262,)
2024-06-01 10:57:38,259 - INFO - Save results to ../eval_results/eval_birdsnap_ebird_meta_test_no_prior.csv
2024-06-01 10:57:38,259 - INFO -  Split ID: 0
2024-06-01 10:57:38,260 - INFO -  Top 1	acc (%):   70.07
2024-06-01 10:57:38,260 - INFO -  Top 3	acc (%):   86.6
2024-06-01 10:57:38,260 - INFO -  Top 5	acc (%):   90.05
2024-06-01 10:57:38,260 - INFO -  Top 10	acc (%):   92.88
2024-06-01 10:57:40,336 - INFO -  Split ID: 0
2024-06-01 10:57:40,336 - INFO -  Top 1	hit (%):   15.78
2024-06-01 10:57:40,336 - INFO -  Top 3	hit (%):   25.77
2024-06-01 10:57:40,336 - INFO -  Top 5	hit (%):   33.47
2024-06-01 10:57:40,336 - INFO -  Top 10	hit (%):   42.97
2024-06-01 10:57:40,337 - INFO - 
Only rff
2024-06-01 10:57:40,337 - INFO -  Model :	model_birdsnap_ebird_meta_rff_inception_v3_0.0020_64_0.1000000_1_512_2.0.pth.tar
2024-06-01 10:57:40,363 - INFO - (980,)
2024-06-01 10:57:40,399 - INFO -  Split ID: 0
2024-06-01 10:57:40,399 - INFO -  Top 1	LocEnc acc (%):   0.41
2024-06-01 10:57:40,400 - INFO -  Top 3	LocEnc acc (%):   1.63
2024-06-01 10:57:40,400 - INFO -  Top 5	LocEnc acc (%):   2.24
2024-06-01 10:57:40,400 - INFO -  Top 10	LocEnc acc (%):   3.16
