2024-05-19 18:01:09,908 - INFO - 
num_classes	555
2024-05-19 18:01:09,908 - INFO - num train    	22599
2024-05-19 18:01:09,908 - INFO - num val      	1100
2024-05-19 18:01:09,908 - INFO - train loss   	full_loss
2024-05-19 18:01:09,908 - INFO - model name   	../models/rff/model_nabirds_ebird_meta_rff_inception_v3_0.0010_64_0.0000010_1_512_2.0.pth.tar
2024-05-19 18:01:09,908 - INFO - num users    	5331
2024-05-19 18:01:09,908 - INFO - meta data    	ebird_meta
2024-05-19 18:01:10,085 - INFO - 
Epoch	0
2024-05-19 18:01:20,402 - INFO - [22528/22599]	Loss  : 1.7722
2024-05-19 18:01:20,909 - INFO - Test loss   : 0.6979
2024-05-19 18:01:20,909 - INFO - 
Epoch	1
2024-05-19 18:01:30,908 - INFO - [22528/22599]	Loss  : 1.3853
2024-05-19 18:01:31,417 - INFO - Test loss   : 0.7189
2024-05-19 18:01:31,417 - INFO - 
Epoch	2
2024-05-19 18:01:41,975 - INFO - [22528/22599]	Loss  : 1.3695
2024-05-19 18:01:42,485 - INFO - Test loss   : 0.7631
2024-05-19 18:01:42,485 - INFO - 
Epoch	3
2024-05-19 18:01:52,549 - INFO - [22528/22599]	Loss  : 1.3408
2024-05-19 18:01:53,060 - INFO - Test loss   : 0.7456
2024-05-19 18:01:53,060 - INFO - 
Epoch	4
2024-05-19 18:02:04,009 - INFO - [22528/22599]	Loss  : 1.2754
2024-05-19 18:02:04,519 - INFO - Test loss   : 0.7111
2024-05-19 18:02:04,519 - INFO - 
Epoch	5
2024-05-19 18:02:14,607 - INFO - [22528/22599]	Loss  : 1.2123
2024-05-19 18:02:15,113 - INFO - Test loss   : 0.6503
2024-05-19 18:02:15,113 - INFO - 
Epoch	6
2024-05-19 18:02:25,620 - INFO - [22528/22599]	Loss  : 1.1615
2024-05-19 18:02:26,132 - INFO - Test loss   : 0.6209
2024-05-19 18:02:26,132 - INFO - 
Epoch	7
2024-05-19 18:02:36,100 - INFO - [22528/22599]	Loss  : 1.1287
2024-05-19 18:02:36,612 - INFO - Test loss   : 0.5902
2024-05-19 18:02:36,612 - INFO - 
Epoch	8
2024-05-19 18:02:47,271 - INFO - [22528/22599]	Loss  : 1.1015
2024-05-19 18:02:47,798 - INFO - Test loss   : 0.5790
2024-05-19 18:02:47,798 - INFO - 
Epoch	9
2024-05-19 18:02:57,975 - INFO - [22528/22599]	Loss  : 1.0843
2024-05-19 18:02:58,491 - INFO - Test loss   : 0.5591
2024-05-19 18:02:58,491 - INFO - 
Epoch	10
2024-05-19 18:03:09,145 - INFO - [22528/22599]	Loss  : 1.0678
2024-05-19 18:03:09,662 - INFO - Test loss   : 0.5430
2024-05-19 18:03:09,672 - INFO - (1100,)
2024-05-19 18:03:09,715 - INFO -  Split ID: 0
2024-05-19 18:03:09,716 - INFO -  Top 1	LocEnc (Epoch 10)acc (%):   0.91
2024-05-19 18:03:09,716 - INFO -  Top 3	LocEnc (Epoch 10)acc (%):   2.82
2024-05-19 18:03:09,716 - INFO -  Top 5	LocEnc (Epoch 10)acc (%):   3.91
2024-05-19 18:03:09,716 - INFO -  Top 10	LocEnc (Epoch 10)acc (%):   7.91
2024-05-19 18:03:09,717 - INFO - 
No prior
2024-05-19 18:03:09,750 - INFO - (24633,)
2024-05-19 18:03:11,075 - INFO -  Split ID: 0
2024-05-19 18:03:11,076 - INFO -  Top 1	(Epoch 10)acc (%):   76.08
2024-05-19 18:03:11,076 - INFO -  Top 3	(Epoch 10)acc (%):   90.98
2024-05-19 18:03:11,076 - INFO -  Top 5	(Epoch 10)acc (%):   94.06
2024-05-19 18:03:11,076 - INFO -  Top 10	(Epoch 10)acc (%):   96.83
2024-05-19 18:03:31,384 - INFO -  Split ID: 0
2024-05-19 18:03:31,384 - INFO -  Top 1	(Epoch 10)acc (%):   79.99
2024-05-19 18:03:31,384 - INFO -  Top 3	(Epoch 10)acc (%):   92.7
2024-05-19 18:03:31,384 - INFO -  Top 5	(Epoch 10)acc (%):   95.34
2024-05-19 18:03:31,384 - INFO -  Top 10	(Epoch 10)acc (%):   97.52
2024-05-19 18:03:31,388 - INFO - 
Epoch	11
2024-05-19 18:03:41,346 - INFO - [22528/22599]	Loss  : 1.0549
2024-05-19 18:03:41,857 - INFO - Test loss   : 0.5330
2024-05-19 18:03:41,857 - INFO - 
Epoch	12
2024-05-19 18:03:52,390 - INFO - [22528/22599]	Loss  : 1.0433
2024-05-19 18:03:52,889 - INFO - Test loss   : 0.5297
2024-05-19 18:03:52,889 - INFO - 
Epoch	13
2024-05-19 18:04:02,853 - INFO - [22528/22599]	Loss  : 1.0309
2024-05-19 18:04:03,362 - INFO - Test loss   : 0.5245
2024-05-19 18:04:03,362 - INFO - 
Epoch	14
2024-05-19 18:04:14,391 - INFO - [22528/22599]	Loss  : 1.0229
2024-05-19 18:04:14,904 - INFO - Test loss   : 0.5195
2024-05-19 18:04:14,904 - INFO - 
Epoch	15
2024-05-19 18:04:24,899 - INFO - [22528/22599]	Loss  : 1.0158
2024-05-19 18:04:25,408 - INFO - Test loss   : 0.5127
2024-05-19 18:04:25,408 - INFO - 
Epoch	16
2024-05-19 18:04:36,009 - INFO - [22528/22599]	Loss  : 1.0070
2024-05-19 18:04:36,524 - INFO - Test loss   : 0.5058
2024-05-19 18:04:36,524 - INFO - 
Epoch	17
2024-05-19 18:04:46,475 - INFO - [22528/22599]	Loss  : 0.9980
2024-05-19 18:04:46,986 - INFO - Test loss   : 0.5107
2024-05-19 18:04:46,986 - INFO - 
Epoch	18
2024-05-19 18:04:57,518 - INFO - [22528/22599]	Loss  : 0.9943
2024-05-19 18:04:58,024 - INFO - Test loss   : 0.5082
2024-05-19 18:04:58,025 - INFO - 
Epoch	19
2024-05-19 18:05:07,947 - INFO - [22528/22599]	Loss  : 0.9870
2024-05-19 18:05:08,450 - INFO - Test loss   : 0.5094
2024-05-19 18:05:08,450 - INFO - 
Epoch	20
2024-05-19 18:05:19,001 - INFO - [22528/22599]	Loss  : 0.9841
2024-05-19 18:05:19,503 - INFO - Test loss   : 0.5082
2024-05-19 18:05:19,515 - INFO - (1100,)
2024-05-19 18:05:19,564 - INFO -  Split ID: 0
2024-05-19 18:05:19,564 - INFO -  Top 1	LocEnc (Epoch 20)acc (%):   1.55
2024-05-19 18:05:19,564 - INFO -  Top 3	LocEnc (Epoch 20)acc (%):   4.45
2024-05-19 18:05:19,564 - INFO -  Top 5	LocEnc (Epoch 20)acc (%):   6.73
2024-05-19 18:05:19,564 - INFO -  Top 10	LocEnc (Epoch 20)acc (%):   12.09
2024-05-19 18:05:19,565 - INFO - 
No prior
2024-05-19 18:05:19,790 - INFO - (24633,)
2024-05-19 18:05:20,839 - INFO -  Split ID: 0
2024-05-19 18:05:20,839 - INFO -  Top 1	(Epoch 20)acc (%):   76.08
2024-05-19 18:05:20,840 - INFO -  Top 3	(Epoch 20)acc (%):   90.98
2024-05-19 18:05:20,840 - INFO -  Top 5	(Epoch 20)acc (%):   94.06
2024-05-19 18:05:20,840 - INFO -  Top 10	(Epoch 20)acc (%):   96.83
2024-05-19 18:05:40,981 - INFO -  Split ID: 0
2024-05-19 18:05:40,981 - INFO -  Top 1	(Epoch 20)acc (%):   80.91
2024-05-19 18:05:40,982 - INFO -  Top 3	(Epoch 20)acc (%):   93.18
2024-05-19 18:05:40,982 - INFO -  Top 5	(Epoch 20)acc (%):   95.68
2024-05-19 18:05:40,982 - INFO -  Top 10	(Epoch 20)acc (%):   97.77
2024-05-19 18:05:40,986 - INFO - 
Epoch	21
2024-05-19 18:05:51,311 - INFO - [22528/22599]	Loss  : 0.9785
2024-05-19 18:05:51,465 - INFO - Test loss   : 0.5146
2024-05-19 18:05:51,465 - INFO - 
Epoch	22
2024-05-19 18:06:02,039 - INFO - [22528/22599]	Loss  : 0.9708
2024-05-19 18:06:02,546 - INFO - Test loss   : 0.5136
2024-05-19 18:06:02,546 - INFO - 
Epoch	23
2024-05-19 18:06:12,529 - INFO - [22528/22599]	Loss  : 0.9696
2024-05-19 18:06:13,040 - INFO - Test loss   : 0.5208
2024-05-19 18:06:13,040 - INFO - 
Epoch	24
2024-05-19 18:06:23,794 - INFO - [22528/22599]	Loss  : 0.9650
2024-05-19 18:06:24,316 - INFO - Test loss   : 0.5164
2024-05-19 18:06:24,316 - INFO - 
Epoch	25
2024-05-19 18:06:34,364 - INFO - [22528/22599]	Loss  : 0.9591
2024-05-19 18:06:34,857 - INFO - Test loss   : 0.5202
2024-05-19 18:06:34,857 - INFO - 
Epoch	26
2024-05-19 18:06:45,392 - INFO - [22528/22599]	Loss  : 0.9559
2024-05-19 18:06:45,905 - INFO - Test loss   : 0.5179
2024-05-19 18:06:45,906 - INFO - 
Epoch	27
2024-05-19 18:06:56,042 - INFO - [22528/22599]	Loss  : 0.9515
2024-05-19 18:06:56,552 - INFO - Test loss   : 0.5265
2024-05-19 18:06:56,553 - INFO - 
Epoch	28
2024-05-19 18:07:07,049 - INFO - [22528/22599]	Loss  : 0.9491
2024-05-19 18:07:07,557 - INFO - Test loss   : 0.5206
2024-05-19 18:07:07,557 - INFO - 
Epoch	29
2024-05-19 18:07:17,517 - INFO - [22528/22599]	Loss  : 0.9466
2024-05-19 18:07:18,027 - INFO - Test loss   : 0.5262
2024-05-19 18:07:18,028 - INFO - Saving output model to ../models/rff/model_nabirds_ebird_meta_rff_inception_v3_0.0010_64_0.0000010_1_512_2.0.pth.tar
2024-05-19 18:07:18,046 - INFO - Saving output model to ../models/rff/model_nabirds_ebird_meta_rff_inception_v3_0.0010_64_0.0000010_1_512_2.0.pth.tar
2024-05-19 18:07:18,095 - INFO - 
No prior
2024-05-19 18:07:18,127 - INFO - (24633,)
2024-05-19 18:07:19,220 - INFO -  Split ID: 0
2024-05-19 18:07:19,220 - INFO -  Top 1	acc (%):   76.08
2024-05-19 18:07:19,220 - INFO -  Top 3	acc (%):   90.98
2024-05-19 18:07:19,220 - INFO -  Top 5	acc (%):   94.06
2024-05-19 18:07:19,220 - INFO -  Top 10	acc (%):   96.83
2024-05-19 18:07:39,524 - INFO -  Split ID: 0
2024-05-19 18:07:39,524 - INFO -  Top 1	acc (%):   81.2
2024-05-19 18:07:39,524 - INFO -  Top 3	acc (%):   93.35
2024-05-19 18:07:39,524 - INFO -  Top 5	acc (%):   95.73
2024-05-19 18:07:39,524 - INFO -  Top 10	acc (%):   97.79
2024-05-19 18:07:39,530 - INFO - 
rff
2024-05-19 18:07:39,530 - INFO -  Model :	model_nabirds_ebird_meta_rff_inception_v3_0.0010_64_0.0000010_1_512_2.0.pth.tar
2024-05-19 18:07:39,545 - INFO - (1100,)
2024-05-19 18:07:39,588 - INFO -  Split ID: 0
2024-05-19 18:07:39,589 - INFO -  Top 1	LocEnc acc (%):   2.09
2024-05-19 18:07:39,589 - INFO -  Top 3	LocEnc acc (%):   5.18
2024-05-19 18:07:39,589 - INFO -  Top 5	LocEnc acc (%):   7.64
2024-05-19 18:07:39,589 - INFO -  Top 10	LocEnc acc (%):   13.27
2024-06-01 11:49:39,350 - INFO - 
num_classes	555
2024-06-01 11:49:39,362 - INFO - num train    	22599
2024-06-01 11:49:39,363 - INFO - num val      	1100
2024-06-01 11:49:39,363 - INFO - train loss   	full_loss
2024-06-01 11:49:39,363 - INFO - model name   	../models/rff/model_nabirds_ebird_meta_rff_inception_v3_0.0010_64_0.0000010_1_512_2.0.pth.tar
2024-06-01 11:49:39,363 - INFO - num users    	5331
2024-06-01 11:49:39,363 - INFO - meta data    	ebird_meta
2024-06-01 11:49:39,587 - INFO - Saving output model to ../models/rff/model_nabirds_ebird_meta_rff_inception_v3_0.0010_64_0.0000010_1_512_2.0.pth.tar
2024-06-01 11:49:39,627 - INFO - Saving output model to ../models/rff/model_nabirds_ebird_meta_rff_inception_v3_0.0010_64_0.0000010_1_512_2.0.pth.tar
2024-06-01 11:49:39,663 - INFO - 
No prior
2024-06-01 11:49:39,693 - INFO - (24633,)
2024-06-01 11:49:41,187 - INFO - Save results to ../eval_results/eval_nabirds_ebird_meta_test_no_prior.csv
2024-06-01 11:49:41,188 - INFO -  Split ID: 0
2024-06-01 11:49:41,188 - INFO -  Top 1	acc (%):   76.08
2024-06-01 11:49:41,188 - INFO -  Top 3	acc (%):   90.98
2024-06-01 11:49:41,188 - INFO -  Top 5	acc (%):   94.06
2024-06-01 11:49:41,188 - INFO -  Top 10	acc (%):   96.83
2024-06-01 11:50:29,628 - INFO -  Split ID: 0
2024-06-01 11:50:29,628 - INFO -  Top 1	hit (%):   76.16
2024-06-01 11:50:29,628 - INFO -  Top 3	hit (%):   90.87
2024-06-01 11:50:29,629 - INFO -  Top 5	hit (%):   94.1
2024-06-01 11:50:29,629 - INFO -  Top 10	hit (%):   96.81
2024-06-01 11:50:29,634 - INFO - 
Only rff
2024-06-01 11:50:29,634 - INFO -  Model :	model_nabirds_ebird_meta_rff_inception_v3_0.0010_64_0.0000010_1_512_2.0.pth.tar
2024-06-01 11:50:29,661 - INFO - (1100,)
2024-06-01 11:50:29,705 - INFO -  Split ID: 0
2024-06-01 11:50:29,705 - INFO -  Top 1	LocEnc acc (%):   0.27
2024-06-01 11:50:29,705 - INFO -  Top 3	LocEnc acc (%):   0.73
2024-06-01 11:50:29,706 - INFO -  Top 5	LocEnc acc (%):   1.0
2024-06-01 11:50:29,706 - INFO -  Top 10	LocEnc acc (%):   2.09
2024-06-01 11:52:46,321 - INFO - 
num_classes	555
2024-06-01 11:52:46,321 - INFO - num train    	22599
2024-06-01 11:52:46,321 - INFO - num val      	1100
2024-06-01 11:52:46,321 - INFO - train loss   	full_loss
2024-06-01 11:52:46,321 - INFO - model name   	../models/rff/model_nabirds_ebird_meta_rff_inception_v3_0.0010_64_0.0000010_1_512_2.0.pth.tar
2024-06-01 11:52:46,321 - INFO - num users    	5331
2024-06-01 11:52:46,321 - INFO - meta data    	ebird_meta
2024-06-01 11:52:46,525 - INFO - 
Epoch	0
2024-06-01 11:53:08,660 - INFO - [22528/22599]	Loss  : 1.8318
2024-06-01 11:53:09,715 - INFO - Test loss   : 0.8014
2024-06-01 11:53:09,715 - INFO - 
Epoch	1
2024-06-01 11:53:31,655 - INFO - [22528/22599]	Loss  : 1.3743
2024-06-01 11:53:32,723 - INFO - Test loss   : 0.7693
2024-06-01 11:53:32,723 - INFO - 
Epoch	2
2024-06-01 11:53:54,756 - INFO - [22528/22599]	Loss  : 1.2398
2024-06-01 11:53:55,823 - INFO - Test loss   : 0.7012
2024-06-01 11:53:55,823 - INFO - 
Epoch	3
2024-06-01 11:54:17,712 - INFO - [22528/22599]	Loss  : 1.1448
2024-06-01 11:54:18,780 - INFO - Test loss   : 0.6175
2024-06-01 11:54:18,780 - INFO - 
Epoch	4
2024-06-01 11:54:40,671 - INFO - [22528/22599]	Loss  : 1.0950
2024-06-01 11:54:41,732 - INFO - Test loss   : 0.5733
2024-06-01 11:54:41,732 - INFO - 
Epoch	5
2024-06-01 11:55:03,641 - INFO - [22528/22599]	Loss  : 1.0698
2024-06-01 11:55:04,673 - INFO - Test loss   : 0.5526
2024-06-01 11:55:04,673 - INFO - 
Epoch	6
2024-06-01 11:55:26,533 - INFO - [22528/22599]	Loss  : 1.0453
2024-06-01 11:55:27,600 - INFO - Test loss   : 0.5345
2024-06-01 11:55:27,600 - INFO - 
Epoch	7
2024-06-01 11:55:49,453 - INFO - [22528/22599]	Loss  : 1.0288
2024-06-01 11:55:50,515 - INFO - Test loss   : 0.5241
2024-06-01 11:55:50,515 - INFO - 
Epoch	8
2024-06-01 11:56:12,328 - INFO - [22528/22599]	Loss  : 1.0131
2024-06-01 11:56:13,359 - INFO - Test loss   : 0.5211
2024-06-01 11:56:13,359 - INFO - 
Epoch	9
2024-06-01 11:56:35,266 - INFO - [22528/22599]	Loss  : 0.9977
2024-06-01 11:56:36,326 - INFO - Test loss   : 0.5176
2024-06-01 11:56:36,326 - INFO - 
Epoch	10
2024-06-01 11:56:58,177 - INFO - [22528/22599]	Loss  : 0.9835
2024-06-01 11:56:59,243 - INFO - Test loss   : 0.5101
2024-06-01 11:56:59,244 - INFO - 
Epoch	11
2024-06-01 11:57:21,147 - INFO - [22528/22599]	Loss  : 0.9743
2024-06-01 11:57:22,207 - INFO - Test loss   : 0.5115
2024-06-01 11:57:22,208 - INFO - 
Epoch	12
2024-06-01 11:57:43,999 - INFO - [22528/22599]	Loss  : 0.9632
2024-06-01 11:57:45,057 - INFO - Test loss   : 0.5152
2024-06-01 11:57:45,057 - INFO - 
Epoch	13
2024-06-01 11:58:06,911 - INFO - [22528/22599]	Loss  : 0.9562
2024-06-01 11:58:07,978 - INFO - Test loss   : 0.5176
2024-06-01 11:58:07,978 - INFO - 
Epoch	14
2024-06-01 11:58:29,786 - INFO - [22528/22599]	Loss  : 0.9448
2024-06-01 11:58:30,845 - INFO - Test loss   : 0.5163
2024-06-01 11:58:30,845 - INFO - 
Epoch	15
2024-06-01 11:58:52,704 - INFO - [22528/22599]	Loss  : 0.9406
2024-06-01 11:58:53,769 - INFO - Test loss   : 0.5241
2024-06-01 11:58:53,770 - INFO - 
Epoch	16
2024-06-01 11:59:15,749 - INFO - [22528/22599]	Loss  : 0.9351
2024-06-01 11:59:16,812 - INFO - Test loss   : 0.5294
2024-06-01 11:59:16,812 - INFO - 
Epoch	17
2024-06-01 11:59:38,817 - INFO - [22528/22599]	Loss  : 0.9308
2024-06-01 11:59:39,861 - INFO - Test loss   : 0.5290
2024-06-01 11:59:39,862 - INFO - 
Epoch	18
2024-06-01 12:00:01,909 - INFO - [22528/22599]	Loss  : 0.9251
2024-06-01 12:00:02,948 - INFO - Test loss   : 0.5340
2024-06-01 12:00:02,948 - INFO - 
Epoch	19
2024-06-01 12:00:24,950 - INFO - [22528/22599]	Loss  : 0.9207
2024-06-01 12:00:26,011 - INFO - Test loss   : 0.5432
2024-06-01 12:00:26,012 - INFO - 
Epoch	20
2024-06-01 12:00:47,842 - INFO - [22528/22599]	Loss  : 0.9180
2024-06-01 12:00:48,856 - INFO - Test loss   : 0.5378
2024-06-01 12:00:48,856 - INFO - 
Epoch	21
2024-06-01 12:01:10,754 - INFO - [22528/22599]	Loss  : 0.9116
2024-06-01 12:01:11,789 - INFO - Test loss   : 0.5427
2024-06-01 12:01:11,789 - INFO - 
Epoch	22
2024-06-01 12:01:33,651 - INFO - [22528/22599]	Loss  : 0.9095
2024-06-01 12:01:34,712 - INFO - Test loss   : 0.5500
2024-06-01 12:01:34,712 - INFO - 
Epoch	23
2024-06-01 12:01:56,597 - INFO - [22528/22599]	Loss  : 0.9028
2024-06-01 12:01:57,662 - INFO - Test loss   : 0.5508
2024-06-01 12:01:57,662 - INFO - 
Epoch	24
2024-06-01 12:02:19,504 - INFO - [22528/22599]	Loss  : 0.9016
2024-06-01 12:02:20,565 - INFO - Test loss   : 0.5542
2024-06-01 12:02:20,565 - INFO - 
Epoch	25
2024-06-01 12:02:42,484 - INFO - [22528/22599]	Loss  : 0.8981
2024-06-01 12:02:43,547 - INFO - Test loss   : 0.5594
2024-06-01 12:02:43,547 - INFO - 
Epoch	26
2024-06-01 12:03:05,386 - INFO - [22528/22599]	Loss  : 0.8951
2024-06-01 12:03:06,448 - INFO - Test loss   : 0.5581
2024-06-01 12:03:06,448 - INFO - 
Epoch	27
2024-06-01 12:03:28,380 - INFO - [22528/22599]	Loss  : 0.8947
2024-06-01 12:03:29,452 - INFO - Test loss   : 0.5616
2024-06-01 12:03:29,452 - INFO - 
Epoch	28
2024-06-01 12:03:51,244 - INFO - [22528/22599]	Loss  : 0.8890
2024-06-01 12:03:52,302 - INFO - Test loss   : 0.5703
2024-06-01 12:03:52,302 - INFO - 
Epoch	29
2024-06-01 12:04:14,116 - INFO - [22528/22599]	Loss  : 0.8878
2024-06-01 12:04:15,173 - INFO - Test loss   : 0.5699
2024-06-01 12:04:15,173 - INFO - Saving output model to ../models/rff/model_nabirds_ebird_meta_rff_inception_v3_0.0010_64_0.0000010_1_512_2.0.pth.tar
2024-06-01 12:04:15,227 - INFO - Saving output model to ../models/rff/model_nabirds_ebird_meta_rff_inception_v3_0.0010_64_0.0000010_1_512_2.0.pth.tar
2024-06-01 12:04:15,263 - INFO - 
No prior
2024-06-01 12:04:15,293 - INFO - (24633,)
2024-06-01 12:04:16,783 - INFO - Save results to ../eval_results/eval_nabirds_ebird_meta_test_no_prior.csv
2024-06-01 12:04:16,783 - INFO -  Split ID: 0
2024-06-01 12:04:16,783 - INFO -  Top 1	acc (%):   76.08
2024-06-01 12:04:16,783 - INFO -  Top 3	acc (%):   90.98
2024-06-01 12:04:16,784 - INFO -  Top 5	acc (%):   94.06
2024-06-01 12:04:16,784 - INFO -  Top 10	acc (%):   96.83
2024-06-01 12:04:48,998 - INFO -  Split ID: 0
2024-06-01 12:04:48,998 - INFO -  Top 1	hit (%):   81.61
2024-06-01 12:04:48,999 - INFO -  Top 3	hit (%):   93.5
2024-06-01 12:04:48,999 - INFO -  Top 5	hit (%):   95.88
2024-06-01 12:04:48,999 - INFO -  Top 10	hit (%):   97.82
2024-06-01 12:04:49,009 - INFO - 
Only rff
2024-06-01 12:04:49,009 - INFO -  Model :	model_nabirds_ebird_meta_rff_inception_v3_0.0010_64_0.0000010_1_512_2.0.pth.tar
2024-06-01 12:04:49,026 - INFO - (1100,)
2024-06-01 12:04:49,072 - INFO -  Split ID: 0
2024-06-01 12:04:49,073 - INFO -  Top 1	LocEnc acc (%):   2.09
2024-06-01 12:04:49,073 - INFO -  Top 3	LocEnc acc (%):   5.18
2024-06-01 12:04:49,073 - INFO -  Top 5	LocEnc acc (%):   8.45
2024-06-01 12:04:49,073 - INFO -  Top 10	LocEnc acc (%):   15.91
