2024-05-19 17:14:52,368 - INFO - 
num_classes	100
2024-05-19 17:14:52,368 - INFO - num train    	66739
2024-05-19 17:14:52,368 - INFO - num val      	4449
2024-05-19 17:14:52,368 - INFO - train loss   	full_loss
2024-05-19 17:14:52,368 - INFO - model name   	../models/rff/model_yfcc_rff_inception_v3_0.0010_64_0.0000010_1_512_1.0.pth.tar
2024-05-19 17:14:52,368 - INFO - num users    	1
2024-05-19 17:14:52,547 - INFO - 
Epoch	0
2024-05-19 17:14:55,137 - INFO - [51200/66739]	Loss  : 1.4721
2024-05-19 17:14:55,780 - INFO - [66560/66739]	Loss  : 1.4334
2024-05-19 17:14:55,965 - INFO - Test loss   : 0.5919
2024-05-19 17:14:55,965 - INFO - 
Epoch	1
2024-05-19 17:14:58,313 - INFO - [51200/66739]	Loss  : 1.2804
2024-05-19 17:14:59,007 - INFO - [66560/66739]	Loss  : 1.2770
2024-05-19 17:14:59,192 - INFO - Test loss   : 0.5951
2024-05-19 17:14:59,192 - INFO - 
Epoch	2
2024-05-19 17:15:01,548 - INFO - [51200/66739]	Loss  : 1.2601
2024-05-19 17:15:02,189 - INFO - [66560/66739]	Loss  : 1.2585
2024-05-19 17:15:02,375 - INFO - Test loss   : 0.5924
2024-05-19 17:15:02,375 - INFO - 
Epoch	3
2024-05-19 17:15:04,722 - INFO - [51200/66739]	Loss  : 1.2468
2024-05-19 17:15:05,414 - INFO - [66560/66739]	Loss  : 1.2469
2024-05-19 17:15:05,599 - INFO - Test loss   : 0.5922
2024-05-19 17:15:05,599 - INFO - 
Epoch	4
2024-05-19 17:15:07,965 - INFO - [51200/66739]	Loss  : 1.2401
2024-05-19 17:15:08,616 - INFO - [66560/66739]	Loss  : 1.2393
2024-05-19 17:15:08,801 - INFO - Test loss   : 0.5956
2024-05-19 17:15:08,801 - INFO - 
Epoch	5
2024-05-19 17:15:11,215 - INFO - [51200/66739]	Loss  : 1.2324
2024-05-19 17:15:11,866 - INFO - [66560/66739]	Loss  : 1.2330
2024-05-19 17:15:12,051 - INFO - Test loss   : 0.5895
2024-05-19 17:15:12,051 - INFO - 
Epoch	6
2024-05-19 17:15:14,420 - INFO - [51200/66739]	Loss  : 1.2297
2024-05-19 17:15:15,115 - INFO - [66560/66739]	Loss  : 1.2295
2024-05-19 17:15:15,300 - INFO - Test loss   : 0.5884
2024-05-19 17:15:15,300 - INFO - 
Epoch	7
2024-05-19 17:15:17,670 - INFO - [51200/66739]	Loss  : 1.2224
2024-05-19 17:15:18,321 - INFO - [66560/66739]	Loss  : 1.2229
2024-05-19 17:15:18,506 - INFO - Test loss   : 0.5845
2024-05-19 17:15:18,507 - INFO - 
Epoch	8
2024-05-19 17:15:20,919 - INFO - [51200/66739]	Loss  : 1.2184
2024-05-19 17:15:21,571 - INFO - [66560/66739]	Loss  : 1.2190
2024-05-19 17:15:21,756 - INFO - Test loss   : 0.5865
2024-05-19 17:15:21,756 - INFO - 
Epoch	9
2024-05-19 17:15:24,126 - INFO - [51200/66739]	Loss  : 1.2142
2024-05-19 17:15:24,822 - INFO - [66560/66739]	Loss  : 1.2146
2024-05-19 17:15:25,007 - INFO - Test loss   : 0.5852
2024-05-19 17:15:25,007 - INFO - 
Epoch	10
2024-05-19 17:15:27,376 - INFO - [51200/66739]	Loss  : 1.2150
2024-05-19 17:15:28,025 - INFO - [66560/66739]	Loss  : 1.2125
2024-05-19 17:15:28,210 - INFO - Test loss   : 0.5789
2024-05-19 17:15:28,222 - INFO - (4449,)
2024-05-19 17:15:28,244 - INFO -  Split ID: 0
2024-05-19 17:15:28,245 - INFO -  Top 1	LocEnc (Epoch 10)acc (%):   6.0
2024-05-19 17:15:28,245 - INFO -  Top 3	LocEnc (Epoch 10)acc (%):   12.99
2024-05-19 17:15:28,245 - INFO -  Top 5	LocEnc (Epoch 10)acc (%):   19.06
2024-05-19 17:15:28,246 - INFO -  Top 10	LocEnc (Epoch 10)acc (%):   31.56
2024-05-19 17:15:28,246 - INFO - 
No prior
2024-05-19 17:15:28,248 - INFO - (17798,)
2024-05-19 17:15:28,341 - INFO -  Split ID: 0
2024-05-19 17:15:28,341 - INFO -  Top 1	(Epoch 10)acc (%):   50.15
2024-05-19 17:15:28,341 - INFO -  Top 3	(Epoch 10)acc (%):   73.9
2024-05-19 17:15:28,341 - INFO -  Top 5	(Epoch 10)acc (%):   82.45
2024-05-19 17:15:28,341 - INFO -  Top 10	(Epoch 10)acc (%):   91.06
2024-05-19 17:15:35,430 - INFO -  Split ID: 0
2024-05-19 17:15:35,430 - INFO -  Top 1	(Epoch 10)acc (%):   50.42
2024-05-19 17:15:35,430 - INFO -  Top 3	(Epoch 10)acc (%):   74.39
2024-05-19 17:15:35,430 - INFO -  Top 5	(Epoch 10)acc (%):   82.85
2024-05-19 17:15:35,430 - INFO -  Top 10	(Epoch 10)acc (%):   91.28
2024-05-19 17:15:35,431 - INFO - 
Epoch	11
2024-05-19 17:15:37,846 - INFO - [51200/66739]	Loss  : 1.2070
2024-05-19 17:15:38,497 - INFO - [66560/66739]	Loss  : 1.2069
2024-05-19 17:15:38,681 - INFO - Test loss   : 0.5805
2024-05-19 17:15:38,682 - INFO - 
Epoch	12
2024-05-19 17:15:41,052 - INFO - [51200/66739]	Loss  : 1.2070
2024-05-19 17:15:41,746 - INFO - [66560/66739]	Loss  : 1.2065
2024-05-19 17:15:41,931 - INFO - Test loss   : 0.5760
2024-05-19 17:15:41,931 - INFO - 
Epoch	13
2024-05-19 17:15:44,301 - INFO - [51200/66739]	Loss  : 1.2050
2024-05-19 17:15:44,953 - INFO - [66560/66739]	Loss  : 1.2047
2024-05-19 17:15:45,138 - INFO - Test loss   : 0.5802
2024-05-19 17:15:45,138 - INFO - 
Epoch	14
2024-05-19 17:15:47,552 - INFO - [51200/66739]	Loss  : 1.2054
2024-05-19 17:15:48,202 - INFO - [66560/66739]	Loss  : 1.2048
2024-05-19 17:15:48,387 - INFO - Test loss   : 0.5713
2024-05-19 17:15:48,387 - INFO - 
Epoch	15
2024-05-19 17:15:50,756 - INFO - [51200/66739]	Loss  : 1.2023
2024-05-19 17:15:51,449 - INFO - [66560/66739]	Loss  : 1.2018
2024-05-19 17:15:51,635 - INFO - Test loss   : 0.5750
2024-05-19 17:15:51,635 - INFO - 
Epoch	16
2024-05-19 17:15:54,000 - INFO - [51200/66739]	Loss  : 1.1982
2024-05-19 17:15:54,651 - INFO - [66560/66739]	Loss  : 1.1988
2024-05-19 17:15:54,836 - INFO - Test loss   : 0.5749
2024-05-19 17:15:54,836 - INFO - 
Epoch	17
2024-05-19 17:15:57,248 - INFO - [51200/66739]	Loss  : 1.1966
2024-05-19 17:15:57,898 - INFO - [66560/66739]	Loss  : 1.1972
2024-05-19 17:15:58,083 - INFO - Test loss   : 0.5755
2024-05-19 17:15:58,083 - INFO - 
Epoch	18
2024-05-19 17:16:00,450 - INFO - [51200/66739]	Loss  : 1.1969
2024-05-19 17:16:01,143 - INFO - [66560/66739]	Loss  : 1.1970
2024-05-19 17:16:01,328 - INFO - Test loss   : 0.5822
2024-05-19 17:16:01,328 - INFO - 
Epoch	19
2024-05-19 17:16:03,698 - INFO - [51200/66739]	Loss  : 1.1961
2024-05-19 17:16:04,349 - INFO - [66560/66739]	Loss  : 1.1956
2024-05-19 17:16:04,535 - INFO - Test loss   : 0.5728
2024-05-19 17:16:04,535 - INFO - 
Epoch	20
2024-05-19 17:16:06,951 - INFO - [51200/66739]	Loss  : 1.1936
2024-05-19 17:16:07,604 - INFO - [66560/66739]	Loss  : 1.1920
2024-05-19 17:16:07,789 - INFO - Test loss   : 0.5751
2024-05-19 17:16:07,794 - INFO - (4449,)
2024-05-19 17:16:07,813 - INFO -  Split ID: 0
2024-05-19 17:16:07,814 - INFO -  Top 1	LocEnc (Epoch 20)acc (%):   6.34
2024-05-19 17:16:07,814 - INFO -  Top 3	LocEnc (Epoch 20)acc (%):   13.53
2024-05-19 17:16:07,815 - INFO -  Top 5	LocEnc (Epoch 20)acc (%):   20.0
2024-05-19 17:16:07,815 - INFO -  Top 10	LocEnc (Epoch 20)acc (%):   33.56
2024-05-19 17:16:07,815 - INFO - 
No prior
2024-05-19 17:16:07,817 - INFO - (17798,)
2024-05-19 17:16:07,908 - INFO -  Split ID: 0
2024-05-19 17:16:07,909 - INFO -  Top 1	(Epoch 20)acc (%):   50.15
2024-05-19 17:16:07,909 - INFO -  Top 3	(Epoch 20)acc (%):   73.9
2024-05-19 17:16:07,909 - INFO -  Top 5	(Epoch 20)acc (%):   82.45
2024-05-19 17:16:07,909 - INFO -  Top 10	(Epoch 20)acc (%):   91.06
2024-05-19 17:16:15,014 - INFO -  Split ID: 0
2024-05-19 17:16:15,015 - INFO -  Top 1	(Epoch 20)acc (%):   50.57
2024-05-19 17:16:15,015 - INFO -  Top 3	(Epoch 20)acc (%):   74.46
2024-05-19 17:16:15,015 - INFO -  Top 5	(Epoch 20)acc (%):   83.06
2024-05-19 17:16:15,015 - INFO -  Top 10	(Epoch 20)acc (%):   91.38
2024-05-19 17:16:15,017 - INFO - 
Epoch	21
2024-05-19 17:16:17,390 - INFO - [51200/66739]	Loss  : 1.1897
2024-05-19 17:16:18,083 - INFO - [66560/66739]	Loss  : 1.1911
2024-05-19 17:16:18,268 - INFO - Test loss   : 0.5773
2024-05-19 17:16:18,268 - INFO - 
Epoch	22
2024-05-19 17:16:20,634 - INFO - [51200/66739]	Loss  : 1.1913
2024-05-19 17:16:21,283 - INFO - [66560/66739]	Loss  : 1.1914
2024-05-19 17:16:21,467 - INFO - Test loss   : 0.5707
2024-05-19 17:16:21,467 - INFO - 
Epoch	23
2024-05-19 17:16:23,878 - INFO - [51200/66739]	Loss  : 1.1879
2024-05-19 17:16:24,528 - INFO - [66560/66739]	Loss  : 1.1872
2024-05-19 17:16:24,713 - INFO - Test loss   : 0.5698
2024-05-19 17:16:24,713 - INFO - 
Epoch	24
2024-05-19 17:16:27,078 - INFO - [51200/66739]	Loss  : 1.1867
2024-05-19 17:16:27,771 - INFO - [66560/66739]	Loss  : 1.1858
2024-05-19 17:16:27,956 - INFO - Test loss   : 0.5729
2024-05-19 17:16:27,956 - INFO - 
Epoch	25
2024-05-19 17:16:30,320 - INFO - [51200/66739]	Loss  : 1.1860
2024-05-19 17:16:30,968 - INFO - [66560/66739]	Loss  : 1.1850
2024-05-19 17:16:31,153 - INFO - Test loss   : 0.5714
2024-05-19 17:16:31,153 - INFO - 
Epoch	26
2024-05-19 17:16:33,564 - INFO - [51200/66739]	Loss  : 1.1852
2024-05-19 17:16:34,215 - INFO - [66560/66739]	Loss  : 1.1860
2024-05-19 17:16:34,399 - INFO - Test loss   : 0.5725
2024-05-19 17:16:34,399 - INFO - 
Epoch	27
2024-05-19 17:16:36,762 - INFO - [51200/66739]	Loss  : 1.1826
2024-05-19 17:16:37,454 - INFO - [66560/66739]	Loss  : 1.1825
2024-05-19 17:16:37,639 - INFO - Test loss   : 0.5693
2024-05-19 17:16:37,639 - INFO - 
Epoch	28
2024-05-19 17:16:40,007 - INFO - [51200/66739]	Loss  : 1.1799
2024-05-19 17:16:40,656 - INFO - [66560/66739]	Loss  : 1.1813
2024-05-19 17:16:40,841 - INFO - Test loss   : 0.5690
2024-05-19 17:16:40,841 - INFO - 
Epoch	29
2024-05-19 17:16:43,255 - INFO - [51200/66739]	Loss  : 1.1817
2024-05-19 17:16:43,904 - INFO - [66560/66739]	Loss  : 1.1817
2024-05-19 17:16:44,088 - INFO - Test loss   : 0.5714
2024-05-19 17:16:44,089 - INFO - 
Epoch	30
2024-05-19 17:16:46,455 - INFO - [51200/66739]	Loss  : 1.1792
2024-05-19 17:16:47,151 - INFO - [66560/66739]	Loss  : 1.1801
2024-05-19 17:16:47,335 - INFO - Test loss   : 0.5706
2024-05-19 17:16:47,343 - INFO - (4449,)
2024-05-19 17:16:47,365 - INFO -  Split ID: 0
2024-05-19 17:16:47,366 - INFO -  Top 1	LocEnc (Epoch 30)acc (%):   6.88
2024-05-19 17:16:47,367 - INFO -  Top 3	LocEnc (Epoch 30)acc (%):   14.39
2024-05-19 17:16:47,367 - INFO -  Top 5	LocEnc (Epoch 30)acc (%):   21.47
2024-05-19 17:16:47,367 - INFO -  Top 10	LocEnc (Epoch 30)acc (%):   35.06
2024-05-19 17:16:47,368 - INFO - 
No prior
2024-05-19 17:16:47,370 - INFO - (17798,)
2024-05-19 17:16:47,463 - INFO -  Split ID: 0
2024-05-19 17:16:47,463 - INFO -  Top 1	(Epoch 30)acc (%):   50.15
2024-05-19 17:16:47,463 - INFO -  Top 3	(Epoch 30)acc (%):   73.9
2024-05-19 17:16:47,463 - INFO -  Top 5	(Epoch 30)acc (%):   82.45
2024-05-19 17:16:47,463 - INFO -  Top 10	(Epoch 30)acc (%):   91.06
2024-05-19 17:16:54,576 - INFO -  Split ID: 0
2024-05-19 17:16:54,577 - INFO -  Top 1	(Epoch 30)acc (%):   50.62
2024-05-19 17:16:54,577 - INFO -  Top 3	(Epoch 30)acc (%):   74.49
2024-05-19 17:16:54,577 - INFO -  Top 5	(Epoch 30)acc (%):   83.12
2024-05-19 17:16:54,577 - INFO -  Top 10	(Epoch 30)acc (%):   91.47
2024-05-19 17:16:54,579 - INFO - 
Epoch	31
2024-05-19 17:16:56,956 - INFO - [51200/66739]	Loss  : 1.1794
2024-05-19 17:16:57,609 - INFO - [66560/66739]	Loss  : 1.1792
2024-05-19 17:16:57,794 - INFO - Test loss   : 0.5685
2024-05-19 17:16:57,794 - INFO - 
Epoch	32
2024-05-19 17:17:00,210 - INFO - [51200/66739]	Loss  : 1.1786
2024-05-19 17:17:00,862 - INFO - [66560/66739]	Loss  : 1.1790
2024-05-19 17:17:01,046 - INFO - Test loss   : 0.5690
2024-05-19 17:17:01,047 - INFO - 
Epoch	33
2024-05-19 17:17:03,417 - INFO - [51200/66739]	Loss  : 1.1748
2024-05-19 17:17:04,113 - INFO - [66560/66739]	Loss  : 1.1753
2024-05-19 17:17:04,298 - INFO - Test loss   : 0.5712
2024-05-19 17:17:04,298 - INFO - 
Epoch	34
2024-05-19 17:17:06,668 - INFO - [51200/66739]	Loss  : 1.1733
2024-05-19 17:17:07,318 - INFO - [66560/66739]	Loss  : 1.1733
2024-05-19 17:17:07,504 - INFO - Test loss   : 0.5705
2024-05-19 17:17:07,504 - INFO - 
Epoch	35
2024-05-19 17:17:09,920 - INFO - [51200/66739]	Loss  : 1.1751
2024-05-19 17:17:10,571 - INFO - [66560/66739]	Loss  : 1.1744
2024-05-19 17:17:10,756 - INFO - Test loss   : 0.5657
2024-05-19 17:17:10,756 - INFO - 
Epoch	36
2024-05-19 17:17:13,125 - INFO - [51200/66739]	Loss  : 1.1721
2024-05-19 17:17:13,818 - INFO - [66560/66739]	Loss  : 1.1730
2024-05-19 17:17:14,004 - INFO - Test loss   : 0.5690
2024-05-19 17:17:14,004 - INFO - 
Epoch	37
2024-05-19 17:17:16,372 - INFO - [51200/66739]	Loss  : 1.1731
2024-05-19 17:17:17,022 - INFO - [66560/66739]	Loss  : 1.1729
2024-05-19 17:17:17,206 - INFO - Test loss   : 0.5710
2024-05-19 17:17:17,206 - INFO - 
Epoch	38
2024-05-19 17:17:19,619 - INFO - [51200/66739]	Loss  : 1.1728
2024-05-19 17:17:20,268 - INFO - [66560/66739]	Loss  : 1.1719
2024-05-19 17:17:20,455 - INFO - Test loss   : 0.5669
2024-05-19 17:17:20,455 - INFO - 
Epoch	39
2024-05-19 17:17:22,824 - INFO - [51200/66739]	Loss  : 1.1708
2024-05-19 17:17:23,519 - INFO - [66560/66739]	Loss  : 1.1715
2024-05-19 17:17:23,704 - INFO - Test loss   : 0.5663
2024-05-19 17:17:23,704 - INFO - 
Epoch	40
2024-05-19 17:17:26,071 - INFO - [51200/66739]	Loss  : 1.1710
2024-05-19 17:17:26,721 - INFO - [66560/66739]	Loss  : 1.1699
2024-05-19 17:17:26,906 - INFO - Test loss   : 0.5670
2024-05-19 17:17:26,913 - INFO - (4449,)
2024-05-19 17:17:26,936 - INFO -  Split ID: 0
2024-05-19 17:17:26,937 - INFO -  Top 1	LocEnc (Epoch 40)acc (%):   7.17
2024-05-19 17:17:26,938 - INFO -  Top 3	LocEnc (Epoch 40)acc (%):   15.69
2024-05-19 17:17:26,938 - INFO -  Top 5	LocEnc (Epoch 40)acc (%):   22.61
2024-05-19 17:17:26,938 - INFO -  Top 10	LocEnc (Epoch 40)acc (%):   35.58
2024-05-19 17:17:26,939 - INFO - 
No prior
2024-05-19 17:17:26,941 - INFO - (17798,)
2024-05-19 17:17:27,034 - INFO -  Split ID: 0
2024-05-19 17:17:27,034 - INFO -  Top 1	(Epoch 40)acc (%):   50.15
2024-05-19 17:17:27,034 - INFO -  Top 3	(Epoch 40)acc (%):   73.9
2024-05-19 17:17:27,034 - INFO -  Top 5	(Epoch 40)acc (%):   82.45
2024-05-19 17:17:27,034 - INFO -  Top 10	(Epoch 40)acc (%):   91.06
2024-05-19 17:17:34,209 - INFO -  Split ID: 0
2024-05-19 17:17:34,209 - INFO -  Top 1	(Epoch 40)acc (%):   50.69
2024-05-19 17:17:34,209 - INFO -  Top 3	(Epoch 40)acc (%):   74.49
2024-05-19 17:17:34,209 - INFO -  Top 5	(Epoch 40)acc (%):   83.2
2024-05-19 17:17:34,209 - INFO -  Top 10	(Epoch 40)acc (%):   91.61
2024-05-19 17:17:34,211 - INFO - 
Epoch	41
2024-05-19 17:17:36,635 - INFO - [51200/66739]	Loss  : 1.1702
2024-05-19 17:17:37,292 - INFO - [66560/66739]	Loss  : 1.1705
2024-05-19 17:17:37,481 - INFO - Test loss   : 0.5664
2024-05-19 17:17:37,481 - INFO - 
Epoch	42
2024-05-19 17:17:39,872 - INFO - [51200/66739]	Loss  : 1.1670
2024-05-19 17:17:40,569 - INFO - [66560/66739]	Loss  : 1.1685
2024-05-19 17:17:40,760 - INFO - Test loss   : 0.5653
2024-05-19 17:17:40,760 - INFO - 
Epoch	43
2024-05-19 17:17:43,151 - INFO - [51200/66739]	Loss  : 1.1690
2024-05-19 17:17:43,805 - INFO - [66560/66739]	Loss  : 1.1686
2024-05-19 17:17:43,991 - INFO - Test loss   : 0.5657
2024-05-19 17:17:43,991 - INFO - 
Epoch	44
2024-05-19 17:17:46,417 - INFO - [51200/66739]	Loss  : 1.1675
2024-05-19 17:17:47,070 - INFO - [66560/66739]	Loss  : 1.1690
2024-05-19 17:17:47,254 - INFO - Test loss   : 0.5691
2024-05-19 17:17:47,254 - INFO - 
Epoch	45
2024-05-19 17:17:49,636 - INFO - [51200/66739]	Loss  : 1.1667
2024-05-19 17:17:50,332 - INFO - [66560/66739]	Loss  : 1.1676
2024-05-19 17:17:50,519 - INFO - Test loss   : 0.5660
2024-05-19 17:17:50,519 - INFO - 
Epoch	46
2024-05-19 17:17:52,900 - INFO - [51200/66739]	Loss  : 1.1670
2024-05-19 17:17:53,553 - INFO - [66560/66739]	Loss  : 1.1669
2024-05-19 17:17:53,738 - INFO - Test loss   : 0.5651
2024-05-19 17:17:53,738 - INFO - 
Epoch	47
2024-05-19 17:17:56,165 - INFO - [51200/66739]	Loss  : 1.1656
2024-05-19 17:17:56,821 - INFO - [66560/66739]	Loss  : 1.1654
2024-05-19 17:17:57,008 - INFO - Test loss   : 0.5648
2024-05-19 17:17:57,008 - INFO - 
Epoch	48
2024-05-19 17:17:59,390 - INFO - [51200/66739]	Loss  : 1.1653
2024-05-19 17:18:00,089 - INFO - [66560/66739]	Loss  : 1.1650
2024-05-19 17:18:00,274 - INFO - Test loss   : 0.5643
2024-05-19 17:18:00,275 - INFO - 
Epoch	49
2024-05-19 17:18:02,661 - INFO - [51200/66739]	Loss  : 1.1631
2024-05-19 17:18:03,314 - INFO - [66560/66739]	Loss  : 1.1624
2024-05-19 17:18:03,499 - INFO - Test loss   : 0.5647
2024-05-19 17:18:03,499 - INFO - 
Epoch	50
2024-05-19 17:18:05,927 - INFO - [51200/66739]	Loss  : 1.1642
2024-05-19 17:18:06,580 - INFO - [66560/66739]	Loss  : 1.1644
2024-05-19 17:18:06,765 - INFO - Test loss   : 0.5677
2024-05-19 17:18:06,773 - INFO - (4449,)
2024-05-19 17:18:06,795 - INFO -  Split ID: 0
2024-05-19 17:18:06,797 - INFO -  Top 1	LocEnc (Epoch 50)acc (%):   7.35
2024-05-19 17:18:06,797 - INFO -  Top 3	LocEnc (Epoch 50)acc (%):   15.98
2024-05-19 17:18:06,797 - INFO -  Top 5	LocEnc (Epoch 50)acc (%):   23.29
2024-05-19 17:18:06,798 - INFO -  Top 10	LocEnc (Epoch 50)acc (%):   36.32
2024-05-19 17:18:06,798 - INFO - 
No prior
2024-05-19 17:18:06,800 - INFO - (17798,)
2024-05-19 17:18:06,894 - INFO -  Split ID: 0
2024-05-19 17:18:06,894 - INFO -  Top 1	(Epoch 50)acc (%):   50.15
2024-05-19 17:18:06,894 - INFO -  Top 3	(Epoch 50)acc (%):   73.9
2024-05-19 17:18:06,894 - INFO -  Top 5	(Epoch 50)acc (%):   82.45
2024-05-19 17:18:06,894 - INFO -  Top 10	(Epoch 50)acc (%):   91.06
2024-05-19 17:18:14,012 - INFO -  Split ID: 0
2024-05-19 17:18:14,012 - INFO -  Top 1	(Epoch 50)acc (%):   50.69
2024-05-19 17:18:14,012 - INFO -  Top 3	(Epoch 50)acc (%):   74.49
2024-05-19 17:18:14,012 - INFO -  Top 5	(Epoch 50)acc (%):   83.21
2024-05-19 17:18:14,013 - INFO -  Top 10	(Epoch 50)acc (%):   91.62
2024-05-19 17:18:14,015 - INFO - 
Epoch	51
2024-05-19 17:18:16,399 - INFO - [51200/66739]	Loss  : 1.1644
2024-05-19 17:18:17,098 - INFO - [66560/66739]	Loss  : 1.1641
2024-05-19 17:18:17,284 - INFO - Test loss   : 0.5654
2024-05-19 17:18:17,284 - INFO - 
Epoch	52
2024-05-19 17:18:19,667 - INFO - [51200/66739]	Loss  : 1.1632
2024-05-19 17:18:20,321 - INFO - [66560/66739]	Loss  : 1.1624
2024-05-19 17:18:20,507 - INFO - Test loss   : 0.5635
2024-05-19 17:18:20,507 - INFO - 
Epoch	53
2024-05-19 17:18:22,938 - INFO - [51200/66739]	Loss  : 1.1643
2024-05-19 17:18:23,592 - INFO - [66560/66739]	Loss  : 1.1624
2024-05-19 17:18:23,778 - INFO - Test loss   : 0.5630
2024-05-19 17:18:23,778 - INFO - 
Epoch	54
2024-05-19 17:18:26,170 - INFO - [51200/66739]	Loss  : 1.1628
2024-05-19 17:18:26,867 - INFO - [66560/66739]	Loss  : 1.1624
2024-05-19 17:18:27,053 - INFO - Test loss   : 0.5639
2024-05-19 17:18:27,053 - INFO - 
Epoch	55
2024-05-19 17:18:29,440 - INFO - [51200/66739]	Loss  : 1.1612
2024-05-19 17:18:30,093 - INFO - [66560/66739]	Loss  : 1.1606
2024-05-19 17:18:30,280 - INFO - Test loss   : 0.5650
2024-05-19 17:18:30,280 - INFO - 
Epoch	56
2024-05-19 17:18:32,712 - INFO - [51200/66739]	Loss  : 1.1618
2024-05-19 17:18:33,369 - INFO - [66560/66739]	Loss  : 1.1605
2024-05-19 17:18:33,555 - INFO - Test loss   : 0.5645
2024-05-19 17:18:33,555 - INFO - 
Epoch	57
2024-05-19 17:18:35,938 - INFO - [51200/66739]	Loss  : 1.1611
2024-05-19 17:18:36,636 - INFO - [66560/66739]	Loss  : 1.1617
2024-05-19 17:18:36,821 - INFO - Test loss   : 0.5638
2024-05-19 17:18:36,822 - INFO - 
Epoch	58
2024-05-19 17:18:39,202 - INFO - [51200/66739]	Loss  : 1.1591
2024-05-19 17:18:39,855 - INFO - [66560/66739]	Loss  : 1.1589
2024-05-19 17:18:40,040 - INFO - Test loss   : 0.5636
2024-05-19 17:18:40,040 - INFO - 
Epoch	59
2024-05-19 17:18:42,462 - INFO - [51200/66739]	Loss  : 1.1569
2024-05-19 17:18:43,113 - INFO - [66560/66739]	Loss  : 1.1584
2024-05-19 17:18:43,299 - INFO - Test loss   : 0.5635
2024-05-19 17:18:43,299 - INFO - 
Epoch	60
2024-05-19 17:18:45,672 - INFO - [51200/66739]	Loss  : 1.1600
2024-05-19 17:18:46,368 - INFO - [66560/66739]	Loss  : 1.1591
2024-05-19 17:18:46,553 - INFO - Test loss   : 0.5625
2024-05-19 17:18:46,561 - INFO - (4449,)
2024-05-19 17:18:46,583 - INFO -  Split ID: 0
2024-05-19 17:18:46,585 - INFO -  Top 1	LocEnc (Epoch 60)acc (%):   7.33
2024-05-19 17:18:46,585 - INFO -  Top 3	LocEnc (Epoch 60)acc (%):   15.94
2024-05-19 17:18:46,585 - INFO -  Top 5	LocEnc (Epoch 60)acc (%):   23.42
2024-05-19 17:18:46,585 - INFO -  Top 10	LocEnc (Epoch 60)acc (%):   36.57
2024-05-19 17:18:46,586 - INFO - 
No prior
2024-05-19 17:18:46,588 - INFO - (17798,)
2024-05-19 17:18:46,681 - INFO -  Split ID: 0
2024-05-19 17:18:46,681 - INFO -  Top 1	(Epoch 60)acc (%):   50.15
2024-05-19 17:18:46,682 - INFO -  Top 3	(Epoch 60)acc (%):   73.9
2024-05-19 17:18:46,682 - INFO -  Top 5	(Epoch 60)acc (%):   82.45
2024-05-19 17:18:46,682 - INFO -  Top 10	(Epoch 60)acc (%):   91.06
2024-05-19 17:18:53,782 - INFO -  Split ID: 0
2024-05-19 17:18:53,783 - INFO -  Top 1	(Epoch 60)acc (%):   50.69
2024-05-19 17:18:53,783 - INFO -  Top 3	(Epoch 60)acc (%):   74.6
2024-05-19 17:18:53,783 - INFO -  Top 5	(Epoch 60)acc (%):   83.3
2024-05-19 17:18:53,783 - INFO -  Top 10	(Epoch 60)acc (%):   91.63
2024-05-19 17:18:53,785 - INFO - 
Epoch	61
2024-05-19 17:18:56,160 - INFO - [51200/66739]	Loss  : 1.1601
2024-05-19 17:18:56,812 - INFO - [66560/66739]	Loss  : 1.1593
2024-05-19 17:18:56,998 - INFO - Test loss   : 0.5622
2024-05-19 17:18:56,998 - INFO - 
Epoch	62
2024-05-19 17:18:59,412 - INFO - [51200/66739]	Loss  : 1.1589
2024-05-19 17:19:00,063 - INFO - [66560/66739]	Loss  : 1.1581
2024-05-19 17:19:00,248 - INFO - Test loss   : 0.5634
2024-05-19 17:19:00,248 - INFO - 
Epoch	63
2024-05-19 17:19:02,617 - INFO - [51200/66739]	Loss  : 1.1542
2024-05-19 17:19:03,311 - INFO - [66560/66739]	Loss  : 1.1573
2024-05-19 17:19:03,496 - INFO - Test loss   : 0.5627
2024-05-19 17:19:03,496 - INFO - 
Epoch	64
2024-05-19 17:19:05,869 - INFO - [51200/66739]	Loss  : 1.1560
2024-05-19 17:19:06,522 - INFO - [66560/66739]	Loss  : 1.1564
2024-05-19 17:19:06,707 - INFO - Test loss   : 0.5618
2024-05-19 17:19:06,707 - INFO - 
Epoch	65
2024-05-19 17:19:09,140 - INFO - [51200/66739]	Loss  : 1.1565
2024-05-19 17:19:09,801 - INFO - [66560/66739]	Loss  : 1.1567
2024-05-19 17:19:09,989 - INFO - Test loss   : 0.5655
2024-05-19 17:19:09,989 - INFO - 
Epoch	66
2024-05-19 17:19:12,375 - INFO - [51200/66739]	Loss  : 1.1548
2024-05-19 17:19:13,076 - INFO - [66560/66739]	Loss  : 1.1555
2024-05-19 17:19:13,263 - INFO - Test loss   : 0.5640
2024-05-19 17:19:13,263 - INFO - 
Epoch	67
2024-05-19 17:19:15,659 - INFO - [51200/66739]	Loss  : 1.1556
2024-05-19 17:19:16,311 - INFO - [66560/66739]	Loss  : 1.1567
2024-05-19 17:19:16,498 - INFO - Test loss   : 0.5636
2024-05-19 17:19:16,498 - INFO - 
Epoch	68
2024-05-19 17:19:18,920 - INFO - [51200/66739]	Loss  : 1.1558
2024-05-19 17:19:19,572 - INFO - [66560/66739]	Loss  : 1.1558
2024-05-19 17:19:19,758 - INFO - Test loss   : 0.5624
2024-05-19 17:19:19,758 - INFO - 
Epoch	69
2024-05-19 17:19:22,130 - INFO - [51200/66739]	Loss  : 1.1569
2024-05-19 17:19:22,822 - INFO - [66560/66739]	Loss  : 1.1560
2024-05-19 17:19:23,008 - INFO - Test loss   : 0.5626
2024-05-19 17:19:23,008 - INFO - 
Epoch	70
2024-05-19 17:19:25,388 - INFO - [51200/66739]	Loss  : 1.1530
2024-05-19 17:19:26,043 - INFO - [66560/66739]	Loss  : 1.1534
2024-05-19 17:19:26,229 - INFO - Test loss   : 0.5622
2024-05-19 17:19:26,237 - INFO - (4449,)
2024-05-19 17:19:26,259 - INFO -  Split ID: 0
2024-05-19 17:19:26,260 - INFO -  Top 1	LocEnc (Epoch 70)acc (%):   7.69
2024-05-19 17:19:26,261 - INFO -  Top 3	LocEnc (Epoch 70)acc (%):   16.0
2024-05-19 17:19:26,261 - INFO -  Top 5	LocEnc (Epoch 70)acc (%):   23.87
2024-05-19 17:19:26,261 - INFO -  Top 10	LocEnc (Epoch 70)acc (%):   36.86
2024-05-19 17:19:26,262 - INFO - 
No prior
2024-05-19 17:19:26,264 - INFO - (17798,)
2024-05-19 17:19:26,357 - INFO -  Split ID: 0
2024-05-19 17:19:26,357 - INFO -  Top 1	(Epoch 70)acc (%):   50.15
2024-05-19 17:19:26,357 - INFO -  Top 3	(Epoch 70)acc (%):   73.9
2024-05-19 17:19:26,357 - INFO -  Top 5	(Epoch 70)acc (%):   82.45
2024-05-19 17:19:26,357 - INFO -  Top 10	(Epoch 70)acc (%):   91.06
2024-05-19 17:19:33,468 - INFO -  Split ID: 0
2024-05-19 17:19:33,468 - INFO -  Top 1	(Epoch 70)acc (%):   50.75
2024-05-19 17:19:33,468 - INFO -  Top 3	(Epoch 70)acc (%):   74.65
2024-05-19 17:19:33,468 - INFO -  Top 5	(Epoch 70)acc (%):   83.37
2024-05-19 17:19:33,468 - INFO -  Top 10	(Epoch 70)acc (%):   91.66
2024-05-19 17:19:33,470 - INFO - 
Epoch	71
2024-05-19 17:19:35,901 - INFO - [51200/66739]	Loss  : 1.1536
2024-05-19 17:19:36,561 - INFO - [66560/66739]	Loss  : 1.1541
2024-05-19 17:19:36,748 - INFO - Test loss   : 0.5623
2024-05-19 17:19:36,749 - INFO - 
Epoch	72
2024-05-19 17:19:39,152 - INFO - [51200/66739]	Loss  : 1.1526
2024-05-19 17:19:39,854 - INFO - [66560/66739]	Loss  : 1.1538
2024-05-19 17:19:40,044 - INFO - Test loss   : 0.5629
2024-05-19 17:19:40,044 - INFO - 
Epoch	73
2024-05-19 17:19:42,448 - INFO - [51200/66739]	Loss  : 1.1545
2024-05-19 17:19:43,105 - INFO - [66560/66739]	Loss  : 1.1534
2024-05-19 17:19:43,301 - INFO - Test loss   : 0.5598
2024-05-19 17:19:43,301 - INFO - 
Epoch	74
2024-05-19 17:19:45,738 - INFO - [51200/66739]	Loss  : 1.1533
2024-05-19 17:19:46,395 - INFO - [66560/66739]	Loss  : 1.1530
2024-05-19 17:19:46,581 - INFO - Test loss   : 0.5594
2024-05-19 17:19:46,582 - INFO - 
Epoch	75
2024-05-19 17:19:48,971 - INFO - [51200/66739]	Loss  : 1.1537
2024-05-19 17:19:49,671 - INFO - [66560/66739]	Loss  : 1.1533
2024-05-19 17:19:49,857 - INFO - Test loss   : 0.5628
2024-05-19 17:19:49,857 - INFO - 
Epoch	76
2024-05-19 17:19:52,251 - INFO - [51200/66739]	Loss  : 1.1512
2024-05-19 17:19:52,905 - INFO - [66560/66739]	Loss  : 1.1524
2024-05-19 17:19:53,092 - INFO - Test loss   : 0.5642
2024-05-19 17:19:53,092 - INFO - 
Epoch	77
2024-05-19 17:19:55,534 - INFO - [51200/66739]	Loss  : 1.1511
2024-05-19 17:19:56,191 - INFO - [66560/66739]	Loss  : 1.1518
2024-05-19 17:19:56,420 - INFO - Test loss   : 0.5591
2024-05-19 17:19:56,420 - INFO - 
Epoch	78
2024-05-19 17:19:58,807 - INFO - [51200/66739]	Loss  : 1.1534
2024-05-19 17:19:59,508 - INFO - [66560/66739]	Loss  : 1.1527
2024-05-19 17:19:59,693 - INFO - Test loss   : 0.5609
2024-05-19 17:19:59,693 - INFO - 
Epoch	79
2024-05-19 17:20:02,078 - INFO - [51200/66739]	Loss  : 1.1506
2024-05-19 17:20:02,733 - INFO - [66560/66739]	Loss  : 1.1507
2024-05-19 17:20:02,918 - INFO - Test loss   : 0.5609
2024-05-19 17:20:02,918 - INFO - 
Epoch	80
2024-05-19 17:20:05,352 - INFO - [51200/66739]	Loss  : 1.1523
2024-05-19 17:20:06,007 - INFO - [66560/66739]	Loss  : 1.1521
2024-05-19 17:20:06,193 - INFO - Test loss   : 0.5617
2024-05-19 17:20:06,200 - INFO - (4449,)
2024-05-19 17:20:06,222 - INFO -  Split ID: 0
2024-05-19 17:20:06,224 - INFO -  Top 1	LocEnc (Epoch 80)acc (%):   7.96
2024-05-19 17:20:06,224 - INFO -  Top 3	LocEnc (Epoch 80)acc (%):   16.34
2024-05-19 17:20:06,224 - INFO -  Top 5	LocEnc (Epoch 80)acc (%):   24.01
2024-05-19 17:20:06,224 - INFO -  Top 10	LocEnc (Epoch 80)acc (%):   36.77
2024-05-19 17:20:06,225 - INFO - 
No prior
2024-05-19 17:20:06,227 - INFO - (17798,)
2024-05-19 17:20:06,321 - INFO -  Split ID: 0
2024-05-19 17:20:06,321 - INFO -  Top 1	(Epoch 80)acc (%):   50.15
2024-05-19 17:20:06,321 - INFO -  Top 3	(Epoch 80)acc (%):   73.9
2024-05-19 17:20:06,321 - INFO -  Top 5	(Epoch 80)acc (%):   82.45
2024-05-19 17:20:06,321 - INFO -  Top 10	(Epoch 80)acc (%):   91.06
2024-05-19 17:20:13,483 - INFO -  Split ID: 0
2024-05-19 17:20:13,484 - INFO -  Top 1	(Epoch 80)acc (%):   50.7
2024-05-19 17:20:13,484 - INFO -  Top 3	(Epoch 80)acc (%):   74.58
2024-05-19 17:20:13,484 - INFO -  Top 5	(Epoch 80)acc (%):   83.39
2024-05-19 17:20:13,484 - INFO -  Top 10	(Epoch 80)acc (%):   91.66
2024-05-19 17:20:13,486 - INFO - 
Epoch	81
2024-05-19 17:20:15,874 - INFO - [51200/66739]	Loss  : 1.1498
2024-05-19 17:20:16,572 - INFO - [66560/66739]	Loss  : 1.1503
2024-05-19 17:20:16,758 - INFO - Test loss   : 0.5596
2024-05-19 17:20:16,758 - INFO - 
Epoch	82
2024-05-19 17:20:19,138 - INFO - [51200/66739]	Loss  : 1.1501
2024-05-19 17:20:19,790 - INFO - [66560/66739]	Loss  : 1.1505
2024-05-19 17:20:19,975 - INFO - Test loss   : 0.5600
2024-05-19 17:20:19,975 - INFO - 
Epoch	83
2024-05-19 17:20:22,405 - INFO - [51200/66739]	Loss  : 1.1523
2024-05-19 17:20:23,059 - INFO - [66560/66739]	Loss  : 1.1515
2024-05-19 17:20:23,244 - INFO - Test loss   : 0.5595
2024-05-19 17:20:23,244 - INFO - 
Epoch	84
2024-05-19 17:20:25,622 - INFO - [51200/66739]	Loss  : 1.1513
2024-05-19 17:20:26,318 - INFO - [66560/66739]	Loss  : 1.1492
2024-05-19 17:20:26,503 - INFO - Test loss   : 0.5594
2024-05-19 17:20:26,503 - INFO - 
Epoch	85
2024-05-19 17:20:28,883 - INFO - [51200/66739]	Loss  : 1.1487
2024-05-19 17:20:29,537 - INFO - [66560/66739]	Loss  : 1.1477
2024-05-19 17:20:29,723 - INFO - Test loss   : 0.5619
2024-05-19 17:20:29,723 - INFO - 
Epoch	86
2024-05-19 17:20:32,150 - INFO - [51200/66739]	Loss  : 1.1513
2024-05-19 17:20:32,804 - INFO - [66560/66739]	Loss  : 1.1502
2024-05-19 17:20:32,990 - INFO - Test loss   : 0.5592
2024-05-19 17:20:32,990 - INFO - 
Epoch	87
2024-05-19 17:20:35,388 - INFO - [51200/66739]	Loss  : 1.1503
2024-05-19 17:20:36,090 - INFO - [66560/66739]	Loss  : 1.1498
2024-05-19 17:20:36,276 - INFO - Test loss   : 0.5587
2024-05-19 17:20:36,276 - INFO - 
Epoch	88
2024-05-19 17:20:38,665 - INFO - [51200/66739]	Loss  : 1.1488
2024-05-19 17:20:39,322 - INFO - [66560/66739]	Loss  : 1.1478
2024-05-19 17:20:39,508 - INFO - Test loss   : 0.5597
2024-05-19 17:20:39,508 - INFO - 
Epoch	89
2024-05-19 17:20:41,946 - INFO - [51200/66739]	Loss  : 1.1484
2024-05-19 17:20:42,601 - INFO - [66560/66739]	Loss  : 1.1488
2024-05-19 17:20:42,788 - INFO - Test loss   : 0.5602
2024-05-19 17:20:42,788 - INFO - 
Epoch	90
2024-05-19 17:20:45,180 - INFO - [51200/66739]	Loss  : 1.1469
2024-05-19 17:20:45,881 - INFO - [66560/66739]	Loss  : 1.1481
2024-05-19 17:20:46,067 - INFO - Test loss   : 0.5590
2024-05-19 17:20:46,074 - INFO - (4449,)
2024-05-19 17:20:46,096 - INFO -  Split ID: 0
2024-05-19 17:20:46,098 - INFO -  Top 1	LocEnc (Epoch 90)acc (%):   7.8
2024-05-19 17:20:46,098 - INFO -  Top 3	LocEnc (Epoch 90)acc (%):   16.32
2024-05-19 17:20:46,098 - INFO -  Top 5	LocEnc (Epoch 90)acc (%):   23.89
2024-05-19 17:20:46,098 - INFO -  Top 10	LocEnc (Epoch 90)acc (%):   36.57
2024-05-19 17:20:46,099 - INFO - 
No prior
2024-05-19 17:20:46,101 - INFO - (17798,)
2024-05-19 17:20:46,194 - INFO -  Split ID: 0
2024-05-19 17:20:46,195 - INFO -  Top 1	(Epoch 90)acc (%):   50.15
2024-05-19 17:20:46,195 - INFO -  Top 3	(Epoch 90)acc (%):   73.9
2024-05-19 17:20:46,195 - INFO -  Top 5	(Epoch 90)acc (%):   82.45
2024-05-19 17:20:46,195 - INFO -  Top 10	(Epoch 90)acc (%):   91.06
2024-05-19 17:20:53,403 - INFO -  Split ID: 0
2024-05-19 17:20:53,403 - INFO -  Top 1	(Epoch 90)acc (%):   50.75
2024-05-19 17:20:53,403 - INFO -  Top 3	(Epoch 90)acc (%):   74.63
2024-05-19 17:20:53,403 - INFO -  Top 5	(Epoch 90)acc (%):   83.41
2024-05-19 17:20:53,403 - INFO -  Top 10	(Epoch 90)acc (%):   91.62
2024-05-19 17:20:53,405 - INFO - 
Epoch	91
2024-05-19 17:20:55,803 - INFO - [51200/66739]	Loss  : 1.1476
2024-05-19 17:20:56,456 - INFO - [66560/66739]	Loss  : 1.1481
2024-05-19 17:20:56,641 - INFO - Test loss   : 0.5583
2024-05-19 17:20:56,642 - INFO - 
Epoch	92
2024-05-19 17:20:59,087 - INFO - [51200/66739]	Loss  : 1.1500
2024-05-19 17:20:59,740 - INFO - [66560/66739]	Loss  : 1.1496
2024-05-19 17:20:59,926 - INFO - Test loss   : 0.5596
2024-05-19 17:20:59,926 - INFO - 
Epoch	93
2024-05-19 17:21:02,307 - INFO - [51200/66739]	Loss  : 1.1477
2024-05-19 17:21:03,009 - INFO - [66560/66739]	Loss  : 1.1471
2024-05-19 17:21:03,195 - INFO - Test loss   : 0.5581
2024-05-19 17:21:03,195 - INFO - 
Epoch	94
2024-05-19 17:21:05,580 - INFO - [51200/66739]	Loss  : 1.1474
2024-05-19 17:21:06,233 - INFO - [66560/66739]	Loss  : 1.1470
2024-05-19 17:21:06,420 - INFO - Test loss   : 0.5613
2024-05-19 17:21:06,420 - INFO - 
Epoch	95
2024-05-19 17:21:08,848 - INFO - [51200/66739]	Loss  : 1.1467
2024-05-19 17:21:09,498 - INFO - [66560/66739]	Loss  : 1.1486
2024-05-19 17:21:09,684 - INFO - Test loss   : 0.5583
2024-05-19 17:21:09,684 - INFO - 
Epoch	96
2024-05-19 17:21:12,083 - INFO - [51200/66739]	Loss  : 1.1453
2024-05-19 17:21:12,790 - INFO - [66560/66739]	Loss  : 1.1456
2024-05-19 17:21:12,980 - INFO - Test loss   : 0.5596
2024-05-19 17:21:12,980 - INFO - 
Epoch	97
2024-05-19 17:21:15,373 - INFO - [51200/66739]	Loss  : 1.1479
2024-05-19 17:21:16,037 - INFO - [66560/66739]	Loss  : 1.1465
2024-05-19 17:21:16,224 - INFO - Test loss   : 0.5594
2024-05-19 17:21:16,224 - INFO - 
Epoch	98
2024-05-19 17:21:18,729 - INFO - [51200/66739]	Loss  : 1.1448
2024-05-19 17:21:19,391 - INFO - [66560/66739]	Loss  : 1.1470
2024-05-19 17:21:19,577 - INFO - Test loss   : 0.5611
2024-05-19 17:21:19,577 - INFO - 
Epoch	99
2024-05-19 17:21:21,950 - INFO - [51200/66739]	Loss  : 1.1466
2024-05-19 17:21:22,645 - INFO - [66560/66739]	Loss  : 1.1463
2024-05-19 17:21:22,830 - INFO - Test loss   : 0.5598
2024-05-19 17:21:22,830 - INFO - Saving output model to ../models/rff/model_yfcc_rff_inception_v3_0.0010_64_0.0000010_1_512_1.0.pth.tar
2024-05-19 17:21:22,835 - INFO - Saving output model to ../models/rff/model_yfcc_rff_inception_v3_0.0010_64_0.0000010_1_512_1.0.pth.tar
2024-05-19 17:21:22,840 - INFO - 
No prior
2024-05-19 17:21:22,845 - INFO - (17798,)
2024-05-19 17:21:22,939 - INFO -  Split ID: 0
2024-05-19 17:21:22,939 - INFO -  Top 1	acc (%):   50.15
2024-05-19 17:21:22,940 - INFO -  Top 3	acc (%):   73.9
2024-05-19 17:21:22,940 - INFO -  Top 5	acc (%):   82.45
2024-05-19 17:21:22,940 - INFO -  Top 10	acc (%):   91.06
2024-05-19 17:21:30,098 - INFO -  Split ID: 0
2024-05-19 17:21:30,098 - INFO -  Top 1	acc (%):   50.75
2024-05-19 17:21:30,098 - INFO -  Top 3	acc (%):   74.67
2024-05-19 17:21:30,098 - INFO -  Top 5	acc (%):   83.41
2024-05-19 17:21:30,098 - INFO -  Top 10	acc (%):   91.68
2024-05-19 17:21:30,100 - INFO - 
rff
2024-05-19 17:21:30,100 - INFO -  Model :	model_yfcc_rff_inception_v3_0.0010_64_0.0000010_1_512_1.0.pth.tar
2024-05-19 17:21:30,112 - INFO - (4449,)
2024-05-19 17:21:30,135 - INFO -  Split ID: 0
2024-05-19 17:21:30,136 - INFO -  Top 1	LocEnc acc (%):   7.91
2024-05-19 17:21:30,137 - INFO -  Top 3	LocEnc acc (%):   16.5
2024-05-19 17:21:30,137 - INFO -  Top 5	LocEnc acc (%):   24.32
2024-05-19 17:21:30,137 - INFO -  Top 10	LocEnc acc (%):   36.66
2024-05-27 13:32:55,945 - INFO - 
num_classes	100
2024-05-27 13:32:55,985 - INFO - num train    	66739
2024-05-27 13:32:55,985 - INFO - num val      	4449
2024-05-27 13:32:55,985 - INFO - train loss   	full_loss
2024-05-27 13:32:55,986 - INFO - model name   	../models/rff/model_yfcc_rff_inception_v3_0.0010_64_0.0000010_1_512_1.0.pth.tar
2024-05-27 13:32:55,986 - INFO - num users    	1
2024-05-27 13:32:56,294 - INFO - 
Epoch	0
2024-05-27 13:34:25,932 - INFO - [51200/66739]	Loss  : 1.4423
2024-05-27 13:34:51,300 - INFO - [66560/66739]	Loss  : 1.4091
2024-05-27 13:34:58,544 - INFO - Test loss   : 0.6028
2024-05-27 13:34:58,545 - INFO - 
Epoch	1
2024-05-27 13:36:26,467 - INFO - [51200/66739]	Loss  : 1.2795
2024-05-27 13:36:51,154 - INFO - [66560/66739]	Loss  : 1.2759
2024-05-27 13:36:58,560 - INFO - Test loss   : 0.6097
2024-05-27 13:36:58,560 - INFO - 
Epoch	2
2024-05-27 13:38:27,069 - INFO - [51200/66739]	Loss  : 1.2591
2024-05-27 13:38:51,535 - INFO - [66560/66739]	Loss  : 1.2584
2024-05-27 13:38:59,066 - INFO - Test loss   : 0.6043
2024-05-27 13:38:59,066 - INFO - 
Epoch	3
2024-05-27 13:40:27,354 - INFO - [51200/66739]	Loss  : 1.2501
2024-05-27 13:40:51,929 - INFO - [66560/66739]	Loss  : 1.2500
2024-05-27 13:40:59,459 - INFO - Test loss   : 0.5989
2024-05-27 13:40:59,460 - INFO - 
Epoch	4
2024-05-27 13:42:28,015 - INFO - [51200/66739]	Loss  : 1.2426
2024-05-27 13:42:51,888 - INFO - [66560/66739]	Loss  : 1.2410
2024-05-27 13:42:58,186 - INFO - Test loss   : 0.6017
2024-05-27 13:42:58,186 - INFO - 
Epoch	5
2024-05-27 13:44:16,168 - INFO - [51200/66739]	Loss  : 1.2362
2024-05-27 13:44:37,062 - INFO - [66560/66739]	Loss  : 1.2353
2024-05-27 13:44:43,234 - INFO - Test loss   : 0.6033
2024-05-27 13:44:43,234 - INFO - 
Epoch	6
2024-05-27 13:45:59,794 - INFO - [51200/66739]	Loss  : 1.2303
2024-05-27 13:46:20,698 - INFO - [66560/66739]	Loss  : 1.2309
2024-05-27 13:46:27,070 - INFO - Test loss   : 0.5941
2024-05-27 13:46:27,070 - INFO - 
Epoch	7
2024-05-27 13:47:42,308 - INFO - [51200/66739]	Loss  : 1.2277
2024-05-27 13:48:03,300 - INFO - [66560/66739]	Loss  : 1.2264
2024-05-27 13:48:09,751 - INFO - Test loss   : 0.5893
2024-05-27 13:48:09,752 - INFO - 
Epoch	8
2024-05-27 13:49:25,213 - INFO - [51200/66739]	Loss  : 1.2236
2024-05-27 13:49:46,320 - INFO - [66560/66739]	Loss  : 1.2225
2024-05-27 13:49:52,709 - INFO - Test loss   : 0.5864
2024-05-27 13:49:52,709 - INFO - 
Epoch	9
2024-05-27 13:51:10,548 - INFO - [51200/66739]	Loss  : 1.2177
2024-05-27 13:51:31,580 - INFO - [66560/66739]	Loss  : 1.2183
2024-05-27 13:51:38,830 - INFO - Test loss   : 0.5829
2024-05-27 13:51:38,831 - INFO - 
Epoch	10
2024-05-27 13:53:07,340 - INFO - [51200/66739]	Loss  : 1.2141
2024-05-27 13:53:31,928 - INFO - [66560/66739]	Loss  : 1.2134
2024-05-27 13:53:39,267 - INFO - Test loss   : 0.5828
2024-05-27 13:53:39,267 - INFO - 
Epoch	11
2024-05-27 13:55:07,959 - INFO - [51200/66739]	Loss  : 1.2095
2024-05-27 13:55:32,733 - INFO - [66560/66739]	Loss  : 1.2091
2024-05-27 13:55:40,273 - INFO - Test loss   : 0.5750
2024-05-27 13:55:40,273 - INFO - 
Epoch	12
2024-05-27 13:57:08,805 - INFO - [51200/66739]	Loss  : 1.2085
2024-05-27 13:57:33,988 - INFO - [66560/66739]	Loss  : 1.2074
2024-05-27 13:57:42,029 - INFO - Test loss   : 0.5779
2024-05-27 13:57:42,029 - INFO - 
Epoch	13
2024-05-27 13:59:11,727 - INFO - [51200/66739]	Loss  : 1.2052
2024-05-27 13:59:36,677 - INFO - [66560/66739]	Loss  : 1.2045
2024-05-27 13:59:44,204 - INFO - Test loss   : 0.5773
2024-05-27 13:59:44,204 - INFO - 
Epoch	14
2024-05-27 14:01:13,535 - INFO - [51200/66739]	Loss  : 1.2025
2024-05-27 14:01:38,406 - INFO - [66560/66739]	Loss  : 1.2027
2024-05-27 14:01:46,033 - INFO - Test loss   : 0.5744
2024-05-27 14:01:46,033 - INFO - 
Epoch	15
2024-05-27 14:03:16,464 - INFO - [51200/66739]	Loss  : 1.1993
2024-05-27 14:03:41,497 - INFO - [66560/66739]	Loss  : 1.1990
2024-05-27 14:03:49,151 - INFO - Test loss   : 0.5712
2024-05-27 14:03:49,151 - INFO - 
Epoch	16
2024-05-27 14:05:18,633 - INFO - [51200/66739]	Loss  : 1.1980
2024-05-27 14:05:43,321 - INFO - [66560/66739]	Loss  : 1.1976
2024-05-27 14:05:50,981 - INFO - Test loss   : 0.5737
2024-05-27 14:05:50,981 - INFO - 
Epoch	17
2024-05-27 14:07:21,131 - INFO - [51200/66739]	Loss  : 1.1978
2024-05-27 14:07:46,001 - INFO - [66560/66739]	Loss  : 1.1979
2024-05-27 14:07:53,666 - INFO - Test loss   : 0.5720
2024-05-27 14:07:53,666 - INFO - 
Epoch	18
2024-05-27 14:09:23,054 - INFO - [51200/66739]	Loss  : 1.1940
2024-05-27 14:09:47,878 - INFO - [66560/66739]	Loss  : 1.1948
2024-05-27 14:09:55,414 - INFO - Test loss   : 0.5755
2024-05-27 14:09:55,414 - INFO - 
Epoch	19
2024-05-27 14:11:24,783 - INFO - [51200/66739]	Loss  : 1.1937
2024-05-27 14:11:49,645 - INFO - [66560/66739]	Loss  : 1.1940
2024-05-27 14:11:57,252 - INFO - Test loss   : 0.5755
2024-05-27 14:11:57,252 - INFO - 
Epoch	20
2024-05-27 14:13:24,461 - INFO - [51200/66739]	Loss  : 1.1908
2024-05-27 14:13:45,940 - INFO - [66560/66739]	Loss  : 1.1904
2024-05-27 14:13:52,605 - INFO - Test loss   : 0.5713
2024-05-27 14:13:52,605 - INFO - 
Epoch	21
2024-05-27 14:15:09,461 - INFO - [51200/66739]	Loss  : 1.1884
2024-05-27 14:15:30,718 - INFO - [66560/66739]	Loss  : 1.1880
2024-05-27 14:15:37,211 - INFO - Test loss   : 0.5743
2024-05-27 14:15:37,211 - INFO - 
Epoch	22
2024-05-27 14:16:53,544 - INFO - [51200/66739]	Loss  : 1.1863
2024-05-27 14:17:14,898 - INFO - [66560/66739]	Loss  : 1.1865
2024-05-27 14:17:21,409 - INFO - Test loss   : 0.5736
2024-05-27 14:17:21,409 - INFO - 
Epoch	23
2024-05-27 14:18:37,827 - INFO - [51200/66739]	Loss  : 1.1836
2024-05-27 14:18:59,083 - INFO - [66560/66739]	Loss  : 1.1847
2024-05-27 14:19:05,610 - INFO - Test loss   : 0.5755
2024-05-27 14:19:05,611 - INFO - 
Epoch	24
2024-05-27 14:20:23,051 - INFO - [51200/66739]	Loss  : 1.1851
2024-05-27 14:20:44,115 - INFO - [66560/66739]	Loss  : 1.1851
2024-05-27 14:20:50,571 - INFO - Test loss   : 0.5704
2024-05-27 14:20:50,571 - INFO - 
Epoch	25
2024-05-27 14:22:06,835 - INFO - [51200/66739]	Loss  : 1.1846
2024-05-27 14:22:28,062 - INFO - [66560/66739]	Loss  : 1.1841
2024-05-27 14:22:34,562 - INFO - Test loss   : 0.5749
2024-05-27 14:22:34,562 - INFO - 
Epoch	26
2024-05-27 14:23:51,214 - INFO - [51200/66739]	Loss  : 1.1826
2024-05-27 14:24:16,036 - INFO - [66560/66739]	Loss  : 1.1814
2024-05-27 14:24:23,660 - INFO - Test loss   : 0.5727
2024-05-27 14:24:23,661 - INFO - 
Epoch	27
2024-05-27 14:25:52,967 - INFO - [51200/66739]	Loss  : 1.1845
2024-05-27 14:26:17,832 - INFO - [66560/66739]	Loss  : 1.1829
2024-05-27 14:26:25,416 - INFO - Test loss   : 0.5722
2024-05-27 14:26:25,416 - INFO - 
Epoch	28
2024-05-27 14:27:54,121 - INFO - [51200/66739]	Loss  : 1.1813
2024-05-27 14:28:19,139 - INFO - [66560/66739]	Loss  : 1.1810
2024-05-27 14:28:26,749 - INFO - Test loss   : 0.5679
2024-05-27 14:28:26,749 - INFO - 
Epoch	29
2024-05-27 14:29:55,665 - INFO - [51200/66739]	Loss  : 1.1805
2024-05-27 14:30:20,337 - INFO - [66560/66739]	Loss  : 1.1804
2024-05-27 14:30:27,902 - INFO - Test loss   : 0.5712
2024-05-27 14:30:27,902 - INFO - 
Epoch	30
2024-05-27 14:31:56,761 - INFO - [51200/66739]	Loss  : 1.1782
2024-05-27 14:32:21,429 - INFO - [66560/66739]	Loss  : 1.1798
2024-05-27 14:32:28,916 - INFO - Test loss   : 0.5690
2024-05-27 14:32:28,916 - INFO - 
Epoch	31
2024-05-27 14:33:57,689 - INFO - [51200/66739]	Loss  : 1.1797
2024-05-27 14:34:22,436 - INFO - [66560/66739]	Loss  : 1.1794
2024-05-27 14:34:29,904 - INFO - Test loss   : 0.5745
2024-05-27 14:34:29,904 - INFO - 
Epoch	32
2024-05-27 14:35:59,623 - INFO - [51200/66739]	Loss  : 1.1792
2024-05-27 14:36:24,531 - INFO - [66560/66739]	Loss  : 1.1786
2024-05-27 14:36:32,105 - INFO - Test loss   : 0.5691
2024-05-27 14:36:32,105 - INFO - 
Epoch	33
2024-05-27 14:38:01,563 - INFO - [51200/66739]	Loss  : 1.1732
2024-05-27 14:38:26,650 - INFO - [66560/66739]	Loss  : 1.1745
2024-05-27 14:38:34,254 - INFO - Test loss   : 0.5687
2024-05-27 14:38:34,254 - INFO - 
Epoch	34
2024-05-27 14:40:03,442 - INFO - [51200/66739]	Loss  : 1.1737
2024-05-27 14:40:28,159 - INFO - [66560/66739]	Loss  : 1.1744
2024-05-27 14:40:35,687 - INFO - Test loss   : 0.5757
2024-05-27 14:40:35,688 - INFO - 
Epoch	35
2024-05-27 14:42:04,418 - INFO - [51200/66739]	Loss  : 1.1745
2024-05-27 14:42:29,177 - INFO - [66560/66739]	Loss  : 1.1748
2024-05-27 14:42:36,897 - INFO - Test loss   : 0.5701
2024-05-27 14:42:36,897 - INFO - 
Epoch	36
2024-05-27 14:44:05,487 - INFO - [51200/66739]	Loss  : 1.1714
2024-05-27 14:44:30,108 - INFO - [66560/66739]	Loss  : 1.1732
2024-05-27 14:44:37,713 - INFO - Test loss   : 0.5691
2024-05-27 14:44:37,714 - INFO - 
Epoch	37
2024-05-27 14:46:06,363 - INFO - [51200/66739]	Loss  : 1.1707
2024-05-27 14:46:31,089 - INFO - [66560/66739]	Loss  : 1.1708
2024-05-27 14:46:38,602 - INFO - Test loss   : 0.5690
2024-05-27 14:46:38,602 - INFO - 
Epoch	38
2024-05-27 14:48:07,300 - INFO - [51200/66739]	Loss  : 1.1681
2024-05-27 14:48:31,986 - INFO - [66560/66739]	Loss  : 1.1692
2024-05-27 14:48:39,494 - INFO - Test loss   : 0.5713
2024-05-27 14:48:39,494 - INFO - 
Epoch	39
2024-05-27 14:50:08,168 - INFO - [51200/66739]	Loss  : 1.1694
2024-05-27 14:50:32,864 - INFO - [66560/66739]	Loss  : 1.1690
2024-05-27 14:50:40,387 - INFO - Test loss   : 0.5664
2024-05-27 14:50:40,387 - INFO - 
Epoch	40
2024-05-27 14:52:06,042 - INFO - [51200/66739]	Loss  : 1.1688
2024-05-27 14:52:27,049 - INFO - [66560/66739]	Loss  : 1.1691
2024-05-27 14:52:33,467 - INFO - Test loss   : 0.5680
2024-05-27 14:52:33,467 - INFO - 
Epoch	41
2024-05-27 14:53:51,864 - INFO - [51200/66739]	Loss  : 1.1668
2024-05-27 14:54:17,143 - INFO - [66560/66739]	Loss  : 1.1679
2024-05-27 14:54:24,861 - INFO - Test loss   : 0.5693
2024-05-27 14:54:24,861 - INFO - 
Epoch	42
2024-05-27 14:55:56,123 - INFO - [51200/66739]	Loss  : 1.1693
2024-05-27 14:56:21,353 - INFO - [66560/66739]	Loss  : 1.1685
2024-05-27 14:56:28,984 - INFO - Test loss   : 0.5691
2024-05-27 14:56:28,984 - INFO - 
Epoch	43
2024-05-27 14:57:58,218 - INFO - [51200/66739]	Loss  : 1.1672
2024-05-27 14:58:23,026 - INFO - [66560/66739]	Loss  : 1.1664
2024-05-27 14:58:30,681 - INFO - Test loss   : 0.5689
2024-05-27 14:58:30,681 - INFO - 
Epoch	44
2024-05-27 15:00:01,382 - INFO - [51200/66739]	Loss  : 1.1674
2024-05-27 15:00:26,014 - INFO - [66560/66739]	Loss  : 1.1668
2024-05-27 15:00:33,635 - INFO - Test loss   : 0.5708
2024-05-27 15:00:33,635 - INFO - 
Epoch	45
2024-05-27 15:01:56,750 - INFO - [51200/66739]	Loss  : 1.1669
2024-05-27 15:02:17,843 - INFO - [66560/66739]	Loss  : 1.1666
2024-05-27 15:02:24,317 - INFO - Test loss   : 0.5680
2024-05-27 15:02:24,318 - INFO - 
Epoch	46
2024-05-27 15:03:40,417 - INFO - [51200/66739]	Loss  : 1.1625
2024-05-27 15:04:01,696 - INFO - [66560/66739]	Loss  : 1.1636
2024-05-27 15:04:08,117 - INFO - Test loss   : 0.5650
2024-05-27 15:04:08,118 - INFO - 
Epoch	47
2024-05-27 15:05:24,260 - INFO - [51200/66739]	Loss  : 1.1641
2024-05-27 15:05:45,994 - INFO - [66560/66739]	Loss  : 1.1636
2024-05-27 15:05:52,565 - INFO - Test loss   : 0.5660
2024-05-27 15:05:52,565 - INFO - 
Epoch	48
2024-05-27 15:07:07,778 - INFO - [51200/66739]	Loss  : 1.1638
2024-05-27 15:07:28,695 - INFO - [66560/66739]	Loss  : 1.1640
2024-05-27 15:07:35,079 - INFO - Test loss   : 0.5644
2024-05-27 15:07:35,079 - INFO - 
Epoch	49
2024-05-27 15:08:50,431 - INFO - [51200/66739]	Loss  : 1.1628
2024-05-27 15:09:11,538 - INFO - [66560/66739]	Loss  : 1.1626
2024-05-27 15:09:17,788 - INFO - Test loss   : 0.5648
2024-05-27 15:09:17,789 - INFO - 
Epoch	50
2024-05-27 15:10:33,093 - INFO - [51200/66739]	Loss  : 1.1641
2024-05-27 15:10:53,938 - INFO - [66560/66739]	Loss  : 1.1634
2024-05-27 15:11:00,395 - INFO - Test loss   : 0.5664
2024-05-27 15:11:00,395 - INFO - 
Epoch	51
2024-05-27 15:12:15,890 - INFO - [51200/66739]	Loss  : 1.1593
2024-05-27 15:12:37,152 - INFO - [66560/66739]	Loss  : 1.1615
2024-05-27 15:12:43,621 - INFO - Test loss   : 0.5647
2024-05-27 15:12:43,621 - INFO - 
Epoch	52
2024-05-27 15:14:02,303 - INFO - [51200/66739]	Loss  : 1.1605
2024-05-27 15:14:23,295 - INFO - [66560/66739]	Loss  : 1.1610
2024-05-27 15:14:29,763 - INFO - Test loss   : 0.5659
2024-05-27 15:14:29,763 - INFO - 
Epoch	53
2024-05-27 15:15:45,243 - INFO - [51200/66739]	Loss  : 1.1612
2024-05-27 15:16:06,301 - INFO - [66560/66739]	Loss  : 1.1616
2024-05-27 15:16:12,649 - INFO - Test loss   : 0.5667
2024-05-27 15:16:12,649 - INFO - 
Epoch	54
2024-05-27 15:17:27,953 - INFO - [51200/66739]	Loss  : 1.1608
2024-05-27 15:17:48,803 - INFO - [66560/66739]	Loss  : 1.1616
2024-05-27 15:17:55,272 - INFO - Test loss   : 0.5633
2024-05-27 15:17:55,272 - INFO - 
Epoch	55
2024-05-27 15:19:10,791 - INFO - [51200/66739]	Loss  : 1.1588
2024-05-27 15:19:31,756 - INFO - [66560/66739]	Loss  : 1.1590
2024-05-27 15:19:38,691 - INFO - Test loss   : 0.5654
2024-05-27 15:19:38,691 - INFO - 
Epoch	56
2024-05-27 15:21:09,313 - INFO - [51200/66739]	Loss  : 1.1607
2024-05-27 15:21:34,391 - INFO - [66560/66739]	Loss  : 1.1607
2024-05-27 15:21:41,888 - INFO - Test loss   : 0.5650
2024-05-27 15:21:41,889 - INFO - 
Epoch	57
2024-05-27 15:23:10,436 - INFO - [51200/66739]	Loss  : 1.1590
2024-05-27 15:23:35,114 - INFO - [66560/66739]	Loss  : 1.1582
2024-05-27 15:23:42,702 - INFO - Test loss   : 0.5621
2024-05-27 15:23:42,703 - INFO - 
Epoch	58
2024-05-27 15:25:11,280 - INFO - [51200/66739]	Loss  : 1.1576
2024-05-27 15:25:35,959 - INFO - [66560/66739]	Loss  : 1.1585
2024-05-27 15:25:43,438 - INFO - Test loss   : 0.5643
2024-05-27 15:25:43,439 - INFO - 
Epoch	59
2024-05-27 15:27:12,001 - INFO - [51200/66739]	Loss  : 1.1580
2024-05-27 15:27:36,591 - INFO - [66560/66739]	Loss  : 1.1582
2024-05-27 15:27:44,153 - INFO - Test loss   : 0.5629
2024-05-27 15:27:44,154 - INFO - 
Epoch	60
2024-05-27 15:29:14,244 - INFO - [51200/66739]	Loss  : 1.1561
2024-05-27 15:29:39,367 - INFO - [66560/66739]	Loss  : 1.1573
2024-05-27 15:29:47,101 - INFO - Test loss   : 0.5627
2024-05-27 15:29:47,101 - INFO - 
Epoch	61
2024-05-27 15:31:17,280 - INFO - [51200/66739]	Loss  : 1.1583
2024-05-27 15:31:42,180 - INFO - [66560/66739]	Loss  : 1.1571
2024-05-27 15:31:49,712 - INFO - Test loss   : 0.5635
2024-05-27 15:31:49,712 - INFO - 
Epoch	62
2024-05-27 15:33:19,578 - INFO - [51200/66739]	Loss  : 1.1560
2024-05-27 15:33:44,346 - INFO - [66560/66739]	Loss  : 1.1566
2024-05-27 15:33:51,996 - INFO - Test loss   : 0.5632
2024-05-27 15:33:51,996 - INFO - 
Epoch	63
2024-05-27 15:35:22,227 - INFO - [51200/66739]	Loss  : 1.1546
2024-05-27 15:35:46,657 - INFO - [66560/66739]	Loss  : 1.1549
2024-05-27 15:35:54,088 - INFO - Test loss   : 0.5623
2024-05-27 15:35:54,088 - INFO - 
Epoch	64
2024-05-27 15:37:23,058 - INFO - [51200/66739]	Loss  : 1.1551
2024-05-27 15:37:47,947 - INFO - [66560/66739]	Loss  : 1.1549
2024-05-27 15:37:55,623 - INFO - Test loss   : 0.5622
2024-05-27 15:37:55,623 - INFO - 
Epoch	65
2024-05-27 15:39:24,939 - INFO - [51200/66739]	Loss  : 1.1556
2024-05-27 15:39:49,711 - INFO - [66560/66739]	Loss  : 1.1558
2024-05-27 15:39:57,332 - INFO - Test loss   : 0.5625
2024-05-27 15:39:57,332 - INFO - 
Epoch	66
2024-05-27 15:41:26,903 - INFO - [51200/66739]	Loss  : 1.1564
2024-05-27 15:41:51,812 - INFO - [66560/66739]	Loss  : 1.1548
2024-05-27 15:41:59,445 - INFO - Test loss   : 0.5613
2024-05-27 15:41:59,445 - INFO - 
Epoch	67
2024-05-27 15:43:28,740 - INFO - [51200/66739]	Loss  : 1.1539
2024-05-27 15:43:53,711 - INFO - [66560/66739]	Loss  : 1.1546
2024-05-27 15:44:01,317 - INFO - Test loss   : 0.5603
2024-05-27 15:44:01,317 - INFO - 
Epoch	68
2024-05-27 15:45:31,340 - INFO - [51200/66739]	Loss  : 1.1552
2024-05-27 15:45:56,179 - INFO - [66560/66739]	Loss  : 1.1544
2024-05-27 15:46:03,918 - INFO - Test loss   : 0.5625
2024-05-27 15:46:03,918 - INFO - 
Epoch	69
2024-05-27 15:47:31,884 - INFO - [51200/66739]	Loss  : 1.1532
2024-05-27 15:47:55,921 - INFO - [66560/66739]	Loss  : 1.1527
2024-05-27 15:48:03,535 - INFO - Test loss   : 0.5641
2024-05-27 15:48:03,535 - INFO - 
Epoch	70
2024-05-27 15:49:32,873 - INFO - [51200/66739]	Loss  : 1.1526
2024-05-27 15:49:57,722 - INFO - [66560/66739]	Loss  : 1.1524
2024-05-27 15:50:05,334 - INFO - Test loss   : 0.5610
2024-05-27 15:50:05,334 - INFO - 
Epoch	71
2024-05-27 15:51:34,732 - INFO - [51200/66739]	Loss  : 1.1523
2024-05-27 15:51:59,928 - INFO - [66560/66739]	Loss  : 1.1528
2024-05-27 15:52:07,615 - INFO - Test loss   : 0.5624
2024-05-27 15:52:07,615 - INFO - 
Epoch	72
2024-05-27 15:53:36,128 - INFO - [51200/66739]	Loss  : 1.1517
2024-05-27 15:54:00,964 - INFO - [66560/66739]	Loss  : 1.1521
2024-05-27 15:54:08,565 - INFO - Test loss   : 0.5610
2024-05-27 15:54:08,565 - INFO - 
Epoch	73
2024-05-27 15:55:37,793 - INFO - [51200/66739]	Loss  : 1.1512
2024-05-27 15:56:02,674 - INFO - [66560/66739]	Loss  : 1.1512
2024-05-27 15:56:10,170 - INFO - Test loss   : 0.5620
2024-05-27 15:56:10,170 - INFO - 
Epoch	74
2024-05-27 15:57:38,875 - INFO - [51200/66739]	Loss  : 1.1531
2024-05-27 15:58:00,200 - INFO - [66560/66739]	Loss  : 1.1520
2024-05-27 15:58:06,652 - INFO - Test loss   : 0.5597
2024-05-27 15:58:06,652 - INFO - 
Epoch	75
2024-05-27 15:59:22,944 - INFO - [51200/66739]	Loss  : 1.1514
2024-05-27 15:59:44,362 - INFO - [66560/66739]	Loss  : 1.1517
2024-05-27 15:59:50,900 - INFO - Test loss   : 0.5598
2024-05-27 15:59:50,900 - INFO - 
Epoch	76
2024-05-27 16:01:07,986 - INFO - [51200/66739]	Loss  : 1.1484
2024-05-27 16:01:29,287 - INFO - [66560/66739]	Loss  : 1.1501
2024-05-27 16:01:35,728 - INFO - Test loss   : 0.5609
2024-05-27 16:01:35,729 - INFO - 
Epoch	77
2024-05-27 16:02:51,997 - INFO - [51200/66739]	Loss  : 1.1503
2024-05-27 16:03:13,349 - INFO - [66560/66739]	Loss  : 1.1500
2024-05-27 16:03:19,906 - INFO - Test loss   : 0.5629
2024-05-27 16:03:19,906 - INFO - 
Epoch	78
2024-05-27 16:04:36,021 - INFO - [51200/66739]	Loss  : 1.1495
2024-05-27 16:04:53,701 - INFO - [66560/66739]	Loss  : 1.1493
2024-05-27 16:04:59,115 - INFO - Test loss   : 0.5610
2024-05-27 16:04:59,115 - INFO - 
Epoch	79
2024-05-27 16:06:03,897 - INFO - [51200/66739]	Loss  : 1.1497
2024-05-27 16:06:22,199 - INFO - [66560/66739]	Loss  : 1.1492
2024-05-27 16:06:27,687 - INFO - Test loss   : 0.5597
2024-05-27 16:06:27,688 - INFO - 
Epoch	80
2024-05-27 16:07:31,606 - INFO - [51200/66739]	Loss  : 1.1488
2024-05-27 16:07:49,437 - INFO - [66560/66739]	Loss  : 1.1495
2024-05-27 16:07:54,764 - INFO - Test loss   : 0.5604
2024-05-27 16:07:54,764 - INFO - 
Epoch	81
2024-05-27 16:08:58,319 - INFO - [51200/66739]	Loss  : 1.1491
2024-05-27 16:09:15,990 - INFO - [66560/66739]	Loss  : 1.1485
2024-05-27 16:09:21,521 - INFO - Test loss   : 0.5605
2024-05-27 16:09:21,521 - INFO - 
Epoch	82
2024-05-27 16:10:25,097 - INFO - [51200/66739]	Loss  : 1.1488
2024-05-27 16:10:42,635 - INFO - [66560/66739]	Loss  : 1.1477
2024-05-27 16:10:47,940 - INFO - Test loss   : 0.5592
2024-05-27 16:10:47,940 - INFO - 
Epoch	83
2024-05-27 16:11:51,155 - INFO - [51200/66739]	Loss  : 1.1485
2024-05-27 16:12:08,637 - INFO - [66560/66739]	Loss  : 1.1494
2024-05-27 16:12:13,967 - INFO - Test loss   : 0.5583
2024-05-27 16:12:13,967 - INFO - 
Epoch	84
2024-05-27 16:13:17,226 - INFO - [51200/66739]	Loss  : 1.1473
2024-05-27 16:13:34,825 - INFO - [66560/66739]	Loss  : 1.1480
2024-05-27 16:13:40,279 - INFO - Test loss   : 0.5598
2024-05-27 16:13:40,279 - INFO - 
Epoch	85
2024-05-27 16:14:43,409 - INFO - [51200/66739]	Loss  : 1.1464
2024-05-27 16:15:01,034 - INFO - [66560/66739]	Loss  : 1.1478
2024-05-27 16:15:06,397 - INFO - Test loss   : 0.5584
2024-05-27 16:15:06,397 - INFO - 
Epoch	86
2024-05-27 16:16:09,512 - INFO - [51200/66739]	Loss  : 1.1464
2024-05-27 16:16:27,049 - INFO - [66560/66739]	Loss  : 1.1465
2024-05-27 16:16:32,425 - INFO - Test loss   : 0.5587
2024-05-27 16:16:32,425 - INFO - 
Epoch	87
2024-05-27 16:17:35,825 - INFO - [51200/66739]	Loss  : 1.1473
2024-05-27 16:17:54,134 - INFO - [66560/66739]	Loss  : 1.1473
2024-05-27 16:17:59,645 - INFO - Test loss   : 0.5592
2024-05-27 16:17:59,645 - INFO - 
Epoch	88
2024-05-27 16:19:03,768 - INFO - [51200/66739]	Loss  : 1.1465
2024-05-27 16:19:21,838 - INFO - [66560/66739]	Loss  : 1.1461
2024-05-27 16:19:27,217 - INFO - Test loss   : 0.5588
2024-05-27 16:19:27,217 - INFO - 
Epoch	89
2024-05-27 16:20:30,478 - INFO - [51200/66739]	Loss  : 1.1491
2024-05-27 16:20:47,925 - INFO - [66560/66739]	Loss  : 1.1483
2024-05-27 16:20:53,278 - INFO - Test loss   : 0.5599
2024-05-27 16:20:53,278 - INFO - 
Epoch	90
2024-05-27 16:21:56,552 - INFO - [51200/66739]	Loss  : 1.1453
2024-05-27 16:22:14,128 - INFO - [66560/66739]	Loss  : 1.1459
2024-05-27 16:22:19,560 - INFO - Test loss   : 0.5583
2024-05-27 16:22:19,560 - INFO - 
Epoch	91
2024-05-27 16:23:29,358 - INFO - [51200/66739]	Loss  : 1.1460
2024-05-27 16:23:51,379 - INFO - [66560/66739]	Loss  : 1.1466
2024-05-27 16:23:58,013 - INFO - Test loss   : 0.5592
2024-05-27 16:23:58,013 - INFO - 
Epoch	92
2024-05-27 16:25:14,784 - INFO - [51200/66739]	Loss  : 1.1465
2024-05-27 16:25:35,965 - INFO - [66560/66739]	Loss  : 1.1451
2024-05-27 16:25:42,487 - INFO - Test loss   : 0.5594
2024-05-27 16:25:42,487 - INFO - 
Epoch	93
2024-05-27 16:26:58,512 - INFO - [51200/66739]	Loss  : 1.1438
2024-05-27 16:27:19,666 - INFO - [66560/66739]	Loss  : 1.1439
2024-05-27 16:27:26,107 - INFO - Test loss   : 0.5609
2024-05-27 16:27:26,107 - INFO - 
Epoch	94
2024-05-27 16:28:42,188 - INFO - [51200/66739]	Loss  : 1.1452
2024-05-27 16:29:01,450 - INFO - [66560/66739]	Loss  : 1.1457
2024-05-27 16:29:06,835 - INFO - Test loss   : 0.5585
2024-05-27 16:29:06,835 - INFO - 
Epoch	95
2024-05-27 16:30:09,366 - INFO - [51200/66739]	Loss  : 1.1436
2024-05-27 16:30:22,910 - INFO - [66560/66739]	Loss  : 1.1440
2024-05-27 16:30:27,213 - INFO - Test loss   : 0.5589
2024-05-27 16:30:27,213 - INFO - 
Epoch	96
2024-05-27 16:31:36,233 - INFO - [51200/66739]	Loss  : 1.1463
2024-05-27 16:31:57,848 - INFO - [66560/66739]	Loss  : 1.1456
2024-05-27 16:32:04,456 - INFO - Test loss   : 0.5583
2024-05-27 16:32:04,456 - INFO - 
Epoch	97
2024-05-27 16:33:22,103 - INFO - [51200/66739]	Loss  : 1.1460
2024-05-27 16:33:43,411 - INFO - [66560/66739]	Loss  : 1.1448
2024-05-27 16:33:50,070 - INFO - Test loss   : 0.5607
2024-05-27 16:33:50,071 - INFO - 
Epoch	98
2024-05-27 16:34:57,139 - INFO - [51200/66739]	Loss  : 1.1449
2024-05-27 16:35:14,489 - INFO - [66560/66739]	Loss  : 1.1450
2024-05-27 16:35:19,610 - INFO - Test loss   : 0.5580
2024-05-27 16:35:19,610 - INFO - 
Epoch	99
2024-05-27 16:36:22,106 - INFO - [51200/66739]	Loss  : 1.1440
2024-05-27 16:36:39,513 - INFO - [66560/66739]	Loss  : 1.1439
2024-05-27 16:36:44,786 - INFO - Test loss   : 0.5576
2024-05-27 16:36:44,787 - INFO - Saving output model to ../models/rff/model_yfcc_rff_inception_v3_0.0010_64_0.0000010_1_512_1.0.pth.tar
2024-05-27 16:36:44,806 - INFO - Saving output model to ../models/rff/model_yfcc_rff_inception_v3_0.0010_64_0.0000010_1_512_1.0.pth.tar
2024-05-27 16:36:44,826 - INFO - 
No prior
2024-05-27 16:36:44,831 - INFO - (17798,)
2024-05-27 16:36:44,934 - INFO -  Split ID: 0
2024-05-27 16:36:44,934 - INFO -  Top 1	acc (%):   50.15
2024-05-27 16:36:44,934 - INFO -  Top 3	acc (%):   73.9
2024-05-27 16:36:44,934 - INFO -  Top 5	acc (%):   82.45
2024-05-27 16:36:44,934 - INFO -  Top 10	acc (%):   91.06
2024-05-27 16:37:14,589 - INFO -  Split ID: 0
2024-05-27 16:37:14,589 - INFO -  Top 1	acc (%):   50.81
2024-05-27 16:37:14,589 - INFO -  Top 3	acc (%):   74.6
2024-05-27 16:37:14,589 - INFO -  Top 5	acc (%):   83.34
2024-05-27 16:37:14,589 - INFO -  Top 10	acc (%):   91.63
2024-05-27 16:37:14,594 - INFO - 
Only rff
2024-05-27 16:37:14,594 - INFO -  Model :	model_yfcc_rff_inception_v3_0.0010_64_0.0000010_1_512_1.0.pth.tar
2024-05-27 16:37:14,621 - INFO - (4449,)
2024-05-27 16:37:14,642 - INFO -  Split ID: 0
2024-05-27 16:37:14,644 - INFO -  Top 1	LocEnc acc (%):   7.75
2024-05-27 16:37:14,644 - INFO -  Top 3	LocEnc acc (%):   16.75
2024-05-27 16:37:14,644 - INFO -  Top 5	LocEnc acc (%):   24.34
2024-05-27 16:37:14,645 - INFO -  Top 10	LocEnc acc (%):   37.76
