2024-05-30 09:42:27,060 - INFO - 
num_classes	500
2024-05-30 09:42:27,060 - INFO - num train    	42490
2024-05-30 09:42:27,060 - INFO - num val      	980
2024-05-30 09:42:27,060 - INFO - train loss   	full_loss
2024-05-30 09:42:27,060 - INFO - model name   	../models/sphere2vec_dfs/model_birdsnap_ebird_meta_Sphere2Vec-dfs_inception_v3_0.0100_8_0.1000000_1.000_3_512_BATCH4096_leakyrelu.pth.tar
2024-05-30 09:42:27,060 - INFO - num users    	5763
2024-05-30 09:42:27,060 - INFO - meta data    	ebird_meta
2024-05-30 09:42:27,920 - INFO - 
Epoch	0
2024-05-30 09:42:45,086 - INFO - [40960/42490]	Loss  : 2.0212
2024-05-30 09:42:45,165 - INFO - Test loss   : 0.6313
2024-05-30 09:42:45,165 - INFO - 
Epoch	1
2024-05-30 09:43:01,624 - INFO - [40960/42490]	Loss  : 1.4357
2024-05-30 09:43:02,102 - INFO - Test loss   : 0.5213
2024-05-30 09:43:02,102 - INFO - 
Epoch	2
2024-05-30 09:43:21,355 - INFO - [40960/42490]	Loss  : 1.3273
2024-05-30 09:43:21,833 - INFO - Test loss   : 0.4779
2024-05-30 09:43:21,833 - INFO - 
Epoch	3
2024-05-30 09:43:39,460 - INFO - [40960/42490]	Loss  : 1.2333
2024-05-30 09:43:39,933 - INFO - Test loss   : 0.4224
2024-05-30 09:43:39,933 - INFO - 
Epoch	4
2024-05-30 09:43:58,185 - INFO - [40960/42490]	Loss  : 1.1870
2024-05-30 09:43:58,656 - INFO - Test loss   : 0.4142
2024-05-30 09:43:58,656 - INFO - 
Epoch	5
2024-05-30 09:44:15,808 - INFO - [40960/42490]	Loss  : 1.1523
2024-05-30 09:44:16,284 - INFO - Test loss   : 0.3983
2024-05-30 09:44:16,285 - INFO - 
Epoch	6
2024-05-30 09:44:33,853 - INFO - [40960/42490]	Loss  : 1.1277
2024-05-30 09:44:34,321 - INFO - Test loss   : 0.4161
2024-05-30 09:44:34,321 - INFO - 
Epoch	7
2024-05-30 09:44:53,146 - INFO - [40960/42490]	Loss  : 1.1080
2024-05-30 09:44:53,624 - INFO - Test loss   : 0.3978
2024-05-30 09:44:53,624 - INFO - 
Epoch	8
2024-05-30 09:45:09,981 - INFO - [40960/42490]	Loss  : 1.0903
2024-05-30 09:45:10,457 - INFO - Test loss   : 0.3843
2024-05-30 09:45:10,458 - INFO - 
Epoch	9
2024-05-30 09:45:27,620 - INFO - [40960/42490]	Loss  : 1.0710
2024-05-30 09:45:28,104 - INFO - Test loss   : 0.3856
2024-05-30 09:45:28,104 - INFO - 
Epoch	10
2024-05-30 09:45:47,248 - INFO - [40960/42490]	Loss  : 1.0511
2024-05-30 09:45:47,720 - INFO - Test loss   : 0.3664
2024-05-30 09:45:47,732 - INFO - (980,)
2024-05-30 09:45:47,769 - INFO -  Split ID: 0
2024-05-30 09:45:47,769 - INFO -  Top 1	LocEnc (Epoch 10)acc (%):   1.73
2024-05-30 09:45:47,769 - INFO -  Top 3	LocEnc (Epoch 10)acc (%):   4.08
2024-05-30 09:45:47,769 - INFO -  Top 5	LocEnc (Epoch 10)acc (%):   5.92
2024-05-30 09:45:47,769 - INFO -  Top 10	LocEnc (Epoch 10)acc (%):   11.94
2024-05-30 09:45:47,770 - INFO - 
No prior
2024-05-30 09:45:47,771 - INFO - (2262,)
2024-05-30 09:45:47,824 - INFO -  Split ID: 0
2024-05-30 09:45:47,824 - INFO -  Top 1	(Epoch 10)acc (%):   70.07
2024-05-30 09:45:47,824 - INFO -  Top 3	(Epoch 10)acc (%):   86.6
2024-05-30 09:45:47,824 - INFO -  Top 5	(Epoch 10)acc (%):   90.05
2024-05-30 09:45:47,824 - INFO -  Top 10	(Epoch 10)acc (%):   92.88
2024-05-30 09:45:49,827 - INFO -  Split ID: 0
2024-05-30 09:45:49,827 - INFO -  Top 1	(Epoch 10)acc (%):   75.6
2024-05-30 09:45:49,827 - INFO -  Top 3	(Epoch 10)acc (%):   89.39
2024-05-30 09:45:49,827 - INFO -  Top 5	(Epoch 10)acc (%):   92.26
2024-05-30 09:45:49,827 - INFO -  Top 10	(Epoch 10)acc (%):   94.83
2024-05-30 09:45:49,827 - INFO - 
Epoch	11
2024-05-30 09:46:07,705 - INFO - [40960/42490]	Loss  : 1.0305
2024-05-30 09:46:07,895 - INFO - Test loss   : 0.3499
2024-05-30 09:46:07,896 - INFO - 
Epoch	12
2024-05-30 09:46:25,372 - INFO - [40960/42490]	Loss  : 1.0125
2024-05-30 09:46:25,574 - INFO - Test loss   : 0.3417
2024-05-30 09:46:25,574 - INFO - 
Epoch	13
2024-05-30 09:46:43,809 - INFO - [40960/42490]	Loss  : 0.9936
2024-05-30 09:46:44,284 - INFO - Test loss   : 0.3309
2024-05-30 09:46:44,284 - INFO - 
Epoch	14
2024-05-30 09:47:02,529 - INFO - [40960/42490]	Loss  : 0.9753
2024-05-30 09:47:03,007 - INFO - Test loss   : 0.3134
2024-05-30 09:47:03,007 - INFO - 
Epoch	15
2024-05-30 09:47:20,017 - INFO - [40960/42490]	Loss  : 0.9585
2024-05-30 09:47:20,355 - INFO - Test loss   : 0.3124
2024-05-30 09:47:20,355 - INFO - 
Epoch	16
2024-05-30 09:47:40,212 - INFO - [40960/42490]	Loss  : 0.9439
2024-05-30 09:47:40,685 - INFO - Test loss   : 0.3107
2024-05-30 09:47:40,686 - INFO - 
Epoch	17
2024-05-30 09:47:58,614 - INFO - [40960/42490]	Loss  : 0.9379
2024-05-30 09:47:59,092 - INFO - Test loss   : 0.3093
2024-05-30 09:47:59,092 - INFO - 
Epoch	18
2024-05-30 09:48:17,414 - INFO - [40960/42490]	Loss  : 0.9286
2024-05-30 09:48:17,892 - INFO - Test loss   : 0.3141
2024-05-30 09:48:17,892 - INFO - 
Epoch	19
2024-05-30 09:48:35,428 - INFO - [40960/42490]	Loss  : 0.9239
2024-05-30 09:48:35,905 - INFO - Test loss   : 0.3016
2024-05-30 09:48:35,905 - INFO - 
Epoch	20
2024-05-30 09:48:52,905 - INFO - [40960/42490]	Loss  : 0.9147
2024-05-30 09:48:53,304 - INFO - Test loss   : 0.3105
2024-05-30 09:48:53,309 - INFO - (980,)
2024-05-30 09:48:53,345 - INFO -  Split ID: 0
2024-05-30 09:48:53,345 - INFO -  Top 1	LocEnc (Epoch 20)acc (%):   2.35
2024-05-30 09:48:53,346 - INFO -  Top 3	LocEnc (Epoch 20)acc (%):   7.04
2024-05-30 09:48:53,346 - INFO -  Top 5	LocEnc (Epoch 20)acc (%):   11.33
2024-05-30 09:48:53,346 - INFO -  Top 10	LocEnc (Epoch 20)acc (%):   20.1
2024-05-30 09:48:53,346 - INFO - 
No prior
2024-05-30 09:48:53,347 - INFO - (2262,)
2024-05-30 09:48:53,396 - INFO -  Split ID: 0
2024-05-30 09:48:53,397 - INFO -  Top 1	(Epoch 20)acc (%):   70.07
2024-05-30 09:48:53,397 - INFO -  Top 3	(Epoch 20)acc (%):   86.6
2024-05-30 09:48:53,397 - INFO -  Top 5	(Epoch 20)acc (%):   90.05
2024-05-30 09:48:53,397 - INFO -  Top 10	(Epoch 20)acc (%):   92.88
2024-05-30 09:48:55,350 - INFO -  Split ID: 0
2024-05-30 09:48:55,350 - INFO -  Top 1	(Epoch 20)acc (%):   77.37
2024-05-30 09:48:55,351 - INFO -  Top 3	(Epoch 20)acc (%):   90.27
2024-05-30 09:48:55,351 - INFO -  Top 5	(Epoch 20)acc (%):   92.88
2024-05-30 09:48:55,351 - INFO -  Top 10	(Epoch 20)acc (%):   95.31
2024-05-30 09:48:55,351 - INFO - 
Epoch	21
2024-05-30 09:49:12,450 - INFO - [40960/42490]	Loss  : 0.9106
2024-05-30 09:49:12,939 - INFO - Test loss   : 0.3063
2024-05-30 09:49:12,939 - INFO - 
Epoch	22
2024-05-30 09:49:32,250 - INFO - [40960/42490]	Loss  : 0.9059
2024-05-30 09:49:32,392 - INFO - Test loss   : 0.3114
2024-05-30 09:49:32,392 - INFO - 
Epoch	23
2024-05-30 09:49:50,686 - INFO - [40960/42490]	Loss  : 0.9013
2024-05-30 09:49:50,879 - INFO - Test loss   : 0.2955
2024-05-30 09:49:50,879 - INFO - 
Epoch	24
2024-05-30 09:50:07,763 - INFO - [40960/42490]	Loss  : 0.8951
2024-05-30 09:50:08,079 - INFO - Test loss   : 0.3268
2024-05-30 09:50:08,079 - INFO - 
Epoch	25
2024-05-30 09:50:24,550 - INFO - [40960/42490]	Loss  : 0.8914
2024-05-30 09:50:25,025 - INFO - Test loss   : 0.3002
2024-05-30 09:50:25,025 - INFO - 
Epoch	26
2024-05-30 09:50:41,425 - INFO - [40960/42490]	Loss  : 0.8880
2024-05-30 09:50:41,894 - INFO - Test loss   : 0.2971
2024-05-30 09:50:41,894 - INFO - 
Epoch	27
2024-05-30 09:51:00,470 - INFO - [40960/42490]	Loss  : 0.8820
2024-05-30 09:51:00,947 - INFO - Test loss   : 0.3045
2024-05-30 09:51:00,948 - INFO - 
Epoch	28
2024-05-30 09:51:18,600 - INFO - [40960/42490]	Loss  : 0.8789
2024-05-30 09:51:19,078 - INFO - Test loss   : 0.3029
2024-05-30 09:51:19,078 - INFO - 
Epoch	29
2024-05-30 09:51:37,453 - INFO - [40960/42490]	Loss  : 0.8772
2024-05-30 09:51:37,931 - INFO - Test loss   : 0.3032
2024-05-30 09:51:37,931 - INFO - 
Epoch	30
2024-05-30 09:51:57,017 - INFO - [40960/42490]	Loss  : 0.8728
2024-05-30 09:51:57,491 - INFO - Test loss   : 0.3011
2024-05-30 09:51:57,497 - INFO - (980,)
2024-05-30 09:51:57,531 - INFO -  Split ID: 0
2024-05-30 09:51:57,532 - INFO -  Top 1	LocEnc (Epoch 30)acc (%):   3.57
2024-05-30 09:51:57,532 - INFO -  Top 3	LocEnc (Epoch 30)acc (%):   8.57
2024-05-30 09:51:57,532 - INFO -  Top 5	LocEnc (Epoch 30)acc (%):   12.86
2024-05-30 09:51:57,532 - INFO -  Top 10	LocEnc (Epoch 30)acc (%):   21.84
2024-05-30 09:51:57,532 - INFO - 
No prior
2024-05-30 09:51:57,533 - INFO - (2262,)
2024-05-30 09:51:57,583 - INFO -  Split ID: 0
2024-05-30 09:51:57,583 - INFO -  Top 1	(Epoch 30)acc (%):   70.07
2024-05-30 09:51:57,583 - INFO -  Top 3	(Epoch 30)acc (%):   86.6
2024-05-30 09:51:57,583 - INFO -  Top 5	(Epoch 30)acc (%):   90.05
2024-05-30 09:51:57,583 - INFO -  Top 10	(Epoch 30)acc (%):   92.88
2024-05-30 09:51:59,584 - INFO -  Split ID: 0
2024-05-30 09:51:59,585 - INFO -  Top 1	(Epoch 30)acc (%):   77.81
2024-05-30 09:51:59,585 - INFO -  Top 3	(Epoch 30)acc (%):   90.72
2024-05-30 09:51:59,585 - INFO -  Top 5	(Epoch 30)acc (%):   92.79
2024-05-30 09:51:59,585 - INFO -  Top 10	(Epoch 30)acc (%):   95.49
2024-05-30 09:51:59,585 - INFO - 
Epoch	31
2024-05-30 09:52:17,309 - INFO - [40960/42490]	Loss  : 0.8724
2024-05-30 09:52:17,750 - INFO - Test loss   : 0.2902
2024-05-30 09:52:17,750 - INFO - 
Epoch	32
2024-05-30 09:52:36,071 - INFO - [40960/42490]	Loss  : 0.8702
2024-05-30 09:52:36,548 - INFO - Test loss   : 0.3013
2024-05-30 09:52:36,548 - INFO - 
Epoch	33
2024-05-30 09:52:54,503 - INFO - [40960/42490]	Loss  : 0.8663
2024-05-30 09:52:54,981 - INFO - Test loss   : 0.3036
2024-05-30 09:52:54,981 - INFO - 
Epoch	34
2024-05-30 09:53:12,352 - INFO - [40960/42490]	Loss  : 0.8638
2024-05-30 09:53:12,823 - INFO - Test loss   : 0.2981
2024-05-30 09:53:12,823 - INFO - 
Epoch	35
2024-05-30 09:53:30,635 - INFO - [40960/42490]	Loss  : 0.8611
2024-05-30 09:53:31,076 - INFO - Test loss   : 0.3036
2024-05-30 09:53:31,076 - INFO - 
Epoch	36
2024-05-30 09:53:48,147 - INFO - [40960/42490]	Loss  : 0.8600
2024-05-30 09:53:48,619 - INFO - Test loss   : 0.2970
2024-05-30 09:53:48,619 - INFO - 
Epoch	37
2024-05-30 09:54:06,467 - INFO - [40960/42490]	Loss  : 0.8580
2024-05-30 09:54:06,953 - INFO - Test loss   : 0.2944
2024-05-30 09:54:06,953 - INFO - 
Epoch	38
2024-05-30 09:54:25,910 - INFO - [40960/42490]	Loss  : 0.8578
2024-05-30 09:54:26,386 - INFO - Test loss   : 0.3065
2024-05-30 09:54:26,387 - INFO - 
Epoch	39
2024-05-30 09:54:42,584 - INFO - [40960/42490]	Loss  : 0.8558
2024-05-30 09:54:42,914 - INFO - Test loss   : 0.3093
2024-05-30 09:54:42,914 - INFO - 
Epoch	40
2024-05-30 09:55:00,185 - INFO - [40960/42490]	Loss  : 0.8527
2024-05-30 09:55:00,439 - INFO - Test loss   : 0.3010
2024-05-30 09:55:00,443 - INFO - (980,)
2024-05-30 09:55:00,478 - INFO -  Split ID: 0
2024-05-30 09:55:00,479 - INFO -  Top 1	LocEnc (Epoch 40)acc (%):   3.57
2024-05-30 09:55:00,479 - INFO -  Top 3	LocEnc (Epoch 40)acc (%):   9.49
2024-05-30 09:55:00,479 - INFO -  Top 5	LocEnc (Epoch 40)acc (%):   13.98
2024-05-30 09:55:00,479 - INFO -  Top 10	LocEnc (Epoch 40)acc (%):   21.22
2024-05-30 09:55:00,480 - INFO - 
No prior
2024-05-30 09:55:00,481 - INFO - (2262,)
2024-05-30 09:55:00,531 - INFO -  Split ID: 0
2024-05-30 09:55:00,531 - INFO -  Top 1	(Epoch 40)acc (%):   70.07
2024-05-30 09:55:00,531 - INFO -  Top 3	(Epoch 40)acc (%):   86.6
2024-05-30 09:55:00,531 - INFO -  Top 5	(Epoch 40)acc (%):   90.05
2024-05-30 09:55:00,531 - INFO -  Top 10	(Epoch 40)acc (%):   92.88
2024-05-30 09:55:02,497 - INFO -  Split ID: 0
2024-05-30 09:55:02,498 - INFO -  Top 1	(Epoch 40)acc (%):   78.12
2024-05-30 09:55:02,498 - INFO -  Top 3	(Epoch 40)acc (%):   90.72
2024-05-30 09:55:02,498 - INFO -  Top 5	(Epoch 40)acc (%):   92.97
2024-05-30 09:55:02,498 - INFO -  Top 10	(Epoch 40)acc (%):   95.53
2024-05-30 09:55:02,498 - INFO - 
Epoch	41
2024-05-30 09:55:20,592 - INFO - [40960/42490]	Loss  : 0.8504
2024-05-30 09:55:20,648 - INFO - Test loss   : 0.2932
2024-05-30 09:55:20,648 - INFO - 
Epoch	42
2024-05-30 09:55:38,785 - INFO - [40960/42490]	Loss  : 0.8517
2024-05-30 09:55:39,264 - INFO - Test loss   : 0.3010
2024-05-30 09:55:39,264 - INFO - 
Epoch	43
2024-05-30 09:55:55,604 - INFO - [40960/42490]	Loss  : 0.8474
2024-05-30 09:55:56,073 - INFO - Test loss   : 0.3009
2024-05-30 09:55:56,073 - INFO - 
Epoch	44
2024-05-30 09:56:13,847 - INFO - [40960/42490]	Loss  : 0.8485
2024-05-30 09:56:14,324 - INFO - Test loss   : 0.3058
2024-05-30 09:56:14,324 - INFO - 
Epoch	45
2024-05-30 09:56:32,533 - INFO - [40960/42490]	Loss  : 0.8459
2024-05-30 09:56:32,580 - INFO - Test loss   : 0.2997
2024-05-30 09:56:32,580 - INFO - 
Epoch	46
2024-05-30 09:56:51,359 - INFO - [40960/42490]	Loss  : 0.8454
2024-05-30 09:56:51,406 - INFO - Test loss   : 0.2869
2024-05-30 09:56:51,406 - INFO - 
Epoch	47
2024-05-30 09:57:09,396 - INFO - [40960/42490]	Loss  : 0.8454
2024-05-30 09:57:09,780 - INFO - Test loss   : 0.3131
2024-05-30 09:57:09,781 - INFO - 
Epoch	48
2024-05-30 09:57:27,729 - INFO - [40960/42490]	Loss  : 0.8410
2024-05-30 09:57:28,201 - INFO - Test loss   : 0.3061
2024-05-30 09:57:28,201 - INFO - 
Epoch	49
2024-05-30 09:57:46,153 - INFO - [40960/42490]	Loss  : 0.8398
2024-05-30 09:57:46,514 - INFO - Test loss   : 0.3052
2024-05-30 09:57:46,514 - INFO - 
Epoch	50
2024-05-30 09:58:02,837 - INFO - [40960/42490]	Loss  : 0.8384
2024-05-30 09:58:02,916 - INFO - Test loss   : 0.2970
2024-05-30 09:58:02,921 - INFO - (980,)
2024-05-30 09:58:02,956 - INFO -  Split ID: 0
2024-05-30 09:58:02,957 - INFO -  Top 1	LocEnc (Epoch 50)acc (%):   3.67
2024-05-30 09:58:02,957 - INFO -  Top 3	LocEnc (Epoch 50)acc (%):   8.67
2024-05-30 09:58:02,957 - INFO -  Top 5	LocEnc (Epoch 50)acc (%):   12.96
2024-05-30 09:58:02,957 - INFO -  Top 10	LocEnc (Epoch 50)acc (%):   22.65
2024-05-30 09:58:02,958 - INFO - 
No prior
2024-05-30 09:58:02,958 - INFO - (2262,)
2024-05-30 09:58:03,014 - INFO -  Split ID: 0
2024-05-30 09:58:03,015 - INFO -  Top 1	(Epoch 50)acc (%):   70.07
2024-05-30 09:58:03,015 - INFO -  Top 3	(Epoch 50)acc (%):   86.6
2024-05-30 09:58:03,015 - INFO -  Top 5	(Epoch 50)acc (%):   90.05
2024-05-30 09:58:03,015 - INFO -  Top 10	(Epoch 50)acc (%):   92.88
2024-05-30 09:58:05,021 - INFO -  Split ID: 0
2024-05-30 09:58:05,021 - INFO -  Top 1	(Epoch 50)acc (%):   78.16
2024-05-30 09:58:05,021 - INFO -  Top 3	(Epoch 50)acc (%):   90.67
2024-05-30 09:58:05,021 - INFO -  Top 5	(Epoch 50)acc (%):   93.02
2024-05-30 09:58:05,021 - INFO -  Top 10	(Epoch 50)acc (%):   95.62
2024-05-30 09:58:05,021 - INFO - 
Epoch	51
2024-05-30 09:58:21,539 - INFO - [40960/42490]	Loss  : 0.8375
2024-05-30 09:58:22,012 - INFO - Test loss   : 0.3068
2024-05-30 09:58:22,012 - INFO - 
Epoch	52
2024-05-30 09:58:39,122 - INFO - [40960/42490]	Loss  : 0.8384
2024-05-30 09:58:39,599 - INFO - Test loss   : 0.3121
2024-05-30 09:58:39,600 - INFO - 
Epoch	53
2024-05-30 09:58:58,738 - INFO - [40960/42490]	Loss  : 0.8346
2024-05-30 09:58:59,210 - INFO - Test loss   : 0.3078
2024-05-30 09:58:59,210 - INFO - 
Epoch	54
2024-05-30 09:59:14,393 - INFO - [40960/42490]	Loss  : 0.8339
2024-05-30 09:59:14,450 - INFO - Test loss   : 0.3099
2024-05-30 09:59:14,450 - INFO - 
Epoch	55
2024-05-30 09:59:16,910 - INFO - [40960/42490]	Loss  : 0.8343
2024-05-30 09:59:16,957 - INFO - Test loss   : 0.3074
2024-05-30 09:59:16,957 - INFO - 
Epoch	56
2024-05-30 09:59:19,377 - INFO - [40960/42490]	Loss  : 0.8322
2024-05-30 09:59:19,424 - INFO - Test loss   : 0.3154
2024-05-30 09:59:19,424 - INFO - 
Epoch	57
2024-05-30 09:59:21,849 - INFO - [40960/42490]	Loss  : 0.8314
2024-05-30 09:59:21,896 - INFO - Test loss   : 0.3169
2024-05-30 09:59:21,896 - INFO - 
Epoch	58
2024-05-30 09:59:24,321 - INFO - [40960/42490]	Loss  : 0.8314
2024-05-30 09:59:24,368 - INFO - Test loss   : 0.3139
2024-05-30 09:59:24,368 - INFO - 
Epoch	59
2024-05-30 09:59:26,789 - INFO - [40960/42490]	Loss  : 0.8287
2024-05-30 09:59:26,836 - INFO - Test loss   : 0.3154
2024-05-30 09:59:26,836 - INFO - 
Epoch	60
2024-05-30 09:59:29,267 - INFO - [40960/42490]	Loss  : 0.8283
2024-05-30 09:59:29,315 - INFO - Test loss   : 0.3184
2024-05-30 09:59:29,320 - INFO - (980,)
2024-05-30 09:59:29,356 - INFO -  Split ID: 0
2024-05-30 09:59:29,356 - INFO -  Top 1	LocEnc (Epoch 60)acc (%):   4.49
2024-05-30 09:59:29,357 - INFO -  Top 3	LocEnc (Epoch 60)acc (%):   9.69
2024-05-30 09:59:29,357 - INFO -  Top 5	LocEnc (Epoch 60)acc (%):   14.39
2024-05-30 09:59:29,357 - INFO -  Top 10	LocEnc (Epoch 60)acc (%):   21.22
2024-05-30 09:59:29,357 - INFO - 
No prior
2024-05-30 09:59:29,358 - INFO - (2262,)
2024-05-30 09:59:29,409 - INFO -  Split ID: 0
2024-05-30 09:59:29,409 - INFO -  Top 1	(Epoch 60)acc (%):   70.07
2024-05-30 09:59:29,409 - INFO -  Top 3	(Epoch 60)acc (%):   86.6
2024-05-30 09:59:29,409 - INFO -  Top 5	(Epoch 60)acc (%):   90.05
2024-05-30 09:59:29,409 - INFO -  Top 10	(Epoch 60)acc (%):   92.88
2024-05-30 09:59:30,758 - INFO -  Split ID: 0
2024-05-30 09:59:30,758 - INFO -  Top 1	(Epoch 60)acc (%):   78.34
2024-05-30 09:59:30,758 - INFO -  Top 3	(Epoch 60)acc (%):   90.94
2024-05-30 09:59:30,758 - INFO -  Top 5	(Epoch 60)acc (%):   92.88
2024-05-30 09:59:30,758 - INFO -  Top 10	(Epoch 60)acc (%):   95.58
2024-05-30 09:59:30,758 - INFO - 
Epoch	61
2024-05-30 09:59:33,186 - INFO - [40960/42490]	Loss  : 0.8295
2024-05-30 09:59:33,233 - INFO - Test loss   : 0.3185
2024-05-30 09:59:33,233 - INFO - 
Epoch	62
2024-05-30 09:59:35,670 - INFO - [40960/42490]	Loss  : 0.8273
2024-05-30 09:59:35,717 - INFO - Test loss   : 0.3107
2024-05-30 09:59:35,717 - INFO - 
Epoch	63
2024-05-30 09:59:38,146 - INFO - [40960/42490]	Loss  : 0.8255
2024-05-30 09:59:38,193 - INFO - Test loss   : 0.3066
2024-05-30 09:59:38,193 - INFO - 
Epoch	64
2024-05-30 09:59:40,647 - INFO - [40960/42490]	Loss  : 0.8262
2024-05-30 09:59:40,694 - INFO - Test loss   : 0.3071
2024-05-30 09:59:40,695 - INFO - 
Epoch	65
2024-05-30 09:59:43,167 - INFO - [40960/42490]	Loss  : 0.8233
2024-05-30 09:59:43,215 - INFO - Test loss   : 0.3104
2024-05-30 09:59:43,215 - INFO - 
Epoch	66
2024-05-30 09:59:45,679 - INFO - [40960/42490]	Loss  : 0.8250
2024-05-30 09:59:45,727 - INFO - Test loss   : 0.3081
2024-05-30 09:59:45,727 - INFO - 
Epoch	67
2024-05-30 09:59:48,204 - INFO - [40960/42490]	Loss  : 0.8219
2024-05-30 09:59:48,251 - INFO - Test loss   : 0.3194
2024-05-30 09:59:48,252 - INFO - 
Epoch	68
2024-05-30 09:59:50,712 - INFO - [40960/42490]	Loss  : 0.8226
2024-05-30 09:59:50,761 - INFO - Test loss   : 0.2966
2024-05-30 09:59:50,761 - INFO - 
Epoch	69
2024-05-30 09:59:53,229 - INFO - [40960/42490]	Loss  : 0.8219
2024-05-30 09:59:53,276 - INFO - Test loss   : 0.3077
2024-05-30 09:59:53,276 - INFO - 
Epoch	70
2024-05-30 09:59:55,759 - INFO - [40960/42490]	Loss  : 0.8214
2024-05-30 09:59:55,806 - INFO - Test loss   : 0.3064
2024-05-30 09:59:55,810 - INFO - (980,)
2024-05-30 09:59:55,846 - INFO -  Split ID: 0
2024-05-30 09:59:55,847 - INFO -  Top 1	LocEnc (Epoch 70)acc (%):   3.88
2024-05-30 09:59:55,847 - INFO -  Top 3	LocEnc (Epoch 70)acc (%):   9.8
2024-05-30 09:59:55,847 - INFO -  Top 5	LocEnc (Epoch 70)acc (%):   13.88
2024-05-30 09:59:55,847 - INFO -  Top 10	LocEnc (Epoch 70)acc (%):   21.33
2024-05-30 09:59:55,847 - INFO - 
No prior
2024-05-30 09:59:55,848 - INFO - (2262,)
2024-05-30 09:59:55,898 - INFO -  Split ID: 0
2024-05-30 09:59:55,898 - INFO -  Top 1	(Epoch 70)acc (%):   70.07
2024-05-30 09:59:55,898 - INFO -  Top 3	(Epoch 70)acc (%):   86.6
2024-05-30 09:59:55,898 - INFO -  Top 5	(Epoch 70)acc (%):   90.05
2024-05-30 09:59:55,898 - INFO -  Top 10	(Epoch 70)acc (%):   92.88
2024-05-30 09:59:57,253 - INFO -  Split ID: 0
2024-05-30 09:59:57,253 - INFO -  Top 1	(Epoch 70)acc (%):   78.51
2024-05-30 09:59:57,253 - INFO -  Top 3	(Epoch 70)acc (%):   90.89
2024-05-30 09:59:57,253 - INFO -  Top 5	(Epoch 70)acc (%):   92.97
2024-05-30 09:59:57,253 - INFO -  Top 10	(Epoch 70)acc (%):   95.58
2024-05-30 09:59:57,253 - INFO - 
Epoch	71
2024-05-30 09:59:59,683 - INFO - [40960/42490]	Loss  : 0.8186
2024-05-30 09:59:59,730 - INFO - Test loss   : 0.3178
2024-05-30 09:59:59,731 - INFO - 
Epoch	72
2024-05-30 10:00:02,213 - INFO - [40960/42490]	Loss  : 0.8191
2024-05-30 10:00:02,260 - INFO - Test loss   : 0.2958
2024-05-30 10:00:02,260 - INFO - 
Epoch	73
2024-05-30 10:00:04,688 - INFO - [40960/42490]	Loss  : 0.8191
2024-05-30 10:00:04,736 - INFO - Test loss   : 0.3110
2024-05-30 10:00:04,736 - INFO - 
Epoch	74
2024-05-30 10:00:07,172 - INFO - [40960/42490]	Loss  : 0.8186
2024-05-30 10:00:07,219 - INFO - Test loss   : 0.3149
2024-05-30 10:00:07,219 - INFO - 
Epoch	75
2024-05-30 10:00:09,694 - INFO - [40960/42490]	Loss  : 0.8171
2024-05-30 10:00:09,741 - INFO - Test loss   : 0.3120
2024-05-30 10:00:09,741 - INFO - 
Epoch	76
2024-05-30 10:00:12,192 - INFO - [40960/42490]	Loss  : 0.8171
2024-05-30 10:00:12,239 - INFO - Test loss   : 0.3063
2024-05-30 10:00:12,239 - INFO - 
Epoch	77
2024-05-30 10:00:14,669 - INFO - [40960/42490]	Loss  : 0.8176
2024-05-30 10:00:14,716 - INFO - Test loss   : 0.3075
2024-05-30 10:00:14,716 - INFO - 
Epoch	78
2024-05-30 10:00:17,161 - INFO - [40960/42490]	Loss  : 0.8151
2024-05-30 10:00:17,208 - INFO - Test loss   : 0.3074
2024-05-30 10:00:17,208 - INFO - 
Epoch	79
2024-05-30 10:00:19,637 - INFO - [40960/42490]	Loss  : 0.8151
2024-05-30 10:00:19,694 - INFO - Test loss   : 0.3223
2024-05-30 10:00:19,694 - INFO - 
Epoch	80
2024-05-30 10:00:25,369 - INFO - [40960/42490]	Loss  : 0.8151
2024-05-30 10:00:25,560 - INFO - Test loss   : 0.3187
2024-05-30 10:00:25,565 - INFO - (980,)
2024-05-30 10:00:25,601 - INFO -  Split ID: 0
2024-05-30 10:00:25,601 - INFO -  Top 1	LocEnc (Epoch 80)acc (%):   4.29
2024-05-30 10:00:25,602 - INFO -  Top 3	LocEnc (Epoch 80)acc (%):   9.69
2024-05-30 10:00:25,602 - INFO -  Top 5	LocEnc (Epoch 80)acc (%):   13.67
2024-05-30 10:00:25,602 - INFO -  Top 10	LocEnc (Epoch 80)acc (%):   21.94
2024-05-30 10:00:25,602 - INFO - 
No prior
2024-05-30 10:00:25,603 - INFO - (2262,)
2024-05-30 10:00:25,653 - INFO -  Split ID: 0
2024-05-30 10:00:25,653 - INFO -  Top 1	(Epoch 80)acc (%):   70.07
2024-05-30 10:00:25,653 - INFO -  Top 3	(Epoch 80)acc (%):   86.6
2024-05-30 10:00:25,653 - INFO -  Top 5	(Epoch 80)acc (%):   90.05
2024-05-30 10:00:25,654 - INFO -  Top 10	(Epoch 80)acc (%):   92.88
2024-05-30 10:00:27,710 - INFO -  Split ID: 0
2024-05-30 10:00:27,710 - INFO -  Top 1	(Epoch 80)acc (%):   78.69
2024-05-30 10:00:27,710 - INFO -  Top 3	(Epoch 80)acc (%):   90.98
2024-05-30 10:00:27,710 - INFO -  Top 5	(Epoch 80)acc (%):   93.1
2024-05-30 10:00:27,710 - INFO -  Top 10	(Epoch 80)acc (%):   95.62
2024-05-30 10:00:27,710 - INFO - 
Epoch	81
2024-05-30 10:00:36,224 - INFO - [40960/42490]	Loss  : 0.8143
2024-05-30 10:00:36,406 - INFO - Test loss   : 0.3151
2024-05-30 10:00:36,406 - INFO - 
Epoch	82
2024-05-30 10:00:44,937 - INFO - [40960/42490]	Loss  : 0.8136
2024-05-30 10:00:45,126 - INFO - Test loss   : 0.3277
2024-05-30 10:00:45,126 - INFO - 
Epoch	83
2024-05-30 10:00:53,695 - INFO - [40960/42490]	Loss  : 0.8156
2024-05-30 10:00:53,890 - INFO - Test loss   : 0.3103
2024-05-30 10:00:53,890 - INFO - 
Epoch	84
2024-05-30 10:01:02,456 - INFO - [40960/42490]	Loss  : 0.8136
2024-05-30 10:01:02,645 - INFO - Test loss   : 0.3187
2024-05-30 10:01:02,645 - INFO - 
Epoch	85
2024-05-30 10:01:11,222 - INFO - [40960/42490]	Loss  : 0.8113
2024-05-30 10:01:11,414 - INFO - Test loss   : 0.3206
2024-05-30 10:01:11,414 - INFO - 
Epoch	86
2024-05-30 10:01:19,910 - INFO - [40960/42490]	Loss  : 0.8103
2024-05-30 10:01:20,100 - INFO - Test loss   : 0.3206
2024-05-30 10:01:20,100 - INFO - 
Epoch	87
2024-05-30 10:01:28,661 - INFO - [40960/42490]	Loss  : 0.8101
2024-05-30 10:01:28,854 - INFO - Test loss   : 0.3204
2024-05-30 10:01:28,854 - INFO - 
Epoch	88
2024-05-30 10:01:41,386 - INFO - [40960/42490]	Loss  : 0.8098
2024-05-30 10:01:41,855 - INFO - Test loss   : 0.3255
2024-05-30 10:01:41,855 - INFO - 
Epoch	89
2024-05-30 10:01:59,205 - INFO - [40960/42490]	Loss  : 0.8080
2024-05-30 10:01:59,678 - INFO - Test loss   : 0.3189
2024-05-30 10:01:59,678 - INFO - 
Epoch	90
2024-05-30 10:02:17,423 - INFO - [40960/42490]	Loss  : 0.8091
2024-05-30 10:02:17,902 - INFO - Test loss   : 0.3236
2024-05-30 10:02:17,909 - INFO - (980,)
2024-05-30 10:02:17,946 - INFO -  Split ID: 0
2024-05-30 10:02:17,946 - INFO -  Top 1	LocEnc (Epoch 90)acc (%):   3.67
2024-05-30 10:02:17,946 - INFO -  Top 3	LocEnc (Epoch 90)acc (%):   8.78
2024-05-30 10:02:17,947 - INFO -  Top 5	LocEnc (Epoch 90)acc (%):   12.55
2024-05-30 10:02:17,947 - INFO -  Top 10	LocEnc (Epoch 90)acc (%):   19.9
2024-05-30 10:02:17,947 - INFO - 
No prior
2024-05-30 10:02:17,948 - INFO - (2262,)
2024-05-30 10:02:17,999 - INFO -  Split ID: 0
2024-05-30 10:02:17,999 - INFO -  Top 1	(Epoch 90)acc (%):   70.07
2024-05-30 10:02:17,999 - INFO -  Top 3	(Epoch 90)acc (%):   86.6
2024-05-30 10:02:18,000 - INFO -  Top 5	(Epoch 90)acc (%):   90.05
2024-05-30 10:02:18,000 - INFO -  Top 10	(Epoch 90)acc (%):   92.88
2024-05-30 10:02:19,951 - INFO -  Split ID: 0
2024-05-30 10:02:19,951 - INFO -  Top 1	(Epoch 90)acc (%):   78.34
2024-05-30 10:02:19,952 - INFO -  Top 3	(Epoch 90)acc (%):   91.03
2024-05-30 10:02:19,952 - INFO -  Top 5	(Epoch 90)acc (%):   93.06
2024-05-30 10:02:19,952 - INFO -  Top 10	(Epoch 90)acc (%):   95.62
2024-05-30 10:02:19,952 - INFO - 
Epoch	91
2024-05-30 10:02:36,856 - INFO - [40960/42490]	Loss  : 0.8102
2024-05-30 10:02:37,331 - INFO - Test loss   : 0.3148
2024-05-30 10:02:37,331 - INFO - 
Epoch	92
2024-05-30 10:02:54,788 - INFO - [40960/42490]	Loss  : 0.8083
2024-05-30 10:02:55,261 - INFO - Test loss   : 0.3154
2024-05-30 10:02:55,261 - INFO - 
Epoch	93
2024-05-30 10:03:13,180 - INFO - [40960/42490]	Loss  : 0.8072
2024-05-30 10:03:13,655 - INFO - Test loss   : 0.3198
2024-05-30 10:03:13,655 - INFO - 
Epoch	94
2024-05-30 10:03:31,453 - INFO - [40960/42490]	Loss  : 0.8060
2024-05-30 10:03:31,930 - INFO - Test loss   : 0.3295
2024-05-30 10:03:31,930 - INFO - 
Epoch	95
2024-05-30 10:03:51,097 - INFO - [40960/42490]	Loss  : 0.8070
2024-05-30 10:03:51,575 - INFO - Test loss   : 0.3224
2024-05-30 10:03:51,575 - INFO - 
Epoch	96
2024-05-30 10:04:10,769 - INFO - [40960/42490]	Loss  : 0.8070
2024-05-30 10:04:11,241 - INFO - Test loss   : 0.3229
2024-05-30 10:04:11,241 - INFO - 
Epoch	97
2024-05-30 10:04:29,904 - INFO - [40960/42490]	Loss  : 0.8061
2024-05-30 10:04:30,382 - INFO - Test loss   : 0.3124
2024-05-30 10:04:30,382 - INFO - 
Epoch	98
2024-05-30 10:04:49,243 - INFO - [40960/42490]	Loss  : 0.8054
2024-05-30 10:04:49,720 - INFO - Test loss   : 0.3345
2024-05-30 10:04:49,720 - INFO - 
Epoch	99
2024-05-30 10:05:08,173 - INFO - [40960/42490]	Loss  : 0.8067
2024-05-30 10:05:08,643 - INFO - Test loss   : 0.3203
2024-05-30 10:05:08,643 - INFO - Saving output model to ../models/sphere2vec_dfs/model_birdsnap_ebird_meta_Sphere2Vec-dfs_inception_v3_0.0100_8_0.1000000_1.000_3_512_BATCH4096_leakyrelu.pth.tar
2024-05-30 10:05:08,670 - INFO - Saving output model to ../models/sphere2vec_dfs/model_birdsnap_ebird_meta_Sphere2Vec-dfs_inception_v3_0.0100_8_0.1000000_1.000_3_512_BATCH4096_leakyrelu.pth.tar
2024-05-30 10:05:08,756 - INFO - 
No prior
2024-05-30 10:05:08,757 - INFO - (2262,)
2024-05-30 10:05:08,809 - INFO -  Split ID: 0
2024-05-30 10:05:08,809 - INFO -  Top 1	acc (%):   70.07
2024-05-30 10:05:08,809 - INFO -  Top 3	acc (%):   86.6
2024-05-30 10:05:08,809 - INFO -  Top 5	acc (%):   90.05
2024-05-30 10:05:08,809 - INFO -  Top 10	acc (%):   92.88
2024-05-30 10:05:10,810 - INFO -  Split ID: 0
2024-05-30 10:05:10,810 - INFO -  Top 1	acc (%):   78.69
2024-05-30 10:05:10,810 - INFO -  Top 3	acc (%):   91.11
2024-05-30 10:05:10,810 - INFO -  Top 5	acc (%):   93.1
2024-05-30 10:05:10,810 - INFO -  Top 10	acc (%):   95.62
2024-05-30 10:05:10,810 - INFO - 
Sphere2Vec-dfs
2024-05-30 10:05:10,810 - INFO -  Model :	model_birdsnap_ebird_meta_Sphere2Vec-dfs_inception_v3_0.0100_8_0.1000000_1.000_3_512_BATCH4096_leakyrelu.pth.tar
2024-05-30 10:05:10,830 - INFO - (980,)
2024-05-30 10:05:10,863 - INFO -  Split ID: 0
2024-05-30 10:05:10,863 - INFO -  Top 1	LocEnc acc (%):   3.78
2024-05-30 10:05:10,863 - INFO -  Top 3	LocEnc acc (%):   9.29
2024-05-30 10:05:10,863 - INFO -  Top 5	LocEnc acc (%):   13.57
2024-05-30 10:05:10,863 - INFO -  Top 10	LocEnc acc (%):   21.73
2024-05-31 03:57:08,166 - INFO - 
num_classes	500
2024-05-31 03:57:08,166 - INFO - num train    	42490
2024-05-31 03:57:08,166 - INFO - num val      	980
2024-05-31 03:57:08,166 - INFO - train loss   	full_loss
2024-05-31 03:57:08,166 - INFO - model name   	../models/sphere2vec_dfs/model_birdsnap_ebird_meta_Sphere2Vec-dfs_inception_v3_0.0100_8_0.1000000_1.000_3_512_BATCH4096_leakyrelu.pth.tar
2024-05-31 03:57:08,166 - INFO - num users    	5763
2024-05-31 03:57:08,166 - INFO - meta data    	ebird_meta
2024-05-31 03:57:08,996 - INFO - 
Only Sphere2Vec-dfs
2024-05-31 03:57:08,996 - INFO -  Model :	model_birdsnap_ebird_meta_Sphere2Vec-dfs_inception_v3_0.0100_8_0.1000000_1.000_3_512_BATCH4096_leakyrelu.pth.tar
2024-05-31 03:57:09,011 - INFO - Saving output model to ../models/sphere2vec_dfs/model_birdsnap_ebird_meta_Sphere2Vec-dfs_inception_v3_0.0100_8_0.1000000_1.000_3_512_BATCH4096_leakyrelu.pth.tar
2024-05-31 03:57:09,142 - INFO - Saving output model to ../models/sphere2vec_dfs/model_birdsnap_ebird_meta_Sphere2Vec-dfs_inception_v3_0.0100_8_0.1000000_1.000_3_512_BATCH4096_leakyrelu.pth.tar
2024-05-31 03:57:09,270 - INFO - 
No prior
2024-05-31 03:57:09,273 - INFO - (2262,)
2024-05-31 03:57:09,407 - INFO - Save results to ../eval_results/eval_birdsnap_ebird_meta_test_no_prior.csv
2024-05-31 03:57:09,407 - INFO -  Split ID: 0
2024-05-31 03:57:09,407 - INFO -  Top 1	acc (%):   70.07
2024-05-31 03:57:09,407 - INFO -  Top 3	acc (%):   86.6
2024-05-31 03:57:09,407 - INFO -  Top 5	acc (%):   90.05
2024-05-31 03:57:09,407 - INFO -  Top 10	acc (%):   92.88
2024-05-31 03:57:11,355 - INFO -  Split ID: 0
2024-05-31 03:57:11,355 - INFO -  Top 1	hit (%):   78.69
2024-05-31 03:57:11,356 - INFO -  Top 3	hit (%):   91.11
2024-05-31 03:57:11,356 - INFO -  Top 5	hit (%):   93.1
2024-05-31 03:57:11,356 - INFO -  Top 10	hit (%):   95.62
2024-05-31 03:57:11,356 - INFO - 
Only Sphere2Vec-dfs
2024-05-31 03:57:11,356 - INFO -  Model :	model_birdsnap_ebird_meta_Sphere2Vec-dfs_inception_v3_0.0100_8_0.1000000_1.000_3_512_BATCH4096_leakyrelu.pth.tar
2024-05-31 03:57:11,406 - INFO - (980,)
2024-05-31 03:57:11,446 - INFO -  Split ID: 0
2024-05-31 03:57:11,446 - INFO -  Top 1	LocEnc acc (%):   3.78
2024-05-31 03:57:11,447 - INFO -  Top 3	LocEnc acc (%):   9.29
2024-05-31 03:57:11,447 - INFO -  Top 5	LocEnc acc (%):   13.57
2024-05-31 03:57:11,447 - INFO -  Top 10	LocEnc acc (%):   21.73
