2024-05-30 09:41:39,097 - INFO - 
num_classes	62
2024-05-30 09:41:39,098 - INFO - num train    	363571
2024-05-30 09:41:39,098 - INFO - num val      	53041
2024-05-30 09:41:39,098 - INFO - train loss   	full_loss
2024-05-30 09:41:39,098 - INFO - model name   	../models/sphere2vec_dfs/model_fmow_Sphere2Vec-dfs_inception_v3_0.0100_64_0.0100000_1.000_1_512_BATCH8192_leakyrelu.pth.tar
2024-05-30 09:41:39,098 - INFO - num users    	1
2024-05-30 09:41:40,060 - INFO - 
Epoch	0
2024-05-30 09:41:41,694 - INFO - [0/363571]	Loss  : 2.2202
2024-05-30 09:41:47,519 - INFO - Test loss   : 1.1618
2024-05-30 09:41:47,520 - INFO - 
Epoch	1
2024-05-30 09:41:48,696 - INFO - [0/363571]	Loss  : 1.9837
2024-05-30 09:41:54,516 - INFO - Test loss   : 1.2002
2024-05-30 09:41:54,516 - INFO - 
Epoch	2
2024-05-30 09:41:55,587 - INFO - [0/363571]	Loss  : 2.0065
2024-05-30 09:42:01,442 - INFO - Test loss   : 1.1506
2024-05-30 09:42:01,443 - INFO - 
Epoch	3
2024-05-30 09:42:02,531 - INFO - [0/363571]	Loss  : 1.8848
2024-05-30 09:42:08,380 - INFO - Test loss   : 1.0695
2024-05-30 09:42:08,380 - INFO - 
Epoch	4
2024-05-30 09:42:09,446 - INFO - [0/363571]	Loss  : 1.8615
2024-05-30 09:42:15,303 - INFO - Test loss   : 0.7848
2024-05-30 09:42:15,303 - INFO - 
Epoch	5
2024-05-30 09:42:16,379 - INFO - [0/363571]	Loss  : 1.7937
2024-05-30 09:42:22,186 - INFO - Test loss   : 0.8559
2024-05-30 09:42:22,186 - INFO - 
Epoch	6
2024-05-30 09:42:23,339 - INFO - [0/363571]	Loss  : 1.8163
2024-05-30 09:42:29,213 - INFO - Test loss   : 0.8351
2024-05-30 09:42:29,213 - INFO - 
Epoch	7
2024-05-30 09:42:30,286 - INFO - [0/363571]	Loss  : 1.7729
2024-05-30 09:42:36,115 - INFO - Test loss   : 0.8415
2024-05-30 09:42:36,115 - INFO - 
Epoch	8
2024-05-30 09:42:37,275 - INFO - [0/363571]	Loss  : 1.7584
2024-05-30 09:42:43,070 - INFO - Test loss   : 0.9101
2024-05-30 09:42:43,070 - INFO - 
Epoch	9
2024-05-30 09:42:44,140 - INFO - [0/363571]	Loss  : 1.7663
2024-05-30 09:42:49,935 - INFO - Test loss   : 0.8974
2024-05-30 09:42:49,935 - INFO - 
Epoch	10
2024-05-30 09:42:51,097 - INFO - [0/363571]	Loss  : 1.7402
2024-05-30 09:42:56,954 - INFO - Test loss   : 0.8509
2024-05-30 09:43:00,849 - INFO - (53041,)
2024-05-30 09:43:00,983 - INFO -  Split ID: 0
2024-05-30 09:43:01,003 - INFO -  Top 1	LocEnc (Epoch 10)acc (%):   6.96
2024-05-30 09:43:01,005 - INFO -  Top 3	LocEnc (Epoch 10)acc (%):   15.86
2024-05-30 09:43:01,007 - INFO -  Top 5	LocEnc (Epoch 10)acc (%):   28.89
2024-05-30 09:43:01,008 - INFO -  Top 10	LocEnc (Epoch 10)acc (%):   40.33
2024-05-30 09:43:01,015 - INFO - 
No prior
2024-05-30 09:43:01,020 - INFO - (53041,)
2024-05-30 09:43:01,173 - INFO -  Split ID: 0
2024-05-30 09:43:01,173 - INFO -  Top 1	(Epoch 10)acc (%):   69.83
2024-05-30 09:43:01,173 - INFO -  Top 3	(Epoch 10)acc (%):   84.61
2024-05-30 09:43:01,173 - INFO -  Top 5	(Epoch 10)acc (%):   89.23
2024-05-30 09:43:01,173 - INFO -  Top 10	(Epoch 10)acc (%):   94.29
2024-05-30 09:43:24,793 - INFO -  Split ID: 0
2024-05-30 09:43:24,793 - INFO -  Top 1	(Epoch 10)acc (%):   70.05
2024-05-30 09:43:24,793 - INFO -  Top 3	(Epoch 10)acc (%):   84.87
2024-05-30 09:43:24,793 - INFO -  Top 5	(Epoch 10)acc (%):   89.43
2024-05-30 09:43:24,793 - INFO -  Top 10	(Epoch 10)acc (%):   94.46
2024-05-30 09:43:24,797 - INFO - 
Epoch	11
2024-05-30 09:43:25,904 - INFO - [0/363571]	Loss  : 1.7355
2024-05-30 09:43:31,758 - INFO - Test loss   : 0.8121
2024-05-30 09:43:31,758 - INFO - 
Epoch	12
2024-05-30 09:43:32,858 - INFO - [0/363571]	Loss  : 1.7328
2024-05-30 09:43:38,816 - INFO - Test loss   : 0.8098
2024-05-30 09:43:38,816 - INFO - 
Epoch	13
2024-05-30 09:43:39,904 - INFO - [0/363571]	Loss  : 1.6964
2024-05-30 09:43:45,760 - INFO - Test loss   : 0.8468
2024-05-30 09:43:45,760 - INFO - 
Epoch	14
2024-05-30 09:43:46,851 - INFO - [0/363571]	Loss  : 1.7050
2024-05-30 09:43:52,708 - INFO - Test loss   : 0.8936
2024-05-30 09:43:52,708 - INFO - 
Epoch	15
2024-05-30 09:43:53,872 - INFO - [0/363571]	Loss  : 1.6987
2024-05-30 09:43:59,728 - INFO - Test loss   : 0.8845
2024-05-30 09:43:59,728 - INFO - 
Epoch	16
2024-05-30 09:44:00,811 - INFO - [0/363571]	Loss  : 1.6838
2024-05-30 09:44:06,660 - INFO - Test loss   : 0.8714
2024-05-30 09:44:06,660 - INFO - 
Epoch	17
2024-05-30 09:44:07,823 - INFO - [0/363571]	Loss  : 1.6772
2024-05-30 09:44:13,671 - INFO - Test loss   : 0.8738
2024-05-30 09:44:13,672 - INFO - 
Epoch	18
2024-05-30 09:44:14,750 - INFO - [0/363571]	Loss  : 1.6710
2024-05-30 09:44:20,623 - INFO - Test loss   : 0.8650
2024-05-30 09:44:20,623 - INFO - 
Epoch	19
2024-05-30 09:44:21,708 - INFO - [0/363571]	Loss  : 1.6677
2024-05-30 09:44:27,652 - INFO - Test loss   : 0.8414
2024-05-30 09:44:27,652 - INFO - 
Epoch	20
2024-05-30 09:44:28,741 - INFO - [0/363571]	Loss  : 1.6551
2024-05-30 09:44:34,610 - INFO - Test loss   : 0.8431
2024-05-30 09:44:38,575 - INFO - (53041,)
2024-05-30 09:44:38,715 - INFO -  Split ID: 0
2024-05-30 09:44:38,736 - INFO -  Top 1	LocEnc (Epoch 20)acc (%):   7.96
2024-05-30 09:44:38,738 - INFO -  Top 3	LocEnc (Epoch 20)acc (%):   20.31
2024-05-30 09:44:38,739 - INFO -  Top 5	LocEnc (Epoch 20)acc (%):   26.68
2024-05-30 09:44:38,741 - INFO -  Top 10	LocEnc (Epoch 20)acc (%):   38.97
2024-05-30 09:44:38,752 - INFO - 
No prior
2024-05-30 09:44:38,760 - INFO - (53041,)
2024-05-30 09:44:38,913 - INFO -  Split ID: 0
2024-05-30 09:44:38,913 - INFO -  Top 1	(Epoch 20)acc (%):   69.83
2024-05-30 09:44:38,915 - INFO -  Top 3	(Epoch 20)acc (%):   84.61
2024-05-30 09:44:38,915 - INFO -  Top 5	(Epoch 20)acc (%):   89.23
2024-05-30 09:44:38,915 - INFO -  Top 10	(Epoch 20)acc (%):   94.29
2024-05-30 09:45:02,624 - INFO -  Split ID: 0
2024-05-30 09:45:02,624 - INFO -  Top 1	(Epoch 20)acc (%):   70.11
2024-05-30 09:45:02,624 - INFO -  Top 3	(Epoch 20)acc (%):   84.82
2024-05-30 09:45:02,624 - INFO -  Top 5	(Epoch 20)acc (%):   89.48
2024-05-30 09:45:02,624 - INFO -  Top 10	(Epoch 20)acc (%):   94.44
2024-05-30 09:45:02,626 - INFO - 
Epoch	21
2024-05-30 09:45:03,708 - INFO - [0/363571]	Loss  : 1.6515
2024-05-30 09:45:09,576 - INFO - Test loss   : 0.8552
2024-05-30 09:45:09,576 - INFO - 
Epoch	22
2024-05-30 09:45:10,740 - INFO - [0/363571]	Loss  : 1.6543
2024-05-30 09:45:16,584 - INFO - Test loss   : 0.8654
2024-05-30 09:45:16,584 - INFO - 
Epoch	23
2024-05-30 09:45:17,673 - INFO - [0/363571]	Loss  : 1.6428
2024-05-30 09:45:23,509 - INFO - Test loss   : 0.8533
2024-05-30 09:45:23,509 - INFO - 
Epoch	24
2024-05-30 09:45:24,676 - INFO - [0/363571]	Loss  : 1.6414
2024-05-30 09:45:30,448 - INFO - Test loss   : 0.8360
2024-05-30 09:45:30,448 - INFO - 
Epoch	25
2024-05-30 09:45:31,515 - INFO - [0/363571]	Loss  : 1.6421
2024-05-30 09:45:37,283 - INFO - Test loss   : 0.8263
2024-05-30 09:45:37,283 - INFO - 
Epoch	26
2024-05-30 09:45:38,435 - INFO - [0/363571]	Loss  : 1.6307
2024-05-30 09:45:44,212 - INFO - Test loss   : 0.8310
2024-05-30 09:45:44,212 - INFO - 
Epoch	27
2024-05-30 09:45:45,278 - INFO - [0/363571]	Loss  : 1.6264
2024-05-30 09:45:51,045 - INFO - Test loss   : 0.8475
2024-05-30 09:45:51,045 - INFO - 
Epoch	28
2024-05-30 09:45:52,113 - INFO - [0/363571]	Loss  : 1.6296
2024-05-30 09:45:57,972 - INFO - Test loss   : 0.8536
2024-05-30 09:45:57,972 - INFO - 
Epoch	29
2024-05-30 09:45:59,044 - INFO - [0/363571]	Loss  : 1.6304
2024-05-30 09:46:04,826 - INFO - Test loss   : 0.8350
2024-05-30 09:46:04,826 - INFO - 
Epoch	30
2024-05-30 09:46:05,893 - INFO - [0/363571]	Loss  : 1.6129
2024-05-30 09:46:11,672 - INFO - Test loss   : 0.8234
2024-05-30 09:46:15,541 - INFO - (53041,)
2024-05-30 09:46:15,678 - INFO -  Split ID: 0
2024-05-30 09:46:15,699 - INFO -  Top 1	LocEnc (Epoch 30)acc (%):   7.19
2024-05-30 09:46:15,701 - INFO -  Top 3	LocEnc (Epoch 30)acc (%):   18.18
2024-05-30 09:46:15,702 - INFO -  Top 5	LocEnc (Epoch 30)acc (%):   26.87
2024-05-30 09:46:15,704 - INFO -  Top 10	LocEnc (Epoch 30)acc (%):   39.38
2024-05-30 09:46:15,715 - INFO - 
No prior
2024-05-30 09:46:15,724 - INFO - (53041,)
2024-05-30 09:46:15,875 - INFO -  Split ID: 0
2024-05-30 09:46:15,875 - INFO -  Top 1	(Epoch 30)acc (%):   69.83
2024-05-30 09:46:15,876 - INFO -  Top 3	(Epoch 30)acc (%):   84.61
2024-05-30 09:46:15,876 - INFO -  Top 5	(Epoch 30)acc (%):   89.23
2024-05-30 09:46:15,876 - INFO -  Top 10	(Epoch 30)acc (%):   94.29
2024-05-30 09:46:39,720 - INFO -  Split ID: 0
2024-05-30 09:46:39,721 - INFO -  Top 1	(Epoch 30)acc (%):   70.16
2024-05-30 09:46:39,721 - INFO -  Top 3	(Epoch 30)acc (%):   84.89
2024-05-30 09:46:39,721 - INFO -  Top 5	(Epoch 30)acc (%):   89.5
2024-05-30 09:46:39,721 - INFO -  Top 10	(Epoch 30)acc (%):   94.46
2024-05-30 09:46:39,723 - INFO - 
Epoch	31
2024-05-30 09:46:40,874 - INFO - [0/363571]	Loss  : 1.6245
2024-05-30 09:46:46,654 - INFO - Test loss   : 0.8237
2024-05-30 09:46:46,654 - INFO - 
Epoch	32
2024-05-30 09:46:47,733 - INFO - [0/363571]	Loss  : 1.6182
2024-05-30 09:46:53,490 - INFO - Test loss   : 0.8276
2024-05-30 09:46:53,490 - INFO - 
Epoch	33
2024-05-30 09:46:54,636 - INFO - [0/363571]	Loss  : 1.6062
2024-05-30 09:47:00,494 - INFO - Test loss   : 0.8319
2024-05-30 09:47:00,494 - INFO - 
Epoch	34
2024-05-30 09:47:01,581 - INFO - [0/363571]	Loss  : 1.6021
2024-05-30 09:47:07,451 - INFO - Test loss   : 0.8303
2024-05-30 09:47:07,451 - INFO - 
Epoch	35
2024-05-30 09:47:08,532 - INFO - [0/363571]	Loss  : 1.5951
2024-05-30 09:47:14,442 - INFO - Test loss   : 0.8302
2024-05-30 09:47:14,443 - INFO - 
Epoch	36
2024-05-30 09:47:15,522 - INFO - [0/363571]	Loss  : 1.6058
2024-05-30 09:47:21,334 - INFO - Test loss   : 0.8303
2024-05-30 09:47:21,334 - INFO - 
Epoch	37
2024-05-30 09:47:22,408 - INFO - [0/363571]	Loss  : 1.5959
2024-05-30 09:47:28,211 - INFO - Test loss   : 0.8325
2024-05-30 09:47:28,211 - INFO - 
Epoch	38
2024-05-30 09:47:29,352 - INFO - [0/363571]	Loss  : 1.6044
2024-05-30 09:47:35,157 - INFO - Test loss   : 0.8315
2024-05-30 09:47:35,157 - INFO - 
Epoch	39
2024-05-30 09:47:36,231 - INFO - [0/363571]	Loss  : 1.5936
2024-05-30 09:47:42,023 - INFO - Test loss   : 0.8325
2024-05-30 09:47:42,023 - INFO - 
Epoch	40
2024-05-30 09:47:43,181 - INFO - [0/363571]	Loss  : 1.5941
2024-05-30 09:47:48,984 - INFO - Test loss   : 0.8252
2024-05-30 09:47:52,865 - INFO - (53041,)
2024-05-30 09:47:53,004 - INFO -  Split ID: 0
2024-05-30 09:47:53,026 - INFO -  Top 1	LocEnc (Epoch 40)acc (%):   8.5
2024-05-30 09:47:53,028 - INFO -  Top 3	LocEnc (Epoch 40)acc (%):   19.64
2024-05-30 09:47:53,029 - INFO -  Top 5	LocEnc (Epoch 40)acc (%):   28.71
2024-05-30 09:47:53,031 - INFO -  Top 10	LocEnc (Epoch 40)acc (%):   41.76
2024-05-30 09:47:53,042 - INFO - 
No prior
2024-05-30 09:47:53,051 - INFO - (53041,)
2024-05-30 09:47:53,201 - INFO -  Split ID: 0
2024-05-30 09:47:53,202 - INFO -  Top 1	(Epoch 40)acc (%):   69.83
2024-05-30 09:47:53,202 - INFO -  Top 3	(Epoch 40)acc (%):   84.61
2024-05-30 09:47:53,202 - INFO -  Top 5	(Epoch 40)acc (%):   89.23
2024-05-30 09:47:53,202 - INFO -  Top 10	(Epoch 40)acc (%):   94.29
2024-05-30 09:48:16,804 - INFO -  Split ID: 0
2024-05-30 09:48:16,804 - INFO -  Top 1	(Epoch 40)acc (%):   70.17
2024-05-30 09:48:16,804 - INFO -  Top 3	(Epoch 40)acc (%):   84.89
2024-05-30 09:48:16,804 - INFO -  Top 5	(Epoch 40)acc (%):   89.51
2024-05-30 09:48:16,804 - INFO -  Top 10	(Epoch 40)acc (%):   94.47
2024-05-30 09:48:16,806 - INFO - 
Epoch	41
2024-05-30 09:48:17,874 - INFO - [0/363571]	Loss  : 1.5970
2024-05-30 09:48:23,654 - INFO - Test loss   : 0.8200
2024-05-30 09:48:23,654 - INFO - 
Epoch	42
2024-05-30 09:48:24,801 - INFO - [0/363571]	Loss  : 1.5920
2024-05-30 09:48:30,585 - INFO - Test loss   : 0.8158
2024-05-30 09:48:30,585 - INFO - 
Epoch	43
2024-05-30 09:48:31,659 - INFO - [0/363571]	Loss  : 1.5918
2024-05-30 09:48:37,482 - INFO - Test loss   : 0.8128
2024-05-30 09:48:37,482 - INFO - 
Epoch	44
2024-05-30 09:48:38,561 - INFO - [0/363571]	Loss  : 1.5856
2024-05-30 09:48:44,469 - INFO - Test loss   : 0.8152
2024-05-30 09:48:44,469 - INFO - 
Epoch	45
2024-05-30 09:48:45,532 - INFO - [0/363571]	Loss  : 1.5809
2024-05-30 09:48:51,338 - INFO - Test loss   : 0.8215
2024-05-30 09:48:51,338 - INFO - 
Epoch	46
2024-05-30 09:48:52,403 - INFO - [0/363571]	Loss  : 1.5737
2024-05-30 09:48:58,192 - INFO - Test loss   : 0.8349
2024-05-30 09:48:58,192 - INFO - 
Epoch	47
2024-05-30 09:48:59,339 - INFO - [0/363571]	Loss  : 1.5746
2024-05-30 09:49:05,107 - INFO - Test loss   : 0.8376
2024-05-30 09:49:05,107 - INFO - 
Epoch	48
2024-05-30 09:49:06,178 - INFO - [0/363571]	Loss  : 1.5804
2024-05-30 09:49:11,968 - INFO - Test loss   : 0.8256
2024-05-30 09:49:11,968 - INFO - 
Epoch	49
2024-05-30 09:49:13,117 - INFO - [0/363571]	Loss  : 1.5787
2024-05-30 09:49:18,940 - INFO - Test loss   : 0.8216
2024-05-30 09:49:18,940 - INFO - 
Epoch	50
2024-05-30 09:49:20,003 - INFO - [0/363571]	Loss  : 1.5780
2024-05-30 09:49:25,786 - INFO - Test loss   : 0.8224
2024-05-30 09:49:29,647 - INFO - (53041,)
2024-05-30 09:49:29,787 - INFO -  Split ID: 0
2024-05-30 09:49:29,805 - INFO -  Top 1	LocEnc (Epoch 50)acc (%):   7.15
2024-05-30 09:49:29,807 - INFO -  Top 3	LocEnc (Epoch 50)acc (%):   21.01
2024-05-30 09:49:29,809 - INFO -  Top 5	LocEnc (Epoch 50)acc (%):   28.01
2024-05-30 09:49:29,811 - INFO -  Top 10	LocEnc (Epoch 50)acc (%):   41.71
2024-05-30 09:49:29,821 - INFO - 
No prior
2024-05-30 09:49:29,830 - INFO - (53041,)
2024-05-30 09:49:29,983 - INFO -  Split ID: 0
2024-05-30 09:49:29,983 - INFO -  Top 1	(Epoch 50)acc (%):   69.83
2024-05-30 09:49:29,983 - INFO -  Top 3	(Epoch 50)acc (%):   84.61
2024-05-30 09:49:29,983 - INFO -  Top 5	(Epoch 50)acc (%):   89.23
2024-05-30 09:49:29,983 - INFO -  Top 10	(Epoch 50)acc (%):   94.29
2024-05-30 09:49:53,740 - INFO -  Split ID: 0
2024-05-30 09:49:53,740 - INFO -  Top 1	(Epoch 50)acc (%):   70.19
2024-05-30 09:49:53,740 - INFO -  Top 3	(Epoch 50)acc (%):   84.93
2024-05-30 09:49:53,740 - INFO -  Top 5	(Epoch 50)acc (%):   89.53
2024-05-30 09:49:53,741 - INFO -  Top 10	(Epoch 50)acc (%):   94.44
2024-05-30 09:49:53,743 - INFO - 
Epoch	51
2024-05-30 09:49:54,819 - INFO - [0/363571]	Loss  : 1.5826
2024-05-30 09:50:00,752 - INFO - Test loss   : 0.8286
2024-05-30 09:50:00,752 - INFO - 
Epoch	52
2024-05-30 09:50:01,847 - INFO - [0/363571]	Loss  : 1.5730
2024-05-30 09:50:07,679 - INFO - Test loss   : 0.8361
2024-05-30 09:50:07,680 - INFO - 
Epoch	53
2024-05-30 09:50:08,750 - INFO - [0/363571]	Loss  : 1.5774
2024-05-30 09:50:14,575 - INFO - Test loss   : 0.8360
2024-05-30 09:50:14,576 - INFO - 
Epoch	54
2024-05-30 09:50:15,725 - INFO - [0/363571]	Loss  : 1.5679
2024-05-30 09:50:21,539 - INFO - Test loss   : 0.8367
2024-05-30 09:50:21,539 - INFO - 
Epoch	55
2024-05-30 09:50:22,612 - INFO - [0/363571]	Loss  : 1.5625
2024-05-30 09:50:28,481 - INFO - Test loss   : 0.8302
2024-05-30 09:50:28,481 - INFO - 
Epoch	56
2024-05-30 09:50:29,653 - INFO - [0/363571]	Loss  : 1.5620
2024-05-30 09:50:35,529 - INFO - Test loss   : 0.8263
2024-05-30 09:50:35,529 - INFO - 
Epoch	57
2024-05-30 09:50:36,621 - INFO - [0/363571]	Loss  : 1.5591
2024-05-30 09:50:42,465 - INFO - Test loss   : 0.8225
2024-05-30 09:50:42,465 - INFO - 
Epoch	58
2024-05-30 09:50:43,623 - INFO - [0/363571]	Loss  : 1.5706
2024-05-30 09:50:49,479 - INFO - Test loss   : 0.8277
2024-05-30 09:50:49,479 - INFO - 
Epoch	59
2024-05-30 09:50:50,563 - INFO - [0/363571]	Loss  : 1.5583
2024-05-30 09:50:56,440 - INFO - Test loss   : 0.8321
2024-05-30 09:50:56,440 - INFO - 
Epoch	60
2024-05-30 09:50:57,519 - INFO - [0/363571]	Loss  : 1.5624
2024-05-30 09:51:03,391 - INFO - Test loss   : 0.8337
2024-05-30 09:51:07,255 - INFO - (53041,)
2024-05-30 09:51:07,394 - INFO -  Split ID: 0
2024-05-30 09:51:07,412 - INFO -  Top 1	LocEnc (Epoch 60)acc (%):   8.54
2024-05-30 09:51:07,414 - INFO -  Top 3	LocEnc (Epoch 60)acc (%):   21.17
2024-05-30 09:51:07,416 - INFO -  Top 5	LocEnc (Epoch 60)acc (%):   30.48
2024-05-30 09:51:07,417 - INFO -  Top 10	LocEnc (Epoch 60)acc (%):   42.72
2024-05-30 09:51:07,427 - INFO - 
No prior
2024-05-30 09:51:07,436 - INFO - (53041,)
2024-05-30 09:51:07,589 - INFO -  Split ID: 0
2024-05-30 09:51:07,589 - INFO -  Top 1	(Epoch 60)acc (%):   69.83
2024-05-30 09:51:07,589 - INFO -  Top 3	(Epoch 60)acc (%):   84.61
2024-05-30 09:51:07,589 - INFO -  Top 5	(Epoch 60)acc (%):   89.23
2024-05-30 09:51:07,589 - INFO -  Top 10	(Epoch 60)acc (%):   94.29
2024-05-30 09:51:31,196 - INFO -  Split ID: 0
2024-05-30 09:51:31,196 - INFO -  Top 1	(Epoch 60)acc (%):   70.24
2024-05-30 09:51:31,196 - INFO -  Top 3	(Epoch 60)acc (%):   84.93
2024-05-30 09:51:31,196 - INFO -  Top 5	(Epoch 60)acc (%):   89.54
2024-05-30 09:51:31,196 - INFO -  Top 10	(Epoch 60)acc (%):   94.49
2024-05-30 09:51:31,199 - INFO - 
Epoch	61
2024-05-30 09:51:32,264 - INFO - [0/363571]	Loss  : 1.5562
2024-05-30 09:51:38,048 - INFO - Test loss   : 0.8366
2024-05-30 09:51:38,048 - INFO - 
Epoch	62
2024-05-30 09:51:39,114 - INFO - [0/363571]	Loss  : 1.5637
2024-05-30 09:51:44,903 - INFO - Test loss   : 0.8335
2024-05-30 09:51:44,903 - INFO - 
Epoch	63
2024-05-30 09:51:46,058 - INFO - [0/363571]	Loss  : 1.5633
2024-05-30 09:51:51,879 - INFO - Test loss   : 0.8257
2024-05-30 09:51:51,879 - INFO - 
Epoch	64
2024-05-30 09:51:52,964 - INFO - [0/363571]	Loss  : 1.5574
2024-05-30 09:51:58,809 - INFO - Test loss   : 0.8151
2024-05-30 09:51:58,809 - INFO - 
Epoch	65
2024-05-30 09:51:59,972 - INFO - [0/363571]	Loss  : 1.5631
2024-05-30 09:52:05,819 - INFO - Test loss   : 0.8134
2024-05-30 09:52:05,820 - INFO - 
Epoch	66
2024-05-30 09:52:06,909 - INFO - [0/363571]	Loss  : 1.5431
2024-05-30 09:52:12,727 - INFO - Test loss   : 0.8196
2024-05-30 09:52:12,727 - INFO - 
Epoch	67
2024-05-30 09:52:13,820 - INFO - [0/363571]	Loss  : 1.5544
2024-05-30 09:52:19,763 - INFO - Test loss   : 0.8272
2024-05-30 09:52:19,763 - INFO - 
Epoch	68
2024-05-30 09:52:20,839 - INFO - [0/363571]	Loss  : 1.5485
2024-05-30 09:52:26,671 - INFO - Test loss   : 0.8279
2024-05-30 09:52:26,671 - INFO - 
Epoch	69
2024-05-30 09:52:27,760 - INFO - [0/363571]	Loss  : 1.5541
2024-05-30 09:52:33,624 - INFO - Test loss   : 0.8245
2024-05-30 09:52:33,625 - INFO - 
Epoch	70
2024-05-30 09:52:34,776 - INFO - [0/363571]	Loss  : 1.5490
2024-05-30 09:52:40,614 - INFO - Test loss   : 0.8230
2024-05-30 09:52:44,520 - INFO - (53041,)
2024-05-30 09:52:44,662 - INFO -  Split ID: 0
2024-05-30 09:52:44,681 - INFO -  Top 1	LocEnc (Epoch 70)acc (%):   7.18
2024-05-30 09:52:44,683 - INFO -  Top 3	LocEnc (Epoch 70)acc (%):   22.18
2024-05-30 09:52:44,684 - INFO -  Top 5	LocEnc (Epoch 70)acc (%):   30.2
2024-05-30 09:52:44,686 - INFO -  Top 10	LocEnc (Epoch 70)acc (%):   43.99
2024-05-30 09:52:44,697 - INFO - 
No prior
2024-05-30 09:52:44,706 - INFO - (53041,)
2024-05-30 09:52:44,856 - INFO -  Split ID: 0
2024-05-30 09:52:44,856 - INFO -  Top 1	(Epoch 70)acc (%):   69.83
2024-05-30 09:52:44,857 - INFO -  Top 3	(Epoch 70)acc (%):   84.61
2024-05-30 09:52:44,857 - INFO -  Top 5	(Epoch 70)acc (%):   89.23
2024-05-30 09:52:44,857 - INFO -  Top 10	(Epoch 70)acc (%):   94.29
2024-05-30 09:53:08,692 - INFO -  Split ID: 0
2024-05-30 09:53:08,692 - INFO -  Top 1	(Epoch 70)acc (%):   70.22
2024-05-30 09:53:08,692 - INFO -  Top 3	(Epoch 70)acc (%):   84.96
2024-05-30 09:53:08,692 - INFO -  Top 5	(Epoch 70)acc (%):   89.53
2024-05-30 09:53:08,692 - INFO -  Top 10	(Epoch 70)acc (%):   94.49
2024-05-30 09:53:08,695 - INFO - 
Epoch	71
2024-05-30 09:53:09,773 - INFO - [0/363571]	Loss  : 1.5516
2024-05-30 09:53:15,636 - INFO - Test loss   : 0.8250
2024-05-30 09:53:15,637 - INFO - 
Epoch	72
2024-05-30 09:53:16,810 - INFO - [0/363571]	Loss  : 1.5443
2024-05-30 09:53:22,657 - INFO - Test loss   : 0.8352
2024-05-30 09:53:22,657 - INFO - 
Epoch	73
2024-05-30 09:53:23,745 - INFO - [0/363571]	Loss  : 1.5593
2024-05-30 09:53:29,584 - INFO - Test loss   : 0.8384
2024-05-30 09:53:29,584 - INFO - 
Epoch	74
2024-05-30 09:53:30,738 - INFO - [0/363571]	Loss  : 1.5482
2024-05-30 09:53:36,542 - INFO - Test loss   : 0.8372
2024-05-30 09:53:36,542 - INFO - 
Epoch	75
2024-05-30 09:53:37,607 - INFO - [0/363571]	Loss  : 1.5475
2024-05-30 09:53:43,391 - INFO - Test loss   : 0.8319
2024-05-30 09:53:43,391 - INFO - 
Epoch	76
2024-05-30 09:53:44,458 - INFO - [0/363571]	Loss  : 1.5420
2024-05-30 09:53:50,330 - INFO - Test loss   : 0.8262
2024-05-30 09:53:50,330 - INFO - 
Epoch	77
2024-05-30 09:53:51,427 - INFO - [0/363571]	Loss  : 1.5541
2024-05-30 09:53:57,315 - INFO - Test loss   : 0.8255
2024-05-30 09:53:57,315 - INFO - 
Epoch	78
2024-05-30 09:53:58,398 - INFO - [0/363571]	Loss  : 1.5360
2024-05-30 09:54:04,259 - INFO - Test loss   : 0.8275
2024-05-30 09:54:04,259 - INFO - 
Epoch	79
2024-05-30 09:54:05,420 - INFO - [0/363571]	Loss  : 1.5409
2024-05-30 09:54:11,249 - INFO - Test loss   : 0.8302
2024-05-30 09:54:11,249 - INFO - 
Epoch	80
2024-05-30 09:54:12,338 - INFO - [0/363571]	Loss  : 1.5321
2024-05-30 09:54:18,194 - INFO - Test loss   : 0.8318
2024-05-30 09:54:22,133 - INFO - (53041,)
2024-05-30 09:54:22,273 - INFO -  Split ID: 0
2024-05-30 09:54:22,292 - INFO -  Top 1	LocEnc (Epoch 80)acc (%):   11.03
2024-05-30 09:54:22,294 - INFO -  Top 3	LocEnc (Epoch 80)acc (%):   23.83
2024-05-30 09:54:22,295 - INFO -  Top 5	LocEnc (Epoch 80)acc (%):   31.16
2024-05-30 09:54:22,297 - INFO -  Top 10	LocEnc (Epoch 80)acc (%):   44.4
2024-05-30 09:54:22,307 - INFO - 
No prior
2024-05-30 09:54:22,316 - INFO - (53041,)
2024-05-30 09:54:22,468 - INFO -  Split ID: 0
2024-05-30 09:54:22,468 - INFO -  Top 1	(Epoch 80)acc (%):   69.83
2024-05-30 09:54:22,469 - INFO -  Top 3	(Epoch 80)acc (%):   84.61
2024-05-30 09:54:22,469 - INFO -  Top 5	(Epoch 80)acc (%):   89.23
2024-05-30 09:54:22,469 - INFO -  Top 10	(Epoch 80)acc (%):   94.29
2024-05-30 09:54:46,238 - INFO -  Split ID: 0
2024-05-30 09:54:46,239 - INFO -  Top 1	(Epoch 80)acc (%):   70.22
2024-05-30 09:54:46,239 - INFO -  Top 3	(Epoch 80)acc (%):   84.97
2024-05-30 09:54:46,239 - INFO -  Top 5	(Epoch 80)acc (%):   89.53
2024-05-30 09:54:46,239 - INFO -  Top 10	(Epoch 80)acc (%):   94.48
2024-05-30 09:54:46,241 - INFO - 
Epoch	81
2024-05-30 09:54:47,421 - INFO - [0/363571]	Loss  : 1.5333
2024-05-30 09:54:53,280 - INFO - Test loss   : 0.8347
2024-05-30 09:54:53,280 - INFO - 
Epoch	82
2024-05-30 09:54:54,363 - INFO - [0/363571]	Loss  : 1.5311
2024-05-30 09:55:00,235 - INFO - Test loss   : 0.8355
2024-05-30 09:55:00,235 - INFO - 
Epoch	83
2024-05-30 09:55:01,311 - INFO - [0/363571]	Loss  : 1.5381
2024-05-30 09:55:07,236 - INFO - Test loss   : 0.8352
2024-05-30 09:55:07,236 - INFO - 
Epoch	84
2024-05-30 09:55:08,330 - INFO - [0/363571]	Loss  : 1.5465
2024-05-30 09:55:14,176 - INFO - Test loss   : 0.8309
2024-05-30 09:55:14,176 - INFO - 
Epoch	85
2024-05-30 09:55:15,259 - INFO - [0/363571]	Loss  : 1.5347
2024-05-30 09:55:21,115 - INFO - Test loss   : 0.8279
2024-05-30 09:55:21,115 - INFO - 
Epoch	86
2024-05-30 09:55:22,273 - INFO - [0/363571]	Loss  : 1.5338
2024-05-30 09:55:28,100 - INFO - Test loss   : 0.8322
2024-05-30 09:55:28,100 - INFO - 
Epoch	87
2024-05-30 09:55:29,196 - INFO - [0/363571]	Loss  : 1.5319
2024-05-30 09:55:35,043 - INFO - Test loss   : 0.8404
2024-05-30 09:55:35,043 - INFO - 
Epoch	88
2024-05-30 09:55:36,197 - INFO - [0/363571]	Loss  : 1.5300
2024-05-30 09:55:42,048 - INFO - Test loss   : 0.8455
2024-05-30 09:55:42,048 - INFO - 
Epoch	89
2024-05-30 09:55:43,136 - INFO - [0/363571]	Loss  : 1.5488
2024-05-30 09:55:48,973 - INFO - Test loss   : 0.8417
2024-05-30 09:55:48,973 - INFO - 
Epoch	90
2024-05-30 09:55:50,127 - INFO - [0/363571]	Loss  : 1.5220
2024-05-30 09:55:55,911 - INFO - Test loss   : 0.8349
2024-05-30 09:55:59,858 - INFO - (53041,)
2024-05-30 09:55:59,998 - INFO -  Split ID: 0
2024-05-30 09:56:00,017 - INFO -  Top 1	LocEnc (Epoch 90)acc (%):   8.2
2024-05-30 09:56:00,019 - INFO -  Top 3	LocEnc (Epoch 90)acc (%):   22.72
2024-05-30 09:56:00,020 - INFO -  Top 5	LocEnc (Epoch 90)acc (%):   31.12
2024-05-30 09:56:00,022 - INFO -  Top 10	LocEnc (Epoch 90)acc (%):   43.65
2024-05-30 09:56:00,032 - INFO - 
No prior
2024-05-30 09:56:00,042 - INFO - (53041,)
2024-05-30 09:56:00,192 - INFO -  Split ID: 0
2024-05-30 09:56:00,193 - INFO -  Top 1	(Epoch 90)acc (%):   69.83
2024-05-30 09:56:00,193 - INFO -  Top 3	(Epoch 90)acc (%):   84.61
2024-05-30 09:56:00,193 - INFO -  Top 5	(Epoch 90)acc (%):   89.23
2024-05-30 09:56:00,193 - INFO -  Top 10	(Epoch 90)acc (%):   94.29
2024-05-30 09:56:23,869 - INFO -  Split ID: 0
2024-05-30 09:56:23,869 - INFO -  Top 1	(Epoch 90)acc (%):   70.27
2024-05-30 09:56:23,869 - INFO -  Top 3	(Epoch 90)acc (%):   84.96
2024-05-30 09:56:23,870 - INFO -  Top 5	(Epoch 90)acc (%):   89.56
2024-05-30 09:56:23,870 - INFO -  Top 10	(Epoch 90)acc (%):   94.47
2024-05-30 09:56:23,872 - INFO - 
Epoch	91
2024-05-30 09:56:24,961 - INFO - [0/363571]	Loss  : 1.5432
2024-05-30 09:56:30,855 - INFO - Test loss   : 0.8271
2024-05-30 09:56:30,855 - INFO - 
Epoch	92
2024-05-30 09:56:31,916 - INFO - [0/363571]	Loss  : 1.5330
2024-05-30 09:56:37,804 - INFO - Test loss   : 0.8237
2024-05-30 09:56:37,804 - INFO - 
Epoch	93
2024-05-30 09:56:38,871 - INFO - [0/363571]	Loss  : 1.5372
2024-05-30 09:56:44,698 - INFO - Test loss   : 0.8199
2024-05-30 09:56:44,698 - INFO - 
Epoch	94
2024-05-30 09:56:45,783 - INFO - [0/363571]	Loss  : 1.5228
2024-05-30 09:56:51,597 - INFO - Test loss   : 0.8211
2024-05-30 09:56:51,598 - INFO - 
Epoch	95
2024-05-30 09:56:52,743 - INFO - [0/363571]	Loss  : 1.5375
2024-05-30 09:56:58,530 - INFO - Test loss   : 0.8223
2024-05-30 09:56:58,530 - INFO - 
Epoch	96
2024-05-30 09:56:59,599 - INFO - [0/363571]	Loss  : 1.5249
2024-05-30 09:57:05,403 - INFO - Test loss   : 0.8269
2024-05-30 09:57:05,403 - INFO - 
Epoch	97
2024-05-30 09:57:06,549 - INFO - [0/363571]	Loss  : 1.5316
2024-05-30 09:57:12,346 - INFO - Test loss   : 0.8309
2024-05-30 09:57:12,346 - INFO - 
Epoch	98
2024-05-30 09:57:13,411 - INFO - [0/363571]	Loss  : 1.5227
2024-05-30 09:57:19,211 - INFO - Test loss   : 0.8339
2024-05-30 09:57:19,211 - INFO - 
Epoch	99
2024-05-30 09:57:20,276 - INFO - [0/363571]	Loss  : 1.5284
2024-05-30 09:57:26,161 - INFO - Test loss   : 0.8333
2024-05-30 09:57:26,161 - INFO - 
Epoch	100
2024-05-30 09:57:27,231 - INFO - [0/363571]	Loss  : 1.5365
2024-05-30 09:57:33,109 - INFO - Test loss   : 0.8300
2024-05-30 09:57:37,074 - INFO - (53041,)
2024-05-30 09:57:37,217 - INFO -  Split ID: 0
2024-05-30 09:57:37,238 - INFO -  Top 1	LocEnc (Epoch 100)acc (%):   9.58
2024-05-30 09:57:37,240 - INFO -  Top 3	LocEnc (Epoch 100)acc (%):   22.83
2024-05-30 09:57:37,242 - INFO -  Top 5	LocEnc (Epoch 100)acc (%):   30.29
2024-05-30 09:57:37,243 - INFO -  Top 10	LocEnc (Epoch 100)acc (%):   44.48
2024-05-30 09:57:37,255 - INFO - 
No prior
2024-05-30 09:57:37,265 - INFO - (53041,)
2024-05-30 09:57:37,422 - INFO -  Split ID: 0
2024-05-30 09:57:37,422 - INFO -  Top 1	(Epoch 100)acc (%):   69.83
2024-05-30 09:57:37,423 - INFO -  Top 3	(Epoch 100)acc (%):   84.61
2024-05-30 09:57:37,423 - INFO -  Top 5	(Epoch 100)acc (%):   89.23
2024-05-30 09:57:37,423 - INFO -  Top 10	(Epoch 100)acc (%):   94.29
2024-05-30 09:58:01,056 - INFO -  Split ID: 0
2024-05-30 09:58:01,056 - INFO -  Top 1	(Epoch 100)acc (%):   70.26
2024-05-30 09:58:01,057 - INFO -  Top 3	(Epoch 100)acc (%):   84.98
2024-05-30 09:58:01,057 - INFO -  Top 5	(Epoch 100)acc (%):   89.55
2024-05-30 09:58:01,057 - INFO -  Top 10	(Epoch 100)acc (%):   94.48
2024-05-30 09:58:01,059 - INFO - 
Epoch	101
2024-05-30 09:58:02,148 - INFO - [0/363571]	Loss  : 1.5253
2024-05-30 09:58:08,036 - INFO - Test loss   : 0.8272
2024-05-30 09:58:08,037 - INFO - 
Epoch	102
2024-05-30 09:58:09,211 - INFO - [0/363571]	Loss  : 1.5231
2024-05-30 09:58:15,071 - INFO - Test loss   : 0.8264
2024-05-30 09:58:15,071 - INFO - 
Epoch	103
2024-05-30 09:58:16,167 - INFO - [0/363571]	Loss  : 1.5242
2024-05-30 09:58:22,061 - INFO - Test loss   : 0.8300
2024-05-30 09:58:22,061 - INFO - 
Epoch	104
2024-05-30 09:58:23,235 - INFO - [0/363571]	Loss  : 1.5228
2024-05-30 09:58:29,128 - INFO - Test loss   : 0.8352
2024-05-30 09:58:29,128 - INFO - 
Epoch	105
2024-05-30 09:58:30,213 - INFO - [0/363571]	Loss  : 1.5380
2024-05-30 09:58:36,070 - INFO - Test loss   : 0.8353
2024-05-30 09:58:36,070 - INFO - 
Epoch	106
2024-05-30 09:58:37,240 - INFO - [0/363571]	Loss  : 1.5274
2024-05-30 09:58:43,129 - INFO - Test loss   : 0.8370
2024-05-30 09:58:43,129 - INFO - 
Epoch	107
2024-05-30 09:58:44,223 - INFO - [0/363571]	Loss  : 1.5314
2024-05-30 09:58:50,108 - INFO - Test loss   : 0.8341
2024-05-30 09:58:50,108 - INFO - 
Epoch	108
2024-05-30 09:58:51,201 - INFO - [0/363571]	Loss  : 1.5391
2024-05-30 09:58:57,177 - INFO - Test loss   : 0.8290
2024-05-30 09:58:57,177 - INFO - 
Epoch	109
2024-05-30 09:58:58,265 - INFO - [0/363571]	Loss  : 1.5225
2024-05-30 09:59:04,147 - INFO - Test loss   : 0.8257
2024-05-30 09:59:04,147 - INFO - 
Epoch	110
2024-05-30 09:59:05,233 - INFO - [0/363571]	Loss  : 1.5140
2024-05-30 09:59:11,108 - INFO - Test loss   : 0.8245
2024-05-30 09:59:15,016 - INFO - (53041,)
2024-05-30 09:59:15,156 - INFO -  Split ID: 0
2024-05-30 09:59:15,174 - INFO -  Top 1	LocEnc (Epoch 110)acc (%):   9.68
2024-05-30 09:59:15,176 - INFO -  Top 3	LocEnc (Epoch 110)acc (%):   24.23
2024-05-30 09:59:15,178 - INFO -  Top 5	LocEnc (Epoch 110)acc (%):   31.75
2024-05-30 09:59:15,180 - INFO -  Top 10	LocEnc (Epoch 110)acc (%):   45.89
2024-05-30 09:59:15,191 - INFO - 
No prior
2024-05-30 09:59:15,200 - INFO - (53041,)
2024-05-30 09:59:15,353 - INFO -  Split ID: 0
2024-05-30 09:59:15,353 - INFO -  Top 1	(Epoch 110)acc (%):   69.83
2024-05-30 09:59:15,353 - INFO -  Top 3	(Epoch 110)acc (%):   84.61
2024-05-30 09:59:15,353 - INFO -  Top 5	(Epoch 110)acc (%):   89.23
2024-05-30 09:59:15,353 - INFO -  Top 10	(Epoch 110)acc (%):   94.29
2024-05-30 09:59:39,122 - INFO -  Split ID: 0
2024-05-30 09:59:39,122 - INFO -  Top 1	(Epoch 110)acc (%):   70.29
2024-05-30 09:59:39,123 - INFO -  Top 3	(Epoch 110)acc (%):   84.98
2024-05-30 09:59:39,123 - INFO -  Top 5	(Epoch 110)acc (%):   89.58
2024-05-30 09:59:39,123 - INFO -  Top 10	(Epoch 110)acc (%):   94.49
2024-05-30 09:59:39,125 - INFO - 
Epoch	111
2024-05-30 09:59:40,312 - INFO - [0/363571]	Loss  : 1.5238
2024-05-30 09:59:46,188 - INFO - Test loss   : 0.8249
2024-05-30 09:59:46,188 - INFO - 
Epoch	112
2024-05-30 09:59:47,286 - INFO - [0/363571]	Loss  : 1.5132
2024-05-30 09:59:53,183 - INFO - Test loss   : 0.8293
2024-05-30 09:59:53,183 - INFO - 
Epoch	113
2024-05-30 09:59:54,347 - INFO - [0/363571]	Loss  : 1.5351
2024-05-30 10:00:00,188 - INFO - Test loss   : 0.8342
2024-05-30 10:00:00,188 - INFO - 
Epoch	114
2024-05-30 10:00:01,304 - INFO - [0/363571]	Loss  : 1.5207
2024-05-30 10:00:07,145 - INFO - Test loss   : 0.8382
2024-05-30 10:00:07,145 - INFO - 
Epoch	115
2024-05-30 10:00:08,220 - INFO - [0/363571]	Loss  : 1.5226
2024-05-30 10:00:14,142 - INFO - Test loss   : 0.8407
2024-05-30 10:00:14,143 - INFO - 
Epoch	116
2024-05-30 10:00:15,224 - INFO - [0/363571]	Loss  : 1.5260
2024-05-30 10:00:21,080 - INFO - Test loss   : 0.8395
2024-05-30 10:00:21,080 - INFO - 
Epoch	117
2024-05-30 10:00:22,141 - INFO - [0/363571]	Loss  : 1.5179
2024-05-30 10:00:27,938 - INFO - Test loss   : 0.8359
2024-05-30 10:00:27,938 - INFO - 
Epoch	118
2024-05-30 10:00:29,091 - INFO - [0/363571]	Loss  : 1.5246
2024-05-30 10:00:34,854 - INFO - Test loss   : 0.8317
2024-05-30 10:00:34,854 - INFO - 
Epoch	119
2024-05-30 10:00:35,915 - INFO - [0/363571]	Loss  : 1.5131
2024-05-30 10:00:41,695 - INFO - Test loss   : 0.8280
2024-05-30 10:00:41,695 - INFO - Saving output model to ../models/sphere2vec_dfs/model_fmow_Sphere2Vec-dfs_inception_v3_0.0100_64_0.0100000_1.000_1_512_BATCH8192_leakyrelu.pth.tar
2024-05-30 10:00:41,855 - INFO - Saving output model to ../models/sphere2vec_dfs/model_fmow_Sphere2Vec-dfs_inception_v3_0.0100_64_0.0100000_1.000_1_512_BATCH8192_leakyrelu.pth.tar
2024-05-30 10:00:42,542 - INFO - 
No prior
2024-05-30 10:00:42,550 - INFO - (53041,)
2024-05-30 10:00:42,717 - INFO -  Split ID: 0
2024-05-30 10:00:42,717 - INFO -  Top 1	acc (%):   69.83
2024-05-30 10:00:42,717 - INFO -  Top 3	acc (%):   84.61
2024-05-30 10:00:42,717 - INFO -  Top 5	acc (%):   89.23
2024-05-30 10:00:42,717 - INFO -  Top 10	acc (%):   94.29
2024-05-30 10:01:06,594 - INFO -  Split ID: 0
2024-05-30 10:01:06,594 - INFO -  Top 1	acc (%):   70.27
2024-05-30 10:01:06,594 - INFO -  Top 3	acc (%):   84.97
2024-05-30 10:01:06,594 - INFO -  Top 5	acc (%):   89.56
2024-05-30 10:01:06,595 - INFO -  Top 10	acc (%):   94.48
2024-05-30 10:01:06,600 - INFO - 
Sphere2Vec-dfs
2024-05-30 10:01:06,600 - INFO -  Model :	model_fmow_Sphere2Vec-dfs_inception_v3_0.0100_64_0.0100000_1.000_1_512_BATCH8192_leakyrelu.pth.tar
2024-05-30 10:01:10,553 - INFO - (53041,)
2024-05-30 10:01:10,696 - INFO -  Split ID: 0
2024-05-30 10:01:10,714 - INFO -  Top 1	LocEnc acc (%):   9.46
2024-05-30 10:01:10,716 - INFO -  Top 3	LocEnc acc (%):   24.8
2024-05-30 10:01:10,718 - INFO -  Top 5	LocEnc acc (%):   31.75
2024-05-30 10:01:10,719 - INFO -  Top 10	LocEnc acc (%):   45.39
2024-05-31 04:07:25,094 - INFO - 
num_classes	62
2024-05-31 04:07:25,094 - INFO - num train    	363571
2024-05-31 04:07:25,094 - INFO - num val      	53041
2024-05-31 04:07:25,094 - INFO - train loss   	full_loss
2024-05-31 04:07:25,095 - INFO - model name   	../models/sphere2vec_dfs/model_fmow_Sphere2Vec-dfs_inception_v3_0.0100_64_0.0100000_1.000_1_512_BATCH8192_leakyrelu.pth.tar
2024-05-31 04:07:25,095 - INFO - num users    	1
2024-05-31 04:07:26,085 - INFO - 
Only Sphere2Vec-dfs
2024-05-31 04:07:26,086 - INFO -  Model :	model_fmow_Sphere2Vec-dfs_inception_v3_0.0100_64_0.0100000_1.000_1_512_BATCH8192_leakyrelu.pth.tar
2024-05-31 04:07:26,163 - INFO - 
Epoch	121
2024-05-31 04:07:27,951 - INFO - [0/363571]	Loss  : 1.5172
2024-05-31 04:07:34,435 - INFO - Test loss   : 0.8244
2024-05-31 04:07:34,435 - INFO - 
Epoch	122
2024-05-31 04:07:35,633 - INFO - [0/363571]	Loss  : 1.5189
2024-05-31 04:07:42,159 - INFO - Test loss   : 0.8233
2024-05-31 04:07:42,159 - INFO - 
Epoch	123
2024-05-31 04:07:43,373 - INFO - [0/363571]	Loss  : 1.5198
2024-05-31 04:07:49,836 - INFO - Test loss   : 0.8238
2024-05-31 04:07:49,836 - INFO - 
Epoch	124
2024-05-31 04:07:51,065 - INFO - [0/363571]	Loss  : 1.5306
2024-05-31 04:07:57,576 - INFO - Test loss   : 0.8255
2024-05-31 04:07:57,577 - INFO - 
Epoch	125
2024-05-31 04:07:58,909 - INFO - [0/363571]	Loss  : 1.5138
2024-05-31 04:08:19,650 - INFO - 
num_classes	62
2024-05-31 04:08:19,650 - INFO - num train    	363571
2024-05-31 04:08:19,651 - INFO - num val      	53041
2024-05-31 04:08:19,651 - INFO - train loss   	full_loss
2024-05-31 04:08:19,651 - INFO - model name   	../models/sphere2vec_dfs/model_fmow_Sphere2Vec-dfs_inception_v3_0.0100_64_0.0100000_1.000_1_512_BATCH8192_leakyrelu.pth.tar
2024-05-31 04:08:19,651 - INFO - num users    	1
2024-05-31 04:08:20,636 - INFO - 
Only Sphere2Vec-dfs
2024-05-31 04:08:20,636 - INFO -  Model :	model_fmow_Sphere2Vec-dfs_inception_v3_0.0100_64_0.0100000_1.000_1_512_BATCH8192_leakyrelu.pth.tar
2024-05-31 04:08:20,720 - INFO - Saving output model to ../models/sphere2vec_dfs/model_fmow_Sphere2Vec-dfs_inception_v3_0.0100_64_0.0100000_1.000_1_512_BATCH8192_leakyrelu.pth.tar
2024-05-31 04:08:21,730 - INFO - Saving output model to ../models/sphere2vec_dfs/model_fmow_Sphere2Vec-dfs_inception_v3_0.0100_64_0.0100000_1.000_1_512_BATCH8192_leakyrelu.pth.tar
2024-05-31 04:08:22,560 - INFO - 
No prior
2024-05-31 04:08:22,579 - INFO - (53041,)
2024-05-31 04:08:23,539 - INFO - Save results to ../eval_results/eval_fmow__val_no_prior.csv
2024-05-31 04:08:23,540 - INFO -  Split ID: 0
2024-05-31 04:08:23,540 - INFO -  Top 1	acc (%):   69.83
2024-05-31 04:08:23,540 - INFO -  Top 3	acc (%):   84.61
2024-05-31 04:08:23,540 - INFO -  Top 5	acc (%):   89.23
2024-05-31 04:08:23,540 - INFO -  Top 10	acc (%):   94.29
2024-05-31 04:08:50,917 - INFO -  Split ID: 0
2024-05-31 04:08:50,917 - INFO -  Top 1	hit (%):   70.27
2024-05-31 04:08:50,917 - INFO -  Top 3	hit (%):   84.97
2024-05-31 04:08:50,917 - INFO -  Top 5	hit (%):   89.56
2024-05-31 04:08:50,918 - INFO -  Top 10	hit (%):   94.48
2024-05-31 04:08:50,932 - INFO - 
Only Sphere2Vec-dfs
2024-05-31 04:08:50,932 - INFO -  Model :	model_fmow_Sphere2Vec-dfs_inception_v3_0.0100_64_0.0100000_1.000_1_512_BATCH8192_leakyrelu.pth.tar
2024-05-31 04:08:55,278 - INFO - (53041,)
2024-05-31 04:08:55,420 - INFO -  Split ID: 0
2024-05-31 04:08:55,438 - INFO -  Top 1	LocEnc acc (%):   9.46
2024-05-31 04:08:55,440 - INFO -  Top 3	LocEnc acc (%):   24.8
2024-05-31 04:08:55,441 - INFO -  Top 5	LocEnc acc (%):   31.75
2024-05-31 04:08:55,443 - INFO -  Top 10	LocEnc acc (%):   45.39
