2024-05-31 09:14:34,636 - INFO - 
num_classes	8142
2024-05-31 09:14:34,636 - INFO - num train    	436063
2024-05-31 09:14:34,636 - INFO - num val      	24343
2024-05-31 09:14:34,636 - INFO - train loss   	full_loss
2024-05-31 09:14:34,636 - INFO - model name   	../models/sphere2vec_dfs/model_inat_2018_Sphere2Vec-dfs_0.0100_8_0.0001000_1.000_1_512_BATCH4096_leakyrelu.pth.tar
2024-05-31 09:14:34,636 - INFO - num users    	18643
2024-05-31 09:14:35,529 - INFO - 
Epoch	0
2024-05-31 09:14:48,763 - INFO - [204800/436063]	Loss  : 1.3299
2024-05-31 09:14:52,047 - INFO - [262144/436063]	Loss  : 1.2484
2024-05-31 09:14:53,181 - INFO - Test loss   : 0.3312
2024-05-31 09:14:53,181 - INFO - 
Epoch	1
2024-05-31 09:15:05,927 - INFO - [204800/436063]	Loss  : 0.7958
2024-05-31 09:15:09,233 - INFO - [262144/436063]	Loss  : 0.7831
2024-05-31 09:15:10,458 - INFO - Test loss   : 0.2415
2024-05-31 09:15:10,458 - INFO - 
Epoch	2
2024-05-31 09:15:23,130 - INFO - [204800/436063]	Loss  : 0.6801
2024-05-31 09:15:26,432 - INFO - [262144/436063]	Loss  : 0.6746
2024-05-31 09:15:27,655 - INFO - Test loss   : 0.2033
2024-05-31 09:15:27,655 - INFO - 
Epoch	3
2024-05-31 09:15:40,310 - INFO - [204800/436063]	Loss  : 0.6240
2024-05-31 09:15:43,612 - INFO - [262144/436063]	Loss  : 0.6222
2024-05-31 09:15:44,833 - INFO - Test loss   : 0.2148
2024-05-31 09:15:44,833 - INFO - 
Epoch	4
2024-05-31 09:15:57,474 - INFO - [204800/436063]	Loss  : 0.5910
2024-05-31 09:16:00,766 - INFO - [262144/436063]	Loss  : 0.5894
2024-05-31 09:16:01,987 - INFO - Test loss   : 0.1833
2024-05-31 09:16:01,987 - INFO - 
Epoch	5
2024-05-31 09:16:14,711 - INFO - [204800/436063]	Loss  : 0.5680
2024-05-31 09:16:17,912 - INFO - [262144/436063]	Loss  : 0.5681
2024-05-31 09:16:19,137 - INFO - Test loss   : 0.1830
2024-05-31 09:16:19,137 - INFO - 
Epoch	6
2024-05-31 09:16:31,864 - INFO - [204800/436063]	Loss  : 0.5548
2024-05-31 09:16:35,087 - INFO - [262144/436063]	Loss  : 0.5548
2024-05-31 09:16:36,308 - INFO - Test loss   : 0.1955
2024-05-31 09:16:36,309 - INFO - 
Epoch	7
2024-05-31 09:16:49,014 - INFO - [204800/436063]	Loss  : 0.5425
2024-05-31 09:16:52,306 - INFO - [262144/436063]	Loss  : 0.5427
2024-05-31 09:16:53,428 - INFO - Test loss   : 0.1709
2024-05-31 09:16:53,428 - INFO - 
Epoch	8
2024-05-31 09:17:06,138 - INFO - [204800/436063]	Loss  : 0.5323
2024-05-31 09:17:09,421 - INFO - [262144/436063]	Loss  : 0.5320
2024-05-31 09:17:10,638 - INFO - Test loss   : 0.1889
2024-05-31 09:17:10,638 - INFO - 
Epoch	9
2024-05-31 09:17:23,230 - INFO - [204800/436063]	Loss  : 0.5244
2024-05-31 09:17:26,501 - INFO - [262144/436063]	Loss  : 0.5242
2024-05-31 09:17:27,714 - INFO - Test loss   : 0.2226
2024-05-31 09:17:27,714 - INFO - 
Epoch	10
2024-05-31 09:17:40,289 - INFO - [204800/436063]	Loss  : 0.5158
2024-05-31 09:17:43,574 - INFO - [262144/436063]	Loss  : 0.5159
2024-05-31 09:17:44,791 - INFO - Test loss   : 0.1880
2024-05-31 09:17:44,791 - INFO - 
Epoch	11
2024-05-31 09:17:57,579 - INFO - [204800/436063]	Loss  : 0.5092
2024-05-31 09:18:00,785 - INFO - [262144/436063]	Loss  : 0.5097
2024-05-31 09:18:02,010 - INFO - Test loss   : 0.2064
2024-05-31 09:18:02,010 - INFO - 
Epoch	12
2024-05-31 09:18:14,694 - INFO - [204800/436063]	Loss  : 0.5030
2024-05-31 09:18:17,889 - INFO - [262144/436063]	Loss  : 0.5040
2024-05-31 09:18:19,106 - INFO - Test loss   : 0.1819
2024-05-31 09:18:19,106 - INFO - 
Epoch	13
2024-05-31 09:18:31,775 - INFO - [204800/436063]	Loss  : 0.4984
2024-05-31 09:18:35,045 - INFO - [262144/436063]	Loss  : 0.4994
2024-05-31 09:18:36,170 - INFO - Test loss   : 0.1960
2024-05-31 09:18:36,170 - INFO - 
Epoch	14
2024-05-31 09:18:48,837 - INFO - [204800/436063]	Loss  : 0.4946
2024-05-31 09:18:52,127 - INFO - [262144/436063]	Loss  : 0.4945
2024-05-31 09:18:53,347 - INFO - Test loss   : 0.1894
2024-05-31 09:18:53,347 - INFO - 
Epoch	15
2024-05-31 09:19:05,924 - INFO - [204800/436063]	Loss  : 0.4898
2024-05-31 09:19:09,198 - INFO - [262144/436063]	Loss  : 0.4907
2024-05-31 09:19:10,407 - INFO - Test loss   : 0.2054
2024-05-31 09:19:10,407 - INFO - 
Epoch	16
2024-05-31 09:19:22,947 - INFO - [204800/436063]	Loss  : 0.4857
2024-05-31 09:19:26,212 - INFO - [262144/436063]	Loss  : 0.4865
2024-05-31 09:19:27,427 - INFO - Test loss   : 0.1961
2024-05-31 09:19:27,427 - INFO - 
Epoch	17
2024-05-31 09:19:40,056 - INFO - [204800/436063]	Loss  : 0.4813
2024-05-31 09:19:43,238 - INFO - [262144/436063]	Loss  : 0.4819
2024-05-31 09:19:44,452 - INFO - Test loss   : 0.2037
2024-05-31 09:19:44,453 - INFO - 
Epoch	18
2024-05-31 09:19:57,107 - INFO - [204800/436063]	Loss  : 0.4787
2024-05-31 09:20:00,299 - INFO - [262144/436063]	Loss  : 0.4792
2024-05-31 09:20:01,521 - INFO - Test loss   : 0.2068
2024-05-31 09:20:01,521 - INFO - 
Epoch	19
2024-05-31 09:20:14,197 - INFO - [204800/436063]	Loss  : 0.4751
2024-05-31 09:20:17,483 - INFO - [262144/436063]	Loss  : 0.4757
2024-05-31 09:20:18,619 - INFO - Test loss   : 0.2080
2024-05-31 09:20:18,620 - INFO - 
Epoch	20
2024-05-31 09:20:31,294 - INFO - [204800/436063]	Loss  : 0.4732
2024-05-31 09:20:34,580 - INFO - [262144/436063]	Loss  : 0.4739
2024-05-31 09:20:35,801 - INFO - Test loss   : 0.2184
2024-05-31 09:20:35,801 - INFO - 
Epoch	21
2024-05-31 09:20:48,386 - INFO - [204800/436063]	Loss  : 0.4705
2024-05-31 09:20:51,674 - INFO - [262144/436063]	Loss  : 0.4709
2024-05-31 09:20:52,895 - INFO - Test loss   : 0.2086
2024-05-31 09:20:52,895 - INFO - 
Epoch	22
2024-05-31 09:21:05,467 - INFO - [204800/436063]	Loss  : 0.4682
2024-05-31 09:21:08,738 - INFO - [262144/436063]	Loss  : 0.4687
2024-05-31 09:21:09,954 - INFO - Test loss   : 0.2051
2024-05-31 09:21:09,955 - INFO - 
Epoch	23
2024-05-31 09:21:22,605 - INFO - [204800/436063]	Loss  : 0.4652
2024-05-31 09:21:25,787 - INFO - [262144/436063]	Loss  : 0.4658
2024-05-31 09:21:27,004 - INFO - Test loss   : 0.2130
2024-05-31 09:21:27,004 - INFO - 
Epoch	24
2024-05-31 09:21:39,554 - INFO - [204800/436063]	Loss  : 0.4637
2024-05-31 09:21:42,703 - INFO - [262144/436063]	Loss  : 0.4644
2024-05-31 09:21:43,917 - INFO - Test loss   : 0.2249
2024-05-31 09:21:43,918 - INFO - 
Epoch	25
2024-05-31 09:21:56,093 - INFO - [204800/436063]	Loss  : 0.4605
2024-05-31 09:21:59,259 - INFO - [262144/436063]	Loss  : 0.4616
2024-05-31 09:22:00,391 - INFO - Test loss   : 0.2240
2024-05-31 09:22:00,391 - INFO - 
Epoch	26
2024-05-31 09:22:12,570 - INFO - [204800/436063]	Loss  : 0.4607
2024-05-31 09:22:15,723 - INFO - [262144/436063]	Loss  : 0.4610
2024-05-31 09:22:16,933 - INFO - Test loss   : 0.2107
2024-05-31 09:22:16,935 - INFO - 
Epoch	27
2024-05-31 09:22:29,364 - INFO - [204800/436063]	Loss  : 0.4583
2024-05-31 09:22:32,607 - INFO - [262144/436063]	Loss  : 0.4585
2024-05-31 09:22:33,820 - INFO - Test loss   : 0.2191
2024-05-31 09:22:33,820 - INFO - 
Epoch	28
2024-05-31 09:22:45,925 - INFO - [204800/436063]	Loss  : 0.4564
2024-05-31 09:22:49,080 - INFO - [262144/436063]	Loss  : 0.4572
2024-05-31 09:22:50,288 - INFO - Test loss   : 0.2236
2024-05-31 09:22:50,290 - INFO - 
Epoch	29
2024-05-31 09:23:02,960 - INFO - [204800/436063]	Loss  : 0.4521
2024-05-31 09:23:06,147 - INFO - [262144/436063]	Loss  : 0.4540
2024-05-31 09:23:07,362 - INFO - Test loss   : 0.2113
2024-05-31 09:23:07,363 - INFO - 
Epoch	30
2024-05-31 09:23:20,008 - INFO - [204800/436063]	Loss  : 0.4524
2024-05-31 09:23:23,193 - INFO - [262144/436063]	Loss  : 0.4534
2024-05-31 09:23:24,407 - INFO - Test loss   : 0.2329
2024-05-31 09:23:24,407 - INFO - 
Epoch	31
2024-05-31 09:23:36,927 - INFO - [204800/436063]	Loss  : 0.4504
2024-05-31 09:23:40,171 - INFO - [262144/436063]	Loss  : 0.4511
2024-05-31 09:23:41,292 - INFO - Test loss   : 0.2004
2024-05-31 09:23:41,293 - INFO - 
Epoch	32
2024-05-31 09:23:53,931 - INFO - [204800/436063]	Loss  : 0.4504
2024-05-31 09:23:57,208 - INFO - [262144/436063]	Loss  : 0.4512
2024-05-31 09:23:58,422 - INFO - Test loss   : 0.2263
2024-05-31 09:23:58,422 - INFO - 
Epoch	33
2024-05-31 09:24:11,006 - INFO - [204800/436063]	Loss  : 0.4477
2024-05-31 09:24:14,277 - INFO - [262144/436063]	Loss  : 0.4487
2024-05-31 09:24:15,490 - INFO - Test loss   : 0.2102
2024-05-31 09:24:15,490 - INFO - 
Epoch	34
2024-05-31 09:24:28,038 - INFO - [204800/436063]	Loss  : 0.4464
2024-05-31 09:24:31,300 - INFO - [262144/436063]	Loss  : 0.4469
2024-05-31 09:24:32,512 - INFO - Test loss   : 0.2260
2024-05-31 09:24:32,512 - INFO - 
Epoch	35
2024-05-31 09:24:45,186 - INFO - [204800/436063]	Loss  : 0.4453
2024-05-31 09:24:48,372 - INFO - [262144/436063]	Loss  : 0.4459
2024-05-31 09:24:49,585 - INFO - Test loss   : 0.2378
2024-05-31 09:24:49,585 - INFO - 
Epoch	36
2024-05-31 09:25:02,253 - INFO - [204800/436063]	Loss  : 0.4439
2024-05-31 09:25:05,437 - INFO - [262144/436063]	Loss  : 0.4450
2024-05-31 09:25:06,658 - INFO - Test loss   : 0.2261
2024-05-31 09:25:06,658 - INFO - 
Epoch	37
2024-05-31 09:25:19,334 - INFO - [204800/436063]	Loss  : 0.4426
2024-05-31 09:25:22,616 - INFO - [262144/436063]	Loss  : 0.4439
2024-05-31 09:25:23,749 - INFO - Test loss   : 0.2437
2024-05-31 09:25:23,749 - INFO - 
Epoch	38
2024-05-31 09:25:36,407 - INFO - [204800/436063]	Loss  : 0.4426
2024-05-31 09:25:39,697 - INFO - [262144/436063]	Loss  : 0.4433
2024-05-31 09:25:40,914 - INFO - Test loss   : 0.2284
2024-05-31 09:25:40,914 - INFO - 
Epoch	39
2024-05-31 09:25:53,487 - INFO - [204800/436063]	Loss  : 0.4407
2024-05-31 09:25:56,771 - INFO - [262144/436063]	Loss  : 0.4417
2024-05-31 09:25:57,988 - INFO - Test loss   : 0.2296
2024-05-31 09:25:57,988 - INFO - 
Epoch	40
2024-05-31 09:26:10,541 - INFO - [204800/436063]	Loss  : 0.4393
2024-05-31 09:26:13,809 - INFO - [262144/436063]	Loss  : 0.4403
2024-05-31 09:26:15,023 - INFO - Test loss   : 0.2261
2024-05-31 09:26:15,023 - INFO - 
Epoch	41
2024-05-31 09:26:27,533 - INFO - [204800/436063]	Loss  : 0.4381
2024-05-31 09:26:30,676 - INFO - [262144/436063]	Loss  : 0.4396
2024-05-31 09:26:31,897 - INFO - Test loss   : 0.2159
2024-05-31 09:26:31,897 - INFO - 
Epoch	42
2024-05-31 09:26:44,058 - INFO - [204800/436063]	Loss  : 0.4368
2024-05-31 09:26:47,118 - INFO - [262144/436063]	Loss  : 0.4373
2024-05-31 09:26:48,326 - INFO - Test loss   : 0.2271
2024-05-31 09:26:48,328 - INFO - 
Epoch	43
2024-05-31 09:27:00,948 - INFO - [204800/436063]	Loss  : 0.4364
2024-05-31 09:27:04,220 - INFO - [262144/436063]	Loss  : 0.4372
2024-05-31 09:27:05,343 - INFO - Test loss   : 0.2188
2024-05-31 09:27:05,343 - INFO - 
Epoch	44
2024-05-31 09:27:17,988 - INFO - [204800/436063]	Loss  : 0.4355
2024-05-31 09:27:21,260 - INFO - [262144/436063]	Loss  : 0.4362
2024-05-31 09:27:22,472 - INFO - Test loss   : 0.2465
2024-05-31 09:27:22,472 - INFO - 
Epoch	45
2024-05-31 09:27:35,001 - INFO - [204800/436063]	Loss  : 0.4344
2024-05-31 09:27:38,295 - INFO - [262144/436063]	Loss  : 0.4351
2024-05-31 09:27:39,514 - INFO - Test loss   : 0.2318
2024-05-31 09:27:39,514 - INFO - 
Epoch	46
2024-05-31 09:27:52,113 - INFO - [204800/436063]	Loss  : 0.4339
2024-05-31 09:27:55,404 - INFO - [262144/436063]	Loss  : 0.4343
2024-05-31 09:27:56,624 - INFO - Test loss   : 0.2303
2024-05-31 09:27:56,624 - INFO - 
Epoch	47
2024-05-31 09:28:09,350 - INFO - [204800/436063]	Loss  : 0.4316
2024-05-31 09:28:12,538 - INFO - [262144/436063]	Loss  : 0.4327
2024-05-31 09:28:13,758 - INFO - Test loss   : 0.2363
2024-05-31 09:28:13,758 - INFO - 
Epoch	48
2024-05-31 09:28:26,300 - INFO - [204800/436063]	Loss  : 0.4320
2024-05-31 09:28:29,453 - INFO - [262144/436063]	Loss  : 0.4328
2024-05-31 09:28:30,667 - INFO - Test loss   : 0.2265
2024-05-31 09:28:30,667 - INFO - 
Epoch	49
2024-05-31 09:28:43,345 - INFO - [204800/436063]	Loss  : 0.4299
2024-05-31 09:28:46,649 - INFO - [262144/436063]	Loss  : 0.4312
2024-05-31 09:28:47,777 - INFO - Test loss   : 0.2346
2024-05-31 09:28:47,777 - INFO - 
Epoch	50
2024-05-31 09:29:00,461 - INFO - [204800/436063]	Loss  : 0.4298
2024-05-31 09:29:03,759 - INFO - [262144/436063]	Loss  : 0.4307
2024-05-31 09:29:04,988 - INFO - Test loss   : 0.2408
2024-05-31 09:29:04,988 - INFO - 
Epoch	51
2024-05-31 09:29:17,572 - INFO - [204800/436063]	Loss  : 0.4300
2024-05-31 09:29:20,850 - INFO - [262144/436063]	Loss  : 0.4303
2024-05-31 09:29:22,066 - INFO - Test loss   : 0.2417
2024-05-31 09:29:22,066 - INFO - 
Epoch	52
2024-05-31 09:29:34,636 - INFO - [204800/436063]	Loss  : 0.4282
2024-05-31 09:29:37,914 - INFO - [262144/436063]	Loss  : 0.4289
2024-05-31 09:29:39,131 - INFO - Test loss   : 0.2433
2024-05-31 09:29:39,132 - INFO - 
Epoch	53
2024-05-31 09:29:51,877 - INFO - [204800/436063]	Loss  : 0.4267
2024-05-31 09:29:55,069 - INFO - [262144/436063]	Loss  : 0.4276
2024-05-31 09:29:56,287 - INFO - Test loss   : 0.2440
2024-05-31 09:29:56,287 - INFO - 
Epoch	54
2024-05-31 09:30:08,957 - INFO - [204800/436063]	Loss  : 0.4264
2024-05-31 09:30:12,154 - INFO - [262144/436063]	Loss  : 0.4270
2024-05-31 09:30:13,370 - INFO - Test loss   : 0.2318
2024-05-31 09:30:13,370 - INFO - 
Epoch	55
2024-05-31 09:30:25,911 - INFO - [204800/436063]	Loss  : 0.4257
2024-05-31 09:30:29,159 - INFO - [262144/436063]	Loss  : 0.4263
2024-05-31 09:30:30,300 - INFO - Test loss   : 0.2256
2024-05-31 09:30:30,300 - INFO - 
Epoch	56
2024-05-31 09:30:42,981 - INFO - [204800/436063]	Loss  : 0.4251
2024-05-31 09:30:46,266 - INFO - [262144/436063]	Loss  : 0.4258
2024-05-31 09:30:47,483 - INFO - Test loss   : 0.2541
2024-05-31 09:30:47,484 - INFO - 
Epoch	57
2024-05-31 09:31:00,073 - INFO - [204800/436063]	Loss  : 0.4239
2024-05-31 09:31:03,354 - INFO - [262144/436063]	Loss  : 0.4247
2024-05-31 09:31:04,567 - INFO - Test loss   : 0.2518
2024-05-31 09:31:04,567 - INFO - 
Epoch	58
2024-05-31 09:31:17,100 - INFO - [204800/436063]	Loss  : 0.4235
2024-05-31 09:31:20,366 - INFO - [262144/436063]	Loss  : 0.4243
2024-05-31 09:31:21,579 - INFO - Test loss   : 0.2481
2024-05-31 09:31:21,579 - INFO - 
Epoch	59
2024-05-31 09:31:34,205 - INFO - [204800/436063]	Loss  : 0.4228
2024-05-31 09:31:37,396 - INFO - [262144/436063]	Loss  : 0.4241
2024-05-31 09:31:38,613 - INFO - Test loss   : 0.2348
2024-05-31 09:31:38,614 - INFO - 
Epoch	60
2024-05-31 09:31:51,075 - INFO - [204800/436063]	Loss  : 0.4217
2024-05-31 09:31:54,214 - INFO - [262144/436063]	Loss  : 0.4225
2024-05-31 09:31:55,425 - INFO - Test loss   : 0.2372
2024-05-31 09:31:55,425 - INFO - 
Epoch	61
2024-05-31 09:32:08,058 - INFO - [204800/436063]	Loss  : 0.4212
2024-05-31 09:32:11,331 - INFO - [262144/436063]	Loss  : 0.4223
2024-05-31 09:32:12,456 - INFO - Test loss   : 0.2412
2024-05-31 09:32:12,456 - INFO - 
Epoch	62
2024-05-31 09:32:25,130 - INFO - [204800/436063]	Loss  : 0.4209
2024-05-31 09:32:28,403 - INFO - [262144/436063]	Loss  : 0.4214
2024-05-31 09:32:29,619 - INFO - Test loss   : 0.2361
2024-05-31 09:32:29,619 - INFO - 
Epoch	63
2024-05-31 09:32:42,176 - INFO - [204800/436063]	Loss  : 0.4205
2024-05-31 09:32:45,444 - INFO - [262144/436063]	Loss  : 0.4211
2024-05-31 09:32:46,656 - INFO - Test loss   : 0.2419
2024-05-31 09:32:46,656 - INFO - 
Epoch	64
2024-05-31 09:32:59,088 - INFO - [204800/436063]	Loss  : 0.4197
2024-05-31 09:33:02,327 - INFO - [262144/436063]	Loss  : 0.4204
2024-05-31 09:33:03,539 - INFO - Test loss   : 0.2643
2024-05-31 09:33:03,539 - INFO - 
Epoch	65
2024-05-31 09:33:16,175 - INFO - [204800/436063]	Loss  : 0.4203
2024-05-31 09:33:19,354 - INFO - [262144/436063]	Loss  : 0.4206
2024-05-31 09:33:20,570 - INFO - Test loss   : 0.2606
2024-05-31 09:33:20,570 - INFO - 
Epoch	66
2024-05-31 09:33:33,129 - INFO - [204800/436063]	Loss  : 0.4187
2024-05-31 09:33:36,286 - INFO - [262144/436063]	Loss  : 0.4195
2024-05-31 09:33:37,503 - INFO - Test loss   : 0.2427
2024-05-31 09:33:37,503 - INFO - 
Epoch	67
2024-05-31 09:33:49,709 - INFO - [204800/436063]	Loss  : 0.4177
2024-05-31 09:33:52,870 - INFO - [262144/436063]	Loss  : 0.4183
2024-05-31 09:33:54,000 - INFO - Test loss   : 0.2540
2024-05-31 09:33:54,002 - INFO - 
Epoch	68
2024-05-31 09:34:06,692 - INFO - [204800/436063]	Loss  : 0.4181
2024-05-31 09:34:09,973 - INFO - [262144/436063]	Loss  : 0.4187
2024-05-31 09:34:11,194 - INFO - Test loss   : 0.2419
2024-05-31 09:34:11,194 - INFO - 
Epoch	69
2024-05-31 09:34:23,845 - INFO - [204800/436063]	Loss  : 0.4171
2024-05-31 09:34:27,156 - INFO - [262144/436063]	Loss  : 0.4172
2024-05-31 09:34:28,384 - INFO - Test loss   : 0.2315
2024-05-31 09:34:28,384 - INFO - 
Epoch	70
2024-05-31 09:34:41,017 - INFO - [204800/436063]	Loss  : 0.4164
2024-05-31 09:34:44,291 - INFO - [262144/436063]	Loss  : 0.4174
2024-05-31 09:34:45,507 - INFO - Test loss   : 0.2533
2024-05-31 09:34:45,508 - INFO - 
Epoch	71
2024-05-31 09:34:58,189 - INFO - [204800/436063]	Loss  : 0.4158
2024-05-31 09:35:01,366 - INFO - [262144/436063]	Loss  : 0.4165
2024-05-31 09:35:02,577 - INFO - Test loss   : 0.2513
2024-05-31 09:35:02,577 - INFO - 
Epoch	72
2024-05-31 09:35:15,184 - INFO - [204800/436063]	Loss  : 0.4140
2024-05-31 09:35:18,352 - INFO - [262144/436063]	Loss  : 0.4151
2024-05-31 09:35:19,558 - INFO - Test loss   : 0.2498
2024-05-31 09:35:19,558 - INFO - 
Epoch	73
2024-05-31 09:35:32,078 - INFO - [204800/436063]	Loss  : 0.4144
2024-05-31 09:35:35,318 - INFO - [262144/436063]	Loss  : 0.4148
2024-05-31 09:35:36,441 - INFO - Test loss   : 0.2375
2024-05-31 09:35:36,441 - INFO - 
Epoch	74
2024-05-31 09:35:48,611 - INFO - [204800/436063]	Loss  : 0.4140
2024-05-31 09:35:51,756 - INFO - [262144/436063]	Loss  : 0.4146
2024-05-31 09:35:52,967 - INFO - Test loss   : 0.2420
2024-05-31 09:35:52,967 - INFO - 
Epoch	75
2024-05-31 09:36:05,116 - INFO - [204800/436063]	Loss  : 0.4128
2024-05-31 09:36:08,262 - INFO - [262144/436063]	Loss  : 0.4138
2024-05-31 09:36:09,492 - INFO - Test loss   : 0.2455
2024-05-31 09:36:09,495 - INFO - 
Epoch	76
2024-05-31 09:36:22,027 - INFO - [204800/436063]	Loss  : 0.4136
2024-05-31 09:36:25,289 - INFO - [262144/436063]	Loss  : 0.4143
2024-05-31 09:36:26,496 - INFO - Test loss   : 0.2475
2024-05-31 09:36:26,497 - INFO - 
Epoch	77
2024-05-31 09:36:39,121 - INFO - [204800/436063]	Loss  : 0.4126
2024-05-31 09:36:42,299 - INFO - [262144/436063]	Loss  : 0.4134
2024-05-31 09:36:43,514 - INFO - Test loss   : 0.2500
2024-05-31 09:36:43,514 - INFO - 
Epoch	78
2024-05-31 09:36:56,158 - INFO - [204800/436063]	Loss  : 0.4122
2024-05-31 09:36:59,337 - INFO - [262144/436063]	Loss  : 0.4127
2024-05-31 09:37:00,556 - INFO - Test loss   : 0.2480
2024-05-31 09:37:00,556 - INFO - 
Epoch	79
2024-05-31 09:37:13,180 - INFO - [204800/436063]	Loss  : 0.4122
2024-05-31 09:37:16,451 - INFO - [262144/436063]	Loss  : 0.4129
2024-05-31 09:37:17,582 - INFO - Test loss   : 0.2538
2024-05-31 09:37:17,583 - INFO - 
Epoch	80
2024-05-31 09:37:30,213 - INFO - [204800/436063]	Loss  : 0.4112
2024-05-31 09:37:33,487 - INFO - [262144/436063]	Loss  : 0.4111
2024-05-31 09:37:34,702 - INFO - Test loss   : 0.2594
2024-05-31 09:37:34,702 - INFO - 
Epoch	81
2024-05-31 09:37:47,261 - INFO - [204800/436063]	Loss  : 0.4100
2024-05-31 09:37:50,537 - INFO - [262144/436063]	Loss  : 0.4112
2024-05-31 09:37:51,754 - INFO - Test loss   : 0.2575
2024-05-31 09:37:51,754 - INFO - 
Epoch	82
2024-05-31 09:38:04,303 - INFO - [204800/436063]	Loss  : 0.4114
2024-05-31 09:38:07,570 - INFO - [262144/436063]	Loss  : 0.4113
2024-05-31 09:38:08,783 - INFO - Test loss   : 0.2491
2024-05-31 09:38:08,783 - INFO - 
Epoch	83
2024-05-31 09:38:21,405 - INFO - [204800/436063]	Loss  : 0.4107
2024-05-31 09:38:24,591 - INFO - [262144/436063]	Loss  : 0.4110
2024-05-31 09:38:25,812 - INFO - Test loss   : 0.2557
2024-05-31 09:38:25,812 - INFO - 
Epoch	84
2024-05-31 09:38:38,498 - INFO - [204800/436063]	Loss  : 0.4092
2024-05-31 09:38:41,679 - INFO - [262144/436063]	Loss  : 0.4100
2024-05-31 09:38:42,893 - INFO - Test loss   : 0.2505
2024-05-31 09:38:42,893 - INFO - 
Epoch	85
2024-05-31 09:38:55,600 - INFO - [204800/436063]	Loss  : 0.4091
2024-05-31 09:38:58,901 - INFO - [262144/436063]	Loss  : 0.4095
2024-05-31 09:39:00,031 - INFO - Test loss   : 0.2580
2024-05-31 09:39:00,032 - INFO - 
Epoch	86
2024-05-31 09:39:12,695 - INFO - [204800/436063]	Loss  : 0.4086
2024-05-31 09:39:15,974 - INFO - [262144/436063]	Loss  : 0.4091
2024-05-31 09:39:17,192 - INFO - Test loss   : 0.2541
2024-05-31 09:39:17,192 - INFO - 
Epoch	87
2024-05-31 09:39:29,714 - INFO - [204800/436063]	Loss  : 0.4084
2024-05-31 09:39:32,974 - INFO - [262144/436063]	Loss  : 0.4090
2024-05-31 09:39:34,185 - INFO - Test loss   : 0.2608
2024-05-31 09:39:34,185 - INFO - 
Epoch	88
2024-05-31 09:39:46,661 - INFO - [204800/436063]	Loss  : 0.4073
2024-05-31 09:39:49,932 - INFO - [262144/436063]	Loss  : 0.4078
2024-05-31 09:39:51,144 - INFO - Test loss   : 0.2577
2024-05-31 09:39:51,144 - INFO - 
Epoch	89
2024-05-31 09:40:03,862 - INFO - [204800/436063]	Loss  : 0.4072
2024-05-31 09:40:07,041 - INFO - [262144/436063]	Loss  : 0.4079
2024-05-31 09:40:08,257 - INFO - Test loss   : 0.2528
2024-05-31 09:40:08,257 - INFO - 
Epoch	90
2024-05-31 09:40:20,734 - INFO - [204800/436063]	Loss  : 0.4067
2024-05-31 09:40:23,862 - INFO - [262144/436063]	Loss  : 0.4073
2024-05-31 09:40:25,078 - INFO - Test loss   : 0.2548
2024-05-31 09:40:25,078 - INFO - 
Epoch	91
2024-05-31 09:40:37,274 - INFO - [204800/436063]	Loss  : 0.4062
2024-05-31 09:40:40,440 - INFO - [262144/436063]	Loss  : 0.4070
2024-05-31 09:40:41,566 - INFO - Test loss   : 0.2484
2024-05-31 09:40:41,568 - INFO - 
Epoch	92
2024-05-31 09:40:54,179 - INFO - [204800/436063]	Loss  : 0.4064
2024-05-31 09:40:57,439 - INFO - [262144/436063]	Loss  : 0.4065
2024-05-31 09:40:58,666 - INFO - Test loss   : 0.2587
2024-05-31 09:40:58,666 - INFO - 
Epoch	93
2024-05-31 09:41:11,433 - INFO - [204800/436063]	Loss  : 0.4057
2024-05-31 09:41:14,739 - INFO - [262144/436063]	Loss  : 0.4062
2024-05-31 09:41:15,958 - INFO - Test loss   : 0.2732
2024-05-31 09:41:15,958 - INFO - 
Epoch	94
2024-05-31 09:41:28,516 - INFO - [204800/436063]	Loss  : 0.4059
2024-05-31 09:41:31,784 - INFO - [262144/436063]	Loss  : 0.4063
2024-05-31 09:41:32,998 - INFO - Test loss   : 0.2542
2024-05-31 09:41:32,998 - INFO - 
Epoch	95
2024-05-31 09:41:45,661 - INFO - [204800/436063]	Loss  : 0.4048
2024-05-31 09:41:48,855 - INFO - [262144/436063]	Loss  : 0.4055
2024-05-31 09:41:50,077 - INFO - Test loss   : 0.2680
2024-05-31 09:41:50,077 - INFO - 
Epoch	96
2024-05-31 09:42:02,887 - INFO - [204800/436063]	Loss  : 0.4043
2024-05-31 09:42:06,078 - INFO - [262144/436063]	Loss  : 0.4048
2024-05-31 09:42:07,294 - INFO - Test loss   : 0.2635
2024-05-31 09:42:07,294 - INFO - 
Epoch	97
2024-05-31 09:42:20,034 - INFO - [204800/436063]	Loss  : 0.4045
2024-05-31 09:42:23,305 - INFO - [262144/436063]	Loss  : 0.4049
2024-05-31 09:42:24,440 - INFO - Test loss   : 0.2586
2024-05-31 09:42:24,440 - INFO - 
Epoch	98
2024-05-31 09:42:37,145 - INFO - [204800/436063]	Loss  : 0.4046
2024-05-31 09:42:40,415 - INFO - [262144/436063]	Loss  : 0.4051
2024-05-31 09:42:41,655 - INFO - Test loss   : 0.2589
2024-05-31 09:42:41,655 - INFO - 
Epoch	99
2024-05-31 09:42:54,538 - INFO - [204800/436063]	Loss  : 0.4044
2024-05-31 09:42:57,900 - INFO - [262144/436063]	Loss  : 0.4043
2024-05-31 09:42:59,164 - INFO - Test loss   : 0.2659
2024-05-31 09:42:59,164 - INFO - Saving output model to ../models/sphere2vec_dfs/model_inat_2018_Sphere2Vec-dfs_0.0100_8_0.0001000_1.000_1_512_BATCH4096_leakyrelu.pth.tar
2024-05-31 09:42:59,233 - INFO - Saving output model to ../models/sphere2vec_dfs/model_inat_2018_Sphere2Vec-dfs_0.0100_8_0.0001000_1.000_1_512_BATCH4096_leakyrelu.pth.tar
2024-05-31 09:42:59,499 - INFO - 
No prior
2024-05-31 09:42:59,758 - INFO - (24426,)
2024-05-31 09:43:17,055 - INFO - Save results to ../eval_results/eval_inat_2018__val_no_prior.csv
2024-05-31 09:43:17,055 - INFO -  Split ID: 0
2024-05-31 09:43:17,056 - INFO -  Top 1	acc (%):   60.2
2024-05-31 09:43:17,056 - INFO -  Top 3	acc (%):   77.9
2024-05-31 09:43:17,056 - INFO -  Top 5	acc (%):   83.29
2024-05-31 09:43:17,056 - INFO -  Top 10	acc (%):   88.5
2024-05-31 09:43:40,504 - INFO -  Split ID: 0
2024-05-31 09:43:40,504 - INFO -  Top 1	hit (%):   72.19
2024-05-31 09:43:40,504 - INFO -  Top 3	hit (%):   86.88
2024-05-31 09:43:40,504 - INFO -  Top 5	hit (%):   90.25
2024-05-31 09:43:40,505 - INFO -  Top 10	hit (%):   93.49
2024-05-31 09:43:40,510 - INFO - 
Only Sphere2Vec-dfs
2024-05-31 09:43:40,510 - INFO -  Model :	model_inat_2018_Sphere2Vec-dfs_0.0100_8_0.0001000_1.000_1_512_BATCH4096_leakyrelu.pth.tar
2024-05-31 09:43:41,050 - INFO - (24343,)
2024-05-31 09:44:01,100 - INFO -  Split ID: 0
2024-05-31 09:44:01,109 - INFO -  Top 1	LocEnc acc (%):   0.69
2024-05-31 09:44:01,110 - INFO -  Top 3	LocEnc acc (%):   1.86
2024-05-31 09:44:01,110 - INFO -  Top 5	LocEnc acc (%):   2.92
2024-05-31 09:44:01,111 - INFO -  Top 10	LocEnc acc (%):   5.41
