2024-05-28 11:13:17,474 - INFO - 
num_classes	500
2024-05-28 11:13:17,474 - INFO - num train    	19133
2024-05-28 11:13:17,474 - INFO - num val      	443
2024-05-28 11:13:17,474 - INFO - train loss   	full_loss
2024-05-28 11:13:17,474 - INFO - model name   	../models/sphere2vec_dfs/model_birdsnap_orig_meta_Sphere2Vec-dfs_inception_v3_0.0100_32_0.0200000_1.000_1_512_BATCH4096_leakyrelu.pth.tar
2024-05-28 11:13:17,474 - INFO - num users    	2872
2024-05-28 11:13:17,474 - INFO - meta data    	orig_meta
2024-05-28 11:13:18,425 - INFO - 
Epoch	0
2024-05-28 11:13:38,131 - INFO - [16384/19133]	Loss  : 1.9478
2024-05-28 11:13:38,555 - INFO - Test loss   : 0.7846
2024-05-28 11:13:38,555 - INFO - 
Epoch	1
2024-05-28 11:13:57,667 - INFO - [16384/19133]	Loss  : 1.5133
2024-05-28 11:13:58,094 - INFO - Test loss   : 0.5164
2024-05-28 11:13:58,094 - INFO - 
Epoch	2
2024-05-28 11:14:17,504 - INFO - [16384/19133]	Loss  : 1.4047
2024-05-28 11:14:17,952 - INFO - Test loss   : 0.5168
2024-05-28 11:14:17,952 - INFO - 
Epoch	3
2024-05-28 11:14:36,696 - INFO - [16384/19133]	Loss  : 1.3407
2024-05-28 11:14:37,037 - INFO - Test loss   : 0.4175
2024-05-28 11:14:37,037 - INFO - 
Epoch	4
2024-05-28 11:14:55,343 - INFO - [16384/19133]	Loss  : 1.3042
2024-05-28 11:14:55,788 - INFO - Test loss   : 0.4175
2024-05-28 11:14:55,788 - INFO - 
Epoch	5
2024-05-28 11:15:14,404 - INFO - [16384/19133]	Loss  : 1.2707
2024-05-28 11:15:14,843 - INFO - Test loss   : 0.4085
2024-05-28 11:15:14,843 - INFO - 
Epoch	6
2024-05-28 11:15:33,823 - INFO - [16384/19133]	Loss  : 1.2457
2024-05-28 11:15:34,288 - INFO - Test loss   : 0.3887
2024-05-28 11:15:34,288 - INFO - 
Epoch	7
2024-05-28 11:15:53,129 - INFO - [16384/19133]	Loss  : 1.2177
2024-05-28 11:15:53,474 - INFO - Test loss   : 0.4191
2024-05-28 11:15:53,474 - INFO - 
Epoch	8
2024-05-28 11:16:12,524 - INFO - [16384/19133]	Loss  : 1.1989
2024-05-28 11:16:12,962 - INFO - Test loss   : 0.3859
2024-05-28 11:16:12,962 - INFO - 
Epoch	9
2024-05-28 11:16:31,629 - INFO - [16384/19133]	Loss  : 1.1847
2024-05-28 11:16:31,989 - INFO - Test loss   : 0.4202
2024-05-28 11:16:31,989 - INFO - 
Epoch	10
2024-05-28 11:16:50,324 - INFO - [16384/19133]	Loss  : 1.1741
2024-05-28 11:16:50,768 - INFO - Test loss   : 0.4166
2024-05-28 11:16:50,809 - INFO - (443,)
2024-05-28 11:16:50,828 - INFO -  Split ID: 0
2024-05-28 11:16:50,828 - INFO -  Top 1	LocEnc (Epoch 10)acc (%):   2.48
2024-05-28 11:16:50,828 - INFO -  Top 3	LocEnc (Epoch 10)acc (%):   5.87
2024-05-28 11:16:50,828 - INFO -  Top 5	LocEnc (Epoch 10)acc (%):   8.58
2024-05-28 11:16:50,828 - INFO -  Top 10	LocEnc (Epoch 10)acc (%):   12.19
2024-05-28 11:16:50,828 - INFO - 
No prior
2024-05-28 11:16:50,829 - INFO - (2262,)
2024-05-28 11:16:50,896 - INFO -  Split ID: 0
2024-05-28 11:16:50,896 - INFO -  Top 1	(Epoch 10)acc (%):   70.07
2024-05-28 11:16:50,896 - INFO -  Top 3	(Epoch 10)acc (%):   86.6
2024-05-28 11:16:50,896 - INFO -  Top 5	(Epoch 10)acc (%):   90.05
2024-05-28 11:16:50,896 - INFO -  Top 10	(Epoch 10)acc (%):   92.88
2024-05-28 11:16:52,430 - INFO -  Split ID: 0
2024-05-28 11:16:52,430 - INFO -  Top 1	(Epoch 10)acc (%):   71.13
2024-05-28 11:16:52,430 - INFO -  Top 3	(Epoch 10)acc (%):   86.56
2024-05-28 11:16:52,430 - INFO -  Top 5	(Epoch 10)acc (%):   89.83
2024-05-28 11:16:52,430 - INFO -  Top 10	(Epoch 10)acc (%):   93.15
2024-05-28 11:16:52,430 - INFO - 
Epoch	11
2024-05-28 11:17:11,324 - INFO - [16384/19133]	Loss  : 1.1567
2024-05-28 11:17:11,683 - INFO - Test loss   : 0.4046
2024-05-28 11:17:11,683 - INFO - 
Epoch	12
2024-05-28 11:17:30,705 - INFO - [16384/19133]	Loss  : 1.1508
2024-05-28 11:17:31,154 - INFO - Test loss   : 0.3950
2024-05-28 11:17:31,154 - INFO - 
Epoch	13
2024-05-28 11:17:49,988 - INFO - [16384/19133]	Loss  : 1.1363
2024-05-28 11:17:50,356 - INFO - Test loss   : 0.4269
2024-05-28 11:17:50,356 - INFO - 
Epoch	14
2024-05-28 11:18:09,237 - INFO - [16384/19133]	Loss  : 1.1240
2024-05-28 11:18:09,680 - INFO - Test loss   : 0.4370
2024-05-28 11:18:09,680 - INFO - 
Epoch	15
2024-05-28 11:18:28,510 - INFO - [16384/19133]	Loss  : 1.1192
2024-05-28 11:18:28,956 - INFO - Test loss   : 0.4143
2024-05-28 11:18:28,956 - INFO - 
Epoch	16
2024-05-28 11:18:47,604 - INFO - [16384/19133]	Loss  : 1.1099
2024-05-28 11:18:48,042 - INFO - Test loss   : 0.4120
2024-05-28 11:18:48,042 - INFO - 
Epoch	17
2024-05-28 11:19:06,799 - INFO - [16384/19133]	Loss  : 1.1025
2024-05-28 11:19:07,253 - INFO - Test loss   : 0.4324
2024-05-28 11:19:07,254 - INFO - 
Epoch	18
2024-05-28 11:19:25,729 - INFO - [16384/19133]	Loss  : 1.0973
2024-05-28 11:19:26,138 - INFO - Test loss   : 0.4605
2024-05-28 11:19:26,138 - INFO - 
Epoch	19
2024-05-28 11:19:46,684 - INFO - [16384/19133]	Loss  : 1.0963
2024-05-28 11:19:47,160 - INFO - Test loss   : 0.4666
2024-05-28 11:19:47,160 - INFO - 
Epoch	20
2024-05-28 11:20:06,294 - INFO - [16384/19133]	Loss  : 1.0853
2024-05-28 11:20:06,733 - INFO - Test loss   : 0.4564
2024-05-28 11:20:06,743 - INFO - (443,)
2024-05-28 11:20:06,759 - INFO -  Split ID: 0
2024-05-28 11:20:06,759 - INFO -  Top 1	LocEnc (Epoch 20)acc (%):   2.71
2024-05-28 11:20:06,759 - INFO -  Top 3	LocEnc (Epoch 20)acc (%):   6.32
2024-05-28 11:20:06,759 - INFO -  Top 5	LocEnc (Epoch 20)acc (%):   8.13
2024-05-28 11:20:06,759 - INFO -  Top 10	LocEnc (Epoch 20)acc (%):   15.35
2024-05-28 11:20:06,759 - INFO - 
No prior
2024-05-28 11:20:06,760 - INFO - (2262,)
2024-05-28 11:20:06,813 - INFO -  Split ID: 0
2024-05-28 11:20:06,813 - INFO -  Top 1	(Epoch 20)acc (%):   70.07
2024-05-28 11:20:06,813 - INFO -  Top 3	(Epoch 20)acc (%):   86.6
2024-05-28 11:20:06,813 - INFO -  Top 5	(Epoch 20)acc (%):   90.05
2024-05-28 11:20:06,813 - INFO -  Top 10	(Epoch 20)acc (%):   92.88
2024-05-28 11:20:08,355 - INFO -  Split ID: 0
2024-05-28 11:20:08,355 - INFO -  Top 1	(Epoch 20)acc (%):   71.62
2024-05-28 11:20:08,355 - INFO -  Top 3	(Epoch 20)acc (%):   86.52
2024-05-28 11:20:08,355 - INFO -  Top 5	(Epoch 20)acc (%):   89.79
2024-05-28 11:20:08,355 - INFO -  Top 10	(Epoch 20)acc (%):   93.15
2024-05-28 11:20:08,355 - INFO - 
Epoch	21
2024-05-28 11:20:27,024 - INFO - [16384/19133]	Loss  : 1.0839
2024-05-28 11:20:27,370 - INFO - Test loss   : 0.4436
2024-05-28 11:20:27,370 - INFO - 
Epoch	22
2024-05-28 11:20:46,225 - INFO - [16384/19133]	Loss  : 1.0801
2024-05-28 11:20:46,672 - INFO - Test loss   : 0.4594
2024-05-28 11:20:46,672 - INFO - 
Epoch	23
2024-05-28 11:21:05,581 - INFO - [16384/19133]	Loss  : 1.0730
2024-05-28 11:21:06,020 - INFO - Test loss   : 0.4421
2024-05-28 11:21:06,020 - INFO - 
Epoch	24
2024-05-28 11:21:24,533 - INFO - [16384/19133]	Loss  : 1.0687
2024-05-28 11:21:24,946 - INFO - Test loss   : 0.4515
2024-05-28 11:21:24,946 - INFO - 
Epoch	25
2024-05-28 11:21:43,898 - INFO - [16384/19133]	Loss  : 1.0660
2024-05-28 11:21:44,303 - INFO - Test loss   : 0.4584
2024-05-28 11:21:44,304 - INFO - 
Epoch	26
2024-05-28 11:22:02,974 - INFO - [16384/19133]	Loss  : 1.0600
2024-05-28 11:22:03,397 - INFO - Test loss   : 0.4688
2024-05-28 11:22:03,398 - INFO - 
Epoch	27
2024-05-28 11:22:22,408 - INFO - [16384/19133]	Loss  : 1.0548
2024-05-28 11:22:22,847 - INFO - Test loss   : 0.4569
2024-05-28 11:22:22,847 - INFO - 
Epoch	28
2024-05-28 11:22:41,562 - INFO - [16384/19133]	Loss  : 1.0530
2024-05-28 11:22:41,903 - INFO - Test loss   : 0.4605
2024-05-28 11:22:41,903 - INFO - 
Epoch	29
2024-05-28 11:23:00,790 - INFO - [16384/19133]	Loss  : 1.0525
2024-05-28 11:23:01,216 - INFO - Test loss   : 0.4755
2024-05-28 11:23:01,216 - INFO - Saving output model to ../models/sphere2vec_dfs/model_birdsnap_orig_meta_Sphere2Vec-dfs_inception_v3_0.0100_32_0.0200000_1.000_1_512_BATCH4096_leakyrelu.pth.tar
2024-05-28 11:23:01,261 - INFO - Saving output model to ../models/sphere2vec_dfs/model_birdsnap_orig_meta_Sphere2Vec-dfs_inception_v3_0.0100_32_0.0200000_1.000_1_512_BATCH4096_leakyrelu.pth.tar
2024-05-28 11:23:01,415 - INFO - 
No prior
2024-05-28 11:23:01,416 - INFO - (2262,)
2024-05-28 11:23:01,471 - INFO -  Split ID: 0
2024-05-28 11:23:01,471 - INFO -  Top 1	acc (%):   70.07
2024-05-28 11:23:01,471 - INFO -  Top 3	acc (%):   86.6
2024-05-28 11:23:01,471 - INFO -  Top 5	acc (%):   90.05
2024-05-28 11:23:01,471 - INFO -  Top 10	acc (%):   92.88
2024-05-28 11:23:02,971 - INFO -  Split ID: 0
2024-05-28 11:23:02,971 - INFO -  Top 1	acc (%):   71.79
2024-05-28 11:23:02,971 - INFO -  Top 3	acc (%):   86.6
2024-05-28 11:23:02,971 - INFO -  Top 5	acc (%):   89.83
2024-05-28 11:23:02,972 - INFO -  Top 10	acc (%):   93.1
2024-05-28 11:23:02,972 - INFO - 
Sphere2Vec-dfs
2024-05-28 11:23:02,972 - INFO -  Model :	model_birdsnap_orig_meta_Sphere2Vec-dfs_inception_v3_0.0100_32_0.0200000_1.000_1_512_BATCH4096_leakyrelu.pth.tar
2024-05-28 11:23:02,994 - INFO - (443,)
2024-05-28 11:23:03,010 - INFO -  Split ID: 0
2024-05-28 11:23:03,011 - INFO -  Top 1	LocEnc acc (%):   2.48
2024-05-28 11:23:03,011 - INFO -  Top 3	LocEnc acc (%):   5.87
2024-05-28 11:23:03,011 - INFO -  Top 5	LocEnc acc (%):   8.8
2024-05-28 11:23:03,011 - INFO -  Top 10	LocEnc acc (%):   14.9
2024-05-31 03:56:51,106 - INFO - 
num_classes	500
2024-05-31 03:56:51,106 - INFO - num train    	19133
2024-05-31 03:56:51,106 - INFO - num val      	443
2024-05-31 03:56:51,106 - INFO - train loss   	full_loss
2024-05-31 03:56:51,106 - INFO - model name   	../models/sphere2vec_dfs/model_birdsnap_orig_meta_Sphere2Vec-dfs_inception_v3_0.0100_32_0.0200000_1.000_1_512_BATCH4096_leakyrelu.pth.tar
2024-05-31 03:56:51,106 - INFO - num users    	2872
2024-05-31 03:56:51,106 - INFO - meta data    	orig_meta
2024-05-31 03:56:51,967 - INFO - 
Only Sphere2Vec-dfs
2024-05-31 03:56:51,967 - INFO -  Model :	model_birdsnap_orig_meta_Sphere2Vec-dfs_inception_v3_0.0100_32_0.0200000_1.000_1_512_BATCH4096_leakyrelu.pth.tar
2024-05-31 03:56:52,233 - INFO - Saving output model to ../models/sphere2vec_dfs/model_birdsnap_orig_meta_Sphere2Vec-dfs_inception_v3_0.0100_32_0.0200000_1.000_1_512_BATCH4096_leakyrelu.pth.tar
2024-05-31 03:56:52,482 - INFO - Saving output model to ../models/sphere2vec_dfs/model_birdsnap_orig_meta_Sphere2Vec-dfs_inception_v3_0.0100_32_0.0200000_1.000_1_512_BATCH4096_leakyrelu.pth.tar
2024-05-31 03:56:52,742 - INFO - 
No prior
2024-05-31 03:56:52,743 - INFO - (2262,)
2024-05-31 03:56:52,858 - INFO - Save results to ../eval_results/eval_birdsnap_orig_meta_test_no_prior.csv
2024-05-31 03:56:52,858 - INFO -  Split ID: 0
2024-05-31 03:56:52,858 - INFO -  Top 1	acc (%):   70.07
2024-05-31 03:56:52,859 - INFO -  Top 3	acc (%):   86.6
2024-05-31 03:56:52,859 - INFO -  Top 5	acc (%):   90.05
2024-05-31 03:56:52,859 - INFO -  Top 10	acc (%):   92.88
2024-05-31 03:56:53,710 - INFO -  Split ID: 0
2024-05-31 03:56:53,710 - INFO -  Top 1	hit (%):   71.79
2024-05-31 03:56:53,710 - INFO -  Top 3	hit (%):   86.6
2024-05-31 03:56:53,710 - INFO -  Top 5	hit (%):   89.83
2024-05-31 03:56:53,710 - INFO -  Top 10	hit (%):   93.1
2024-05-31 03:56:53,711 - INFO - 
Only Sphere2Vec-dfs
2024-05-31 03:56:53,711 - INFO -  Model :	model_birdsnap_orig_meta_Sphere2Vec-dfs_inception_v3_0.0100_32_0.0200000_1.000_1_512_BATCH4096_leakyrelu.pth.tar
2024-05-31 03:56:53,765 - INFO - (443,)
2024-05-31 03:56:53,780 - INFO -  Split ID: 0
2024-05-31 03:56:53,781 - INFO -  Top 1	LocEnc acc (%):   2.48
2024-05-31 03:56:53,781 - INFO -  Top 3	LocEnc acc (%):   5.87
2024-05-31 03:56:53,781 - INFO -  Top 5	LocEnc acc (%):   8.8
2024-05-31 03:56:53,781 - INFO -  Top 10	LocEnc acc (%):   14.9
