2024-05-30 03:04:07,203 - INFO - 
num_classes	5089
2024-05-30 03:04:07,204 - INFO - num train    	569465
2024-05-30 03:04:07,204 - INFO - num val      	93622
2024-05-30 03:04:07,204 - INFO - train loss   	full_loss
2024-05-30 03:04:07,204 - INFO - model name   	../models/sphere2vec_dfs/model_inat_2017_Sphere2Vec-dfs_inception_v3_0.0100_8_0.0100000_1.000_1_512_BATCH4096_leakyrelu.pth.tar
2024-05-30 03:04:07,204 - INFO - num users    	17302
2024-05-30 03:04:08,081 - INFO - 
Epoch	0
2024-05-30 03:04:20,524 - INFO - [204800/569465]	Loss  : 1.3484
2024-05-30 03:04:23,921 - INFO - [266240/569465]	Loss  : 1.2762
2024-05-30 03:04:28,554 - INFO - Test loss   : 0.3794
2024-05-30 03:04:28,554 - INFO - 
Epoch	1
2024-05-30 03:04:40,460 - INFO - [204800/569465]	Loss  : 0.9036
2024-05-30 03:04:43,843 - INFO - [266240/569465]	Loss  : 0.8888
2024-05-30 03:04:48,440 - INFO - Test loss   : 0.3669
2024-05-30 03:04:48,440 - INFO - 
Epoch	2
2024-05-30 03:05:00,335 - INFO - [204800/569465]	Loss  : 0.7958
2024-05-30 03:05:03,706 - INFO - [266240/569465]	Loss  : 0.7905
2024-05-30 03:05:08,303 - INFO - Test loss   : 0.3406
2024-05-30 03:05:08,303 - INFO - 
Epoch	3
2024-05-30 03:05:20,262 - INFO - [204800/569465]	Loss  : 0.7473
2024-05-30 03:05:23,663 - INFO - [266240/569465]	Loss  : 0.7463
2024-05-30 03:05:28,309 - INFO - Test loss   : 0.3388
2024-05-30 03:05:28,309 - INFO - 
Epoch	4
2024-05-30 03:05:40,274 - INFO - [204800/569465]	Loss  : 0.7227
2024-05-30 03:05:43,683 - INFO - [266240/569465]	Loss  : 0.7213
2024-05-30 03:05:48,302 - INFO - Test loss   : 0.3771
2024-05-30 03:05:48,302 - INFO - 
Epoch	5
2024-05-30 03:06:00,218 - INFO - [204800/569465]	Loss  : 0.7015
2024-05-30 03:06:03,507 - INFO - [266240/569465]	Loss  : 0.7008
2024-05-30 03:06:08,208 - INFO - Test loss   : 0.3803
2024-05-30 03:06:08,208 - INFO - 
Epoch	6
2024-05-30 03:06:20,117 - INFO - [204800/569465]	Loss  : 0.6873
2024-05-30 03:06:23,514 - INFO - [266240/569465]	Loss  : 0.6875
2024-05-30 03:06:28,191 - INFO - Test loss   : 0.3760
2024-05-30 03:06:28,191 - INFO - 
Epoch	7
2024-05-30 03:06:40,172 - INFO - [204800/569465]	Loss  : 0.6751
2024-05-30 03:06:43,564 - INFO - [266240/569465]	Loss  : 0.6752
2024-05-30 03:06:48,181 - INFO - Test loss   : 0.3822
2024-05-30 03:06:48,181 - INFO - 
Epoch	8
2024-05-30 03:07:00,098 - INFO - [204800/569465]	Loss  : 0.6658
2024-05-30 03:07:03,472 - INFO - [266240/569465]	Loss  : 0.6662
2024-05-30 03:07:08,081 - INFO - Test loss   : 0.4039
2024-05-30 03:07:08,081 - INFO - 
Epoch	9
2024-05-30 03:07:19,972 - INFO - [204800/569465]	Loss  : 0.6588
2024-05-30 03:07:23,369 - INFO - [266240/569465]	Loss  : 0.6583
2024-05-30 03:07:27,981 - INFO - Test loss   : 0.4049
2024-05-30 03:07:27,981 - INFO - 
Epoch	10
2024-05-30 03:07:39,913 - INFO - [204800/569465]	Loss  : 0.6514
2024-05-30 03:07:43,218 - INFO - [266240/569465]	Loss  : 0.6515
2024-05-30 03:07:47,915 - INFO - Test loss   : 0.4205
2024-05-30 03:07:49,453 - INFO - (93622,)
2024-05-30 03:09:21,213 - INFO -  Split ID: 0
2024-05-30 03:09:21,251 - INFO -  Top 1	LocEnc (Epoch 10)acc (%):   0.54
2024-05-30 03:09:21,255 - INFO -  Top 3	LocEnc (Epoch 10)acc (%):   1.46
2024-05-30 03:09:21,258 - INFO -  Top 5	LocEnc (Epoch 10)acc (%):   2.28
2024-05-30 03:09:21,261 - INFO -  Top 10	LocEnc (Epoch 10)acc (%):   4.39
2024-05-30 03:09:21,513 - INFO - 
No prior
2024-05-30 03:09:22,072 - INFO - (95986,)
2024-05-30 03:09:45,957 - INFO -  Split ID: 0
2024-05-30 03:09:45,957 - INFO -  Top 1	(Epoch 10)acc (%):   63.27
2024-05-30 03:09:45,957 - INFO -  Top 3	(Epoch 10)acc (%):   79.82
2024-05-30 03:09:45,958 - INFO -  Top 5	(Epoch 10)acc (%):   84.51
2024-05-30 03:09:45,958 - INFO -  Top 10	(Epoch 10)acc (%):   88.99
2024-05-30 03:10:32,952 - INFO -  Split ID: 0
2024-05-30 03:10:32,953 - INFO -  Top 1	(Epoch 10)acc (%):   69.1
2024-05-30 03:10:32,953 - INFO -  Top 3	(Epoch 10)acc (%):   84.35
2024-05-30 03:10:32,953 - INFO -  Top 5	(Epoch 10)acc (%):   88.17
2024-05-30 03:10:32,953 - INFO -  Top 10	(Epoch 10)acc (%):   91.77
2024-05-30 03:10:32,955 - INFO - 
Epoch	11
2024-05-30 03:10:44,882 - INFO - [204800/569465]	Loss  : 0.6431
2024-05-30 03:10:48,159 - INFO - [266240/569465]	Loss  : 0.6445
2024-05-30 03:10:52,843 - INFO - Test loss   : 0.4118
2024-05-30 03:10:52,843 - INFO - 
Epoch	12
2024-05-30 03:11:04,696 - INFO - [204800/569465]	Loss  : 0.6399
2024-05-30 03:11:07,982 - INFO - [266240/569465]	Loss  : 0.6406
2024-05-30 03:11:12,666 - INFO - Test loss   : 0.4749
2024-05-30 03:11:12,666 - INFO - 
Epoch	13
2024-05-30 03:11:24,539 - INFO - [204800/569465]	Loss  : 0.6356
2024-05-30 03:11:27,827 - INFO - [266240/569465]	Loss  : 0.6364
2024-05-30 03:11:32,535 - INFO - Test loss   : 0.4554
2024-05-30 03:11:32,535 - INFO - 
Epoch	14
2024-05-30 03:11:44,436 - INFO - [204800/569465]	Loss  : 0.6291
2024-05-30 03:11:47,726 - INFO - [266240/569465]	Loss  : 0.6299
2024-05-30 03:11:52,333 - INFO - Test loss   : 0.4356
2024-05-30 03:11:52,334 - INFO - 
Epoch	15
2024-05-30 03:12:04,244 - INFO - [204800/569465]	Loss  : 0.6257
2024-05-30 03:12:07,630 - INFO - [266240/569465]	Loss  : 0.6271
2024-05-30 03:12:12,221 - INFO - Test loss   : 0.4574
2024-05-30 03:12:12,221 - INFO - 
Epoch	16
2024-05-30 03:12:24,118 - INFO - [204800/569465]	Loss  : 0.6234
2024-05-30 03:12:27,519 - INFO - [266240/569465]	Loss  : 0.6245
2024-05-30 03:12:32,122 - INFO - Test loss   : 0.4399
2024-05-30 03:12:32,123 - INFO - 
Epoch	17
2024-05-30 03:12:44,016 - INFO - [204800/569465]	Loss  : 0.6189
2024-05-30 03:12:47,388 - INFO - [266240/569465]	Loss  : 0.6200
2024-05-30 03:12:51,969 - INFO - Test loss   : 0.4524
2024-05-30 03:12:51,970 - INFO - 
Epoch	18
2024-05-30 03:13:03,810 - INFO - [204800/569465]	Loss  : 0.6164
2024-05-30 03:13:07,163 - INFO - [266240/569465]	Loss  : 0.6171
2024-05-30 03:13:11,755 - INFO - Test loss   : 0.4841
2024-05-30 03:13:11,755 - INFO - 
Epoch	19
2024-05-30 03:13:23,648 - INFO - [204800/569465]	Loss  : 0.6124
2024-05-30 03:13:27,028 - INFO - [266240/569465]	Loss  : 0.6136
2024-05-30 03:13:31,684 - INFO - Test loss   : 0.4904
2024-05-30 03:13:31,684 - INFO - 
Epoch	20
2024-05-30 03:13:43,626 - INFO - [204800/569465]	Loss  : 0.6108
2024-05-30 03:13:47,052 - INFO - [266240/569465]	Loss  : 0.6113
2024-05-30 03:13:51,665 - INFO - Test loss   : 0.4753
2024-05-30 03:13:53,113 - INFO - (93622,)
2024-05-30 03:14:39,596 - INFO -  Split ID: 0
2024-05-30 03:14:39,634 - INFO -  Top 1	LocEnc (Epoch 20)acc (%):   0.6
2024-05-30 03:14:39,637 - INFO -  Top 3	LocEnc (Epoch 20)acc (%):   1.65
2024-05-30 03:14:39,640 - INFO -  Top 5	LocEnc (Epoch 20)acc (%):   2.72
2024-05-30 03:14:39,643 - INFO -  Top 10	LocEnc (Epoch 20)acc (%):   5.01
2024-05-30 03:14:39,954 - INFO - 
No prior
2024-05-30 03:14:40,565 - INFO - (95986,)
2024-05-30 03:14:58,847 - INFO -  Split ID: 0
2024-05-30 03:14:58,848 - INFO -  Top 1	(Epoch 20)acc (%):   63.27
2024-05-30 03:14:58,848 - INFO -  Top 3	(Epoch 20)acc (%):   79.82
2024-05-30 03:14:58,848 - INFO -  Top 5	(Epoch 20)acc (%):   84.51
2024-05-30 03:14:58,848 - INFO -  Top 10	(Epoch 20)acc (%):   88.99
2024-05-30 03:15:46,025 - INFO -  Split ID: 0
2024-05-30 03:15:46,025 - INFO -  Top 1	(Epoch 20)acc (%):   69.28
2024-05-30 03:15:46,025 - INFO -  Top 3	(Epoch 20)acc (%):   84.41
2024-05-30 03:15:46,025 - INFO -  Top 5	(Epoch 20)acc (%):   88.14
2024-05-30 03:15:46,026 - INFO -  Top 10	(Epoch 20)acc (%):   91.74
2024-05-30 03:15:46,055 - INFO - 
Epoch	21
2024-05-30 03:15:58,129 - INFO - [204800/569465]	Loss  : 0.6089
2024-05-30 03:16:01,567 - INFO - [266240/569465]	Loss  : 0.6096
2024-05-30 03:16:06,226 - INFO - Test loss   : 0.4831
2024-05-30 03:16:06,226 - INFO - 
Epoch	22
2024-05-30 03:16:18,261 - INFO - [204800/569465]	Loss  : 0.6050
2024-05-30 03:16:21,604 - INFO - [266240/569465]	Loss  : 0.6059
2024-05-30 03:16:26,337 - INFO - Test loss   : 0.4797
2024-05-30 03:16:26,337 - INFO - 
Epoch	23
2024-05-30 03:16:38,375 - INFO - [204800/569465]	Loss  : 0.6025
2024-05-30 03:16:41,814 - INFO - [266240/569465]	Loss  : 0.6035
2024-05-30 03:16:46,461 - INFO - Test loss   : 0.4878
2024-05-30 03:16:46,461 - INFO - 
Epoch	24
2024-05-30 03:16:58,471 - INFO - [204800/569465]	Loss  : 0.6017
2024-05-30 03:17:01,892 - INFO - [266240/569465]	Loss  : 0.6029
2024-05-30 03:17:06,536 - INFO - Test loss   : 0.4900
2024-05-30 03:17:06,536 - INFO - 
Epoch	25
2024-05-30 03:17:18,591 - INFO - [204800/569465]	Loss  : 0.5995
2024-05-30 03:17:22,031 - INFO - [266240/569465]	Loss  : 0.6003
2024-05-30 03:17:26,717 - INFO - Test loss   : 0.5103
2024-05-30 03:17:26,717 - INFO - 
Epoch	26
2024-05-30 03:17:38,781 - INFO - [204800/569465]	Loss  : 0.5964
2024-05-30 03:17:42,195 - INFO - [266240/569465]	Loss  : 0.5976
2024-05-30 03:17:46,871 - INFO - Test loss   : 0.4852
2024-05-30 03:17:46,872 - INFO - 
Epoch	27
2024-05-30 03:17:58,921 - INFO - [204800/569465]	Loss  : 0.5955
2024-05-30 03:18:02,249 - INFO - [266240/569465]	Loss  : 0.5962
2024-05-30 03:18:07,020 - INFO - Test loss   : 0.5131
2024-05-30 03:18:07,020 - INFO - 
Epoch	28
2024-05-30 03:18:19,035 - INFO - [204800/569465]	Loss  : 0.5930
2024-05-30 03:18:22,375 - INFO - [266240/569465]	Loss  : 0.5940
2024-05-30 03:18:27,133 - INFO - Test loss   : 0.5258
2024-05-30 03:18:27,133 - INFO - 
Epoch	29
2024-05-30 03:18:39,109 - INFO - [204800/569465]	Loss  : 0.5919
2024-05-30 03:18:42,440 - INFO - [266240/569465]	Loss  : 0.5931
2024-05-30 03:18:47,203 - INFO - Test loss   : 0.5220
2024-05-30 03:18:47,203 - INFO - 
Epoch	30
2024-05-30 03:18:59,214 - INFO - [204800/569465]	Loss  : 0.5917
2024-05-30 03:19:02,548 - INFO - [266240/569465]	Loss  : 0.5925
2024-05-30 03:19:07,326 - INFO - Test loss   : 0.5315
2024-05-30 03:19:08,861 - INFO - (93622,)
2024-05-30 03:19:55,569 - INFO -  Split ID: 0
2024-05-30 03:19:55,608 - INFO -  Top 1	LocEnc (Epoch 30)acc (%):   0.69
2024-05-30 03:19:55,611 - INFO -  Top 3	LocEnc (Epoch 30)acc (%):   1.88
2024-05-30 03:19:55,614 - INFO -  Top 5	LocEnc (Epoch 30)acc (%):   2.95
2024-05-30 03:19:55,617 - INFO -  Top 10	LocEnc (Epoch 30)acc (%):   5.17
2024-05-30 03:19:55,893 - INFO - 
No prior
2024-05-30 03:19:56,509 - INFO - (95986,)
2024-05-30 03:20:14,784 - INFO -  Split ID: 0
2024-05-30 03:20:14,784 - INFO -  Top 1	(Epoch 30)acc (%):   63.27
2024-05-30 03:20:14,784 - INFO -  Top 3	(Epoch 30)acc (%):   79.82
2024-05-30 03:20:14,785 - INFO -  Top 5	(Epoch 30)acc (%):   84.51
2024-05-30 03:20:14,785 - INFO -  Top 10	(Epoch 30)acc (%):   88.99
2024-05-30 03:21:02,054 - INFO -  Split ID: 0
2024-05-30 03:21:02,054 - INFO -  Top 1	(Epoch 30)acc (%):   69.42
2024-05-30 03:21:02,054 - INFO -  Top 3	(Epoch 30)acc (%):   84.44
2024-05-30 03:21:02,054 - INFO -  Top 5	(Epoch 30)acc (%):   88.14
2024-05-30 03:21:02,054 - INFO -  Top 10	(Epoch 30)acc (%):   91.72
2024-05-30 03:21:02,056 - INFO - 
Epoch	31
2024-05-30 03:21:14,141 - INFO - [204800/569465]	Loss  : 0.5892
2024-05-30 03:21:17,460 - INFO - [266240/569465]	Loss  : 0.5901
2024-05-30 03:21:22,123 - INFO - Test loss   : 0.5264
2024-05-30 03:21:22,123 - INFO - 
Epoch	32
2024-05-30 03:21:34,137 - INFO - [204800/569465]	Loss  : 0.5884
2024-05-30 03:21:37,539 - INFO - [266240/569465]	Loss  : 0.5892
2024-05-30 03:21:42,257 - INFO - Test loss   : 0.5232
2024-05-30 03:21:42,257 - INFO - 
Epoch	33
2024-05-30 03:21:54,344 - INFO - [204800/569465]	Loss  : 0.5865
2024-05-30 03:21:57,759 - INFO - [266240/569465]	Loss  : 0.5876
2024-05-30 03:22:02,402 - INFO - Test loss   : 0.5449
2024-05-30 03:22:02,402 - INFO - 
Epoch	34
2024-05-30 03:22:14,451 - INFO - [204800/569465]	Loss  : 0.5844
2024-05-30 03:22:17,869 - INFO - [266240/569465]	Loss  : 0.5854
2024-05-30 03:22:22,519 - INFO - Test loss   : 0.5275
2024-05-30 03:22:22,519 - INFO - 
Epoch	35
2024-05-30 03:22:34,566 - INFO - [204800/569465]	Loss  : 0.5844
2024-05-30 03:22:38,008 - INFO - [266240/569465]	Loss  : 0.5853
2024-05-30 03:22:42,709 - INFO - Test loss   : 0.5274
2024-05-30 03:22:42,709 - INFO - 
Epoch	36
2024-05-30 03:22:54,635 - INFO - [204800/569465]	Loss  : 0.5818
2024-05-30 03:22:57,995 - INFO - [266240/569465]	Loss  : 0.5832
2024-05-30 03:23:02,577 - INFO - Test loss   : 0.5451
2024-05-30 03:23:02,577 - INFO - 
Epoch	37
2024-05-30 03:23:14,430 - INFO - [204800/569465]	Loss  : 0.5813
2024-05-30 03:23:17,805 - INFO - [266240/569465]	Loss  : 0.5824
2024-05-30 03:23:22,396 - INFO - Test loss   : 0.5331
2024-05-30 03:23:22,396 - INFO - 
Epoch	38
2024-05-30 03:23:34,251 - INFO - [204800/569465]	Loss  : 0.5801
2024-05-30 03:23:37,634 - INFO - [266240/569465]	Loss  : 0.5814
2024-05-30 03:23:42,275 - INFO - Test loss   : 0.5505
2024-05-30 03:23:42,275 - INFO - 
Epoch	39
2024-05-30 03:23:54,267 - INFO - [204800/569465]	Loss  : 0.5804
2024-05-30 03:23:57,627 - INFO - [266240/569465]	Loss  : 0.5812
2024-05-30 03:24:02,371 - INFO - Test loss   : 0.5384
2024-05-30 03:24:02,371 - INFO - 
Epoch	40
2024-05-30 03:24:14,440 - INFO - [204800/569465]	Loss  : 0.5769
2024-05-30 03:24:17,886 - INFO - [266240/569465]	Loss  : 0.5780
2024-05-30 03:24:22,542 - INFO - Test loss   : 0.5419
2024-05-30 03:24:24,091 - INFO - (93622,)
2024-05-30 03:25:10,910 - INFO -  Split ID: 0
2024-05-30 03:25:10,947 - INFO -  Top 1	LocEnc (Epoch 40)acc (%):   0.68
2024-05-30 03:25:10,950 - INFO -  Top 3	LocEnc (Epoch 40)acc (%):   2.02
2024-05-30 03:25:10,954 - INFO -  Top 5	LocEnc (Epoch 40)acc (%):   3.1
2024-05-30 03:25:10,957 - INFO -  Top 10	LocEnc (Epoch 40)acc (%):   5.74
2024-05-30 03:25:11,257 - INFO - 
No prior
2024-05-30 03:25:11,908 - INFO - (95986,)
2024-05-30 03:25:30,288 - INFO -  Split ID: 0
2024-05-30 03:25:30,288 - INFO -  Top 1	(Epoch 40)acc (%):   63.27
2024-05-30 03:25:30,288 - INFO -  Top 3	(Epoch 40)acc (%):   79.82
2024-05-30 03:25:30,288 - INFO -  Top 5	(Epoch 40)acc (%):   84.51
2024-05-30 03:25:30,289 - INFO -  Top 10	(Epoch 40)acc (%):   88.99
2024-05-30 03:26:17,622 - INFO -  Split ID: 0
2024-05-30 03:26:17,622 - INFO -  Top 1	(Epoch 40)acc (%):   69.39
2024-05-30 03:26:17,623 - INFO -  Top 3	(Epoch 40)acc (%):   84.39
2024-05-30 03:26:17,623 - INFO -  Top 5	(Epoch 40)acc (%):   88.1
2024-05-30 03:26:17,623 - INFO -  Top 10	(Epoch 40)acc (%):   91.71
2024-05-30 03:26:17,625 - INFO - 
Epoch	41
2024-05-30 03:26:29,654 - INFO - [204800/569465]	Loss  : 0.5770
2024-05-30 03:26:33,061 - INFO - [266240/569465]	Loss  : 0.5778
2024-05-30 03:26:37,713 - INFO - Test loss   : 0.5384
2024-05-30 03:26:37,713 - INFO - 
Epoch	42
2024-05-30 03:26:49,744 - INFO - [204800/569465]	Loss  : 0.5761
2024-05-30 03:26:53,141 - INFO - [266240/569465]	Loss  : 0.5772
2024-05-30 03:26:57,789 - INFO - Test loss   : 0.5576
2024-05-30 03:26:57,789 - INFO - 
Epoch	43
2024-05-30 03:27:09,856 - INFO - [204800/569465]	Loss  : 0.5747
2024-05-30 03:27:13,310 - INFO - [266240/569465]	Loss  : 0.5756
2024-05-30 03:27:18,017 - INFO - Test loss   : 0.5578
2024-05-30 03:27:18,017 - INFO - 
Epoch	44
2024-05-30 03:27:30,046 - INFO - [204800/569465]	Loss  : 0.5744
2024-05-30 03:27:33,377 - INFO - [266240/569465]	Loss  : 0.5753
2024-05-30 03:27:38,125 - INFO - Test loss   : 0.5577
2024-05-30 03:27:38,125 - INFO - 
Epoch	45
2024-05-30 03:27:50,164 - INFO - [204800/569465]	Loss  : 0.5725
2024-05-30 03:27:53,524 - INFO - [266240/569465]	Loss  : 0.5732
2024-05-30 03:27:58,289 - INFO - Test loss   : 0.5657
2024-05-30 03:27:58,289 - INFO - 
Epoch	46
2024-05-30 03:28:10,417 - INFO - [204800/569465]	Loss  : 0.5715
2024-05-30 03:28:13,733 - INFO - [266240/569465]	Loss  : 0.5731
2024-05-30 03:28:18,454 - INFO - Test loss   : 0.5604
2024-05-30 03:28:18,454 - INFO - 
Epoch	47
2024-05-30 03:28:30,528 - INFO - [204800/569465]	Loss  : 0.5723
2024-05-30 03:28:33,863 - INFO - [266240/569465]	Loss  : 0.5734
2024-05-30 03:28:38,615 - INFO - Test loss   : 0.5630
2024-05-30 03:28:38,616 - INFO - 
Epoch	48
2024-05-30 03:28:50,704 - INFO - [204800/569465]	Loss  : 0.5717
2024-05-30 03:28:54,071 - INFO - [266240/569465]	Loss  : 0.5726
2024-05-30 03:28:58,791 - INFO - Test loss   : 0.5578
2024-05-30 03:28:58,791 - INFO - 
Epoch	49
2024-05-30 03:29:10,866 - INFO - [204800/569465]	Loss  : 0.5687
2024-05-30 03:29:14,279 - INFO - [266240/569465]	Loss  : 0.5700
2024-05-30 03:29:18,948 - INFO - Test loss   : 0.5684
2024-05-30 03:29:18,948 - INFO - 
Epoch	50
2024-05-30 03:29:31,071 - INFO - [204800/569465]	Loss  : 0.5694
2024-05-30 03:29:34,504 - INFO - [266240/569465]	Loss  : 0.5701
2024-05-30 03:29:39,175 - INFO - Test loss   : 0.5867
2024-05-30 03:29:40,685 - INFO - (93622,)
2024-05-30 03:30:27,652 - INFO -  Split ID: 0
2024-05-30 03:30:27,691 - INFO -  Top 1	LocEnc (Epoch 50)acc (%):   0.84
2024-05-30 03:30:27,694 - INFO -  Top 3	LocEnc (Epoch 50)acc (%):   2.04
2024-05-30 03:30:27,697 - INFO -  Top 5	LocEnc (Epoch 50)acc (%):   3.1
2024-05-30 03:30:27,701 - INFO -  Top 10	LocEnc (Epoch 50)acc (%):   5.43
2024-05-30 03:30:28,031 - INFO - 
No prior
2024-05-30 03:30:28,680 - INFO - (95986,)
2024-05-30 03:30:47,145 - INFO -  Split ID: 0
2024-05-30 03:30:47,145 - INFO -  Top 1	(Epoch 50)acc (%):   63.27
2024-05-30 03:30:47,145 - INFO -  Top 3	(Epoch 50)acc (%):   79.82
2024-05-30 03:30:47,145 - INFO -  Top 5	(Epoch 50)acc (%):   84.51
2024-05-30 03:30:47,146 - INFO -  Top 10	(Epoch 50)acc (%):   88.99
2024-05-30 03:31:34,827 - INFO -  Split ID: 0
2024-05-30 03:31:34,827 - INFO -  Top 1	(Epoch 50)acc (%):   69.39
2024-05-30 03:31:34,828 - INFO -  Top 3	(Epoch 50)acc (%):   84.32
2024-05-30 03:31:34,828 - INFO -  Top 5	(Epoch 50)acc (%):   88.03
2024-05-30 03:31:34,828 - INFO -  Top 10	(Epoch 50)acc (%):   91.64
2024-05-30 03:31:34,832 - INFO - 
Epoch	51
2024-05-30 03:31:46,890 - INFO - [204800/569465]	Loss  : 0.5675
2024-05-30 03:31:50,332 - INFO - [266240/569465]	Loss  : 0.5687
2024-05-30 03:31:54,998 - INFO - Test loss   : 0.5831
2024-05-30 03:31:54,998 - INFO - 
Epoch	52
2024-05-30 03:32:06,841 - INFO - [204800/569465]	Loss  : 0.5674
2024-05-30 03:32:10,208 - INFO - [266240/569465]	Loss  : 0.5683
2024-05-30 03:32:14,813 - INFO - Test loss   : 0.5843
2024-05-30 03:32:14,813 - INFO - 
Epoch	53
2024-05-30 03:32:26,666 - INFO - [204800/569465]	Loss  : 0.5659
2024-05-30 03:32:30,040 - INFO - [266240/569465]	Loss  : 0.5671
2024-05-30 03:32:34,646 - INFO - Test loss   : 0.5723
2024-05-30 03:32:34,646 - INFO - 
Epoch	54
2024-05-30 03:32:46,583 - INFO - [204800/569465]	Loss  : 0.5654
2024-05-30 03:32:50,052 - INFO - [266240/569465]	Loss  : 0.5659
2024-05-30 03:32:54,707 - INFO - Test loss   : 0.6118
2024-05-30 03:32:54,707 - INFO - 
Epoch	55
2024-05-30 03:33:06,747 - INFO - [204800/569465]	Loss  : 0.5652
2024-05-30 03:33:10,159 - INFO - [266240/569465]	Loss  : 0.5665
2024-05-30 03:33:14,787 - INFO - Test loss   : 0.5918
2024-05-30 03:33:14,787 - INFO - 
Epoch	56
2024-05-30 03:33:26,842 - INFO - [204800/569465]	Loss  : 0.5639
2024-05-30 03:33:30,140 - INFO - [266240/569465]	Loss  : 0.5648
2024-05-30 03:33:34,860 - INFO - Test loss   : 0.5806
2024-05-30 03:33:34,860 - INFO - 
Epoch	57
2024-05-30 03:33:46,879 - INFO - [204800/569465]	Loss  : 0.5636
2024-05-30 03:33:50,304 - INFO - [266240/569465]	Loss  : 0.5642
2024-05-30 03:33:54,997 - INFO - Test loss   : 0.6256
2024-05-30 03:33:54,997 - INFO - 
Epoch	58
2024-05-30 03:34:07,024 - INFO - [204800/569465]	Loss  : 0.5639
2024-05-30 03:34:10,453 - INFO - [266240/569465]	Loss  : 0.5647
2024-05-30 03:34:15,119 - INFO - Test loss   : 0.5970
2024-05-30 03:34:15,119 - INFO - 
Epoch	59
2024-05-30 03:34:27,115 - INFO - [204800/569465]	Loss  : 0.5625
2024-05-30 03:34:30,523 - INFO - [266240/569465]	Loss  : 0.5631
2024-05-30 03:34:35,165 - INFO - Test loss   : 0.5827
2024-05-30 03:34:35,165 - INFO - 
Epoch	60
2024-05-30 03:34:47,146 - INFO - [204800/569465]	Loss  : 0.5616
2024-05-30 03:34:50,586 - INFO - [266240/569465]	Loss  : 0.5632
2024-05-30 03:34:55,242 - INFO - Test loss   : 0.6067
2024-05-30 03:34:56,713 - INFO - (93622,)
2024-05-30 03:35:43,272 - INFO -  Split ID: 0
2024-05-30 03:35:43,310 - INFO -  Top 1	LocEnc (Epoch 60)acc (%):   0.81
2024-05-30 03:35:43,313 - INFO -  Top 3	LocEnc (Epoch 60)acc (%):   2.12
2024-05-30 03:35:43,316 - INFO -  Top 5	LocEnc (Epoch 60)acc (%):   3.23
2024-05-30 03:35:43,319 - INFO -  Top 10	LocEnc (Epoch 60)acc (%):   5.75
2024-05-30 03:35:43,606 - INFO - 
No prior
2024-05-30 03:35:44,230 - INFO - (95986,)
2024-05-30 03:36:02,671 - INFO -  Split ID: 0
2024-05-30 03:36:02,672 - INFO -  Top 1	(Epoch 60)acc (%):   63.27
2024-05-30 03:36:02,672 - INFO -  Top 3	(Epoch 60)acc (%):   79.82
2024-05-30 03:36:02,672 - INFO -  Top 5	(Epoch 60)acc (%):   84.51
2024-05-30 03:36:02,672 - INFO -  Top 10	(Epoch 60)acc (%):   88.99
2024-05-30 03:36:50,429 - INFO -  Split ID: 0
2024-05-30 03:36:50,430 - INFO -  Top 1	(Epoch 60)acc (%):   69.36
2024-05-30 03:36:50,430 - INFO -  Top 3	(Epoch 60)acc (%):   84.26
2024-05-30 03:36:50,430 - INFO -  Top 5	(Epoch 60)acc (%):   88.01
2024-05-30 03:36:50,430 - INFO -  Top 10	(Epoch 60)acc (%):   91.58
2024-05-30 03:36:50,432 - INFO - 
Epoch	61
2024-05-30 03:37:02,504 - INFO - [204800/569465]	Loss  : 0.5614
2024-05-30 03:37:05,853 - INFO - [266240/569465]	Loss  : 0.5621
2024-05-30 03:37:10,619 - INFO - Test loss   : 0.5864
2024-05-30 03:37:10,619 - INFO - 
Epoch	62
2024-05-30 03:37:22,720 - INFO - [204800/569465]	Loss  : 0.5615
2024-05-30 03:37:26,058 - INFO - [266240/569465]	Loss  : 0.5619
2024-05-30 03:37:30,809 - INFO - Test loss   : 0.5677
2024-05-30 03:37:30,809 - INFO - 
Epoch	63
2024-05-30 03:37:42,810 - INFO - [204800/569465]	Loss  : 0.5602
2024-05-30 03:37:46,149 - INFO - [266240/569465]	Loss  : 0.5610
2024-05-30 03:37:50,878 - INFO - Test loss   : 0.5999
2024-05-30 03:37:50,878 - INFO - 
Epoch	64
2024-05-30 03:38:02,917 - INFO - [204800/569465]	Loss  : 0.5601
2024-05-30 03:38:06,252 - INFO - [266240/569465]	Loss  : 0.5605
2024-05-30 03:38:11,008 - INFO - Test loss   : 0.5882
2024-05-30 03:38:11,009 - INFO - 
Epoch	65
2024-05-30 03:38:23,068 - INFO - [204800/569465]	Loss  : 0.5585
2024-05-30 03:38:26,388 - INFO - [266240/569465]	Loss  : 0.5597
2024-05-30 03:38:31,055 - INFO - Test loss   : 0.5870
2024-05-30 03:38:31,055 - INFO - 
Epoch	66
2024-05-30 03:38:43,105 - INFO - [204800/569465]	Loss  : 0.5585
2024-05-30 03:38:46,510 - INFO - [266240/569465]	Loss  : 0.5595
2024-05-30 03:38:51,177 - INFO - Test loss   : 0.6165
2024-05-30 03:38:51,178 - INFO - 
Epoch	67
2024-05-30 03:39:03,184 - INFO - [204800/569465]	Loss  : 0.5579
2024-05-30 03:39:06,614 - INFO - [266240/569465]	Loss  : 0.5584
2024-05-30 03:39:11,282 - INFO - Test loss   : 0.5984
2024-05-30 03:39:11,282 - INFO - 
Epoch	68
2024-05-30 03:39:23,326 - INFO - [204800/569465]	Loss  : 0.5567
2024-05-30 03:39:26,776 - INFO - [266240/569465]	Loss  : 0.5577
2024-05-30 03:39:31,448 - INFO - Test loss   : 0.6003
2024-05-30 03:39:31,449 - INFO - 
Epoch	69
2024-05-30 03:39:43,535 - INFO - [204800/569465]	Loss  : 0.5562
2024-05-30 03:39:46,947 - INFO - [266240/569465]	Loss  : 0.5573
2024-05-30 03:39:51,572 - INFO - Test loss   : 0.5928
2024-05-30 03:39:51,572 - INFO - 
Epoch	70
2024-05-30 03:40:03,573 - INFO - [204800/569465]	Loss  : 0.5561
2024-05-30 03:40:06,990 - INFO - [266240/569465]	Loss  : 0.5571
2024-05-30 03:40:11,667 - INFO - Test loss   : 0.6037
2024-05-30 03:40:13,160 - INFO - (93622,)
2024-05-30 03:40:59,820 - INFO -  Split ID: 0
2024-05-30 03:40:59,857 - INFO -  Top 1	LocEnc (Epoch 70)acc (%):   0.81
2024-05-30 03:40:59,860 - INFO -  Top 3	LocEnc (Epoch 70)acc (%):   2.1
2024-05-30 03:40:59,864 - INFO -  Top 5	LocEnc (Epoch 70)acc (%):   3.24
2024-05-30 03:40:59,867 - INFO -  Top 10	LocEnc (Epoch 70)acc (%):   5.91
2024-05-30 03:41:00,119 - INFO - 
No prior
2024-05-30 03:41:00,679 - INFO - (95986,)
2024-05-30 03:41:18,887 - INFO -  Split ID: 0
2024-05-30 03:41:18,887 - INFO -  Top 1	(Epoch 70)acc (%):   63.27
2024-05-30 03:41:18,887 - INFO -  Top 3	(Epoch 70)acc (%):   79.82
2024-05-30 03:41:18,887 - INFO -  Top 5	(Epoch 70)acc (%):   84.51
2024-05-30 03:41:18,888 - INFO -  Top 10	(Epoch 70)acc (%):   88.99
2024-05-30 03:42:06,068 - INFO -  Split ID: 0
2024-05-30 03:42:06,068 - INFO -  Top 1	(Epoch 70)acc (%):   69.44
2024-05-30 03:42:06,070 - INFO -  Top 3	(Epoch 70)acc (%):   84.26
2024-05-30 03:42:06,070 - INFO -  Top 5	(Epoch 70)acc (%):   88.01
2024-05-30 03:42:06,070 - INFO -  Top 10	(Epoch 70)acc (%):   91.57
2024-05-30 03:42:06,072 - INFO - 
Epoch	71
2024-05-30 03:42:18,131 - INFO - [204800/569465]	Loss  : 0.5552
2024-05-30 03:42:21,538 - INFO - [266240/569465]	Loss  : 0.5556
2024-05-30 03:42:26,179 - INFO - Test loss   : 0.6427
2024-05-30 03:42:26,179 - INFO - 
Epoch	72
2024-05-30 03:42:38,249 - INFO - [204800/569465]	Loss  : 0.5548
2024-05-30 03:42:41,662 - INFO - [266240/569465]	Loss  : 0.5559
2024-05-30 03:42:46,333 - INFO - Test loss   : 0.6191
2024-05-30 03:42:46,333 - INFO - 
Epoch	73
2024-05-30 03:42:58,382 - INFO - [204800/569465]	Loss  : 0.5555
2024-05-30 03:43:01,695 - INFO - [266240/569465]	Loss  : 0.5557
2024-05-30 03:43:06,421 - INFO - Test loss   : 0.6216
2024-05-30 03:43:06,421 - INFO - 
Epoch	74
2024-05-30 03:43:18,448 - INFO - [204800/569465]	Loss  : 0.5543
2024-05-30 03:43:21,891 - INFO - [266240/569465]	Loss  : 0.5550
2024-05-30 03:43:26,549 - INFO - Test loss   : 0.6086
2024-05-30 03:43:26,549 - INFO - 
Epoch	75
2024-05-30 03:43:38,582 - INFO - [204800/569465]	Loss  : 0.5539
2024-05-30 03:43:41,989 - INFO - [266240/569465]	Loss  : 0.5544
2024-05-30 03:43:46,675 - INFO - Test loss   : 0.6310
2024-05-30 03:43:46,676 - INFO - 
Epoch	76
2024-05-30 03:43:58,758 - INFO - [204800/569465]	Loss  : 0.5526
2024-05-30 03:44:02,228 - INFO - [266240/569465]	Loss  : 0.5535
2024-05-30 03:44:06,909 - INFO - Test loss   : 0.6213
2024-05-30 03:44:06,910 - INFO - 
Epoch	77
2024-05-30 03:44:18,965 - INFO - [204800/569465]	Loss  : 0.5523
2024-05-30 03:44:22,397 - INFO - [266240/569465]	Loss  : 0.5529
2024-05-30 03:44:27,064 - INFO - Test loss   : 0.6223
2024-05-30 03:44:27,064 - INFO - 
Epoch	78
2024-05-30 03:44:39,169 - INFO - [204800/569465]	Loss  : 0.5523
2024-05-30 03:44:42,507 - INFO - [266240/569465]	Loss  : 0.5533
2024-05-30 03:44:47,275 - INFO - Test loss   : 0.6292
2024-05-30 03:44:47,275 - INFO - 
Epoch	79
2024-05-30 03:44:59,373 - INFO - [204800/569465]	Loss  : 0.5508
2024-05-30 03:45:02,709 - INFO - [266240/569465]	Loss  : 0.5515
2024-05-30 03:45:07,487 - INFO - Test loss   : 0.6273
2024-05-30 03:45:07,488 - INFO - 
Epoch	80
2024-05-30 03:45:19,525 - INFO - [204800/569465]	Loss  : 0.5504
2024-05-30 03:45:22,906 - INFO - [266240/569465]	Loss  : 0.5514
2024-05-30 03:45:27,655 - INFO - Test loss   : 0.6076
2024-05-30 03:45:29,187 - INFO - (93622,)
2024-05-30 03:46:16,019 - INFO -  Split ID: 0
2024-05-30 03:46:16,057 - INFO -  Top 1	LocEnc (Epoch 80)acc (%):   0.76
2024-05-30 03:46:16,060 - INFO -  Top 3	LocEnc (Epoch 80)acc (%):   2.15
2024-05-30 03:46:16,063 - INFO -  Top 5	LocEnc (Epoch 80)acc (%):   3.33
2024-05-30 03:46:16,066 - INFO -  Top 10	LocEnc (Epoch 80)acc (%):   5.96
2024-05-30 03:46:16,332 - INFO - 
No prior
2024-05-30 03:46:16,986 - INFO - (95986,)
2024-05-30 03:46:35,407 - INFO -  Split ID: 0
2024-05-30 03:46:35,408 - INFO -  Top 1	(Epoch 80)acc (%):   63.27
2024-05-30 03:46:35,408 - INFO -  Top 3	(Epoch 80)acc (%):   79.82
2024-05-30 03:46:35,408 - INFO -  Top 5	(Epoch 80)acc (%):   84.51
2024-05-30 03:46:35,408 - INFO -  Top 10	(Epoch 80)acc (%):   88.99
2024-05-30 03:47:22,736 - INFO -  Split ID: 0
2024-05-30 03:47:22,737 - INFO -  Top 1	(Epoch 80)acc (%):   69.43
2024-05-30 03:47:22,738 - INFO -  Top 3	(Epoch 80)acc (%):   84.24
2024-05-30 03:47:22,738 - INFO -  Top 5	(Epoch 80)acc (%):   87.97
2024-05-30 03:47:22,739 - INFO -  Top 10	(Epoch 80)acc (%):   91.54
2024-05-30 03:47:22,740 - INFO - 
Epoch	81
2024-05-30 03:47:34,796 - INFO - [204800/569465]	Loss  : 0.5516
2024-05-30 03:47:38,140 - INFO - [266240/569465]	Loss  : 0.5518
2024-05-30 03:47:42,891 - INFO - Test loss   : 0.6140
2024-05-30 03:47:42,891 - INFO - 
Epoch	82
2024-05-30 03:47:54,960 - INFO - [204800/569465]	Loss  : 0.5507
2024-05-30 03:47:58,323 - INFO - [266240/569465]	Loss  : 0.5517
2024-05-30 03:48:03,003 - INFO - Test loss   : 0.6237
2024-05-30 03:48:03,003 - INFO - 
Epoch	83
2024-05-30 03:48:15,089 - INFO - [204800/569465]	Loss  : 0.5495
2024-05-30 03:48:18,521 - INFO - [266240/569465]	Loss  : 0.5505
2024-05-30 03:48:23,176 - INFO - Test loss   : 0.6413
2024-05-30 03:48:23,176 - INFO - 
Epoch	84
2024-05-30 03:48:35,268 - INFO - [204800/569465]	Loss  : 0.5499
2024-05-30 03:48:38,697 - INFO - [266240/569465]	Loss  : 0.5506
2024-05-30 03:48:43,340 - INFO - Test loss   : 0.6292
2024-05-30 03:48:43,340 - INFO - 
Epoch	85
2024-05-30 03:48:55,371 - INFO - [204800/569465]	Loss  : 0.5490
2024-05-30 03:48:58,786 - INFO - [266240/569465]	Loss  : 0.5499
2024-05-30 03:49:03,480 - INFO - Test loss   : 0.6374
2024-05-30 03:49:03,480 - INFO - 
Epoch	86
2024-05-30 03:49:15,510 - INFO - [204800/569465]	Loss  : 0.5483
2024-05-30 03:49:18,905 - INFO - [266240/569465]	Loss  : 0.5489
2024-05-30 03:49:23,536 - INFO - Test loss   : 0.6251
2024-05-30 03:49:23,536 - INFO - 
Epoch	87
2024-05-30 03:49:35,614 - INFO - [204800/569465]	Loss  : 0.5478
2024-05-30 03:49:39,058 - INFO - [266240/569465]	Loss  : 0.5487
2024-05-30 03:49:43,722 - INFO - Test loss   : 0.6404
2024-05-30 03:49:43,722 - INFO - 
Epoch	88
2024-05-30 03:49:55,808 - INFO - [204800/569465]	Loss  : 0.5474
2024-05-30 03:49:59,250 - INFO - [266240/569465]	Loss  : 0.5487
2024-05-30 03:50:03,910 - INFO - Test loss   : 0.6217
2024-05-30 03:50:03,910 - INFO - 
Epoch	89
2024-05-30 03:50:15,756 - INFO - [204800/569465]	Loss  : 0.5480
2024-05-30 03:50:19,134 - INFO - [266240/569465]	Loss  : 0.5484
2024-05-30 03:50:23,728 - INFO - Test loss   : 0.6532
2024-05-30 03:50:23,729 - INFO - 
Epoch	90
2024-05-30 03:50:35,597 - INFO - [204800/569465]	Loss  : 0.5467
2024-05-30 03:50:38,882 - INFO - [266240/569465]	Loss  : 0.5472
2024-05-30 03:50:43,556 - INFO - Test loss   : 0.6473
2024-05-30 03:50:44,924 - INFO - (93622,)
2024-05-30 03:51:31,509 - INFO -  Split ID: 0
2024-05-30 03:51:31,546 - INFO -  Top 1	LocEnc (Epoch 90)acc (%):   0.79
2024-05-30 03:51:31,550 - INFO -  Top 3	LocEnc (Epoch 90)acc (%):   2.14
2024-05-30 03:51:31,553 - INFO -  Top 5	LocEnc (Epoch 90)acc (%):   3.32
2024-05-30 03:51:31,556 - INFO -  Top 10	LocEnc (Epoch 90)acc (%):   5.81
2024-05-30 03:51:31,816 - INFO - 
No prior
2024-05-30 03:51:32,446 - INFO - (95986,)
2024-05-30 03:51:50,734 - INFO -  Split ID: 0
2024-05-30 03:51:50,734 - INFO -  Top 1	(Epoch 90)acc (%):   63.27
2024-05-30 03:51:50,735 - INFO -  Top 3	(Epoch 90)acc (%):   79.82
2024-05-30 03:51:50,735 - INFO -  Top 5	(Epoch 90)acc (%):   84.51
2024-05-30 03:51:50,735 - INFO -  Top 10	(Epoch 90)acc (%):   88.99
2024-05-30 03:52:37,952 - INFO -  Split ID: 0
2024-05-30 03:52:37,953 - INFO -  Top 1	(Epoch 90)acc (%):   69.36
2024-05-30 03:52:37,953 - INFO -  Top 3	(Epoch 90)acc (%):   84.13
2024-05-30 03:52:37,953 - INFO -  Top 5	(Epoch 90)acc (%):   87.89
2024-05-30 03:52:37,953 - INFO -  Top 10	(Epoch 90)acc (%):   91.47
2024-05-30 03:52:37,955 - INFO - 
Epoch	91
2024-05-30 03:52:50,016 - INFO - [204800/569465]	Loss  : 0.5473
2024-05-30 03:52:53,451 - INFO - [266240/569465]	Loss  : 0.5480
2024-05-30 03:52:58,117 - INFO - Test loss   : 0.6493
2024-05-30 03:52:58,118 - INFO - 
Epoch	92
2024-05-30 03:53:10,184 - INFO - [204800/569465]	Loss  : 0.5465
2024-05-30 03:53:13,626 - INFO - [266240/569465]	Loss  : 0.5467
2024-05-30 03:53:18,282 - INFO - Test loss   : 0.6497
2024-05-30 03:53:18,283 - INFO - 
Epoch	93
2024-05-30 03:53:30,338 - INFO - [204800/569465]	Loss  : 0.5464
2024-05-30 03:53:33,747 - INFO - [266240/569465]	Loss  : 0.5468
2024-05-30 03:53:38,430 - INFO - Test loss   : 0.6395
2024-05-30 03:53:38,430 - INFO - 
Epoch	94
2024-05-30 03:53:50,509 - INFO - [204800/569465]	Loss  : 0.5448
2024-05-30 03:53:53,950 - INFO - [266240/569465]	Loss  : 0.5457
2024-05-30 03:53:58,610 - INFO - Test loss   : 0.6528
2024-05-30 03:53:58,610 - INFO - 
Epoch	95
2024-05-30 03:54:10,700 - INFO - [204800/569465]	Loss  : 0.5452
2024-05-30 03:54:14,025 - INFO - [266240/569465]	Loss  : 0.5461
2024-05-30 03:54:18,791 - INFO - Test loss   : 0.6392
2024-05-30 03:54:18,791 - INFO - 
Epoch	96
2024-05-30 03:54:30,871 - INFO - [204800/569465]	Loss  : 0.5449
2024-05-30 03:54:34,220 - INFO - [266240/569465]	Loss  : 0.5457
2024-05-30 03:54:38,993 - INFO - Test loss   : 0.6306
2024-05-30 03:54:38,994 - INFO - 
Epoch	97
2024-05-30 03:54:51,003 - INFO - [204800/569465]	Loss  : 0.5437
2024-05-30 03:54:54,301 - INFO - [266240/569465]	Loss  : 0.5449
2024-05-30 03:54:59,023 - INFO - Test loss   : 0.6461
2024-05-30 03:54:59,023 - INFO - 
Epoch	98
2024-05-30 03:55:11,011 - INFO - [204800/569465]	Loss  : 0.5448
2024-05-30 03:55:14,354 - INFO - [266240/569465]	Loss  : 0.5453
2024-05-30 03:55:19,098 - INFO - Test loss   : 0.6566
2024-05-30 03:55:19,098 - INFO - 
Epoch	99
2024-05-30 03:55:31,165 - INFO - [204800/569465]	Loss  : 0.5447
2024-05-30 03:55:34,516 - INFO - [266240/569465]	Loss  : 0.5454
2024-05-30 03:55:39,179 - INFO - Test loss   : 0.6480
2024-05-30 03:55:39,179 - INFO - Saving output model to ../models/sphere2vec_dfs/model_inat_2017_Sphere2Vec-dfs_inception_v3_0.0100_8_0.0100000_1.000_1_512_BATCH4096_leakyrelu.pth.tar
2024-05-30 03:55:39,230 - INFO - Saving output model to ../models/sphere2vec_dfs/model_inat_2017_Sphere2Vec-dfs_inception_v3_0.0100_8_0.0100000_1.000_1_512_BATCH4096_leakyrelu.pth.tar
2024-05-30 03:55:39,423 - INFO - 
No prior
2024-05-30 03:55:40,069 - INFO - (95986,)
2024-05-30 03:55:58,589 - INFO -  Split ID: 0
2024-05-30 03:55:58,589 - INFO -  Top 1	acc (%):   63.27
2024-05-30 03:55:58,590 - INFO -  Top 3	acc (%):   79.82
2024-05-30 03:55:58,590 - INFO -  Top 5	acc (%):   84.51
2024-05-30 03:55:58,590 - INFO -  Top 10	acc (%):   88.99
2024-05-30 03:56:46,228 - INFO -  Split ID: 0
2024-05-30 03:56:46,229 - INFO -  Top 1	acc (%):   69.42
2024-05-30 03:56:46,229 - INFO -  Top 3	acc (%):   84.14
2024-05-30 03:56:46,229 - INFO -  Top 5	acc (%):   87.9
2024-05-30 03:56:46,229 - INFO -  Top 10	acc (%):   91.46
2024-05-30 03:56:46,231 - INFO - 
Sphere2Vec-dfs
2024-05-30 03:56:46,231 - INFO -  Model :	model_inat_2017_Sphere2Vec-dfs_inception_v3_0.0100_8_0.0100000_1.000_1_512_BATCH4096_leakyrelu.pth.tar
2024-05-30 03:56:47,829 - INFO - (93622,)
2024-05-30 03:57:34,757 - INFO -  Split ID: 0
2024-05-30 03:57:34,796 - INFO -  Top 1	LocEnc acc (%):   0.8
2024-05-30 03:57:34,799 - INFO -  Top 3	LocEnc acc (%):   2.14
2024-05-30 03:57:34,802 - INFO -  Top 5	LocEnc acc (%):   3.34
2024-05-30 03:57:34,806 - INFO -  Top 10	LocEnc acc (%):   5.92
2024-05-31 04:02:26,711 - INFO - 
num_classes	5089
2024-05-31 04:02:26,711 - INFO - num train    	569465
2024-05-31 04:02:26,711 - INFO - num val      	93622
2024-05-31 04:02:26,711 - INFO - train loss   	full_loss
2024-05-31 04:02:26,711 - INFO - model name   	../models/sphere2vec_dfs/model_inat_2017_Sphere2Vec-dfs_inception_v3_0.0100_8_0.0100000_1.000_1_512_BATCH4096_leakyrelu.pth.tar
2024-05-31 04:02:26,711 - INFO - num users    	17302
2024-05-31 04:02:27,578 - INFO - 
Only Sphere2Vec-dfs
2024-05-31 04:02:27,579 - INFO -  Model :	model_inat_2017_Sphere2Vec-dfs_inception_v3_0.0100_8_0.0100000_1.000_1_512_BATCH4096_leakyrelu.pth.tar
2024-05-31 04:02:27,950 - INFO - Saving output model to ../models/sphere2vec_dfs/model_inat_2017_Sphere2Vec-dfs_inception_v3_0.0100_8_0.0100000_1.000_1_512_BATCH4096_leakyrelu.pth.tar
2024-05-31 04:02:28,165 - INFO - Saving output model to ../models/sphere2vec_dfs/model_inat_2017_Sphere2Vec-dfs_inception_v3_0.0100_8_0.0100000_1.000_1_512_BATCH4096_leakyrelu.pth.tar
2024-05-31 04:02:28,523 - INFO - 
No prior
2024-05-31 04:02:29,267 - INFO - (95986,)
2024-05-31 04:03:00,789 - INFO - Save results to ../eval_results/eval_inat_2017__val_no_prior.csv
2024-05-31 04:03:00,789 - INFO -  Split ID: 0
2024-05-31 04:03:00,790 - INFO -  Top 1	acc (%):   63.27
2024-05-31 04:03:00,790 - INFO -  Top 3	acc (%):   79.82
2024-05-31 04:03:00,790 - INFO -  Top 5	acc (%):   84.51
2024-05-31 04:03:00,790 - INFO -  Top 10	acc (%):   88.99
2024-05-31 04:04:14,728 - INFO -  Split ID: 0
2024-05-31 04:04:14,729 - INFO -  Top 1	hit (%):   69.42
2024-05-31 04:04:14,729 - INFO -  Top 3	hit (%):   84.14
2024-05-31 04:04:14,729 - INFO -  Top 5	hit (%):   87.9
2024-05-31 04:04:14,729 - INFO -  Top 10	hit (%):   91.46
2024-05-31 04:04:14,754 - INFO - 
Only Sphere2Vec-dfs
2024-05-31 04:04:14,754 - INFO -  Model :	model_inat_2017_Sphere2Vec-dfs_inception_v3_0.0100_8_0.0100000_1.000_1_512_BATCH4096_leakyrelu.pth.tar
2024-05-31 04:04:16,504 - INFO - (93622,)
2024-05-31 04:05:02,412 - INFO -  Split ID: 0
2024-05-31 04:05:02,444 - INFO -  Top 1	LocEnc acc (%):   0.8
2024-05-31 04:05:02,447 - INFO -  Top 3	LocEnc acc (%):   2.14
2024-05-31 04:05:02,450 - INFO -  Top 5	LocEnc acc (%):   3.34
2024-05-31 04:05:02,453 - INFO -  Top 10	LocEnc acc (%):   5.92
