2024-05-30 08:56:50,801 - INFO - 
num_classes	555
2024-05-30 08:56:50,801 - INFO - num train    	22599
2024-05-30 08:56:50,801 - INFO - num val      	1100
2024-05-30 08:56:50,801 - INFO - train loss   	full_loss
2024-05-30 08:56:50,801 - INFO - model name   	../models/sphere2vec_dfs/model_nabirds_ebird_meta_Sphere2Vec-dfs_inception_v3_0.0100_8_0.0050000_1.000_3_256_BATCH4096_leakyrelu.pth.tar
2024-05-30 08:56:50,801 - INFO - num users    	5331
2024-05-30 08:56:50,801 - INFO - meta data    	ebird_meta
2024-05-30 08:56:51,537 - INFO - 
Epoch	0
2024-05-30 08:56:53,331 - INFO - [20480/22599]	Loss  : 1.7545
2024-05-30 08:56:53,383 - INFO - Test loss   : 1.4960
2024-05-30 08:56:53,383 - INFO - 
Epoch	1
2024-05-30 08:56:54,693 - INFO - [20480/22599]	Loss  : 1.4702
2024-05-30 08:56:54,749 - INFO - Test loss   : 0.6499
2024-05-30 08:56:54,749 - INFO - 
Epoch	2
2024-05-30 08:56:56,003 - INFO - [20480/22599]	Loss  : 1.3455
2024-05-30 08:56:56,054 - INFO - Test loss   : 0.6314
2024-05-30 08:56:56,054 - INFO - 
Epoch	3
2024-05-30 08:56:57,319 - INFO - [20480/22599]	Loss  : 1.2688
2024-05-30 08:56:57,371 - INFO - Test loss   : 0.4645
2024-05-30 08:56:57,371 - INFO - 
Epoch	4
2024-05-30 08:56:58,637 - INFO - [20480/22599]	Loss  : 1.2234
2024-05-30 08:56:58,689 - INFO - Test loss   : 0.5243
2024-05-30 08:56:58,689 - INFO - 
Epoch	5
2024-05-30 08:56:59,948 - INFO - [20480/22599]	Loss  : 1.1980
2024-05-30 08:57:00,001 - INFO - Test loss   : 0.4970
2024-05-30 08:57:00,001 - INFO - 
Epoch	6
2024-05-30 08:57:01,264 - INFO - [20480/22599]	Loss  : 1.1805
2024-05-30 08:57:01,315 - INFO - Test loss   : 0.5153
2024-05-30 08:57:01,315 - INFO - 
Epoch	7
2024-05-30 08:57:02,574 - INFO - [20480/22599]	Loss  : 1.1642
2024-05-30 08:57:02,625 - INFO - Test loss   : 0.4805
2024-05-30 08:57:02,625 - INFO - 
Epoch	8
2024-05-30 08:57:03,887 - INFO - [20480/22599]	Loss  : 1.1535
2024-05-30 08:57:03,938 - INFO - Test loss   : 0.4929
2024-05-30 08:57:03,938 - INFO - 
Epoch	9
2024-05-30 08:57:05,213 - INFO - [20480/22599]	Loss  : 1.1426
2024-05-30 08:57:05,265 - INFO - Test loss   : 0.5120
2024-05-30 08:57:05,265 - INFO - 
Epoch	10
2024-05-30 08:57:06,534 - INFO - [20480/22599]	Loss  : 1.1305
2024-05-30 08:57:06,585 - INFO - Test loss   : 0.4948
2024-05-30 08:57:06,598 - INFO - (1100,)
2024-05-30 08:57:06,643 - INFO -  Split ID: 0
2024-05-30 08:57:06,643 - INFO -  Top 1	LocEnc (Epoch 10)acc (%):   0.45
2024-05-30 08:57:06,643 - INFO -  Top 3	LocEnc (Epoch 10)acc (%):   1.64
2024-05-30 08:57:06,643 - INFO -  Top 5	LocEnc (Epoch 10)acc (%):   2.73
2024-05-30 08:57:06,643 - INFO -  Top 10	LocEnc (Epoch 10)acc (%):   6.0
2024-05-30 08:57:06,644 - INFO - 
No prior
2024-05-30 08:57:06,678 - INFO - (24633,)
2024-05-30 08:57:07,342 - INFO -  Split ID: 0
2024-05-30 08:57:07,342 - INFO -  Top 1	(Epoch 10)acc (%):   76.08
2024-05-30 08:57:07,343 - INFO -  Top 3	(Epoch 10)acc (%):   90.98
2024-05-30 08:57:07,343 - INFO -  Top 5	(Epoch 10)acc (%):   94.06
2024-05-30 08:57:07,343 - INFO -  Top 10	(Epoch 10)acc (%):   96.83
2024-05-30 08:57:22,318 - INFO -  Split ID: 0
2024-05-30 08:57:22,318 - INFO -  Top 1	(Epoch 10)acc (%):   79.08
2024-05-30 08:57:22,318 - INFO -  Top 3	(Epoch 10)acc (%):   92.33
2024-05-30 08:57:22,318 - INFO -  Top 5	(Epoch 10)acc (%):   95.01
2024-05-30 08:57:22,318 - INFO -  Top 10	(Epoch 10)acc (%):   97.43
2024-05-30 08:57:22,318 - INFO - 
Epoch	11
2024-05-30 08:57:23,536 - INFO - [20480/22599]	Loss  : 1.1196
2024-05-30 08:57:23,588 - INFO - Test loss   : 0.4889
2024-05-30 08:57:23,588 - INFO - 
Epoch	12
2024-05-30 08:57:24,807 - INFO - [20480/22599]	Loss  : 1.1103
2024-05-30 08:57:24,869 - INFO - Test loss   : 0.4945
2024-05-30 08:57:24,869 - INFO - 
Epoch	13
2024-05-30 08:57:26,121 - INFO - [20480/22599]	Loss  : 1.0991
2024-05-30 08:57:26,174 - INFO - Test loss   : 0.5123
2024-05-30 08:57:26,174 - INFO - 
Epoch	14
2024-05-30 08:57:27,416 - INFO - [20480/22599]	Loss  : 1.0931
2024-05-30 08:57:27,469 - INFO - Test loss   : 0.4936
2024-05-30 08:57:27,469 - INFO - 
Epoch	15
2024-05-30 08:57:28,734 - INFO - [20480/22599]	Loss  : 1.0796
2024-05-30 08:57:28,785 - INFO - Test loss   : 0.4933
2024-05-30 08:57:28,785 - INFO - 
Epoch	16
2024-05-30 08:57:30,045 - INFO - [20480/22599]	Loss  : 1.0723
2024-05-30 08:57:30,097 - INFO - Test loss   : 0.4853
2024-05-30 08:57:30,097 - INFO - 
Epoch	17
2024-05-30 08:57:31,361 - INFO - [20480/22599]	Loss  : 1.0643
2024-05-30 08:57:31,412 - INFO - Test loss   : 0.4946
2024-05-30 08:57:31,412 - INFO - 
Epoch	18
2024-05-30 08:57:32,758 - INFO - [20480/22599]	Loss  : 1.0555
2024-05-30 08:57:32,809 - INFO - Test loss   : 0.4707
2024-05-30 08:57:32,809 - INFO - 
Epoch	19
2024-05-30 08:57:34,078 - INFO - [20480/22599]	Loss  : 1.0467
2024-05-30 08:57:34,130 - INFO - Test loss   : 0.4953
2024-05-30 08:57:34,130 - INFO - 
Epoch	20
2024-05-30 08:57:35,398 - INFO - [20480/22599]	Loss  : 1.0403
2024-05-30 08:57:35,449 - INFO - Test loss   : 0.4894
2024-05-30 08:57:35,456 - INFO - (1100,)
2024-05-30 08:57:35,501 - INFO -  Split ID: 0
2024-05-30 08:57:35,501 - INFO -  Top 1	LocEnc (Epoch 20)acc (%):   1.0
2024-05-30 08:57:35,501 - INFO -  Top 3	LocEnc (Epoch 20)acc (%):   3.18
2024-05-30 08:57:35,501 - INFO -  Top 5	LocEnc (Epoch 20)acc (%):   5.36
2024-05-30 08:57:35,501 - INFO -  Top 10	LocEnc (Epoch 20)acc (%):   9.0
2024-05-30 08:57:35,502 - INFO - 
No prior
2024-05-30 08:57:35,530 - INFO - (24633,)
2024-05-30 08:57:36,188 - INFO -  Split ID: 0
2024-05-30 08:57:36,189 - INFO -  Top 1	(Epoch 20)acc (%):   76.08
2024-05-30 08:57:36,189 - INFO -  Top 3	(Epoch 20)acc (%):   90.98
2024-05-30 08:57:36,189 - INFO -  Top 5	(Epoch 20)acc (%):   94.06
2024-05-30 08:57:36,189 - INFO -  Top 10	(Epoch 20)acc (%):   96.83
2024-05-30 08:57:51,235 - INFO -  Split ID: 0
2024-05-30 08:57:51,235 - INFO -  Top 1	(Epoch 20)acc (%):   79.76
2024-05-30 08:57:51,236 - INFO -  Top 3	(Epoch 20)acc (%):   92.77
2024-05-30 08:57:51,236 - INFO -  Top 5	(Epoch 20)acc (%):   95.39
2024-05-30 08:57:51,236 - INFO -  Top 10	(Epoch 20)acc (%):   97.63
2024-05-30 08:57:51,236 - INFO - 
Epoch	21
2024-05-30 08:57:52,505 - INFO - [20480/22599]	Loss  : 1.0331
2024-05-30 08:57:52,558 - INFO - Test loss   : 0.5017
2024-05-30 08:57:52,558 - INFO - 
Epoch	22
2024-05-30 08:57:53,844 - INFO - [20480/22599]	Loss  : 1.0286
2024-05-30 08:57:53,897 - INFO - Test loss   : 0.4464
2024-05-30 08:57:53,897 - INFO - 
Epoch	23
2024-05-30 08:57:55,169 - INFO - [20480/22599]	Loss  : 1.0185
2024-05-30 08:57:55,221 - INFO - Test loss   : 0.4766
2024-05-30 08:57:55,221 - INFO - 
Epoch	24
2024-05-30 08:57:56,483 - INFO - [20480/22599]	Loss  : 1.0121
2024-05-30 08:57:56,535 - INFO - Test loss   : 0.4795
2024-05-30 08:57:56,535 - INFO - 
Epoch	25
2024-05-30 08:57:57,804 - INFO - [20480/22599]	Loss  : 1.0057
2024-05-30 08:57:57,856 - INFO - Test loss   : 0.4461
2024-05-30 08:57:57,856 - INFO - 
Epoch	26
2024-05-30 08:57:59,127 - INFO - [20480/22599]	Loss  : 1.0024
2024-05-30 08:57:59,179 - INFO - Test loss   : 0.4372
2024-05-30 08:57:59,179 - INFO - 
Epoch	27
2024-05-30 08:58:00,444 - INFO - [20480/22599]	Loss  : 0.9942
2024-05-30 08:58:00,498 - INFO - Test loss   : 0.4779
2024-05-30 08:58:00,498 - INFO - 
Epoch	28
2024-05-30 08:58:01,771 - INFO - [20480/22599]	Loss  : 0.9903
2024-05-30 08:58:01,823 - INFO - Test loss   : 0.4778
2024-05-30 08:58:01,823 - INFO - 
Epoch	29
2024-05-30 08:58:03,086 - INFO - [20480/22599]	Loss  : 0.9815
2024-05-30 08:58:03,137 - INFO - Test loss   : 0.4666
2024-05-30 08:58:03,138 - INFO - 
Epoch	30
2024-05-30 08:58:04,399 - INFO - [20480/22599]	Loss  : 0.9732
2024-05-30 08:58:04,450 - INFO - Test loss   : 0.4605
2024-05-30 08:58:04,455 - INFO - (1100,)
2024-05-30 08:58:04,500 - INFO -  Split ID: 0
2024-05-30 08:58:04,500 - INFO -  Top 1	LocEnc (Epoch 30)acc (%):   1.45
2024-05-30 08:58:04,500 - INFO -  Top 3	LocEnc (Epoch 30)acc (%):   3.73
2024-05-30 08:58:04,500 - INFO -  Top 5	LocEnc (Epoch 30)acc (%):   6.82
2024-05-30 08:58:04,501 - INFO -  Top 10	LocEnc (Epoch 30)acc (%):   10.82
2024-05-30 08:58:04,501 - INFO - 
No prior
2024-05-30 08:58:04,529 - INFO - (24633,)
2024-05-30 08:58:05,183 - INFO -  Split ID: 0
2024-05-30 08:58:05,183 - INFO -  Top 1	(Epoch 30)acc (%):   76.08
2024-05-30 08:58:05,183 - INFO -  Top 3	(Epoch 30)acc (%):   90.98
2024-05-30 08:58:05,183 - INFO -  Top 5	(Epoch 30)acc (%):   94.06
2024-05-30 08:58:05,184 - INFO -  Top 10	(Epoch 30)acc (%):   96.83
2024-05-30 08:58:20,119 - INFO -  Split ID: 0
2024-05-30 08:58:20,119 - INFO -  Top 1	(Epoch 30)acc (%):   80.55
2024-05-30 08:58:20,119 - INFO -  Top 3	(Epoch 30)acc (%):   93.05
2024-05-30 08:58:20,119 - INFO -  Top 5	(Epoch 30)acc (%):   95.58
2024-05-30 08:58:20,119 - INFO -  Top 10	(Epoch 30)acc (%):   97.76
2024-05-30 08:58:20,120 - INFO - 
Epoch	31
2024-05-30 08:58:21,368 - INFO - [20480/22599]	Loss  : 0.9721
2024-05-30 08:58:21,420 - INFO - Test loss   : 0.4696
2024-05-30 08:58:21,420 - INFO - 
Epoch	32
2024-05-30 08:58:22,784 - INFO - [20480/22599]	Loss  : 0.9678
2024-05-30 08:58:22,836 - INFO - Test loss   : 0.4649
2024-05-30 08:58:22,836 - INFO - 
Epoch	33
2024-05-30 08:58:24,101 - INFO - [20480/22599]	Loss  : 0.9654
2024-05-30 08:58:24,152 - INFO - Test loss   : 0.4548
2024-05-30 08:58:24,152 - INFO - 
Epoch	34
2024-05-30 08:58:25,409 - INFO - [20480/22599]	Loss  : 0.9627
2024-05-30 08:58:25,461 - INFO - Test loss   : 0.4683
2024-05-30 08:58:25,461 - INFO - 
Epoch	35
2024-05-30 08:58:26,726 - INFO - [20480/22599]	Loss  : 0.9580
2024-05-30 08:58:26,778 - INFO - Test loss   : 0.4741
2024-05-30 08:58:26,778 - INFO - 
Epoch	36
2024-05-30 08:58:28,037 - INFO - [20480/22599]	Loss  : 0.9549
2024-05-30 08:58:28,089 - INFO - Test loss   : 0.4737
2024-05-30 08:58:28,089 - INFO - 
Epoch	37
2024-05-30 08:58:29,347 - INFO - [20480/22599]	Loss  : 0.9504
2024-05-30 08:58:29,398 - INFO - Test loss   : 0.4620
2024-05-30 08:58:29,398 - INFO - 
Epoch	38
2024-05-30 08:58:30,659 - INFO - [20480/22599]	Loss  : 0.9511
2024-05-30 08:58:30,710 - INFO - Test loss   : 0.4570
2024-05-30 08:58:30,710 - INFO - 
Epoch	39
2024-05-30 08:58:31,973 - INFO - [20480/22599]	Loss  : 0.9459
2024-05-30 08:58:32,024 - INFO - Test loss   : 0.4587
2024-05-30 08:58:32,025 - INFO - 
Epoch	40
2024-05-30 08:58:33,295 - INFO - [20480/22599]	Loss  : 0.9441
2024-05-30 08:58:33,346 - INFO - Test loss   : 0.4572
2024-05-30 08:58:33,352 - INFO - (1100,)
2024-05-30 08:58:33,397 - INFO -  Split ID: 0
2024-05-30 08:58:33,398 - INFO -  Top 1	LocEnc (Epoch 40)acc (%):   1.45
2024-05-30 08:58:33,398 - INFO -  Top 3	LocEnc (Epoch 40)acc (%):   4.27
2024-05-30 08:58:33,398 - INFO -  Top 5	LocEnc (Epoch 40)acc (%):   6.55
2024-05-30 08:58:33,398 - INFO -  Top 10	LocEnc (Epoch 40)acc (%):   11.18
2024-05-30 08:58:33,398 - INFO - 
No prior
2024-05-30 08:58:33,427 - INFO - (24633,)
2024-05-30 08:58:34,079 - INFO -  Split ID: 0
2024-05-30 08:58:34,080 - INFO -  Top 1	(Epoch 40)acc (%):   76.08
2024-05-30 08:58:34,080 - INFO -  Top 3	(Epoch 40)acc (%):   90.98
2024-05-30 08:58:34,080 - INFO -  Top 5	(Epoch 40)acc (%):   94.06
2024-05-30 08:58:34,080 - INFO -  Top 10	(Epoch 40)acc (%):   96.83
2024-05-30 08:58:49,034 - INFO -  Split ID: 0
2024-05-30 08:58:49,035 - INFO -  Top 1	(Epoch 40)acc (%):   80.9
2024-05-30 08:58:49,035 - INFO -  Top 3	(Epoch 40)acc (%):   93.23
2024-05-30 08:58:49,035 - INFO -  Top 5	(Epoch 40)acc (%):   95.72
2024-05-30 08:58:49,035 - INFO -  Top 10	(Epoch 40)acc (%):   97.78
2024-05-30 08:58:49,035 - INFO - 
Epoch	41
2024-05-30 08:58:50,302 - INFO - [20480/22599]	Loss  : 0.9409
2024-05-30 08:58:50,355 - INFO - Test loss   : 0.4628
2024-05-30 08:58:50,355 - INFO - 
Epoch	42
2024-05-30 08:58:51,621 - INFO - [20480/22599]	Loss  : 0.9409
2024-05-30 08:58:51,673 - INFO - Test loss   : 0.4641
2024-05-30 08:58:51,673 - INFO - 
Epoch	43
2024-05-30 08:58:52,936 - INFO - [20480/22599]	Loss  : 0.9377
2024-05-30 08:58:52,988 - INFO - Test loss   : 0.4417
2024-05-30 08:58:52,988 - INFO - 
Epoch	44
2024-05-30 08:58:54,254 - INFO - [20480/22599]	Loss  : 0.9377
2024-05-30 08:58:54,305 - INFO - Test loss   : 0.4483
2024-05-30 08:58:54,306 - INFO - 
Epoch	45
2024-05-30 08:58:55,569 - INFO - [20480/22599]	Loss  : 0.9364
2024-05-30 08:58:55,621 - INFO - Test loss   : 0.4545
2024-05-30 08:58:55,621 - INFO - 
Epoch	46
2024-05-30 08:58:56,959 - INFO - [20480/22599]	Loss  : 0.9336
2024-05-30 08:58:57,013 - INFO - Test loss   : 0.4740
2024-05-30 08:58:57,013 - INFO - 
Epoch	47
2024-05-30 08:58:58,295 - INFO - [20480/22599]	Loss  : 0.9307
2024-05-30 08:58:58,346 - INFO - Test loss   : 0.4764
2024-05-30 08:58:58,346 - INFO - 
Epoch	48
2024-05-30 08:58:59,615 - INFO - [20480/22599]	Loss  : 0.9285
2024-05-30 08:58:59,667 - INFO - Test loss   : 0.4557
2024-05-30 08:58:59,667 - INFO - 
Epoch	49
2024-05-30 08:59:00,943 - INFO - [20480/22599]	Loss  : 0.9294
2024-05-30 08:59:00,996 - INFO - Test loss   : 0.4599
2024-05-30 08:59:00,997 - INFO - 
Epoch	50
2024-05-30 08:59:02,263 - INFO - [20480/22599]	Loss  : 0.9288
2024-05-30 08:59:02,315 - INFO - Test loss   : 0.4608
2024-05-30 08:59:02,320 - INFO - (1100,)
2024-05-30 08:59:02,365 - INFO -  Split ID: 0
2024-05-30 08:59:02,366 - INFO -  Top 1	LocEnc (Epoch 50)acc (%):   2.0
2024-05-30 08:59:02,366 - INFO -  Top 3	LocEnc (Epoch 50)acc (%):   4.91
2024-05-30 08:59:02,366 - INFO -  Top 5	LocEnc (Epoch 50)acc (%):   7.73
2024-05-30 08:59:02,366 - INFO -  Top 10	LocEnc (Epoch 50)acc (%):   12.64
2024-05-30 08:59:02,367 - INFO - 
No prior
2024-05-30 08:59:02,395 - INFO - (24633,)
2024-05-30 08:59:03,056 - INFO -  Split ID: 0
2024-05-30 08:59:03,056 - INFO -  Top 1	(Epoch 50)acc (%):   76.08
2024-05-30 08:59:03,056 - INFO -  Top 3	(Epoch 50)acc (%):   90.98
2024-05-30 08:59:03,056 - INFO -  Top 5	(Epoch 50)acc (%):   94.06
2024-05-30 08:59:03,056 - INFO -  Top 10	(Epoch 50)acc (%):   96.83
2024-05-30 08:59:18,035 - INFO -  Split ID: 0
2024-05-30 08:59:18,035 - INFO -  Top 1	(Epoch 50)acc (%):   81.04
2024-05-30 08:59:18,037 - INFO -  Top 3	(Epoch 50)acc (%):   93.32
2024-05-30 08:59:18,037 - INFO -  Top 5	(Epoch 50)acc (%):   95.78
2024-05-30 08:59:18,037 - INFO -  Top 10	(Epoch 50)acc (%):   97.84
2024-05-30 08:59:18,038 - INFO - 
Epoch	51
2024-05-30 08:59:19,302 - INFO - [20480/22599]	Loss  : 0.9228
2024-05-30 08:59:19,354 - INFO - Test loss   : 0.4821
2024-05-30 08:59:19,354 - INFO - 
Epoch	52
2024-05-30 08:59:20,627 - INFO - [20480/22599]	Loss  : 0.9243
2024-05-30 08:59:20,686 - INFO - Test loss   : 0.4746
2024-05-30 08:59:20,687 - INFO - 
Epoch	53
2024-05-30 08:59:21,958 - INFO - [20480/22599]	Loss  : 0.9206
2024-05-30 08:59:22,010 - INFO - Test loss   : 0.4737
2024-05-30 08:59:22,010 - INFO - 
Epoch	54
2024-05-30 08:59:23,274 - INFO - [20480/22599]	Loss  : 0.9203
2024-05-30 08:59:23,326 - INFO - Test loss   : 0.4721
2024-05-30 08:59:23,326 - INFO - 
Epoch	55
2024-05-30 08:59:24,591 - INFO - [20480/22599]	Loss  : 0.9210
2024-05-30 08:59:24,643 - INFO - Test loss   : 0.4675
2024-05-30 08:59:24,643 - INFO - 
Epoch	56
2024-05-30 08:59:25,900 - INFO - [20480/22599]	Loss  : 0.9187
2024-05-30 08:59:25,951 - INFO - Test loss   : 0.4638
2024-05-30 08:59:25,952 - INFO - 
Epoch	57
2024-05-30 08:59:27,222 - INFO - [20480/22599]	Loss  : 0.9187
2024-05-30 08:59:27,275 - INFO - Test loss   : 0.4713
2024-05-30 08:59:27,275 - INFO - 
Epoch	58
2024-05-30 08:59:28,560 - INFO - [20480/22599]	Loss  : 0.9156
2024-05-30 08:59:28,612 - INFO - Test loss   : 0.4772
2024-05-30 08:59:28,612 - INFO - 
Epoch	59
2024-05-30 08:59:29,882 - INFO - [20480/22599]	Loss  : 0.9142
2024-05-30 08:59:29,951 - INFO - Test loss   : 0.4821
2024-05-30 08:59:29,951 - INFO - 
Epoch	60
2024-05-30 08:59:31,289 - INFO - [20480/22599]	Loss  : 0.9114
2024-05-30 08:59:31,341 - INFO - Test loss   : 0.4817
2024-05-30 08:59:31,346 - INFO - (1100,)
2024-05-30 08:59:31,392 - INFO -  Split ID: 0
2024-05-30 08:59:31,393 - INFO -  Top 1	LocEnc (Epoch 60)acc (%):   1.45
2024-05-30 08:59:31,393 - INFO -  Top 3	LocEnc (Epoch 60)acc (%):   5.0
2024-05-30 08:59:31,393 - INFO -  Top 5	LocEnc (Epoch 60)acc (%):   6.82
2024-05-30 08:59:31,393 - INFO -  Top 10	LocEnc (Epoch 60)acc (%):   13.91
2024-05-30 08:59:31,393 - INFO - 
No prior
2024-05-30 08:59:31,421 - INFO - (24633,)
2024-05-30 08:59:32,083 - INFO -  Split ID: 0
2024-05-30 08:59:32,083 - INFO -  Top 1	(Epoch 60)acc (%):   76.08
2024-05-30 08:59:32,083 - INFO -  Top 3	(Epoch 60)acc (%):   90.98
2024-05-30 08:59:32,083 - INFO -  Top 5	(Epoch 60)acc (%):   94.06
2024-05-30 08:59:32,083 - INFO -  Top 10	(Epoch 60)acc (%):   96.83
2024-05-30 08:59:47,116 - INFO -  Split ID: 0
2024-05-30 08:59:47,116 - INFO -  Top 1	(Epoch 60)acc (%):   81.25
2024-05-30 08:59:47,116 - INFO -  Top 3	(Epoch 60)acc (%):   93.35
2024-05-30 08:59:47,117 - INFO -  Top 5	(Epoch 60)acc (%):   95.73
2024-05-30 08:59:47,117 - INFO -  Top 10	(Epoch 60)acc (%):   97.85
2024-05-30 08:59:47,117 - INFO - 
Epoch	61
2024-05-30 08:59:48,390 - INFO - [20480/22599]	Loss  : 0.9112
2024-05-30 08:59:48,441 - INFO - Test loss   : 0.4698
2024-05-30 08:59:48,442 - INFO - 
Epoch	62
2024-05-30 08:59:49,730 - INFO - [20480/22599]	Loss  : 0.9121
2024-05-30 08:59:49,783 - INFO - Test loss   : 0.4708
2024-05-30 08:59:49,783 - INFO - 
Epoch	63
2024-05-30 08:59:51,059 - INFO - [20480/22599]	Loss  : 0.9106
2024-05-30 08:59:51,111 - INFO - Test loss   : 0.4759
2024-05-30 08:59:51,111 - INFO - 
Epoch	64
2024-05-30 08:59:52,381 - INFO - [20480/22599]	Loss  : 0.9087
2024-05-30 08:59:52,433 - INFO - Test loss   : 0.4835
2024-05-30 08:59:52,433 - INFO - 
Epoch	65
2024-05-30 08:59:53,707 - INFO - [20480/22599]	Loss  : 0.9066
2024-05-30 08:59:53,758 - INFO - Test loss   : 0.4828
2024-05-30 08:59:53,758 - INFO - 
Epoch	66
2024-05-30 08:59:55,020 - INFO - [20480/22599]	Loss  : 0.9048
2024-05-30 08:59:55,086 - INFO - Test loss   : 0.4914
2024-05-30 08:59:55,086 - INFO - 
Epoch	67
2024-05-30 08:59:56,349 - INFO - [20480/22599]	Loss  : 0.9055
2024-05-30 08:59:56,401 - INFO - Test loss   : 0.4730
2024-05-30 08:59:56,401 - INFO - 
Epoch	68
2024-05-30 08:59:57,695 - INFO - [20480/22599]	Loss  : 0.9033
2024-05-30 08:59:57,748 - INFO - Test loss   : 0.4872
2024-05-30 08:59:57,748 - INFO - 
Epoch	69
2024-05-30 08:59:59,017 - INFO - [20480/22599]	Loss  : 0.9028
2024-05-30 08:59:59,069 - INFO - Test loss   : 0.4823
2024-05-30 08:59:59,069 - INFO - 
Epoch	70
2024-05-30 09:00:00,332 - INFO - [20480/22599]	Loss  : 0.9047
2024-05-30 09:00:00,384 - INFO - Test loss   : 0.4872
2024-05-30 09:00:00,389 - INFO - (1100,)
2024-05-30 09:00:00,434 - INFO -  Split ID: 0
2024-05-30 09:00:00,435 - INFO -  Top 1	LocEnc (Epoch 70)acc (%):   2.09
2024-05-30 09:00:00,435 - INFO -  Top 3	LocEnc (Epoch 70)acc (%):   4.73
2024-05-30 09:00:00,435 - INFO -  Top 5	LocEnc (Epoch 70)acc (%):   7.36
2024-05-30 09:00:00,435 - INFO -  Top 10	LocEnc (Epoch 70)acc (%):   13.0
2024-05-30 09:00:00,436 - INFO - 
No prior
2024-05-30 09:00:00,463 - INFO - (24633,)
2024-05-30 09:00:01,118 - INFO -  Split ID: 0
2024-05-30 09:00:01,118 - INFO -  Top 1	(Epoch 70)acc (%):   76.08
2024-05-30 09:00:01,118 - INFO -  Top 3	(Epoch 70)acc (%):   90.98
2024-05-30 09:00:01,118 - INFO -  Top 5	(Epoch 70)acc (%):   94.06
2024-05-30 09:00:01,118 - INFO -  Top 10	(Epoch 70)acc (%):   96.83
2024-05-30 09:00:16,155 - INFO -  Split ID: 0
2024-05-30 09:00:16,155 - INFO -  Top 1	(Epoch 70)acc (%):   81.22
2024-05-30 09:00:16,155 - INFO -  Top 3	(Epoch 70)acc (%):   93.38
2024-05-30 09:00:16,155 - INFO -  Top 5	(Epoch 70)acc (%):   95.72
2024-05-30 09:00:16,155 - INFO -  Top 10	(Epoch 70)acc (%):   97.87
2024-05-30 09:00:16,156 - INFO - 
Epoch	71
2024-05-30 09:00:17,412 - INFO - [20480/22599]	Loss  : 0.9045
2024-05-30 09:00:17,471 - INFO - Test loss   : 0.4760
2024-05-30 09:00:17,471 - INFO - 
Epoch	72
2024-05-30 09:00:18,740 - INFO - [20480/22599]	Loss  : 0.9012
2024-05-30 09:00:18,792 - INFO - Test loss   : 0.4860
2024-05-30 09:00:18,792 - INFO - 
Epoch	73
2024-05-30 09:00:20,058 - INFO - [20480/22599]	Loss  : 0.9033
2024-05-30 09:00:20,110 - INFO - Test loss   : 0.4819
2024-05-30 09:00:20,110 - INFO - 
Epoch	74
2024-05-30 09:00:21,459 - INFO - [20480/22599]	Loss  : 0.8990
2024-05-30 09:00:21,512 - INFO - Test loss   : 0.4814
2024-05-30 09:00:21,512 - INFO - 
Epoch	75
2024-05-30 09:00:22,787 - INFO - [20480/22599]	Loss  : 0.9008
2024-05-30 09:00:22,839 - INFO - Test loss   : 0.4770
2024-05-30 09:00:22,839 - INFO - 
Epoch	76
2024-05-30 09:00:24,110 - INFO - [20480/22599]	Loss  : 0.8983
2024-05-30 09:00:24,161 - INFO - Test loss   : 0.4956
2024-05-30 09:00:24,161 - INFO - 
Epoch	77
2024-05-30 09:00:25,435 - INFO - [20480/22599]	Loss  : 0.8990
2024-05-30 09:00:25,487 - INFO - Test loss   : 0.4861
2024-05-30 09:00:25,487 - INFO - 
Epoch	78
2024-05-30 09:00:26,758 - INFO - [20480/22599]	Loss  : 0.8963
2024-05-30 09:00:26,810 - INFO - Test loss   : 0.4913
2024-05-30 09:00:26,810 - INFO - 
Epoch	79
2024-05-30 09:00:28,081 - INFO - [20480/22599]	Loss  : 0.8942
2024-05-30 09:00:28,138 - INFO - Test loss   : 0.4948
2024-05-30 09:00:28,138 - INFO - 
Epoch	80
2024-05-30 09:00:29,409 - INFO - [20480/22599]	Loss  : 0.8948
2024-05-30 09:00:29,461 - INFO - Test loss   : 0.4926
2024-05-30 09:00:29,467 - INFO - (1100,)
2024-05-30 09:00:29,512 - INFO -  Split ID: 0
2024-05-30 09:00:29,513 - INFO -  Top 1	LocEnc (Epoch 80)acc (%):   2.0
2024-05-30 09:00:29,513 - INFO -  Top 3	LocEnc (Epoch 80)acc (%):   5.27
2024-05-30 09:00:29,513 - INFO -  Top 5	LocEnc (Epoch 80)acc (%):   8.09
2024-05-30 09:00:29,513 - INFO -  Top 10	LocEnc (Epoch 80)acc (%):   13.73
2024-05-30 09:00:29,514 - INFO - 
No prior
2024-05-30 09:00:29,541 - INFO - (24633,)
2024-05-30 09:00:30,197 - INFO -  Split ID: 0
2024-05-30 09:00:30,197 - INFO -  Top 1	(Epoch 80)acc (%):   76.08
2024-05-30 09:00:30,197 - INFO -  Top 3	(Epoch 80)acc (%):   90.98
2024-05-30 09:00:30,197 - INFO -  Top 5	(Epoch 80)acc (%):   94.06
2024-05-30 09:00:30,197 - INFO -  Top 10	(Epoch 80)acc (%):   96.83
2024-05-30 09:00:45,201 - INFO -  Split ID: 0
2024-05-30 09:00:45,201 - INFO -  Top 1	(Epoch 80)acc (%):   81.42
2024-05-30 09:00:45,201 - INFO -  Top 3	(Epoch 80)acc (%):   93.43
2024-05-30 09:00:45,201 - INFO -  Top 5	(Epoch 80)acc (%):   95.73
2024-05-30 09:00:45,201 - INFO -  Top 10	(Epoch 80)acc (%):   97.84
2024-05-30 09:00:45,202 - INFO - 
Epoch	81
2024-05-30 09:00:46,469 - INFO - [20480/22599]	Loss  : 0.8971
2024-05-30 09:00:46,521 - INFO - Test loss   : 0.4850
2024-05-30 09:00:46,521 - INFO - 
Epoch	82
2024-05-30 09:00:47,806 - INFO - [20480/22599]	Loss  : 0.8930
2024-05-30 09:00:47,857 - INFO - Test loss   : 0.4835
2024-05-30 09:00:47,857 - INFO - 
Epoch	83
2024-05-30 09:00:49,126 - INFO - [20480/22599]	Loss  : 0.8921
2024-05-30 09:00:49,178 - INFO - Test loss   : 0.4924
2024-05-30 09:00:49,178 - INFO - 
Epoch	84
2024-05-30 09:00:50,444 - INFO - [20480/22599]	Loss  : 0.8914
2024-05-30 09:00:50,495 - INFO - Test loss   : 0.4950
2024-05-30 09:00:50,496 - INFO - 
Epoch	85
2024-05-30 09:00:51,770 - INFO - [20480/22599]	Loss  : 0.8902
2024-05-30 09:00:51,821 - INFO - Test loss   : 0.4869
2024-05-30 09:00:51,821 - INFO - 
Epoch	86
2024-05-30 09:00:53,088 - INFO - [20480/22599]	Loss  : 0.8919
2024-05-30 09:00:53,140 - INFO - Test loss   : 0.4933
2024-05-30 09:00:53,140 - INFO - 
Epoch	87
2024-05-30 09:00:54,398 - INFO - [20480/22599]	Loss  : 0.8908
2024-05-30 09:00:54,450 - INFO - Test loss   : 0.5076
2024-05-30 09:00:54,450 - INFO - 
Epoch	88
2024-05-30 09:00:55,778 - INFO - [20480/22599]	Loss  : 0.8923
2024-05-30 09:00:55,834 - INFO - Test loss   : 0.4956
2024-05-30 09:00:55,834 - INFO - 
Epoch	89
2024-05-30 09:00:57,093 - INFO - [20480/22599]	Loss  : 0.8881
2024-05-30 09:00:57,155 - INFO - Test loss   : 0.4951
2024-05-30 09:00:57,156 - INFO - 
Epoch	90
2024-05-30 09:00:58,416 - INFO - [20480/22599]	Loss  : 0.8903
2024-05-30 09:00:58,468 - INFO - Test loss   : 0.5063
2024-05-30 09:00:58,473 - INFO - (1100,)
2024-05-30 09:00:58,519 - INFO -  Split ID: 0
2024-05-30 09:00:58,520 - INFO -  Top 1	LocEnc (Epoch 90)acc (%):   1.91
2024-05-30 09:00:58,520 - INFO -  Top 3	LocEnc (Epoch 90)acc (%):   4.45
2024-05-30 09:00:58,520 - INFO -  Top 5	LocEnc (Epoch 90)acc (%):   7.73
2024-05-30 09:00:58,520 - INFO -  Top 10	LocEnc (Epoch 90)acc (%):   13.18
2024-05-30 09:00:58,520 - INFO - 
No prior
2024-05-30 09:00:58,548 - INFO - (24633,)
2024-05-30 09:00:59,209 - INFO -  Split ID: 0
2024-05-30 09:00:59,209 - INFO -  Top 1	(Epoch 90)acc (%):   76.08
2024-05-30 09:00:59,209 - INFO -  Top 3	(Epoch 90)acc (%):   90.98
2024-05-30 09:00:59,210 - INFO -  Top 5	(Epoch 90)acc (%):   94.06
2024-05-30 09:00:59,210 - INFO -  Top 10	(Epoch 90)acc (%):   96.83
2024-05-30 09:01:14,286 - INFO -  Split ID: 0
2024-05-30 09:01:14,286 - INFO -  Top 1	(Epoch 90)acc (%):   81.35
2024-05-30 09:01:14,286 - INFO -  Top 3	(Epoch 90)acc (%):   93.41
2024-05-30 09:01:14,286 - INFO -  Top 5	(Epoch 90)acc (%):   95.73
2024-05-30 09:01:14,286 - INFO -  Top 10	(Epoch 90)acc (%):   97.82
2024-05-30 09:01:14,287 - INFO - 
Epoch	91
2024-05-30 09:01:15,570 - INFO - [20480/22599]	Loss  : 0.8883
2024-05-30 09:01:15,622 - INFO - Test loss   : 0.5004
2024-05-30 09:01:15,622 - INFO - 
Epoch	92
2024-05-30 09:01:16,886 - INFO - [20480/22599]	Loss  : 0.8884
2024-05-30 09:01:16,938 - INFO - Test loss   : 0.4955
2024-05-30 09:01:16,938 - INFO - 
Epoch	93
2024-05-30 09:01:18,205 - INFO - [20480/22599]	Loss  : 0.8858
2024-05-30 09:01:18,257 - INFO - Test loss   : 0.4984
2024-05-30 09:01:18,257 - INFO - 
Epoch	94
2024-05-30 09:01:19,514 - INFO - [20480/22599]	Loss  : 0.8845
2024-05-30 09:01:19,566 - INFO - Test loss   : 0.5018
2024-05-30 09:01:19,566 - INFO - 
Epoch	95
2024-05-30 09:01:20,820 - INFO - [20480/22599]	Loss  : 0.8841
2024-05-30 09:01:20,871 - INFO - Test loss   : 0.5095
2024-05-30 09:01:20,872 - INFO - 
Epoch	96
2024-05-30 09:01:22,148 - INFO - [20480/22599]	Loss  : 0.8859
2024-05-30 09:01:22,201 - INFO - Test loss   : 0.5037
2024-05-30 09:01:22,201 - INFO - 
Epoch	97
2024-05-30 09:01:23,466 - INFO - [20480/22599]	Loss  : 0.8838
2024-05-30 09:01:23,517 - INFO - Test loss   : 0.5053
2024-05-30 09:01:23,518 - INFO - 
Epoch	98
2024-05-30 09:01:24,778 - INFO - [20480/22599]	Loss  : 0.8843
2024-05-30 09:01:24,830 - INFO - Test loss   : 0.5032
2024-05-30 09:01:24,830 - INFO - 
Epoch	99
2024-05-30 09:01:26,092 - INFO - [20480/22599]	Loss  : 0.8842
2024-05-30 09:01:26,145 - INFO - Test loss   : 0.5051
2024-05-30 09:01:26,145 - INFO - Saving output model to ../models/sphere2vec_dfs/model_nabirds_ebird_meta_Sphere2Vec-dfs_inception_v3_0.0100_8_0.0050000_1.000_3_256_BATCH4096_leakyrelu.pth.tar
2024-05-30 09:01:26,163 - INFO - Saving output model to ../models/sphere2vec_dfs/model_nabirds_ebird_meta_Sphere2Vec-dfs_inception_v3_0.0100_8_0.0050000_1.000_3_256_BATCH4096_leakyrelu.pth.tar
2024-05-30 09:01:26,212 - INFO - 
No prior
2024-05-30 09:01:26,243 - INFO - (24633,)
2024-05-30 09:01:26,897 - INFO -  Split ID: 0
2024-05-30 09:01:26,898 - INFO -  Top 1	acc (%):   76.08
2024-05-30 09:01:26,898 - INFO -  Top 3	acc (%):   90.98
2024-05-30 09:01:26,898 - INFO -  Top 5	acc (%):   94.06
2024-05-30 09:01:26,898 - INFO -  Top 10	acc (%):   96.83
2024-05-30 09:01:41,958 - INFO -  Split ID: 0
2024-05-30 09:01:41,958 - INFO -  Top 1	acc (%):   81.44
2024-05-30 09:01:41,958 - INFO -  Top 3	acc (%):   93.46
2024-05-30 09:01:41,958 - INFO -  Top 5	acc (%):   95.74
2024-05-30 09:01:41,958 - INFO -  Top 10	acc (%):   97.84
2024-05-30 09:01:41,959 - INFO - 
Sphere2Vec-dfs
2024-05-30 09:01:41,959 - INFO -  Model :	model_nabirds_ebird_meta_Sphere2Vec-dfs_inception_v3_0.0100_8_0.0050000_1.000_3_256_BATCH4096_leakyrelu.pth.tar
2024-05-30 09:01:41,974 - INFO - (1100,)
2024-05-30 09:01:42,019 - INFO -  Split ID: 0
2024-05-30 09:01:42,020 - INFO -  Top 1	LocEnc acc (%):   2.0
2024-05-30 09:01:42,020 - INFO -  Top 3	LocEnc acc (%):   5.36
2024-05-30 09:01:42,020 - INFO -  Top 5	LocEnc acc (%):   8.45
2024-05-30 09:01:42,020 - INFO -  Top 10	LocEnc acc (%):   14.45
2024-05-31 03:58:35,359 - INFO - 
num_classes	555
2024-05-31 03:58:35,359 - INFO - num train    	22599
2024-05-31 03:58:35,359 - INFO - num val      	1100
2024-05-31 03:58:35,359 - INFO - train loss   	full_loss
2024-05-31 03:58:35,360 - INFO - model name   	../models/sphere2vec_dfs/model_nabirds_ebird_meta_Sphere2Vec-dfs_inception_v3_0.0100_8_0.0050000_1.000_3_256_BATCH4096_leakyrelu.pth.tar
2024-05-31 03:58:35,360 - INFO - num users    	5331
2024-05-31 03:58:35,360 - INFO - meta data    	ebird_meta
2024-05-31 03:58:36,121 - INFO - 
Only Sphere2Vec-dfs
2024-05-31 03:58:36,121 - INFO -  Model :	model_nabirds_ebird_meta_Sphere2Vec-dfs_inception_v3_0.0100_8_0.0050000_1.000_3_256_BATCH4096_leakyrelu.pth.tar
2024-05-31 03:58:36,208 - INFO - Saving output model to ../models/sphere2vec_dfs/model_nabirds_ebird_meta_Sphere2Vec-dfs_inception_v3_0.0100_8_0.0050000_1.000_3_256_BATCH4096_leakyrelu.pth.tar
2024-05-31 03:58:36,261 - INFO - Saving output model to ../models/sphere2vec_dfs/model_nabirds_ebird_meta_Sphere2Vec-dfs_inception_v3_0.0100_8_0.0050000_1.000_3_256_BATCH4096_leakyrelu.pth.tar
2024-05-31 03:58:36,302 - INFO - 
No prior
2024-05-31 03:58:36,338 - INFO - (24633,)
2024-05-31 03:58:37,816 - INFO - Save results to ../eval_results/eval_nabirds_ebird_meta_test_no_prior.csv
2024-05-31 03:58:37,816 - INFO -  Split ID: 0
2024-05-31 03:58:37,816 - INFO -  Top 1	acc (%):   76.08
2024-05-31 03:58:37,816 - INFO -  Top 3	acc (%):   90.98
2024-05-31 03:58:37,816 - INFO -  Top 5	acc (%):   94.06
2024-05-31 03:58:37,816 - INFO -  Top 10	acc (%):   96.83
2024-05-31 03:58:54,591 - INFO -  Split ID: 0
2024-05-31 03:58:54,591 - INFO -  Top 1	hit (%):   81.44
2024-05-31 03:58:54,591 - INFO -  Top 3	hit (%):   93.46
2024-05-31 03:58:54,591 - INFO -  Top 5	hit (%):   95.74
2024-05-31 03:58:54,591 - INFO -  Top 10	hit (%):   97.84
2024-05-31 03:58:54,597 - INFO - 
Only Sphere2Vec-dfs
2024-05-31 03:58:54,597 - INFO -  Model :	model_nabirds_ebird_meta_Sphere2Vec-dfs_inception_v3_0.0100_8_0.0050000_1.000_3_256_BATCH4096_leakyrelu.pth.tar
2024-05-31 03:58:54,639 - INFO - (1100,)
2024-05-31 03:58:54,690 - INFO -  Split ID: 0
2024-05-31 03:58:54,691 - INFO -  Top 1	LocEnc acc (%):   2.0
2024-05-31 03:58:54,691 - INFO -  Top 3	LocEnc acc (%):   5.36
2024-05-31 03:58:54,691 - INFO -  Top 5	LocEnc acc (%):   8.45
2024-05-31 03:58:54,691 - INFO -  Top 10	LocEnc acc (%):   14.45
