2024-05-30 18:20:21,682 - INFO - 
num_classes	100
2024-05-30 18:20:21,682 - INFO - num train    	66739
2024-05-30 18:20:21,682 - INFO - num val      	4449
2024-05-30 18:20:21,682 - INFO - train loss   	full_loss
2024-05-30 18:20:21,683 - INFO - model name   	../models/sphere2vec_dfs/model_yfcc_Sphere2Vec-dfs_inception_v3_0.0100_8_0.0050000_1.000_3_512_BATCH4096_leakyrelu.pth.tar
2024-05-30 18:20:21,683 - INFO - num users    	1
2024-05-30 18:20:22,442 - INFO - 
Epoch	0
2024-05-30 18:20:34,246 - INFO - [65536/66739]	Loss  : 1.8735
2024-05-30 18:20:36,326 - INFO - Test loss   : 0.5131
2024-05-30 18:20:36,326 - INFO - 
Epoch	1
2024-05-30 18:20:48,958 - INFO - [65536/66739]	Loss  : 1.3218
2024-05-30 18:20:50,631 - INFO - Test loss   : 0.5169
2024-05-30 18:20:50,631 - INFO - 
Epoch	2
2024-05-30 18:21:01,777 - INFO - [65536/66739]	Loss  : 1.2888
2024-05-30 18:21:02,701 - INFO - Test loss   : 0.5769
2024-05-30 18:21:02,701 - INFO - 
Epoch	3
2024-05-30 18:21:15,068 - INFO - [65536/66739]	Loss  : 1.2712
2024-05-30 18:21:15,296 - INFO - Test loss   : 0.5743
2024-05-30 18:21:15,296 - INFO - 
Epoch	4
2024-05-30 18:21:27,982 - INFO - [65536/66739]	Loss  : 1.2627
2024-05-30 18:21:28,301 - INFO - Test loss   : 0.5784
2024-05-30 18:21:28,301 - INFO - 
Epoch	5
2024-05-30 18:21:39,829 - INFO - [65536/66739]	Loss  : 1.2572
2024-05-30 18:21:41,343 - INFO - Test loss   : 0.5875
2024-05-30 18:21:41,343 - INFO - 
Epoch	6
2024-05-30 18:21:55,701 - INFO - [65536/66739]	Loss  : 1.2536
2024-05-30 18:21:55,938 - INFO - Test loss   : 0.5821
2024-05-30 18:21:55,938 - INFO - 
Epoch	7
2024-05-30 18:22:08,848 - INFO - [65536/66739]	Loss  : 1.2514
2024-05-30 18:22:09,079 - INFO - Test loss   : 0.5734
2024-05-30 18:22:09,079 - INFO - 
Epoch	8
2024-05-30 18:22:20,482 - INFO - [65536/66739]	Loss  : 1.2491
2024-05-30 18:22:21,192 - INFO - Test loss   : 0.5648
2024-05-30 18:22:21,192 - INFO - 
Epoch	9
2024-05-30 18:22:33,199 - INFO - [65536/66739]	Loss  : 1.2473
2024-05-30 18:22:34,089 - INFO - Test loss   : 0.5730
2024-05-30 18:22:34,089 - INFO - 
Epoch	10
2024-05-30 18:22:45,258 - INFO - [65536/66739]	Loss  : 1.2458
2024-05-30 18:22:46,785 - INFO - Test loss   : 0.5818
2024-05-30 18:22:46,805 - INFO - (4449,)
2024-05-30 18:22:46,820 - INFO -  Split ID: 0
2024-05-30 18:22:46,822 - INFO -  Top 1	LocEnc (Epoch 10)acc (%):   3.19
2024-05-30 18:22:46,822 - INFO -  Top 3	LocEnc (Epoch 10)acc (%):   9.26
2024-05-30 18:22:46,822 - INFO -  Top 5	LocEnc (Epoch 10)acc (%):   14.59
2024-05-30 18:22:46,822 - INFO -  Top 10	LocEnc (Epoch 10)acc (%):   25.24
2024-05-30 18:22:46,823 - INFO - 
No prior
2024-05-30 18:22:46,825 - INFO - (17798,)
2024-05-30 18:22:46,916 - INFO -  Split ID: 0
2024-05-30 18:22:46,916 - INFO -  Top 1	(Epoch 10)acc (%):   50.15
2024-05-30 18:22:46,917 - INFO -  Top 3	(Epoch 10)acc (%):   73.9
2024-05-30 18:22:46,917 - INFO -  Top 5	(Epoch 10)acc (%):   82.45
2024-05-30 18:22:46,917 - INFO -  Top 10	(Epoch 10)acc (%):   91.06
2024-05-30 18:23:01,002 - INFO -  Split ID: 0
2024-05-30 18:23:01,002 - INFO -  Top 1	(Epoch 10)acc (%):   50.15
2024-05-30 18:23:01,003 - INFO -  Top 3	(Epoch 10)acc (%):   74.02
2024-05-30 18:23:01,003 - INFO -  Top 5	(Epoch 10)acc (%):   82.63
2024-05-30 18:23:01,003 - INFO -  Top 10	(Epoch 10)acc (%):   91.0
2024-05-30 18:23:01,003 - INFO - 
Epoch	11
2024-05-30 18:23:13,608 - INFO - [65536/66739]	Loss  : 1.2447
2024-05-30 18:23:13,850 - INFO - Test loss   : 0.5753
2024-05-30 18:23:13,850 - INFO - 
Epoch	12
2024-05-30 18:23:26,855 - INFO - [65536/66739]	Loss  : 1.2433
2024-05-30 18:23:27,097 - INFO - Test loss   : 0.5634
2024-05-30 18:23:27,097 - INFO - 
Epoch	13
2024-05-30 18:23:39,377 - INFO - [65536/66739]	Loss  : 1.2409
2024-05-30 18:23:39,603 - INFO - Test loss   : 0.5591
2024-05-30 18:23:39,603 - INFO - 
Epoch	14
2024-05-30 18:23:51,391 - INFO - [65536/66739]	Loss  : 1.2401
2024-05-30 18:23:52,953 - INFO - Test loss   : 0.5718
2024-05-30 18:23:52,953 - INFO - 
Epoch	15
2024-05-30 18:24:03,738 - INFO - [65536/66739]	Loss  : 1.2389
2024-05-30 18:24:05,767 - INFO - Test loss   : 0.5682
2024-05-30 18:24:05,767 - INFO - 
Epoch	16
2024-05-30 18:24:18,494 - INFO - [65536/66739]	Loss  : 1.2375
2024-05-30 18:24:19,800 - INFO - Test loss   : 0.5795
2024-05-30 18:24:19,800 - INFO - 
Epoch	17
2024-05-30 18:24:32,479 - INFO - [65536/66739]	Loss  : 1.2364
2024-05-30 18:24:32,721 - INFO - Test loss   : 0.5519
2024-05-30 18:24:32,721 - INFO - 
Epoch	18
2024-05-30 18:24:45,872 - INFO - [65536/66739]	Loss  : 1.2324
2024-05-30 18:24:46,282 - INFO - Test loss   : 0.5547
2024-05-30 18:24:46,282 - INFO - 
Epoch	19
2024-05-30 18:24:58,513 - INFO - [65536/66739]	Loss  : 1.2294
2024-05-30 18:25:00,049 - INFO - Test loss   : 0.5446
2024-05-30 18:25:00,050 - INFO - 
Epoch	20
2024-05-30 18:25:11,010 - INFO - [65536/66739]	Loss  : 1.2278
2024-05-30 18:25:12,384 - INFO - Test loss   : 0.5537
2024-05-30 18:25:12,399 - INFO - (4449,)
2024-05-30 18:25:12,415 - INFO -  Split ID: 0
2024-05-30 18:25:12,417 - INFO -  Top 1	LocEnc (Epoch 20)acc (%):   3.89
2024-05-30 18:25:12,417 - INFO -  Top 3	LocEnc (Epoch 20)acc (%):   9.69
2024-05-30 18:25:12,417 - INFO -  Top 5	LocEnc (Epoch 20)acc (%):   16.12
2024-05-30 18:25:12,417 - INFO -  Top 10	LocEnc (Epoch 20)acc (%):   27.96
2024-05-30 18:25:12,418 - INFO - 
No prior
2024-05-30 18:25:12,420 - INFO - (17798,)
2024-05-30 18:25:12,514 - INFO -  Split ID: 0
2024-05-30 18:25:12,515 - INFO -  Top 1	(Epoch 20)acc (%):   50.15
2024-05-30 18:25:12,515 - INFO -  Top 3	(Epoch 20)acc (%):   73.9
2024-05-30 18:25:12,515 - INFO -  Top 5	(Epoch 20)acc (%):   82.45
2024-05-30 18:25:12,515 - INFO -  Top 10	(Epoch 20)acc (%):   91.06
2024-05-30 18:25:26,718 - INFO -  Split ID: 0
2024-05-30 18:25:26,719 - INFO -  Top 1	(Epoch 20)acc (%):   50.26
2024-05-30 18:25:26,719 - INFO -  Top 3	(Epoch 20)acc (%):   74.22
2024-05-30 18:25:26,719 - INFO -  Top 5	(Epoch 20)acc (%):   82.71
2024-05-30 18:25:26,719 - INFO -  Top 10	(Epoch 20)acc (%):   91.12
2024-05-30 18:25:26,719 - INFO - 
Epoch	21
2024-05-30 18:25:39,823 - INFO - [65536/66739]	Loss  : 1.2264
2024-05-30 18:25:40,413 - INFO - Test loss   : 0.5288
2024-05-30 18:25:40,413 - INFO - 
Epoch	22
2024-05-30 18:25:52,477 - INFO - [65536/66739]	Loss  : 1.2246
2024-05-30 18:25:52,724 - INFO - Test loss   : 0.5497
2024-05-30 18:25:52,724 - INFO - 
Epoch	23
2024-05-30 18:26:04,474 - INFO - [65536/66739]	Loss  : 1.2230
2024-05-30 18:26:05,355 - INFO - Test loss   : 0.5401
2024-05-30 18:26:05,355 - INFO - 
Epoch	24
2024-05-30 18:26:17,719 - INFO - [65536/66739]	Loss  : 1.2219
2024-05-30 18:26:19,349 - INFO - Test loss   : 0.5482
2024-05-30 18:26:19,350 - INFO - 
Epoch	25
2024-05-30 18:26:31,898 - INFO - [65536/66739]	Loss  : 1.2206
2024-05-30 18:26:32,988 - INFO - Test loss   : 0.5427
2024-05-30 18:26:32,989 - INFO - 
Epoch	26
2024-05-30 18:26:46,665 - INFO - [65536/66739]	Loss  : 1.2198
2024-05-30 18:26:48,592 - INFO - Test loss   : 0.5336
2024-05-30 18:26:48,592 - INFO - 
Epoch	27
2024-05-30 18:27:01,374 - INFO - [65536/66739]	Loss  : 1.2184
2024-05-30 18:27:01,604 - INFO - Test loss   : 0.5425
2024-05-30 18:27:01,604 - INFO - 
Epoch	28
2024-05-30 18:27:13,504 - INFO - [65536/66739]	Loss  : 1.2185
2024-05-30 18:27:13,737 - INFO - Test loss   : 0.5329
2024-05-30 18:27:13,737 - INFO - 
Epoch	29
2024-05-30 18:27:26,448 - INFO - [65536/66739]	Loss  : 1.2156
2024-05-30 18:27:26,678 - INFO - Test loss   : 0.5433
2024-05-30 18:27:26,678 - INFO - 
Epoch	30
2024-05-30 18:27:39,209 - INFO - [65536/66739]	Loss  : 1.2153
2024-05-30 18:27:39,439 - INFO - Test loss   : 0.5239
2024-05-30 18:27:39,452 - INFO - (4449,)
2024-05-30 18:27:39,470 - INFO -  Split ID: 0
2024-05-30 18:27:39,472 - INFO -  Top 1	LocEnc (Epoch 30)acc (%):   3.06
2024-05-30 18:27:39,472 - INFO -  Top 3	LocEnc (Epoch 30)acc (%):   10.5
2024-05-30 18:27:39,472 - INFO -  Top 5	LocEnc (Epoch 30)acc (%):   16.57
2024-05-30 18:27:39,472 - INFO -  Top 10	LocEnc (Epoch 30)acc (%):   27.83
2024-05-30 18:27:39,473 - INFO - 
No prior
2024-05-30 18:27:39,475 - INFO - (17798,)
2024-05-30 18:27:39,577 - INFO -  Split ID: 0
2024-05-30 18:27:39,578 - INFO -  Top 1	(Epoch 30)acc (%):   50.15
2024-05-30 18:27:39,578 - INFO -  Top 3	(Epoch 30)acc (%):   73.9
2024-05-30 18:27:39,578 - INFO -  Top 5	(Epoch 30)acc (%):   82.45
2024-05-30 18:27:39,578 - INFO -  Top 10	(Epoch 30)acc (%):   91.06
2024-05-30 18:27:53,913 - INFO -  Split ID: 0
2024-05-30 18:27:53,913 - INFO -  Top 1	(Epoch 30)acc (%):   50.32
2024-05-30 18:27:53,913 - INFO -  Top 3	(Epoch 30)acc (%):   74.35
2024-05-30 18:27:53,914 - INFO -  Top 5	(Epoch 30)acc (%):   82.85
2024-05-30 18:27:53,914 - INFO -  Top 10	(Epoch 30)acc (%):   91.24
2024-05-30 18:27:53,914 - INFO - 
Epoch	31
2024-05-30 18:28:05,582 - INFO - [65536/66739]	Loss  : 1.2132
2024-05-30 18:28:07,148 - INFO - Test loss   : 0.5440
2024-05-30 18:28:07,149 - INFO - 
Epoch	32
2024-05-30 18:28:17,924 - INFO - [65536/66739]	Loss  : 1.2092
2024-05-30 18:28:18,503 - INFO - Test loss   : 0.5384
2024-05-30 18:28:18,503 - INFO - 
Epoch	33
2024-05-30 18:28:30,212 - INFO - [65536/66739]	Loss  : 1.2073
2024-05-30 18:28:31,100 - INFO - Test loss   : 0.5381
2024-05-30 18:28:31,100 - INFO - 
Epoch	34
2024-05-30 18:28:43,532 - INFO - [65536/66739]	Loss  : 1.2051
2024-05-30 18:28:44,899 - INFO - Test loss   : 0.5343
2024-05-30 18:28:44,899 - INFO - 
Epoch	35
2024-05-30 18:28:56,698 - INFO - [65536/66739]	Loss  : 1.2014
2024-05-30 18:28:57,513 - INFO - Test loss   : 0.5181
2024-05-30 18:28:57,513 - INFO - 
Epoch	36
2024-05-30 18:29:09,811 - INFO - [65536/66739]	Loss  : 1.1991
2024-05-30 18:29:10,088 - INFO - Test loss   : 0.5134
2024-05-30 18:29:10,089 - INFO - 
Epoch	37
2024-05-30 18:29:19,586 - INFO - [65536/66739]	Loss  : 1.1963
2024-05-30 18:29:19,820 - INFO - Test loss   : 0.5167
2024-05-30 18:29:19,820 - INFO - 
Epoch	38
2024-05-30 18:29:23,884 - INFO - [65536/66739]	Loss  : 1.1950
2024-05-30 18:29:24,194 - INFO - Test loss   : 0.5211
2024-05-30 18:29:24,194 - INFO - 
Epoch	39
2024-05-30 18:29:28,273 - INFO - [65536/66739]	Loss  : 1.1918
2024-05-30 18:29:28,504 - INFO - Test loss   : 0.5194
2024-05-30 18:29:28,504 - INFO - 
Epoch	40
2024-05-30 18:29:32,578 - INFO - [65536/66739]	Loss  : 1.1924
2024-05-30 18:29:32,812 - INFO - Test loss   : 0.5178
2024-05-30 18:29:32,824 - INFO - (4449,)
2024-05-30 18:29:32,843 - INFO -  Split ID: 0
2024-05-30 18:29:32,844 - INFO -  Top 1	LocEnc (Epoch 40)acc (%):   4.83
2024-05-30 18:29:32,844 - INFO -  Top 3	LocEnc (Epoch 40)acc (%):   12.41
2024-05-30 18:29:32,844 - INFO -  Top 5	LocEnc (Epoch 40)acc (%):   18.59
2024-05-30 18:29:32,845 - INFO -  Top 10	LocEnc (Epoch 40)acc (%):   31.71
2024-05-30 18:29:32,845 - INFO - 
No prior
2024-05-30 18:29:32,847 - INFO - (17798,)
2024-05-30 18:29:32,942 - INFO -  Split ID: 0
2024-05-30 18:29:32,942 - INFO -  Top 1	(Epoch 40)acc (%):   50.15
2024-05-30 18:29:32,942 - INFO -  Top 3	(Epoch 40)acc (%):   73.9
2024-05-30 18:29:32,942 - INFO -  Top 5	(Epoch 40)acc (%):   82.45
2024-05-30 18:29:32,942 - INFO -  Top 10	(Epoch 40)acc (%):   91.06
2024-05-30 18:29:43,449 - INFO -  Split ID: 0
2024-05-30 18:29:43,449 - INFO -  Top 1	(Epoch 40)acc (%):   50.53
2024-05-30 18:29:43,449 - INFO -  Top 3	(Epoch 40)acc (%):   74.42
2024-05-30 18:29:43,449 - INFO -  Top 5	(Epoch 40)acc (%):   83.03
2024-05-30 18:29:43,449 - INFO -  Top 10	(Epoch 40)acc (%):   91.4
2024-05-30 18:29:43,450 - INFO - 
Epoch	41
2024-05-30 18:29:47,553 - INFO - [65536/66739]	Loss  : 1.1921
2024-05-30 18:29:47,786 - INFO - Test loss   : 0.5066
2024-05-30 18:29:47,787 - INFO - 
Epoch	42
2024-05-30 18:29:53,871 - INFO - [65536/66739]	Loss  : 1.1900
2024-05-30 18:29:54,358 - INFO - Test loss   : 0.5114
2024-05-30 18:29:54,358 - INFO - 
Epoch	43
2024-05-30 18:30:02,339 - INFO - [65536/66739]	Loss  : 1.1886
2024-05-30 18:30:02,827 - INFO - Test loss   : 0.5081
2024-05-30 18:30:02,827 - INFO - 
Epoch	44
2024-05-30 18:30:13,556 - INFO - [65536/66739]	Loss  : 1.1889
2024-05-30 18:30:13,786 - INFO - Test loss   : 0.5160
2024-05-30 18:30:13,787 - INFO - 
Epoch	45
2024-05-30 18:30:25,222 - INFO - [65536/66739]	Loss  : 1.1862
2024-05-30 18:30:25,455 - INFO - Test loss   : 0.5259
2024-05-30 18:30:25,456 - INFO - 
Epoch	46
2024-05-30 18:30:37,774 - INFO - [65536/66739]	Loss  : 1.1843
2024-05-30 18:30:38,645 - INFO - Test loss   : 0.5161
2024-05-30 18:30:38,645 - INFO - 
Epoch	47
2024-05-30 18:30:50,790 - INFO - [65536/66739]	Loss  : 1.1829
2024-05-30 18:30:51,348 - INFO - Test loss   : 0.5081
2024-05-30 18:30:51,348 - INFO - 
Epoch	48
2024-05-30 18:31:04,069 - INFO - [65536/66739]	Loss  : 1.1832
2024-05-30 18:31:04,534 - INFO - Test loss   : 0.5120
2024-05-30 18:31:04,534 - INFO - 
Epoch	49
2024-05-30 18:31:17,197 - INFO - [65536/66739]	Loss  : 1.1817
2024-05-30 18:31:17,718 - INFO - Test loss   : 0.5112
2024-05-30 18:31:17,718 - INFO - 
Epoch	50
2024-05-30 18:31:29,846 - INFO - [65536/66739]	Loss  : 1.1809
2024-05-30 18:31:30,267 - INFO - Test loss   : 0.5082
2024-05-30 18:31:30,283 - INFO - (4449,)
2024-05-30 18:31:30,302 - INFO -  Split ID: 0
2024-05-30 18:31:30,304 - INFO -  Top 1	LocEnc (Epoch 50)acc (%):   6.61
2024-05-30 18:31:30,304 - INFO -  Top 3	LocEnc (Epoch 50)acc (%):   13.94
2024-05-30 18:31:30,305 - INFO -  Top 5	LocEnc (Epoch 50)acc (%):   19.87
2024-05-30 18:31:30,305 - INFO -  Top 10	LocEnc (Epoch 50)acc (%):   33.2
2024-05-30 18:31:30,305 - INFO - 
No prior
2024-05-30 18:31:30,308 - INFO - (17798,)
2024-05-30 18:31:30,400 - INFO -  Split ID: 0
2024-05-30 18:31:30,400 - INFO -  Top 1	(Epoch 50)acc (%):   50.15
2024-05-30 18:31:30,400 - INFO -  Top 3	(Epoch 50)acc (%):   73.9
2024-05-30 18:31:30,400 - INFO -  Top 5	(Epoch 50)acc (%):   82.45
2024-05-30 18:31:30,400 - INFO -  Top 10	(Epoch 50)acc (%):   91.06
2024-05-30 18:31:44,580 - INFO -  Split ID: 0
2024-05-30 18:31:44,580 - INFO -  Top 1	(Epoch 50)acc (%):   50.56
2024-05-30 18:31:44,580 - INFO -  Top 3	(Epoch 50)acc (%):   74.33
2024-05-30 18:31:44,581 - INFO -  Top 5	(Epoch 50)acc (%):   83.22
2024-05-30 18:31:44,581 - INFO -  Top 10	(Epoch 50)acc (%):   91.47
2024-05-30 18:31:44,581 - INFO - 
Epoch	51
2024-05-30 18:31:56,077 - INFO - [65536/66739]	Loss  : 1.1806
2024-05-30 18:31:56,905 - INFO - Test loss   : 0.5109
2024-05-30 18:31:56,905 - INFO - 
Epoch	52
2024-05-30 18:32:08,598 - INFO - [65536/66739]	Loss  : 1.1787
2024-05-30 18:32:08,980 - INFO - Test loss   : 0.5065
2024-05-30 18:32:08,980 - INFO - 
Epoch	53
2024-05-30 18:32:21,686 - INFO - [65536/66739]	Loss  : 1.1780
2024-05-30 18:32:22,107 - INFO - Test loss   : 0.5122
2024-05-30 18:32:22,107 - INFO - 
Epoch	54
2024-05-30 18:32:37,615 - INFO - [65536/66739]	Loss  : 1.1774
2024-05-30 18:32:37,855 - INFO - Test loss   : 0.5158
2024-05-30 18:32:37,855 - INFO - 
Epoch	55
2024-05-30 18:32:50,134 - INFO - [65536/66739]	Loss  : 1.1780
2024-05-30 18:32:51,376 - INFO - Test loss   : 0.5073
2024-05-30 18:32:51,376 - INFO - 
Epoch	56
2024-05-30 18:33:03,360 - INFO - [65536/66739]	Loss  : 1.1755
2024-05-30 18:33:05,015 - INFO - Test loss   : 0.5091
2024-05-30 18:33:05,015 - INFO - 
Epoch	57
2024-05-30 18:33:16,296 - INFO - [65536/66739]	Loss  : 1.1762
2024-05-30 18:33:16,716 - INFO - Test loss   : 0.5200
2024-05-30 18:33:16,716 - INFO - 
Epoch	58
2024-05-30 18:33:29,893 - INFO - [65536/66739]	Loss  : 1.1758
2024-05-30 18:33:30,125 - INFO - Test loss   : 0.4990
2024-05-30 18:33:30,125 - INFO - 
Epoch	59
2024-05-30 18:33:41,987 - INFO - [65536/66739]	Loss  : 1.1745
2024-05-30 18:33:42,324 - INFO - Test loss   : 0.5139
2024-05-30 18:33:42,325 - INFO - 
Epoch	60
2024-05-30 18:33:55,070 - INFO - [65536/66739]	Loss  : 1.1745
2024-05-30 18:33:56,371 - INFO - Test loss   : 0.5064
2024-05-30 18:33:56,385 - INFO - (4449,)
2024-05-30 18:33:56,405 - INFO -  Split ID: 0
2024-05-30 18:33:56,406 - INFO -  Top 1	LocEnc (Epoch 60)acc (%):   5.96
2024-05-30 18:33:56,407 - INFO -  Top 3	LocEnc (Epoch 60)acc (%):   12.63
2024-05-30 18:33:56,407 - INFO -  Top 5	LocEnc (Epoch 60)acc (%):   18.75
2024-05-30 18:33:56,407 - INFO -  Top 10	LocEnc (Epoch 60)acc (%):   33.13
2024-05-30 18:33:56,408 - INFO - 
No prior
2024-05-30 18:33:56,410 - INFO - (17798,)
2024-05-30 18:33:56,507 - INFO -  Split ID: 0
2024-05-30 18:33:56,508 - INFO -  Top 1	(Epoch 60)acc (%):   50.15
2024-05-30 18:33:56,508 - INFO -  Top 3	(Epoch 60)acc (%):   73.9
2024-05-30 18:33:56,508 - INFO -  Top 5	(Epoch 60)acc (%):   82.45
2024-05-30 18:33:56,508 - INFO -  Top 10	(Epoch 60)acc (%):   91.06
2024-05-30 18:34:10,629 - INFO -  Split ID: 0
2024-05-30 18:34:10,629 - INFO -  Top 1	(Epoch 60)acc (%):   50.63
2024-05-30 18:34:10,629 - INFO -  Top 3	(Epoch 60)acc (%):   74.4
2024-05-30 18:34:10,630 - INFO -  Top 5	(Epoch 60)acc (%):   83.18
2024-05-30 18:34:10,630 - INFO -  Top 10	(Epoch 60)acc (%):   91.47
2024-05-30 18:34:10,630 - INFO - 
Epoch	61
2024-05-30 18:34:21,649 - INFO - [65536/66739]	Loss  : 1.1734
2024-05-30 18:34:22,359 - INFO - Test loss   : 0.5176
2024-05-30 18:34:22,360 - INFO - 
Epoch	62
2024-05-30 18:34:35,282 - INFO - [65536/66739]	Loss  : 1.1723
2024-05-30 18:34:35,525 - INFO - Test loss   : 0.5269
2024-05-30 18:34:35,526 - INFO - 
Epoch	63
2024-05-30 18:34:48,463 - INFO - [65536/66739]	Loss  : 1.1724
2024-05-30 18:34:48,693 - INFO - Test loss   : 0.5044
2024-05-30 18:34:48,693 - INFO - 
Epoch	64
2024-05-30 18:35:02,802 - INFO - [65536/66739]	Loss  : 1.1712
2024-05-30 18:35:04,348 - INFO - Test loss   : 0.5375
2024-05-30 18:35:04,348 - INFO - 
Epoch	65
2024-05-30 18:35:17,336 - INFO - [65536/66739]	Loss  : 1.1705
2024-05-30 18:35:17,944 - INFO - Test loss   : 0.5252
2024-05-30 18:35:17,945 - INFO - 
Epoch	66
2024-05-30 18:35:29,835 - INFO - [65536/66739]	Loss  : 1.1693
2024-05-30 18:35:30,504 - INFO - Test loss   : 0.5099
2024-05-30 18:35:30,504 - INFO - 
Epoch	67
2024-05-30 18:35:42,755 - INFO - [65536/66739]	Loss  : 1.1692
2024-05-30 18:35:42,990 - INFO - Test loss   : 0.5256
2024-05-30 18:35:42,991 - INFO - 
Epoch	68
2024-05-30 18:35:55,773 - INFO - [65536/66739]	Loss  : 1.1681
2024-05-30 18:35:56,002 - INFO - Test loss   : 0.5147
2024-05-30 18:35:56,002 - INFO - 
Epoch	69
2024-05-30 18:36:08,274 - INFO - [65536/66739]	Loss  : 1.1689
2024-05-30 18:36:08,504 - INFO - Test loss   : 0.5008
2024-05-30 18:36:08,504 - INFO - 
Epoch	70
2024-05-30 18:36:21,109 - INFO - [65536/66739]	Loss  : 1.1677
2024-05-30 18:36:21,980 - INFO - Test loss   : 0.5127
2024-05-30 18:36:21,994 - INFO - (4449,)
2024-05-30 18:36:22,014 - INFO -  Split ID: 0
2024-05-30 18:36:22,015 - INFO -  Top 1	LocEnc (Epoch 70)acc (%):   5.87
2024-05-30 18:36:22,016 - INFO -  Top 3	LocEnc (Epoch 70)acc (%):   12.99
2024-05-30 18:36:22,016 - INFO -  Top 5	LocEnc (Epoch 70)acc (%):   18.36
2024-05-30 18:36:22,016 - INFO -  Top 10	LocEnc (Epoch 70)acc (%):   33.18
2024-05-30 18:36:22,016 - INFO - 
No prior
2024-05-30 18:36:22,019 - INFO - (17798,)
2024-05-30 18:36:22,112 - INFO -  Split ID: 0
2024-05-30 18:36:22,112 - INFO -  Top 1	(Epoch 70)acc (%):   50.15
2024-05-30 18:36:22,112 - INFO -  Top 3	(Epoch 70)acc (%):   73.9
2024-05-30 18:36:22,112 - INFO -  Top 5	(Epoch 70)acc (%):   82.45
2024-05-30 18:36:22,112 - INFO -  Top 10	(Epoch 70)acc (%):   91.06
2024-05-30 18:36:36,300 - INFO -  Split ID: 0
2024-05-30 18:36:36,300 - INFO -  Top 1	(Epoch 70)acc (%):   50.64
2024-05-30 18:36:36,300 - INFO -  Top 3	(Epoch 70)acc (%):   74.38
2024-05-30 18:36:36,300 - INFO -  Top 5	(Epoch 70)acc (%):   83.33
2024-05-30 18:36:36,300 - INFO -  Top 10	(Epoch 70)acc (%):   91.53
2024-05-30 18:36:36,300 - INFO - 
Epoch	71
2024-05-30 18:36:47,651 - INFO - [65536/66739]	Loss  : 1.1679
2024-05-30 18:36:48,202 - INFO - Test loss   : 0.5065
2024-05-30 18:36:48,203 - INFO - 
Epoch	72
2024-05-30 18:37:00,644 - INFO - [65536/66739]	Loss  : 1.1679
2024-05-30 18:37:00,970 - INFO - Test loss   : 0.5222
2024-05-30 18:37:00,970 - INFO - 
Epoch	73
2024-05-30 18:37:13,759 - INFO - [65536/66739]	Loss  : 1.1660
2024-05-30 18:37:14,016 - INFO - Test loss   : 0.5239
2024-05-30 18:37:14,016 - INFO - 
Epoch	74
2024-05-30 18:37:26,127 - INFO - [65536/66739]	Loss  : 1.1662
2024-05-30 18:37:26,378 - INFO - Test loss   : 0.5104
2024-05-30 18:37:26,378 - INFO - 
Epoch	75
2024-05-30 18:37:41,893 - INFO - [65536/66739]	Loss  : 1.1646
2024-05-30 18:37:42,124 - INFO - Test loss   : 0.5168
2024-05-30 18:37:42,125 - INFO - 
Epoch	76
2024-05-30 18:37:54,132 - INFO - [65536/66739]	Loss  : 1.1639
2024-05-30 18:37:54,372 - INFO - Test loss   : 0.5189
2024-05-30 18:37:54,372 - INFO - 
Epoch	77
2024-05-30 18:38:06,089 - INFO - [65536/66739]	Loss  : 1.1642
2024-05-30 18:38:06,509 - INFO - Test loss   : 0.5259
2024-05-30 18:38:06,509 - INFO - 
Epoch	78
2024-05-30 18:38:19,223 - INFO - [65536/66739]	Loss  : 1.1632
2024-05-30 18:38:20,588 - INFO - Test loss   : 0.5236
2024-05-30 18:38:20,588 - INFO - 
Epoch	79
2024-05-30 18:38:32,030 - INFO - [65536/66739]	Loss  : 1.1631
2024-05-30 18:38:33,389 - INFO - Test loss   : 0.5168
2024-05-30 18:38:33,389 - INFO - 
Epoch	80
2024-05-30 18:38:45,324 - INFO - [65536/66739]	Loss  : 1.1620
2024-05-30 18:38:46,187 - INFO - Test loss   : 0.5341
2024-05-30 18:38:46,206 - INFO - (4449,)
2024-05-30 18:38:46,227 - INFO -  Split ID: 0
2024-05-30 18:38:46,229 - INFO -  Top 1	LocEnc (Epoch 80)acc (%):   5.44
2024-05-30 18:38:46,229 - INFO -  Top 3	LocEnc (Epoch 80)acc (%):   12.2
2024-05-30 18:38:46,229 - INFO -  Top 5	LocEnc (Epoch 80)acc (%):   18.45
2024-05-30 18:38:46,229 - INFO -  Top 10	LocEnc (Epoch 80)acc (%):   31.0
2024-05-30 18:38:46,230 - INFO - 
No prior
2024-05-30 18:38:46,233 - INFO - (17798,)
2024-05-30 18:38:46,334 - INFO -  Split ID: 0
2024-05-30 18:38:46,334 - INFO -  Top 1	(Epoch 80)acc (%):   50.15
2024-05-30 18:38:46,334 - INFO -  Top 3	(Epoch 80)acc (%):   73.9
2024-05-30 18:38:46,335 - INFO -  Top 5	(Epoch 80)acc (%):   82.45
2024-05-30 18:38:46,335 - INFO -  Top 10	(Epoch 80)acc (%):   91.06
2024-05-30 18:39:00,565 - INFO -  Split ID: 0
2024-05-30 18:39:00,565 - INFO -  Top 1	(Epoch 80)acc (%):   50.57
2024-05-30 18:39:00,565 - INFO -  Top 3	(Epoch 80)acc (%):   74.44
2024-05-30 18:39:00,565 - INFO -  Top 5	(Epoch 80)acc (%):   83.17
2024-05-30 18:39:00,565 - INFO -  Top 10	(Epoch 80)acc (%):   91.47
2024-05-30 18:39:00,566 - INFO - 
Epoch	81
2024-05-30 18:39:12,877 - INFO - [65536/66739]	Loss  : 1.1622
2024-05-30 18:39:13,303 - INFO - Test loss   : 0.5133
2024-05-30 18:39:13,303 - INFO - 
Epoch	82
2024-05-30 18:39:25,683 - INFO - [65536/66739]	Loss  : 1.1625
2024-05-30 18:39:26,203 - INFO - Test loss   : 0.5168
2024-05-30 18:39:26,203 - INFO - 
Epoch	83
2024-05-30 18:39:39,756 - INFO - [65536/66739]	Loss  : 1.1612
2024-05-30 18:39:40,005 - INFO - Test loss   : 0.5365
2024-05-30 18:39:40,005 - INFO - 
Epoch	84
2024-05-30 18:39:52,419 - INFO - [65536/66739]	Loss  : 1.1614
2024-05-30 18:39:52,651 - INFO - Test loss   : 0.5120
2024-05-30 18:39:52,651 - INFO - 
Epoch	85
2024-05-30 18:40:06,171 - INFO - [65536/66739]	Loss  : 1.1610
2024-05-30 18:40:07,596 - INFO - Test loss   : 0.5203
2024-05-30 18:40:07,596 - INFO - 
Epoch	86
2024-05-30 18:40:19,244 - INFO - [65536/66739]	Loss  : 1.1603
2024-05-30 18:40:20,500 - INFO - Test loss   : 0.5279
2024-05-30 18:40:20,501 - INFO - 
Epoch	87
2024-05-30 18:40:32,125 - INFO - [65536/66739]	Loss  : 1.1600
2024-05-30 18:40:32,379 - INFO - Test loss   : 0.5282
2024-05-30 18:40:32,380 - INFO - 
Epoch	88
2024-05-30 18:40:45,728 - INFO - [65536/66739]	Loss  : 1.1591
2024-05-30 18:40:45,967 - INFO - Test loss   : 0.5439
2024-05-30 18:40:45,968 - INFO - 
Epoch	89
2024-05-30 18:40:57,660 - INFO - [65536/66739]	Loss  : 1.1598
2024-05-30 18:40:58,337 - INFO - Test loss   : 0.5119
2024-05-30 18:40:58,337 - INFO - 
Epoch	90
2024-05-30 18:41:10,289 - INFO - [65536/66739]	Loss  : 1.1587
2024-05-30 18:41:10,524 - INFO - Test loss   : 0.5379
2024-05-30 18:41:10,540 - INFO - (4449,)
2024-05-30 18:41:10,560 - INFO -  Split ID: 0
2024-05-30 18:41:10,562 - INFO -  Top 1	LocEnc (Epoch 90)acc (%):   5.03
2024-05-30 18:41:10,562 - INFO -  Top 3	LocEnc (Epoch 90)acc (%):   12.23
2024-05-30 18:41:10,562 - INFO -  Top 5	LocEnc (Epoch 90)acc (%):   18.05
2024-05-30 18:41:10,562 - INFO -  Top 10	LocEnc (Epoch 90)acc (%):   31.51
2024-05-30 18:41:10,563 - INFO - 
No prior
2024-05-30 18:41:10,565 - INFO - (17798,)
2024-05-30 18:41:10,662 - INFO -  Split ID: 0
2024-05-30 18:41:10,662 - INFO -  Top 1	(Epoch 90)acc (%):   50.15
2024-05-30 18:41:10,662 - INFO -  Top 3	(Epoch 90)acc (%):   73.9
2024-05-30 18:41:10,662 - INFO -  Top 5	(Epoch 90)acc (%):   82.45
2024-05-30 18:41:10,662 - INFO -  Top 10	(Epoch 90)acc (%):   91.06
2024-05-30 18:41:24,966 - INFO -  Split ID: 0
2024-05-30 18:41:24,967 - INFO -  Top 1	(Epoch 90)acc (%):   50.58
2024-05-30 18:41:24,968 - INFO -  Top 3	(Epoch 90)acc (%):   74.46
2024-05-30 18:41:24,968 - INFO -  Top 5	(Epoch 90)acc (%):   83.15
2024-05-30 18:41:24,969 - INFO -  Top 10	(Epoch 90)acc (%):   91.47
2024-05-30 18:41:24,969 - INFO - 
Epoch	91
2024-05-30 18:41:35,638 - INFO - [65536/66739]	Loss  : 1.1583
2024-05-30 18:41:36,722 - INFO - Test loss   : 0.5219
2024-05-30 18:41:36,722 - INFO - 
Epoch	92
2024-05-30 18:41:48,540 - INFO - [65536/66739]	Loss  : 1.1587
2024-05-30 18:41:48,771 - INFO - Test loss   : 0.5105
2024-05-30 18:41:48,772 - INFO - 
Epoch	93
2024-05-30 18:42:00,467 - INFO - [65536/66739]	Loss  : 1.1582
2024-05-30 18:42:00,824 - INFO - Test loss   : 0.5249
2024-05-30 18:42:00,824 - INFO - 
Epoch	94
2024-05-30 18:42:13,405 - INFO - [65536/66739]	Loss  : 1.1578
2024-05-30 18:42:14,833 - INFO - Test loss   : 0.5487
2024-05-30 18:42:14,833 - INFO - 
Epoch	95
2024-05-30 18:42:27,349 - INFO - [65536/66739]	Loss  : 1.1587
2024-05-30 18:42:27,697 - INFO - Test loss   : 0.5249
2024-05-30 18:42:27,697 - INFO - 
Epoch	96
2024-05-30 18:42:43,479 - INFO - [65536/66739]	Loss  : 1.1582
2024-05-30 18:42:43,709 - INFO - Test loss   : 0.5259
2024-05-30 18:42:43,709 - INFO - 
Epoch	97
2024-05-30 18:42:55,623 - INFO - [65536/66739]	Loss  : 1.1571
2024-05-30 18:42:55,852 - INFO - Test loss   : 0.5216
2024-05-30 18:42:55,852 - INFO - 
Epoch	98
2024-05-30 18:43:08,066 - INFO - [65536/66739]	Loss  : 1.1567
2024-05-30 18:43:09,736 - INFO - Test loss   : 0.5230
2024-05-30 18:43:09,736 - INFO - 
Epoch	99
2024-05-30 18:43:21,706 - INFO - [65536/66739]	Loss  : 1.1573
2024-05-30 18:43:22,679 - INFO - Test loss   : 0.5199
2024-05-30 18:43:22,679 - INFO - Saving output model to ../models/sphere2vec_dfs/model_yfcc_Sphere2Vec-dfs_inception_v3_0.0100_8_0.0050000_1.000_3_512_BATCH4096_leakyrelu.pth.tar
2024-05-30 18:43:22,697 - INFO - Saving output model to ../models/sphere2vec_dfs/model_yfcc_Sphere2Vec-dfs_inception_v3_0.0100_8_0.0050000_1.000_3_512_BATCH4096_leakyrelu.pth.tar
2024-05-30 18:43:22,743 - INFO - 
No prior
2024-05-30 18:43:22,745 - INFO - (17798,)
2024-05-30 18:43:22,849 - INFO -  Split ID: 0
2024-05-30 18:43:22,849 - INFO -  Top 1	acc (%):   50.15
2024-05-30 18:43:22,849 - INFO -  Top 3	acc (%):   73.9
2024-05-30 18:43:22,849 - INFO -  Top 5	acc (%):   82.45
2024-05-30 18:43:22,849 - INFO -  Top 10	acc (%):   91.06
2024-05-30 18:43:36,967 - INFO -  Split ID: 0
2024-05-30 18:43:36,967 - INFO -  Top 1	acc (%):   50.65
2024-05-30 18:43:36,968 - INFO -  Top 3	acc (%):   74.51
2024-05-30 18:43:36,968 - INFO -  Top 5	acc (%):   83.24
2024-05-30 18:43:36,968 - INFO -  Top 10	acc (%):   91.53
2024-05-30 18:43:36,968 - INFO - 
Sphere2Vec-dfs
2024-05-30 18:43:36,968 - INFO -  Model :	model_yfcc_Sphere2Vec-dfs_inception_v3_0.0100_8_0.0050000_1.000_3_512_BATCH4096_leakyrelu.pth.tar
2024-05-30 18:43:37,002 - INFO - (4449,)
2024-05-30 18:43:37,025 - INFO -  Split ID: 0
2024-05-30 18:43:37,026 - INFO -  Top 1	LocEnc acc (%):   5.64
2024-05-30 18:43:37,026 - INFO -  Top 3	LocEnc acc (%):   12.79
2024-05-30 18:43:37,027 - INFO -  Top 5	LocEnc acc (%):   18.95
2024-05-30 18:43:37,027 - INFO -  Top 10	LocEnc acc (%):   31.98
