2024-05-21 03:12:53,256 - INFO - 
num_classes	100
2024-05-21 03:12:53,256 - INFO - num train    	66739
2024-05-21 03:12:53,256 - INFO - num val      	4449
2024-05-21 03:12:53,256 - INFO - train loss   	full_loss
2024-05-21 03:12:53,256 - INFO - model name   	../models/wrap/model_yfcc_wrap_inception_v3_0.0010_64_0.0500000_1_512.pth.tar
2024-05-21 03:12:53,256 - INFO - num users    	1
2024-05-21 03:12:53,468 - INFO - 
Epoch	0
2024-05-21 03:12:55,840 - INFO - [51200/66739]	Loss  : 1.3647
2024-05-21 03:12:56,438 - INFO - [66560/66739]	Loss  : 1.3403
2024-05-21 03:12:56,600 - INFO - Test loss   : 0.6101
2024-05-21 03:12:56,600 - INFO - 
Epoch	1
2024-05-21 03:12:58,774 - INFO - [51200/66739]	Loss  : 1.2366
2024-05-21 03:12:59,416 - INFO - [66560/66739]	Loss  : 1.2344
2024-05-21 03:12:59,580 - INFO - Test loss   : 0.5994
2024-05-21 03:12:59,580 - INFO - 
Epoch	2
2024-05-21 03:13:01,758 - INFO - [51200/66739]	Loss  : 1.2189
2024-05-21 03:13:02,356 - INFO - [66560/66739]	Loss  : 1.2178
2024-05-21 03:13:02,519 - INFO - Test loss   : 0.5781
2024-05-21 03:13:02,519 - INFO - 
Epoch	3
2024-05-21 03:13:04,741 - INFO - [51200/66739]	Loss  : 1.2054
2024-05-21 03:13:05,336 - INFO - [66560/66739]	Loss  : 1.2043
2024-05-21 03:13:05,498 - INFO - Test loss   : 0.5818
2024-05-21 03:13:05,498 - INFO - 
Epoch	4
2024-05-21 03:13:07,664 - INFO - [51200/66739]	Loss  : 1.1973
2024-05-21 03:13:08,305 - INFO - [66560/66739]	Loss  : 1.1949
2024-05-21 03:13:08,468 - INFO - Test loss   : 0.5743
2024-05-21 03:13:08,468 - INFO - 
Epoch	5
2024-05-21 03:13:10,640 - INFO - [51200/66739]	Loss  : 1.1850
2024-05-21 03:13:11,237 - INFO - [66560/66739]	Loss  : 1.1838
2024-05-21 03:13:11,400 - INFO - Test loss   : 0.5677
2024-05-21 03:13:11,400 - INFO - 
Epoch	6
2024-05-21 03:13:13,613 - INFO - [51200/66739]	Loss  : 1.1770
2024-05-21 03:13:14,207 - INFO - [66560/66739]	Loss  : 1.1751
2024-05-21 03:13:14,371 - INFO - Test loss   : 0.5595
2024-05-21 03:13:14,372 - INFO - 
Epoch	7
2024-05-21 03:13:16,535 - INFO - [51200/66739]	Loss  : 1.1661
2024-05-21 03:13:17,174 - INFO - [66560/66739]	Loss  : 1.1669
2024-05-21 03:13:17,337 - INFO - Test loss   : 0.5572
2024-05-21 03:13:17,337 - INFO - 
Epoch	8
2024-05-21 03:13:19,494 - INFO - [51200/66739]	Loss  : 1.1626
2024-05-21 03:13:20,097 - INFO - [66560/66739]	Loss  : 1.1628
2024-05-21 03:13:20,261 - INFO - Test loss   : 0.5586
2024-05-21 03:13:20,261 - INFO - 
Epoch	9
2024-05-21 03:13:22,475 - INFO - [51200/66739]	Loss  : 1.1573
2024-05-21 03:13:23,080 - INFO - [66560/66739]	Loss  : 1.1563
2024-05-21 03:13:23,245 - INFO - Test loss   : 0.5535
2024-05-21 03:13:23,245 - INFO - 
Epoch	10
2024-05-21 03:13:25,428 - INFO - [51200/66739]	Loss  : 1.1530
2024-05-21 03:13:26,074 - INFO - [66560/66739]	Loss  : 1.1522
2024-05-21 03:13:26,239 - INFO - Test loss   : 0.5556
2024-05-21 03:13:26,249 - INFO - (4449,)
2024-05-21 03:13:26,271 - INFO -  Split ID: 0
2024-05-21 03:13:26,271 - INFO -  Top 1	LocEnc (Epoch 10)acc (%):   6.7
2024-05-21 03:13:26,271 - INFO -  Top 3	LocEnc (Epoch 10)acc (%):   15.4
2024-05-21 03:13:26,272 - INFO -  Top 5	LocEnc (Epoch 10)acc (%):   21.78
2024-05-21 03:13:26,272 - INFO -  Top 10	LocEnc (Epoch 10)acc (%):   35.76
2024-05-21 03:13:26,272 - INFO - 
No prior
2024-05-21 03:13:26,274 - INFO - (17798,)
2024-05-21 03:13:26,367 - INFO -  Split ID: 0
2024-05-21 03:13:26,367 - INFO -  Top 1	(Epoch 10)acc (%):   50.15
2024-05-21 03:13:26,367 - INFO -  Top 3	(Epoch 10)acc (%):   73.9
2024-05-21 03:13:26,367 - INFO -  Top 5	(Epoch 10)acc (%):   82.45
2024-05-21 03:13:26,367 - INFO -  Top 10	(Epoch 10)acc (%):   91.06
2024-05-21 03:13:35,658 - INFO -  Split ID: 0
2024-05-21 03:13:35,658 - INFO -  Top 1	(Epoch 10)acc (%):   50.59
2024-05-21 03:13:35,658 - INFO -  Top 3	(Epoch 10)acc (%):   74.6
2024-05-21 03:13:35,658 - INFO -  Top 5	(Epoch 10)acc (%):   83.22
2024-05-21 03:13:35,658 - INFO -  Top 10	(Epoch 10)acc (%):   91.54
2024-05-21 03:13:35,659 - INFO - 
Epoch	11
2024-05-21 03:13:56,996 - INFO - [51200/66739]	Loss  : 1.1483
2024-05-21 03:14:02,274 - INFO - [66560/66739]	Loss  : 1.1491
2024-05-21 03:14:04,100 - INFO - Test loss   : 0.5553
2024-05-21 03:14:04,100 - INFO - 
Epoch	12
2024-05-21 03:14:25,586 - INFO - [51200/66739]	Loss  : 1.1450
2024-05-21 03:14:30,998 - INFO - [66560/66739]	Loss  : 1.1458
2024-05-21 03:14:32,709 - INFO - Test loss   : 0.5568
2024-05-21 03:14:32,709 - INFO - 
Epoch	13
2024-05-21 03:14:54,068 - INFO - [51200/66739]	Loss  : 1.1423
2024-05-21 03:15:00,109 - INFO - [66560/66739]	Loss  : 1.1420
2024-05-21 03:15:01,941 - INFO - Test loss   : 0.5555
2024-05-21 03:15:01,942 - INFO - 
Epoch	14
2024-05-21 03:15:28,563 - INFO - [51200/66739]	Loss  : 1.1405
2024-05-21 03:15:39,248 - INFO - [66560/66739]	Loss  : 1.1391
2024-05-21 03:15:42,500 - INFO - Test loss   : 0.5574
2024-05-21 03:15:42,500 - INFO - 
Epoch	15
2024-05-21 03:16:20,416 - INFO - [51200/66739]	Loss  : 1.1388
2024-05-21 03:16:28,318 - INFO - [66560/66739]	Loss  : 1.1369
2024-05-21 03:16:30,081 - INFO - Test loss   : 0.5541
2024-05-21 03:16:30,081 - INFO - 
Epoch	16
2024-05-21 03:17:01,182 - INFO - [51200/66739]	Loss  : 1.1346
2024-05-21 03:17:11,857 - INFO - [66560/66739]	Loss  : 1.1342
2024-05-21 03:17:15,134 - INFO - Test loss   : 0.5524
2024-05-21 03:17:15,134 - INFO - 
Epoch	17
2024-05-21 03:17:53,376 - INFO - [51200/66739]	Loss  : 1.1348
2024-05-21 03:18:04,029 - INFO - [66560/66739]	Loss  : 1.1348
2024-05-21 03:18:07,259 - INFO - Test loss   : 0.5501
2024-05-21 03:18:07,259 - INFO - 
Epoch	18
2024-05-21 03:18:45,453 - INFO - [51200/66739]	Loss  : 1.1314
2024-05-21 03:18:56,135 - INFO - [66560/66739]	Loss  : 1.1311
2024-05-21 03:18:59,373 - INFO - Test loss   : 0.5518
2024-05-21 03:18:59,373 - INFO - 
Epoch	19
2024-05-21 03:19:37,696 - INFO - [51200/66739]	Loss  : 1.1275
2024-05-21 03:19:48,118 - INFO - [66560/66739]	Loss  : 1.1277
2024-05-21 03:19:51,402 - INFO - Test loss   : 0.5553
2024-05-21 03:19:51,403 - INFO - 
Epoch	20
2024-05-21 03:20:29,469 - INFO - [51200/66739]	Loss  : 1.1264
2024-05-21 03:20:40,110 - INFO - [66560/66739]	Loss  : 1.1260
2024-05-21 03:20:43,339 - INFO - Test loss   : 0.5523
2024-05-21 03:20:43,346 - INFO - (4449,)
2024-05-21 03:20:43,366 - INFO -  Split ID: 0
2024-05-21 03:20:43,366 - INFO -  Top 1	LocEnc (Epoch 20)acc (%):   7.82
2024-05-21 03:20:43,366 - INFO -  Top 3	LocEnc (Epoch 20)acc (%):   16.79
2024-05-21 03:20:43,366 - INFO -  Top 5	LocEnc (Epoch 20)acc (%):   24.45
2024-05-21 03:20:43,366 - INFO -  Top 10	LocEnc (Epoch 20)acc (%):   37.51
2024-05-21 03:20:43,367 - INFO - 
No prior
2024-05-21 03:20:43,369 - INFO - (17798,)
2024-05-21 03:20:43,460 - INFO -  Split ID: 0
2024-05-21 03:20:43,461 - INFO -  Top 1	(Epoch 20)acc (%):   50.15
2024-05-21 03:20:43,461 - INFO -  Top 3	(Epoch 20)acc (%):   73.9
2024-05-21 03:20:43,461 - INFO -  Top 5	(Epoch 20)acc (%):   82.45
2024-05-21 03:20:43,461 - INFO -  Top 10	(Epoch 20)acc (%):   91.06
2024-05-21 03:20:57,307 - INFO -  Split ID: 0
2024-05-21 03:20:57,307 - INFO -  Top 1	(Epoch 20)acc (%):   50.82
2024-05-21 03:20:57,307 - INFO -  Top 3	(Epoch 20)acc (%):   74.73
2024-05-21 03:20:57,307 - INFO -  Top 5	(Epoch 20)acc (%):   83.42
2024-05-21 03:20:57,307 - INFO -  Top 10	(Epoch 20)acc (%):   91.74
2024-05-21 03:20:57,309 - INFO - 
Epoch	21
2024-05-21 03:21:35,307 - INFO - [51200/66739]	Loss  : 1.1264
2024-05-21 03:21:45,956 - INFO - [66560/66739]	Loss  : 1.1242
2024-05-21 03:21:49,190 - INFO - Test loss   : 0.5512
2024-05-21 03:21:49,190 - INFO - 
Epoch	22
2024-05-21 03:22:27,171 - INFO - [51200/66739]	Loss  : 1.1237
2024-05-21 03:22:37,773 - INFO - [66560/66739]	Loss  : 1.1233
2024-05-21 03:22:41,061 - INFO - Test loss   : 0.5585
2024-05-21 03:22:41,061 - INFO - 
Epoch	23
2024-05-21 03:23:18,707 - INFO - [51200/66739]	Loss  : 1.1205
2024-05-21 03:23:29,354 - INFO - [66560/66739]	Loss  : 1.1227
2024-05-21 03:23:32,602 - INFO - Test loss   : 0.5487
2024-05-21 03:23:32,602 - INFO - 
Epoch	24
2024-05-21 03:24:10,673 - INFO - [51200/66739]	Loss  : 1.1193
2024-05-21 03:24:21,328 - INFO - [66560/66739]	Loss  : 1.1211
2024-05-21 03:24:24,531 - INFO - Test loss   : 0.5463
2024-05-21 03:24:24,531 - INFO - 
Epoch	25
2024-05-21 03:25:02,900 - INFO - [51200/66739]	Loss  : 1.1172
2024-05-21 03:25:13,807 - INFO - [66560/66739]	Loss  : 1.1186
2024-05-21 03:25:17,084 - INFO - Test loss   : 0.5472
2024-05-21 03:25:17,085 - INFO - 
Epoch	26
2024-05-21 03:25:55,628 - INFO - [51200/66739]	Loss  : 1.1155
2024-05-21 03:26:06,316 - INFO - [66560/66739]	Loss  : 1.1164
2024-05-21 03:26:09,349 - INFO - Test loss   : 0.5485
2024-05-21 03:26:09,349 - INFO - 
Epoch	27
2024-05-21 03:26:47,798 - INFO - [51200/66739]	Loss  : 1.1147
2024-05-21 03:26:58,519 - INFO - [66560/66739]	Loss  : 1.1151
2024-05-21 03:27:01,648 - INFO - Test loss   : 0.5454
2024-05-21 03:27:01,648 - INFO - 
Epoch	28
2024-05-21 03:27:40,031 - INFO - [51200/66739]	Loss  : 1.1115
2024-05-21 03:27:50,667 - INFO - [66560/66739]	Loss  : 1.1137
2024-05-21 03:27:53,964 - INFO - Test loss   : 0.5441
2024-05-21 03:27:53,964 - INFO - 
Epoch	29
2024-05-21 03:28:32,266 - INFO - [51200/66739]	Loss  : 1.1110
2024-05-21 03:28:42,535 - INFO - [66560/66739]	Loss  : 1.1129
2024-05-21 03:28:44,367 - INFO - Test loss   : 0.5459
2024-05-21 03:28:44,367 - INFO - 
Epoch	30
2024-05-21 03:29:20,889 - INFO - [51200/66739]	Loss  : 1.1116
2024-05-21 03:29:31,273 - INFO - [66560/66739]	Loss  : 1.1128
2024-05-21 03:29:34,477 - INFO - Test loss   : 0.5486
2024-05-21 03:29:34,487 - INFO - (4449,)
2024-05-21 03:29:34,509 - INFO -  Split ID: 0
2024-05-21 03:29:34,509 - INFO -  Top 1	LocEnc (Epoch 30)acc (%):   8.61
2024-05-21 03:29:34,509 - INFO -  Top 3	LocEnc (Epoch 30)acc (%):   17.96
2024-05-21 03:29:34,509 - INFO -  Top 5	LocEnc (Epoch 30)acc (%):   25.42
2024-05-21 03:29:34,510 - INFO -  Top 10	LocEnc (Epoch 30)acc (%):   37.94
2024-05-21 03:29:34,510 - INFO - 
No prior
2024-05-21 03:29:34,512 - INFO - (17798,)
2024-05-21 03:29:34,606 - INFO -  Split ID: 0
2024-05-21 03:29:34,607 - INFO -  Top 1	(Epoch 30)acc (%):   50.15
2024-05-21 03:29:34,607 - INFO -  Top 3	(Epoch 30)acc (%):   73.9
2024-05-21 03:29:34,607 - INFO -  Top 5	(Epoch 30)acc (%):   82.45
2024-05-21 03:29:34,607 - INFO -  Top 10	(Epoch 30)acc (%):   91.06
2024-05-21 03:29:48,497 - INFO -  Split ID: 0
2024-05-21 03:29:48,497 - INFO -  Top 1	(Epoch 30)acc (%):   50.87
2024-05-21 03:29:48,497 - INFO -  Top 3	(Epoch 30)acc (%):   74.88
2024-05-21 03:29:48,497 - INFO -  Top 5	(Epoch 30)acc (%):   83.53
2024-05-21 03:29:48,497 - INFO -  Top 10	(Epoch 30)acc (%):   91.79
2024-05-21 03:29:48,499 - INFO - 
Epoch	31
2024-05-21 03:30:26,747 - INFO - [51200/66739]	Loss  : 1.1118
2024-05-21 03:30:37,398 - INFO - [66560/66739]	Loss  : 1.1119
2024-05-21 03:30:40,601 - INFO - Test loss   : 0.5467
2024-05-21 03:30:40,602 - INFO - 
Epoch	32
2024-05-21 03:31:18,370 - INFO - [51200/66739]	Loss  : 1.1099
2024-05-21 03:31:29,023 - INFO - [66560/66739]	Loss  : 1.1095
2024-05-21 03:31:32,250 - INFO - Test loss   : 0.5425
2024-05-21 03:31:32,250 - INFO - 
Epoch	33
2024-05-21 03:32:10,259 - INFO - [51200/66739]	Loss  : 1.1089
2024-05-21 03:32:20,684 - INFO - [66560/66739]	Loss  : 1.1090
2024-05-21 03:32:23,708 - INFO - Test loss   : 0.5426
2024-05-21 03:32:23,708 - INFO - 
Epoch	34
2024-05-21 03:33:01,532 - INFO - [51200/66739]	Loss  : 1.1084
2024-05-21 03:33:12,195 - INFO - [66560/66739]	Loss  : 1.1079
2024-05-21 03:33:15,527 - INFO - Test loss   : 0.5369
2024-05-21 03:33:15,528 - INFO - 
Epoch	35
2024-05-21 03:33:53,764 - INFO - [51200/66739]	Loss  : 1.1059
2024-05-21 03:34:04,318 - INFO - [66560/66739]	Loss  : 1.1056
2024-05-21 03:34:07,552 - INFO - Test loss   : 0.5453
2024-05-21 03:34:07,552 - INFO - 
Epoch	36
2024-05-21 03:34:45,714 - INFO - [51200/66739]	Loss  : 1.1070
2024-05-21 03:34:56,103 - INFO - [66560/66739]	Loss  : 1.1064
2024-05-21 03:34:59,347 - INFO - Test loss   : 0.5431
2024-05-21 03:34:59,347 - INFO - 
Epoch	37
2024-05-21 03:35:37,503 - INFO - [51200/66739]	Loss  : 1.1044
2024-05-21 03:35:48,108 - INFO - [66560/66739]	Loss  : 1.1049
2024-05-21 03:35:51,312 - INFO - Test loss   : 0.5425
2024-05-21 03:35:51,312 - INFO - 
Epoch	38
2024-05-21 03:36:29,094 - INFO - [51200/66739]	Loss  : 1.1020
2024-05-21 03:36:39,663 - INFO - [66560/66739]	Loss  : 1.1036
2024-05-21 03:36:42,899 - INFO - Test loss   : 0.5385
2024-05-21 03:36:42,899 - INFO - 
Epoch	39
2024-05-21 03:37:21,176 - INFO - [51200/66739]	Loss  : 1.1011
2024-05-21 03:37:31,737 - INFO - [66560/66739]	Loss  : 1.1018
2024-05-21 03:37:34,977 - INFO - Test loss   : 0.5424
2024-05-21 03:37:34,977 - INFO - 
Epoch	40
2024-05-21 03:38:12,913 - INFO - [51200/66739]	Loss  : 1.1019
2024-05-21 03:38:23,519 - INFO - [66560/66739]	Loss  : 1.1020
2024-05-21 03:38:26,795 - INFO - Test loss   : 0.5413
2024-05-21 03:38:26,805 - INFO - (4449,)
2024-05-21 03:38:26,828 - INFO -  Split ID: 0
2024-05-21 03:38:26,828 - INFO -  Top 1	LocEnc (Epoch 40)acc (%):   8.16
2024-05-21 03:38:26,828 - INFO -  Top 3	LocEnc (Epoch 40)acc (%):   18.32
2024-05-21 03:38:26,828 - INFO -  Top 5	LocEnc (Epoch 40)acc (%):   25.67
2024-05-21 03:38:26,828 - INFO -  Top 10	LocEnc (Epoch 40)acc (%):   38.66
2024-05-21 03:38:26,829 - INFO - 
No prior
2024-05-21 03:38:26,831 - INFO - (17798,)
2024-05-21 03:38:26,926 - INFO -  Split ID: 0
2024-05-21 03:38:26,926 - INFO -  Top 1	(Epoch 40)acc (%):   50.15
2024-05-21 03:38:26,926 - INFO -  Top 3	(Epoch 40)acc (%):   73.9
2024-05-21 03:38:26,926 - INFO -  Top 5	(Epoch 40)acc (%):   82.45
2024-05-21 03:38:26,926 - INFO -  Top 10	(Epoch 40)acc (%):   91.06
2024-05-21 03:38:40,813 - INFO -  Split ID: 0
2024-05-21 03:38:40,813 - INFO -  Top 1	(Epoch 40)acc (%):   50.84
2024-05-21 03:38:40,813 - INFO -  Top 3	(Epoch 40)acc (%):   74.94
2024-05-21 03:38:40,813 - INFO -  Top 5	(Epoch 40)acc (%):   83.46
2024-05-21 03:38:40,814 - INFO -  Top 10	(Epoch 40)acc (%):   91.82
2024-05-21 03:38:40,815 - INFO - 
Epoch	41
2024-05-21 03:39:18,975 - INFO - [51200/66739]	Loss  : 1.1037
2024-05-21 03:39:29,618 - INFO - [66560/66739]	Loss  : 1.1022
2024-05-21 03:39:32,755 - INFO - Test loss   : 0.5395
2024-05-21 03:39:32,755 - INFO - 
Epoch	42
2024-05-21 03:40:10,951 - INFO - [51200/66739]	Loss  : 1.1009
2024-05-21 03:40:21,661 - INFO - [66560/66739]	Loss  : 1.1000
2024-05-21 03:40:24,896 - INFO - Test loss   : 0.5376
2024-05-21 03:40:24,896 - INFO - 
Epoch	43
2024-05-21 03:41:02,819 - INFO - [51200/66739]	Loss  : 1.0984
2024-05-21 03:41:13,667 - INFO - [66560/66739]	Loss  : 1.0990
2024-05-21 03:41:16,927 - INFO - Test loss   : 0.5424
2024-05-21 03:41:16,928 - INFO - 
Epoch	44
2024-05-21 03:41:55,096 - INFO - [51200/66739]	Loss  : 1.0980
2024-05-21 03:42:05,638 - INFO - [66560/66739]	Loss  : 1.0986
2024-05-21 03:42:08,875 - INFO - Test loss   : 0.5352
2024-05-21 03:42:08,876 - INFO - 
Epoch	45
2024-05-21 03:42:46,755 - INFO - [51200/66739]	Loss  : 1.0968
2024-05-21 03:42:57,424 - INFO - [66560/66739]	Loss  : 1.0968
2024-05-21 03:43:00,666 - INFO - Test loss   : 0.5423
2024-05-21 03:43:00,667 - INFO - 
Epoch	46
2024-05-21 03:43:38,820 - INFO - [51200/66739]	Loss  : 1.0966
2024-05-21 03:43:49,463 - INFO - [66560/66739]	Loss  : 1.0969
2024-05-21 03:43:52,745 - INFO - Test loss   : 0.5351
2024-05-21 03:43:52,745 - INFO - 
Epoch	47
2024-05-21 03:44:30,926 - INFO - [51200/66739]	Loss  : 1.0931
2024-05-21 03:44:41,370 - INFO - [66560/66739]	Loss  : 1.0945
2024-05-21 03:44:44,613 - INFO - Test loss   : 0.5515
2024-05-21 03:44:44,613 - INFO - 
Epoch	48
2024-05-21 03:45:20,015 - INFO - [51200/66739]	Loss  : 1.0969
2024-05-21 03:45:30,312 - INFO - [66560/66739]	Loss  : 1.0965
2024-05-21 03:45:33,500 - INFO - Test loss   : 0.5363
2024-05-21 03:45:33,501 - INFO - 
Epoch	49
2024-05-21 03:46:11,488 - INFO - [51200/66739]	Loss  : 1.0938
2024-05-21 03:46:21,955 - INFO - [66560/66739]	Loss  : 1.0939
2024-05-21 03:46:25,195 - INFO - Test loss   : 0.5368
2024-05-21 03:46:25,195 - INFO - 
Epoch	50
2024-05-21 03:47:02,956 - INFO - [51200/66739]	Loss  : 1.0943
2024-05-21 03:47:13,455 - INFO - [66560/66739]	Loss  : 1.0941
2024-05-21 03:47:16,670 - INFO - Test loss   : 0.5433
2024-05-21 03:47:16,680 - INFO - (4449,)
2024-05-21 03:47:16,703 - INFO -  Split ID: 0
2024-05-21 03:47:16,703 - INFO -  Top 1	LocEnc (Epoch 50)acc (%):   8.54
2024-05-21 03:47:16,703 - INFO -  Top 3	LocEnc (Epoch 50)acc (%):   17.91
2024-05-21 03:47:16,704 - INFO -  Top 5	LocEnc (Epoch 50)acc (%):   25.74
2024-05-21 03:47:16,704 - INFO -  Top 10	LocEnc (Epoch 50)acc (%):   38.71
2024-05-21 03:47:16,704 - INFO - 
No prior
2024-05-21 03:47:16,706 - INFO - (17798,)
2024-05-21 03:47:16,801 - INFO -  Split ID: 0
2024-05-21 03:47:16,802 - INFO -  Top 1	(Epoch 50)acc (%):   50.15
2024-05-21 03:47:16,802 - INFO -  Top 3	(Epoch 50)acc (%):   73.9
2024-05-21 03:47:16,802 - INFO -  Top 5	(Epoch 50)acc (%):   82.45
2024-05-21 03:47:16,802 - INFO -  Top 10	(Epoch 50)acc (%):   91.06
2024-05-21 03:47:30,615 - INFO -  Split ID: 0
2024-05-21 03:47:30,616 - INFO -  Top 1	(Epoch 50)acc (%):   50.85
2024-05-21 03:47:30,616 - INFO -  Top 3	(Epoch 50)acc (%):   74.94
2024-05-21 03:47:30,616 - INFO -  Top 5	(Epoch 50)acc (%):   83.59
2024-05-21 03:47:30,616 - INFO -  Top 10	(Epoch 50)acc (%):   91.86
2024-05-21 03:47:30,618 - INFO - 
Epoch	51
2024-05-21 03:48:08,392 - INFO - [51200/66739]	Loss  : 1.0954
2024-05-21 03:48:18,939 - INFO - [66560/66739]	Loss  : 1.0944
2024-05-21 03:48:22,161 - INFO - Test loss   : 0.5361
2024-05-21 03:48:22,161 - INFO - 
Epoch	52
2024-05-21 03:48:59,262 - INFO - [51200/66739]	Loss  : 1.0915
2024-05-21 03:49:09,833 - INFO - [66560/66739]	Loss  : 1.0918
2024-05-21 03:49:13,093 - INFO - Test loss   : 0.5344
2024-05-21 03:49:13,093 - INFO - 
Epoch	53
2024-05-21 03:49:50,797 - INFO - [51200/66739]	Loss  : 1.0903
2024-05-21 03:50:01,373 - INFO - [66560/66739]	Loss  : 1.0899
2024-05-21 03:50:04,578 - INFO - Test loss   : 0.5399
2024-05-21 03:50:04,578 - INFO - 
Epoch	54
2024-05-21 03:50:41,713 - INFO - [51200/66739]	Loss  : 1.0915
2024-05-21 03:50:52,033 - INFO - [66560/66739]	Loss  : 1.0904
2024-05-21 03:50:54,937 - INFO - Test loss   : 0.5375
2024-05-21 03:50:54,938 - INFO - 
Epoch	55
2024-05-21 03:51:32,817 - INFO - [51200/66739]	Loss  : 1.0908
2024-05-21 03:51:43,376 - INFO - [66560/66739]	Loss  : 1.0907
2024-05-21 03:51:46,643 - INFO - Test loss   : 0.5363
2024-05-21 03:51:46,643 - INFO - 
Epoch	56
2024-05-21 03:52:23,889 - INFO - [51200/66739]	Loss  : 1.0914
2024-05-21 03:52:34,475 - INFO - [66560/66739]	Loss  : 1.0913
2024-05-21 03:52:37,683 - INFO - Test loss   : 0.5335
2024-05-21 03:52:37,683 - INFO - 
Epoch	57
2024-05-21 03:53:15,002 - INFO - [51200/66739]	Loss  : 1.0869
2024-05-21 03:53:25,543 - INFO - [66560/66739]	Loss  : 1.0875
2024-05-21 03:53:28,752 - INFO - Test loss   : 0.5314
2024-05-21 03:53:28,752 - INFO - 
Epoch	58
2024-05-21 03:54:06,533 - INFO - [51200/66739]	Loss  : 1.0877
2024-05-21 03:54:17,056 - INFO - [66560/66739]	Loss  : 1.0881
2024-05-21 03:54:20,306 - INFO - Test loss   : 0.5360
2024-05-21 03:54:20,306 - INFO - 
Epoch	59
2024-05-21 03:54:57,982 - INFO - [51200/66739]	Loss  : 1.0870
2024-05-21 03:55:08,118 - INFO - [66560/66739]	Loss  : 1.0861
2024-05-21 03:55:11,340 - INFO - Test loss   : 0.5352
2024-05-21 03:55:11,340 - INFO - 
Epoch	60
2024-05-21 03:55:49,117 - INFO - [51200/66739]	Loss  : 1.0857
2024-05-21 03:55:59,730 - INFO - [66560/66739]	Loss  : 1.0866
2024-05-21 03:56:02,937 - INFO - Test loss   : 0.5333
2024-05-21 03:56:02,947 - INFO - (4449,)
2024-05-21 03:56:02,970 - INFO -  Split ID: 0
2024-05-21 03:56:02,971 - INFO -  Top 1	LocEnc (Epoch 60)acc (%):   9.22
2024-05-21 03:56:02,971 - INFO -  Top 3	LocEnc (Epoch 60)acc (%):   18.79
2024-05-21 03:56:02,971 - INFO -  Top 5	LocEnc (Epoch 60)acc (%):   27.13
2024-05-21 03:56:02,971 - INFO -  Top 10	LocEnc (Epoch 60)acc (%):   40.05
2024-05-21 03:56:02,971 - INFO - 
No prior
2024-05-21 03:56:02,973 - INFO - (17798,)
2024-05-21 03:56:03,067 - INFO -  Split ID: 0
2024-05-21 03:56:03,068 - INFO -  Top 1	(Epoch 60)acc (%):   50.15
2024-05-21 03:56:03,068 - INFO -  Top 3	(Epoch 60)acc (%):   73.9
2024-05-21 03:56:03,068 - INFO -  Top 5	(Epoch 60)acc (%):   82.45
2024-05-21 03:56:03,068 - INFO -  Top 10	(Epoch 60)acc (%):   91.06
2024-05-21 03:56:16,883 - INFO -  Split ID: 0
2024-05-21 03:56:16,883 - INFO -  Top 1	(Epoch 60)acc (%):   50.89
2024-05-21 03:56:16,883 - INFO -  Top 3	(Epoch 60)acc (%):   74.92
2024-05-21 03:56:16,883 - INFO -  Top 5	(Epoch 60)acc (%):   83.62
2024-05-21 03:56:16,883 - INFO -  Top 10	(Epoch 60)acc (%):   91.9
2024-05-21 03:56:16,885 - INFO - 
Epoch	61
2024-05-21 03:56:54,222 - INFO - [51200/66739]	Loss  : 1.0862
2024-05-21 03:57:04,803 - INFO - [66560/66739]	Loss  : 1.0873
2024-05-21 03:57:08,006 - INFO - Test loss   : 0.5364
2024-05-21 03:57:08,006 - INFO - 
Epoch	62
2024-05-21 03:57:45,862 - INFO - [51200/66739]	Loss  : 1.0874
2024-05-21 03:57:56,445 - INFO - [66560/66739]	Loss  : 1.0871
2024-05-21 03:57:59,674 - INFO - Test loss   : 0.5338
2024-05-21 03:57:59,674 - INFO - 
Epoch	63
2024-05-21 03:58:37,543 - INFO - [51200/66739]	Loss  : 1.0837
2024-05-21 03:58:48,177 - INFO - [66560/66739]	Loss  : 1.0853
2024-05-21 03:58:51,403 - INFO - Test loss   : 0.5344
2024-05-21 03:58:51,403 - INFO - 
Epoch	64
2024-05-21 03:59:29,128 - INFO - [51200/66739]	Loss  : 1.0854
2024-05-21 03:59:39,475 - INFO - [66560/66739]	Loss  : 1.0853
2024-05-21 03:59:42,742 - INFO - Test loss   : 0.5375
2024-05-21 03:59:42,742 - INFO - 
Epoch	65
2024-05-21 04:00:20,408 - INFO - [51200/66739]	Loss  : 1.0843
2024-05-21 04:00:30,696 - INFO - [66560/66739]	Loss  : 1.0853
2024-05-21 04:00:33,900 - INFO - Test loss   : 0.5345
2024-05-21 04:00:33,900 - INFO - 
Epoch	66
2024-05-21 04:01:11,953 - INFO - [51200/66739]	Loss  : 1.0837
2024-05-21 04:01:22,553 - INFO - [66560/66739]	Loss  : 1.0830
2024-05-21 04:01:25,331 - INFO - Test loss   : 0.5331
2024-05-21 04:01:25,331 - INFO - 
Epoch	67
2024-05-21 04:02:00,444 - INFO - [51200/66739]	Loss  : 1.0833
2024-05-21 04:02:10,867 - INFO - [66560/66739]	Loss  : 1.0829
2024-05-21 04:02:14,166 - INFO - Test loss   : 0.5412
2024-05-21 04:02:14,166 - INFO - 
Epoch	68
2024-05-21 04:02:52,514 - INFO - [51200/66739]	Loss  : 1.0815
2024-05-21 04:03:03,193 - INFO - [66560/66739]	Loss  : 1.0820
2024-05-21 04:03:06,410 - INFO - Test loss   : 0.5335
2024-05-21 04:03:06,410 - INFO - 
Epoch	69
2024-05-21 04:03:44,668 - INFO - [51200/66739]	Loss  : 1.0829
2024-05-21 04:03:55,381 - INFO - [66560/66739]	Loss  : 1.0822
2024-05-21 04:03:58,627 - INFO - Test loss   : 0.5344
2024-05-21 04:03:58,627 - INFO - 
Epoch	70
2024-05-21 04:04:36,899 - INFO - [51200/66739]	Loss  : 1.0815
2024-05-21 04:04:47,753 - INFO - [66560/66739]	Loss  : 1.0827
2024-05-21 04:04:51,095 - INFO - Test loss   : 0.5342
2024-05-21 04:04:51,104 - INFO - (4449,)
2024-05-21 04:04:51,128 - INFO -  Split ID: 0
2024-05-21 04:04:51,128 - INFO -  Top 1	LocEnc (Epoch 70)acc (%):   8.86
2024-05-21 04:04:51,128 - INFO -  Top 3	LocEnc (Epoch 70)acc (%):   18.52
2024-05-21 04:04:51,128 - INFO -  Top 5	LocEnc (Epoch 70)acc (%):   26.57
2024-05-21 04:04:51,128 - INFO -  Top 10	LocEnc (Epoch 70)acc (%):   40.17
2024-05-21 04:04:51,128 - INFO - 
No prior
2024-05-21 04:04:51,130 - INFO - (17798,)
2024-05-21 04:04:51,225 - INFO -  Split ID: 0
2024-05-21 04:04:51,225 - INFO -  Top 1	(Epoch 70)acc (%):   50.15
2024-05-21 04:04:51,225 - INFO -  Top 3	(Epoch 70)acc (%):   73.9
2024-05-21 04:04:51,225 - INFO -  Top 5	(Epoch 70)acc (%):   82.45
2024-05-21 04:04:51,225 - INFO -  Top 10	(Epoch 70)acc (%):   91.06
2024-05-21 04:05:05,196 - INFO -  Split ID: 0
2024-05-21 04:05:05,196 - INFO -  Top 1	(Epoch 70)acc (%):   50.93
2024-05-21 04:05:05,196 - INFO -  Top 3	(Epoch 70)acc (%):   74.96
2024-05-21 04:05:05,196 - INFO -  Top 5	(Epoch 70)acc (%):   83.66
2024-05-21 04:05:05,196 - INFO -  Top 10	(Epoch 70)acc (%):   91.94
2024-05-21 04:05:05,198 - INFO - 
Epoch	71
2024-05-21 04:05:43,557 - INFO - [51200/66739]	Loss  : 1.0812
2024-05-21 04:05:54,239 - INFO - [66560/66739]	Loss  : 1.0817
2024-05-21 04:05:57,479 - INFO - Test loss   : 0.5353
2024-05-21 04:05:57,479 - INFO - 
Epoch	72
2024-05-21 04:06:35,419 - INFO - [51200/66739]	Loss  : 1.0793
2024-05-21 04:06:46,153 - INFO - [66560/66739]	Loss  : 1.0796
2024-05-21 04:06:49,405 - INFO - Test loss   : 0.5423
2024-05-21 04:06:49,405 - INFO - 
Epoch	73
2024-05-21 04:07:27,586 - INFO - [51200/66739]	Loss  : 1.0787
2024-05-21 04:07:38,285 - INFO - [66560/66739]	Loss  : 1.0797
2024-05-21 04:07:41,584 - INFO - Test loss   : 0.5324
2024-05-21 04:07:41,585 - INFO - 
Epoch	74
2024-05-21 04:08:19,823 - INFO - [51200/66739]	Loss  : 1.0783
2024-05-21 04:08:30,490 - INFO - [66560/66739]	Loss  : 1.0802
2024-05-21 04:08:33,720 - INFO - Test loss   : 0.5307
2024-05-21 04:08:33,720 - INFO - 
Epoch	75
2024-05-21 04:09:12,055 - INFO - [51200/66739]	Loss  : 1.0827
2024-05-21 04:09:22,754 - INFO - [66560/66739]	Loss  : 1.0806
2024-05-21 04:09:25,992 - INFO - Test loss   : 0.5306
2024-05-21 04:09:25,992 - INFO - 
Epoch	76
2024-05-21 04:10:04,336 - INFO - [51200/66739]	Loss  : 1.0819
2024-05-21 04:10:15,013 - INFO - [66560/66739]	Loss  : 1.0819
2024-05-21 04:10:18,306 - INFO - Test loss   : 0.5341
2024-05-21 04:10:18,306 - INFO - 
Epoch	77
2024-05-21 04:10:56,589 - INFO - [51200/66739]	Loss  : 1.0772
2024-05-21 04:11:07,266 - INFO - [66560/66739]	Loss  : 1.0781
2024-05-21 04:11:10,506 - INFO - Test loss   : 0.5348
2024-05-21 04:11:10,506 - INFO - 
Epoch	78
2024-05-21 04:11:48,629 - INFO - [51200/66739]	Loss  : 1.0773
2024-05-21 04:11:59,260 - INFO - [66560/66739]	Loss  : 1.0773
2024-05-21 04:12:02,429 - INFO - Test loss   : 0.5330
2024-05-21 04:12:02,429 - INFO - 
Epoch	79
2024-05-21 04:12:40,877 - INFO - [51200/66739]	Loss  : 1.0775
2024-05-21 04:12:51,648 - INFO - [66560/66739]	Loss  : 1.0782
2024-05-21 04:12:54,932 - INFO - Test loss   : 0.5309
2024-05-21 04:12:54,932 - INFO - 
Epoch	80
2024-05-21 04:13:33,182 - INFO - [51200/66739]	Loss  : 1.0802
2024-05-21 04:13:43,846 - INFO - [66560/66739]	Loss  : 1.0786
2024-05-21 04:13:47,093 - INFO - Test loss   : 0.5403
2024-05-21 04:13:47,102 - INFO - (4449,)
2024-05-21 04:13:47,126 - INFO -  Split ID: 0
2024-05-21 04:13:47,126 - INFO -  Top 1	LocEnc (Epoch 80)acc (%):   9.1
2024-05-21 04:13:47,126 - INFO -  Top 3	LocEnc (Epoch 80)acc (%):   18.27
2024-05-21 04:13:47,126 - INFO -  Top 5	LocEnc (Epoch 80)acc (%):   26.03
2024-05-21 04:13:47,126 - INFO -  Top 10	LocEnc (Epoch 80)acc (%):   39.33
2024-05-21 04:13:47,127 - INFO - 
No prior
2024-05-21 04:13:47,129 - INFO - (17798,)
2024-05-21 04:13:47,223 - INFO -  Split ID: 0
2024-05-21 04:13:47,223 - INFO -  Top 1	(Epoch 80)acc (%):   50.15
2024-05-21 04:13:47,223 - INFO -  Top 3	(Epoch 80)acc (%):   73.9
2024-05-21 04:13:47,223 - INFO -  Top 5	(Epoch 80)acc (%):   82.45
2024-05-21 04:13:47,223 - INFO -  Top 10	(Epoch 80)acc (%):   91.06
2024-05-21 04:14:01,135 - INFO -  Split ID: 0
2024-05-21 04:14:01,135 - INFO -  Top 1	(Epoch 80)acc (%):   50.9
2024-05-21 04:14:01,135 - INFO -  Top 3	(Epoch 80)acc (%):   75.08
2024-05-21 04:14:01,135 - INFO -  Top 5	(Epoch 80)acc (%):   83.69
2024-05-21 04:14:01,135 - INFO -  Top 10	(Epoch 80)acc (%):   91.97
2024-05-21 04:14:01,137 - INFO - 
Epoch	81
2024-05-21 04:14:39,488 - INFO - [51200/66739]	Loss  : 1.0766
2024-05-21 04:14:50,219 - INFO - [66560/66739]	Loss  : 1.0773
2024-05-21 04:14:53,461 - INFO - Test loss   : 0.5339
2024-05-21 04:14:53,461 - INFO - 
Epoch	82
2024-05-21 04:15:31,839 - INFO - [51200/66739]	Loss  : 1.0767
2024-05-21 04:15:42,524 - INFO - [66560/66739]	Loss  : 1.0773
2024-05-21 04:15:45,817 - INFO - Test loss   : 0.5314
2024-05-21 04:15:45,817 - INFO - 
Epoch	83
2024-05-21 04:16:23,782 - INFO - [51200/66739]	Loss  : 1.0776
2024-05-21 04:16:34,429 - INFO - [66560/66739]	Loss  : 1.0770
2024-05-21 04:16:37,679 - INFO - Test loss   : 0.5395
2024-05-21 04:16:37,679 - INFO - 
Epoch	84
2024-05-21 04:17:15,910 - INFO - [51200/66739]	Loss  : 1.0768
2024-05-21 04:17:26,358 - INFO - [66560/66739]	Loss  : 1.0762
2024-05-21 04:17:29,614 - INFO - Test loss   : 0.5392
2024-05-21 04:17:29,615 - INFO - 
Epoch	85
2024-05-21 04:18:07,709 - INFO - [51200/66739]	Loss  : 1.0759
2024-05-21 04:18:18,350 - INFO - [66560/66739]	Loss  : 1.0759
2024-05-21 04:18:21,528 - INFO - Test loss   : 0.5323
2024-05-21 04:18:21,528 - INFO - 
Epoch	86
2024-05-21 04:18:56,459 - INFO - [51200/66739]	Loss  : 1.0760
2024-05-21 04:19:07,109 - INFO - [66560/66739]	Loss  : 1.0763
2024-05-21 04:19:10,351 - INFO - Test loss   : 0.5342
2024-05-21 04:19:10,351 - INFO - 
Epoch	87
2024-05-21 04:19:48,438 - INFO - [51200/66739]	Loss  : 1.0752
2024-05-21 04:19:59,121 - INFO - [66560/66739]	Loss  : 1.0756
2024-05-21 04:20:02,353 - INFO - Test loss   : 0.5333
2024-05-21 04:20:02,353 - INFO - 
Epoch	88
2024-05-21 04:20:40,598 - INFO - [51200/66739]	Loss  : 1.0744
2024-05-21 04:20:51,365 - INFO - [66560/66739]	Loss  : 1.0741
2024-05-21 04:20:54,467 - INFO - Test loss   : 0.5339
2024-05-21 04:20:54,467 - INFO - 
Epoch	89
2024-05-21 04:21:32,542 - INFO - [51200/66739]	Loss  : 1.0746
2024-05-21 04:21:43,190 - INFO - [66560/66739]	Loss  : 1.0744
2024-05-21 04:21:46,425 - INFO - Test loss   : 0.5302
2024-05-21 04:21:46,425 - INFO - 
Epoch	90
2024-05-21 04:22:24,548 - INFO - [51200/66739]	Loss  : 1.0740
2024-05-21 04:22:35,145 - INFO - [66560/66739]	Loss  : 1.0742
2024-05-21 04:22:38,373 - INFO - Test loss   : 0.5373
2024-05-21 04:22:38,383 - INFO - (4449,)
2024-05-21 04:22:38,407 - INFO -  Split ID: 0
2024-05-21 04:22:38,407 - INFO -  Top 1	LocEnc (Epoch 90)acc (%):   9.19
2024-05-21 04:22:38,407 - INFO -  Top 3	LocEnc (Epoch 90)acc (%):   19.08
2024-05-21 04:22:38,407 - INFO -  Top 5	LocEnc (Epoch 90)acc (%):   26.55
2024-05-21 04:22:38,407 - INFO -  Top 10	LocEnc (Epoch 90)acc (%):   40.55
2024-05-21 04:22:38,407 - INFO - 
No prior
2024-05-21 04:22:38,409 - INFO - (17798,)
2024-05-21 04:22:38,505 - INFO -  Split ID: 0
2024-05-21 04:22:38,505 - INFO -  Top 1	(Epoch 90)acc (%):   50.15
2024-05-21 04:22:38,505 - INFO -  Top 3	(Epoch 90)acc (%):   73.9
2024-05-21 04:22:38,505 - INFO -  Top 5	(Epoch 90)acc (%):   82.45
2024-05-21 04:22:38,505 - INFO -  Top 10	(Epoch 90)acc (%):   91.06
2024-05-21 04:22:52,323 - INFO -  Split ID: 0
2024-05-21 04:22:52,324 - INFO -  Top 1	(Epoch 90)acc (%):   50.97
2024-05-21 04:22:52,324 - INFO -  Top 3	(Epoch 90)acc (%):   75.01
2024-05-21 04:22:52,324 - INFO -  Top 5	(Epoch 90)acc (%):   83.64
2024-05-21 04:22:52,324 - INFO -  Top 10	(Epoch 90)acc (%):   92.03
2024-05-21 04:22:52,326 - INFO - 
Epoch	91
2024-05-21 04:23:30,243 - INFO - [51200/66739]	Loss  : 1.0740
2024-05-21 04:23:40,858 - INFO - [66560/66739]	Loss  : 1.0740
2024-05-21 04:23:44,125 - INFO - Test loss   : 0.5309
2024-05-21 04:23:44,125 - INFO - 
Epoch	92
2024-05-21 04:24:22,103 - INFO - [51200/66739]	Loss  : 1.0736
2024-05-21 04:24:32,371 - INFO - [66560/66739]	Loss  : 1.0736
2024-05-21 04:24:35,542 - INFO - Test loss   : 0.5348
2024-05-21 04:24:35,542 - INFO - 
Epoch	93
2024-05-21 04:25:13,868 - INFO - [51200/66739]	Loss  : 1.0721
2024-05-21 04:25:24,490 - INFO - [66560/66739]	Loss  : 1.0730
2024-05-21 04:25:27,731 - INFO - Test loss   : 0.5327
2024-05-21 04:25:27,731 - INFO - 
Epoch	94
2024-05-21 04:26:05,926 - INFO - [51200/66739]	Loss  : 1.0724
2024-05-21 04:26:16,251 - INFO - [66560/66739]	Loss  : 1.0731
2024-05-21 04:26:19,384 - INFO - Test loss   : 0.5352
2024-05-21 04:26:19,384 - INFO - 
Epoch	95
2024-05-21 04:26:57,633 - INFO - [51200/66739]	Loss  : 1.0711
2024-05-21 04:27:08,220 - INFO - [66560/66739]	Loss  : 1.0724
2024-05-21 04:27:11,460 - INFO - Test loss   : 0.5329
2024-05-21 04:27:11,461 - INFO - 
Epoch	96
2024-05-21 04:27:49,568 - INFO - [51200/66739]	Loss  : 1.0747
2024-05-21 04:28:00,244 - INFO - [66560/66739]	Loss  : 1.0729
2024-05-21 04:28:03,484 - INFO - Test loss   : 0.5311
2024-05-21 04:28:03,484 - INFO - 
Epoch	97
2024-05-21 04:28:41,847 - INFO - [51200/66739]	Loss  : 1.0735
2024-05-21 04:28:52,488 - INFO - [66560/66739]	Loss  : 1.0716
2024-05-21 04:28:55,765 - INFO - Test loss   : 0.5306
2024-05-21 04:28:55,765 - INFO - 
Epoch	98
2024-05-21 04:29:33,172 - INFO - [51200/66739]	Loss  : 1.0716
2024-05-21 04:29:43,612 - INFO - [66560/66739]	Loss  : 1.0726
2024-05-21 04:29:46,850 - INFO - Test loss   : 0.5378
2024-05-21 04:29:46,850 - INFO - 
Epoch	99
2024-05-21 04:30:25,158 - INFO - [51200/66739]	Loss  : 1.0710
2024-05-21 04:30:35,353 - INFO - [66560/66739]	Loss  : 1.0720
2024-05-21 04:30:38,588 - INFO - Test loss   : 0.5305
2024-05-21 04:30:38,589 - INFO - Saving output model to ../models/wrap/model_yfcc_wrap_inception_v3_0.0010_64_0.0500000_1_512.pth.tar
2024-05-21 04:30:38,602 - INFO - Saving output model to ../models/wrap/model_yfcc_wrap_inception_v3_0.0010_64_0.0500000_1_512.pth.tar
2024-05-21 04:30:38,628 - INFO - 
No prior
2024-05-21 04:30:38,635 - INFO - (17798,)
2024-05-21 04:30:38,729 - INFO -  Split ID: 0
2024-05-21 04:30:38,729 - INFO -  Top 1	acc (%):   50.15
2024-05-21 04:30:38,729 - INFO -  Top 3	acc (%):   73.9
2024-05-21 04:30:38,730 - INFO -  Top 5	acc (%):   82.45
2024-05-21 04:30:38,730 - INFO -  Top 10	acc (%):   91.06
2024-05-21 04:30:52,616 - INFO -  Split ID: 0
2024-05-21 04:30:52,616 - INFO -  Top 1	acc (%):   51.03
2024-05-21 04:30:52,616 - INFO -  Top 3	acc (%):   75.06
2024-05-21 04:30:52,617 - INFO -  Top 5	acc (%):   83.68
2024-05-21 04:30:52,617 - INFO -  Top 10	acc (%):   92.04
2024-05-21 04:30:52,618 - INFO - 
wrap
2024-05-21 04:30:52,618 - INFO -  Model :	model_yfcc_wrap_inception_v3_0.0010_64_0.0500000_1_512.pth.tar
2024-05-21 04:30:52,647 - INFO - (4449,)
2024-05-21 04:30:52,670 - INFO -  Split ID: 0
2024-05-21 04:30:52,671 - INFO -  Top 1	LocEnc acc (%):   9.55
2024-05-21 04:30:52,671 - INFO -  Top 3	LocEnc acc (%):   19.51
2024-05-21 04:30:52,671 - INFO -  Top 5	LocEnc acc (%):   27.69
2024-05-21 04:30:52,671 - INFO -  Top 10	LocEnc acc (%):   41.25
2024-05-27 16:50:59,915 - INFO - 
num_classes	100
2024-05-27 16:51:00,039 - INFO - num train    	66739
2024-05-27 16:51:00,039 - INFO - num val      	4449
2024-05-27 16:51:00,039 - INFO - train loss   	full_loss
2024-05-27 16:51:00,039 - INFO - model name   	../models/wrap/model_yfcc_wrap_inception_v3_0.0010_64_0.0500000_1_512.pth.tar
2024-05-27 16:51:00,039 - INFO - num users    	1
2024-05-27 16:51:00,350 - INFO - 
Epoch	0
2024-05-27 16:53:49,826 - INFO - [51200/66739]	Loss  : 1.3586
2024-05-27 16:54:36,757 - INFO - [66560/66739]	Loss  : 1.3344
2024-05-27 16:54:51,387 - INFO - Test loss   : 0.6142
2024-05-27 16:54:51,388 - INFO - 
Epoch	1
2024-05-27 16:57:42,188 - INFO - [51200/66739]	Loss  : 1.2363
2024-05-27 16:58:29,030 - INFO - [66560/66739]	Loss  : 1.2342
2024-05-27 16:58:43,166 - INFO - Test loss   : 0.5981
2024-05-27 16:58:43,167 - INFO - 
Epoch	2
2024-05-27 17:01:33,142 - INFO - [51200/66739]	Loss  : 1.2198
2024-05-27 17:02:20,807 - INFO - [66560/66739]	Loss  : 1.2190
2024-05-27 17:02:34,401 - INFO - Test loss   : 0.5887
2024-05-27 17:02:34,401 - INFO - 
Epoch	3
2024-05-27 17:05:13,714 - INFO - [51200/66739]	Loss  : 1.2089
2024-05-27 17:05:57,690 - INFO - [66560/66739]	Loss  : 1.2068
2024-05-27 17:06:11,050 - INFO - Test loss   : 0.5833
2024-05-27 17:06:11,050 - INFO - 
Epoch	4
2024-05-27 17:08:46,171 - INFO - [51200/66739]	Loss  : 1.1955
2024-05-27 17:09:26,321 - INFO - [66560/66739]	Loss  : 1.1954
2024-05-27 17:09:38,643 - INFO - Test loss   : 0.5692
2024-05-27 17:09:38,644 - INFO - 
Epoch	5
2024-05-27 17:12:08,223 - INFO - [51200/66739]	Loss  : 1.1860
2024-05-27 17:12:51,365 - INFO - [66560/66739]	Loss  : 1.1850
2024-05-27 17:13:04,647 - INFO - Test loss   : 0.5646
2024-05-27 17:13:04,648 - INFO - 
Epoch	6
2024-05-27 17:15:41,765 - INFO - [51200/66739]	Loss  : 1.1767
2024-05-27 17:16:25,714 - INFO - [66560/66739]	Loss  : 1.1763
2024-05-27 17:16:39,043 - INFO - Test loss   : 0.5613
2024-05-27 17:16:39,043 - INFO - 
Epoch	7
2024-05-27 17:19:14,841 - INFO - [51200/66739]	Loss  : 1.1698
2024-05-27 17:19:58,079 - INFO - [66560/66739]	Loss  : 1.1685
2024-05-27 17:20:11,264 - INFO - Test loss   : 0.5590
2024-05-27 17:20:11,264 - INFO - 
Epoch	8
2024-05-27 17:22:48,033 - INFO - [51200/66739]	Loss  : 1.1637
2024-05-27 17:23:30,470 - INFO - [66560/66739]	Loss  : 1.1625
2024-05-27 17:23:42,685 - INFO - Test loss   : 0.5620
2024-05-27 17:23:42,685 - INFO - 
Epoch	9
2024-05-27 17:26:25,066 - INFO - [51200/66739]	Loss  : 1.1567
2024-05-27 17:27:12,077 - INFO - [66560/66739]	Loss  : 1.1578
2024-05-27 17:27:26,518 - INFO - Test loss   : 0.5576
2024-05-27 17:27:26,519 - INFO - 
Epoch	10
2024-05-27 17:30:15,368 - INFO - [51200/66739]	Loss  : 1.1548
2024-05-27 17:31:02,004 - INFO - [66560/66739]	Loss  : 1.1540
2024-05-27 17:31:15,191 - INFO - Test loss   : 0.5556
2024-05-27 17:31:15,191 - INFO - 
Epoch	11
2024-05-27 17:33:50,719 - INFO - [51200/66739]	Loss  : 1.1494
2024-05-27 17:34:34,080 - INFO - [66560/66739]	Loss  : 1.1478
2024-05-27 17:34:47,484 - INFO - Test loss   : 0.5519
2024-05-27 17:34:47,484 - INFO - 
Epoch	12
2024-05-27 17:37:23,280 - INFO - [51200/66739]	Loss  : 1.1495
2024-05-27 17:38:06,152 - INFO - [66560/66739]	Loss  : 1.1483
2024-05-27 17:38:19,217 - INFO - Test loss   : 0.5561
2024-05-27 17:38:19,218 - INFO - 
Epoch	13
2024-05-27 17:40:55,256 - INFO - [51200/66739]	Loss  : 1.1450
2024-05-27 17:41:38,766 - INFO - [66560/66739]	Loss  : 1.1445
2024-05-27 17:41:51,979 - INFO - Test loss   : 0.5559
2024-05-27 17:41:51,980 - INFO - 
Epoch	14
2024-05-27 17:44:25,532 - INFO - [51200/66739]	Loss  : 1.1397
2024-05-27 17:45:09,050 - INFO - [66560/66739]	Loss  : 1.1403
2024-05-27 17:45:22,508 - INFO - Test loss   : 0.5511
2024-05-27 17:45:22,508 - INFO - 
Epoch	15
2024-05-27 17:47:58,692 - INFO - [51200/66739]	Loss  : 1.1388
2024-05-27 17:48:41,836 - INFO - [66560/66739]	Loss  : 1.1385
2024-05-27 17:48:55,026 - INFO - Test loss   : 0.5482
2024-05-27 17:48:55,027 - INFO - 
Epoch	16
2024-05-27 17:51:30,453 - INFO - [51200/66739]	Loss  : 1.1332
2024-05-27 17:52:13,657 - INFO - [66560/66739]	Loss  : 1.1344
2024-05-27 17:52:27,022 - INFO - Test loss   : 0.5514
2024-05-27 17:52:27,023 - INFO - 
Epoch	17
2024-05-27 17:55:11,972 - INFO - [51200/66739]	Loss  : 1.1336
2024-05-27 17:55:58,420 - INFO - [66560/66739]	Loss  : 1.1335
2024-05-27 17:56:12,545 - INFO - Test loss   : 0.5506
2024-05-27 17:56:12,546 - INFO - 
Epoch	18
2024-05-27 17:59:01,628 - INFO - [51200/66739]	Loss  : 1.1308
2024-05-27 17:59:48,690 - INFO - [66560/66739]	Loss  : 1.1313
2024-05-27 18:00:02,979 - INFO - Test loss   : 0.5491
2024-05-27 18:00:02,979 - INFO - 
Epoch	19
2024-05-27 18:02:50,162 - INFO - [51200/66739]	Loss  : 1.1285
2024-05-27 18:03:37,046 - INFO - [66560/66739]	Loss  : 1.1287
2024-05-27 18:03:51,553 - INFO - Test loss   : 0.5451
2024-05-27 18:03:51,553 - INFO - 
Epoch	20
2024-05-27 18:06:40,296 - INFO - [51200/66739]	Loss  : 1.1270
2024-05-27 18:07:27,006 - INFO - [66560/66739]	Loss  : 1.1275
2024-05-27 18:07:41,278 - INFO - Test loss   : 0.5446
2024-05-27 18:07:41,278 - INFO - 
Epoch	21
2024-05-27 18:10:29,329 - INFO - [51200/66739]	Loss  : 1.1259
2024-05-27 18:11:16,781 - INFO - [66560/66739]	Loss  : 1.1246
2024-05-27 18:11:31,230 - INFO - Test loss   : 0.5481
2024-05-27 18:11:31,230 - INFO - 
Epoch	22
2024-05-27 18:14:19,731 - INFO - [51200/66739]	Loss  : 1.1222
2024-05-27 18:15:06,480 - INFO - [66560/66739]	Loss  : 1.1226
2024-05-27 18:15:20,795 - INFO - Test loss   : 0.5442
2024-05-27 18:15:20,795 - INFO - 
Epoch	23
2024-05-27 18:18:20,218 - INFO - [51200/66739]	Loss  : 1.1222
2024-05-27 18:19:10,397 - INFO - [66560/66739]	Loss  : 1.1211
2024-05-27 18:19:25,794 - INFO - Test loss   : 0.5448
2024-05-27 18:19:25,795 - INFO - 
Epoch	24
2024-05-27 18:22:27,226 - INFO - [51200/66739]	Loss  : 1.1169
2024-05-27 18:23:17,309 - INFO - [66560/66739]	Loss  : 1.1182
2024-05-27 18:23:32,590 - INFO - Test loss   : 0.5443
2024-05-27 18:23:32,590 - INFO - 
Epoch	25
2024-05-27 18:26:32,456 - INFO - [51200/66739]	Loss  : 1.1176
2024-05-27 18:27:24,412 - INFO - [66560/66739]	Loss  : 1.1176
2024-05-27 18:27:40,957 - INFO - Test loss   : 0.5457
2024-05-27 18:27:40,957 - INFO - 
Epoch	26
2024-05-27 18:30:53,861 - INFO - [51200/66739]	Loss  : 1.1194
2024-05-27 18:31:47,438 - INFO - [66560/66739]	Loss  : 1.1178
2024-05-27 18:32:03,822 - INFO - Test loss   : 0.5456
2024-05-27 18:32:03,822 - INFO - 
Epoch	27
2024-05-27 18:35:17,868 - INFO - [51200/66739]	Loss  : 1.1147
2024-05-27 18:36:11,684 - INFO - [66560/66739]	Loss  : 1.1156
2024-05-27 18:36:28,161 - INFO - Test loss   : 0.5435
2024-05-27 18:36:28,161 - INFO - 
Epoch	28
2024-05-27 18:39:40,724 - INFO - [51200/66739]	Loss  : 1.1142
2024-05-27 18:40:34,170 - INFO - [66560/66739]	Loss  : 1.1142
2024-05-27 18:40:50,630 - INFO - Test loss   : 0.5429
2024-05-27 18:40:50,630 - INFO - 
Epoch	29
2024-05-27 18:44:04,523 - INFO - [51200/66739]	Loss  : 1.1123
2024-05-27 18:44:58,116 - INFO - [66560/66739]	Loss  : 1.1126
2024-05-27 18:45:14,550 - INFO - Test loss   : 0.5386
2024-05-27 18:45:14,550 - INFO - 
Epoch	30
2024-05-27 18:48:27,323 - INFO - [51200/66739]	Loss  : 1.1106
2024-05-27 18:49:21,465 - INFO - [66560/66739]	Loss  : 1.1106
2024-05-27 18:49:38,029 - INFO - Test loss   : 0.5394
2024-05-27 18:49:38,029 - INFO - 
Epoch	31
2024-05-27 18:52:51,180 - INFO - [51200/66739]	Loss  : 1.1071
2024-05-27 18:53:44,749 - INFO - [66560/66739]	Loss  : 1.1085
2024-05-27 18:54:00,268 - INFO - Test loss   : 0.5468
2024-05-27 18:54:00,268 - INFO - 
Epoch	32
2024-05-27 18:57:07,950 - INFO - [51200/66739]	Loss  : 1.1057
2024-05-27 18:58:02,550 - INFO - [66560/66739]	Loss  : 1.1063
2024-05-27 18:58:19,217 - INFO - Test loss   : 0.5378
2024-05-27 18:58:19,218 - INFO - 
Epoch	33
2024-05-27 19:01:34,332 - INFO - [51200/66739]	Loss  : 1.1063
2024-05-27 19:02:27,710 - INFO - [66560/66739]	Loss  : 1.1061
2024-05-27 19:02:44,145 - INFO - Test loss   : 0.5428
2024-05-27 19:02:44,145 - INFO - 
Epoch	34
2024-05-27 19:05:58,157 - INFO - [51200/66739]	Loss  : 1.1060
2024-05-27 19:06:51,696 - INFO - [66560/66739]	Loss  : 1.1058
2024-05-27 19:07:08,076 - INFO - Test loss   : 0.5445
2024-05-27 19:07:08,077 - INFO - 
Epoch	35
2024-05-27 19:10:19,846 - INFO - [51200/66739]	Loss  : 1.1040
2024-05-27 19:11:10,427 - INFO - [66560/66739]	Loss  : 1.1036
2024-05-27 19:11:25,893 - INFO - Test loss   : 0.5410
2024-05-27 19:11:25,893 - INFO - 
Epoch	36
2024-05-27 19:14:26,313 - INFO - [51200/66739]	Loss  : 1.1030
2024-05-27 19:15:16,279 - INFO - [66560/66739]	Loss  : 1.1023
2024-05-27 19:15:31,591 - INFO - Test loss   : 0.5360
2024-05-27 19:15:31,592 - INFO - 
Epoch	37
2024-05-27 19:18:32,056 - INFO - [51200/66739]	Loss  : 1.1013
2024-05-27 19:19:22,357 - INFO - [66560/66739]	Loss  : 1.1009
2024-05-27 19:19:37,622 - INFO - Test loss   : 0.5381
2024-05-27 19:19:37,622 - INFO - 
Epoch	38
2024-05-27 19:22:36,904 - INFO - [51200/66739]	Loss  : 1.0996
2024-05-27 19:23:26,749 - INFO - [66560/66739]	Loss  : 1.1001
2024-05-27 19:23:42,147 - INFO - Test loss   : 0.5397
2024-05-27 19:23:42,147 - INFO - 
Epoch	39
2024-05-27 19:26:43,476 - INFO - [51200/66739]	Loss  : 1.1004
2024-05-27 19:27:33,511 - INFO - [66560/66739]	Loss  : 1.0998
2024-05-27 19:27:48,828 - INFO - Test loss   : 0.5407
2024-05-27 19:27:48,828 - INFO - 
Epoch	40
2024-05-27 19:30:49,264 - INFO - [51200/66739]	Loss  : 1.0973
2024-05-27 19:31:39,559 - INFO - [66560/66739]	Loss  : 1.0981
2024-05-27 19:31:54,854 - INFO - Test loss   : 0.5372
2024-05-27 19:31:54,854 - INFO - 
Epoch	41
2024-05-27 19:34:55,733 - INFO - [51200/66739]	Loss  : 1.0986
2024-05-27 19:35:46,027 - INFO - [66560/66739]	Loss  : 1.0978
2024-05-27 19:36:01,344 - INFO - Test loss   : 0.5409
2024-05-27 19:36:01,344 - INFO - 
Epoch	42
2024-05-27 19:39:01,759 - INFO - [51200/66739]	Loss  : 1.0989
2024-05-27 19:39:51,814 - INFO - [66560/66739]	Loss  : 1.0977
2024-05-27 19:40:07,200 - INFO - Test loss   : 0.5358
2024-05-27 19:40:07,200 - INFO - 
Epoch	43
2024-05-27 19:43:08,264 - INFO - [51200/66739]	Loss  : 1.0958
2024-05-27 19:43:58,052 - INFO - [66560/66739]	Loss  : 1.0959
2024-05-27 19:44:13,380 - INFO - Test loss   : 0.5467
2024-05-27 19:44:13,381 - INFO - 
Epoch	44
2024-05-27 19:47:04,735 - INFO - [51200/66739]	Loss  : 1.0949
2024-05-27 19:47:51,313 - INFO - [66560/66739]	Loss  : 1.0949
2024-05-27 19:48:05,515 - INFO - Test loss   : 0.5457
2024-05-27 19:48:05,516 - INFO - 
Epoch	45
2024-05-27 19:50:52,865 - INFO - [51200/66739]	Loss  : 1.0987
2024-05-27 19:51:39,090 - INFO - [66560/66739]	Loss  : 1.0963
2024-05-27 19:51:53,265 - INFO - Test loss   : 0.5748
2024-05-27 19:51:53,265 - INFO - 
Epoch	46
2024-05-27 19:54:41,005 - INFO - [51200/66739]	Loss  : 1.0936
2024-05-27 19:55:28,054 - INFO - [66560/66739]	Loss  : 1.0931
2024-05-27 19:55:42,310 - INFO - Test loss   : 0.5366
2024-05-27 19:55:42,310 - INFO - 
Epoch	47
2024-05-27 19:58:29,006 - INFO - [51200/66739]	Loss  : 1.0918
2024-05-27 19:59:15,453 - INFO - [66560/66739]	Loss  : 1.0923
2024-05-27 19:59:29,713 - INFO - Test loss   : 0.5436
2024-05-27 19:59:29,713 - INFO - 
Epoch	48
2024-05-27 20:02:07,869 - INFO - [51200/66739]	Loss  : 1.0906
2024-05-27 20:02:50,488 - INFO - [66560/66739]	Loss  : 1.0922
2024-05-27 20:03:03,542 - INFO - Test loss   : 0.5452
2024-05-27 20:03:03,542 - INFO - 
Epoch	49
2024-05-27 20:05:37,685 - INFO - [51200/66739]	Loss  : 1.0917
2024-05-27 20:06:19,843 - INFO - [66560/66739]	Loss  : 1.0922
2024-05-27 20:06:30,885 - INFO - Test loss   : 0.5359
2024-05-27 20:06:30,885 - INFO - 
Epoch	50
2024-05-27 20:08:58,153 - INFO - [51200/66739]	Loss  : 1.0894
2024-05-27 20:09:41,682 - INFO - [66560/66739]	Loss  : 1.0900
2024-05-27 20:09:54,904 - INFO - Test loss   : 0.5502
2024-05-27 20:09:54,904 - INFO - 
Epoch	51
2024-05-27 20:12:31,355 - INFO - [51200/66739]	Loss  : 1.0908
2024-05-27 20:13:14,769 - INFO - [66560/66739]	Loss  : 1.0907
2024-05-27 20:13:27,911 - INFO - Test loss   : 0.5515
2024-05-27 20:13:27,911 - INFO - 
Epoch	52
2024-05-27 20:16:01,700 - INFO - [51200/66739]	Loss  : 1.0899
2024-05-27 20:16:44,494 - INFO - [66560/66739]	Loss  : 1.0881
2024-05-27 20:16:57,625 - INFO - Test loss   : 0.5460
2024-05-27 20:16:57,626 - INFO - 
Epoch	53
2024-05-27 20:19:32,997 - INFO - [51200/66739]	Loss  : 1.0870
2024-05-27 20:20:15,901 - INFO - [66560/66739]	Loss  : 1.0865
2024-05-27 20:20:28,982 - INFO - Test loss   : 0.5407
2024-05-27 20:20:28,982 - INFO - 
Epoch	54
2024-05-27 20:23:03,081 - INFO - [51200/66739]	Loss  : 1.0876
2024-05-27 20:23:46,461 - INFO - [66560/66739]	Loss  : 1.0879
2024-05-27 20:23:59,766 - INFO - Test loss   : 0.5366
2024-05-27 20:23:59,766 - INFO - 
Epoch	55
2024-05-27 20:26:35,501 - INFO - [51200/66739]	Loss  : 1.0863
2024-05-27 20:27:18,361 - INFO - [66560/66739]	Loss  : 1.0867
2024-05-27 20:27:31,475 - INFO - Test loss   : 0.5407
2024-05-27 20:27:31,475 - INFO - 
Epoch	56
2024-05-27 20:30:06,509 - INFO - [51200/66739]	Loss  : 1.0836
2024-05-27 20:30:49,853 - INFO - [66560/66739]	Loss  : 1.0847
2024-05-27 20:31:02,976 - INFO - Test loss   : 0.5555
2024-05-27 20:31:02,976 - INFO - 
Epoch	57
2024-05-27 20:33:38,708 - INFO - [51200/66739]	Loss  : 1.0864
2024-05-27 20:34:21,593 - INFO - [66560/66739]	Loss  : 1.0870
2024-05-27 20:34:34,786 - INFO - Test loss   : 0.5358
2024-05-27 20:34:34,786 - INFO - 
Epoch	58
2024-05-27 20:37:09,161 - INFO - [51200/66739]	Loss  : 1.0876
2024-05-27 20:37:53,229 - INFO - [66560/66739]	Loss  : 1.0865
2024-05-27 20:38:06,757 - INFO - Test loss   : 0.5508
2024-05-27 20:38:06,757 - INFO - 
Epoch	59
2024-05-27 20:40:42,731 - INFO - [51200/66739]	Loss  : 1.0835
2024-05-27 20:41:25,574 - INFO - [66560/66739]	Loss  : 1.0837
2024-05-27 20:41:38,682 - INFO - Test loss   : 0.5385
2024-05-27 20:41:38,683 - INFO - 
Epoch	60
2024-05-27 20:44:14,618 - INFO - [51200/66739]	Loss  : 1.0832
2024-05-27 20:44:58,339 - INFO - [66560/66739]	Loss  : 1.0851
2024-05-27 20:45:11,639 - INFO - Test loss   : 0.5637
2024-05-27 20:45:11,639 - INFO - 
Epoch	61
2024-05-27 20:47:46,108 - INFO - [51200/66739]	Loss  : 1.0837
2024-05-27 20:48:28,798 - INFO - [66560/66739]	Loss  : 1.0832
2024-05-27 20:48:41,880 - INFO - Test loss   : 0.5429
2024-05-27 20:48:41,880 - INFO - 
Epoch	62
2024-05-27 20:51:18,769 - INFO - [51200/66739]	Loss  : 1.0842
2024-05-27 20:52:01,418 - INFO - [66560/66739]	Loss  : 1.0838
2024-05-27 20:52:14,472 - INFO - Test loss   : 0.5526
2024-05-27 20:52:14,473 - INFO - 
Epoch	63
2024-05-27 20:54:48,436 - INFO - [51200/66739]	Loss  : 1.0821
2024-05-27 20:55:32,137 - INFO - [66560/66739]	Loss  : 1.0827
2024-05-27 20:55:45,490 - INFO - Test loss   : 0.5457
2024-05-27 20:55:45,491 - INFO - 
Epoch	64
2024-05-27 20:58:20,766 - INFO - [51200/66739]	Loss  : 1.0810
2024-05-27 20:59:06,498 - INFO - [66560/66739]	Loss  : 1.0810
2024-05-27 20:59:20,730 - INFO - Test loss   : 0.5404
2024-05-27 20:59:20,730 - INFO - 
Epoch	65
2024-05-27 21:02:08,668 - INFO - [51200/66739]	Loss  : 1.0793
2024-05-27 21:02:55,747 - INFO - [66560/66739]	Loss  : 1.0809
2024-05-27 21:03:10,167 - INFO - Test loss   : 0.5389
2024-05-27 21:03:10,167 - INFO - 
Epoch	66
2024-05-27 21:05:47,299 - INFO - [51200/66739]	Loss  : 1.0832
2024-05-27 21:06:33,443 - INFO - [66560/66739]	Loss  : 1.0833
2024-05-27 21:06:47,543 - INFO - Test loss   : 0.5516
2024-05-27 21:06:47,543 - INFO - 
Epoch	67
2024-05-27 21:09:36,936 - INFO - [51200/66739]	Loss  : 1.0801
2024-05-27 21:10:23,290 - INFO - [66560/66739]	Loss  : 1.0799
2024-05-27 21:10:37,467 - INFO - Test loss   : 0.5464
2024-05-27 21:10:37,467 - INFO - 
Epoch	68
2024-05-27 21:13:24,456 - INFO - [51200/66739]	Loss  : 1.0803
2024-05-27 21:14:11,522 - INFO - [66560/66739]	Loss  : 1.0799
2024-05-27 21:14:25,930 - INFO - Test loss   : 0.5498
2024-05-27 21:14:25,931 - INFO - 
Epoch	69
2024-05-27 21:17:14,203 - INFO - [51200/66739]	Loss  : 1.0798
2024-05-27 21:18:00,910 - INFO - [66560/66739]	Loss  : 1.0790
2024-05-27 21:18:15,195 - INFO - Test loss   : 0.5385
2024-05-27 21:18:15,195 - INFO - 
Epoch	70
2024-05-27 21:21:03,665 - INFO - [51200/66739]	Loss  : 1.0759
2024-05-27 21:21:50,866 - INFO - [66560/66739]	Loss  : 1.0783
2024-05-27 21:22:05,277 - INFO - Test loss   : 0.5571
2024-05-27 21:22:05,277 - INFO - 
Epoch	71
2024-05-27 21:24:52,120 - INFO - [51200/66739]	Loss  : 1.0770
2024-05-27 21:25:38,248 - INFO - [66560/66739]	Loss  : 1.0788
2024-05-27 21:25:52,366 - INFO - Test loss   : 0.5500
2024-05-27 21:25:52,366 - INFO - 
Epoch	72
2024-05-27 21:28:41,777 - INFO - [51200/66739]	Loss  : 1.0778
2024-05-27 21:29:28,344 - INFO - [66560/66739]	Loss  : 1.0773
2024-05-27 21:29:42,399 - INFO - Test loss   : 0.5568
2024-05-27 21:29:42,399 - INFO - 
Epoch	73
2024-05-27 21:32:41,202 - INFO - [51200/66739]	Loss  : 1.0761
2024-05-27 21:33:31,794 - INFO - [66560/66739]	Loss  : 1.0773
2024-05-27 21:33:47,274 - INFO - Test loss   : 0.5421
2024-05-27 21:33:47,275 - INFO - 
Epoch	74
2024-05-27 21:36:48,014 - INFO - [51200/66739]	Loss  : 1.0772
2024-05-27 21:37:38,064 - INFO - [66560/66739]	Loss  : 1.0759
2024-05-27 21:37:53,364 - INFO - Test loss   : 0.5500
2024-05-27 21:37:53,364 - INFO - 
Epoch	75
2024-05-27 21:40:54,002 - INFO - [51200/66739]	Loss  : 1.0769
2024-05-27 21:41:44,688 - INFO - [66560/66739]	Loss  : 1.0767
2024-05-27 21:42:00,218 - INFO - Test loss   : 0.5363
2024-05-27 21:42:00,218 - INFO - 
Epoch	76
2024-05-27 21:45:00,512 - INFO - [51200/66739]	Loss  : 1.0764
2024-05-27 21:45:50,528 - INFO - [66560/66739]	Loss  : 1.0765
2024-05-27 21:46:05,818 - INFO - Test loss   : 0.5655
2024-05-27 21:46:05,818 - INFO - 
Epoch	77
2024-05-27 21:49:07,829 - INFO - [51200/66739]	Loss  : 1.0728
2024-05-27 21:49:58,102 - INFO - [66560/66739]	Loss  : 1.0755
2024-05-27 21:50:13,606 - INFO - Test loss   : 0.5571
2024-05-27 21:50:13,607 - INFO - 
Epoch	78
2024-05-27 21:53:14,809 - INFO - [51200/66739]	Loss  : 1.0744
2024-05-27 21:54:04,958 - INFO - [66560/66739]	Loss  : 1.0742
2024-05-27 21:54:20,265 - INFO - Test loss   : 0.5497
2024-05-27 21:54:20,265 - INFO - 
Epoch	79
2024-05-27 21:57:13,241 - INFO - [51200/66739]	Loss  : 1.0734
2024-05-27 21:58:00,110 - INFO - [66560/66739]	Loss  : 1.0737
2024-05-27 21:58:14,453 - INFO - Test loss   : 0.5530
2024-05-27 21:58:14,453 - INFO - 
Epoch	80
2024-05-27 22:01:01,028 - INFO - [51200/66739]	Loss  : 1.0748
2024-05-27 22:01:47,765 - INFO - [66560/66739]	Loss  : 1.0746
2024-05-27 22:02:02,082 - INFO - Test loss   : 0.5535
2024-05-27 22:02:02,082 - INFO - 
Epoch	81
2024-05-27 22:04:11,126 - INFO - 
num_classes	100
2024-05-27 22:04:11,126 - INFO - num train    	66739
2024-05-27 22:04:11,126 - INFO - num val      	4449
2024-05-27 22:04:11,126 - INFO - train loss   	full_loss
2024-05-27 22:04:11,126 - INFO - model name   	../models/wrap/model_yfcc_wrap_inception_v3_0.0010_64_0.0500000_1_512.pth.tar
2024-05-27 22:04:11,126 - INFO - num users    	1
2024-05-27 22:04:11,462 - INFO - 
Epoch	0
2024-05-27 22:04:51,987 - INFO - [51200/66739]	Loss  : 1.0743
2024-05-27 22:05:42,203 - INFO - [66560/66739]	Loss  : 1.0736
2024-05-27 22:05:57,458 - INFO - Test loss   : 0.5518
2024-05-27 22:05:57,459 - INFO - 
Epoch	82
2024-05-27 22:08:50,052 - INFO - [51200/66739]	Loss  : 1.0734
2024-05-27 22:09:40,376 - INFO - [66560/66739]	Loss  : 1.0733
2024-05-27 22:09:55,848 - INFO - Test loss   : 0.5606
2024-05-27 22:09:55,848 - INFO - 
Epoch	83
2024-05-27 22:12:57,589 - INFO - [51200/66739]	Loss  : 1.0736
2024-05-27 22:13:47,546 - INFO - [66560/66739]	Loss  : 1.0733
2024-05-27 22:14:02,796 - INFO - Test loss   : 0.5578
2024-05-27 22:14:02,797 - INFO - 
Epoch	84
2024-05-27 22:17:03,730 - INFO - [51200/66739]	Loss  : 1.0716
2024-05-27 22:17:54,615 - INFO - [66560/66739]	Loss  : 1.0722
2024-05-27 22:18:09,659 - INFO - Test loss   : 0.5588
2024-05-27 22:18:09,660 - INFO - 
Epoch	85
2024-05-27 22:21:02,678 - INFO - [51200/66739]	Loss  : 1.0713
2024-05-27 22:21:53,312 - INFO - [66560/66739]	Loss  : 1.0721
2024-05-27 22:22:08,838 - INFO - Test loss   : 0.5472
2024-05-27 22:22:08,838 - INFO - 
Epoch	86
2024-05-27 22:25:12,753 - INFO - [51200/66739]	Loss  : 1.0727
2024-05-27 22:26:02,912 - INFO - [66560/66739]	Loss  : 1.0721
2024-05-27 22:26:17,389 - INFO - Test loss   : 0.5630
2024-05-27 22:26:17,390 - INFO - 
Epoch	87
2024-05-27 22:29:15,129 - INFO - [51200/66739]	Loss  : 1.0735
2024-05-27 22:30:05,468 - INFO - [66560/66739]	Loss  : 1.0714
2024-05-27 22:30:20,841 - INFO - Test loss   : 0.5572
2024-05-27 22:30:20,841 - INFO - 
Epoch	88
2024-05-27 22:33:23,854 - INFO - [51200/66739]	Loss  : 1.0715
2024-05-27 22:34:13,935 - INFO - [66560/66739]	Loss  : 1.0710
2024-05-27 22:34:29,197 - INFO - Test loss   : 0.5584
2024-05-27 22:34:29,197 - INFO - 
Epoch	89
2024-05-27 22:37:30,087 - INFO - [51200/66739]	Loss  : 1.0737
2024-05-27 22:38:18,007 - INFO - [66560/66739]	Loss  : 1.0719
2024-05-27 22:38:32,462 - INFO - Test loss   : 0.5531
2024-05-27 22:38:32,462 - INFO - 
Epoch	90
2024-05-27 22:41:22,964 - INFO - [51200/66739]	Loss  : 1.0692
2024-05-27 22:42:12,992 - INFO - [66560/66739]	Loss  : 1.0697
2024-05-27 22:42:28,307 - INFO - Test loss   : 0.5568
2024-05-27 22:42:28,307 - INFO - 
Epoch	91
2024-05-27 22:45:29,873 - INFO - [51200/66739]	Loss  : 1.0693
2024-05-27 22:46:20,171 - INFO - [66560/66739]	Loss  : 1.0688
2024-05-27 22:46:35,466 - INFO - Test loss   : 0.5600
2024-05-27 22:46:35,466 - INFO - 
Epoch	92
2024-05-27 22:49:35,045 - INFO - [51200/66739]	Loss  : 1.0706
2024-05-27 22:50:25,560 - INFO - [66560/66739]	Loss  : 1.0710
2024-05-27 22:50:41,823 - INFO - Test loss   : 0.5460
2024-05-27 22:50:41,823 - INFO - 
Epoch	93
2024-05-27 22:53:56,188 - INFO - [51200/66739]	Loss  : 1.0701
2024-05-27 22:54:49,547 - INFO - [66560/66739]	Loss  : 1.0700
2024-05-27 22:55:05,931 - INFO - Test loss   : 0.5412
2024-05-27 22:55:05,931 - INFO - 
Epoch	94
2024-05-27 22:58:19,539 - INFO - [51200/66739]	Loss  : 1.0674
2024-05-27 22:59:15,334 - INFO - [66560/66739]	Loss  : 1.0683
2024-05-27 22:59:32,975 - INFO - Test loss   : 0.5658
2024-05-27 22:59:32,975 - INFO - 
Epoch	95
2024-05-27 23:02:59,937 - INFO - [51200/66739]	Loss  : 1.0683
2024-05-27 23:03:57,385 - INFO - [66560/66739]	Loss  : 1.0689
2024-05-27 23:04:14,857 - INFO - Test loss   : 0.5548
2024-05-27 23:04:14,857 - INFO - 
Epoch	96
2024-05-27 23:07:41,186 - INFO - [51200/66739]	Loss  : 1.0678
2024-05-27 23:08:38,415 - INFO - [66560/66739]	Loss  : 1.0682
2024-05-27 23:08:55,994 - INFO - Test loss   : 0.5475
2024-05-27 23:08:55,994 - INFO - 
Epoch	97
2024-05-27 23:12:23,360 - INFO - [51200/66739]	Loss  : 1.0683
2024-05-27 23:13:21,036 - INFO - [66560/66739]	Loss  : 1.0682
2024-05-27 23:13:38,635 - INFO - Test loss   : 0.5608
2024-05-27 23:13:38,635 - INFO - 
Epoch	98
2024-05-27 23:17:08,662 - INFO - [51200/66739]	Loss  : 1.0683
2024-05-27 23:18:10,026 - INFO - [66560/66739]	Loss  : 1.0684
2024-05-27 23:18:28,842 - INFO - Test loss   : 0.5481
2024-05-27 23:18:28,843 - INFO - 
Epoch	99
2024-05-27 23:22:08,057 - INFO - [51200/66739]	Loss  : 1.0680
2024-05-27 23:23:08,685 - INFO - [66560/66739]	Loss  : 1.0679
2024-05-27 23:23:27,245 - INFO - Test loss   : 0.5559
2024-05-27 23:23:27,245 - INFO - Saving output model to ../models/wrap/model_yfcc_wrap_inception_v3_0.0010_64_0.0500000_1_512.pth.tar
2024-05-27 23:23:27,295 - INFO - Saving output model to ../models/wrap/model_yfcc_wrap_inception_v3_0.0010_64_0.0500000_1_512.pth.tar
2024-05-27 23:23:27,333 - INFO - 
No prior
2024-05-27 23:23:27,339 - INFO - (17798,)
2024-05-27 23:23:27,448 - INFO -  Split ID: 0
2024-05-27 23:23:27,449 - INFO -  Top 1	acc (%):   50.15
2024-05-27 23:23:27,449 - INFO -  Top 3	acc (%):   73.9
2024-05-27 23:23:27,449 - INFO -  Top 5	acc (%):   82.45
2024-05-27 23:23:27,449 - INFO -  Top 10	acc (%):   91.06
2024-05-27 23:24:17,986 - INFO -  Split ID: 0
2024-05-27 23:24:17,987 - INFO -  Top 1	acc (%):   50.96
2024-05-27 23:24:17,987 - INFO -  Top 3	acc (%):   74.97
2024-05-27 23:24:17,987 - INFO -  Top 5	acc (%):   83.57
2024-05-27 23:24:17,987 - INFO -  Top 10	acc (%):   91.99
2024-05-27 23:24:17,991 - INFO - 
Only wrap
2024-05-27 23:24:17,991 - INFO -  Model :	model_yfcc_wrap_inception_v3_0.0010_64_0.0500000_1_512.pth.tar
2024-05-27 23:24:18,096 - INFO - (4449,)
2024-05-27 23:24:18,119 - INFO -  Split ID: 0
2024-05-27 23:24:18,119 - INFO -  Top 1	LocEnc acc (%):   8.92
2024-05-27 23:24:18,119 - INFO -  Top 3	LocEnc acc (%):   18.16
2024-05-27 23:24:18,119 - INFO -  Top 5	LocEnc acc (%):   26.03
2024-05-27 23:24:18,119 - INFO -  Top 10	LocEnc acc (%):   39.06
