2024-05-20 19:50:53,347 - INFO - 
num_classes	500
2024-05-20 19:50:53,347 - INFO - num train    	42490
2024-05-20 19:50:53,347 - INFO - num val      	980
2024-05-20 19:50:53,347 - INFO - train loss   	full_loss
2024-05-20 19:50:53,347 - INFO - model name   	../models/wrap/model_birdsnap_ebird_meta_wrap_inception_v3_0.0050_64_0.0001000_1_512.pth.tar
2024-05-20 19:50:53,347 - INFO - num users    	5763
2024-05-20 19:50:53,347 - INFO - meta data    	ebird_meta
2024-05-20 19:50:53,555 - INFO - 
Epoch	0
2024-05-20 19:51:13,836 - INFO - [41984/42490]	Loss  : 1.2835
2024-05-20 19:51:14,306 - INFO - Test loss   : 0.4673
2024-05-20 19:51:14,307 - INFO - 
Epoch	1
2024-05-20 19:51:34,902 - INFO - [41984/42490]	Loss  : 0.9799
2024-05-20 19:51:35,266 - INFO - Test loss   : 0.3792
2024-05-20 19:51:35,267 - INFO - 
Epoch	2
2024-05-20 19:51:55,750 - INFO - [41984/42490]	Loss  : 0.9101
2024-05-20 19:51:56,219 - INFO - Test loss   : 0.3868
2024-05-20 19:51:56,219 - INFO - 
Epoch	3
2024-05-20 19:52:16,302 - INFO - [41984/42490]	Loss  : 0.8732
2024-05-20 19:52:16,771 - INFO - Test loss   : 0.3792
2024-05-20 19:52:16,771 - INFO - 
Epoch	4
2024-05-20 19:52:36,877 - INFO - [41984/42490]	Loss  : 0.8492
2024-05-20 19:52:37,347 - INFO - Test loss   : 0.3506
2024-05-20 19:52:37,347 - INFO - 
Epoch	5
2024-05-20 19:52:57,418 - INFO - [41984/42490]	Loss  : 0.8341
2024-05-20 19:52:57,886 - INFO - Test loss   : 0.3482
2024-05-20 19:52:57,887 - INFO - 
Epoch	6
2024-05-20 19:53:17,990 - INFO - [41984/42490]	Loss  : 0.8224
2024-05-20 19:53:18,431 - INFO - Test loss   : 0.3420
2024-05-20 19:53:18,431 - INFO - 
Epoch	7
2024-05-20 19:53:38,536 - INFO - [41984/42490]	Loss  : 0.8139
2024-05-20 19:53:39,004 - INFO - Test loss   : 0.3428
2024-05-20 19:53:39,005 - INFO - 
Epoch	8
2024-05-20 19:53:59,074 - INFO - [41984/42490]	Loss  : 0.8044
2024-05-20 19:53:59,544 - INFO - Test loss   : 0.3438
2024-05-20 19:53:59,544 - INFO - 
Epoch	9
2024-05-20 19:54:19,664 - INFO - [41984/42490]	Loss  : 0.7987
2024-05-20 19:54:20,134 - INFO - Test loss   : 0.3510
2024-05-20 19:54:20,134 - INFO - 
Epoch	10
2024-05-20 19:54:40,166 - INFO - [41984/42490]	Loss  : 0.7925
2024-05-20 19:54:40,636 - INFO - Test loss   : 0.3444
2024-05-20 19:54:40,646 - INFO - (980,)
2024-05-20 19:54:40,683 - INFO -  Split ID: 0
2024-05-20 19:54:40,683 - INFO -  Top 1	LocEnc (Epoch 10)acc (%):   3.37
2024-05-20 19:54:40,683 - INFO -  Top 3	LocEnc (Epoch 10)acc (%):   8.78
2024-05-20 19:54:40,684 - INFO -  Top 5	LocEnc (Epoch 10)acc (%):   13.27
2024-05-20 19:54:40,684 - INFO -  Top 10	LocEnc (Epoch 10)acc (%):   23.27
2024-05-20 19:54:40,684 - INFO - 
No prior
2024-05-20 19:54:40,685 - INFO - (2262,)
2024-05-20 19:54:40,734 - INFO -  Split ID: 0
2024-05-20 19:54:40,734 - INFO -  Top 1	(Epoch 10)acc (%):   70.07
2024-05-20 19:54:40,735 - INFO -  Top 3	(Epoch 10)acc (%):   86.6
2024-05-20 19:54:40,735 - INFO -  Top 5	(Epoch 10)acc (%):   90.05
2024-05-20 19:54:40,735 - INFO -  Top 10	(Epoch 10)acc (%):   92.88
2024-05-20 19:54:41,956 - INFO -  Split ID: 0
2024-05-20 19:54:41,956 - INFO -  Top 1	(Epoch 10)acc (%):   78.56
2024-05-20 19:54:41,956 - INFO -  Top 3	(Epoch 10)acc (%):   90.63
2024-05-20 19:54:41,957 - INFO -  Top 5	(Epoch 10)acc (%):   93.1
2024-05-20 19:54:41,957 - INFO -  Top 10	(Epoch 10)acc (%):   95.58
2024-05-20 19:54:41,957 - INFO - 
Epoch	11
2024-05-20 19:55:02,077 - INFO - [41984/42490]	Loss  : 0.7867
2024-05-20 19:55:02,547 - INFO - Test loss   : 0.3492
2024-05-20 19:55:02,547 - INFO - 
Epoch	12
2024-05-20 19:55:23,004 - INFO - [41984/42490]	Loss  : 0.7841
2024-05-20 19:55:23,475 - INFO - Test loss   : 0.3441
2024-05-20 19:55:23,475 - INFO - 
Epoch	13
2024-05-20 19:55:43,591 - INFO - [41984/42490]	Loss  : 0.7781
2024-05-20 19:55:44,062 - INFO - Test loss   : 0.3458
2024-05-20 19:55:44,063 - INFO - 
Epoch	14
2024-05-20 19:56:04,640 - INFO - [41984/42490]	Loss  : 0.7753
2024-05-20 19:56:05,109 - INFO - Test loss   : 0.3506
2024-05-20 19:56:05,109 - INFO - 
Epoch	15
2024-05-20 19:56:25,199 - INFO - [41984/42490]	Loss  : 0.7697
2024-05-20 19:56:25,670 - INFO - Test loss   : 0.3520
2024-05-20 19:56:25,670 - INFO - 
Epoch	16
2024-05-20 19:56:45,806 - INFO - [41984/42490]	Loss  : 0.7672
2024-05-20 19:56:46,276 - INFO - Test loss   : 0.3479
2024-05-20 19:56:46,276 - INFO - 
Epoch	17
2024-05-20 19:57:06,645 - INFO - [41984/42490]	Loss  : 0.7620
2024-05-20 19:57:07,112 - INFO - Test loss   : 0.3550
2024-05-20 19:57:07,112 - INFO - 
Epoch	18
2024-05-20 19:57:27,211 - INFO - [41984/42490]	Loss  : 0.7598
2024-05-20 19:57:27,680 - INFO - Test loss   : 0.3539
2024-05-20 19:57:27,680 - INFO - 
Epoch	19
2024-05-20 19:57:47,842 - INFO - [41984/42490]	Loss  : 0.7590
2024-05-20 19:57:48,313 - INFO - Test loss   : 0.3567
2024-05-20 19:57:48,313 - INFO - 
Epoch	20
2024-05-20 19:58:08,392 - INFO - [41984/42490]	Loss  : 0.7549
2024-05-20 19:58:08,863 - INFO - Test loss   : 0.3548
2024-05-20 19:58:08,865 - INFO - (980,)
2024-05-20 19:58:08,898 - INFO -  Split ID: 0
2024-05-20 19:58:08,898 - INFO -  Top 1	LocEnc (Epoch 20)acc (%):   4.18
2024-05-20 19:58:08,898 - INFO -  Top 3	LocEnc (Epoch 20)acc (%):   10.0
2024-05-20 19:58:08,898 - INFO -  Top 5	LocEnc (Epoch 20)acc (%):   14.39
2024-05-20 19:58:08,899 - INFO -  Top 10	LocEnc (Epoch 20)acc (%):   23.78
2024-05-20 19:58:08,899 - INFO - 
No prior
2024-05-20 19:58:08,900 - INFO - (2262,)
2024-05-20 19:58:08,950 - INFO -  Split ID: 0
2024-05-20 19:58:08,950 - INFO -  Top 1	(Epoch 20)acc (%):   70.07
2024-05-20 19:58:08,950 - INFO -  Top 3	(Epoch 20)acc (%):   86.6
2024-05-20 19:58:08,950 - INFO -  Top 5	(Epoch 20)acc (%):   90.05
2024-05-20 19:58:08,950 - INFO -  Top 10	(Epoch 20)acc (%):   92.88
2024-05-20 19:58:10,168 - INFO -  Split ID: 0
2024-05-20 19:58:10,169 - INFO -  Top 1	(Epoch 20)acc (%):   78.78
2024-05-20 19:58:10,169 - INFO -  Top 3	(Epoch 20)acc (%):   91.11
2024-05-20 19:58:10,169 - INFO -  Top 5	(Epoch 20)acc (%):   93.32
2024-05-20 19:58:10,169 - INFO -  Top 10	(Epoch 20)acc (%):   95.76
2024-05-20 19:58:10,169 - INFO - 
Epoch	21
2024-05-20 19:58:30,288 - INFO - [41984/42490]	Loss  : 0.7522
2024-05-20 19:58:30,813 - INFO - Test loss   : 0.3665
2024-05-20 19:58:30,813 - INFO - 
Epoch	22
2024-05-20 19:58:50,920 - INFO - [41984/42490]	Loss  : 0.7498
2024-05-20 19:58:51,435 - INFO - Test loss   : 0.3678
2024-05-20 19:58:51,435 - INFO - 
Epoch	23
2024-05-20 19:59:11,513 - INFO - [41984/42490]	Loss  : 0.7474
2024-05-20 19:59:11,984 - INFO - Test loss   : 0.3628
2024-05-20 19:59:11,984 - INFO - 
Epoch	24
2024-05-20 19:59:32,121 - INFO - [41984/42490]	Loss  : 0.7418
2024-05-20 19:59:32,591 - INFO - Test loss   : 0.3618
2024-05-20 19:59:32,591 - INFO - 
Epoch	25
2024-05-20 19:59:53,044 - INFO - [41984/42490]	Loss  : 0.7432
2024-05-20 19:59:53,514 - INFO - Test loss   : 0.3596
2024-05-20 19:59:53,514 - INFO - 
Epoch	26
2024-05-20 20:00:12,551 - INFO - [41984/42490]	Loss  : 0.7416
2024-05-20 20:00:13,082 - INFO - Test loss   : 0.3600
2024-05-20 20:00:13,082 - INFO - 
Epoch	27
2024-05-20 20:00:33,905 - INFO - [41984/42490]	Loss  : 0.7367
2024-05-20 20:00:34,373 - INFO - Test loss   : 0.3692
2024-05-20 20:00:34,374 - INFO - 
Epoch	28
2024-05-20 20:00:54,425 - INFO - [41984/42490]	Loss  : 0.7357
2024-05-20 20:00:54,895 - INFO - Test loss   : 0.3712
2024-05-20 20:00:54,895 - INFO - 
Epoch	29
2024-05-20 20:01:15,527 - INFO - [41984/42490]	Loss  : 0.7338
2024-05-20 20:01:15,997 - INFO - Test loss   : 0.3705
2024-05-20 20:01:15,997 - INFO - Saving output model to ../models/wrap/model_birdsnap_ebird_meta_wrap_inception_v3_0.0050_64_0.0001000_1_512.pth.tar
2024-05-20 20:01:16,021 - INFO - Saving output model to ../models/wrap/model_birdsnap_ebird_meta_wrap_inception_v3_0.0050_64_0.0001000_1_512.pth.tar
2024-05-20 20:01:16,105 - INFO - 
No prior
2024-05-20 20:01:16,106 - INFO - (2262,)
2024-05-20 20:01:16,155 - INFO -  Split ID: 0
2024-05-20 20:01:16,155 - INFO -  Top 1	acc (%):   70.07
2024-05-20 20:01:16,155 - INFO -  Top 3	acc (%):   86.6
2024-05-20 20:01:16,155 - INFO -  Top 5	acc (%):   90.05
2024-05-20 20:01:16,155 - INFO -  Top 10	acc (%):   92.88
2024-05-20 20:01:17,375 - INFO -  Split ID: 0
2024-05-20 20:01:17,375 - INFO -  Top 1	acc (%):   79.35
2024-05-20 20:01:17,375 - INFO -  Top 3	acc (%):   91.16
2024-05-20 20:01:17,375 - INFO -  Top 5	acc (%):   93.5
2024-05-20 20:01:17,375 - INFO -  Top 10	acc (%):   95.8
2024-05-20 20:01:17,375 - INFO - 
wrap
2024-05-20 20:01:17,375 - INFO -  Model :	model_birdsnap_ebird_meta_wrap_inception_v3_0.0050_64_0.0001000_1_512.pth.tar
2024-05-20 20:01:17,393 - INFO - (980,)
2024-05-20 20:01:17,426 - INFO -  Split ID: 0
2024-05-20 20:01:17,426 - INFO -  Top 1	LocEnc acc (%):   5.0
2024-05-20 20:01:17,426 - INFO -  Top 3	LocEnc acc (%):   11.73
2024-05-20 20:01:17,426 - INFO -  Top 5	LocEnc acc (%):   16.43
2024-05-20 20:01:17,426 - INFO -  Top 10	LocEnc acc (%):   24.8
2024-05-25 11:54:24,895 - INFO - 
num_classes	500
2024-05-25 11:54:24,990 - INFO - num train    	42490
2024-05-25 11:54:24,990 - INFO - num val      	980
2024-05-25 11:54:24,990 - INFO - train loss   	full_loss
2024-05-25 11:54:24,990 - INFO - model name   	../models/wrap/model_birdsnap_ebird_meta_wrap_inception_v3_0.0050_64_0.0001000_1_512.pth.tar
2024-05-25 11:54:24,990 - INFO - num users    	5763
2024-05-25 11:54:24,990 - INFO - meta data    	ebird_meta
2024-05-25 11:54:25,889 - INFO - 
Epoch	0
2024-05-25 11:54:41,696 - INFO - [41984/42490]	Loss  : 1.3001
2024-05-25 11:54:42,168 - INFO - Test loss   : 0.4397
2024-05-25 11:54:42,168 - INFO - 
Epoch	1
2024-05-25 11:54:59,995 - INFO - [41984/42490]	Loss  : 0.9789
2024-05-25 11:55:00,464 - INFO - Test loss   : 0.3907
2024-05-25 11:55:00,464 - INFO - 
Epoch	2
2024-05-25 11:55:18,319 - INFO - [41984/42490]	Loss  : 0.9087
2024-05-25 11:55:18,794 - INFO - Test loss   : 0.3875
2024-05-25 11:55:18,794 - INFO - 
Epoch	3
2024-05-25 11:55:34,358 - INFO - [41984/42490]	Loss  : 0.8728
2024-05-25 11:55:34,669 - INFO - Test loss   : 0.3660
2024-05-25 11:55:34,669 - INFO - 
Epoch	4
2024-05-25 11:55:51,023 - INFO - [41984/42490]	Loss  : 0.8494
2024-05-25 11:55:51,495 - INFO - Test loss   : 0.3567
2024-05-25 11:55:51,495 - INFO - 
Epoch	5
2024-05-25 11:56:07,984 - INFO - [41984/42490]	Loss  : 0.8342
2024-05-25 11:56:08,451 - INFO - Test loss   : 0.3563
2024-05-25 11:56:08,451 - INFO - 
Epoch	6
2024-05-25 11:56:24,091 - INFO - [41984/42490]	Loss  : 0.8216
2024-05-25 11:56:24,567 - INFO - Test loss   : 0.3577
2024-05-25 11:56:24,567 - INFO - 
Epoch	7
2024-05-25 11:56:39,796 - INFO - [41984/42490]	Loss  : 0.8123
2024-05-25 11:56:40,270 - INFO - Test loss   : 0.3444
2024-05-25 11:56:40,270 - INFO - 
Epoch	8
2024-05-25 11:56:56,706 - INFO - [41984/42490]	Loss  : 0.8047
2024-05-25 11:56:56,805 - INFO - Test loss   : 0.3513
2024-05-25 11:56:56,805 - INFO - 
Epoch	9
2024-05-25 11:57:13,075 - INFO - [41984/42490]	Loss  : 0.7973
2024-05-25 11:57:13,545 - INFO - Test loss   : 0.3481
2024-05-25 11:57:13,546 - INFO - 
Epoch	10
2024-05-25 11:57:29,027 - INFO - [41984/42490]	Loss  : 0.7922
2024-05-25 11:57:29,257 - INFO - Test loss   : 0.3469
2024-05-25 11:57:29,275 - INFO - (980,)
2024-05-25 11:57:29,312 - INFO -  Split ID: 0
2024-05-25 11:57:29,312 - INFO -  Top 1	LocEnc (Epoch 10)acc (%):   3.47
2024-05-25 11:57:29,312 - INFO -  Top 3	LocEnc (Epoch 10)acc (%):   8.67
2024-05-25 11:57:29,312 - INFO -  Top 5	LocEnc (Epoch 10)acc (%):   14.69
2024-05-25 11:57:29,312 - INFO -  Top 10	LocEnc (Epoch 10)acc (%):   21.53
2024-05-25 11:57:29,312 - INFO - 
No prior
2024-05-25 11:57:29,313 - INFO - (2262,)
2024-05-25 11:57:29,365 - INFO -  Split ID: 0
2024-05-25 11:57:29,365 - INFO -  Top 1	(Epoch 10)acc (%):   70.07
2024-05-25 11:57:29,365 - INFO -  Top 3	(Epoch 10)acc (%):   86.6
2024-05-25 11:57:29,365 - INFO -  Top 5	(Epoch 10)acc (%):   90.05
2024-05-25 11:57:29,365 - INFO -  Top 10	(Epoch 10)acc (%):   92.88
2024-05-25 11:57:31,106 - INFO -  Split ID: 0
2024-05-25 11:57:31,106 - INFO -  Top 1	(Epoch 10)acc (%):   78.38
2024-05-25 11:57:31,107 - INFO -  Top 3	(Epoch 10)acc (%):   90.5
2024-05-25 11:57:31,107 - INFO -  Top 5	(Epoch 10)acc (%):   92.93
2024-05-25 11:57:31,107 - INFO -  Top 10	(Epoch 10)acc (%):   95.67
2024-05-25 11:57:31,107 - INFO - 
Epoch	11
2024-05-25 11:57:48,814 - INFO - [41984/42490]	Loss  : 0.7869
2024-05-25 11:57:49,289 - INFO - Test loss   : 0.3455
2024-05-25 11:57:49,290 - INFO - 
Epoch	12
2024-05-25 11:58:06,698 - INFO - [41984/42490]	Loss  : 0.7820
2024-05-25 11:58:07,007 - INFO - Test loss   : 0.3470
2024-05-25 11:58:07,007 - INFO - 
Epoch	13
2024-05-25 11:58:23,024 - INFO - [41984/42490]	Loss  : 0.7773
2024-05-25 11:58:23,182 - INFO - Test loss   : 0.3488
2024-05-25 11:58:23,182 - INFO - 
Epoch	14
2024-05-25 11:58:38,864 - INFO - [41984/42490]	Loss  : 0.7712
2024-05-25 11:58:39,338 - INFO - Test loss   : 0.3509
2024-05-25 11:58:39,338 - INFO - 
Epoch	15
2024-05-25 11:58:55,193 - INFO - [41984/42490]	Loss  : 0.7683
2024-05-25 11:58:55,354 - INFO - Test loss   : 0.3572
2024-05-25 11:58:55,355 - INFO - 
Epoch	16
2024-05-25 11:59:11,732 - INFO - [41984/42490]	Loss  : 0.7660
2024-05-25 11:59:12,207 - INFO - Test loss   : 0.3495
2024-05-25 11:59:12,207 - INFO - 
Epoch	17
2024-05-25 11:59:27,608 - INFO - [41984/42490]	Loss  : 0.7616
2024-05-25 11:59:27,949 - INFO - Test loss   : 0.3460
2024-05-25 11:59:27,949 - INFO - 
Epoch	18
2024-05-25 11:59:43,843 - INFO - [41984/42490]	Loss  : 0.7573
2024-05-25 11:59:44,318 - INFO - Test loss   : 0.3496
2024-05-25 11:59:44,319 - INFO - 
Epoch	19
2024-05-25 12:00:00,436 - INFO - [41984/42490]	Loss  : 0.7550
2024-05-25 12:00:00,910 - INFO - Test loss   : 0.3527
2024-05-25 12:00:00,910 - INFO - 
Epoch	20
2024-05-25 12:00:16,941 - INFO - [41984/42490]	Loss  : 0.7539
2024-05-25 12:00:17,416 - INFO - Test loss   : 0.3515
2024-05-25 12:00:17,418 - INFO - (980,)
2024-05-25 12:00:17,452 - INFO -  Split ID: 0
2024-05-25 12:00:17,452 - INFO -  Top 1	LocEnc (Epoch 20)acc (%):   4.18
2024-05-25 12:00:17,452 - INFO -  Top 3	LocEnc (Epoch 20)acc (%):   10.82
2024-05-25 12:00:17,452 - INFO -  Top 5	LocEnc (Epoch 20)acc (%):   15.1
2024-05-25 12:00:17,452 - INFO -  Top 10	LocEnc (Epoch 20)acc (%):   24.49
2024-05-25 12:00:17,452 - INFO - 
No prior
2024-05-25 12:00:17,453 - INFO - (2262,)
2024-05-25 12:00:17,504 - INFO -  Split ID: 0
2024-05-25 12:00:17,504 - INFO -  Top 1	(Epoch 20)acc (%):   70.07
2024-05-25 12:00:17,504 - INFO -  Top 3	(Epoch 20)acc (%):   86.6
2024-05-25 12:00:17,504 - INFO -  Top 5	(Epoch 20)acc (%):   90.05
2024-05-25 12:00:17,504 - INFO -  Top 10	(Epoch 20)acc (%):   92.88
2024-05-25 12:00:19,274 - INFO -  Split ID: 0
2024-05-25 12:00:19,274 - INFO -  Top 1	(Epoch 20)acc (%):   78.74
2024-05-25 12:00:19,274 - INFO -  Top 3	(Epoch 20)acc (%):   91.03
2024-05-25 12:00:19,274 - INFO -  Top 5	(Epoch 20)acc (%):   93.1
2024-05-25 12:00:19,274 - INFO -  Top 10	(Epoch 20)acc (%):   95.67
2024-05-25 12:00:19,274 - INFO - 
Epoch	21
2024-05-25 12:00:37,317 - INFO - [41984/42490]	Loss  : 0.7505
2024-05-25 12:00:37,793 - INFO - Test loss   : 0.3490
2024-05-25 12:00:37,794 - INFO - 
Epoch	22
2024-05-25 12:00:54,164 - INFO - [41984/42490]	Loss  : 0.7479
2024-05-25 12:00:54,213 - INFO - Test loss   : 0.3511
2024-05-25 12:00:54,213 - INFO - 
Epoch	23
2024-05-25 12:00:56,576 - INFO - [41984/42490]	Loss  : 0.7452
2024-05-25 12:00:56,622 - INFO - Test loss   : 0.3500
2024-05-25 12:00:56,622 - INFO - 
Epoch	24
2024-05-25 12:00:58,804 - INFO - [41984/42490]	Loss  : 0.7472
2024-05-25 12:00:58,850 - INFO - Test loss   : 0.3600
2024-05-25 12:00:58,850 - INFO - 
Epoch	25
2024-05-25 12:01:01,129 - INFO - [41984/42490]	Loss  : 0.7423
2024-05-25 12:01:01,175 - INFO - Test loss   : 0.3638
2024-05-25 12:01:01,175 - INFO - 
Epoch	26
2024-05-25 12:01:03,453 - INFO - [41984/42490]	Loss  : 0.7398
2024-05-25 12:01:03,500 - INFO - Test loss   : 0.3591
2024-05-25 12:01:03,500 - INFO - 
Epoch	27
2024-05-25 12:01:05,680 - INFO - [41984/42490]	Loss  : 0.7369
2024-05-25 12:01:05,726 - INFO - Test loss   : 0.3622
2024-05-25 12:01:05,726 - INFO - 
Epoch	28
2024-05-25 12:01:07,992 - INFO - [41984/42490]	Loss  : 0.7341
2024-05-25 12:01:08,038 - INFO - Test loss   : 0.3659
2024-05-25 12:01:08,039 - INFO - 
Epoch	29
2024-05-25 12:01:10,230 - INFO - [41984/42490]	Loss  : 0.7327
2024-05-25 12:01:10,276 - INFO - Test loss   : 0.3670
2024-05-25 12:01:10,276 - INFO - Saving output model to ../models/wrap/model_birdsnap_ebird_meta_wrap_inception_v3_0.0050_64_0.0001000_1_512.pth.tar
2024-05-25 12:01:10,339 - INFO - Saving output model to ../models/wrap/model_birdsnap_ebird_meta_wrap_inception_v3_0.0050_64_0.0001000_1_512.pth.tar
2024-05-25 12:01:10,402 - INFO - 
No prior
2024-05-25 12:01:10,403 - INFO - (2262,)
2024-05-25 12:01:10,453 - INFO -  Split ID: 0
2024-05-25 12:01:10,587 - INFO -  Top 1	acc (%):   70.07
2024-05-25 12:01:10,587 - INFO -  Top 3	acc (%):   86.6
2024-05-25 12:01:10,587 - INFO -  Top 5	acc (%):   90.05
2024-05-25 12:01:10,587 - INFO -  Top 10	acc (%):   92.88
2024-05-25 12:01:11,861 - INFO -  Split ID: 0
2024-05-25 12:01:11,861 - INFO -  Top 1	acc (%):   79.0
2024-05-25 12:01:11,861 - INFO -  Top 3	acc (%):   91.03
2024-05-25 12:01:11,861 - INFO -  Top 5	acc (%):   93.32
2024-05-25 12:01:11,861 - INFO -  Top 10	acc (%):   95.71
2024-05-25 12:01:11,861 - INFO - 
Only wrap
2024-05-25 12:01:11,861 - INFO -  Model :	model_birdsnap_ebird_meta_wrap_inception_v3_0.0050_64_0.0001000_1_512.pth.tar
2024-05-25 12:01:11,873 - INFO - (980,)
2024-05-25 12:01:11,907 - INFO -  Split ID: 0
2024-05-25 12:01:11,907 - INFO -  Top 1	LocEnc acc (%):   4.69
2024-05-25 12:01:11,907 - INFO -  Top 3	LocEnc acc (%):   11.43
2024-05-25 12:01:11,907 - INFO -  Top 5	LocEnc acc (%):   16.73
2024-05-25 12:01:11,907 - INFO -  Top 10	LocEnc acc (%):   24.18
2024-05-25 12:07:51,248 - INFO - 
num_classes	500
2024-05-25 12:07:51,248 - INFO - num train    	42490
2024-05-25 12:07:51,248 - INFO - num val      	980
2024-05-25 12:07:51,248 - INFO - train loss   	full_loss
2024-05-25 12:07:51,248 - INFO - model name   	../models/wrap/model_birdsnap_ebird_meta_wrap_inception_v3_0.0050_64_0.0001000_1_512.pth.tar
2024-05-25 12:07:51,248 - INFO - num users    	5763
2024-05-25 12:07:51,248 - INFO - meta data    	ebird_meta
2024-05-25 12:07:52,151 - INFO - 
Epoch	0
2024-05-25 12:07:55,532 - INFO - [41984/42490]	Loss  : 1.2908
2024-05-25 12:07:55,578 - INFO - Test loss   : 0.4367
2024-05-25 12:07:55,578 - INFO - 
Epoch	1
2024-05-25 12:07:58,435 - INFO - [41984/42490]	Loss  : 0.9842
2024-05-25 12:07:58,480 - INFO - Test loss   : 0.4033
2024-05-25 12:07:58,480 - INFO - 
Epoch	2
2024-05-25 12:08:01,123 - INFO - [41984/42490]	Loss  : 0.9172
2024-05-25 12:08:01,168 - INFO - Test loss   : 0.3707
2024-05-25 12:08:01,168 - INFO - 
Epoch	3
2024-05-25 12:08:03,744 - INFO - [41984/42490]	Loss  : 0.8774
2024-05-25 12:08:03,789 - INFO - Test loss   : 0.3584
2024-05-25 12:08:03,790 - INFO - 
Epoch	4
2024-05-25 12:08:06,656 - INFO - [41984/42490]	Loss  : 0.8542
2024-05-25 12:08:06,702 - INFO - Test loss   : 0.3495
2024-05-25 12:08:06,702 - INFO - 
Epoch	5
2024-05-25 12:08:09,502 - INFO - [41984/42490]	Loss  : 0.8386
2024-05-25 12:08:09,547 - INFO - Test loss   : 0.3515
2024-05-25 12:08:09,548 - INFO - 
Epoch	6
2024-05-25 12:08:11,906 - INFO - [41984/42490]	Loss  : 0.8265
2024-05-25 12:08:11,952 - INFO - Test loss   : 0.3529
2024-05-25 12:08:11,952 - INFO - 
Epoch	7
2024-05-25 12:08:14,823 - INFO - [41984/42490]	Loss  : 0.8186
2024-05-25 12:08:14,868 - INFO - Test loss   : 0.3473
2024-05-25 12:08:14,869 - INFO - 
Epoch	8
2024-05-25 12:08:17,656 - INFO - [41984/42490]	Loss  : 0.8093
2024-05-25 12:08:17,701 - INFO - Test loss   : 0.3637
2024-05-25 12:08:17,702 - INFO - 
Epoch	9
2024-05-25 12:08:20,560 - INFO - [41984/42490]	Loss  : 0.8016
2024-05-25 12:08:20,605 - INFO - Test loss   : 0.3439
2024-05-25 12:08:20,606 - INFO - 
Epoch	10
2024-05-25 12:08:23,042 - INFO - [41984/42490]	Loss  : 0.7962
2024-05-25 12:08:23,088 - INFO - Test loss   : 0.3421
2024-05-25 12:08:23,106 - INFO - (980,)
2024-05-25 12:08:23,144 - INFO -  Split ID: 0
2024-05-25 12:08:23,144 - INFO -  Top 1	LocEnc (Epoch 10)acc (%):   3.16
2024-05-25 12:08:23,144 - INFO -  Top 3	LocEnc (Epoch 10)acc (%):   9.59
2024-05-25 12:08:23,144 - INFO -  Top 5	LocEnc (Epoch 10)acc (%):   13.47
2024-05-25 12:08:23,144 - INFO -  Top 10	LocEnc (Epoch 10)acc (%):   21.73
2024-05-25 12:08:23,144 - INFO - 
No prior
2024-05-25 12:08:23,145 - INFO - (2262,)
2024-05-25 12:08:23,197 - INFO -  Split ID: 0
2024-05-25 12:08:23,197 - INFO -  Top 1	(Epoch 10)acc (%):   70.07
2024-05-25 12:08:23,197 - INFO -  Top 3	(Epoch 10)acc (%):   86.6
2024-05-25 12:08:23,197 - INFO -  Top 5	(Epoch 10)acc (%):   90.05
2024-05-25 12:08:23,197 - INFO -  Top 10	(Epoch 10)acc (%):   92.88
2024-05-25 12:08:24,674 - INFO -  Split ID: 0
2024-05-25 12:08:24,674 - INFO -  Top 1	(Epoch 10)acc (%):   78.29
2024-05-25 12:08:24,674 - INFO -  Top 3	(Epoch 10)acc (%):   90.63
2024-05-25 12:08:24,674 - INFO -  Top 5	(Epoch 10)acc (%):   92.93
2024-05-25 12:08:24,674 - INFO -  Top 10	(Epoch 10)acc (%):   95.49
2024-05-25 12:08:24,675 - INFO - 
Epoch	11
2024-05-25 12:08:27,462 - INFO - [41984/42490]	Loss  : 0.7895
2024-05-25 12:08:27,507 - INFO - Test loss   : 0.3384
2024-05-25 12:08:27,507 - INFO - 
Epoch	12
2024-05-25 12:08:30,154 - INFO - [41984/42490]	Loss  : 0.7854
2024-05-25 12:08:30,199 - INFO - Test loss   : 0.3455
2024-05-25 12:08:30,199 - INFO - 
Epoch	13
2024-05-25 12:08:32,853 - INFO - [41984/42490]	Loss  : 0.7817
2024-05-25 12:08:32,898 - INFO - Test loss   : 0.3376
2024-05-25 12:08:32,898 - INFO - 
Epoch	14
2024-05-25 12:08:35,684 - INFO - [41984/42490]	Loss  : 0.7783
2024-05-25 12:08:35,729 - INFO - Test loss   : 0.3421
2024-05-25 12:08:35,729 - INFO - 
Epoch	15
2024-05-25 12:08:38,597 - INFO - [41984/42490]	Loss  : 0.7729
2024-05-25 12:08:38,642 - INFO - Test loss   : 0.3481
2024-05-25 12:08:38,642 - INFO - 
Epoch	16
2024-05-25 12:08:41,432 - INFO - [41984/42490]	Loss  : 0.7711
2024-05-25 12:08:41,477 - INFO - Test loss   : 0.3459
2024-05-25 12:08:41,477 - INFO - 
Epoch	17
2024-05-25 12:08:43,884 - INFO - [41984/42490]	Loss  : 0.7659
2024-05-25 12:08:43,930 - INFO - Test loss   : 0.3408
2024-05-25 12:08:43,930 - INFO - 
Epoch	18
2024-05-25 12:08:47,015 - INFO - [41984/42490]	Loss  : 0.7622
2024-05-25 12:08:47,061 - INFO - Test loss   : 0.3499
2024-05-25 12:08:47,061 - INFO - 
Epoch	19
2024-05-25 12:08:49,630 - INFO - [41984/42490]	Loss  : 0.7582
2024-05-25 12:08:49,675 - INFO - Test loss   : 0.3447
2024-05-25 12:08:49,675 - INFO - 
Epoch	20
2024-05-25 12:08:52,543 - INFO - [41984/42490]	Loss  : 0.7554
2024-05-25 12:08:52,589 - INFO - Test loss   : 0.3508
2024-05-25 12:08:52,590 - INFO - (980,)
2024-05-25 12:08:52,624 - INFO -  Split ID: 0
2024-05-25 12:08:52,624 - INFO -  Top 1	LocEnc (Epoch 20)acc (%):   4.29
2024-05-25 12:08:52,624 - INFO -  Top 3	LocEnc (Epoch 20)acc (%):   11.22
2024-05-25 12:08:52,624 - INFO -  Top 5	LocEnc (Epoch 20)acc (%):   14.9
2024-05-25 12:08:52,624 - INFO -  Top 10	LocEnc (Epoch 20)acc (%):   25.51
2024-05-25 12:08:52,625 - INFO - 
No prior
2024-05-25 12:08:52,626 - INFO - (2262,)
2024-05-25 12:08:52,676 - INFO -  Split ID: 0
2024-05-25 12:08:52,676 - INFO -  Top 1	(Epoch 20)acc (%):   70.07
2024-05-25 12:08:52,676 - INFO -  Top 3	(Epoch 20)acc (%):   86.6
2024-05-25 12:08:52,676 - INFO -  Top 5	(Epoch 20)acc (%):   90.05
2024-05-25 12:08:52,676 - INFO -  Top 10	(Epoch 20)acc (%):   92.88
2024-05-25 12:08:53,957 - INFO -  Split ID: 0
2024-05-25 12:08:53,957 - INFO -  Top 1	(Epoch 20)acc (%):   78.78
2024-05-25 12:08:53,957 - INFO -  Top 3	(Epoch 20)acc (%):   90.98
2024-05-25 12:08:53,957 - INFO -  Top 5	(Epoch 20)acc (%):   93.46
2024-05-25 12:08:53,957 - INFO -  Top 10	(Epoch 20)acc (%):   95.71
2024-05-25 12:08:53,958 - INFO - 
Epoch	21
2024-05-25 12:08:56,754 - INFO - [41984/42490]	Loss  : 0.7540
2024-05-25 12:08:56,799 - INFO - Test loss   : 0.3535
2024-05-25 12:08:56,799 - INFO - 
Epoch	22
2024-05-25 12:08:59,673 - INFO - [41984/42490]	Loss  : 0.7522
2024-05-25 12:08:59,718 - INFO - Test loss   : 0.3548
2024-05-25 12:08:59,718 - INFO - 
Epoch	23
2024-05-25 12:09:02,376 - INFO - [41984/42490]	Loss  : 0.7504
2024-05-25 12:09:02,422 - INFO - Test loss   : 0.3592
2024-05-25 12:09:02,422 - INFO - 
Epoch	24
2024-05-25 12:09:05,001 - INFO - [41984/42490]	Loss  : 0.7471
2024-05-25 12:09:05,046 - INFO - Test loss   : 0.3601
2024-05-25 12:09:05,046 - INFO - 
Epoch	25
2024-05-25 12:09:07,910 - INFO - [41984/42490]	Loss  : 0.7442
2024-05-25 12:09:07,955 - INFO - Test loss   : 0.3650
2024-05-25 12:09:07,955 - INFO - 
Epoch	26
2024-05-25 12:09:10,778 - INFO - [41984/42490]	Loss  : 0.7433
2024-05-25 12:09:10,824 - INFO - Test loss   : 0.3611
2024-05-25 12:09:10,824 - INFO - 
Epoch	27
2024-05-25 12:09:13,403 - INFO - [41984/42490]	Loss  : 0.7381
2024-05-25 12:09:13,450 - INFO - Test loss   : 0.3616
2024-05-25 12:09:13,450 - INFO - 
Epoch	28
2024-05-25 12:09:16,115 - INFO - [41984/42490]	Loss  : 0.7383
2024-05-25 12:09:16,161 - INFO - Test loss   : 0.3625
2024-05-25 12:09:16,161 - INFO - 
Epoch	29
2024-05-25 12:09:18,962 - INFO - [41984/42490]	Loss  : 0.7375
2024-05-25 12:09:19,008 - INFO - Test loss   : 0.3639
2024-05-25 12:09:19,008 - INFO - Saving output model to ../models/wrap/model_birdsnap_ebird_meta_wrap_inception_v3_0.0050_64_0.0001000_1_512.pth.tar
2024-05-25 12:09:19,071 - INFO - Saving output model to ../models/wrap/model_birdsnap_ebird_meta_wrap_inception_v3_0.0050_64_0.0001000_1_512.pth.tar
2024-05-25 12:09:19,138 - INFO - 
No prior
2024-05-25 12:09:19,139 - INFO - (2262,)
2024-05-25 12:09:19,189 - INFO -  Split ID: 0
2024-05-25 12:09:19,189 - INFO -  Top 1	acc (%):   70.07
2024-05-25 12:09:19,189 - INFO -  Top 3	acc (%):   86.6
2024-05-25 12:09:19,189 - INFO -  Top 5	acc (%):   90.05
2024-05-25 12:09:19,189 - INFO -  Top 10	acc (%):   92.88
2024-05-25 12:09:20,863 - INFO -  Split ID: 0
2024-05-25 12:09:20,863 - INFO -  Top 1	acc (%):   78.91
2024-05-25 12:09:20,863 - INFO -  Top 3	acc (%):   91.07
2024-05-25 12:09:20,864 - INFO -  Top 5	acc (%):   93.37
2024-05-25 12:09:20,864 - INFO -  Top 10	acc (%):   95.62
2024-05-25 12:09:20,864 - INFO - 
Only wrap
2024-05-25 12:09:20,864 - INFO -  Model :	model_birdsnap_ebird_meta_wrap_inception_v3_0.0050_64_0.0001000_1_512.pth.tar
2024-05-25 12:09:20,876 - INFO - (980,)
2024-05-25 12:09:20,910 - INFO -  Split ID: 0
2024-05-25 12:09:20,910 - INFO -  Top 1	LocEnc acc (%):   4.69
2024-05-25 12:09:20,910 - INFO -  Top 3	LocEnc acc (%):   10.92
2024-05-25 12:09:20,910 - INFO -  Top 5	LocEnc acc (%):   14.49
2024-05-25 12:09:20,910 - INFO -  Top 10	LocEnc acc (%):   23.88
2024-05-27 17:06:53,316 - INFO - 
num_classes	500
2024-05-27 17:06:53,351 - INFO - num train    	42490
2024-05-27 17:06:53,351 - INFO - num val      	980
2024-05-27 17:06:53,351 - INFO - train loss   	full_loss
2024-05-27 17:06:53,351 - INFO - model name   	../models/wrap/model_birdsnap_ebird_meta_wrap_inception_v3_0.0050_64_0.0001000_1_512.pth.tar
2024-05-27 17:06:53,351 - INFO - num users    	5763
2024-05-27 17:06:53,351 - INFO - meta data    	ebird_meta
2024-05-27 17:06:53,624 - INFO - 
Epoch	0
2024-05-27 17:07:56,555 - INFO - [41984/42490]	Loss  : 1.2978
2024-05-27 17:07:57,982 - INFO - Test loss   : 0.4652
2024-05-27 17:07:57,982 - INFO - 
Epoch	1
2024-05-27 17:09:00,957 - INFO - [41984/42490]	Loss  : 0.9868
2024-05-27 17:09:02,446 - INFO - Test loss   : 0.3981
2024-05-27 17:09:02,447 - INFO - 
Epoch	2
2024-05-27 17:10:05,224 - INFO - [41984/42490]	Loss  : 0.9259
2024-05-27 17:10:06,638 - INFO - Test loss   : 0.3951
2024-05-27 17:10:06,638 - INFO - 
Epoch	3
2024-05-27 17:11:09,427 - INFO - [41984/42490]	Loss  : 0.8871
2024-05-27 17:11:10,871 - INFO - Test loss   : 0.3761
2024-05-27 17:11:10,871 - INFO - 
Epoch	4
2024-05-27 17:12:13,776 - INFO - [41984/42490]	Loss  : 0.8599
2024-05-27 17:12:15,218 - INFO - Test loss   : 0.3430
2024-05-27 17:12:15,218 - INFO - 
Epoch	5
2024-05-27 17:13:18,588 - INFO - [41984/42490]	Loss  : 0.8422
2024-05-27 17:13:20,045 - INFO - Test loss   : 0.3437
2024-05-27 17:13:20,045 - INFO - 
Epoch	6
2024-05-27 17:14:23,050 - INFO - [41984/42490]	Loss  : 0.8295
2024-05-27 17:14:24,493 - INFO - Test loss   : 0.3473
2024-05-27 17:14:24,493 - INFO - 
Epoch	7
2024-05-27 17:15:27,373 - INFO - [41984/42490]	Loss  : 0.8211
2024-05-27 17:15:28,815 - INFO - Test loss   : 0.3387
2024-05-27 17:15:28,816 - INFO - 
Epoch	8
2024-05-27 17:16:31,714 - INFO - [41984/42490]	Loss  : 0.8143
2024-05-27 17:16:33,148 - INFO - Test loss   : 0.3457
2024-05-27 17:16:33,149 - INFO - 
Epoch	9
2024-05-27 17:17:36,021 - INFO - [41984/42490]	Loss  : 0.8080
2024-05-27 17:17:37,454 - INFO - Test loss   : 0.3462
2024-05-27 17:17:37,454 - INFO - 
Epoch	10
2024-05-27 17:18:40,299 - INFO - [41984/42490]	Loss  : 0.7992
2024-05-27 17:18:41,742 - INFO - Test loss   : 0.3521
2024-05-27 17:18:41,742 - INFO - 
Epoch	11
2024-05-27 17:19:45,005 - INFO - [41984/42490]	Loss  : 0.7965
2024-05-27 17:19:46,183 - INFO - Test loss   : 0.3403
2024-05-27 17:19:46,184 - INFO - 
Epoch	12
2024-05-27 17:20:48,337 - INFO - [41984/42490]	Loss  : 0.7929
2024-05-27 17:20:49,672 - INFO - Test loss   : 0.3507
2024-05-27 17:20:49,673 - INFO - 
Epoch	13
2024-05-27 17:21:52,336 - INFO - [41984/42490]	Loss  : 0.7866
2024-05-27 17:21:53,800 - INFO - Test loss   : 0.3462
2024-05-27 17:21:53,801 - INFO - 
Epoch	14
2024-05-27 17:22:57,439 - INFO - [41984/42490]	Loss  : 0.7793
2024-05-27 17:22:58,873 - INFO - Test loss   : 0.3473
2024-05-27 17:22:58,873 - INFO - 
Epoch	15
2024-05-27 17:24:00,961 - INFO - [41984/42490]	Loss  : 0.7777
2024-05-27 17:24:02,346 - INFO - Test loss   : 0.3450
2024-05-27 17:24:02,346 - INFO - 
Epoch	16
2024-05-27 17:25:05,039 - INFO - [41984/42490]	Loss  : 0.7730
2024-05-27 17:25:06,459 - INFO - Test loss   : 0.3446
2024-05-27 17:25:06,459 - INFO - 
Epoch	17
2024-05-27 17:26:08,992 - INFO - [41984/42490]	Loss  : 0.7698
2024-05-27 17:26:10,494 - INFO - Test loss   : 0.3468
2024-05-27 17:26:10,495 - INFO - 
Epoch	18
2024-05-27 17:27:13,972 - INFO - [41984/42490]	Loss  : 0.7633
2024-05-27 17:27:15,442 - INFO - Test loss   : 0.3494
2024-05-27 17:27:15,443 - INFO - 
Epoch	19
2024-05-27 17:28:18,197 - INFO - [41984/42490]	Loss  : 0.7627
2024-05-27 17:28:19,640 - INFO - Test loss   : 0.3483
2024-05-27 17:28:19,640 - INFO - 
Epoch	20
2024-05-27 17:29:22,269 - INFO - [41984/42490]	Loss  : 0.7607
2024-05-27 17:29:23,664 - INFO - Test loss   : 0.3513
2024-05-27 17:29:23,665 - INFO - 
Epoch	21
2024-05-27 17:30:26,308 - INFO - [41984/42490]	Loss  : 0.7573
2024-05-27 17:30:27,707 - INFO - Test loss   : 0.3514
2024-05-27 17:30:27,707 - INFO - 
Epoch	22
2024-05-27 17:31:30,295 - INFO - [41984/42490]	Loss  : 0.7542
2024-05-27 17:31:31,738 - INFO - Test loss   : 0.3551
2024-05-27 17:31:31,739 - INFO - 
Epoch	23
2024-05-27 17:32:34,388 - INFO - [41984/42490]	Loss  : 0.7495
2024-05-27 17:32:35,824 - INFO - Test loss   : 0.3573
2024-05-27 17:32:35,825 - INFO - 
Epoch	24
2024-05-27 17:33:38,557 - INFO - [41984/42490]	Loss  : 0.7532
2024-05-27 17:33:40,028 - INFO - Test loss   : 0.3578
2024-05-27 17:33:40,029 - INFO - 
Epoch	25
2024-05-27 17:34:43,433 - INFO - [41984/42490]	Loss  : 0.7473
2024-05-27 17:34:44,876 - INFO - Test loss   : 0.3576
2024-05-27 17:34:44,876 - INFO - 
Epoch	26
2024-05-27 17:35:47,492 - INFO - [41984/42490]	Loss  : 0.7467
2024-05-27 17:35:48,936 - INFO - Test loss   : 0.3607
2024-05-27 17:35:48,936 - INFO - 
Epoch	27
2024-05-27 17:36:51,562 - INFO - [41984/42490]	Loss  : 0.7439
2024-05-27 17:36:52,993 - INFO - Test loss   : 0.3598
2024-05-27 17:36:52,993 - INFO - 
Epoch	28
2024-05-27 17:37:55,754 - INFO - [41984/42490]	Loss  : 0.7426
2024-05-27 17:37:57,218 - INFO - Test loss   : 0.3619
2024-05-27 17:37:57,218 - INFO - 
Epoch	29
2024-05-27 17:39:00,838 - INFO - [41984/42490]	Loss  : 0.7404
2024-05-27 17:39:02,281 - INFO - Test loss   : 0.3581
2024-05-27 17:39:02,281 - INFO - Saving output model to ../models/wrap/model_birdsnap_ebird_meta_wrap_inception_v3_0.0050_64_0.0001000_1_512.pth.tar
2024-05-27 17:39:02,359 - INFO - Saving output model to ../models/wrap/model_birdsnap_ebird_meta_wrap_inception_v3_0.0050_64_0.0001000_1_512.pth.tar
2024-05-27 17:39:02,430 - INFO - 
No prior
2024-05-27 17:39:02,431 - INFO - (2262,)
2024-05-27 17:39:02,487 - INFO -  Split ID: 0
2024-05-27 17:39:02,487 - INFO -  Top 1	acc (%):   70.07
2024-05-27 17:39:02,487 - INFO -  Top 3	acc (%):   86.6
2024-05-27 17:39:02,487 - INFO -  Top 5	acc (%):   90.05
2024-05-27 17:39:02,487 - INFO -  Top 10	acc (%):   92.88
2024-05-27 17:39:04,909 - INFO -  Split ID: 0
2024-05-27 17:39:04,909 - INFO -  Top 1	acc (%):   78.91
2024-05-27 17:39:04,909 - INFO -  Top 3	acc (%):   91.11
2024-05-27 17:39:04,909 - INFO -  Top 5	acc (%):   93.37
2024-05-27 17:39:04,909 - INFO -  Top 10	acc (%):   95.8
2024-05-27 17:39:04,909 - INFO - 
Only wrap
2024-05-27 17:39:04,909 - INFO -  Model :	model_birdsnap_ebird_meta_wrap_inception_v3_0.0050_64_0.0001000_1_512.pth.tar
2024-05-27 17:39:04,937 - INFO - (980,)
2024-05-27 17:39:04,977 - INFO -  Split ID: 0
2024-05-27 17:39:04,978 - INFO -  Top 1	LocEnc acc (%):   4.08
2024-05-27 17:39:04,978 - INFO -  Top 3	LocEnc acc (%):   11.12
2024-05-27 17:39:04,978 - INFO -  Top 5	LocEnc acc (%):   15.51
2024-05-27 17:39:04,978 - INFO -  Top 10	LocEnc acc (%):   25.31
