2024-05-20 17:47:11,971 - INFO - 
num_classes	500
2024-05-20 17:47:11,971 - INFO - num train    	19133
2024-05-20 17:47:11,971 - INFO - num val      	443
2024-05-20 17:47:11,971 - INFO - train loss   	full_loss
2024-05-20 17:47:11,971 - INFO - model name   	../models/wrap/model_birdsnap_orig_meta_wrap_inception_v3_0.0010_64_0.0500000_1_512.pth.tar
2024-05-20 17:47:11,971 - INFO - num users    	2872
2024-05-20 17:47:11,971 - INFO - meta data    	orig_meta
2024-05-20 17:47:12,173 - INFO - 
Epoch	0
2024-05-20 17:47:21,543 - INFO - [18432/19133]	Loss  : 1.6832
2024-05-20 17:47:21,753 - INFO - Test loss   : 0.8152
2024-05-20 17:47:21,753 - INFO - 
Epoch	1
2024-05-20 17:47:30,526 - INFO - [18432/19133]	Loss  : 1.4002
2024-05-20 17:47:30,730 - INFO - Test loss   : 0.7053
2024-05-20 17:47:30,730 - INFO - 
Epoch	2
2024-05-20 17:47:40,036 - INFO - [18432/19133]	Loss  : 1.3258
2024-05-20 17:47:40,254 - INFO - Test loss   : 0.6400
2024-05-20 17:47:40,254 - INFO - 
Epoch	3
2024-05-20 17:47:48,995 - INFO - [18432/19133]	Loss  : 1.2163
2024-05-20 17:47:49,212 - INFO - Test loss   : 0.5191
2024-05-20 17:47:49,212 - INFO - 
Epoch	4
2024-05-20 17:47:57,295 - INFO - [18432/19133]	Loss  : 1.1351
2024-05-20 17:47:57,537 - INFO - Test loss   : 0.5068
2024-05-20 17:47:57,537 - INFO - 
Epoch	5
2024-05-20 17:48:07,695 - INFO - [18432/19133]	Loss  : 1.0971
2024-05-20 17:48:07,902 - INFO - Test loss   : 0.5034
2024-05-20 17:48:07,902 - INFO - 
Epoch	6
2024-05-20 17:48:17,148 - INFO - [18432/19133]	Loss  : 1.0753
2024-05-20 17:48:17,365 - INFO - Test loss   : 0.4888
2024-05-20 17:48:17,365 - INFO - 
Epoch	7
2024-05-20 17:48:26,158 - INFO - [18432/19133]	Loss  : 1.0594
2024-05-20 17:48:26,375 - INFO - Test loss   : 0.5058
2024-05-20 17:48:26,375 - INFO - 
Epoch	8
2024-05-20 17:48:35,619 - INFO - [18432/19133]	Loss  : 1.0445
2024-05-20 17:48:35,829 - INFO - Test loss   : 0.4817
2024-05-20 17:48:35,829 - INFO - 
Epoch	9
2024-05-20 17:48:44,599 - INFO - [18432/19133]	Loss  : 1.0346
2024-05-20 17:48:44,817 - INFO - Test loss   : 0.4911
2024-05-20 17:48:44,817 - INFO - 
Epoch	10
2024-05-20 17:48:54,068 - INFO - [18432/19133]	Loss  : 1.0210
2024-05-20 17:48:54,285 - INFO - Test loss   : 0.4881
2024-05-20 17:48:54,293 - INFO - (443,)
2024-05-20 17:48:54,310 - INFO -  Split ID: 0
2024-05-20 17:48:54,310 - INFO -  Top 1	LocEnc (Epoch 10)acc (%):   2.26
2024-05-20 17:48:54,310 - INFO -  Top 3	LocEnc (Epoch 10)acc (%):   8.13
2024-05-20 17:48:54,310 - INFO -  Top 5	LocEnc (Epoch 10)acc (%):   10.38
2024-05-20 17:48:54,310 - INFO -  Top 10	LocEnc (Epoch 10)acc (%):   15.58
2024-05-20 17:48:54,311 - INFO - 
No prior
2024-05-20 17:48:54,312 - INFO - (2262,)
2024-05-20 17:48:54,363 - INFO -  Split ID: 0
2024-05-20 17:48:54,363 - INFO -  Top 1	(Epoch 10)acc (%):   70.07
2024-05-20 17:48:54,363 - INFO -  Top 3	(Epoch 10)acc (%):   86.6
2024-05-20 17:48:54,363 - INFO -  Top 5	(Epoch 10)acc (%):   90.05
2024-05-20 17:48:54,363 - INFO -  Top 10	(Epoch 10)acc (%):   92.88
2024-05-20 17:48:55,048 - INFO -  Split ID: 0
2024-05-20 17:48:55,048 - INFO -  Top 1	(Epoch 10)acc (%):   71.49
2024-05-20 17:48:55,050 - INFO -  Top 3	(Epoch 10)acc (%):   86.56
2024-05-20 17:48:55,050 - INFO -  Top 5	(Epoch 10)acc (%):   90.14
2024-05-20 17:48:55,050 - INFO -  Top 10	(Epoch 10)acc (%):   93.28
2024-05-20 17:48:55,050 - INFO - 
Epoch	11
2024-05-20 17:49:03,857 - INFO - [18432/19133]	Loss  : 1.0127
2024-05-20 17:49:04,063 - INFO - Test loss   : 0.4965
2024-05-20 17:49:04,063 - INFO - 
Epoch	12
2024-05-20 17:49:13,219 - INFO - [18432/19133]	Loss  : 1.0008
2024-05-20 17:49:13,436 - INFO - Test loss   : 0.4849
2024-05-20 17:49:13,437 - INFO - 
Epoch	13
2024-05-20 17:49:22,468 - INFO - [18432/19133]	Loss  : 0.9882
2024-05-20 17:49:22,674 - INFO - Test loss   : 0.4999
2024-05-20 17:49:22,674 - INFO - 
Epoch	14
2024-05-20 17:49:31,924 - INFO - [18432/19133]	Loss  : 0.9806
2024-05-20 17:49:32,133 - INFO - Test loss   : 0.4920
2024-05-20 17:49:32,133 - INFO - 
Epoch	15
2024-05-20 17:49:40,929 - INFO - [18432/19133]	Loss  : 0.9721
2024-05-20 17:49:41,146 - INFO - Test loss   : 0.5046
2024-05-20 17:49:41,146 - INFO - 
Epoch	16
2024-05-20 17:49:50,384 - INFO - [18432/19133]	Loss  : 0.9642
2024-05-20 17:49:50,591 - INFO - Test loss   : 0.5042
2024-05-20 17:49:50,591 - INFO - 
Epoch	17
2024-05-20 17:49:59,377 - INFO - [18432/19133]	Loss  : 0.9578
2024-05-20 17:49:59,594 - INFO - Test loss   : 0.5021
2024-05-20 17:49:59,594 - INFO - 
Epoch	18
2024-05-20 17:50:08,896 - INFO - [18432/19133]	Loss  : 0.9500
2024-05-20 17:50:09,099 - INFO - Test loss   : 0.5064
2024-05-20 17:50:09,100 - INFO - 
Epoch	19
2024-05-20 17:50:17,835 - INFO - [18432/19133]	Loss  : 0.9466
2024-05-20 17:50:18,044 - INFO - Test loss   : 0.5012
2024-05-20 17:50:18,044 - INFO - 
Epoch	20
2024-05-20 17:50:27,316 - INFO - [18432/19133]	Loss  : 0.9400
2024-05-20 17:50:27,526 - INFO - Test loss   : 0.5138
2024-05-20 17:50:27,529 - INFO - (443,)
2024-05-20 17:50:27,544 - INFO -  Split ID: 0
2024-05-20 17:50:27,544 - INFO -  Top 1	LocEnc (Epoch 20)acc (%):   2.93
2024-05-20 17:50:27,544 - INFO -  Top 3	LocEnc (Epoch 20)acc (%):   8.8
2024-05-20 17:50:27,545 - INFO -  Top 5	LocEnc (Epoch 20)acc (%):   11.51
2024-05-20 17:50:27,545 - INFO -  Top 10	LocEnc (Epoch 20)acc (%):   17.38
2024-05-20 17:50:27,545 - INFO - 
No prior
2024-05-20 17:50:27,545 - INFO - (2262,)
2024-05-20 17:50:27,595 - INFO -  Split ID: 0
2024-05-20 17:50:27,595 - INFO -  Top 1	(Epoch 20)acc (%):   70.07
2024-05-20 17:50:27,595 - INFO -  Top 3	(Epoch 20)acc (%):   86.6
2024-05-20 17:50:27,595 - INFO -  Top 5	(Epoch 20)acc (%):   90.05
2024-05-20 17:50:27,595 - INFO -  Top 10	(Epoch 20)acc (%):   92.88
2024-05-20 17:50:28,278 - INFO -  Split ID: 0
2024-05-20 17:50:28,278 - INFO -  Top 1	(Epoch 20)acc (%):   71.88
2024-05-20 17:50:28,278 - INFO -  Top 3	(Epoch 20)acc (%):   86.87
2024-05-20 17:50:28,278 - INFO -  Top 5	(Epoch 20)acc (%):   90.1
2024-05-20 17:50:28,278 - INFO -  Top 10	(Epoch 20)acc (%):   93.28
2024-05-20 17:50:28,278 - INFO - 
Epoch	21
2024-05-20 17:50:37,267 - INFO - [18432/19133]	Loss  : 0.9342
2024-05-20 17:50:37,474 - INFO - Test loss   : 0.5076
2024-05-20 17:50:37,474 - INFO - 
Epoch	22
2024-05-20 17:50:46,725 - INFO - [18432/19133]	Loss  : 0.9314
2024-05-20 17:50:46,976 - INFO - Test loss   : 0.5313
2024-05-20 17:50:46,976 - INFO - 
Epoch	23
2024-05-20 17:50:56,284 - INFO - [18432/19133]	Loss  : 0.9261
2024-05-20 17:50:56,490 - INFO - Test loss   : 0.5237
2024-05-20 17:50:56,491 - INFO - 
Epoch	24
2024-05-20 17:51:05,275 - INFO - [18432/19133]	Loss  : 0.9220
2024-05-20 17:51:05,483 - INFO - Test loss   : 0.5226
2024-05-20 17:51:05,483 - INFO - 
Epoch	25
2024-05-20 17:51:14,780 - INFO - [18432/19133]	Loss  : 0.9199
2024-05-20 17:51:14,997 - INFO - Test loss   : 0.5252
2024-05-20 17:51:14,997 - INFO - 
Epoch	26
2024-05-20 17:51:23,679 - INFO - [18432/19133]	Loss  : 0.9135
2024-05-20 17:51:23,897 - INFO - Test loss   : 0.5280
2024-05-20 17:51:23,897 - INFO - 
Epoch	27
2024-05-20 17:51:33,136 - INFO - [18432/19133]	Loss  : 0.9098
2024-05-20 17:51:33,353 - INFO - Test loss   : 0.5412
2024-05-20 17:51:33,353 - INFO - 
Epoch	28
2024-05-20 17:51:42,055 - INFO - [18432/19133]	Loss  : 0.9046
2024-05-20 17:51:42,273 - INFO - Test loss   : 0.5448
2024-05-20 17:51:42,273 - INFO - 
Epoch	29
2024-05-20 17:51:51,505 - INFO - [18432/19133]	Loss  : 0.9030
2024-05-20 17:51:51,721 - INFO - Test loss   : 0.5418
2024-05-20 17:51:51,721 - INFO - Saving output model to ../models/wrap/model_birdsnap_orig_meta_wrap_inception_v3_0.0010_64_0.0500000_1_512.pth.tar
2024-05-20 17:51:51,740 - INFO - Saving output model to ../models/wrap/model_birdsnap_orig_meta_wrap_inception_v3_0.0010_64_0.0500000_1_512.pth.tar
2024-05-20 17:51:51,785 - INFO - 
No prior
2024-05-20 17:51:51,787 - INFO - (2262,)
2024-05-20 17:51:51,836 - INFO -  Split ID: 0
2024-05-20 17:51:51,837 - INFO -  Top 1	acc (%):   70.07
2024-05-20 17:51:51,837 - INFO -  Top 3	acc (%):   86.6
2024-05-20 17:51:51,837 - INFO -  Top 5	acc (%):   90.05
2024-05-20 17:51:51,837 - INFO -  Top 10	acc (%):   92.88
2024-05-20 17:51:52,530 - INFO -  Split ID: 0
2024-05-20 17:51:52,530 - INFO -  Top 1	acc (%):   72.06
2024-05-20 17:51:52,530 - INFO -  Top 3	acc (%):   86.83
2024-05-20 17:51:52,530 - INFO -  Top 5	acc (%):   89.96
2024-05-20 17:51:52,530 - INFO -  Top 10	acc (%):   93.37
2024-05-20 17:51:52,530 - INFO - 
wrap
2024-05-20 17:51:52,530 - INFO -  Model :	model_birdsnap_orig_meta_wrap_inception_v3_0.0010_64_0.0500000_1_512.pth.tar
2024-05-20 17:51:52,550 - INFO - (443,)
2024-05-20 17:51:52,565 - INFO -  Split ID: 0
2024-05-20 17:51:52,565 - INFO -  Top 1	LocEnc acc (%):   3.39
2024-05-20 17:51:52,565 - INFO -  Top 3	LocEnc acc (%):   8.58
2024-05-20 17:51:52,565 - INFO -  Top 5	LocEnc acc (%):   12.19
2024-05-20 17:51:52,565 - INFO -  Top 10	LocEnc acc (%):   18.06
2024-05-25 11:59:17,134 - INFO - 
num_classes	500
2024-05-25 11:59:17,165 - INFO - num train    	19133
2024-05-25 11:59:17,165 - INFO - num val      	443
2024-05-25 11:59:17,165 - INFO - train loss   	full_loss
2024-05-25 11:59:17,165 - INFO - model name   	../models/wrap/model_birdsnap_orig_meta_wrap_inception_v3_0.0010_64_0.0500000_1_512.pth.tar
2024-05-25 11:59:17,165 - INFO - num users    	2872
2024-05-25 11:59:17,165 - INFO - meta data    	orig_meta
2024-05-25 11:59:18,045 - INFO - 
Epoch	0
2024-05-25 11:59:19,786 - INFO - [18432/19133]	Loss  : 1.6953
2024-05-25 11:59:19,807 - INFO - Test loss   : 0.8172
2024-05-25 11:59:19,807 - INFO - 
Epoch	1
2024-05-25 11:59:20,983 - INFO - [18432/19133]	Loss  : 1.3941
2024-05-25 11:59:21,004 - INFO - Test loss   : 0.7088
2024-05-25 11:59:21,004 - INFO - 
Epoch	2
2024-05-25 11:59:22,354 - INFO - [18432/19133]	Loss  : 1.3159
2024-05-25 11:59:22,375 - INFO - Test loss   : 0.6514
2024-05-25 11:59:22,376 - INFO - 
Epoch	3
2024-05-25 11:59:23,654 - INFO - [18432/19133]	Loss  : 1.2064
2024-05-25 11:59:23,675 - INFO - Test loss   : 0.5159
2024-05-25 11:59:23,675 - INFO - 
Epoch	4
2024-05-25 11:59:24,855 - INFO - [18432/19133]	Loss  : 1.1317
2024-05-25 11:59:24,875 - INFO - Test loss   : 0.5071
2024-05-25 11:59:24,876 - INFO - 
Epoch	5
2024-05-25 11:59:25,949 - INFO - [18432/19133]	Loss  : 1.0993
2024-05-25 11:59:25,970 - INFO - Test loss   : 0.4972
2024-05-25 11:59:25,970 - INFO - 
Epoch	6
2024-05-25 11:59:26,999 - INFO - [18432/19133]	Loss  : 1.0734
2024-05-25 11:59:27,020 - INFO - Test loss   : 0.4985
2024-05-25 11:59:27,020 - INFO - 
Epoch	7
2024-05-25 11:59:28,301 - INFO - [18432/19133]	Loss  : 1.0579
2024-05-25 11:59:28,322 - INFO - Test loss   : 0.5044
2024-05-25 11:59:28,322 - INFO - 
Epoch	8
2024-05-25 11:59:29,495 - INFO - [18432/19133]	Loss  : 1.0437
2024-05-25 11:59:29,516 - INFO - Test loss   : 0.4904
2024-05-25 11:59:29,516 - INFO - 
Epoch	9
2024-05-25 11:59:30,689 - INFO - [18432/19133]	Loss  : 1.0324
2024-05-25 11:59:30,925 - INFO - Test loss   : 0.5005
2024-05-25 11:59:30,925 - INFO - 
Epoch	10
2024-05-25 11:59:32,177 - INFO - [18432/19133]	Loss  : 1.0212
2024-05-25 11:59:32,198 - INFO - Test loss   : 0.4905
2024-05-25 11:59:32,212 - INFO - (443,)
2024-05-25 11:59:32,229 - INFO -  Split ID: 0
2024-05-25 11:59:32,229 - INFO -  Top 1	LocEnc (Epoch 10)acc (%):   1.81
2024-05-25 11:59:32,229 - INFO -  Top 3	LocEnc (Epoch 10)acc (%):   5.87
2024-05-25 11:59:32,229 - INFO -  Top 5	LocEnc (Epoch 10)acc (%):   10.61
2024-05-25 11:59:32,229 - INFO -  Top 10	LocEnc (Epoch 10)acc (%):   14.45
2024-05-25 11:59:32,229 - INFO - 
No prior
2024-05-25 11:59:32,230 - INFO - (2262,)
2024-05-25 11:59:32,282 - INFO -  Split ID: 0
2024-05-25 11:59:32,282 - INFO -  Top 1	(Epoch 10)acc (%):   70.07
2024-05-25 11:59:32,282 - INFO -  Top 3	(Epoch 10)acc (%):   86.6
2024-05-25 11:59:32,282 - INFO -  Top 5	(Epoch 10)acc (%):   90.05
2024-05-25 11:59:32,282 - INFO -  Top 10	(Epoch 10)acc (%):   92.88
2024-05-25 11:59:33,161 - INFO -  Split ID: 0
2024-05-25 11:59:33,161 - INFO -  Top 1	(Epoch 10)acc (%):   71.4
2024-05-25 11:59:33,161 - INFO -  Top 3	(Epoch 10)acc (%):   86.74
2024-05-25 11:59:33,161 - INFO -  Top 5	(Epoch 10)acc (%):   90.1
2024-05-25 11:59:33,161 - INFO -  Top 10	(Epoch 10)acc (%):   93.32
2024-05-25 11:59:33,161 - INFO - 
Epoch	11
2024-05-25 11:59:34,334 - INFO - [18432/19133]	Loss  : 1.0113
2024-05-25 11:59:34,355 - INFO - Test loss   : 0.4961
2024-05-25 11:59:34,355 - INFO - 
Epoch	12
2024-05-25 11:59:35,539 - INFO - [18432/19133]	Loss  : 0.9997
2024-05-25 11:59:35,560 - INFO - Test loss   : 0.4998
2024-05-25 11:59:35,560 - INFO - 
Epoch	13
2024-05-25 11:59:36,596 - INFO - [18432/19133]	Loss  : 0.9925
2024-05-25 11:59:36,617 - INFO - Test loss   : 0.4928
2024-05-25 11:59:36,617 - INFO - 
Epoch	14
2024-05-25 11:59:37,792 - INFO - [18432/19133]	Loss  : 0.9817
2024-05-25 11:59:37,813 - INFO - Test loss   : 0.5034
2024-05-25 11:59:37,813 - INFO - 
Epoch	15
2024-05-25 11:59:38,986 - INFO - [18432/19133]	Loss  : 0.9772
2024-05-25 11:59:39,007 - INFO - Test loss   : 0.4978
2024-05-25 11:59:39,007 - INFO - 
Epoch	16
2024-05-25 11:59:40,402 - INFO - [18432/19133]	Loss  : 0.9697
2024-05-25 11:59:40,423 - INFO - Test loss   : 0.5012
2024-05-25 11:59:40,423 - INFO - 
Epoch	17
2024-05-25 11:59:41,669 - INFO - [18432/19133]	Loss  : 0.9623
2024-05-25 11:59:41,690 - INFO - Test loss   : 0.4967
2024-05-25 11:59:41,690 - INFO - 
Epoch	18
2024-05-25 11:59:42,867 - INFO - [18432/19133]	Loss  : 0.9565
2024-05-25 11:59:42,888 - INFO - Test loss   : 0.5013
2024-05-25 11:59:42,888 - INFO - 
Epoch	19
2024-05-25 11:59:44,274 - INFO - [18432/19133]	Loss  : 0.9490
2024-05-25 11:59:44,295 - INFO - Test loss   : 0.5008
2024-05-25 11:59:44,295 - INFO - 
Epoch	20
2024-05-25 11:59:45,657 - INFO - [18432/19133]	Loss  : 0.9462
2024-05-25 11:59:45,678 - INFO - Test loss   : 0.5048
2024-05-25 11:59:45,680 - INFO - (443,)
2024-05-25 11:59:45,695 - INFO -  Split ID: 0
2024-05-25 11:59:45,695 - INFO -  Top 1	LocEnc (Epoch 20)acc (%):   4.74
2024-05-25 11:59:45,695 - INFO -  Top 3	LocEnc (Epoch 20)acc (%):   7.45
2024-05-25 11:59:45,695 - INFO -  Top 5	LocEnc (Epoch 20)acc (%):   10.84
2024-05-25 11:59:45,695 - INFO -  Top 10	LocEnc (Epoch 20)acc (%):   17.16
2024-05-25 11:59:45,695 - INFO - 
No prior
2024-05-25 11:59:45,696 - INFO - (2262,)
2024-05-25 11:59:45,746 - INFO -  Split ID: 0
2024-05-25 11:59:45,747 - INFO -  Top 1	(Epoch 20)acc (%):   70.07
2024-05-25 11:59:45,747 - INFO -  Top 3	(Epoch 20)acc (%):   86.6
2024-05-25 11:59:45,747 - INFO -  Top 5	(Epoch 20)acc (%):   90.05
2024-05-25 11:59:45,747 - INFO -  Top 10	(Epoch 20)acc (%):   92.88
2024-05-25 11:59:46,424 - INFO -  Split ID: 0
2024-05-25 11:59:46,424 - INFO -  Top 1	(Epoch 20)acc (%):   71.57
2024-05-25 11:59:46,424 - INFO -  Top 3	(Epoch 20)acc (%):   86.78
2024-05-25 11:59:46,424 - INFO -  Top 5	(Epoch 20)acc (%):   90.05
2024-05-25 11:59:46,425 - INFO -  Top 10	(Epoch 20)acc (%):   93.24
2024-05-25 11:59:46,425 - INFO - 
Epoch	21
2024-05-25 11:59:47,399 - INFO - [18432/19133]	Loss  : 0.9413
2024-05-25 11:59:47,516 - INFO - Test loss   : 0.5122
2024-05-25 11:59:47,516 - INFO - 
Epoch	22
2024-05-25 11:59:48,692 - INFO - [18432/19133]	Loss  : 0.9334
2024-05-25 11:59:48,713 - INFO - Test loss   : 0.5126
2024-05-25 11:59:48,713 - INFO - 
Epoch	23
2024-05-25 11:59:49,999 - INFO - [18432/19133]	Loss  : 0.9322
2024-05-25 11:59:50,020 - INFO - Test loss   : 0.5102
2024-05-25 11:59:50,020 - INFO - 
Epoch	24
2024-05-25 11:59:51,215 - INFO - [18432/19133]	Loss  : 0.9268
2024-05-25 11:59:51,238 - INFO - Test loss   : 0.5035
2024-05-25 11:59:51,238 - INFO - 
Epoch	25
2024-05-25 11:59:52,623 - INFO - [18432/19133]	Loss  : 0.9236
2024-05-25 11:59:52,643 - INFO - Test loss   : 0.5105
2024-05-25 11:59:52,643 - INFO - 
Epoch	26
2024-05-25 11:59:53,820 - INFO - [18432/19133]	Loss  : 0.9189
2024-05-25 11:59:53,841 - INFO - Test loss   : 0.5216
2024-05-25 11:59:53,841 - INFO - 
Epoch	27
2024-05-25 11:59:55,091 - INFO - [18432/19133]	Loss  : 0.9148
2024-05-25 11:59:55,112 - INFO - Test loss   : 0.5147
2024-05-25 11:59:55,112 - INFO - 
Epoch	28
2024-05-25 11:59:56,286 - INFO - [18432/19133]	Loss  : 0.9134
2024-05-25 11:59:56,307 - INFO - Test loss   : 0.5157
2024-05-25 11:59:56,307 - INFO - 
Epoch	29
2024-05-25 11:59:57,266 - INFO - [18432/19133]	Loss  : 0.9094
2024-05-25 11:59:57,287 - INFO - Test loss   : 0.5266
2024-05-25 11:59:57,287 - INFO - Saving output model to ../models/wrap/model_birdsnap_orig_meta_wrap_inception_v3_0.0010_64_0.0500000_1_512.pth.tar
2024-05-25 11:59:57,355 - INFO - Saving output model to ../models/wrap/model_birdsnap_orig_meta_wrap_inception_v3_0.0010_64_0.0500000_1_512.pth.tar
2024-05-25 11:59:57,408 - INFO - 
No prior
2024-05-25 11:59:57,409 - INFO - (2262,)
2024-05-25 11:59:57,459 - INFO -  Split ID: 0
2024-05-25 11:59:57,459 - INFO -  Top 1	acc (%):   70.07
2024-05-25 11:59:57,459 - INFO -  Top 3	acc (%):   86.6
2024-05-25 11:59:57,459 - INFO -  Top 5	acc (%):   90.05
2024-05-25 11:59:57,459 - INFO -  Top 10	acc (%):   92.88
2024-05-25 11:59:58,333 - INFO -  Split ID: 0
2024-05-25 11:59:58,333 - INFO -  Top 1	acc (%):   71.75
2024-05-25 11:59:58,333 - INFO -  Top 3	acc (%):   86.78
2024-05-25 11:59:58,334 - INFO -  Top 5	acc (%):   90.05
2024-05-25 11:59:58,334 - INFO -  Top 10	acc (%):   93.37
2024-05-25 11:59:58,334 - INFO - 
Only wrap
2024-05-25 11:59:58,334 - INFO -  Model :	model_birdsnap_orig_meta_wrap_inception_v3_0.0010_64_0.0500000_1_512.pth.tar
2024-05-25 11:59:58,345 - INFO - (443,)
2024-05-25 11:59:58,360 - INFO -  Split ID: 0
2024-05-25 11:59:58,360 - INFO -  Top 1	LocEnc acc (%):   4.29
2024-05-25 11:59:58,360 - INFO -  Top 3	LocEnc acc (%):   9.03
2024-05-25 11:59:58,360 - INFO -  Top 5	LocEnc acc (%):   11.74
2024-05-25 11:59:58,360 - INFO -  Top 10	LocEnc acc (%):   18.06
2024-05-25 12:03:33,041 - INFO - 
num_classes	500
2024-05-25 12:03:33,041 - INFO - num train    	19133
2024-05-25 12:03:33,041 - INFO - num val      	443
2024-05-25 12:03:33,041 - INFO - train loss   	full_loss
2024-05-25 12:03:33,041 - INFO - model name   	../models/wrap/model_birdsnap_orig_meta_wrap_inception_v3_0.0010_64_0.0500000_1_512.pth.tar
2024-05-25 12:03:33,041 - INFO - num users    	2872
2024-05-25 12:03:33,041 - INFO - meta data    	orig_meta
2024-05-25 12:03:33,917 - INFO - 
Epoch	0
2024-05-25 12:03:35,668 - INFO - [18432/19133]	Loss  : 1.6984
2024-05-25 12:03:35,689 - INFO - Test loss   : 0.8274
2024-05-25 12:03:35,689 - INFO - 
Epoch	1
2024-05-25 12:03:36,870 - INFO - [18432/19133]	Loss  : 1.4011
2024-05-25 12:03:36,891 - INFO - Test loss   : 0.7020
2024-05-25 12:03:36,891 - INFO - 
Epoch	2
2024-05-25 12:03:38,145 - INFO - [18432/19133]	Loss  : 1.3196
2024-05-25 12:03:38,166 - INFO - Test loss   : 0.6271
2024-05-25 12:03:38,166 - INFO - 
Epoch	3
2024-05-25 12:03:39,345 - INFO - [18432/19133]	Loss  : 1.2119
2024-05-25 12:03:39,367 - INFO - Test loss   : 0.5298
2024-05-25 12:03:39,367 - INFO - 
Epoch	4
2024-05-25 12:03:40,334 - INFO - [18432/19133]	Loss  : 1.1404
2024-05-25 12:03:40,356 - INFO - Test loss   : 0.5074
2024-05-25 12:03:40,356 - INFO - 
Epoch	5
2024-05-25 12:03:41,651 - INFO - [18432/19133]	Loss  : 1.1031
2024-05-25 12:03:41,672 - INFO - Test loss   : 0.5026
2024-05-25 12:03:41,672 - INFO - 
Epoch	6
2024-05-25 12:03:43,017 - INFO - [18432/19133]	Loss  : 1.0785
2024-05-25 12:03:43,038 - INFO - Test loss   : 0.4953
2024-05-25 12:03:43,038 - INFO - 
Epoch	7
2024-05-25 12:03:44,218 - INFO - [18432/19133]	Loss  : 1.0601
2024-05-25 12:03:44,239 - INFO - Test loss   : 0.4921
2024-05-25 12:03:44,239 - INFO - 
Epoch	8
2024-05-25 12:03:45,516 - INFO - [18432/19133]	Loss  : 1.0448
2024-05-25 12:03:45,537 - INFO - Test loss   : 0.4944
2024-05-25 12:03:45,537 - INFO - 
Epoch	9
2024-05-25 12:03:46,810 - INFO - [18432/19133]	Loss  : 1.0321
2024-05-25 12:03:46,831 - INFO - Test loss   : 0.4841
2024-05-25 12:03:46,831 - INFO - 
Epoch	10
2024-05-25 12:03:48,185 - INFO - [18432/19133]	Loss  : 1.0212
2024-05-25 12:03:48,206 - INFO - Test loss   : 0.4888
2024-05-25 12:03:48,221 - INFO - (443,)
2024-05-25 12:03:48,238 - INFO -  Split ID: 0
2024-05-25 12:03:48,238 - INFO -  Top 1	LocEnc (Epoch 10)acc (%):   1.58
2024-05-25 12:03:48,238 - INFO -  Top 3	LocEnc (Epoch 10)acc (%):   5.87
2024-05-25 12:03:48,238 - INFO -  Top 5	LocEnc (Epoch 10)acc (%):   8.35
2024-05-25 12:03:48,238 - INFO -  Top 10	LocEnc (Epoch 10)acc (%):   15.8
2024-05-25 12:03:48,238 - INFO - 
No prior
2024-05-25 12:03:48,239 - INFO - (2262,)
2024-05-25 12:03:48,291 - INFO -  Split ID: 0
2024-05-25 12:03:48,292 - INFO -  Top 1	(Epoch 10)acc (%):   70.07
2024-05-25 12:03:48,292 - INFO -  Top 3	(Epoch 10)acc (%):   86.6
2024-05-25 12:03:48,292 - INFO -  Top 5	(Epoch 10)acc (%):   90.05
2024-05-25 12:03:48,292 - INFO -  Top 10	(Epoch 10)acc (%):   92.88
2024-05-25 12:03:48,977 - INFO -  Split ID: 0
2024-05-25 12:03:48,977 - INFO -  Top 1	(Epoch 10)acc (%):   71.4
2024-05-25 12:03:48,977 - INFO -  Top 3	(Epoch 10)acc (%):   86.74
2024-05-25 12:03:48,977 - INFO -  Top 5	(Epoch 10)acc (%):   90.01
2024-05-25 12:03:48,977 - INFO -  Top 10	(Epoch 10)acc (%):   93.24
2024-05-25 12:03:48,977 - INFO - 
Epoch	11
2024-05-25 12:03:49,945 - INFO - [18432/19133]	Loss  : 1.0113
2024-05-25 12:03:49,966 - INFO - Test loss   : 0.5065
2024-05-25 12:03:49,966 - INFO - 
Epoch	12
2024-05-25 12:03:51,150 - INFO - [18432/19133]	Loss  : 1.0000
2024-05-25 12:03:51,171 - INFO - Test loss   : 0.5102
2024-05-25 12:03:51,171 - INFO - 
Epoch	13
2024-05-25 12:03:52,639 - INFO - [18432/19133]	Loss  : 0.9908
2024-05-25 12:03:52,660 - INFO - Test loss   : 0.4975
2024-05-25 12:03:52,660 - INFO - 
Epoch	14
2024-05-25 12:03:53,835 - INFO - [18432/19133]	Loss  : 0.9826
2024-05-25 12:03:53,856 - INFO - Test loss   : 0.5134
2024-05-25 12:03:53,856 - INFO - 
Epoch	15
2024-05-25 12:03:55,035 - INFO - [18432/19133]	Loss  : 0.9747
2024-05-25 12:03:55,056 - INFO - Test loss   : 0.4930
2024-05-25 12:03:55,056 - INFO - 
Epoch	16
2024-05-25 12:03:56,242 - INFO - [18432/19133]	Loss  : 0.9679
2024-05-25 12:03:56,263 - INFO - Test loss   : 0.5044
2024-05-25 12:03:56,263 - INFO - 
Epoch	17
2024-05-25 12:03:57,747 - INFO - [18432/19133]	Loss  : 0.9615
2024-05-25 12:03:57,769 - INFO - Test loss   : 0.4965
2024-05-25 12:03:57,769 - INFO - 
Epoch	18
2024-05-25 12:03:58,960 - INFO - [18432/19133]	Loss  : 0.9585
2024-05-25 12:03:58,981 - INFO - Test loss   : 0.5027
2024-05-25 12:03:58,981 - INFO - 
Epoch	19
2024-05-25 12:03:59,953 - INFO - [18432/19133]	Loss  : 0.9530
2024-05-25 12:03:59,974 - INFO - Test loss   : 0.4980
2024-05-25 12:03:59,974 - INFO - 
Epoch	20
2024-05-25 12:04:01,166 - INFO - [18432/19133]	Loss  : 0.9466
2024-05-25 12:04:01,187 - INFO - Test loss   : 0.5078
2024-05-25 12:04:01,188 - INFO - (443,)
2024-05-25 12:04:01,204 - INFO -  Split ID: 0
2024-05-25 12:04:01,204 - INFO -  Top 1	LocEnc (Epoch 20)acc (%):   3.16
2024-05-25 12:04:01,204 - INFO -  Top 3	LocEnc (Epoch 20)acc (%):   8.13
2024-05-25 12:04:01,204 - INFO -  Top 5	LocEnc (Epoch 20)acc (%):   10.84
2024-05-25 12:04:01,204 - INFO -  Top 10	LocEnc (Epoch 20)acc (%):   17.38
2024-05-25 12:04:01,204 - INFO - 
No prior
2024-05-25 12:04:01,205 - INFO - (2262,)
2024-05-25 12:04:01,255 - INFO -  Split ID: 0
2024-05-25 12:04:01,255 - INFO -  Top 1	(Epoch 20)acc (%):   70.07
2024-05-25 12:04:01,255 - INFO -  Top 3	(Epoch 20)acc (%):   86.6
2024-05-25 12:04:01,255 - INFO -  Top 5	(Epoch 20)acc (%):   90.05
2024-05-25 12:04:01,255 - INFO -  Top 10	(Epoch 20)acc (%):   92.88
2024-05-25 12:04:02,131 - INFO -  Split ID: 0
2024-05-25 12:04:02,131 - INFO -  Top 1	(Epoch 20)acc (%):   71.66
2024-05-25 12:04:02,132 - INFO -  Top 3	(Epoch 20)acc (%):   86.87
2024-05-25 12:04:02,132 - INFO -  Top 5	(Epoch 20)acc (%):   90.05
2024-05-25 12:04:02,132 - INFO -  Top 10	(Epoch 20)acc (%):   93.24
2024-05-25 12:04:02,132 - INFO - 
Epoch	21
2024-05-25 12:04:03,303 - INFO - [18432/19133]	Loss  : 0.9424
2024-05-25 12:04:03,324 - INFO - Test loss   : 0.5032
2024-05-25 12:04:03,324 - INFO - 
Epoch	22
2024-05-25 12:04:04,511 - INFO - [18432/19133]	Loss  : 0.9346
2024-05-25 12:04:04,532 - INFO - Test loss   : 0.5109
2024-05-25 12:04:04,532 - INFO - 
Epoch	23
2024-05-25 12:04:05,929 - INFO - [18432/19133]	Loss  : 0.9318
2024-05-25 12:04:05,950 - INFO - Test loss   : 0.5093
2024-05-25 12:04:05,950 - INFO - 
Epoch	24
2024-05-25 12:04:07,193 - INFO - [18432/19133]	Loss  : 0.9255
2024-05-25 12:04:07,214 - INFO - Test loss   : 0.5102
2024-05-25 12:04:07,214 - INFO - 
Epoch	25
2024-05-25 12:04:08,394 - INFO - [18432/19133]	Loss  : 0.9237
2024-05-25 12:04:08,415 - INFO - Test loss   : 0.5172
2024-05-25 12:04:08,415 - INFO - 
Epoch	26
2024-05-25 12:04:09,600 - INFO - [18432/19133]	Loss  : 0.9190
2024-05-25 12:04:09,621 - INFO - Test loss   : 0.5227
2024-05-25 12:04:09,621 - INFO - 
Epoch	27
2024-05-25 12:04:10,667 - INFO - [18432/19133]	Loss  : 0.9160
2024-05-25 12:04:10,831 - INFO - Test loss   : 0.5133
2024-05-25 12:04:10,831 - INFO - 
Epoch	28
2024-05-25 12:04:12,084 - INFO - [18432/19133]	Loss  : 0.9126
2024-05-25 12:04:12,105 - INFO - Test loss   : 0.5250
2024-05-25 12:04:12,105 - INFO - 
Epoch	29
2024-05-25 12:04:13,289 - INFO - [18432/19133]	Loss  : 0.9076
2024-05-25 12:04:13,311 - INFO - Test loss   : 0.5135
2024-05-25 12:04:13,311 - INFO - Saving output model to ../models/wrap/model_birdsnap_orig_meta_wrap_inception_v3_0.0010_64_0.0500000_1_512.pth.tar
2024-05-25 12:04:13,364 - INFO - Saving output model to ../models/wrap/model_birdsnap_orig_meta_wrap_inception_v3_0.0010_64_0.0500000_1_512.pth.tar
2024-05-25 12:04:13,419 - INFO - 
No prior
2024-05-25 12:04:13,420 - INFO - (2262,)
2024-05-25 12:04:13,470 - INFO -  Split ID: 0
2024-05-25 12:04:13,470 - INFO -  Top 1	acc (%):   70.07
2024-05-25 12:04:13,470 - INFO -  Top 3	acc (%):   86.6
2024-05-25 12:04:13,470 - INFO -  Top 5	acc (%):   90.05
2024-05-25 12:04:13,470 - INFO -  Top 10	acc (%):   92.88
2024-05-25 12:04:14,297 - INFO -  Split ID: 0
2024-05-25 12:04:14,297 - INFO -  Top 1	acc (%):   71.79
2024-05-25 12:04:14,297 - INFO -  Top 3	acc (%):   86.87
2024-05-25 12:04:14,297 - INFO -  Top 5	acc (%):   90.14
2024-05-25 12:04:14,297 - INFO -  Top 10	acc (%):   93.28
2024-05-25 12:04:14,298 - INFO - 
Only wrap
2024-05-25 12:04:14,298 - INFO -  Model :	model_birdsnap_orig_meta_wrap_inception_v3_0.0010_64_0.0500000_1_512.pth.tar
2024-05-25 12:04:14,309 - INFO - (443,)
2024-05-25 12:04:14,325 - INFO -  Split ID: 0
2024-05-25 12:04:14,325 - INFO -  Top 1	LocEnc acc (%):   2.93
2024-05-25 12:04:14,325 - INFO -  Top 3	LocEnc acc (%):   8.35
2024-05-25 12:04:14,325 - INFO -  Top 5	LocEnc acc (%):   11.51
2024-05-25 12:04:14,325 - INFO -  Top 10	LocEnc acc (%):   17.38
2024-05-25 12:05:06,862 - INFO - 
num_classes	500
2024-05-25 12:05:06,862 - INFO - num train    	19133
2024-05-25 12:05:06,862 - INFO - num val      	443
2024-05-25 12:05:06,862 - INFO - train loss   	full_loss
2024-05-25 12:05:06,862 - INFO - model name   	../models/wrap/model_birdsnap_orig_meta_wrap_inception_v3_0.0010_64_0.0500000_1_512.pth.tar
2024-05-25 12:05:06,863 - INFO - num users    	2872
2024-05-25 12:05:06,863 - INFO - meta data    	orig_meta
2024-05-25 12:05:07,764 - INFO - 
Epoch	0
2024-05-25 12:05:09,524 - INFO - [18432/19133]	Loss  : 1.7079
2024-05-25 12:05:09,545 - INFO - Test loss   : 0.8000
2024-05-25 12:05:09,545 - INFO - 
Epoch	1
2024-05-25 12:05:10,506 - INFO - [18432/19133]	Loss  : 1.3982
2024-05-25 12:05:10,528 - INFO - Test loss   : 0.7040
2024-05-25 12:05:10,528 - INFO - 
Epoch	2
2024-05-25 12:05:11,742 - INFO - [18432/19133]	Loss  : 1.3236
2024-05-25 12:05:11,763 - INFO - Test loss   : 0.6444
2024-05-25 12:05:11,763 - INFO - 
Epoch	3
2024-05-25 12:05:12,950 - INFO - [18432/19133]	Loss  : 1.2207
2024-05-25 12:05:12,971 - INFO - Test loss   : 0.5333
2024-05-25 12:05:12,971 - INFO - 
Epoch	4
2024-05-25 12:05:14,261 - INFO - [18432/19133]	Loss  : 1.1417
2024-05-25 12:05:14,281 - INFO - Test loss   : 0.5053
2024-05-25 12:05:14,281 - INFO - 
Epoch	5
2024-05-25 12:05:15,469 - INFO - [18432/19133]	Loss  : 1.1036
2024-05-25 12:05:15,490 - INFO - Test loss   : 0.5016
2024-05-25 12:05:15,490 - INFO - 
Epoch	6
2024-05-25 12:05:16,843 - INFO - [18432/19133]	Loss  : 1.0807
2024-05-25 12:05:16,864 - INFO - Test loss   : 0.5030
2024-05-25 12:05:16,864 - INFO - 
Epoch	7
2024-05-25 12:05:18,150 - INFO - [18432/19133]	Loss  : 1.0615
2024-05-25 12:05:18,171 - INFO - Test loss   : 0.4863
2024-05-25 12:05:18,171 - INFO - 
Epoch	8
2024-05-25 12:05:19,338 - INFO - [18432/19133]	Loss  : 1.0526
2024-05-25 12:05:19,359 - INFO - Test loss   : 0.4964
2024-05-25 12:05:19,359 - INFO - 
Epoch	9
2024-05-25 12:05:20,316 - INFO - [18432/19133]	Loss  : 1.0395
2024-05-25 12:05:20,337 - INFO - Test loss   : 0.4789
2024-05-25 12:05:20,337 - INFO - 
Epoch	10
2024-05-25 12:05:21,593 - INFO - [18432/19133]	Loss  : 1.0252
2024-05-25 12:05:21,614 - INFO - Test loss   : 0.4875
2024-05-25 12:05:21,629 - INFO - (443,)
2024-05-25 12:05:21,646 - INFO -  Split ID: 0
2024-05-25 12:05:21,646 - INFO -  Top 1	LocEnc (Epoch 10)acc (%):   2.26
2024-05-25 12:05:21,646 - INFO -  Top 3	LocEnc (Epoch 10)acc (%):   7.0
2024-05-25 12:05:21,646 - INFO -  Top 5	LocEnc (Epoch 10)acc (%):   10.84
2024-05-25 12:05:21,646 - INFO -  Top 10	LocEnc (Epoch 10)acc (%):   15.35
2024-05-25 12:05:21,646 - INFO - 
No prior
2024-05-25 12:05:21,648 - INFO - (2262,)
2024-05-25 12:05:21,699 - INFO -  Split ID: 0
2024-05-25 12:05:21,699 - INFO -  Top 1	(Epoch 10)acc (%):   70.07
2024-05-25 12:05:21,699 - INFO -  Top 3	(Epoch 10)acc (%):   86.6
2024-05-25 12:05:21,699 - INFO -  Top 5	(Epoch 10)acc (%):   90.05
2024-05-25 12:05:21,699 - INFO -  Top 10	(Epoch 10)acc (%):   92.88
2024-05-25 12:05:22,528 - INFO -  Split ID: 0
2024-05-25 12:05:22,528 - INFO -  Top 1	(Epoch 10)acc (%):   71.26
2024-05-25 12:05:22,528 - INFO -  Top 3	(Epoch 10)acc (%):   86.6
2024-05-25 12:05:22,528 - INFO -  Top 5	(Epoch 10)acc (%):   90.1
2024-05-25 12:05:22,528 - INFO -  Top 10	(Epoch 10)acc (%):   93.28
2024-05-25 12:05:22,528 - INFO - 
Epoch	11
2024-05-25 12:05:23,817 - INFO - [18432/19133]	Loss  : 1.0139
2024-05-25 12:05:23,838 - INFO - Test loss   : 0.4965
2024-05-25 12:05:23,838 - INFO - 
Epoch	12
2024-05-25 12:05:25,010 - INFO - [18432/19133]	Loss  : 1.0065
2024-05-25 12:05:25,031 - INFO - Test loss   : 0.4749
2024-05-25 12:05:25,031 - INFO - 
Epoch	13
2024-05-25 12:05:26,388 - INFO - [18432/19133]	Loss  : 0.9974
2024-05-25 12:05:26,409 - INFO - Test loss   : 0.5018
2024-05-25 12:05:26,409 - INFO - 
Epoch	14
2024-05-25 12:05:27,587 - INFO - [18432/19133]	Loss  : 0.9864
2024-05-25 12:05:27,608 - INFO - Test loss   : 0.4860
2024-05-25 12:05:27,608 - INFO - 
Epoch	15
2024-05-25 12:05:28,782 - INFO - [18432/19133]	Loss  : 0.9796
2024-05-25 12:05:28,804 - INFO - Test loss   : 0.4880
2024-05-25 12:05:28,804 - INFO - 
Epoch	16
2024-05-25 12:05:29,979 - INFO - [18432/19133]	Loss  : 0.9731
2024-05-25 12:05:30,000 - INFO - Test loss   : 0.4924
2024-05-25 12:05:30,000 - INFO - 
Epoch	17
2024-05-25 12:05:31,036 - INFO - [18432/19133]	Loss  : 0.9672
2024-05-25 12:05:31,057 - INFO - Test loss   : 0.5080
2024-05-25 12:05:31,057 - INFO - 
Epoch	18
2024-05-25 12:05:32,243 - INFO - [18432/19133]	Loss  : 0.9633
2024-05-25 12:05:32,263 - INFO - Test loss   : 0.5121
2024-05-25 12:05:32,264 - INFO - 
Epoch	19
2024-05-25 12:05:33,449 - INFO - [18432/19133]	Loss  : 0.9544
2024-05-25 12:05:33,470 - INFO - Test loss   : 0.4987
2024-05-25 12:05:33,470 - INFO - 
Epoch	20
2024-05-25 12:05:34,729 - INFO - [18432/19133]	Loss  : 0.9482
2024-05-25 12:05:34,750 - INFO - Test loss   : 0.5122
2024-05-25 12:05:34,751 - INFO - (443,)
2024-05-25 12:05:34,766 - INFO -  Split ID: 0
2024-05-25 12:05:34,766 - INFO -  Top 1	LocEnc (Epoch 20)acc (%):   2.48
2024-05-25 12:05:34,766 - INFO -  Top 3	LocEnc (Epoch 20)acc (%):   7.45
2024-05-25 12:05:34,766 - INFO -  Top 5	LocEnc (Epoch 20)acc (%):   10.61
2024-05-25 12:05:34,766 - INFO -  Top 10	LocEnc (Epoch 20)acc (%):   18.06
2024-05-25 12:05:34,767 - INFO - 
No prior
2024-05-25 12:05:34,767 - INFO - (2262,)
2024-05-25 12:05:34,818 - INFO -  Split ID: 0
2024-05-25 12:05:34,819 - INFO -  Top 1	(Epoch 20)acc (%):   70.07
2024-05-25 12:05:34,819 - INFO -  Top 3	(Epoch 20)acc (%):   86.6
2024-05-25 12:05:34,819 - INFO -  Top 5	(Epoch 20)acc (%):   90.05
2024-05-25 12:05:34,819 - INFO -  Top 10	(Epoch 20)acc (%):   92.88
2024-05-25 12:05:35,673 - INFO -  Split ID: 0
2024-05-25 12:05:35,674 - INFO -  Top 1	(Epoch 20)acc (%):   71.71
2024-05-25 12:05:35,674 - INFO -  Top 3	(Epoch 20)acc (%):   86.91
2024-05-25 12:05:35,674 - INFO -  Top 5	(Epoch 20)acc (%):   90.05
2024-05-25 12:05:35,674 - INFO -  Top 10	(Epoch 20)acc (%):   93.28
2024-05-25 12:05:35,674 - INFO - 
Epoch	21
2024-05-25 12:05:37,090 - INFO - [18432/19133]	Loss  : 0.9436
2024-05-25 12:05:37,111 - INFO - Test loss   : 0.5082
2024-05-25 12:05:37,111 - INFO - 
Epoch	22
2024-05-25 12:05:38,074 - INFO - [18432/19133]	Loss  : 0.9385
2024-05-25 12:05:38,095 - INFO - Test loss   : 0.5084
2024-05-25 12:05:38,095 - INFO - 
Epoch	23
2024-05-25 12:05:39,059 - INFO - [18432/19133]	Loss  : 0.9320
2024-05-25 12:05:39,081 - INFO - Test loss   : 0.5015
2024-05-25 12:05:39,081 - INFO - 
Epoch	24
2024-05-25 12:05:40,547 - INFO - [18432/19133]	Loss  : 0.9306
2024-05-25 12:05:40,568 - INFO - Test loss   : 0.5137
2024-05-25 12:05:40,568 - INFO - 
Epoch	25
2024-05-25 12:05:41,736 - INFO - [18432/19133]	Loss  : 0.9281
2024-05-25 12:05:41,757 - INFO - Test loss   : 0.5225
2024-05-25 12:05:41,757 - INFO - 
Epoch	26
2024-05-25 12:05:43,141 - INFO - [18432/19133]	Loss  : 0.9212
2024-05-25 12:05:43,162 - INFO - Test loss   : 0.5219
2024-05-25 12:05:43,162 - INFO - 
Epoch	27
2024-05-25 12:05:44,520 - INFO - [18432/19133]	Loss  : 0.9178
2024-05-25 12:05:44,542 - INFO - Test loss   : 0.5202
2024-05-25 12:05:44,543 - INFO - 
Epoch	28
2024-05-25 12:05:45,709 - INFO - [18432/19133]	Loss  : 0.9141
2024-05-25 12:05:45,730 - INFO - Test loss   : 0.5184
2024-05-25 12:05:45,730 - INFO - 
Epoch	29
2024-05-25 12:05:46,893 - INFO - [18432/19133]	Loss  : 0.9105
2024-05-25 12:05:46,914 - INFO - Test loss   : 0.5317
2024-05-25 12:05:46,914 - INFO - Saving output model to ../models/wrap/model_birdsnap_orig_meta_wrap_inception_v3_0.0010_64_0.0500000_1_512.pth.tar
2024-05-25 12:05:48,209 - INFO - Saving output model to ../models/wrap/model_birdsnap_orig_meta_wrap_inception_v3_0.0010_64_0.0500000_1_512.pth.tar
2024-05-25 12:05:48,401 - INFO - 
No prior
2024-05-25 12:05:48,402 - INFO - (2262,)
2024-05-25 12:05:48,452 - INFO -  Split ID: 0
2024-05-25 12:05:48,452 - INFO -  Top 1	acc (%):   70.07
2024-05-25 12:05:48,452 - INFO -  Top 3	acc (%):   86.6
2024-05-25 12:05:48,452 - INFO -  Top 5	acc (%):   90.05
2024-05-25 12:05:48,452 - INFO -  Top 10	acc (%):   92.88
2024-05-25 12:05:49,232 - INFO -  Split ID: 0
2024-05-25 12:05:49,233 - INFO -  Top 1	acc (%):   71.93
2024-05-25 12:05:49,233 - INFO -  Top 3	acc (%):   86.87
2024-05-25 12:05:49,233 - INFO -  Top 5	acc (%):   90.01
2024-05-25 12:05:49,233 - INFO -  Top 10	acc (%):   93.32
2024-05-25 12:05:49,233 - INFO - 
Only wrap
2024-05-25 12:05:49,233 - INFO -  Model :	model_birdsnap_orig_meta_wrap_inception_v3_0.0010_64_0.0500000_1_512.pth.tar
2024-05-25 12:05:49,245 - INFO - (443,)
2024-05-25 12:05:49,260 - INFO -  Split ID: 0
2024-05-25 12:05:49,260 - INFO -  Top 1	LocEnc acc (%):   2.93
2024-05-25 12:05:49,260 - INFO -  Top 3	LocEnc acc (%):   7.67
2024-05-25 12:05:49,260 - INFO -  Top 5	LocEnc acc (%):   11.96
2024-05-25 12:05:49,260 - INFO -  Top 10	LocEnc acc (%):   17.38
