2024-05-20 23:58:46,232 - INFO - 
num_classes	555
2024-05-20 23:58:46,232 - INFO - num train    	22599
2024-05-20 23:58:46,232 - INFO - num val      	1100
2024-05-20 23:58:46,232 - INFO - train loss   	full_loss
2024-05-20 23:58:46,232 - INFO - model name   	../models/wrap/model_nabirds_ebird_meta_wrap_inception_v3_0.0050_64_0.0100000_1_512.pth.tar
2024-05-20 23:58:46,232 - INFO - num users    	5331
2024-05-20 23:58:46,232 - INFO - meta data    	ebird_meta
2024-05-20 23:58:46,450 - INFO - 
Epoch	0
2024-05-20 23:58:58,272 - INFO - [22528/22599]	Loss  : 1.4248
2024-05-20 23:58:58,801 - INFO - Test loss   : 0.6945
2024-05-20 23:58:58,801 - INFO - 
Epoch	1
2024-05-20 23:59:09,277 - INFO - [22528/22599]	Loss  : 1.1640
2024-05-20 23:59:09,795 - INFO - Test loss   : 0.5620
2024-05-20 23:59:09,796 - INFO - 
Epoch	2
2024-05-20 23:59:20,305 - INFO - [22528/22599]	Loss  : 1.0598
2024-05-20 23:59:20,832 - INFO - Test loss   : 0.5143
2024-05-20 23:59:20,833 - INFO - 
Epoch	3
2024-05-20 23:59:31,771 - INFO - [22528/22599]	Loss  : 1.0193
2024-05-20 23:59:32,300 - INFO - Test loss   : 0.5019
2024-05-20 23:59:32,300 - INFO - 
Epoch	4
2024-05-20 23:59:42,763 - INFO - [22528/22599]	Loss  : 0.9972
2024-05-20 23:59:43,292 - INFO - Test loss   : 0.5016
2024-05-20 23:59:43,293 - INFO - 
Epoch	5
2024-05-20 23:59:54,284 - INFO - [22528/22599]	Loss  : 0.9747
2024-05-20 23:59:54,814 - INFO - Test loss   : 0.4925
2024-05-20 23:59:54,815 - INFO - 
Epoch	6
2024-05-21 00:00:05,226 - INFO - [22528/22599]	Loss  : 0.9569
2024-05-21 00:00:05,755 - INFO - Test loss   : 0.5041
2024-05-21 00:00:05,755 - INFO - 
Epoch	7
2024-05-21 00:00:16,745 - INFO - [22528/22599]	Loss  : 0.9424
2024-05-21 00:00:17,273 - INFO - Test loss   : 0.4844
2024-05-21 00:00:17,274 - INFO - 
Epoch	8
2024-05-21 00:00:27,748 - INFO - [22528/22599]	Loss  : 0.9339
2024-05-21 00:00:28,265 - INFO - Test loss   : 0.4896
2024-05-21 00:00:28,265 - INFO - 
Epoch	9
2024-05-21 00:00:39,142 - INFO - [22528/22599]	Loss  : 0.9194
2024-05-21 00:00:39,669 - INFO - Test loss   : 0.5072
2024-05-21 00:00:39,669 - INFO - 
Epoch	10
2024-05-21 00:00:50,127 - INFO - [22528/22599]	Loss  : 0.9141
2024-05-21 00:00:50,658 - INFO - Test loss   : 0.4925
2024-05-21 00:00:50,670 - INFO - (1100,)
2024-05-21 00:00:50,714 - INFO -  Split ID: 0
2024-05-21 00:00:50,714 - INFO -  Top 1	LocEnc (Epoch 10)acc (%):   1.09
2024-05-21 00:00:50,714 - INFO -  Top 3	LocEnc (Epoch 10)acc (%):   4.36
2024-05-21 00:00:50,714 - INFO -  Top 5	LocEnc (Epoch 10)acc (%):   6.91
2024-05-21 00:00:50,714 - INFO -  Top 10	LocEnc (Epoch 10)acc (%):   13.82
2024-05-21 00:00:50,715 - INFO - 
No prior
2024-05-21 00:00:50,742 - INFO - (24633,)
2024-05-21 00:00:51,394 - INFO -  Split ID: 0
2024-05-21 00:00:51,394 - INFO -  Top 1	(Epoch 10)acc (%):   76.08
2024-05-21 00:00:51,394 - INFO -  Top 3	(Epoch 10)acc (%):   90.98
2024-05-21 00:00:51,395 - INFO -  Top 5	(Epoch 10)acc (%):   94.06
2024-05-21 00:00:51,395 - INFO -  Top 10	(Epoch 10)acc (%):   96.83
2024-05-21 00:01:04,789 - INFO -  Split ID: 0
2024-05-21 00:01:04,789 - INFO -  Top 1	(Epoch 10)acc (%):   81.01
2024-05-21 00:01:04,789 - INFO -  Top 3	(Epoch 10)acc (%):   93.42
2024-05-21 00:01:04,789 - INFO -  Top 5	(Epoch 10)acc (%):   95.75
2024-05-21 00:01:04,790 - INFO -  Top 10	(Epoch 10)acc (%):   97.8
2024-05-21 00:01:04,794 - INFO - 
Epoch	11
2024-05-21 00:01:15,296 - INFO - [22528/22599]	Loss  : 0.9052
2024-05-21 00:01:15,819 - INFO - Test loss   : 0.5009
2024-05-21 00:01:15,819 - INFO - 
Epoch	12
2024-05-21 00:01:26,787 - INFO - [22528/22599]	Loss  : 0.8997
2024-05-21 00:01:27,317 - INFO - Test loss   : 0.4911
2024-05-21 00:01:27,317 - INFO - 
Epoch	13
2024-05-21 00:01:37,774 - INFO - [22528/22599]	Loss  : 0.8881
2024-05-21 00:01:38,302 - INFO - Test loss   : 0.5125
2024-05-21 00:01:38,302 - INFO - 
Epoch	14
2024-05-21 00:01:49,503 - INFO - [22528/22599]	Loss  : 0.8836
2024-05-21 00:01:50,030 - INFO - Test loss   : 0.5097
2024-05-21 00:01:50,030 - INFO - 
Epoch	15
2024-05-21 00:02:00,505 - INFO - [22528/22599]	Loss  : 0.8754
2024-05-21 00:02:01,034 - INFO - Test loss   : 0.5087
2024-05-21 00:02:01,034 - INFO - 
Epoch	16
2024-05-21 00:02:11,951 - INFO - [22528/22599]	Loss  : 0.8726
2024-05-21 00:02:12,479 - INFO - Test loss   : 0.5145
2024-05-21 00:02:12,479 - INFO - 
Epoch	17
2024-05-21 00:02:23,001 - INFO - [22528/22599]	Loss  : 0.8685
2024-05-21 00:02:23,531 - INFO - Test loss   : 0.5108
2024-05-21 00:02:23,531 - INFO - 
Epoch	18
2024-05-21 00:02:34,385 - INFO - [22528/22599]	Loss  : 0.8625
2024-05-21 00:02:34,610 - INFO - Test loss   : 0.5147
2024-05-21 00:02:34,610 - INFO - 
Epoch	19
2024-05-21 00:02:45,574 - INFO - [22528/22599]	Loss  : 0.8601
2024-05-21 00:02:46,102 - INFO - Test loss   : 0.5152
2024-05-21 00:02:46,102 - INFO - 
Epoch	20
2024-05-21 00:02:56,838 - INFO - [22528/22599]	Loss  : 0.8591
2024-05-21 00:02:57,366 - INFO - Test loss   : 0.5294
2024-05-21 00:02:57,373 - INFO - (1100,)
2024-05-21 00:02:57,417 - INFO -  Split ID: 0
2024-05-21 00:02:57,417 - INFO -  Top 1	LocEnc (Epoch 20)acc (%):   1.82
2024-05-21 00:02:57,417 - INFO -  Top 3	LocEnc (Epoch 20)acc (%):   4.91
2024-05-21 00:02:57,417 - INFO -  Top 5	LocEnc (Epoch 20)acc (%):   8.64
2024-05-21 00:02:57,417 - INFO -  Top 10	LocEnc (Epoch 20)acc (%):   15.64
2024-05-21 00:02:57,418 - INFO - 
No prior
2024-05-21 00:02:57,446 - INFO - (24633,)
2024-05-21 00:02:58,097 - INFO -  Split ID: 0
2024-05-21 00:02:58,097 - INFO -  Top 1	(Epoch 20)acc (%):   76.08
2024-05-21 00:02:58,097 - INFO -  Top 3	(Epoch 20)acc (%):   90.98
2024-05-21 00:02:58,097 - INFO -  Top 5	(Epoch 20)acc (%):   94.06
2024-05-21 00:02:58,098 - INFO -  Top 10	(Epoch 20)acc (%):   96.83
2024-05-21 00:03:11,491 - INFO -  Split ID: 0
2024-05-21 00:03:11,491 - INFO -  Top 1	(Epoch 20)acc (%):   81.55
2024-05-21 00:03:11,491 - INFO -  Top 3	(Epoch 20)acc (%):   93.54
2024-05-21 00:03:11,491 - INFO -  Top 5	(Epoch 20)acc (%):   95.9
2024-05-21 00:03:11,491 - INFO -  Top 10	(Epoch 20)acc (%):   97.84
2024-05-21 00:03:11,496 - INFO - 
Epoch	21
2024-05-21 00:03:22,737 - INFO - [22528/22599]	Loss  : 0.8552
2024-05-21 00:03:23,266 - INFO - Test loss   : 0.5248
2024-05-21 00:03:23,266 - INFO - 
Epoch	22
2024-05-21 00:03:33,698 - INFO - [22528/22599]	Loss  : 0.8486
2024-05-21 00:03:34,228 - INFO - Test loss   : 0.5284
2024-05-21 00:03:34,228 - INFO - 
Epoch	23
2024-05-21 00:03:45,208 - INFO - [22528/22599]	Loss  : 0.8468
2024-05-21 00:03:45,737 - INFO - Test loss   : 0.5357
2024-05-21 00:03:45,737 - INFO - 
Epoch	24
2024-05-21 00:03:56,197 - INFO - [22528/22599]	Loss  : 0.8427
2024-05-21 00:03:56,724 - INFO - Test loss   : 0.5487
2024-05-21 00:03:56,724 - INFO - 
Epoch	25
2024-05-21 00:04:07,723 - INFO - [22528/22599]	Loss  : 0.8405
2024-05-21 00:04:08,251 - INFO - Test loss   : 0.5449
2024-05-21 00:04:08,251 - INFO - 
Epoch	26
2024-05-21 00:04:18,075 - INFO - [22528/22599]	Loss  : 0.8362
2024-05-21 00:04:18,116 - INFO - Test loss   : 0.5851
2024-05-21 00:04:18,116 - INFO - 
Epoch	27
2024-05-21 00:04:30,056 - INFO - [22528/22599]	Loss  : 0.8409
2024-05-21 00:04:30,586 - INFO - Test loss   : 0.5443
2024-05-21 00:04:30,586 - INFO - 
Epoch	28
2024-05-21 00:04:41,035 - INFO - [22528/22599]	Loss  : 0.8328
2024-05-21 00:04:41,565 - INFO - Test loss   : 0.5653
2024-05-21 00:04:41,565 - INFO - 
Epoch	29
2024-05-21 00:04:52,804 - INFO - [22528/22599]	Loss  : 0.8294
2024-05-21 00:04:53,333 - INFO - Test loss   : 0.5843
2024-05-21 00:04:53,334 - INFO - Saving output model to ../models/wrap/model_nabirds_ebird_meta_wrap_inception_v3_0.0050_64_0.0100000_1_512.pth.tar
2024-05-21 00:04:53,360 - INFO - Saving output model to ../models/wrap/model_nabirds_ebird_meta_wrap_inception_v3_0.0050_64_0.0100000_1_512.pth.tar
2024-05-21 00:04:53,450 - INFO - 
No prior
2024-05-21 00:04:53,482 - INFO - (24633,)
2024-05-21 00:04:54,137 - INFO -  Split ID: 0
2024-05-21 00:04:54,137 - INFO -  Top 1	acc (%):   76.08
2024-05-21 00:04:54,137 - INFO -  Top 3	acc (%):   90.98
2024-05-21 00:04:54,137 - INFO -  Top 5	acc (%):   94.06
2024-05-21 00:04:54,137 - INFO -  Top 10	acc (%):   96.83
2024-05-21 00:05:07,577 - INFO -  Split ID: 0
2024-05-21 00:05:07,577 - INFO -  Top 1	acc (%):   81.78
2024-05-21 00:05:07,577 - INFO -  Top 3	acc (%):   93.64
2024-05-21 00:05:07,577 - INFO -  Top 5	acc (%):   95.87
2024-05-21 00:05:07,577 - INFO -  Top 10	acc (%):   97.81
2024-05-21 00:05:07,583 - INFO - 
wrap
2024-05-21 00:05:07,583 - INFO -  Model :	model_nabirds_ebird_meta_wrap_inception_v3_0.0050_64_0.0100000_1_512.pth.tar
2024-05-21 00:05:07,606 - INFO - (1100,)
2024-05-21 00:05:07,653 - INFO -  Split ID: 0
2024-05-21 00:05:07,653 - INFO -  Top 1	LocEnc acc (%):   2.82
2024-05-21 00:05:07,653 - INFO -  Top 3	LocEnc acc (%):   5.91
2024-05-21 00:05:07,653 - INFO -  Top 5	LocEnc acc (%):   9.09
2024-05-21 00:05:07,653 - INFO -  Top 10	LocEnc acc (%):   15.55
2024-05-30 14:45:31,821 - INFO - 
num_classes	555
2024-05-30 14:45:31,828 - INFO - num train    	22599
2024-05-30 14:45:31,828 - INFO - num val      	1100
2024-05-30 14:45:31,828 - INFO - train loss   	full_loss
2024-05-30 14:45:31,828 - INFO - model name   	../models/wrap/model_nabirds_ebird_meta_wrap_inception_v3_0.0050_64_0.0100000_1_512.pth.tar
2024-05-30 14:45:31,828 - INFO - num users    	5331
2024-05-30 14:45:31,828 - INFO - meta data    	ebird_meta
2024-05-30 14:45:32,045 - INFO - 
Only wrap
2024-05-30 14:45:32,045 - INFO -  Model :	model_nabirds_ebird_meta_wrap_inception_v3_0.0050_64_0.0100000_1_512.pth.tar
2024-05-30 14:45:32,211 - INFO - Saving output model to ../models/wrap/model_nabirds_ebird_meta_wrap_inception_v3_0.0050_64_0.0100000_1_512.pth.tar
2024-05-30 14:45:32,295 - INFO - Saving output model to ../models/wrap/model_nabirds_ebird_meta_wrap_inception_v3_0.0050_64_0.0100000_1_512.pth.tar
2024-05-30 14:45:32,358 - INFO - 
No prior
2024-05-30 14:45:32,391 - INFO - (24633,)
2024-05-30 14:45:33,854 - INFO - Save results to ../eval_results/eval_nabirds_ebird_meta_test_no_prior.csv
2024-05-30 14:45:33,854 - INFO -  Split ID: 0
2024-05-30 14:45:33,854 - INFO -  Top 1	acc (%):   76.08
2024-05-30 14:45:33,854 - INFO -  Top 3	acc (%):   90.98
2024-05-30 14:45:33,854 - INFO -  Top 5	acc (%):   94.06
2024-05-30 14:45:33,854 - INFO -  Top 10	acc (%):   96.83
2024-05-30 14:45:49,120 - INFO -  Split ID: 0
2024-05-30 14:45:49,121 - INFO -  Top 1	hit (%):   81.78
2024-05-30 14:45:49,121 - INFO -  Top 3	hit (%):   93.64
2024-05-30 14:45:49,121 - INFO -  Top 5	hit (%):   95.87
2024-05-30 14:45:49,121 - INFO -  Top 10	hit (%):   97.81
2024-05-30 14:45:49,126 - INFO - 
Only wrap
2024-05-30 14:45:49,126 - INFO -  Model :	model_nabirds_ebird_meta_wrap_inception_v3_0.0050_64_0.0100000_1_512.pth.tar
2024-05-30 14:45:49,159 - INFO - (1100,)
2024-05-30 14:45:49,202 - INFO -  Split ID: 0
2024-05-30 14:45:49,202 - INFO -  Top 1	LocEnc acc (%):   2.82
2024-05-30 14:45:49,202 - INFO -  Top 3	LocEnc acc (%):   5.91
2024-05-30 14:45:49,202 - INFO -  Top 5	LocEnc acc (%):   9.09
2024-05-30 14:45:49,202 - INFO -  Top 10	LocEnc acc (%):   15.55
