2024-05-22 17:13:37,968 - INFO - 
num_classes	62
2024-05-22 17:13:37,969 - INFO - num train    	363571
2024-05-22 17:13:37,969 - INFO - num val      	53041
2024-05-22 17:13:37,969 - INFO - train loss   	full_loss
2024-05-22 17:13:37,969 - INFO - model name   	../models/wrap/model_fmow_wrap_inception_v3_0.0050_64_0.0200000_1_512.pth.tar
2024-05-22 17:13:37,969 - INFO - num users    	1
2024-05-22 17:13:38,247 - INFO - 
Epoch	0
2024-05-22 17:13:41,478 - INFO - [6144/363571]	Loss  : 1.8577
2024-05-22 17:14:05,477 - INFO - Test loss   : 0.9384
2024-05-22 17:14:05,477 - INFO - 
Epoch	1
2024-05-22 17:14:08,469 - INFO - [6144/363571]	Loss  : 1.6403
2024-05-22 17:14:32,948 - INFO - Test loss   : 0.8404
2024-05-22 17:14:32,949 - INFO - 
Epoch	2
2024-05-22 17:14:35,976 - INFO - [6144/363571]	Loss  : 1.5626
2024-05-22 17:15:00,604 - INFO - Test loss   : 0.7432
2024-05-22 17:15:00,605 - INFO - 
Epoch	3
2024-05-22 17:15:03,599 - INFO - [6144/363571]	Loss  : 1.5246
2024-05-22 17:15:27,668 - INFO - Test loss   : 0.7434
2024-05-22 17:15:27,668 - INFO - 
Epoch	4
2024-05-22 17:15:30,730 - INFO - [6144/363571]	Loss  : 1.4858
2024-05-22 17:15:55,430 - INFO - Test loss   : 0.7238
2024-05-22 17:15:55,430 - INFO - 
Epoch	5
2024-05-22 17:15:58,425 - INFO - [6144/363571]	Loss  : 1.4819
2024-05-22 17:16:21,994 - INFO - Test loss   : 0.7165
2024-05-22 17:16:21,994 - INFO - 
Epoch	6
2024-05-22 17:16:25,138 - INFO - [6144/363571]	Loss  : 1.4679
2024-05-22 17:16:49,902 - INFO - Test loss   : 0.7034
2024-05-22 17:16:49,902 - INFO - 
Epoch	7
2024-05-22 17:16:52,894 - INFO - [6144/363571]	Loss  : 1.4715
2024-05-22 17:17:17,468 - INFO - Test loss   : 0.6932
2024-05-22 17:17:17,468 - INFO - 
Epoch	8
2024-05-22 17:17:20,015 - INFO - [6144/363571]	Loss  : 1.4498
2024-05-22 17:17:44,674 - INFO - Test loss   : 0.7192
2024-05-22 17:17:44,675 - INFO - 
Epoch	9
2024-05-22 17:17:47,671 - INFO - [6144/363571]	Loss  : 1.4264
2024-05-22 17:18:12,236 - INFO - Test loss   : 0.6886
2024-05-22 17:18:12,236 - INFO - 
Epoch	10
2024-05-22 17:18:15,235 - INFO - [6144/363571]	Loss  : 1.4445
2024-05-22 17:18:39,501 - INFO - Test loss   : 0.7144
2024-05-22 17:18:39,575 - INFO - (53041,)
2024-05-22 17:18:39,718 - INFO -  Split ID: 0
2024-05-22 17:18:39,718 - INFO -  Top 1	LocEnc (Epoch 10)acc (%):   9.31
2024-05-22 17:18:39,718 - INFO -  Top 3	LocEnc (Epoch 10)acc (%):   23.21
2024-05-22 17:18:39,719 - INFO -  Top 5	LocEnc (Epoch 10)acc (%):   30.41
2024-05-22 17:18:39,719 - INFO -  Top 10	LocEnc (Epoch 10)acc (%):   44.44
2024-05-22 17:18:39,724 - INFO - 
No prior
2024-05-22 17:18:39,729 - INFO - (53041,)
2024-05-22 17:18:39,884 - INFO -  Split ID: 0
2024-05-22 17:18:39,885 - INFO -  Top 1	(Epoch 10)acc (%):   69.83
2024-05-22 17:18:39,885 - INFO -  Top 3	(Epoch 10)acc (%):   84.61
2024-05-22 17:18:39,885 - INFO -  Top 5	(Epoch 10)acc (%):   89.23
2024-05-22 17:18:39,885 - INFO -  Top 10	(Epoch 10)acc (%):   94.29
2024-05-22 17:19:08,973 - INFO -  Split ID: 0
2024-05-22 17:19:08,973 - INFO -  Top 1	(Epoch 10)acc (%):   70.02
2024-05-22 17:19:08,973 - INFO -  Top 3	(Epoch 10)acc (%):   84.79
2024-05-22 17:19:08,973 - INFO -  Top 5	(Epoch 10)acc (%):   89.44
2024-05-22 17:19:08,973 - INFO -  Top 10	(Epoch 10)acc (%):   94.42
2024-05-22 17:19:08,976 - INFO - 
Epoch	11
2024-05-22 17:19:11,915 - INFO - [6144/363571]	Loss  : 1.4248
2024-05-22 17:19:36,516 - INFO - Test loss   : 0.6660
2024-05-22 17:19:36,516 - INFO - 
Epoch	12
2024-05-22 17:19:39,082 - INFO - [6144/363571]	Loss  : 1.4119
2024-05-22 17:20:03,734 - INFO - Test loss   : 0.7106
2024-05-22 17:20:03,734 - INFO - 
Epoch	13
2024-05-22 17:20:06,726 - INFO - [6144/363571]	Loss  : 1.4071
2024-05-22 17:20:31,298 - INFO - Test loss   : 0.6768
2024-05-22 17:20:31,298 - INFO - 
Epoch	14
2024-05-22 17:20:34,358 - INFO - [6144/363571]	Loss  : 1.4038
2024-05-22 17:20:58,506 - INFO - Test loss   : 0.6844
2024-05-22 17:20:58,506 - INFO - 
Epoch	15
2024-05-22 17:21:01,568 - INFO - [6144/363571]	Loss  : 1.4141
2024-05-22 17:21:26,157 - INFO - Test loss   : 0.6806
2024-05-22 17:21:26,157 - INFO - 
Epoch	16
2024-05-22 17:21:27,635 - INFO - [6144/363571]	Loss  : 1.4079
2024-05-22 17:21:40,687 - INFO - Test loss   : 0.6837
2024-05-22 17:21:40,687 - INFO - 
Epoch	17
2024-05-22 17:21:40,997 - INFO - [6144/363571]	Loss  : 1.3926
2024-05-22 17:21:43,011 - INFO - Test loss   : 0.6700
2024-05-22 17:21:43,011 - INFO - 
Epoch	18
2024-05-22 17:21:43,351 - INFO - [6144/363571]	Loss  : 1.3844
2024-05-22 17:21:45,395 - INFO - Test loss   : 0.6612
2024-05-22 17:21:45,395 - INFO - 
Epoch	19
2024-05-22 17:21:45,681 - INFO - [6144/363571]	Loss  : 1.3777
2024-05-22 17:21:47,675 - INFO - Test loss   : 0.6612
2024-05-22 17:21:47,675 - INFO - 
Epoch	20
2024-05-22 17:21:47,962 - INFO - [6144/363571]	Loss  : 1.3791
2024-05-22 17:22:07,500 - INFO - Test loss   : 0.6621
2024-05-22 17:22:07,589 - INFO - (53041,)
2024-05-22 17:22:08,520 - INFO -  Split ID: 0
2024-05-22 17:22:08,520 - INFO -  Top 1	LocEnc (Epoch 20)acc (%):   10.4
2024-05-22 17:22:08,521 - INFO -  Top 3	LocEnc (Epoch 20)acc (%):   25.21
2024-05-22 17:22:08,521 - INFO -  Top 5	LocEnc (Epoch 20)acc (%):   32.55
2024-05-22 17:22:08,521 - INFO -  Top 10	LocEnc (Epoch 20)acc (%):   45.31
2024-05-22 17:22:08,535 - INFO - 
No prior
2024-05-22 17:22:08,703 - INFO - (53041,)
2024-05-22 17:22:09,101 - INFO -  Split ID: 0
2024-05-22 17:22:09,102 - INFO -  Top 1	(Epoch 20)acc (%):   69.83
2024-05-22 17:22:09,102 - INFO -  Top 3	(Epoch 20)acc (%):   84.61
2024-05-22 17:22:09,102 - INFO -  Top 5	(Epoch 20)acc (%):   89.23
2024-05-22 17:22:09,102 - INFO -  Top 10	(Epoch 20)acc (%):   94.29
2024-05-22 17:22:38,034 - INFO -  Split ID: 0
2024-05-22 17:22:38,034 - INFO -  Top 1	(Epoch 20)acc (%):   70.17
2024-05-22 17:22:38,034 - INFO -  Top 3	(Epoch 20)acc (%):   84.86
2024-05-22 17:22:38,034 - INFO -  Top 5	(Epoch 20)acc (%):   89.52
2024-05-22 17:22:38,034 - INFO -  Top 10	(Epoch 20)acc (%):   94.48
2024-05-22 17:22:38,043 - INFO - 
Epoch	21
2024-05-22 17:22:41,052 - INFO - [6144/363571]	Loss  : 1.3645
2024-05-22 17:23:05,445 - INFO - Test loss   : 0.6806
2024-05-22 17:23:05,445 - INFO - 
Epoch	22
2024-05-22 17:23:08,453 - INFO - [6144/363571]	Loss  : 1.3675
2024-05-22 17:23:32,955 - INFO - Test loss   : 0.6520
2024-05-22 17:23:32,955 - INFO - 
Epoch	23
2024-05-22 17:23:35,974 - INFO - [6144/363571]	Loss  : 1.3650
2024-05-22 17:24:00,337 - INFO - Test loss   : 0.6520
2024-05-22 17:24:00,337 - INFO - 
Epoch	24
2024-05-22 17:24:03,393 - INFO - [6144/363571]	Loss  : 1.3674
2024-05-22 17:24:27,814 - INFO - Test loss   : 0.6372
2024-05-22 17:24:27,814 - INFO - 
Epoch	25
2024-05-22 17:24:30,810 - INFO - [6144/363571]	Loss  : 1.3654
2024-05-22 17:24:55,163 - INFO - Test loss   : 0.6641
2024-05-22 17:24:55,163 - INFO - 
Epoch	26
2024-05-22 17:24:58,156 - INFO - [6144/363571]	Loss  : 1.3580
2024-05-22 17:25:22,549 - INFO - Test loss   : 0.6387
2024-05-22 17:25:22,549 - INFO - 
Epoch	27
2024-05-22 17:25:25,559 - INFO - [6144/363571]	Loss  : 1.3587
2024-05-22 17:25:49,810 - INFO - Test loss   : 0.6635
2024-05-22 17:25:49,810 - INFO - 
Epoch	28
2024-05-22 17:25:52,795 - INFO - [6144/363571]	Loss  : 1.3501
2024-05-22 17:26:17,169 - INFO - Test loss   : 0.6431
2024-05-22 17:26:17,169 - INFO - 
Epoch	29
2024-05-22 17:26:20,178 - INFO - [6144/363571]	Loss  : 1.3436
2024-05-22 17:26:38,235 - INFO - Test loss   : 0.6360
2024-05-22 17:26:38,235 - INFO - 
Epoch	30
2024-05-22 17:26:38,576 - INFO - [6144/363571]	Loss  : 1.3487
2024-05-22 17:27:03,821 - INFO - Test loss   : 0.6433
2024-05-22 17:27:03,888 - INFO - (53041,)
2024-05-22 17:27:04,032 - INFO -  Split ID: 0
2024-05-22 17:27:04,032 - INFO -  Top 1	LocEnc (Epoch 30)acc (%):   11.98
2024-05-22 17:27:04,032 - INFO -  Top 3	LocEnc (Epoch 30)acc (%):   26.02
2024-05-22 17:27:04,033 - INFO -  Top 5	LocEnc (Epoch 30)acc (%):   32.67
2024-05-22 17:27:04,033 - INFO -  Top 10	LocEnc (Epoch 30)acc (%):   46.1
2024-05-22 17:27:04,041 - INFO - 
No prior
2024-05-22 17:27:04,051 - INFO - (53041,)
2024-05-22 17:27:04,206 - INFO -  Split ID: 0
2024-05-22 17:27:04,207 - INFO -  Top 1	(Epoch 30)acc (%):   69.83
2024-05-22 17:27:04,207 - INFO -  Top 3	(Epoch 30)acc (%):   84.61
2024-05-22 17:27:04,207 - INFO -  Top 5	(Epoch 30)acc (%):   89.23
2024-05-22 17:27:04,207 - INFO -  Top 10	(Epoch 30)acc (%):   94.29
2024-05-22 17:27:33,165 - INFO -  Split ID: 0
2024-05-22 17:27:33,166 - INFO -  Top 1	(Epoch 30)acc (%):   70.2
2024-05-22 17:27:33,166 - INFO -  Top 3	(Epoch 30)acc (%):   84.9
2024-05-22 17:27:33,166 - INFO -  Top 5	(Epoch 30)acc (%):   89.57
2024-05-22 17:27:33,166 - INFO -  Top 10	(Epoch 30)acc (%):   94.52
2024-05-22 17:27:33,169 - INFO - 
Epoch	31
2024-05-22 17:27:36,171 - INFO - [6144/363571]	Loss  : 1.3421
2024-05-22 17:27:59,967 - INFO - Test loss   : 0.6463
2024-05-22 17:27:59,968 - INFO - 
Epoch	32
2024-05-22 17:28:02,979 - INFO - [6144/363571]	Loss  : 1.3409
2024-05-22 17:28:28,059 - INFO - Test loss   : 0.6469
2024-05-22 17:28:28,060 - INFO - 
Epoch	33
2024-05-22 17:28:31,081 - INFO - [6144/363571]	Loss  : 1.3359
2024-05-22 17:28:54,894 - INFO - Test loss   : 0.6420
2024-05-22 17:28:54,894 - INFO - 
Epoch	34
2024-05-22 17:28:57,903 - INFO - [6144/363571]	Loss  : 1.3463
2024-05-22 17:29:22,839 - INFO - Test loss   : 0.6539
2024-05-22 17:29:22,839 - INFO - 
Epoch	35
2024-05-22 17:29:25,851 - INFO - [6144/363571]	Loss  : 1.3318
2024-05-22 17:29:50,211 - INFO - Test loss   : 0.6551
2024-05-22 17:29:50,212 - INFO - 
Epoch	36
2024-05-22 17:29:52,847 - INFO - [6144/363571]	Loss  : 1.3304
2024-05-22 17:30:18,161 - INFO - Test loss   : 0.6489
2024-05-22 17:30:18,161 - INFO - 
Epoch	37
2024-05-22 17:30:21,174 - INFO - [6144/363571]	Loss  : 1.3240
2024-05-22 17:30:45,028 - INFO - Test loss   : 0.6463
2024-05-22 17:30:45,029 - INFO - 
Epoch	38
2024-05-22 17:30:48,036 - INFO - [6144/363571]	Loss  : 1.3261
2024-05-22 17:31:13,129 - INFO - Test loss   : 0.6281
2024-05-22 17:31:13,129 - INFO - 
Epoch	39
2024-05-22 17:31:16,147 - INFO - [6144/363571]	Loss  : 1.3295
2024-05-22 17:31:39,972 - INFO - Test loss   : 0.6386
2024-05-22 17:31:39,972 - INFO - 
Epoch	40
2024-05-22 17:31:42,979 - INFO - [6144/363571]	Loss  : 1.3224
2024-05-22 17:32:05,603 - INFO - Test loss   : 0.6533
2024-05-22 17:32:05,672 - INFO - (53041,)
2024-05-22 17:32:05,815 - INFO -  Split ID: 0
2024-05-22 17:32:05,816 - INFO -  Top 1	LocEnc (Epoch 40)acc (%):   14.13
2024-05-22 17:32:05,816 - INFO -  Top 3	LocEnc (Epoch 40)acc (%):   26.08
2024-05-22 17:32:05,816 - INFO -  Top 5	LocEnc (Epoch 40)acc (%):   33.19
2024-05-22 17:32:05,816 - INFO -  Top 10	LocEnc (Epoch 40)acc (%):   47.36
2024-05-22 17:32:05,823 - INFO - 
No prior
2024-05-22 17:32:05,835 - INFO - (53041,)
2024-05-22 17:32:05,989 - INFO -  Split ID: 0
2024-05-22 17:32:05,990 - INFO -  Top 1	(Epoch 40)acc (%):   69.83
2024-05-22 17:32:05,990 - INFO -  Top 3	(Epoch 40)acc (%):   84.61
2024-05-22 17:32:05,990 - INFO -  Top 5	(Epoch 40)acc (%):   89.23
2024-05-22 17:32:05,990 - INFO -  Top 10	(Epoch 40)acc (%):   94.29
2024-05-22 17:32:35,164 - INFO -  Split ID: 0
2024-05-22 17:32:35,164 - INFO -  Top 1	(Epoch 40)acc (%):   70.22
2024-05-22 17:32:35,164 - INFO -  Top 3	(Epoch 40)acc (%):   84.96
2024-05-22 17:32:35,164 - INFO -  Top 5	(Epoch 40)acc (%):   89.59
2024-05-22 17:32:35,164 - INFO -  Top 10	(Epoch 40)acc (%):   94.51
2024-05-22 17:32:35,167 - INFO - 
Epoch	41
2024-05-22 17:32:38,181 - INFO - [6144/363571]	Loss  : 1.3326
2024-05-22 17:33:02,636 - INFO - Test loss   : 0.6423
2024-05-22 17:33:02,636 - INFO - 
Epoch	42
2024-05-22 17:33:05,678 - INFO - [6144/363571]	Loss  : 1.3214
2024-05-22 17:33:30,321 - INFO - Test loss   : 0.6453
2024-05-22 17:33:30,321 - INFO - 
Epoch	43
2024-05-22 17:33:33,333 - INFO - [6144/363571]	Loss  : 1.3239
2024-05-22 17:33:57,771 - INFO - Test loss   : 0.6390
2024-05-22 17:33:57,772 - INFO - 
Epoch	44
2024-05-22 17:34:00,267 - INFO - [6144/363571]	Loss  : 1.3160
2024-05-22 17:34:25,454 - INFO - Test loss   : 0.6406
2024-05-22 17:34:25,454 - INFO - 
Epoch	45
2024-05-22 17:34:28,479 - INFO - [6144/363571]	Loss  : 1.3276
2024-05-22 17:34:52,962 - INFO - Test loss   : 0.6361
2024-05-22 17:34:52,962 - INFO - 
Epoch	46
2024-05-22 17:34:55,470 - INFO - [6144/363571]	Loss  : 1.3122
2024-05-22 17:35:20,572 - INFO - Test loss   : 0.6367
2024-05-22 17:35:20,573 - INFO - 
Epoch	47
2024-05-22 17:35:23,588 - INFO - [6144/363571]	Loss  : 1.3241
2024-05-22 17:35:48,003 - INFO - Test loss   : 0.6269
2024-05-22 17:35:48,003 - INFO - 
Epoch	48
2024-05-22 17:35:50,935 - INFO - [6144/363571]	Loss  : 1.3103
2024-05-22 17:36:16,007 - INFO - Test loss   : 0.6340
2024-05-22 17:36:16,007 - INFO - 
Epoch	49
2024-05-22 17:36:19,025 - INFO - [6144/363571]	Loss  : 1.3066
2024-05-22 17:36:40,174 - INFO - Test loss   : 0.6241
2024-05-22 17:36:40,174 - INFO - 
Epoch	50
2024-05-22 17:36:43,362 - INFO - [6144/363571]	Loss  : 1.3060
2024-05-22 17:36:50,961 - INFO - Test loss   : 0.6420
2024-05-22 17:36:51,244 - INFO - (53041,)
2024-05-22 17:36:51,580 - INFO -  Split ID: 0
2024-05-22 17:36:51,580 - INFO -  Top 1	LocEnc (Epoch 50)acc (%):   10.25
2024-05-22 17:36:51,580 - INFO -  Top 3	LocEnc (Epoch 50)acc (%):   26.45
2024-05-22 17:36:51,581 - INFO -  Top 5	LocEnc (Epoch 50)acc (%):   34.47
2024-05-22 17:36:51,581 - INFO -  Top 10	LocEnc (Epoch 50)acc (%):   48.43
2024-05-22 17:36:51,595 - INFO - 
No prior
2024-05-22 17:36:51,779 - INFO - (53041,)
2024-05-22 17:36:52,168 - INFO -  Split ID: 0
2024-05-22 17:36:52,168 - INFO -  Top 1	(Epoch 50)acc (%):   69.83
2024-05-22 17:36:52,168 - INFO -  Top 3	(Epoch 50)acc (%):   84.61
2024-05-22 17:36:52,169 - INFO -  Top 5	(Epoch 50)acc (%):   89.23
2024-05-22 17:36:52,169 - INFO -  Top 10	(Epoch 50)acc (%):   94.29
2024-05-22 17:37:19,936 - INFO -  Split ID: 0
2024-05-22 17:37:19,937 - INFO -  Top 1	(Epoch 50)acc (%):   70.24
2024-05-22 17:37:19,937 - INFO -  Top 3	(Epoch 50)acc (%):   84.99
2024-05-22 17:37:19,937 - INFO -  Top 5	(Epoch 50)acc (%):   89.63
2024-05-22 17:37:19,937 - INFO -  Top 10	(Epoch 50)acc (%):   94.53
2024-05-22 17:37:19,945 - INFO - 
Epoch	51
2024-05-22 17:37:22,509 - INFO - [6144/363571]	Loss  : 1.2992
2024-05-22 17:37:47,369 - INFO - Test loss   : 0.6463
2024-05-22 17:37:47,369 - INFO - 
Epoch	52
2024-05-22 17:37:50,378 - INFO - [6144/363571]	Loss  : 1.3159
2024-05-22 17:38:14,891 - INFO - Test loss   : 0.6277
2024-05-22 17:38:14,892 - INFO - 
Epoch	53
2024-05-22 17:38:17,873 - INFO - [6144/363571]	Loss  : 1.3007
2024-05-22 17:38:42,334 - INFO - Test loss   : 0.6365
2024-05-22 17:38:42,334 - INFO - 
Epoch	54
2024-05-22 17:38:45,403 - INFO - [6144/363571]	Loss  : 1.3108
2024-05-22 17:39:09,763 - INFO - Test loss   : 0.6354
2024-05-22 17:39:09,763 - INFO - 
Epoch	55
2024-05-22 17:39:12,295 - INFO - [6144/363571]	Loss  : 1.3026
2024-05-22 17:39:37,190 - INFO - Test loss   : 0.6340
2024-05-22 17:39:37,190 - INFO - 
Epoch	56
2024-05-22 17:39:40,211 - INFO - [6144/363571]	Loss  : 1.3016
2024-05-22 17:40:04,762 - INFO - Test loss   : 0.6284
2024-05-22 17:40:04,762 - INFO - 
Epoch	57
2024-05-22 17:40:07,776 - INFO - [6144/363571]	Loss  : 1.3075
2024-05-22 17:40:32,242 - INFO - Test loss   : 0.6251
2024-05-22 17:40:32,242 - INFO - 
Epoch	58
2024-05-22 17:40:35,263 - INFO - [6144/363571]	Loss  : 1.3012
2024-05-22 17:40:59,745 - INFO - Test loss   : 0.6274
2024-05-22 17:40:59,745 - INFO - 
Epoch	59
2024-05-22 17:41:02,756 - INFO - [6144/363571]	Loss  : 1.2994
2024-05-22 17:41:27,112 - INFO - Test loss   : 0.6184
2024-05-22 17:41:27,112 - INFO - 
Epoch	60
2024-05-22 17:41:30,175 - INFO - [6144/363571]	Loss  : 1.2951
2024-05-22 17:41:54,553 - INFO - Test loss   : 0.6262
2024-05-22 17:41:54,625 - INFO - (53041,)
2024-05-22 17:41:54,770 - INFO -  Split ID: 0
2024-05-22 17:41:54,771 - INFO -  Top 1	LocEnc (Epoch 60)acc (%):   15.0
2024-05-22 17:41:54,771 - INFO -  Top 3	LocEnc (Epoch 60)acc (%):   28.15
2024-05-22 17:41:54,771 - INFO -  Top 5	LocEnc (Epoch 60)acc (%):   35.14
2024-05-22 17:41:54,771 - INFO -  Top 10	LocEnc (Epoch 60)acc (%):   49.31
2024-05-22 17:41:54,779 - INFO - 
No prior
2024-05-22 17:41:54,789 - INFO - (53041,)
2024-05-22 17:41:54,945 - INFO -  Split ID: 0
2024-05-22 17:41:54,945 - INFO -  Top 1	(Epoch 60)acc (%):   69.83
2024-05-22 17:41:54,945 - INFO -  Top 3	(Epoch 60)acc (%):   84.61
2024-05-22 17:41:54,946 - INFO -  Top 5	(Epoch 60)acc (%):   89.23
2024-05-22 17:41:54,946 - INFO -  Top 10	(Epoch 60)acc (%):   94.29
2024-05-22 17:42:24,591 - INFO -  Split ID: 0
2024-05-22 17:42:24,592 - INFO -  Top 1	(Epoch 60)acc (%):   70.27
2024-05-22 17:42:24,592 - INFO -  Top 3	(Epoch 60)acc (%):   85.02
2024-05-22 17:42:24,592 - INFO -  Top 5	(Epoch 60)acc (%):   89.68
2024-05-22 17:42:24,592 - INFO -  Top 10	(Epoch 60)acc (%):   94.56
2024-05-22 17:42:24,594 - INFO - 
Epoch	61
2024-05-22 17:42:27,791 - INFO - [6144/363571]	Loss  : 1.2976
2024-05-22 17:42:52,845 - INFO - Test loss   : 0.6298
2024-05-22 17:42:52,845 - INFO - 
Epoch	62
2024-05-22 17:42:55,850 - INFO - [6144/363571]	Loss  : 1.2914
2024-05-22 17:43:19,729 - INFO - Test loss   : 0.6260
2024-05-22 17:43:19,729 - INFO - 
Epoch	63
2024-05-22 17:43:22,731 - INFO - [6144/363571]	Loss  : 1.3015
2024-05-22 17:43:47,823 - INFO - Test loss   : 0.6170
2024-05-22 17:43:47,824 - INFO - 
Epoch	64
2024-05-22 17:43:50,829 - INFO - [6144/363571]	Loss  : 1.2936
2024-05-22 17:44:14,702 - INFO - Test loss   : 0.6168
2024-05-22 17:44:14,702 - INFO - 
Epoch	65
2024-05-22 17:44:17,682 - INFO - [6144/363571]	Loss  : 1.2925
2024-05-22 17:44:42,464 - INFO - Test loss   : 0.6260
2024-05-22 17:44:42,464 - INFO - 
Epoch	66
2024-05-22 17:44:45,528 - INFO - [6144/363571]	Loss  : 1.2877
2024-05-22 17:45:09,779 - INFO - Test loss   : 0.6187
2024-05-22 17:45:09,779 - INFO - 
Epoch	67
2024-05-22 17:45:12,674 - INFO - [6144/363571]	Loss  : 1.2910
2024-05-22 17:45:37,664 - INFO - Test loss   : 0.6204
2024-05-22 17:45:37,664 - INFO - 
Epoch	68
2024-05-22 17:45:40,676 - INFO - [6144/363571]	Loss  : 1.2821
2024-05-22 17:46:04,562 - INFO - Test loss   : 0.6144
2024-05-22 17:46:04,563 - INFO - 
Epoch	69
2024-05-22 17:46:07,557 - INFO - [6144/363571]	Loss  : 1.2888
2024-05-22 17:46:32,458 - INFO - Test loss   : 0.6121
2024-05-22 17:46:32,458 - INFO - 
Epoch	70
2024-05-22 17:46:35,465 - INFO - [6144/363571]	Loss  : 1.2891
2024-05-22 17:46:59,309 - INFO - Test loss   : 0.6267
2024-05-22 17:46:59,379 - INFO - (53041,)
2024-05-22 17:46:59,524 - INFO -  Split ID: 0
2024-05-22 17:46:59,524 - INFO -  Top 1	LocEnc (Epoch 70)acc (%):   13.01
2024-05-22 17:46:59,524 - INFO -  Top 3	LocEnc (Epoch 70)acc (%):   25.4
2024-05-22 17:46:59,524 - INFO -  Top 5	LocEnc (Epoch 70)acc (%):   33.48
2024-05-22 17:46:59,524 - INFO -  Top 10	LocEnc (Epoch 70)acc (%):   49.37
2024-05-22 17:46:59,532 - INFO - 
No prior
2024-05-22 17:46:59,542 - INFO - (53041,)
2024-05-22 17:46:59,697 - INFO -  Split ID: 0
2024-05-22 17:46:59,698 - INFO -  Top 1	(Epoch 70)acc (%):   69.83
2024-05-22 17:46:59,698 - INFO -  Top 3	(Epoch 70)acc (%):   84.61
2024-05-22 17:46:59,698 - INFO -  Top 5	(Epoch 70)acc (%):   89.23
2024-05-22 17:46:59,698 - INFO -  Top 10	(Epoch 70)acc (%):   94.29
2024-05-22 17:47:29,402 - INFO -  Split ID: 0
2024-05-22 17:47:29,402 - INFO -  Top 1	(Epoch 70)acc (%):   70.27
2024-05-22 17:47:29,403 - INFO -  Top 3	(Epoch 70)acc (%):   85.02
2024-05-22 17:47:29,403 - INFO -  Top 5	(Epoch 70)acc (%):   89.66
2024-05-22 17:47:29,403 - INFO -  Top 10	(Epoch 70)acc (%):   94.57
2024-05-22 17:47:29,405 - INFO - 
Epoch	71
2024-05-22 17:47:32,282 - INFO - [6144/363571]	Loss  : 1.2853
2024-05-22 17:47:57,456 - INFO - Test loss   : 0.6354
2024-05-22 17:47:57,456 - INFO - 
Epoch	72
2024-05-22 17:48:00,224 - INFO - [6144/363571]	Loss  : 1.2808
2024-05-22 17:48:24,331 - INFO - Test loss   : 0.6413
2024-05-22 17:48:24,331 - INFO - 
Epoch	73
2024-05-22 17:48:27,134 - INFO - [6144/363571]	Loss  : 1.2728
2024-05-22 17:48:52,213 - INFO - Test loss   : 0.6305
2024-05-22 17:48:52,213 - INFO - 
Epoch	74
2024-05-22 17:48:55,005 - INFO - [6144/363571]	Loss  : 1.2913
2024-05-22 17:49:19,044 - INFO - Test loss   : 0.6167
2024-05-22 17:49:19,045 - INFO - 
Epoch	75
2024-05-22 17:49:21,832 - INFO - [6144/363571]	Loss  : 1.2843
2024-05-22 17:49:47,049 - INFO - Test loss   : 0.6110
2024-05-22 17:49:47,049 - INFO - 
Epoch	76
2024-05-22 17:49:49,844 - INFO - [6144/363571]	Loss  : 1.2807
2024-05-22 17:50:13,904 - INFO - Test loss   : 0.6146
2024-05-22 17:50:13,904 - INFO - 
Epoch	77
2024-05-22 17:50:16,678 - INFO - [6144/363571]	Loss  : 1.2787
2024-05-22 17:50:41,875 - INFO - Test loss   : 0.6228
2024-05-22 17:50:41,875 - INFO - 
Epoch	78
2024-05-22 17:50:44,929 - INFO - [6144/363571]	Loss  : 1.2810
2024-05-22 17:51:08,750 - INFO - Test loss   : 0.6282
2024-05-22 17:51:08,750 - INFO - 
Epoch	79
2024-05-22 17:51:11,506 - INFO - [6144/363571]	Loss  : 1.2827
2024-05-22 17:51:36,450 - INFO - Test loss   : 0.6248
2024-05-22 17:51:36,450 - INFO - 
Epoch	80
2024-05-22 17:51:39,437 - INFO - [6144/363571]	Loss  : 1.2785
2024-05-22 17:52:03,005 - INFO - Test loss   : 0.6193
2024-05-22 17:52:03,179 - INFO - (53041,)
2024-05-22 17:52:03,819 - INFO -  Split ID: 0
2024-05-22 17:52:03,819 - INFO -  Top 1	LocEnc (Epoch 80)acc (%):   11.4
2024-05-22 17:52:03,820 - INFO -  Top 3	LocEnc (Epoch 80)acc (%):   28.04
2024-05-22 17:52:03,820 - INFO -  Top 5	LocEnc (Epoch 80)acc (%):   35.22
2024-05-22 17:52:03,820 - INFO -  Top 10	LocEnc (Epoch 80)acc (%):   50.03
2024-05-22 17:52:03,833 - INFO - 
No prior
2024-05-22 17:52:03,849 - INFO - (53041,)
2024-05-22 17:52:04,056 - INFO -  Split ID: 0
2024-05-22 17:52:04,056 - INFO -  Top 1	(Epoch 80)acc (%):   69.83
2024-05-22 17:52:04,057 - INFO -  Top 3	(Epoch 80)acc (%):   84.61
2024-05-22 17:52:04,057 - INFO -  Top 5	(Epoch 80)acc (%):   89.23
2024-05-22 17:52:04,057 - INFO -  Top 10	(Epoch 80)acc (%):   94.29
2024-05-22 17:52:31,193 - INFO -  Split ID: 0
2024-05-22 17:52:31,194 - INFO -  Top 1	(Epoch 80)acc (%):   70.29
2024-05-22 17:52:31,194 - INFO -  Top 3	(Epoch 80)acc (%):   85.01
2024-05-22 17:52:31,194 - INFO -  Top 5	(Epoch 80)acc (%):   89.7
2024-05-22 17:52:31,194 - INFO -  Top 10	(Epoch 80)acc (%):   94.57
2024-05-22 17:52:31,197 - INFO - 
Epoch	81
2024-05-22 17:52:34,216 - INFO - [6144/363571]	Loss  : 1.2914
2024-05-22 17:52:58,623 - INFO - Test loss   : 0.6198
2024-05-22 17:52:58,623 - INFO - 
Epoch	82
2024-05-22 17:53:01,634 - INFO - [6144/363571]	Loss  : 1.2798
2024-05-22 17:53:26,044 - INFO - Test loss   : 0.6125
2024-05-22 17:53:26,045 - INFO - 
Epoch	83
2024-05-22 17:53:29,033 - INFO - [6144/363571]	Loss  : 1.2842
2024-05-22 17:53:53,400 - INFO - Test loss   : 0.6299
2024-05-22 17:53:53,400 - INFO - 
Epoch	84
2024-05-22 17:53:56,469 - INFO - [6144/363571]	Loss  : 1.2818
2024-05-22 17:54:20,903 - INFO - Test loss   : 0.6397
2024-05-22 17:54:20,903 - INFO - 
Epoch	85
2024-05-22 17:54:23,922 - INFO - [6144/363571]	Loss  : 1.2779
2024-05-22 17:54:48,281 - INFO - Test loss   : 0.6254
2024-05-22 17:54:48,281 - INFO - 
Epoch	86
2024-05-22 17:54:51,294 - INFO - [6144/363571]	Loss  : 1.2831
2024-05-22 17:55:15,772 - INFO - Test loss   : 0.6177
2024-05-22 17:55:15,772 - INFO - 
Epoch	87
2024-05-22 17:55:18,784 - INFO - [6144/363571]	Loss  : 1.2870
2024-05-22 17:55:43,188 - INFO - Test loss   : 0.6194
2024-05-22 17:55:43,188 - INFO - 
Epoch	88
2024-05-22 17:55:46,214 - INFO - [6144/363571]	Loss  : 1.2792
2024-05-22 17:56:10,733 - INFO - Test loss   : 0.6132
2024-05-22 17:56:10,733 - INFO - 
Epoch	89
2024-05-22 17:56:13,751 - INFO - [6144/363571]	Loss  : 1.2822
2024-05-22 17:56:38,132 - INFO - Test loss   : 0.6115
2024-05-22 17:56:38,132 - INFO - 
Epoch	90
2024-05-22 17:56:41,199 - INFO - [6144/363571]	Loss  : 1.2751
2024-05-22 17:57:05,582 - INFO - Test loss   : 0.6134
2024-05-22 17:57:05,718 - INFO - (53041,)
2024-05-22 17:57:05,930 - INFO -  Split ID: 0
2024-05-22 17:57:05,931 - INFO -  Top 1	LocEnc (Epoch 90)acc (%):   11.32
2024-05-22 17:57:05,931 - INFO -  Top 3	LocEnc (Epoch 90)acc (%):   27.13
2024-05-22 17:57:05,931 - INFO -  Top 5	LocEnc (Epoch 90)acc (%):   35.83
2024-05-22 17:57:05,931 - INFO -  Top 10	LocEnc (Epoch 90)acc (%):   48.84
2024-05-22 17:57:05,945 - INFO - 
No prior
2024-05-22 17:57:05,965 - INFO - (53041,)
2024-05-22 17:57:06,413 - INFO -  Split ID: 0
2024-05-22 17:57:06,413 - INFO -  Top 1	(Epoch 90)acc (%):   69.83
2024-05-22 17:57:06,413 - INFO -  Top 3	(Epoch 90)acc (%):   84.61
2024-05-22 17:57:06,413 - INFO -  Top 5	(Epoch 90)acc (%):   89.23
2024-05-22 17:57:06,414 - INFO -  Top 10	(Epoch 90)acc (%):   94.29
2024-05-22 17:57:36,006 - INFO -  Split ID: 0
2024-05-22 17:57:36,007 - INFO -  Top 1	(Epoch 90)acc (%):   70.29
2024-05-22 17:57:36,007 - INFO -  Top 3	(Epoch 90)acc (%):   85.05
2024-05-22 17:57:36,007 - INFO -  Top 5	(Epoch 90)acc (%):   89.73
2024-05-22 17:57:36,007 - INFO -  Top 10	(Epoch 90)acc (%):   94.59
2024-05-22 17:57:36,012 - INFO - 
Epoch	91
2024-05-22 17:57:39,169 - INFO - [6144/363571]	Loss  : 1.2884
2024-05-22 17:58:04,159 - INFO - Test loss   : 0.6162
2024-05-22 17:58:04,159 - INFO - 
Epoch	92
2024-05-22 17:58:07,175 - INFO - [6144/363571]	Loss  : 1.2680
2024-05-22 17:58:31,039 - INFO - Test loss   : 0.6178
2024-05-22 17:58:31,039 - INFO - 
Epoch	93
2024-05-22 17:58:34,043 - INFO - [6144/363571]	Loss  : 1.2694
2024-05-22 17:58:59,003 - INFO - Test loss   : 0.6215
2024-05-22 17:58:59,003 - INFO - 
Epoch	94
2024-05-22 17:59:02,010 - INFO - [6144/363571]	Loss  : 1.2691
2024-05-22 17:59:25,827 - INFO - Test loss   : 0.6209
2024-05-22 17:59:25,827 - INFO - 
Epoch	95
2024-05-22 17:59:28,820 - INFO - [6144/363571]	Loss  : 1.2743
2024-05-22 17:59:53,777 - INFO - Test loss   : 0.6130
2024-05-22 17:59:53,777 - INFO - 
Epoch	96
2024-05-22 17:59:56,845 - INFO - [6144/363571]	Loss  : 1.2709
2024-05-22 18:00:21,024 - INFO - Test loss   : 0.6159
2024-05-22 18:00:21,024 - INFO - 
Epoch	97
2024-05-22 18:00:23,973 - INFO - [6144/363571]	Loss  : 1.2670
2024-05-22 18:00:48,982 - INFO - Test loss   : 0.6202
2024-05-22 18:00:48,983 - INFO - 
Epoch	98
2024-05-22 18:00:52,003 - INFO - [6144/363571]	Loss  : 1.2736
2024-05-22 18:01:15,864 - INFO - Test loss   : 0.6261
2024-05-22 18:01:15,864 - INFO - 
Epoch	99
2024-05-22 18:01:18,879 - INFO - [6144/363571]	Loss  : 1.2694
2024-05-22 18:01:43,886 - INFO - Test loss   : 0.6268
2024-05-22 18:01:43,886 - INFO - Saving output model to ../models/wrap/model_fmow_wrap_inception_v3_0.0050_64_0.0200000_1_512.pth.tar
2024-05-22 18:01:43,901 - INFO - Saving output model to ../models/wrap/model_fmow_wrap_inception_v3_0.0050_64_0.0200000_1_512.pth.tar
2024-05-22 18:01:43,937 - INFO - 
No prior
2024-05-22 18:01:43,946 - INFO - (53041,)
2024-05-22 18:01:44,101 - INFO -  Split ID: 0
2024-05-22 18:01:44,101 - INFO -  Top 1	acc (%):   69.83
2024-05-22 18:01:44,101 - INFO -  Top 3	acc (%):   84.61
2024-05-22 18:01:44,101 - INFO -  Top 5	acc (%):   89.23
2024-05-22 18:01:44,102 - INFO -  Top 10	acc (%):   94.29
2024-05-22 18:02:12,981 - INFO -  Split ID: 0
2024-05-22 18:02:12,982 - INFO -  Top 1	acc (%):   70.34
2024-05-22 18:02:12,982 - INFO -  Top 3	acc (%):   85.07
2024-05-22 18:02:12,982 - INFO -  Top 5	acc (%):   89.73
2024-05-22 18:02:12,982 - INFO -  Top 10	acc (%):   94.6
2024-05-22 18:02:12,985 - INFO - 
wrap
2024-05-22 18:02:12,985 - INFO -  Model :	model_fmow_wrap_inception_v3_0.0050_64_0.0200000_1_512.pth.tar
2024-05-22 18:02:13,072 - INFO - (53041,)
2024-05-22 18:02:13,217 - INFO -  Split ID: 0
2024-05-22 18:02:13,217 - INFO -  Top 1	LocEnc acc (%):   15.2
2024-05-22 18:02:13,217 - INFO -  Top 3	LocEnc acc (%):   27.42
2024-05-22 18:02:13,218 - INFO -  Top 5	LocEnc acc (%):   34.73
2024-05-22 18:02:13,218 - INFO -  Top 10	LocEnc acc (%):   48.6
2024-05-27 17:03:40,479 - INFO - 
num_classes	62
2024-05-27 17:03:40,512 - INFO - num train    	363571
2024-05-27 17:03:40,512 - INFO - num val      	53041
2024-05-27 17:03:40,512 - INFO - train loss   	full_loss
2024-05-27 17:03:40,512 - INFO - model name   	../models/wrap/model_fmow_wrap_inception_v3_0.0050_64_0.0200000_1_512.pth.tar
2024-05-27 17:03:40,512 - INFO - num users    	1
2024-05-27 17:03:40,814 - INFO - 
Epoch	0
2024-05-27 17:03:48,724 - INFO - [6144/363571]	Loss  : 1.8953
2024-05-27 17:04:53,461 - INFO - Test loss   : 0.9082
2024-05-27 17:04:53,462 - INFO - 
Epoch	1
2024-05-27 17:05:01,147 - INFO - [6144/363571]	Loss  : 1.6589
2024-05-27 17:06:05,878 - INFO - Test loss   : 0.8704
2024-05-27 17:06:05,879 - INFO - 
Epoch	2
2024-05-27 17:06:13,747 - INFO - [6144/363571]	Loss  : 1.5824
2024-05-27 17:07:25,481 - INFO - Test loss   : 0.8178
2024-05-27 17:07:25,482 - INFO - 
Epoch	3
2024-05-27 17:07:34,727 - INFO - [6144/363571]	Loss  : 1.5449
2024-05-27 17:08:52,856 - INFO - Test loss   : 0.7641
2024-05-27 17:08:52,856 - INFO - 
Epoch	4
2024-05-27 17:09:02,096 - INFO - [6144/363571]	Loss  : 1.5301
2024-05-27 17:10:20,297 - INFO - Test loss   : 0.7308
2024-05-27 17:10:20,297 - INFO - 
Epoch	5
2024-05-27 17:10:29,497 - INFO - [6144/363571]	Loss  : 1.4892
2024-05-27 17:11:47,670 - INFO - Test loss   : 0.7481
2024-05-27 17:11:47,670 - INFO - 
Epoch	6
2024-05-27 17:11:56,879 - INFO - [6144/363571]	Loss  : 1.4828
2024-05-27 17:13:15,538 - INFO - Test loss   : 0.7068
2024-05-27 17:13:15,541 - INFO - 
Epoch	7
2024-05-27 17:13:24,991 - INFO - [6144/363571]	Loss  : 1.4712
2024-05-27 17:14:43,246 - INFO - Test loss   : 0.7023
2024-05-27 17:14:43,246 - INFO - 
Epoch	8
2024-05-27 17:14:52,452 - INFO - [6144/363571]	Loss  : 1.4562
2024-05-27 17:16:10,649 - INFO - Test loss   : 0.7087
2024-05-27 17:16:10,649 - INFO - 
Epoch	9
2024-05-27 17:16:19,880 - INFO - [6144/363571]	Loss  : 1.4450
2024-05-27 17:17:38,083 - INFO - Test loss   : 0.7188
2024-05-27 17:17:38,083 - INFO - 
Epoch	10
2024-05-27 17:17:47,297 - INFO - [6144/363571]	Loss  : 1.4318
2024-05-27 17:19:05,709 - INFO - Test loss   : 0.7086
2024-05-27 17:19:05,709 - INFO - 
Epoch	11
2024-05-27 17:19:15,030 - INFO - [6144/363571]	Loss  : 1.4309
2024-05-27 17:20:32,519 - INFO - Test loss   : 0.6805
2024-05-27 17:20:32,519 - INFO - 
Epoch	12
2024-05-27 17:20:41,760 - INFO - [6144/363571]	Loss  : 1.4291
2024-05-27 17:21:59,740 - INFO - Test loss   : 0.6595
2024-05-27 17:21:59,740 - INFO - 
Epoch	13
2024-05-27 17:22:09,055 - INFO - [6144/363571]	Loss  : 1.4149
2024-05-27 17:23:27,755 - INFO - Test loss   : 0.6873
2024-05-27 17:23:27,755 - INFO - 
Epoch	14
2024-05-27 17:23:36,895 - INFO - [6144/363571]	Loss  : 1.4178
2024-05-27 17:24:54,218 - INFO - Test loss   : 0.6962
2024-05-27 17:24:54,218 - INFO - 
Epoch	15
2024-05-27 17:25:03,387 - INFO - [6144/363571]	Loss  : 1.3989
2024-05-27 17:26:21,153 - INFO - Test loss   : 0.6663
2024-05-27 17:26:21,153 - INFO - 
Epoch	16
2024-05-27 17:26:30,362 - INFO - [6144/363571]	Loss  : 1.4085
2024-05-27 17:27:49,383 - INFO - Test loss   : 0.6873
2024-05-27 17:27:49,383 - INFO - 
Epoch	17
2024-05-27 17:27:58,532 - INFO - [6144/363571]	Loss  : 1.4006
2024-05-27 17:29:16,362 - INFO - Test loss   : 0.6838
2024-05-27 17:29:16,363 - INFO - 
Epoch	18
2024-05-27 17:29:25,631 - INFO - [6144/363571]	Loss  : 1.3917
2024-05-27 17:30:43,543 - INFO - Test loss   : 0.6679
2024-05-27 17:30:43,544 - INFO - 
Epoch	19
2024-05-27 17:30:52,770 - INFO - [6144/363571]	Loss  : 1.4080
2024-05-27 17:32:10,553 - INFO - Test loss   : 0.6699
2024-05-27 17:32:10,554 - INFO - 
Epoch	20
2024-05-27 17:32:19,703 - INFO - [6144/363571]	Loss  : 1.3881
2024-05-27 17:33:37,833 - INFO - Test loss   : 0.6904
2024-05-27 17:33:37,833 - INFO - 
Epoch	21
2024-05-27 17:33:47,146 - INFO - [6144/363571]	Loss  : 1.3795
2024-05-27 17:35:05,788 - INFO - Test loss   : 0.6612
2024-05-27 17:35:05,788 - INFO - 
Epoch	22
2024-05-27 17:35:15,002 - INFO - [6144/363571]	Loss  : 1.3829
2024-05-27 17:36:32,923 - INFO - Test loss   : 0.6422
2024-05-27 17:36:32,923 - INFO - 
Epoch	23
2024-05-27 17:36:42,034 - INFO - [6144/363571]	Loss  : 1.3708
2024-05-27 17:38:00,225 - INFO - Test loss   : 0.6529
2024-05-27 17:38:00,225 - INFO - 
Epoch	24
2024-05-27 17:38:09,523 - INFO - [6144/363571]	Loss  : 1.3800
2024-05-27 17:39:24,301 - INFO - Test loss   : 0.6400
2024-05-27 17:39:24,302 - INFO - 
Epoch	25
2024-05-27 17:39:31,934 - INFO - [6144/363571]	Loss  : 1.3632
2024-05-27 17:40:27,524 - INFO - Test loss   : 0.6840
2024-05-27 17:40:27,524 - INFO - 
Epoch	26
2024-05-27 17:40:32,120 - INFO - [6144/363571]	Loss  : 1.3630
2024-05-27 17:41:26,172 - INFO - Test loss   : 0.6614
2024-05-27 17:41:26,172 - INFO - 
Epoch	27
2024-05-27 17:41:33,973 - INFO - [6144/363571]	Loss  : 1.3503
2024-05-27 17:42:36,153 - INFO - Test loss   : 0.6622
2024-05-27 17:42:36,168 - INFO - 
Epoch	28
2024-05-27 17:42:43,098 - INFO - [6144/363571]	Loss  : 1.3523
2024-05-27 17:43:25,169 - INFO - Test loss   : 0.6376
2024-05-27 17:43:25,216 - INFO - 
Epoch	29
2024-05-27 17:43:31,117 - INFO - [6144/363571]	Loss  : 1.3616
2024-05-27 17:44:18,371 - INFO - Test loss   : 0.6713
2024-05-27 17:44:18,388 - INFO - 
Epoch	30
2024-05-27 17:44:24,336 - INFO - [6144/363571]	Loss  : 1.3697
2024-05-27 17:45:24,054 - INFO - Test loss   : 0.6442
2024-05-27 17:45:24,054 - INFO - 
Epoch	31
2024-05-27 17:45:31,528 - INFO - [6144/363571]	Loss  : 1.3551
2024-05-27 17:46:35,093 - INFO - Test loss   : 0.6352
2024-05-27 17:46:35,093 - INFO - 
Epoch	32
2024-05-27 17:46:42,652 - INFO - [6144/363571]	Loss  : 1.3478
2024-05-27 17:47:47,666 - INFO - Test loss   : 0.6339
2024-05-27 17:47:47,666 - INFO - 
Epoch	33
2024-05-27 17:47:55,597 - INFO - [6144/363571]	Loss  : 1.3440
2024-05-27 17:48:59,183 - INFO - Test loss   : 0.6405
2024-05-27 17:48:59,183 - INFO - 
Epoch	34
2024-05-27 17:49:06,684 - INFO - [6144/363571]	Loss  : 1.3447
2024-05-27 17:50:10,256 - INFO - Test loss   : 0.6228
2024-05-27 17:50:10,256 - INFO - 
Epoch	35
2024-05-27 17:50:17,881 - INFO - [6144/363571]	Loss  : 1.3334
2024-05-27 17:51:22,460 - INFO - Test loss   : 0.6438
2024-05-27 17:51:22,460 - INFO - 
Epoch	36
2024-05-27 17:51:30,114 - INFO - [6144/363571]	Loss  : 1.3410
2024-05-27 17:52:33,348 - INFO - Test loss   : 0.6358
2024-05-27 17:52:33,349 - INFO - 
Epoch	37
2024-05-27 17:52:40,919 - INFO - [6144/363571]	Loss  : 1.3362
2024-05-27 17:53:45,436 - INFO - Test loss   : 0.6514
2024-05-27 17:53:45,436 - INFO - 
Epoch	38
2024-05-27 17:53:53,437 - INFO - [6144/363571]	Loss  : 1.3296
2024-05-27 17:54:57,324 - INFO - Test loss   : 0.6122
2024-05-27 17:54:57,324 - INFO - 
Epoch	39
2024-05-27 17:55:04,751 - INFO - [6144/363571]	Loss  : 1.3355
2024-05-27 17:56:08,266 - INFO - Test loss   : 0.6230
2024-05-27 17:56:08,266 - INFO - 
Epoch	40
2024-05-27 17:56:15,755 - INFO - [6144/363571]	Loss  : 1.3308
2024-05-27 17:57:19,457 - INFO - Test loss   : 0.6363
2024-05-27 17:57:19,457 - INFO - 
Epoch	41
2024-05-27 17:57:26,914 - INFO - [6144/363571]	Loss  : 1.3232
2024-05-27 17:58:30,434 - INFO - Test loss   : 0.6375
2024-05-27 17:58:30,434 - INFO - 
Epoch	42
2024-05-27 17:58:37,953 - INFO - [6144/363571]	Loss  : 1.3389
2024-05-27 17:59:41,974 - INFO - Test loss   : 0.6356
2024-05-27 17:59:41,974 - INFO - 
Epoch	43
2024-05-27 17:59:49,638 - INFO - [6144/363571]	Loss  : 1.3425
2024-05-27 18:00:54,633 - INFO - Test loss   : 0.6299
2024-05-27 18:00:54,633 - INFO - 
Epoch	44
2024-05-27 18:01:02,322 - INFO - [6144/363571]	Loss  : 1.3327
2024-05-27 18:02:07,385 - INFO - Test loss   : 0.6552
2024-05-27 18:02:07,385 - INFO - 
Epoch	45
2024-05-27 18:02:15,060 - INFO - [6144/363571]	Loss  : 1.3355
2024-05-27 18:03:19,785 - INFO - Test loss   : 0.6326
2024-05-27 18:03:19,785 - INFO - 
Epoch	46
2024-05-27 18:03:27,684 - INFO - [6144/363571]	Loss  : 1.3335
2024-05-27 18:04:33,823 - INFO - Test loss   : 0.6297
2024-05-27 18:04:33,823 - INFO - 
Epoch	47
2024-05-27 18:04:41,421 - INFO - [6144/363571]	Loss  : 1.3321
2024-05-27 18:05:46,938 - INFO - Test loss   : 0.6424
2024-05-27 18:05:46,938 - INFO - 
Epoch	48
2024-05-27 18:05:54,739 - INFO - [6144/363571]	Loss  : 1.3375
2024-05-27 18:06:59,627 - INFO - Test loss   : 0.6267
2024-05-27 18:06:59,627 - INFO - 
Epoch	49
2024-05-27 18:07:07,279 - INFO - [6144/363571]	Loss  : 1.3245
2024-05-27 18:08:12,275 - INFO - Test loss   : 0.6304
2024-05-27 18:08:12,276 - INFO - 
Epoch	50
2024-05-27 18:08:20,029 - INFO - [6144/363571]	Loss  : 1.3144
2024-05-27 18:09:24,849 - INFO - Test loss   : 0.6330
2024-05-27 18:09:24,849 - INFO - 
Epoch	51
2024-05-27 18:09:32,538 - INFO - [6144/363571]	Loss  : 1.3206
2024-05-27 18:10:37,582 - INFO - Test loss   : 0.6249
2024-05-27 18:10:37,583 - INFO - 
Epoch	52
2024-05-27 18:10:45,133 - INFO - [6144/363571]	Loss  : 1.3132
2024-05-27 18:11:50,971 - INFO - Test loss   : 0.6144
2024-05-27 18:11:50,971 - INFO - 
Epoch	53
2024-05-27 18:11:58,593 - INFO - [6144/363571]	Loss  : 1.3225
2024-05-27 18:13:03,541 - INFO - Test loss   : 0.6413
2024-05-27 18:13:03,541 - INFO - 
Epoch	54
2024-05-27 18:13:11,248 - INFO - [6144/363571]	Loss  : 1.3248
2024-05-27 18:14:16,201 - INFO - Test loss   : 0.6283
2024-05-27 18:14:16,202 - INFO - 
Epoch	55
2024-05-27 18:14:23,892 - INFO - [6144/363571]	Loss  : 1.3193
2024-05-27 18:15:28,895 - INFO - Test loss   : 0.6267
2024-05-27 18:15:28,895 - INFO - 
Epoch	56
2024-05-27 18:15:36,540 - INFO - [6144/363571]	Loss  : 1.3180
2024-05-27 18:16:40,818 - INFO - Test loss   : 0.6292
2024-05-27 18:16:40,818 - INFO - 
Epoch	57
2024-05-27 18:16:48,420 - INFO - [6144/363571]	Loss  : 1.3193
2024-05-27 18:17:54,570 - INFO - Test loss   : 0.6201
2024-05-27 18:17:54,570 - INFO - 
Epoch	58
2024-05-27 18:18:02,256 - INFO - [6144/363571]	Loss  : 1.3152
2024-05-27 18:19:07,276 - INFO - Test loss   : 0.6162
2024-05-27 18:19:07,277 - INFO - 
Epoch	59
2024-05-27 18:19:14,859 - INFO - [6144/363571]	Loss  : 1.3142
2024-05-27 18:20:19,852 - INFO - Test loss   : 0.6303
2024-05-27 18:20:19,852 - INFO - 
Epoch	60
2024-05-27 18:20:27,516 - INFO - [6144/363571]	Loss  : 1.3017
2024-05-27 18:21:32,445 - INFO - Test loss   : 0.6298
2024-05-27 18:21:32,445 - INFO - 
Epoch	61
2024-05-27 18:21:40,146 - INFO - [6144/363571]	Loss  : 1.3068
2024-05-27 18:22:45,939 - INFO - Test loss   : 0.6269
2024-05-27 18:22:45,939 - INFO - 
Epoch	62
2024-05-27 18:22:53,582 - INFO - [6144/363571]	Loss  : 1.3081
2024-05-27 18:23:58,465 - INFO - Test loss   : 0.6191
2024-05-27 18:23:58,465 - INFO - 
Epoch	63
2024-05-27 18:24:06,161 - INFO - [6144/363571]	Loss  : 1.3153
2024-05-27 18:25:11,124 - INFO - Test loss   : 0.6241
2024-05-27 18:25:11,124 - INFO - 
Epoch	64
2024-05-27 18:25:18,824 - INFO - [6144/363571]	Loss  : 1.3056
2024-05-27 18:26:23,808 - INFO - Test loss   : 0.6324
2024-05-27 18:26:23,808 - INFO - 
Epoch	65
2024-05-27 18:26:31,405 - INFO - [6144/363571]	Loss  : 1.2988
2024-05-27 18:27:35,971 - INFO - Test loss   : 0.6358
2024-05-27 18:27:35,972 - INFO - 
Epoch	66
2024-05-27 18:27:43,508 - INFO - [6144/363571]	Loss  : 1.3023
2024-05-27 18:28:48,971 - INFO - Test loss   : 0.6232
2024-05-27 18:28:48,971 - INFO - 
Epoch	67
2024-05-27 18:28:56,604 - INFO - [6144/363571]	Loss  : 1.2971
2024-05-27 18:30:01,846 - INFO - Test loss   : 0.6246
2024-05-27 18:30:01,846 - INFO - 
Epoch	68
2024-05-27 18:30:07,976 - INFO - [6144/363571]	Loss  : 1.3086
2024-05-27 18:31:11,972 - INFO - Test loss   : 0.6215
2024-05-27 18:31:11,972 - INFO - 
Epoch	69
2024-05-27 18:31:19,620 - INFO - [6144/363571]	Loss  : 1.3032
2024-05-27 18:32:24,201 - INFO - Test loss   : 0.6296
2024-05-27 18:32:24,201 - INFO - 
Epoch	70
2024-05-27 18:32:31,867 - INFO - [6144/363571]	Loss  : 1.2993
2024-05-27 18:33:36,107 - INFO - Test loss   : 0.6294
2024-05-27 18:33:36,108 - INFO - 
Epoch	71
2024-05-27 18:33:43,554 - INFO - [6144/363571]	Loss  : 1.2867
2024-05-27 18:34:47,904 - INFO - Test loss   : 0.6319
2024-05-27 18:34:47,904 - INFO - 
Epoch	72
2024-05-27 18:34:55,560 - INFO - [6144/363571]	Loss  : 1.2887
2024-05-27 18:35:59,909 - INFO - Test loss   : 0.6258
2024-05-27 18:35:59,910 - INFO - 
Epoch	73
2024-05-27 18:36:07,428 - INFO - [6144/363571]	Loss  : 1.2997
2024-05-27 18:37:11,700 - INFO - Test loss   : 0.6264
2024-05-27 18:37:11,700 - INFO - 
Epoch	74
2024-05-27 18:37:19,384 - INFO - [6144/363571]	Loss  : 1.2980
2024-05-27 18:38:23,604 - INFO - Test loss   : 0.6248
2024-05-27 18:38:23,604 - INFO - 
Epoch	75
2024-05-27 18:38:31,170 - INFO - [6144/363571]	Loss  : 1.3010
2024-05-27 18:39:36,125 - INFO - Test loss   : 0.6209
2024-05-27 18:39:36,125 - INFO - 
Epoch	76
2024-05-27 18:39:43,958 - INFO - [6144/363571]	Loss  : 1.2888
2024-05-27 18:40:48,543 - INFO - Test loss   : 0.6265
2024-05-27 18:40:48,543 - INFO - 
Epoch	77
2024-05-27 18:40:56,181 - INFO - [6144/363571]	Loss  : 1.2952
2024-05-27 18:42:00,430 - INFO - Test loss   : 0.6284
2024-05-27 18:42:00,430 - INFO - 
Epoch	78
2024-05-27 18:42:08,095 - INFO - [6144/363571]	Loss  : 1.2900
2024-05-27 18:43:12,430 - INFO - Test loss   : 0.6088
2024-05-27 18:43:12,430 - INFO - 
Epoch	79
2024-05-27 18:43:20,017 - INFO - [6144/363571]	Loss  : 1.2870
2024-05-27 18:44:25,056 - INFO - Test loss   : 0.6173
2024-05-27 18:44:25,057 - INFO - 
Epoch	80
2024-05-27 18:44:32,846 - INFO - [6144/363571]	Loss  : 1.2954
2024-05-27 18:45:38,342 - INFO - Test loss   : 0.6161
2024-05-27 18:45:38,342 - INFO - 
Epoch	81
2024-05-27 18:45:45,934 - INFO - [6144/363571]	Loss  : 1.2900
2024-05-27 18:46:49,002 - INFO - Test loss   : 0.6162
2024-05-27 18:46:49,002 - INFO - 
Epoch	82
2024-05-27 18:46:55,003 - INFO - [6144/363571]	Loss  : 1.2903
2024-05-27 18:47:46,112 - INFO - Test loss   : 0.6196
2024-05-27 18:47:46,113 - INFO - 
Epoch	83
2024-05-27 18:47:52,145 - INFO - [6144/363571]	Loss  : 1.2896
2024-05-27 18:48:43,055 - INFO - Test loss   : 0.6205
2024-05-27 18:48:43,055 - INFO - 
Epoch	84
2024-05-27 18:48:49,178 - INFO - [6144/363571]	Loss  : 1.2944
2024-05-27 18:49:40,228 - INFO - Test loss   : 0.6288
2024-05-27 18:49:40,228 - INFO - 
Epoch	85
2024-05-27 18:49:46,424 - INFO - [6144/363571]	Loss  : 1.2817
2024-05-27 18:50:35,283 - INFO - Test loss   : 0.6308
2024-05-27 18:50:35,283 - INFO - 
Epoch	86
2024-05-27 18:50:41,213 - INFO - [6144/363571]	Loss  : 1.2919
2024-05-27 18:51:30,800 - INFO - Test loss   : 0.6138
2024-05-27 18:51:30,800 - INFO - 
Epoch	87
2024-05-27 18:51:36,720 - INFO - [6144/363571]	Loss  : 1.2876
2024-05-27 18:52:26,252 - INFO - Test loss   : 0.6082
2024-05-27 18:52:26,253 - INFO - 
Epoch	88
2024-05-27 18:52:32,213 - INFO - [6144/363571]	Loss  : 1.2935
2024-05-27 18:53:21,990 - INFO - Test loss   : 0.6167
2024-05-27 18:53:21,991 - INFO - 
Epoch	89
2024-05-27 18:53:27,940 - INFO - [6144/363571]	Loss  : 1.2811
2024-05-27 18:54:12,633 - INFO - Test loss   : 0.6125
2024-05-27 18:54:12,634 - INFO - 
Epoch	90
2024-05-27 18:54:18,002 - INFO - [6144/363571]	Loss  : 1.2801
2024-05-27 18:55:01,713 - INFO - Test loss   : 0.6036
2024-05-27 18:55:01,713 - INFO - 
Epoch	91
2024-05-27 18:55:06,679 - INFO - [6144/363571]	Loss  : 1.2980
2024-05-27 18:55:57,826 - INFO - Test loss   : 0.6040
2024-05-27 18:55:57,826 - INFO - 
Epoch	92
2024-05-27 18:56:04,207 - INFO - [6144/363571]	Loss  : 1.2820
2024-05-27 18:56:54,426 - INFO - Test loss   : 0.6154
2024-05-27 18:56:54,426 - INFO - 
Epoch	93
2024-05-27 18:57:00,277 - INFO - [6144/363571]	Loss  : 1.2852
2024-05-27 18:57:49,521 - INFO - Test loss   : 0.6203
2024-05-27 18:57:49,521 - INFO - 
Epoch	94
2024-05-27 18:57:55,292 - INFO - [6144/363571]	Loss  : 1.2878
2024-05-27 18:58:45,151 - INFO - Test loss   : 0.6173
2024-05-27 18:58:45,151 - INFO - 
Epoch	95
2024-05-27 18:58:51,171 - INFO - [6144/363571]	Loss  : 1.2766
2024-05-27 18:59:41,288 - INFO - Test loss   : 0.6147
2024-05-27 18:59:41,289 - INFO - 
Epoch	96
2024-05-27 18:59:47,046 - INFO - [6144/363571]	Loss  : 1.2878
2024-05-27 19:00:37,089 - INFO - Test loss   : 0.6159
2024-05-27 19:00:37,089 - INFO - 
Epoch	97
2024-05-27 19:00:42,898 - INFO - [6144/363571]	Loss  : 1.2823
2024-05-27 19:01:34,573 - INFO - Test loss   : 0.6120
2024-05-27 19:01:34,574 - INFO - 
Epoch	98
2024-05-27 19:01:40,433 - INFO - [6144/363571]	Loss  : 1.2921
2024-05-27 19:02:25,173 - INFO - Test loss   : 0.6104
2024-05-27 19:02:25,173 - INFO - 
Epoch	99
2024-05-27 19:02:28,799 - INFO - [6144/363571]	Loss  : 1.2839
2024-05-27 19:03:03,338 - INFO - Test loss   : 0.6162
2024-05-27 19:03:03,338 - INFO - Saving output model to ../models/wrap/model_fmow_wrap_inception_v3_0.0050_64_0.0200000_1_512.pth.tar
2024-05-27 19:03:03,398 - INFO - Saving output model to ../models/wrap/model_fmow_wrap_inception_v3_0.0050_64_0.0200000_1_512.pth.tar
2024-05-27 19:03:03,430 - INFO - 
No prior
2024-05-27 19:03:03,442 - INFO - (53041,)
2024-05-27 19:03:03,612 - INFO -  Split ID: 0
2024-05-27 19:03:03,613 - INFO -  Top 1	acc (%):   69.83
2024-05-27 19:03:03,613 - INFO -  Top 3	acc (%):   84.61
2024-05-27 19:03:03,613 - INFO -  Top 5	acc (%):   89.23
2024-05-27 19:03:03,613 - INFO -  Top 10	acc (%):   94.29
2024-05-27 19:03:48,938 - INFO -  Split ID: 0
2024-05-27 19:03:48,938 - INFO -  Top 1	acc (%):   70.3
2024-05-27 19:03:48,938 - INFO -  Top 3	acc (%):   85.01
2024-05-27 19:03:48,938 - INFO -  Top 5	acc (%):   89.68
2024-05-27 19:03:48,938 - INFO -  Top 10	acc (%):   94.58
2024-05-27 19:03:48,954 - INFO - 
Only wrap
2024-05-27 19:03:48,955 - INFO -  Model :	model_fmow_wrap_inception_v3_0.0050_64_0.0200000_1_512.pth.tar
2024-05-27 19:03:49,071 - INFO - (53041,)
2024-05-27 19:03:49,230 - INFO -  Split ID: 0
2024-05-27 19:03:49,231 - INFO -  Top 1	LocEnc acc (%):   11.26
2024-05-27 19:03:49,231 - INFO -  Top 3	LocEnc acc (%):   27.34
2024-05-27 19:03:49,231 - INFO -  Top 5	LocEnc acc (%):   35.1
2024-05-27 19:03:49,231 - INFO -  Top 10	LocEnc acc (%):   50.52
