2024-05-28 17:41:42,165 - INFO - 
num_classes	8142
2024-05-28 17:41:42,165 - INFO - num train    	436063
2024-05-28 17:41:42,165 - INFO - num val      	24343
2024-05-28 17:41:42,165 - INFO - train loss   	full_loss
2024-05-28 17:41:42,165 - INFO - model name   	../models/sphere2vec_sphereCplus/model_inat_2018_Sphere2Vec-sphereC+_0.0005_64_0.0010000_1_1024_leakyrelu.pth.tar
2024-05-28 17:41:42,165 - INFO - num users    	18643
2024-05-28 17:41:42,647 - INFO - 
Epoch	0
2024-05-28 17:43:12,930 - INFO - [51200/436063]	Loss  : 1.8326
2024-05-28 17:44:42,409 - INFO - [102400/436063]	Loss  : 1.6068
2024-05-28 17:46:23,115 - INFO - [153600/436063]	Loss  : 1.4494
2024-05-28 17:48:03,856 - INFO - [204800/436063]	Loss  : 1.3257
2024-05-28 17:49:43,770 - INFO - [256000/436063]	Loss  : 1.2293
2024-05-28 17:49:55,159 - INFO - [262144/436063]	Loss  : 1.2197
2024-05-28 17:50:41,721 - INFO - Test loss   : 0.3367
2024-05-28 17:50:41,722 - INFO - 
Epoch	1
2024-05-28 17:52:24,983 - INFO - [51200/436063]	Loss  : 0.7188
2024-05-28 17:54:05,735 - INFO - [102400/436063]	Loss  : 0.6979
2024-05-28 17:55:46,779 - INFO - [153600/436063]	Loss  : 0.6793
2024-05-28 17:57:27,621 - INFO - [204800/436063]	Loss  : 0.6626
2024-05-28 17:59:12,000 - INFO - [256000/436063]	Loss  : 0.6479
2024-05-28 17:59:24,099 - INFO - [262144/436063]	Loss  : 0.6463
2024-05-28 18:00:09,668 - INFO - Test loss   : 0.2072
2024-05-28 18:00:09,668 - INFO - 
Epoch	2
2024-05-28 18:01:53,053 - INFO - [51200/436063]	Loss  : 0.5407
2024-05-28 18:03:34,389 - INFO - [102400/436063]	Loss  : 0.5366
2024-05-28 18:05:15,874 - INFO - [153600/436063]	Loss  : 0.5315
2024-05-28 18:06:57,212 - INFO - [204800/436063]	Loss  : 0.5257
2024-05-28 18:08:38,619 - INFO - [256000/436063]	Loss  : 0.5206
2024-05-28 18:08:49,967 - INFO - [262144/436063]	Loss  : 0.5202
2024-05-28 18:09:37,583 - INFO - Test loss   : 0.1661
2024-05-28 18:09:37,583 - INFO - 
Epoch	3
2024-05-28 18:11:20,900 - INFO - [51200/436063]	Loss  : 0.4671
2024-05-28 18:13:01,921 - INFO - [102400/436063]	Loss  : 0.4657
2024-05-28 18:14:43,431 - INFO - [153600/436063]	Loss  : 0.4633
2024-05-28 18:16:24,818 - INFO - [204800/436063]	Loss  : 0.4615
2024-05-28 18:18:06,314 - INFO - [256000/436063]	Loss  : 0.4592
2024-05-28 18:18:17,807 - INFO - [262144/436063]	Loss  : 0.4589
2024-05-28 18:19:05,508 - INFO - Test loss   : 0.1637
2024-05-28 18:19:05,508 - INFO - 
Epoch	4
2024-05-28 18:20:48,922 - INFO - [51200/436063]	Loss  : 0.4249
2024-05-28 18:22:30,409 - INFO - [102400/436063]	Loss  : 0.4247
2024-05-28 18:24:11,357 - INFO - [153600/436063]	Loss  : 0.4238
2024-05-28 18:25:44,657 - INFO - [204800/436063]	Loss  : 0.4224
2024-05-28 18:27:27,008 - INFO - [256000/436063]	Loss  : 0.4212
2024-05-28 18:27:39,026 - INFO - [262144/436063]	Loss  : 0.4211
2024-05-28 18:28:28,631 - INFO - Test loss   : 0.1552
2024-05-28 18:28:28,631 - INFO - 
Epoch	5
2024-05-28 18:30:11,994 - INFO - [51200/436063]	Loss  : 0.3946
2024-05-28 18:31:53,268 - INFO - [102400/436063]	Loss  : 0.3952
2024-05-28 18:33:34,774 - INFO - [153600/436063]	Loss  : 0.3952
2024-05-28 18:35:16,248 - INFO - [204800/436063]	Loss  : 0.3947
2024-05-28 18:36:57,664 - INFO - [256000/436063]	Loss  : 0.3937
2024-05-28 18:37:09,126 - INFO - [262144/436063]	Loss  : 0.3937
2024-05-28 18:37:56,742 - INFO - Test loss   : 0.1603
2024-05-28 18:37:56,742 - INFO - 
Epoch	6
2024-05-28 18:39:40,047 - INFO - [51200/436063]	Loss  : 0.3754
2024-05-28 18:41:21,118 - INFO - [102400/436063]	Loss  : 0.3739
2024-05-28 18:43:03,243 - INFO - [153600/436063]	Loss  : 0.3736
2024-05-28 18:44:44,951 - INFO - [204800/436063]	Loss  : 0.3736
2024-05-28 18:46:26,197 - INFO - [256000/436063]	Loss  : 0.3735
2024-05-28 18:46:37,595 - INFO - [262144/436063]	Loss  : 0.3734
2024-05-28 18:47:25,455 - INFO - Test loss   : 0.1665
2024-05-28 18:47:25,455 - INFO - 
Epoch	7
2024-05-28 18:49:08,862 - INFO - [51200/436063]	Loss  : 0.3552
2024-05-28 18:50:49,874 - INFO - [102400/436063]	Loss  : 0.3557
2024-05-28 18:52:31,116 - INFO - [153600/436063]	Loss  : 0.3565
2024-05-28 18:54:12,380 - INFO - [204800/436063]	Loss  : 0.3567
2024-05-28 18:55:53,651 - INFO - [256000/436063]	Loss  : 0.3570
2024-05-28 18:56:05,076 - INFO - [262144/436063]	Loss  : 0.3571
2024-05-28 18:56:52,902 - INFO - Test loss   : 0.1662
2024-05-28 18:56:52,903 - INFO - 
Epoch	8
2024-05-28 18:58:36,522 - INFO - [51200/436063]	Loss  : 0.3436
2024-05-28 19:00:17,660 - INFO - [102400/436063]	Loss  : 0.3433
2024-05-28 19:01:58,863 - INFO - [153600/436063]	Loss  : 0.3441
2024-05-28 19:03:40,313 - INFO - [204800/436063]	Loss  : 0.3442
2024-05-28 19:05:22,185 - INFO - [256000/436063]	Loss  : 0.3447
2024-05-28 19:05:33,594 - INFO - [262144/436063]	Loss  : 0.3448
2024-05-28 19:06:21,439 - INFO - Test loss   : 0.1755
2024-05-28 19:06:21,439 - INFO - 
Epoch	9
2024-05-28 19:08:05,222 - INFO - [51200/436063]	Loss  : 0.3303
2024-05-28 19:09:46,487 - INFO - [102400/436063]	Loss  : 0.3305
2024-05-28 19:11:27,782 - INFO - [153600/436063]	Loss  : 0.3316
2024-05-28 19:13:08,936 - INFO - [204800/436063]	Loss  : 0.3323
2024-05-28 19:14:49,878 - INFO - [256000/436063]	Loss  : 0.3328
2024-05-28 19:15:01,251 - INFO - [262144/436063]	Loss  : 0.3328
2024-05-28 19:15:49,043 - INFO - Test loss   : 0.1837
2024-05-28 19:15:49,043 - INFO - 
Epoch	10
2024-05-28 19:17:32,391 - INFO - [51200/436063]	Loss  : 0.3195
2024-05-28 19:19:08,690 - INFO - [102400/436063]	Loss  : 0.3209
2024-05-28 19:20:51,289 - INFO - [153600/436063]	Loss  : 0.3217
2024-05-28 19:22:32,536 - INFO - [204800/436063]	Loss  : 0.3227
2024-05-28 19:24:13,748 - INFO - [256000/436063]	Loss  : 0.3233
2024-05-28 19:24:25,316 - INFO - [262144/436063]	Loss  : 0.3233
2024-05-28 19:25:13,643 - INFO - Test loss   : 0.1957
2024-05-28 19:25:14,623 - INFO - (24343,)
2024-05-28 19:25:38,692 - INFO -  Split ID: 0
2024-05-28 19:25:38,704 - INFO -  Top 1	LocEnc (Epoch 10)acc (%):   1.89
2024-05-28 19:25:38,705 - INFO -  Top 3	LocEnc (Epoch 10)acc (%):   5.25
2024-05-28 19:25:38,706 - INFO -  Top 5	LocEnc (Epoch 10)acc (%):   7.9
2024-05-28 19:25:38,707 - INFO -  Top 10	LocEnc (Epoch 10)acc (%):   13.31
2024-05-28 19:25:38,815 - INFO - 
No prior
2024-05-28 19:25:39,039 - INFO - (24426,)
2024-05-28 19:25:50,571 - INFO -  Split ID: 0
2024-05-28 19:25:50,571 - INFO -  Top 1	(Epoch 10)acc (%):   60.2
2024-05-28 19:25:50,571 - INFO -  Top 3	(Epoch 10)acc (%):   77.9
2024-05-28 19:25:50,571 - INFO -  Top 5	(Epoch 10)acc (%):   83.29
2024-05-28 19:25:50,571 - INFO -  Top 10	(Epoch 10)acc (%):   88.5
2024-05-28 19:26:39,556 - INFO -  Split ID: 0
2024-05-28 19:26:39,556 - INFO -  Top 1	(Epoch 10)acc (%):   72.82
2024-05-28 19:26:39,556 - INFO -  Top 3	(Epoch 10)acc (%):   87.42
2024-05-28 19:26:39,556 - INFO -  Top 5	(Epoch 10)acc (%):   91.01
2024-05-28 19:26:39,556 - INFO -  Top 10	(Epoch 10)acc (%):   94.1
2024-05-28 19:27:28,424 - INFO -  Split ID: 0
2024-05-28 19:27:28,425 - INFO -  Top 1	(Epoch 10)acc (%):   72.82
2024-05-28 19:27:28,425 - INFO - for optuna top1: 72.82
2024-05-28 19:27:28,425 - INFO -  Top 3	(Epoch 10)acc (%):   87.42
2024-05-28 19:27:28,425 - INFO -  Top 5	(Epoch 10)acc (%):   91.01
2024-05-28 19:27:28,425 - INFO -  Top 10	(Epoch 10)acc (%):   94.1
2024-05-28 19:27:28,426 - INFO - 
Epoch	11
2024-05-28 19:29:07,655 - INFO - [51200/436063]	Loss  : 0.3115
2024-05-28 19:30:49,928 - INFO - [102400/436063]	Loss  : 0.3120
2024-05-28 19:32:31,170 - INFO - [153600/436063]	Loss  : 0.3134
2024-05-28 19:34:12,328 - INFO - [204800/436063]	Loss  : 0.3141
2024-05-28 19:35:53,579 - INFO - [256000/436063]	Loss  : 0.3143
2024-05-28 19:36:04,961 - INFO - [262144/436063]	Loss  : 0.3143
2024-05-28 19:36:52,595 - INFO - Test loss   : 0.2032
2024-05-28 19:36:52,596 - INFO - 
Epoch	12
2024-05-28 19:38:36,084 - INFO - [51200/436063]	Loss  : 0.3053
2024-05-28 19:40:17,256 - INFO - [102400/436063]	Loss  : 0.3063
2024-05-28 19:41:58,654 - INFO - [153600/436063]	Loss  : 0.3070
2024-05-28 19:43:39,902 - INFO - [204800/436063]	Loss  : 0.3077
2024-05-28 19:45:21,444 - INFO - [256000/436063]	Loss  : 0.3082
2024-05-28 19:45:32,988 - INFO - [262144/436063]	Loss  : 0.3082
2024-05-28 19:46:21,505 - INFO - Test loss   : 0.2069
2024-05-28 19:46:21,505 - INFO - 
Epoch	13
2024-05-28 19:48:05,191 - INFO - [51200/436063]	Loss  : 0.2976
2024-05-28 19:49:46,340 - INFO - [102400/436063]	Loss  : 0.2989
2024-05-28 19:51:27,779 - INFO - [153600/436063]	Loss  : 0.2997
2024-05-28 19:53:09,030 - INFO - [204800/436063]	Loss  : 0.3006
2024-05-28 19:54:50,424 - INFO - [256000/436063]	Loss  : 0.3013
2024-05-28 19:55:01,860 - INFO - [262144/436063]	Loss  : 0.3013
2024-05-28 19:55:49,648 - INFO - Test loss   : 0.2158
2024-05-28 19:55:49,649 - INFO - 
Epoch	14
2024-05-28 19:57:33,182 - INFO - [51200/436063]	Loss  : 0.2919
2024-05-28 19:59:14,437 - INFO - [102400/436063]	Loss  : 0.2932
2024-05-28 20:00:55,450 - INFO - [153600/436063]	Loss  : 0.2944
2024-05-28 20:02:36,650 - INFO - [204800/436063]	Loss  : 0.2954
2024-05-28 20:04:18,082 - INFO - [256000/436063]	Loss  : 0.2961
2024-05-28 20:04:29,580 - INFO - [262144/436063]	Loss  : 0.2961
2024-05-28 20:05:17,384 - INFO - Test loss   : 0.2211
2024-05-28 20:05:17,384 - INFO - 
Epoch	15
2024-05-28 20:07:01,609 - INFO - [51200/436063]	Loss  : 0.2866
2024-05-28 20:08:43,452 - INFO - [102400/436063]	Loss  : 0.2887
2024-05-28 20:10:24,608 - INFO - [153600/436063]	Loss  : 0.2886
2024-05-28 20:12:05,888 - INFO - [204800/436063]	Loss  : 0.2896
2024-05-28 20:13:47,209 - INFO - [256000/436063]	Loss  : 0.2899
2024-05-28 20:13:58,568 - INFO - [262144/436063]	Loss  : 0.2900
2024-05-28 20:14:46,407 - INFO - Test loss   : 0.2378
2024-05-28 20:14:46,407 - INFO - 
Epoch	16
2024-05-28 20:16:30,091 - INFO - [51200/436063]	Loss  : 0.2828
2024-05-28 20:18:11,446 - INFO - [102400/436063]	Loss  : 0.2836
2024-05-28 20:19:52,454 - INFO - [153600/436063]	Loss  : 0.2842
2024-05-28 20:21:33,749 - INFO - [204800/436063]	Loss  : 0.2849
2024-05-28 20:23:15,067 - INFO - [256000/436063]	Loss  : 0.2859
2024-05-28 20:23:26,491 - INFO - [262144/436063]	Loss  : 0.2860
2024-05-28 20:24:14,278 - INFO - Test loss   : 0.2387
2024-05-28 20:24:14,279 - INFO - 
Epoch	17
2024-05-28 20:25:55,814 - INFO - [51200/436063]	Loss  : 0.2784
2024-05-28 20:27:27,771 - INFO - [102400/436063]	Loss  : 0.2797
2024-05-28 20:29:15,010 - INFO - [153600/436063]	Loss  : 0.2803
2024-05-28 20:30:56,723 - INFO - [204800/436063]	Loss  : 0.2808
2024-05-28 20:32:38,258 - INFO - [256000/436063]	Loss  : 0.2813
2024-05-28 20:32:49,646 - INFO - [262144/436063]	Loss  : 0.2815
2024-05-28 20:33:37,594 - INFO - Test loss   : 0.2507
2024-05-28 20:33:37,594 - INFO - 
Epoch	18
2024-05-28 20:35:21,466 - INFO - [51200/436063]	Loss  : 0.2744
2024-05-28 20:37:02,800 - INFO - [102400/436063]	Loss  : 0.2757
2024-05-28 20:38:44,556 - INFO - [153600/436063]	Loss  : 0.2765
2024-05-28 20:40:27,119 - INFO - [204800/436063]	Loss  : 0.2772
2024-05-28 20:42:08,101 - INFO - [256000/436063]	Loss  : 0.2777
2024-05-28 20:42:19,487 - INFO - [262144/436063]	Loss  : 0.2779
2024-05-28 20:43:07,355 - INFO - Test loss   : 0.2511
2024-05-28 20:43:07,355 - INFO - 
Epoch	19
2024-05-28 20:44:51,167 - INFO - [51200/436063]	Loss  : 0.2717
2024-05-28 20:46:32,732 - INFO - [102400/436063]	Loss  : 0.2720
2024-05-28 20:48:13,951 - INFO - [153600/436063]	Loss  : 0.2736
2024-05-28 20:49:56,736 - INFO - [204800/436063]	Loss  : 0.2741
2024-05-28 20:51:37,922 - INFO - [256000/436063]	Loss  : 0.2747
2024-05-28 20:51:49,346 - INFO - [262144/436063]	Loss  : 0.2748
2024-05-28 20:52:37,130 - INFO - Test loss   : 0.2618
2024-05-28 20:52:37,131 - INFO - 
Epoch	20
2024-05-28 20:54:20,599 - INFO - [51200/436063]	Loss  : 0.2680
2024-05-28 20:55:57,225 - INFO - [102400/436063]	Loss  : 0.2685
2024-05-28 20:57:39,537 - INFO - [153600/436063]	Loss  : 0.2692
2024-05-28 20:59:20,946 - INFO - [204800/436063]	Loss  : 0.2703
2024-05-28 21:01:02,417 - INFO - [256000/436063]	Loss  : 0.2709
2024-05-28 21:01:13,856 - INFO - [262144/436063]	Loss  : 0.2709
2024-05-28 21:02:01,649 - INFO - Test loss   : 0.2717
2024-05-28 21:02:02,627 - INFO - (24343,)
2024-05-28 21:02:26,449 - INFO -  Split ID: 0
2024-05-28 21:02:26,459 - INFO -  Top 1	LocEnc (Epoch 20)acc (%):   3.03
2024-05-28 21:02:26,460 - INFO -  Top 3	LocEnc (Epoch 20)acc (%):   7.41
2024-05-28 21:02:26,461 - INFO -  Top 5	LocEnc (Epoch 20)acc (%):   11.0
2024-05-28 21:02:26,462 - INFO -  Top 10	LocEnc (Epoch 20)acc (%):   17.63
2024-05-28 21:02:26,581 - INFO - 
No prior
2024-05-28 21:02:26,833 - INFO - (24426,)
2024-05-28 21:02:38,486 - INFO -  Split ID: 0
2024-05-28 21:02:38,486 - INFO -  Top 1	(Epoch 20)acc (%):   60.2
2024-05-28 21:02:38,486 - INFO -  Top 3	(Epoch 20)acc (%):   77.9
2024-05-28 21:02:38,486 - INFO -  Top 5	(Epoch 20)acc (%):   83.29
2024-05-28 21:02:38,487 - INFO -  Top 10	(Epoch 20)acc (%):   88.5
2024-05-28 21:03:27,369 - INFO -  Split ID: 0
2024-05-28 21:03:27,369 - INFO -  Top 1	(Epoch 20)acc (%):   73.5
2024-05-28 21:03:27,369 - INFO -  Top 3	(Epoch 20)acc (%):   87.66
2024-05-28 21:03:27,369 - INFO -  Top 5	(Epoch 20)acc (%):   91.05
2024-05-28 21:03:27,370 - INFO -  Top 10	(Epoch 20)acc (%):   94.04
2024-05-28 21:04:16,279 - INFO -  Split ID: 0
2024-05-28 21:04:16,280 - INFO -  Top 1	(Epoch 20)acc (%):   73.5
2024-05-28 21:04:16,280 - INFO - for optuna top1: 73.5
2024-05-28 21:04:16,280 - INFO -  Top 3	(Epoch 20)acc (%):   87.66
2024-05-28 21:04:16,280 - INFO -  Top 5	(Epoch 20)acc (%):   91.05
2024-05-28 21:04:16,280 - INFO -  Top 10	(Epoch 20)acc (%):   94.04
2024-05-28 21:04:16,291 - INFO - 
Epoch	21
2024-05-28 21:05:56,587 - INFO - [51200/436063]	Loss  : 0.2655
2024-05-28 21:07:37,657 - INFO - [102400/436063]	Loss  : 0.2657
2024-05-28 21:09:19,265 - INFO - [153600/436063]	Loss  : 0.2668
2024-05-28 21:11:01,442 - INFO - [204800/436063]	Loss  : 0.2673
2024-05-28 21:12:42,821 - INFO - [256000/436063]	Loss  : 0.2680
2024-05-28 21:12:54,292 - INFO - [262144/436063]	Loss  : 0.2681
2024-05-28 21:13:42,106 - INFO - Test loss   : 0.2820
2024-05-28 21:13:42,106 - INFO - 
Epoch	22
2024-05-28 21:15:25,399 - INFO - [51200/436063]	Loss  : 0.2607
2024-05-28 21:17:08,165 - INFO - [102400/436063]	Loss  : 0.2625
2024-05-28 21:19:02,055 - INFO - [153600/436063]	Loss  : 0.2636
2024-05-28 21:20:56,105 - INFO - [204800/436063]	Loss  : 0.2646
2024-05-28 21:22:50,116 - INFO - [256000/436063]	Loss  : 0.2652
2024-05-28 21:23:02,984 - INFO - [262144/436063]	Loss  : 0.2653
2024-05-28 21:23:56,835 - INFO - Test loss   : 0.2882
2024-05-28 21:23:56,835 - INFO - 
Epoch	23
2024-05-28 21:25:53,187 - INFO - [51200/436063]	Loss  : 0.2587
2024-05-28 21:27:47,028 - INFO - [102400/436063]	Loss  : 0.2608
2024-05-28 21:29:40,927 - INFO - [153600/436063]	Loss  : 0.2621
2024-05-28 21:31:35,346 - INFO - [204800/436063]	Loss  : 0.2630
2024-05-28 21:33:30,639 - INFO - [256000/436063]	Loss  : 0.2631
2024-05-28 21:33:43,447 - INFO - [262144/436063]	Loss  : 0.2631
2024-05-28 21:34:37,355 - INFO - Test loss   : 0.2974
2024-05-28 21:34:37,355 - INFO - 
Epoch	24
2024-05-28 21:36:33,913 - INFO - [51200/436063]	Loss  : 0.2573
2024-05-28 21:38:27,652 - INFO - [102400/436063]	Loss  : 0.2578
2024-05-28 21:40:22,215 - INFO - [153600/436063]	Loss  : 0.2589
2024-05-28 21:42:16,231 - INFO - [204800/436063]	Loss  : 0.2598
2024-05-28 21:44:10,179 - INFO - [256000/436063]	Loss  : 0.2603
2024-05-28 21:44:23,040 - INFO - [262144/436063]	Loss  : 0.2603
2024-05-28 21:45:18,675 - INFO - Test loss   : 0.3092
2024-05-28 21:45:18,675 - INFO - 
Epoch	25
2024-05-28 21:47:28,084 - INFO - [51200/436063]	Loss  : 0.2546
2024-05-28 21:49:34,615 - INFO - [102400/436063]	Loss  : 0.2550
2024-05-28 21:51:31,136 - INFO - [153600/436063]	Loss  : 0.2561
2024-05-28 21:53:25,367 - INFO - [204800/436063]	Loss  : 0.2569
2024-05-28 21:55:19,262 - INFO - [256000/436063]	Loss  : 0.2574
2024-05-28 21:55:32,071 - INFO - [262144/436063]	Loss  : 0.2575
2024-05-28 21:56:26,123 - INFO - Test loss   : 0.3057
2024-05-28 21:56:26,123 - INFO - 
Epoch	26
2024-05-28 21:58:23,290 - INFO - [51200/436063]	Loss  : 0.2516
2024-05-28 22:00:17,542 - INFO - [102400/436063]	Loss  : 0.2533
2024-05-28 22:02:11,384 - INFO - [153600/436063]	Loss  : 0.2540
2024-05-28 22:04:06,138 - INFO - [204800/436063]	Loss  : 0.2547
2024-05-28 22:06:00,335 - INFO - [256000/436063]	Loss  : 0.2553
2024-05-28 22:06:13,135 - INFO - [262144/436063]	Loss  : 0.2554
2024-05-28 22:07:06,916 - INFO - Test loss   : 0.3208
2024-05-28 22:07:06,916 - INFO - 
Epoch	27
2024-05-28 22:09:02,997 - INFO - [51200/436063]	Loss  : 0.2500
2024-05-28 22:10:56,788 - INFO - [102400/436063]	Loss  : 0.2515
2024-05-28 22:12:50,823 - INFO - [153600/436063]	Loss  : 0.2527
2024-05-28 22:14:44,817 - INFO - [204800/436063]	Loss  : 0.2533
2024-05-28 22:16:38,779 - INFO - [256000/436063]	Loss  : 0.2535
2024-05-28 22:16:51,614 - INFO - [262144/436063]	Loss  : 0.2535
2024-05-28 22:17:46,586 - INFO - Test loss   : 0.3340
2024-05-28 22:17:46,587 - INFO - 
Epoch	28
2024-05-28 22:19:55,285 - INFO - [51200/436063]	Loss  : 0.2495
2024-05-28 22:22:01,762 - INFO - [102400/436063]	Loss  : 0.2500
2024-05-28 22:24:04,753 - INFO - [153600/436063]	Loss  : 0.2503
2024-05-28 22:26:16,733 - INFO - [204800/436063]	Loss  : 0.2513
2024-05-28 22:28:14,349 - INFO - [256000/436063]	Loss  : 0.2517
2024-05-28 22:28:28,615 - INFO - [262144/436063]	Loss  : 0.2517
2024-05-28 22:29:28,307 - INFO - Test loss   : 0.3359
2024-05-28 22:29:28,307 - INFO - 
Epoch	29
2024-05-28 22:31:38,774 - INFO - [51200/436063]	Loss  : 0.2474
2024-05-28 22:33:46,325 - INFO - [102400/436063]	Loss  : 0.2479
2024-05-28 22:35:53,188 - INFO - [153600/436063]	Loss  : 0.2484
2024-05-28 22:37:59,972 - INFO - [204800/436063]	Loss  : 0.2489
2024-05-28 22:40:06,756 - INFO - [256000/436063]	Loss  : 0.2495
2024-05-28 22:40:21,065 - INFO - [262144/436063]	Loss  : 0.2495
2024-05-28 22:41:20,934 - INFO - Test loss   : 0.3390
2024-05-28 22:41:20,934 - INFO - 
Epoch	30
2024-05-28 22:43:29,849 - INFO - [51200/436063]	Loss  : 0.2462
2024-05-28 22:45:33,236 - INFO - [102400/436063]	Loss  : 0.2459
2024-05-28 22:47:41,966 - INFO - [153600/436063]	Loss  : 0.2466
2024-05-28 22:49:49,224 - INFO - [204800/436063]	Loss  : 0.2471
2024-05-28 22:51:56,038 - INFO - [256000/436063]	Loss  : 0.2478
2024-05-28 22:52:10,258 - INFO - [262144/436063]	Loss  : 0.2479
2024-05-28 22:53:10,015 - INFO - Test loss   : 0.3509
2024-05-28 22:53:10,899 - INFO - (24343,)
2024-05-28 22:53:34,489 - INFO -  Split ID: 0
2024-05-28 22:53:34,502 - INFO -  Top 1	LocEnc (Epoch 30)acc (%):   3.68
2024-05-28 22:53:34,504 - INFO -  Top 3	LocEnc (Epoch 30)acc (%):   8.75
2024-05-28 22:53:34,505 - INFO -  Top 5	LocEnc (Epoch 30)acc (%):   12.79
2024-05-28 22:53:34,507 - INFO -  Top 10	LocEnc (Epoch 30)acc (%):   19.98
2024-05-28 22:53:34,624 - INFO - 
No prior
2024-05-28 22:53:34,856 - INFO - (24426,)
2024-05-28 22:53:46,476 - INFO -  Split ID: 0
2024-05-28 22:53:46,477 - INFO -  Top 1	(Epoch 30)acc (%):   60.2
2024-05-28 22:53:46,477 - INFO -  Top 3	(Epoch 30)acc (%):   77.9
2024-05-28 22:53:46,477 - INFO -  Top 5	(Epoch 30)acc (%):   83.29
2024-05-28 22:53:46,477 - INFO -  Top 10	(Epoch 30)acc (%):   88.5
2024-05-28 22:54:46,883 - INFO -  Split ID: 0
2024-05-28 22:54:46,883 - INFO -  Top 1	(Epoch 30)acc (%):   73.43
2024-05-28 22:54:46,884 - INFO -  Top 3	(Epoch 30)acc (%):   87.57
2024-05-28 22:54:46,884 - INFO -  Top 5	(Epoch 30)acc (%):   90.91
2024-05-28 22:54:46,884 - INFO -  Top 10	(Epoch 30)acc (%):   93.85
2024-05-28 22:55:47,295 - INFO -  Split ID: 0
2024-05-28 22:55:47,295 - INFO -  Top 1	(Epoch 30)acc (%):   73.43
2024-05-28 22:55:47,295 - INFO - for optuna top1: 73.43
2024-05-28 22:55:47,295 - INFO -  Top 3	(Epoch 30)acc (%):   87.57
2024-05-28 22:55:47,296 - INFO -  Top 5	(Epoch 30)acc (%):   90.91
2024-05-28 22:55:47,296 - INFO -  Top 10	(Epoch 30)acc (%):   93.85
2024-05-28 22:55:47,309 - INFO - 
Epoch	31
2024-05-28 22:57:55,574 - INFO - [51200/436063]	Loss  : 0.2450
2024-05-28 23:00:00,587 - INFO - [102400/436063]	Loss  : 0.2455
2024-05-28 23:02:07,698 - INFO - [153600/436063]	Loss  : 0.2460
2024-05-28 23:04:14,511 - INFO - [204800/436063]	Loss  : 0.2464
2024-05-28 23:06:21,367 - INFO - [256000/436063]	Loss  : 0.2468
2024-05-28 23:06:35,602 - INFO - [262144/436063]	Loss  : 0.2468
2024-05-28 23:07:35,484 - INFO - Test loss   : 0.3585
2024-05-28 23:07:35,484 - INFO - 
Epoch	32
2024-05-28 23:09:44,482 - INFO - [51200/436063]	Loss  : 0.2419
2024-05-28 23:11:50,300 - INFO - [102400/436063]	Loss  : 0.2426
2024-05-28 23:13:57,923 - INFO - [153600/436063]	Loss  : 0.2434
2024-05-28 23:16:05,327 - INFO - [204800/436063]	Loss  : 0.2443
2024-05-28 23:18:12,038 - INFO - [256000/436063]	Loss  : 0.2449
2024-05-28 23:18:26,305 - INFO - [262144/436063]	Loss  : 0.2450
2024-05-28 23:19:26,170 - INFO - Test loss   : 0.3612
2024-05-28 23:19:26,170 - INFO - 
Epoch	33
2024-05-28 23:21:35,423 - INFO - [51200/436063]	Loss  : 0.2410
2024-05-28 23:23:53,983 - INFO - [102400/436063]	Loss  : 0.2423
2024-05-28 23:26:12,842 - INFO - [153600/436063]	Loss  : 0.2432
2024-05-28 23:28:32,028 - INFO - [204800/436063]	Loss  : 0.2438
2024-05-28 23:31:03,268 - INFO - [256000/436063]	Loss  : 0.2444
2024-05-28 23:31:20,358 - INFO - [262144/436063]	Loss  : 0.2444
2024-05-28 23:32:32,246 - INFO - Test loss   : 0.3686
2024-05-28 23:32:32,246 - INFO - 
Epoch	34
2024-05-28 23:35:07,336 - INFO - [51200/436063]	Loss  : 0.2409
2024-05-28 23:37:38,774 - INFO - [102400/436063]	Loss  : 0.2409
2024-05-28 23:40:09,844 - INFO - [153600/436063]	Loss  : 0.2409
2024-05-28 23:42:41,662 - INFO - [204800/436063]	Loss  : 0.2419
2024-05-28 23:45:13,872 - INFO - [256000/436063]	Loss  : 0.2424
2024-05-28 23:45:30,891 - INFO - [262144/436063]	Loss  : 0.2425
2024-05-28 23:46:42,464 - INFO - Test loss   : 0.3807
2024-05-28 23:46:42,464 - INFO - 
Epoch	35
2024-05-28 23:49:17,422 - INFO - [51200/436063]	Loss  : 0.2399
2024-05-28 23:51:48,945 - INFO - [102400/436063]	Loss  : 0.2404
2024-05-28 23:54:20,505 - INFO - [153600/436063]	Loss  : 0.2404
2024-05-28 23:56:52,384 - INFO - [204800/436063]	Loss  : 0.2410
2024-05-28 23:59:06,872 - INFO - [256000/436063]	Loss  : 0.2414
2024-05-28 23:59:21,105 - INFO - [262144/436063]	Loss  : 0.2414
2024-05-29 00:00:20,797 - INFO - Test loss   : 0.3829
2024-05-29 00:00:20,797 - INFO - 
Epoch	36
2024-05-29 00:02:30,090 - INFO - [51200/436063]	Loss  : 0.2377
2024-05-29 00:04:36,520 - INFO - [102400/436063]	Loss  : 0.2380
2024-05-29 00:06:43,096 - INFO - [153600/436063]	Loss  : 0.2385
2024-05-29 00:08:48,171 - INFO - [204800/436063]	Loss  : 0.2391
2024-05-29 00:10:42,067 - INFO - [256000/436063]	Loss  : 0.2397
2024-05-29 00:10:55,143 - INFO - [262144/436063]	Loss  : 0.2397
2024-05-29 00:11:49,831 - INFO - Test loss   : 0.3876
2024-05-29 00:11:49,831 - INFO - 
Epoch	37
2024-05-29 00:13:46,626 - INFO - [51200/436063]	Loss  : 0.2353
2024-05-29 00:15:40,357 - INFO - [102400/436063]	Loss  : 0.2364
2024-05-29 00:17:34,207 - INFO - [153600/436063]	Loss  : 0.2368
2024-05-29 00:19:28,145 - INFO - [204800/436063]	Loss  : 0.2374
2024-05-29 00:21:22,233 - INFO - [256000/436063]	Loss  : 0.2386
2024-05-29 00:21:35,080 - INFO - [262144/436063]	Loss  : 0.2386
2024-05-29 00:22:28,911 - INFO - Test loss   : 0.3944
2024-05-29 00:22:28,911 - INFO - 
Epoch	38
2024-05-29 00:24:25,196 - INFO - [51200/436063]	Loss  : 0.2348
2024-05-29 00:26:19,205 - INFO - [102400/436063]	Loss  : 0.2365
2024-05-29 00:28:12,776 - INFO - [153600/436063]	Loss  : 0.2370
2024-05-29 00:30:06,638 - INFO - [204800/436063]	Loss  : 0.2369
2024-05-29 00:32:00,819 - INFO - [256000/436063]	Loss  : 0.2374
2024-05-29 00:32:13,755 - INFO - [262144/436063]	Loss  : 0.2373
2024-05-29 00:33:08,154 - INFO - Test loss   : 0.4116
2024-05-29 00:33:08,154 - INFO - 
Epoch	39
2024-05-29 00:35:06,294 - INFO - [51200/436063]	Loss  : 0.2353
2024-05-29 00:37:00,752 - INFO - [102400/436063]	Loss  : 0.2348
2024-05-29 00:38:54,811 - INFO - [153600/436063]	Loss  : 0.2350
2024-05-29 00:40:48,543 - INFO - [204800/436063]	Loss  : 0.2357
2024-05-29 00:42:42,470 - INFO - [256000/436063]	Loss  : 0.2364
2024-05-29 00:42:55,274 - INFO - [262144/436063]	Loss  : 0.2364
2024-05-29 00:43:49,209 - INFO - Test loss   : 0.4053
2024-05-29 00:43:49,210 - INFO - 
Epoch	40
2024-05-29 00:45:45,788 - INFO - [51200/436063]	Loss  : 0.2328
2024-05-29 00:47:35,969 - INFO - [102400/436063]	Loss  : 0.2339
2024-05-29 00:49:31,052 - INFO - [153600/436063]	Loss  : 0.2345
2024-05-29 00:51:24,905 - INFO - [204800/436063]	Loss  : 0.2347
2024-05-29 00:53:18,770 - INFO - [256000/436063]	Loss  : 0.2356
2024-05-29 00:53:31,557 - INFO - [262144/436063]	Loss  : 0.2357
2024-05-29 00:54:25,287 - INFO - Test loss   : 0.4162
2024-05-29 00:54:26,251 - INFO - (24343,)
2024-05-29 00:54:50,065 - INFO -  Split ID: 0
2024-05-29 00:54:50,076 - INFO -  Top 1	LocEnc (Epoch 40)acc (%):   4.09
2024-05-29 00:54:50,077 - INFO -  Top 3	LocEnc (Epoch 40)acc (%):   9.55
2024-05-29 00:54:50,078 - INFO -  Top 5	LocEnc (Epoch 40)acc (%):   13.49
2024-05-29 00:54:50,079 - INFO -  Top 10	LocEnc (Epoch 40)acc (%):   21.16
2024-05-29 00:54:50,206 - INFO - 
No prior
2024-05-29 00:54:50,451 - INFO - (24426,)
2024-05-29 00:55:02,047 - INFO -  Split ID: 0
2024-05-29 00:55:02,048 - INFO -  Top 1	(Epoch 40)acc (%):   60.2
2024-05-29 00:55:02,048 - INFO -  Top 3	(Epoch 40)acc (%):   77.9
2024-05-29 00:55:02,048 - INFO -  Top 5	(Epoch 40)acc (%):   83.29
2024-05-29 00:55:02,048 - INFO -  Top 10	(Epoch 40)acc (%):   88.5
2024-05-29 00:55:56,620 - INFO -  Split ID: 0
2024-05-29 00:55:56,620 - INFO -  Top 1	(Epoch 40)acc (%):   73.52
2024-05-29 00:55:56,621 - INFO -  Top 3	(Epoch 40)acc (%):   87.48
2024-05-29 00:55:56,621 - INFO -  Top 5	(Epoch 40)acc (%):   90.68
2024-05-29 00:55:56,621 - INFO -  Top 10	(Epoch 40)acc (%):   93.72
2024-05-29 00:56:51,190 - INFO -  Split ID: 0
2024-05-29 00:56:51,191 - INFO -  Top 1	(Epoch 40)acc (%):   73.52
2024-05-29 00:56:51,191 - INFO - for optuna top1: 73.52
2024-05-29 00:56:51,191 - INFO -  Top 3	(Epoch 40)acc (%):   87.48
2024-05-29 00:56:51,191 - INFO -  Top 5	(Epoch 40)acc (%):   90.68
2024-05-29 00:56:51,191 - INFO -  Top 10	(Epoch 40)acc (%):   93.72
2024-05-29 00:56:51,203 - INFO - 
Epoch	41
2024-05-29 00:58:47,807 - INFO - [51200/436063]	Loss  : 0.2316
2024-05-29 01:00:40,275 - INFO - [102400/436063]	Loss  : 0.2321
2024-05-29 01:02:34,572 - INFO - [153600/436063]	Loss  : 0.2326
2024-05-29 01:04:28,450 - INFO - [204800/436063]	Loss  : 0.2336
2024-05-29 01:06:22,294 - INFO - [256000/436063]	Loss  : 0.2342
2024-05-29 01:06:35,062 - INFO - [262144/436063]	Loss  : 0.2342
2024-05-29 01:07:28,941 - INFO - Test loss   : 0.4263
2024-05-29 01:07:28,941 - INFO - 
Epoch	42
2024-05-29 01:09:25,246 - INFO - [51200/436063]	Loss  : 0.2312
2024-05-29 01:11:19,164 - INFO - [102400/436063]	Loss  : 0.2315
2024-05-29 01:13:13,015 - INFO - [153600/436063]	Loss  : 0.2321
2024-05-29 01:15:07,016 - INFO - [204800/436063]	Loss  : 0.2326
2024-05-29 01:17:01,175 - INFO - [256000/436063]	Loss  : 0.2335
2024-05-29 01:17:13,987 - INFO - [262144/436063]	Loss  : 0.2335
2024-05-29 01:18:07,726 - INFO - Test loss   : 0.4242
2024-05-29 01:18:07,726 - INFO - 
Epoch	43
2024-05-29 01:20:03,852 - INFO - [51200/436063]	Loss  : 0.2294
2024-05-29 01:21:57,685 - INFO - [102400/436063]	Loss  : 0.2299
2024-05-29 01:23:53,161 - INFO - [153600/436063]	Loss  : 0.2307
2024-05-29 01:25:47,184 - INFO - [204800/436063]	Loss  : 0.2312
2024-05-29 01:27:41,259 - INFO - [256000/436063]	Loss  : 0.2316
2024-05-29 01:27:54,095 - INFO - [262144/436063]	Loss  : 0.2316
2024-05-29 01:28:47,766 - INFO - Test loss   : 0.4326
2024-05-29 01:28:47,767 - INFO - 
Epoch	44
2024-05-29 01:30:43,973 - INFO - [51200/436063]	Loss  : 0.2312
2024-05-29 01:32:37,823 - INFO - [102400/436063]	Loss  : 0.2317
2024-05-29 01:34:31,439 - INFO - [153600/436063]	Loss  : 0.2319
2024-05-29 01:36:25,413 - INFO - [204800/436063]	Loss  : 0.2321
2024-05-29 01:38:19,636 - INFO - [256000/436063]	Loss  : 0.2324
2024-05-29 01:38:32,483 - INFO - [262144/436063]	Loss  : 0.2325
2024-05-29 01:39:26,371 - INFO - Test loss   : 0.4410
2024-05-29 01:39:26,372 - INFO - 
Epoch	45
2024-05-29 01:41:23,019 - INFO - [51200/436063]	Loss  : 0.2288
2024-05-29 01:43:16,787 - INFO - [102400/436063]	Loss  : 0.2294
2024-05-29 01:45:10,614 - INFO - [153600/436063]	Loss  : 0.2297
2024-05-29 01:47:05,823 - INFO - [204800/436063]	Loss  : 0.2299
2024-05-29 01:48:59,995 - INFO - [256000/436063]	Loss  : 0.2305
2024-05-29 01:49:12,766 - INFO - [262144/436063]	Loss  : 0.2305
2024-05-29 01:50:06,580 - INFO - Test loss   : 0.4446
2024-05-29 01:50:06,580 - INFO - 
Epoch	46
2024-05-29 01:52:02,501 - INFO - [51200/436063]	Loss  : 0.2282
2024-05-29 01:53:56,271 - INFO - [102400/436063]	Loss  : 0.2291
2024-05-29 01:55:49,963 - INFO - [153600/436063]	Loss  : 0.2294
2024-05-29 01:57:44,022 - INFO - [204800/436063]	Loss  : 0.2295
2024-05-29 01:59:37,806 - INFO - [256000/436063]	Loss  : 0.2303
2024-05-29 01:59:50,568 - INFO - [262144/436063]	Loss  : 0.2303
2024-05-29 02:00:44,205 - INFO - Test loss   : 0.4473
2024-05-29 02:00:44,205 - INFO - 
Epoch	47
2024-05-29 02:02:40,469 - INFO - [51200/436063]	Loss  : 0.2267
2024-05-29 02:04:34,211 - INFO - [102400/436063]	Loss  : 0.2271
2024-05-29 02:06:27,941 - INFO - [153600/436063]	Loss  : 0.2276
2024-05-29 02:08:21,807 - INFO - [204800/436063]	Loss  : 0.2278
2024-05-29 02:10:16,622 - INFO - [256000/436063]	Loss  : 0.2284
2024-05-29 02:10:29,644 - INFO - [262144/436063]	Loss  : 0.2285
2024-05-29 02:11:24,199 - INFO - Test loss   : 0.4533
2024-05-29 02:11:24,199 - INFO - 
Epoch	48
2024-05-29 02:13:20,555 - INFO - [51200/436063]	Loss  : 0.2265
2024-05-29 02:15:14,011 - INFO - [102400/436063]	Loss  : 0.2274
2024-05-29 02:17:07,846 - INFO - [153600/436063]	Loss  : 0.2279
2024-05-29 02:19:01,777 - INFO - [204800/436063]	Loss  : 0.2280
2024-05-29 02:20:55,672 - INFO - [256000/436063]	Loss  : 0.2283
2024-05-29 02:21:08,509 - INFO - [262144/436063]	Loss  : 0.2284
2024-05-29 02:22:02,392 - INFO - Test loss   : 0.4568
2024-05-29 02:22:02,392 - INFO - 
Epoch	49
2024-05-29 02:23:58,827 - INFO - [51200/436063]	Loss  : 0.2257
2024-05-29 02:25:52,323 - INFO - [102400/436063]	Loss  : 0.2256
2024-05-29 02:27:45,969 - INFO - [153600/436063]	Loss  : 0.2263
2024-05-29 02:29:39,827 - INFO - [204800/436063]	Loss  : 0.2270
2024-05-29 02:31:33,812 - INFO - [256000/436063]	Loss  : 0.2275
2024-05-29 02:31:46,646 - INFO - [262144/436063]	Loss  : 0.2276
2024-05-29 02:32:40,426 - INFO - Test loss   : 0.4605
2024-05-29 02:32:40,426 - INFO - 
Epoch	50
2024-05-29 02:34:37,894 - INFO - [51200/436063]	Loss  : 0.2260
2024-05-29 02:36:28,137 - INFO - [102400/436063]	Loss  : 0.2260
2024-05-29 02:38:23,322 - INFO - [153600/436063]	Loss  : 0.2267
2024-05-29 02:40:16,881 - INFO - [204800/436063]	Loss  : 0.2271
2024-05-29 02:42:10,467 - INFO - [256000/436063]	Loss  : 0.2275
2024-05-29 02:42:23,253 - INFO - [262144/436063]	Loss  : 0.2275
2024-05-29 02:43:17,092 - INFO - Test loss   : 0.4658
2024-05-29 02:43:18,113 - INFO - (24343,)
2024-05-29 02:43:42,420 - INFO -  Split ID: 0
2024-05-29 02:43:42,432 - INFO -  Top 1	LocEnc (Epoch 50)acc (%):   4.55
2024-05-29 02:43:42,433 - INFO -  Top 3	LocEnc (Epoch 50)acc (%):   9.94
2024-05-29 02:43:42,434 - INFO -  Top 5	LocEnc (Epoch 50)acc (%):   14.23
2024-05-29 02:43:42,434 - INFO -  Top 10	LocEnc (Epoch 50)acc (%):   22.01
2024-05-29 02:43:42,562 - INFO - 
No prior
2024-05-29 02:43:42,835 - INFO - (24426,)
2024-05-29 02:43:54,851 - INFO -  Split ID: 0
2024-05-29 02:43:54,851 - INFO -  Top 1	(Epoch 50)acc (%):   60.2
2024-05-29 02:43:54,851 - INFO -  Top 3	(Epoch 50)acc (%):   77.9
2024-05-29 02:43:54,851 - INFO -  Top 5	(Epoch 50)acc (%):   83.29
2024-05-29 02:43:54,851 - INFO -  Top 10	(Epoch 50)acc (%):   88.5
2024-05-29 02:44:49,491 - INFO -  Split ID: 0
2024-05-29 02:44:49,492 - INFO -  Top 1	(Epoch 50)acc (%):   73.46
2024-05-29 02:44:49,492 - INFO -  Top 3	(Epoch 50)acc (%):   87.35
2024-05-29 02:44:49,492 - INFO -  Top 5	(Epoch 50)acc (%):   90.58
2024-05-29 02:44:49,492 - INFO -  Top 10	(Epoch 50)acc (%):   93.54
2024-05-29 02:45:44,124 - INFO -  Split ID: 0
2024-05-29 02:45:44,124 - INFO -  Top 1	(Epoch 50)acc (%):   73.46
2024-05-29 02:45:44,124 - INFO - for optuna top1: 73.46
2024-05-29 02:45:44,124 - INFO -  Top 3	(Epoch 50)acc (%):   87.35
2024-05-29 02:45:44,125 - INFO -  Top 5	(Epoch 50)acc (%):   90.58
2024-05-29 02:45:44,125 - INFO -  Top 10	(Epoch 50)acc (%):   93.54
2024-05-29 02:45:44,138 - INFO - 
Epoch	51
2024-05-29 02:47:40,220 - INFO - [51200/436063]	Loss  : 0.2235
2024-05-29 02:49:30,962 - INFO - [102400/436063]	Loss  : 0.2245
2024-05-29 02:51:25,831 - INFO - [153600/436063]	Loss  : 0.2253
2024-05-29 02:53:20,445 - INFO - [204800/436063]	Loss  : 0.2258
2024-05-29 02:55:14,857 - INFO - [256000/436063]	Loss  : 0.2264
2024-05-29 02:55:27,792 - INFO - [262144/436063]	Loss  : 0.2264
2024-05-29 02:56:21,773 - INFO - Test loss   : 0.4744
2024-05-29 02:56:21,773 - INFO - 
Epoch	52
2024-05-29 02:58:20,051 - INFO - [51200/436063]	Loss  : 0.2229
2024-05-29 03:00:14,787 - INFO - [102400/436063]	Loss  : 0.2242
2024-05-29 03:02:09,084 - INFO - [153600/436063]	Loss  : 0.2249
2024-05-29 03:04:03,650 - INFO - [204800/436063]	Loss  : 0.2257
2024-05-29 03:05:57,966 - INFO - [256000/436063]	Loss  : 0.2259
2024-05-29 03:06:10,920 - INFO - [262144/436063]	Loss  : 0.2259
2024-05-29 03:07:04,868 - INFO - Test loss   : 0.4837
2024-05-29 03:07:04,868 - INFO - 
Epoch	53
2024-05-29 03:09:01,601 - INFO - [51200/436063]	Loss  : 0.2234
2024-05-29 03:10:56,059 - INFO - [102400/436063]	Loss  : 0.2241
2024-05-29 03:12:50,614 - INFO - [153600/436063]	Loss  : 0.2242
2024-05-29 03:14:45,200 - INFO - [204800/436063]	Loss  : 0.2250
2024-05-29 03:16:39,722 - INFO - [256000/436063]	Loss  : 0.2254
2024-05-29 03:16:52,617 - INFO - [262144/436063]	Loss  : 0.2255
2024-05-29 03:17:46,789 - INFO - Test loss   : 0.4802
2024-05-29 03:17:46,789 - INFO - 
Epoch	54
2024-05-29 03:19:44,631 - INFO - [51200/436063]	Loss  : 0.2235
2024-05-29 03:21:37,625 - INFO - [102400/436063]	Loss  : 0.2238
2024-05-29 03:23:31,806 - INFO - [153600/436063]	Loss  : 0.2244
2024-05-29 03:25:26,116 - INFO - [204800/436063]	Loss  : 0.2246
2024-05-29 03:27:20,758 - INFO - [256000/436063]	Loss  : 0.2250
2024-05-29 03:27:33,660 - INFO - [262144/436063]	Loss  : 0.2251
2024-05-29 03:28:27,657 - INFO - Test loss   : 0.4859
2024-05-29 03:28:27,657 - INFO - 
Epoch	55
2024-05-29 03:30:24,556 - INFO - [51200/436063]	Loss  : 0.2214
2024-05-29 03:32:18,763 - INFO - [102400/436063]	Loss  : 0.2232
2024-05-29 03:34:13,048 - INFO - [153600/436063]	Loss  : 0.2232
2024-05-29 03:36:07,447 - INFO - [204800/436063]	Loss  : 0.2234
2024-05-29 03:38:01,839 - INFO - [256000/436063]	Loss  : 0.2237
2024-05-29 03:38:14,696 - INFO - [262144/436063]	Loss  : 0.2239
2024-05-29 03:39:08,739 - INFO - Test loss   : 0.4933
2024-05-29 03:39:08,740 - INFO - 
Epoch	56
2024-05-29 03:41:05,408 - INFO - [51200/436063]	Loss  : 0.2220
2024-05-29 03:42:59,631 - INFO - [102400/436063]	Loss  : 0.2219
2024-05-29 03:44:54,137 - INFO - [153600/436063]	Loss  : 0.2224
2024-05-29 03:46:50,322 - INFO - [204800/436063]	Loss  : 0.2231
2024-05-29 03:48:44,851 - INFO - [256000/436063]	Loss  : 0.2236
2024-05-29 03:48:57,688 - INFO - [262144/436063]	Loss  : 0.2236
2024-05-29 03:49:51,615 - INFO - Test loss   : 0.4927
2024-05-29 03:49:51,615 - INFO - 
Epoch	57
2024-05-29 03:51:48,383 - INFO - [51200/436063]	Loss  : 0.2210
2024-05-29 03:53:42,801 - INFO - [102400/436063]	Loss  : 0.2214
2024-05-29 03:55:37,113 - INFO - [153600/436063]	Loss  : 0.2219
2024-05-29 03:57:31,448 - INFO - [204800/436063]	Loss  : 0.2223
2024-05-29 03:59:25,650 - INFO - [256000/436063]	Loss  : 0.2225
2024-05-29 03:59:38,526 - INFO - [262144/436063]	Loss  : 0.2225
2024-05-29 04:00:32,475 - INFO - Test loss   : 0.4960
2024-05-29 04:00:32,476 - INFO - 
Epoch	58
2024-05-29 04:02:29,199 - INFO - [51200/436063]	Loss  : 0.2221
2024-05-29 04:04:23,517 - INFO - [102400/436063]	Loss  : 0.2214
2024-05-29 04:06:17,963 - INFO - [153600/436063]	Loss  : 0.2215
2024-05-29 04:08:12,456 - INFO - [204800/436063]	Loss  : 0.2217
2024-05-29 04:10:08,027 - INFO - [256000/436063]	Loss  : 0.2217
2024-05-29 04:10:21,158 - INFO - [262144/436063]	Loss  : 0.2218
2024-05-29 04:11:15,488 - INFO - Test loss   : 0.5113
2024-05-29 04:11:15,488 - INFO - 
Epoch	59
2024-05-29 04:13:12,303 - INFO - [51200/436063]	Loss  : 0.2193
2024-05-29 04:15:06,972 - INFO - [102400/436063]	Loss  : 0.2203
2024-05-29 04:17:02,471 - INFO - [153600/436063]	Loss  : 0.2209
2024-05-29 04:18:54,221 - INFO - [204800/436063]	Loss  : 0.2215
2024-05-29 04:20:36,042 - INFO - [256000/436063]	Loss  : 0.2218
2024-05-29 04:20:47,473 - INFO - [262144/436063]	Loss  : 0.2219
2024-05-29 04:21:35,316 - INFO - Test loss   : 0.5047
2024-05-29 04:21:35,317 - INFO - 
Epoch	60
2024-05-29 04:23:19,498 - INFO - [51200/436063]	Loss  : 0.2196
2024-05-29 04:24:56,506 - INFO - [102400/436063]	Loss  : 0.2206
2024-05-29 04:26:39,273 - INFO - [153600/436063]	Loss  : 0.2209
2024-05-29 04:28:21,255 - INFO - [204800/436063]	Loss  : 0.2217
2024-05-29 04:30:03,318 - INFO - [256000/436063]	Loss  : 0.2219
2024-05-29 04:30:14,824 - INFO - [262144/436063]	Loss  : 0.2218
2024-05-29 04:31:02,784 - INFO - Test loss   : 0.5122
2024-05-29 04:31:03,746 - INFO - (24343,)
2024-05-29 04:31:27,616 - INFO -  Split ID: 0
2024-05-29 04:31:27,629 - INFO -  Top 1	LocEnc (Epoch 60)acc (%):   4.66
2024-05-29 04:31:27,630 - INFO -  Top 3	LocEnc (Epoch 60)acc (%):   10.5
2024-05-29 04:31:27,632 - INFO -  Top 5	LocEnc (Epoch 60)acc (%):   14.83
2024-05-29 04:31:27,633 - INFO -  Top 10	LocEnc (Epoch 60)acc (%):   22.66
2024-05-29 04:31:27,754 - INFO - 
No prior
2024-05-29 04:31:28,015 - INFO - (24426,)
2024-05-29 04:31:39,819 - INFO -  Split ID: 0
2024-05-29 04:31:39,819 - INFO -  Top 1	(Epoch 60)acc (%):   60.2
2024-05-29 04:31:39,819 - INFO -  Top 3	(Epoch 60)acc (%):   77.9
2024-05-29 04:31:39,819 - INFO -  Top 5	(Epoch 60)acc (%):   83.29
2024-05-29 04:31:39,819 - INFO -  Top 10	(Epoch 60)acc (%):   88.5
2024-05-29 04:32:30,079 - INFO -  Split ID: 0
2024-05-29 04:32:30,079 - INFO -  Top 1	(Epoch 60)acc (%):   73.48
2024-05-29 04:32:30,079 - INFO -  Top 3	(Epoch 60)acc (%):   87.31
2024-05-29 04:32:30,079 - INFO -  Top 5	(Epoch 60)acc (%):   90.44
2024-05-29 04:32:30,079 - INFO -  Top 10	(Epoch 60)acc (%):   93.46
2024-05-29 04:33:19,783 - INFO -  Split ID: 0
2024-05-29 04:33:19,783 - INFO -  Top 1	(Epoch 60)acc (%):   73.48
2024-05-29 04:33:19,783 - INFO - for optuna top1: 73.48
2024-05-29 04:33:19,783 - INFO -  Top 3	(Epoch 60)acc (%):   87.31
2024-05-29 04:33:19,784 - INFO -  Top 5	(Epoch 60)acc (%):   90.44
2024-05-29 04:33:19,784 - INFO -  Top 10	(Epoch 60)acc (%):   93.46
2024-05-29 04:33:19,796 - INFO - 
Epoch	61
2024-05-29 04:35:04,032 - INFO - [51200/436063]	Loss  : 0.2182
2024-05-29 04:36:41,357 - INFO - [102400/436063]	Loss  : 0.2186
2024-05-29 04:38:24,034 - INFO - [153600/436063]	Loss  : 0.2195
2024-05-29 04:40:05,866 - INFO - [204800/436063]	Loss  : 0.2196
2024-05-29 04:41:48,091 - INFO - [256000/436063]	Loss  : 0.2202
2024-05-29 04:41:59,512 - INFO - [262144/436063]	Loss  : 0.2202
2024-05-29 04:42:47,539 - INFO - Test loss   : 0.5230
2024-05-29 04:42:47,540 - INFO - 
Epoch	62
2024-05-29 04:44:31,623 - INFO - [51200/436063]	Loss  : 0.2187
2024-05-29 04:46:13,448 - INFO - [102400/436063]	Loss  : 0.2202
2024-05-29 04:47:55,212 - INFO - [153600/436063]	Loss  : 0.2201
2024-05-29 04:49:36,762 - INFO - [204800/436063]	Loss  : 0.2203
2024-05-29 04:51:18,683 - INFO - [256000/436063]	Loss  : 0.2205
2024-05-29 04:51:30,203 - INFO - [262144/436063]	Loss  : 0.2204
2024-05-29 04:52:18,209 - INFO - Test loss   : 0.5222
2024-05-29 04:52:18,209 - INFO - 
Epoch	63
2024-05-29 04:54:03,894 - INFO - [51200/436063]	Loss  : 0.2168
2024-05-29 04:55:45,685 - INFO - [102400/436063]	Loss  : 0.2188
2024-05-29 04:57:27,147 - INFO - [153600/436063]	Loss  : 0.2188
2024-05-29 04:59:09,058 - INFO - [204800/436063]	Loss  : 0.2191
2024-05-29 05:00:50,589 - INFO - [256000/436063]	Loss  : 0.2195
2024-05-29 05:01:02,006 - INFO - [262144/436063]	Loss  : 0.2195
2024-05-29 05:01:50,053 - INFO - Test loss   : 0.5237
2024-05-29 05:01:50,054 - INFO - 
Epoch	64
2024-05-29 05:03:34,087 - INFO - [51200/436063]	Loss  : 0.2180
2024-05-29 05:05:15,839 - INFO - [102400/436063]	Loss  : 0.2183
2024-05-29 05:06:57,476 - INFO - [153600/436063]	Loss  : 0.2186
2024-05-29 05:08:39,132 - INFO - [204800/436063]	Loss  : 0.2191
2024-05-29 05:10:21,118 - INFO - [256000/436063]	Loss  : 0.2194
2024-05-29 05:10:32,592 - INFO - [262144/436063]	Loss  : 0.2193
2024-05-29 05:11:20,632 - INFO - Test loss   : 0.5357
2024-05-29 05:11:20,632 - INFO - 
Epoch	65
2024-05-29 05:13:04,330 - INFO - [51200/436063]	Loss  : 0.2178
2024-05-29 05:14:46,797 - INFO - [102400/436063]	Loss  : 0.2175
2024-05-29 05:16:29,797 - INFO - [153600/436063]	Loss  : 0.2181
2024-05-29 05:18:11,666 - INFO - [204800/436063]	Loss  : 0.2189
2024-05-29 05:19:53,610 - INFO - [256000/436063]	Loss  : 0.2194
2024-05-29 05:20:05,087 - INFO - [262144/436063]	Loss  : 0.2194
2024-05-29 05:20:53,135 - INFO - Test loss   : 0.5298
2024-05-29 05:20:53,135 - INFO - 
Epoch	66
2024-05-29 05:22:37,013 - INFO - [51200/436063]	Loss  : 0.2179
2024-05-29 05:24:18,556 - INFO - [102400/436063]	Loss  : 0.2179
2024-05-29 05:26:00,073 - INFO - [153600/436063]	Loss  : 0.2181
2024-05-29 05:27:41,585 - INFO - [204800/436063]	Loss  : 0.2185
2024-05-29 05:29:23,415 - INFO - [256000/436063]	Loss  : 0.2192
2024-05-29 05:29:34,957 - INFO - [262144/436063]	Loss  : 0.2192
2024-05-29 05:30:22,997 - INFO - Test loss   : 0.5288
2024-05-29 05:30:22,998 - INFO - 
Epoch	67
2024-05-29 05:32:06,967 - INFO - [51200/436063]	Loss  : 0.2176
2024-05-29 05:33:48,765 - INFO - [102400/436063]	Loss  : 0.2179
2024-05-29 05:35:30,280 - INFO - [153600/436063]	Loss  : 0.2182
2024-05-29 05:37:13,848 - INFO - [204800/436063]	Loss  : 0.2183
2024-05-29 05:38:55,598 - INFO - [256000/436063]	Loss  : 0.2186
2024-05-29 05:39:07,051 - INFO - [262144/436063]	Loss  : 0.2186
2024-05-29 05:39:55,010 - INFO - Test loss   : 0.5437
2024-05-29 05:39:55,010 - INFO - 
Epoch	68
2024-05-29 05:41:32,213 - INFO - [51200/436063]	Loss  : 0.2160
2024-05-29 05:43:01,118 - INFO - [102400/436063]	Loss  : 0.2166
2024-05-29 05:44:30,226 - INFO - [153600/436063]	Loss  : 0.2169
2024-05-29 05:45:59,158 - INFO - [204800/436063]	Loss  : 0.2173
2024-05-29 05:47:28,103 - INFO - [256000/436063]	Loss  : 0.2173
2024-05-29 05:47:38,042 - INFO - [262144/436063]	Loss  : 0.2173
2024-05-29 05:48:19,851 - INFO - Test loss   : 0.5433
2024-05-29 05:48:19,851 - INFO - 
Epoch	69
2024-05-29 05:49:50,885 - INFO - [51200/436063]	Loss  : 0.2162
2024-05-29 05:51:19,930 - INFO - [102400/436063]	Loss  : 0.2160
2024-05-29 05:52:48,831 - INFO - [153600/436063]	Loss  : 0.2166
2024-05-29 05:54:17,880 - INFO - [204800/436063]	Loss  : 0.2172
2024-05-29 05:55:48,111 - INFO - [256000/436063]	Loss  : 0.2174
2024-05-29 05:55:58,428 - INFO - [262144/436063]	Loss  : 0.2173
2024-05-29 05:56:41,060 - INFO - Test loss   : 0.5454
2024-05-29 05:56:41,060 - INFO - 
Epoch	70
2024-05-29 05:58:11,856 - INFO - [51200/436063]	Loss  : 0.2166
2024-05-29 05:59:35,629 - INFO - [102400/436063]	Loss  : 0.2173
2024-05-29 06:01:05,597 - INFO - [153600/436063]	Loss  : 0.2177
2024-05-29 06:02:34,552 - INFO - [204800/436063]	Loss  : 0.2176
2024-05-29 06:04:03,729 - INFO - [256000/436063]	Loss  : 0.2177
2024-05-29 06:04:13,734 - INFO - [262144/436063]	Loss  : 0.2176
2024-05-29 06:04:55,769 - INFO - Test loss   : 0.5499
2024-05-29 06:04:56,616 - INFO - (24343,)
2024-05-29 06:05:19,285 - INFO -  Split ID: 0
2024-05-29 06:05:19,295 - INFO -  Top 1	LocEnc (Epoch 70)acc (%):   4.67
2024-05-29 06:05:19,296 - INFO -  Top 3	LocEnc (Epoch 70)acc (%):   10.5
2024-05-29 06:05:19,297 - INFO -  Top 5	LocEnc (Epoch 70)acc (%):   14.84
2024-05-29 06:05:19,297 - INFO -  Top 10	LocEnc (Epoch 70)acc (%):   22.86
2024-05-29 06:05:19,409 - INFO - 
No prior
2024-05-29 06:05:19,642 - INFO - (24426,)
2024-05-29 06:05:30,297 - INFO -  Split ID: 0
2024-05-29 06:05:30,297 - INFO -  Top 1	(Epoch 70)acc (%):   60.2
2024-05-29 06:05:30,297 - INFO -  Top 3	(Epoch 70)acc (%):   77.9
2024-05-29 06:05:30,297 - INFO -  Top 5	(Epoch 70)acc (%):   83.29
2024-05-29 06:05:30,297 - INFO -  Top 10	(Epoch 70)acc (%):   88.5
2024-05-29 06:06:13,972 - INFO -  Split ID: 0
2024-05-29 06:06:13,972 - INFO -  Top 1	(Epoch 70)acc (%):   73.28
2024-05-29 06:06:13,973 - INFO -  Top 3	(Epoch 70)acc (%):   87.09
2024-05-29 06:06:13,973 - INFO -  Top 5	(Epoch 70)acc (%):   90.27
2024-05-29 06:06:13,973 - INFO -  Top 10	(Epoch 70)acc (%):   93.27
2024-05-29 06:06:57,448 - INFO -  Split ID: 0
2024-05-29 06:06:57,448 - INFO -  Top 1	(Epoch 70)acc (%):   73.28
2024-05-29 06:06:57,448 - INFO - for optuna top1: 73.28
2024-05-29 06:06:57,448 - INFO -  Top 3	(Epoch 70)acc (%):   87.09
2024-05-29 06:06:57,449 - INFO -  Top 5	(Epoch 70)acc (%):   90.27
2024-05-29 06:06:57,449 - INFO -  Top 10	(Epoch 70)acc (%):   93.27
2024-05-29 06:06:57,461 - INFO - 
Epoch	71
2024-05-29 06:08:28,114 - INFO - [51200/436063]	Loss  : 0.2147
2024-05-29 06:09:51,618 - INFO - [102400/436063]	Loss  : 0.2155
2024-05-29 06:11:21,924 - INFO - [153600/436063]	Loss  : 0.2161
2024-05-29 06:12:51,142 - INFO - [204800/436063]	Loss  : 0.2163
2024-05-29 06:14:21,519 - INFO - [256000/436063]	Loss  : 0.2164
2024-05-29 06:14:31,809 - INFO - [262144/436063]	Loss  : 0.2164
2024-05-29 06:15:14,358 - INFO - Test loss   : 0.5564
2024-05-29 06:15:14,359 - INFO - 
Epoch	72
2024-05-29 06:16:45,580 - INFO - [51200/436063]	Loss  : 0.2145
2024-05-29 06:18:14,218 - INFO - [102400/436063]	Loss  : 0.2150
2024-05-29 06:19:43,067 - INFO - [153600/436063]	Loss  : 0.2153
2024-05-29 06:21:12,222 - INFO - [204800/436063]	Loss  : 0.2155
2024-05-29 06:22:41,345 - INFO - [256000/436063]	Loss  : 0.2163
2024-05-29 06:22:51,366 - INFO - [262144/436063]	Loss  : 0.2163
2024-05-29 06:23:33,364 - INFO - Test loss   : 0.5513
2024-05-29 06:23:33,364 - INFO - 
Epoch	73
2024-05-29 06:25:04,338 - INFO - [51200/436063]	Loss  : 0.2157
2024-05-29 06:26:33,155 - INFO - [102400/436063]	Loss  : 0.2159
2024-05-29 06:28:01,978 - INFO - [153600/436063]	Loss  : 0.2162
2024-05-29 06:29:31,126 - INFO - [204800/436063]	Loss  : 0.2163
2024-05-29 06:31:00,636 - INFO - [256000/436063]	Loss  : 0.2165
2024-05-29 06:31:10,712 - INFO - [262144/436063]	Loss  : 0.2166
2024-05-29 06:31:52,678 - INFO - Test loss   : 0.5479
2024-05-29 06:31:52,678 - INFO - 
Epoch	74
2024-05-29 06:33:25,329 - INFO - [51200/436063]	Loss  : 0.2156
2024-05-29 06:34:54,531 - INFO - [102400/436063]	Loss  : 0.2156
2024-05-29 06:36:23,467 - INFO - [153600/436063]	Loss  : 0.2158
2024-05-29 06:37:52,549 - INFO - [204800/436063]	Loss  : 0.2160
2024-05-29 06:39:21,657 - INFO - [256000/436063]	Loss  : 0.2159
2024-05-29 06:39:31,732 - INFO - [262144/436063]	Loss  : 0.2159
2024-05-29 06:40:13,614 - INFO - Test loss   : 0.5680
2024-05-29 06:40:13,614 - INFO - 
Epoch	75
2024-05-29 06:41:44,601 - INFO - [51200/436063]	Loss  : 0.2130
2024-05-29 06:43:13,591 - INFO - [102400/436063]	Loss  : 0.2142
2024-05-29 06:44:42,721 - INFO - [153600/436063]	Loss  : 0.2144
2024-05-29 06:46:11,877 - INFO - [204800/436063]	Loss  : 0.2148
2024-05-29 06:47:41,010 - INFO - [256000/436063]	Loss  : 0.2152
2024-05-29 06:47:51,021 - INFO - [262144/436063]	Loss  : 0.2153
2024-05-29 06:48:32,885 - INFO - Test loss   : 0.5579
2024-05-29 06:48:32,886 - INFO - 
Epoch	76
2024-05-29 06:50:03,570 - INFO - [51200/436063]	Loss  : 0.2144
2024-05-29 06:51:32,956 - INFO - [102400/436063]	Loss  : 0.2150
2024-05-29 06:53:03,498 - INFO - [153600/436063]	Loss  : 0.2152
2024-05-29 06:54:32,737 - INFO - [204800/436063]	Loss  : 0.2153
2024-05-29 06:56:01,881 - INFO - [256000/436063]	Loss  : 0.2157
2024-05-29 06:56:11,905 - INFO - [262144/436063]	Loss  : 0.2157
2024-05-29 06:56:53,939 - INFO - Test loss   : 0.5650
2024-05-29 06:56:53,939 - INFO - 
Epoch	77
2024-05-29 06:58:24,894 - INFO - [51200/436063]	Loss  : 0.2123
2024-05-29 06:59:50,020 - INFO - [102400/436063]	Loss  : 0.2138
2024-05-29 07:01:14,383 - INFO - [153600/436063]	Loss  : 0.2143
2024-05-29 07:02:44,251 - INFO - [204800/436063]	Loss  : 0.2147
2024-05-29 07:04:14,154 - INFO - [256000/436063]	Loss  : 0.2151
2024-05-29 07:04:24,264 - INFO - [262144/436063]	Loss  : 0.2151
2024-05-29 07:05:06,608 - INFO - Test loss   : 0.5675
2024-05-29 07:05:06,609 - INFO - 
Epoch	78
2024-05-29 07:06:38,061 - INFO - [51200/436063]	Loss  : 0.2132
2024-05-29 07:08:07,476 - INFO - [102400/436063]	Loss  : 0.2141
2024-05-29 07:09:36,317 - INFO - [153600/436063]	Loss  : 0.2142
2024-05-29 07:11:07,872 - INFO - [204800/436063]	Loss  : 0.2143
2024-05-29 07:12:37,489 - INFO - [256000/436063]	Loss  : 0.2146
2024-05-29 07:12:47,518 - INFO - [262144/436063]	Loss  : 0.2147
2024-05-29 07:13:29,752 - INFO - Test loss   : 0.5672
2024-05-29 07:13:29,752 - INFO - 
Epoch	79
2024-05-29 07:15:01,238 - INFO - [51200/436063]	Loss  : 0.2142
2024-05-29 07:16:30,312 - INFO - [102400/436063]	Loss  : 0.2144
2024-05-29 07:17:59,666 - INFO - [153600/436063]	Loss  : 0.2139
2024-05-29 07:19:29,013 - INFO - [204800/436063]	Loss  : 0.2140
2024-05-29 07:20:58,438 - INFO - [256000/436063]	Loss  : 0.2142
2024-05-29 07:21:08,482 - INFO - [262144/436063]	Loss  : 0.2142
2024-05-29 07:21:50,560 - INFO - Test loss   : 0.5725
2024-05-29 07:21:50,561 - INFO - 
Epoch	80
2024-05-29 07:23:21,979 - INFO - [51200/436063]	Loss  : 0.2137
2024-05-29 07:24:46,378 - INFO - [102400/436063]	Loss  : 0.2138
2024-05-29 07:26:16,596 - INFO - [153600/436063]	Loss  : 0.2135
2024-05-29 07:27:47,736 - INFO - [204800/436063]	Loss  : 0.2138
2024-05-29 07:29:15,873 - INFO - [256000/436063]	Loss  : 0.2139
2024-05-29 07:29:25,859 - INFO - [262144/436063]	Loss  : 0.2139
2024-05-29 07:30:07,797 - INFO - Test loss   : 0.5866
2024-05-29 07:30:08,745 - INFO - (24343,)
2024-05-29 07:30:31,752 - INFO -  Split ID: 0
2024-05-29 07:30:31,762 - INFO -  Top 1	LocEnc (Epoch 80)acc (%):   4.74
2024-05-29 07:30:31,763 - INFO -  Top 3	LocEnc (Epoch 80)acc (%):   10.6
2024-05-29 07:30:31,764 - INFO -  Top 5	LocEnc (Epoch 80)acc (%):   14.74
2024-05-29 07:30:31,764 - INFO -  Top 10	LocEnc (Epoch 80)acc (%):   23.03
2024-05-29 07:30:31,874 - INFO - 
No prior
2024-05-29 07:30:32,108 - INFO - (24426,)
2024-05-29 07:30:43,176 - INFO -  Split ID: 0
2024-05-29 07:30:43,176 - INFO -  Top 1	(Epoch 80)acc (%):   60.2
2024-05-29 07:30:43,177 - INFO -  Top 3	(Epoch 80)acc (%):   77.9
2024-05-29 07:30:43,177 - INFO -  Top 5	(Epoch 80)acc (%):   83.29
2024-05-29 07:30:43,177 - INFO -  Top 10	(Epoch 80)acc (%):   88.5
2024-05-29 07:31:26,687 - INFO -  Split ID: 0
2024-05-29 07:31:26,687 - INFO -  Top 1	(Epoch 80)acc (%):   73.32
2024-05-29 07:31:26,687 - INFO -  Top 3	(Epoch 80)acc (%):   86.95
2024-05-29 07:31:26,687 - INFO -  Top 5	(Epoch 80)acc (%):   90.22
2024-05-29 07:31:26,687 - INFO -  Top 10	(Epoch 80)acc (%):   93.15
2024-05-29 07:32:10,206 - INFO -  Split ID: 0
2024-05-29 07:32:10,207 - INFO -  Top 1	(Epoch 80)acc (%):   73.32
2024-05-29 07:32:10,207 - INFO - for optuna top1: 73.32
2024-05-29 07:32:10,207 - INFO -  Top 3	(Epoch 80)acc (%):   86.95
2024-05-29 07:32:10,207 - INFO -  Top 5	(Epoch 80)acc (%):   90.22
2024-05-29 07:32:10,207 - INFO -  Top 10	(Epoch 80)acc (%):   93.15
2024-05-29 07:32:10,219 - INFO - 
Epoch	81
2024-05-29 07:33:41,206 - INFO - [51200/436063]	Loss  : 0.2129
2024-05-29 07:35:05,046 - INFO - [102400/436063]	Loss  : 0.2131
2024-05-29 07:36:35,459 - INFO - [153600/436063]	Loss  : 0.2127
2024-05-29 07:38:04,830 - INFO - [204800/436063]	Loss  : 0.2128
2024-05-29 07:39:33,740 - INFO - [256000/436063]	Loss  : 0.2131
2024-05-29 07:39:43,712 - INFO - [262144/436063]	Loss  : 0.2130
2024-05-29 07:40:25,596 - INFO - Test loss   : 0.5853
2024-05-29 07:40:25,596 - INFO - 
Epoch	82
2024-05-29 07:41:56,224 - INFO - [51200/436063]	Loss  : 0.2117
2024-05-29 07:43:25,274 - INFO - [102400/436063]	Loss  : 0.2124
2024-05-29 07:44:54,254 - INFO - [153600/436063]	Loss  : 0.2127
2024-05-29 07:46:23,393 - INFO - [204800/436063]	Loss  : 0.2130
2024-05-29 07:47:52,466 - INFO - [256000/436063]	Loss  : 0.2134
2024-05-29 07:48:02,120 - INFO - [262144/436063]	Loss  : 0.2134
2024-05-29 07:48:47,258 - INFO - Test loss   : 0.5795
2024-05-29 07:48:47,258 - INFO - 
Epoch	83
2024-05-29 07:50:19,283 - INFO - [51200/436063]	Loss  : 0.2123
2024-05-29 07:51:48,117 - INFO - [102400/436063]	Loss  : 0.2127
2024-05-29 07:53:17,091 - INFO - [153600/436063]	Loss  : 0.2127
2024-05-29 07:54:46,302 - INFO - [204800/436063]	Loss  : 0.2130
2024-05-29 07:56:15,440 - INFO - [256000/436063]	Loss  : 0.2134
2024-05-29 07:56:25,396 - INFO - [262144/436063]	Loss  : 0.2134
2024-05-29 07:57:07,361 - INFO - Test loss   : 0.5794
2024-05-29 07:57:07,361 - INFO - 
Epoch	84
2024-05-29 07:58:38,423 - INFO - [51200/436063]	Loss  : 0.2123
2024-05-29 08:00:07,415 - INFO - [102400/436063]	Loss  : 0.2129
2024-05-29 08:01:36,183 - INFO - [153600/436063]	Loss  : 0.2130
2024-05-29 08:03:05,136 - INFO - [204800/436063]	Loss  : 0.2135
2024-05-29 08:04:34,115 - INFO - [256000/436063]	Loss  : 0.2134
2024-05-29 08:04:44,152 - INFO - [262144/436063]	Loss  : 0.2135
2024-05-29 08:05:26,282 - INFO - Test loss   : 0.5908
2024-05-29 08:05:26,282 - INFO - 
Epoch	85
2024-05-29 08:06:56,534 - INFO - [51200/436063]	Loss  : 0.2113
2024-05-29 08:08:29,959 - INFO - [102400/436063]	Loss  : 0.2118
2024-05-29 08:09:59,283 - INFO - [153600/436063]	Loss  : 0.2127
2024-05-29 08:11:28,290 - INFO - [204800/436063]	Loss  : 0.2127
2024-05-29 08:12:55,616 - INFO - [256000/436063]	Loss  : 0.2132
2024-05-29 08:13:05,827 - INFO - [262144/436063]	Loss  : 0.2132
2024-05-29 08:13:50,162 - INFO - Test loss   : 0.5872
2024-05-29 08:13:50,162 - INFO - 
Epoch	86
2024-05-29 08:15:19,958 - INFO - [51200/436063]	Loss  : 0.2120
2024-05-29 08:16:48,973 - INFO - [102400/436063]	Loss  : 0.2114
2024-05-29 08:18:18,262 - INFO - [153600/436063]	Loss  : 0.2119
2024-05-29 08:19:47,319 - INFO - [204800/436063]	Loss  : 0.2120
2024-05-29 08:21:16,303 - INFO - [256000/436063]	Loss  : 0.2124
2024-05-29 08:21:26,265 - INFO - [262144/436063]	Loss  : 0.2123
2024-05-29 08:22:08,178 - INFO - Test loss   : 0.5915
2024-05-29 08:22:08,178 - INFO - 
Epoch	87
2024-05-29 08:23:38,798 - INFO - [51200/436063]	Loss  : 0.2107
2024-05-29 08:25:07,989 - INFO - [102400/436063]	Loss  : 0.2115
2024-05-29 08:26:39,321 - INFO - [153600/436063]	Loss  : 0.2119
2024-05-29 08:28:09,945 - INFO - [204800/436063]	Loss  : 0.2122
2024-05-29 08:29:39,249 - INFO - [256000/436063]	Loss  : 0.2123
2024-05-29 08:29:49,266 - INFO - [262144/436063]	Loss  : 0.2123
2024-05-29 08:30:31,203 - INFO - Test loss   : 0.5870
2024-05-29 08:30:31,204 - INFO - 
Epoch	88
2024-05-29 08:32:01,967 - INFO - [51200/436063]	Loss  : 0.2119
2024-05-29 08:33:28,704 - INFO - [102400/436063]	Loss  : 0.2111
2024-05-29 08:34:57,873 - INFO - [153600/436063]	Loss  : 0.2116
2024-05-29 08:36:26,986 - INFO - [204800/436063]	Loss  : 0.2121
2024-05-29 08:37:56,271 - INFO - [256000/436063]	Loss  : 0.2125
2024-05-29 08:38:06,342 - INFO - [262144/436063]	Loss  : 0.2125
2024-05-29 08:38:48,211 - INFO - Test loss   : 0.5914
2024-05-29 08:38:48,212 - INFO - 
Epoch	89
2024-05-29 08:40:19,196 - INFO - [51200/436063]	Loss  : 0.2123
2024-05-29 08:41:48,212 - INFO - [102400/436063]	Loss  : 0.2110
2024-05-29 08:43:16,850 - INFO - [153600/436063]	Loss  : 0.2115
2024-05-29 08:44:46,070 - INFO - [204800/436063]	Loss  : 0.2119
2024-05-29 08:46:19,001 - INFO - [256000/436063]	Loss  : 0.2118
2024-05-29 08:46:28,930 - INFO - [262144/436063]	Loss  : 0.2118
2024-05-29 08:47:10,834 - INFO - Test loss   : 0.6060
2024-05-29 08:47:10,835 - INFO - 
Epoch	90
2024-05-29 08:48:41,803 - INFO - [51200/436063]	Loss  : 0.2103
2024-05-29 08:50:05,580 - INFO - [102400/436063]	Loss  : 0.2107
2024-05-29 08:51:35,575 - INFO - [153600/436063]	Loss  : 0.2107
2024-05-29 08:53:04,344 - INFO - [204800/436063]	Loss  : 0.2112
2024-05-29 08:54:33,427 - INFO - [256000/436063]	Loss  : 0.2116
2024-05-29 08:54:43,512 - INFO - [262144/436063]	Loss  : 0.2117
2024-05-29 08:55:25,360 - INFO - Test loss   : 0.6003
2024-05-29 08:55:26,252 - INFO - (24343,)
2024-05-29 08:55:49,631 - INFO -  Split ID: 0
2024-05-29 08:55:49,641 - INFO -  Top 1	LocEnc (Epoch 90)acc (%):   4.83
2024-05-29 08:55:49,642 - INFO -  Top 3	LocEnc (Epoch 90)acc (%):   10.88
2024-05-29 08:55:49,643 - INFO -  Top 5	LocEnc (Epoch 90)acc (%):   15.28
2024-05-29 08:55:49,644 - INFO -  Top 10	LocEnc (Epoch 90)acc (%):   23.24
2024-05-29 08:55:49,773 - INFO - 
No prior
2024-05-29 08:55:50,135 - INFO - (24426,)
2024-05-29 08:56:01,671 - INFO -  Split ID: 0
2024-05-29 08:56:01,671 - INFO -  Top 1	(Epoch 90)acc (%):   60.2
2024-05-29 08:56:01,671 - INFO -  Top 3	(Epoch 90)acc (%):   77.9
2024-05-29 08:56:01,672 - INFO -  Top 5	(Epoch 90)acc (%):   83.29
2024-05-29 08:56:01,672 - INFO -  Top 10	(Epoch 90)acc (%):   88.5
2024-05-29 08:56:45,395 - INFO -  Split ID: 0
2024-05-29 08:56:45,395 - INFO -  Top 1	(Epoch 90)acc (%):   73.27
2024-05-29 08:56:45,395 - INFO -  Top 3	(Epoch 90)acc (%):   86.89
2024-05-29 08:56:45,395 - INFO -  Top 5	(Epoch 90)acc (%):   90.14
2024-05-29 08:56:45,395 - INFO -  Top 10	(Epoch 90)acc (%):   93.14
2024-05-29 08:57:29,059 - INFO -  Split ID: 0
2024-05-29 08:57:29,059 - INFO -  Top 1	(Epoch 90)acc (%):   73.27
2024-05-29 08:57:29,060 - INFO - for optuna top1: 73.27
2024-05-29 08:57:29,060 - INFO -  Top 3	(Epoch 90)acc (%):   86.89
2024-05-29 08:57:29,060 - INFO -  Top 5	(Epoch 90)acc (%):   90.14
2024-05-29 08:57:29,060 - INFO -  Top 10	(Epoch 90)acc (%):   93.14
2024-05-29 08:57:29,071 - INFO - 
Epoch	91
2024-05-29 08:59:00,157 - INFO - [51200/436063]	Loss  : 0.2109
2024-05-29 09:00:23,823 - INFO - [102400/436063]	Loss  : 0.2107
2024-05-29 09:01:54,685 - INFO - [153600/436063]	Loss  : 0.2111
2024-05-29 09:03:23,550 - INFO - [204800/436063]	Loss  : 0.2114
2024-05-29 09:04:55,871 - INFO - [256000/436063]	Loss  : 0.2116
2024-05-29 09:05:06,466 - INFO - [262144/436063]	Loss  : 0.2116
2024-05-29 09:05:48,434 - INFO - Test loss   : 0.6063
2024-05-29 09:05:48,434 - INFO - 
Epoch	92
2024-05-29 09:07:19,561 - INFO - [51200/436063]	Loss  : 0.2107
2024-05-29 09:08:48,804 - INFO - [102400/436063]	Loss  : 0.2104
2024-05-29 09:10:17,882 - INFO - [153600/436063]	Loss  : 0.2113
2024-05-29 09:11:46,835 - INFO - [204800/436063]	Loss  : 0.2116
2024-05-29 09:13:14,822 - INFO - [256000/436063]	Loss  : 0.2116
2024-05-29 09:13:23,669 - INFO - [262144/436063]	Loss  : 0.2117
2024-05-29 09:14:05,589 - INFO - Test loss   : 0.6034
2024-05-29 09:14:05,590 - INFO - 
Epoch	93
2024-05-29 09:15:36,467 - INFO - [51200/436063]	Loss  : 0.2107
2024-05-29 09:17:05,826 - INFO - [102400/436063]	Loss  : 0.2103
2024-05-29 09:18:34,872 - INFO - [153600/436063]	Loss  : 0.2103
2024-05-29 09:20:03,807 - INFO - [204800/436063]	Loss  : 0.2107
2024-05-29 09:21:32,897 - INFO - [256000/436063]	Loss  : 0.2110
2024-05-29 09:21:43,054 - INFO - [262144/436063]	Loss  : 0.2112
2024-05-29 09:22:25,071 - INFO - Test loss   : 0.6089
2024-05-29 09:22:25,071 - INFO - 
Epoch	94
2024-05-29 09:23:58,165 - INFO - [51200/436063]	Loss  : 0.2107
2024-05-29 09:25:28,432 - INFO - [102400/436063]	Loss  : 0.2105
2024-05-29 09:26:57,495 - INFO - [153600/436063]	Loss  : 0.2103
2024-05-29 09:28:26,523 - INFO - [204800/436063]	Loss  : 0.2105
2024-05-29 09:29:55,836 - INFO - [256000/436063]	Loss  : 0.2108
2024-05-29 09:30:05,877 - INFO - [262144/436063]	Loss  : 0.2108
2024-05-29 09:30:47,899 - INFO - Test loss   : 0.6071
2024-05-29 09:30:47,899 - INFO - 
Epoch	95
2024-05-29 09:32:19,014 - INFO - [51200/436063]	Loss  : 0.2100
2024-05-29 09:33:47,892 - INFO - [102400/436063]	Loss  : 0.2098
2024-05-29 09:35:16,725 - INFO - [153600/436063]	Loss  : 0.2100
2024-05-29 09:36:45,810 - INFO - [204800/436063]	Loss  : 0.2106
2024-05-29 09:38:14,908 - INFO - [256000/436063]	Loss  : 0.2108
2024-05-29 09:38:25,036 - INFO - [262144/436063]	Loss  : 0.2107
2024-05-29 09:39:06,933 - INFO - Test loss   : 0.6086
2024-05-29 09:39:06,934 - INFO - 
Epoch	96
2024-05-29 09:40:38,299 - INFO - [51200/436063]	Loss  : 0.2100
2024-05-29 09:42:07,779 - INFO - [102400/436063]	Loss  : 0.2095
2024-05-29 09:43:40,579 - INFO - [153600/436063]	Loss  : 0.2097
2024-05-29 09:45:09,411 - INFO - [204800/436063]	Loss  : 0.2098
2024-05-29 09:46:38,760 - INFO - [256000/436063]	Loss  : 0.2102
2024-05-29 09:46:48,800 - INFO - [262144/436063]	Loss  : 0.2102
2024-05-29 09:47:30,826 - INFO - Test loss   : 0.6145
2024-05-29 09:47:30,826 - INFO - 
Epoch	97
2024-05-29 09:49:02,109 - INFO - [51200/436063]	Loss  : 0.2103
2024-05-29 09:50:31,334 - INFO - [102400/436063]	Loss  : 0.2091
2024-05-29 09:52:00,656 - INFO - [153600/436063]	Loss  : 0.2094
2024-05-29 09:53:29,165 - INFO - [204800/436063]	Loss  : 0.2100
2024-05-29 09:54:56,644 - INFO - [256000/436063]	Loss  : 0.2100
2024-05-29 09:55:06,754 - INFO - [262144/436063]	Loss  : 0.2100
2024-05-29 09:55:48,628 - INFO - Test loss   : 0.6171
2024-05-29 09:55:48,628 - INFO - 
Epoch	98
2024-05-29 09:57:19,575 - INFO - [51200/436063]	Loss  : 0.2094
2024-05-29 09:58:48,846 - INFO - [102400/436063]	Loss  : 0.2101
2024-05-29 10:00:18,045 - INFO - [153600/436063]	Loss  : 0.2104
2024-05-29 10:01:47,885 - INFO - [204800/436063]	Loss  : 0.2106
2024-05-29 10:03:20,187 - INFO - [256000/436063]	Loss  : 0.2103
2024-05-29 10:03:30,131 - INFO - [262144/436063]	Loss  : 0.2104
2024-05-29 10:04:12,010 - INFO - Test loss   : 0.6178
2024-05-29 10:04:12,010 - INFO - 
Epoch	99
2024-05-29 10:05:43,003 - INFO - [51200/436063]	Loss  : 0.2100
2024-05-29 10:07:11,329 - INFO - [102400/436063]	Loss  : 0.2096
2024-05-29 10:08:31,033 - INFO - [153600/436063]	Loss  : 0.2093
2024-05-29 10:09:47,426 - INFO - [204800/436063]	Loss  : 0.2095
2024-05-29 10:11:03,981 - INFO - [256000/436063]	Loss  : 0.2098
2024-05-29 10:11:12,490 - INFO - [262144/436063]	Loss  : 0.2100
2024-05-29 10:11:48,440 - INFO - Test loss   : 0.6183
2024-05-29 10:11:48,440 - INFO - Saving output model to ../models/sphere2vec_sphereCplus/model_inat_2018_Sphere2Vec-sphereC+_0.0005_64_0.0010000_1_1024_leakyrelu.pth.tar
2024-05-29 10:11:48,526 - INFO - Saving output model to ../models/sphere2vec_sphereCplus/model_inat_2018_Sphere2Vec-sphereC+_0.0005_64_0.0010000_1_1024_leakyrelu.pth.tar
2024-05-29 10:11:48,776 - INFO - 
No prior
2024-05-29 10:11:49,012 - INFO - (24426,)
2024-05-29 10:12:00,186 - INFO -  Split ID: 0
2024-05-29 10:12:00,187 - INFO -  Top 1	acc (%):   60.2
2024-05-29 10:12:00,187 - INFO -  Top 3	acc (%):   77.9
2024-05-29 10:12:00,187 - INFO -  Top 5	acc (%):   83.29
2024-05-29 10:12:00,187 - INFO -  Top 10	acc (%):   88.5
2024-05-29 10:12:38,314 - INFO -  Split ID: 0
2024-05-29 10:12:38,314 - INFO -  Top 1	acc (%):   73.14
2024-05-29 10:12:38,314 - INFO -  Top 3	acc (%):   86.88
2024-05-29 10:12:38,315 - INFO -  Top 5	acc (%):   90.04
2024-05-29 10:12:38,315 - INFO -  Top 10	acc (%):   93.05
2024-05-29 10:13:16,363 - INFO -  Split ID: 0
2024-05-29 10:13:16,364 - INFO -  Top 1	acc (%):   73.14
2024-05-29 10:13:16,364 - INFO - for optuna top1: 73.14
2024-05-29 10:13:16,364 - INFO -  Top 3	acc (%):   86.88
2024-05-29 10:13:16,364 - INFO -  Top 5	acc (%):   90.04
2024-05-29 10:13:16,364 - INFO -  Top 10	acc (%):   93.05
2024-05-29 10:13:16,379 - INFO - 
Sphere2Vec-sphereC+
2024-05-29 10:13:16,379 - INFO -  Model :	model_inat_2018_Sphere2Vec-sphereC+_0.0005_64_0.0010000_1_1024_leakyrelu.pth.tar
2024-05-29 10:13:17,277 - INFO - (24343,)
2024-05-29 10:13:40,433 - INFO -  Split ID: 0
2024-05-29 10:13:40,442 - INFO -  Top 1	LocEnc acc (%):   4.76
2024-05-29 10:13:40,443 - INFO -  Top 3	LocEnc acc (%):   10.81
2024-05-29 10:13:40,444 - INFO -  Top 5	LocEnc acc (%):   15.38
2024-05-29 10:13:40,445 - INFO -  Top 10	LocEnc acc (%):   23.23
2024-05-30 20:28:35,647 - INFO - 
num_classes	8142
2024-05-30 20:28:35,647 - INFO - num train    	436063
2024-05-30 20:28:35,647 - INFO - num val      	24343
2024-05-30 20:28:35,647 - INFO - train loss   	full_loss
2024-05-30 20:28:35,647 - INFO - model name   	../models/sphere2vec_sphereCplus/model_inat_2018_Sphere2Vec-sphereC+_0.0005_64_0.0010000_1_1024_leakyrelu.pth.tar
2024-05-30 20:28:35,647 - INFO - num users    	18643
2024-05-30 20:28:35,974 - INFO - 
Only Sphere2Vec-sphereC+
2024-05-30 20:28:35,974 - INFO -  Model :	model_inat_2018_Sphere2Vec-sphereC+_0.0005_64_0.0010000_1_1024_leakyrelu.pth.tar
2024-05-30 20:28:36,339 - INFO - Saving output model to ../models/sphere2vec_sphereCplus/model_inat_2018_Sphere2Vec-sphereC+_0.0005_64_0.0010000_1_1024_leakyrelu.pth.tar
2024-05-30 20:28:36,639 - INFO - Saving output model to ../models/sphere2vec_sphereCplus/model_inat_2018_Sphere2Vec-sphereC+_0.0005_64_0.0010000_1_1024_leakyrelu.pth.tar
2024-05-30 20:28:37,034 - INFO - 
No prior
2024-05-30 20:28:37,307 - INFO - (24426,)
2024-05-30 20:28:54,860 - INFO - Save results to ../eval_results/eval_inat_2018__val_no_prior.csv
2024-05-30 20:28:54,860 - INFO -  Split ID: 0
2024-05-30 20:28:54,860 - INFO -  Top 1	acc (%):   60.2
2024-05-30 20:28:54,860 - INFO -  Top 3	acc (%):   77.9
2024-05-30 20:28:54,860 - INFO -  Top 5	acc (%):   83.29
2024-05-30 20:28:54,860 - INFO -  Top 10	acc (%):   88.5
2024-05-30 20:29:20,959 - INFO -  Split ID: 0
2024-05-30 20:29:20,960 - INFO -  Top 1	hit (%):   73.14
2024-05-30 20:29:20,960 - INFO -  Top 3	hit (%):   86.88
2024-05-30 20:29:20,960 - INFO -  Top 5	hit (%):   90.04
2024-05-30 20:29:20,960 - INFO -  Top 10	hit (%):   93.05
2024-05-30 20:29:20,965 - INFO - 
Only Sphere2Vec-sphereC+
2024-05-30 20:29:20,965 - INFO -  Model :	model_inat_2018_Sphere2Vec-sphereC+_0.0005_64_0.0010000_1_1024_leakyrelu.pth.tar
2024-05-30 20:29:21,726 - INFO - (24343,)
2024-05-30 20:29:42,084 - INFO -  Split ID: 0
2024-05-30 20:29:42,093 - INFO -  Top 1	LocEnc acc (%):   4.76
2024-05-30 20:29:42,093 - INFO -  Top 3	LocEnc acc (%):   10.81
2024-05-30 20:29:42,094 - INFO -  Top 5	LocEnc acc (%):   15.38
2024-05-30 20:29:42,097 - INFO -  Top 10	LocEnc acc (%):   23.23
