2024-05-23 19:54:58,262 - INFO - 
num_classes	100
2024-05-23 19:54:58,262 - INFO - num train    	66739
2024-05-23 19:54:58,262 - INFO - num val      	4449
2024-05-23 19:54:58,263 - INFO - train loss   	full_loss
2024-05-23 19:54:58,263 - INFO - model name   	../models/sphere2vec_sphereCplus/model_yfcc_Sphere2Vec-sphereC+_inception_v3_0.0005_64_0.0005000_1_512.pth.tar
2024-05-23 19:54:58,263 - INFO - num users    	1
2024-05-23 19:54:58,464 - INFO - 
Epoch	0
2024-05-23 19:56:15,926 - INFO - [51200/66739]	Loss  : 1.7247
2024-05-23 19:56:37,416 - INFO - [66560/66739]	Loss  : 1.6419
2024-05-23 19:56:43,944 - INFO - Test loss   : 0.5952
2024-05-23 19:56:43,944 - INFO - 
Epoch	1
2024-05-23 19:58:01,111 - INFO - [51200/66739]	Loss  : 1.2388
2024-05-23 19:58:22,613 - INFO - [66560/66739]	Loss  : 1.2302
2024-05-23 19:58:29,162 - INFO - Test loss   : 0.5032
2024-05-23 19:58:29,162 - INFO - 
Epoch	2
2024-05-23 19:59:46,356 - INFO - [51200/66739]	Loss  : 1.1690
2024-05-23 20:00:07,804 - INFO - [66560/66739]	Loss  : 1.1648
2024-05-23 20:00:14,373 - INFO - Test loss   : 0.4787
2024-05-23 20:00:14,373 - INFO - 
Epoch	3
2024-05-23 20:01:31,523 - INFO - [51200/66739]	Loss  : 1.1320
2024-05-23 20:01:52,919 - INFO - [66560/66739]	Loss  : 1.1292
2024-05-23 20:01:59,623 - INFO - Test loss   : 0.4668
2024-05-23 20:01:59,623 - INFO - 
Epoch	4
2024-05-23 20:03:16,659 - INFO - [51200/66739]	Loss  : 1.1049
2024-05-23 20:03:34,411 - INFO - [66560/66739]	Loss  : 1.1031
2024-05-23 20:03:39,825 - INFO - Test loss   : 0.4578
2024-05-23 20:03:39,825 - INFO - 
Epoch	5
2024-05-23 20:04:45,250 - INFO - [51200/66739]	Loss  : 1.0837
2024-05-23 20:05:07,148 - INFO - [66560/66739]	Loss  : 1.0838
2024-05-23 20:05:13,847 - INFO - Test loss   : 0.4583
2024-05-23 20:05:13,847 - INFO - 
Epoch	6
2024-05-23 20:06:32,757 - INFO - [51200/66739]	Loss  : 1.0686
2024-05-23 20:06:54,717 - INFO - [66560/66739]	Loss  : 1.0684
2024-05-23 20:07:01,351 - INFO - Test loss   : 0.4599
2024-05-23 20:07:01,351 - INFO - 
Epoch	7
2024-05-23 20:08:18,585 - INFO - [51200/66739]	Loss  : 1.0560
2024-05-23 20:08:40,036 - INFO - [66560/66739]	Loss  : 1.0571
2024-05-23 20:08:46,549 - INFO - Test loss   : 0.4545
2024-05-23 20:08:46,549 - INFO - 
Epoch	8
2024-05-23 20:10:03,816 - INFO - [51200/66739]	Loss  : 1.0481
2024-05-23 20:10:25,232 - INFO - [66560/66739]	Loss  : 1.0465
2024-05-23 20:10:31,788 - INFO - Test loss   : 0.4537
2024-05-23 20:10:31,788 - INFO - 
Epoch	9
2024-05-23 20:11:48,982 - INFO - [51200/66739]	Loss  : 1.0381
2024-05-23 20:12:10,410 - INFO - [66560/66739]	Loss  : 1.0371
2024-05-23 20:12:16,075 - INFO - Test loss   : 0.4548
2024-05-23 20:12:16,076 - INFO - 
Epoch	10
2024-05-23 20:13:33,074 - INFO - [51200/66739]	Loss  : 1.0307
2024-05-23 20:13:54,530 - INFO - [66560/66739]	Loss  : 1.0304
2024-05-23 20:14:01,054 - INFO - Test loss   : 0.4583
2024-05-23 20:14:01,101 - INFO - (4449,)
2024-05-23 20:14:01,126 - INFO -  Split ID: 0
2024-05-23 20:14:01,128 - INFO -  Top 1	LocEnc (Epoch 10)acc (%):   11.15
2024-05-23 20:14:01,128 - INFO -  Top 3	LocEnc (Epoch 10)acc (%):   23.67
2024-05-23 20:14:01,128 - INFO -  Top 5	LocEnc (Epoch 10)acc (%):   33.09
2024-05-23 20:14:01,129 - INFO -  Top 10	LocEnc (Epoch 10)acc (%):   47.81
2024-05-23 20:14:01,129 - INFO - 
No prior
2024-05-23 20:14:01,131 - INFO - (17798,)
2024-05-23 20:14:01,228 - INFO -  Split ID: 0
2024-05-23 20:14:01,228 - INFO -  Top 1	(Epoch 10)acc (%):   50.15
2024-05-23 20:14:01,228 - INFO -  Top 3	(Epoch 10)acc (%):   73.9
2024-05-23 20:14:01,228 - INFO -  Top 5	(Epoch 10)acc (%):   82.45
2024-05-23 20:14:01,228 - INFO -  Top 10	(Epoch 10)acc (%):   91.06
2024-05-23 20:14:36,130 - INFO -  Split ID: 0
2024-05-23 20:14:36,130 - INFO -  Top 1	(Epoch 10)acc (%):   51.05
2024-05-23 20:14:36,130 - INFO -  Top 3	(Epoch 10)acc (%):   75.5
2024-05-23 20:14:36,130 - INFO -  Top 5	(Epoch 10)acc (%):   83.91
2024-05-23 20:14:36,130 - INFO -  Top 10	(Epoch 10)acc (%):   92.13
2024-05-23 20:14:36,131 - INFO - 
Epoch	11
2024-05-23 20:15:53,260 - INFO - [51200/66739]	Loss  : 1.0228
2024-05-23 20:16:14,633 - INFO - [66560/66739]	Loss  : 1.0215
2024-05-23 20:16:21,159 - INFO - Test loss   : 0.4582
2024-05-23 20:16:21,159 - INFO - 
Epoch	12
2024-05-23 20:17:37,605 - INFO - [51200/66739]	Loss  : 1.0138
2024-05-23 20:17:59,719 - INFO - [66560/66739]	Loss  : 1.0151
2024-05-23 20:18:06,403 - INFO - Test loss   : 0.4601
2024-05-23 20:18:06,403 - INFO - 
Epoch	13
2024-05-23 20:19:24,638 - INFO - [51200/66739]	Loss  : 1.0087
2024-05-23 20:19:46,047 - INFO - [66560/66739]	Loss  : 1.0094
2024-05-23 20:19:52,604 - INFO - Test loss   : 0.4606
2024-05-23 20:19:52,604 - INFO - 
Epoch	14
2024-05-23 20:21:10,052 - INFO - [51200/66739]	Loss  : 1.0029
2024-05-23 20:21:31,451 - INFO - [66560/66739]	Loss  : 1.0037
2024-05-23 20:21:37,988 - INFO - Test loss   : 0.4588
2024-05-23 20:21:37,988 - INFO - 
Epoch	15
2024-05-23 20:22:55,055 - INFO - [51200/66739]	Loss  : 0.9979
2024-05-23 20:23:16,497 - INFO - [66560/66739]	Loss  : 0.9986
2024-05-23 20:23:23,017 - INFO - Test loss   : 0.4631
2024-05-23 20:23:23,018 - INFO - 
Epoch	16
2024-05-23 20:24:40,086 - INFO - [51200/66739]	Loss  : 0.9942
2024-05-23 20:25:01,464 - INFO - [66560/66739]	Loss  : 0.9930
2024-05-23 20:25:07,994 - INFO - Test loss   : 0.4654
2024-05-23 20:25:07,994 - INFO - 
Epoch	17
2024-05-23 20:26:25,131 - INFO - [51200/66739]	Loss  : 0.9893
2024-05-23 20:26:46,532 - INFO - [66560/66739]	Loss  : 0.9884
2024-05-23 20:26:53,058 - INFO - Test loss   : 0.4601
2024-05-23 20:26:53,058 - INFO - 
Epoch	18
2024-05-23 20:28:10,182 - INFO - [51200/66739]	Loss  : 0.9844
2024-05-23 20:28:31,669 - INFO - [66560/66739]	Loss  : 0.9842
2024-05-23 20:28:38,212 - INFO - Test loss   : 0.4657
2024-05-23 20:28:38,212 - INFO - 
Epoch	19
2024-05-23 20:29:55,339 - INFO - [51200/66739]	Loss  : 0.9822
2024-05-23 20:30:16,762 - INFO - [66560/66739]	Loss  : 0.9825
2024-05-23 20:30:23,274 - INFO - Test loss   : 0.4647
2024-05-23 20:30:23,274 - INFO - 
Epoch	20
2024-05-23 20:31:40,367 - INFO - [51200/66739]	Loss  : 0.9761
2024-05-23 20:32:01,964 - INFO - [66560/66739]	Loss  : 0.9763
2024-05-23 20:32:08,654 - INFO - Test loss   : 0.4663
2024-05-23 20:32:08,693 - INFO - (4449,)
2024-05-23 20:32:08,715 - INFO -  Split ID: 0
2024-05-23 20:32:08,717 - INFO -  Top 1	LocEnc (Epoch 20)acc (%):   12.27
2024-05-23 20:32:08,717 - INFO -  Top 3	LocEnc (Epoch 20)acc (%):   26.01
2024-05-23 20:32:08,718 - INFO -  Top 5	LocEnc (Epoch 20)acc (%):   34.95
2024-05-23 20:32:08,718 - INFO -  Top 10	LocEnc (Epoch 20)acc (%):   50.33
2024-05-23 20:32:08,718 - INFO - 
No prior
2024-05-23 20:32:08,720 - INFO - (17798,)
2024-05-23 20:32:08,813 - INFO -  Split ID: 0
2024-05-23 20:32:08,813 - INFO -  Top 1	(Epoch 20)acc (%):   50.15
2024-05-23 20:32:08,813 - INFO -  Top 3	(Epoch 20)acc (%):   73.9
2024-05-23 20:32:08,813 - INFO -  Top 5	(Epoch 20)acc (%):   82.45
2024-05-23 20:32:08,813 - INFO -  Top 10	(Epoch 20)acc (%):   91.06
2024-05-23 20:32:44,728 - INFO -  Split ID: 0
2024-05-23 20:32:44,728 - INFO -  Top 1	(Epoch 20)acc (%):   51.09
2024-05-23 20:32:44,728 - INFO -  Top 3	(Epoch 20)acc (%):   75.45
2024-05-23 20:32:44,728 - INFO -  Top 5	(Epoch 20)acc (%):   83.99
2024-05-23 20:32:44,728 - INFO -  Top 10	(Epoch 20)acc (%):   92.3
2024-05-23 20:32:44,728 - INFO - 
Epoch	21
2024-05-23 20:33:54,554 - INFO - [51200/66739]	Loss  : 0.9707
2024-05-23 20:34:12,466 - INFO - [66560/66739]	Loss  : 0.9718
2024-05-23 20:34:17,885 - INFO - Test loss   : 0.4675
2024-05-23 20:34:17,885 - INFO - 
Epoch	22
2024-05-23 20:35:22,203 - INFO - [51200/66739]	Loss  : 0.9664
2024-05-23 20:35:40,041 - INFO - [66560/66739]	Loss  : 0.9680
2024-05-23 20:35:45,479 - INFO - Test loss   : 0.4656
2024-05-23 20:35:45,479 - INFO - 
Epoch	23
2024-05-23 20:36:49,810 - INFO - [51200/66739]	Loss  : 0.9681
2024-05-23 20:37:07,662 - INFO - [66560/66739]	Loss  : 0.9673
2024-05-23 20:37:13,121 - INFO - Test loss   : 0.4670
2024-05-23 20:37:13,121 - INFO - 
Epoch	24
2024-05-23 20:38:17,654 - INFO - [51200/66739]	Loss  : 0.9635
2024-05-23 20:38:35,586 - INFO - [66560/66739]	Loss  : 0.9626
2024-05-23 20:38:40,999 - INFO - Test loss   : 0.4744
2024-05-23 20:38:40,999 - INFO - 
Epoch	25
2024-05-23 20:39:45,199 - INFO - [51200/66739]	Loss  : 0.9576
2024-05-23 20:40:03,028 - INFO - [66560/66739]	Loss  : 0.9597
2024-05-23 20:40:08,441 - INFO - Test loss   : 0.4731
2024-05-23 20:40:08,441 - INFO - 
Epoch	26
2024-05-23 20:41:12,710 - INFO - [51200/66739]	Loss  : 0.9555
2024-05-23 20:41:30,575 - INFO - [66560/66739]	Loss  : 0.9569
2024-05-23 20:41:36,017 - INFO - Test loss   : 0.4755
2024-05-23 20:41:36,018 - INFO - 
Epoch	27
2024-05-23 20:42:40,312 - INFO - [51200/66739]	Loss  : 0.9533
2024-05-23 20:42:57,731 - INFO - [66560/66739]	Loss  : 0.9550
2024-05-23 20:43:02,487 - INFO - Test loss   : 0.4703
2024-05-23 20:43:02,487 - INFO - 
Epoch	28
2024-05-23 20:44:06,790 - INFO - [51200/66739]	Loss  : 0.9511
2024-05-23 20:44:24,673 - INFO - [66560/66739]	Loss  : 0.9515
2024-05-23 20:44:30,131 - INFO - Test loss   : 0.4751
2024-05-23 20:44:30,131 - INFO - 
Epoch	29
2024-05-23 20:45:34,606 - INFO - [51200/66739]	Loss  : 0.9490
2024-05-23 20:45:52,511 - INFO - [66560/66739]	Loss  : 0.9472
2024-05-23 20:45:57,971 - INFO - Test loss   : 0.4808
2024-05-23 20:45:57,971 - INFO - 
Epoch	30
2024-05-23 20:47:01,469 - INFO - [51200/66739]	Loss  : 0.9475
2024-05-23 20:47:19,425 - INFO - [66560/66739]	Loss  : 0.9462
2024-05-23 20:47:24,875 - INFO - Test loss   : 0.4819
2024-05-23 20:47:24,924 - INFO - (4449,)
2024-05-23 20:47:24,948 - INFO -  Split ID: 0
2024-05-23 20:47:24,950 - INFO -  Top 1	LocEnc (Epoch 30)acc (%):   12.59
2024-05-23 20:47:24,950 - INFO -  Top 3	LocEnc (Epoch 30)acc (%):   26.9
2024-05-23 20:47:24,950 - INFO -  Top 5	LocEnc (Epoch 30)acc (%):   35.69
2024-05-23 20:47:24,950 - INFO -  Top 10	LocEnc (Epoch 30)acc (%):   51.85
2024-05-23 20:47:24,951 - INFO - 
No prior
2024-05-23 20:47:24,953 - INFO - (17798,)
2024-05-23 20:47:25,049 - INFO -  Split ID: 0
2024-05-23 20:47:25,049 - INFO -  Top 1	(Epoch 30)acc (%):   50.15
2024-05-23 20:47:25,049 - INFO -  Top 3	(Epoch 30)acc (%):   73.9
2024-05-23 20:47:25,049 - INFO -  Top 5	(Epoch 30)acc (%):   82.45
2024-05-23 20:47:25,050 - INFO -  Top 10	(Epoch 30)acc (%):   91.06
2024-05-23 20:47:54,215 - INFO -  Split ID: 0
2024-05-23 20:47:54,215 - INFO -  Top 1	(Epoch 30)acc (%):   51.15
2024-05-23 20:47:54,215 - INFO -  Top 3	(Epoch 30)acc (%):   75.54
2024-05-23 20:47:54,215 - INFO -  Top 5	(Epoch 30)acc (%):   84.14
2024-05-23 20:47:54,215 - INFO -  Top 10	(Epoch 30)acc (%):   92.4
2024-05-23 20:47:54,217 - INFO - 
Epoch	31
2024-05-23 20:48:58,610 - INFO - [51200/66739]	Loss  : 0.9428
2024-05-23 20:49:16,498 - INFO - [66560/66739]	Loss  : 0.9423
2024-05-23 20:49:21,947 - INFO - Test loss   : 0.4805
2024-05-23 20:49:21,947 - INFO - 
Epoch	32
2024-05-23 20:50:26,500 - INFO - [51200/66739]	Loss  : 0.9398
2024-05-23 20:50:44,402 - INFO - [66560/66739]	Loss  : 0.9407
2024-05-23 20:50:49,861 - INFO - Test loss   : 0.4850
2024-05-23 20:50:49,861 - INFO - 
Epoch	33
2024-05-23 20:51:54,300 - INFO - [51200/66739]	Loss  : 0.9390
2024-05-23 20:52:12,269 - INFO - [66560/66739]	Loss  : 0.9395
2024-05-23 20:52:17,676 - INFO - Test loss   : 0.4851
2024-05-23 20:52:17,677 - INFO - 
Epoch	34
2024-05-23 20:53:22,506 - INFO - [51200/66739]	Loss  : 0.9382
2024-05-23 20:53:40,410 - INFO - [66560/66739]	Loss  : 0.9355
2024-05-23 20:53:45,872 - INFO - Test loss   : 0.4860
2024-05-23 20:53:45,872 - INFO - 
Epoch	35
2024-05-23 20:54:50,333 - INFO - [51200/66739]	Loss  : 0.9359
2024-05-23 20:55:08,200 - INFO - [66560/66739]	Loss  : 0.9348
2024-05-23 20:55:13,643 - INFO - Test loss   : 0.4893
2024-05-23 20:55:13,644 - INFO - 
Epoch	36
2024-05-23 20:56:18,040 - INFO - [51200/66739]	Loss  : 0.9311
2024-05-23 20:56:36,077 - INFO - [66560/66739]	Loss  : 0.9323
2024-05-23 20:56:41,504 - INFO - Test loss   : 0.4847
2024-05-23 20:56:41,504 - INFO - 
Epoch	37
2024-05-23 20:57:45,907 - INFO - [51200/66739]	Loss  : 0.9289
2024-05-23 20:58:03,829 - INFO - [66560/66739]	Loss  : 0.9290
2024-05-23 20:58:09,262 - INFO - Test loss   : 0.4933
2024-05-23 20:58:09,262 - INFO - 
Epoch	38
2024-05-23 20:59:13,775 - INFO - [51200/66739]	Loss  : 0.9267
2024-05-23 20:59:31,659 - INFO - [66560/66739]	Loss  : 0.9290
2024-05-23 20:59:37,107 - INFO - Test loss   : 0.4888
2024-05-23 20:59:37,107 - INFO - 
Epoch	39
2024-05-23 21:00:41,502 - INFO - [51200/66739]	Loss  : 0.9258
2024-05-23 21:00:59,468 - INFO - [66560/66739]	Loss  : 0.9262
2024-05-23 21:01:04,906 - INFO - Test loss   : 0.4895
2024-05-23 21:01:04,906 - INFO - 
Epoch	40
2024-05-23 21:02:09,328 - INFO - [51200/66739]	Loss  : 0.9268
2024-05-23 21:02:27,225 - INFO - [66560/66739]	Loss  : 0.9260
2024-05-23 21:02:32,672 - INFO - Test loss   : 0.4960
2024-05-23 21:02:32,706 - INFO - (4449,)
2024-05-23 21:02:32,729 - INFO -  Split ID: 0
2024-05-23 21:02:32,731 - INFO -  Top 1	LocEnc (Epoch 40)acc (%):   13.17
2024-05-23 21:02:32,731 - INFO -  Top 3	LocEnc (Epoch 40)acc (%):   27.49
2024-05-23 21:02:32,731 - INFO -  Top 5	LocEnc (Epoch 40)acc (%):   36.73
2024-05-23 21:02:32,732 - INFO -  Top 10	LocEnc (Epoch 40)acc (%):   52.71
2024-05-23 21:02:32,732 - INFO - 
No prior
2024-05-23 21:02:32,734 - INFO - (17798,)
2024-05-23 21:02:32,829 - INFO -  Split ID: 0
2024-05-23 21:02:32,829 - INFO -  Top 1	(Epoch 40)acc (%):   50.15
2024-05-23 21:02:32,829 - INFO -  Top 3	(Epoch 40)acc (%):   73.9
2024-05-23 21:02:32,829 - INFO -  Top 5	(Epoch 40)acc (%):   82.45
2024-05-23 21:02:32,829 - INFO -  Top 10	(Epoch 40)acc (%):   91.06
2024-05-23 21:03:02,005 - INFO -  Split ID: 0
2024-05-23 21:03:02,005 - INFO -  Top 1	(Epoch 40)acc (%):   51.2
2024-05-23 21:03:02,005 - INFO -  Top 3	(Epoch 40)acc (%):   75.62
2024-05-23 21:03:02,005 - INFO -  Top 5	(Epoch 40)acc (%):   84.13
2024-05-23 21:03:02,005 - INFO -  Top 10	(Epoch 40)acc (%):   92.43
2024-05-23 21:03:02,007 - INFO - 
Epoch	41
2024-05-23 21:04:06,485 - INFO - [51200/66739]	Loss  : 0.9213
2024-05-23 21:04:24,424 - INFO - [66560/66739]	Loss  : 0.9231
2024-05-23 21:04:29,882 - INFO - Test loss   : 0.4968
2024-05-23 21:04:29,882 - INFO - 
Epoch	42
2024-05-23 21:05:34,367 - INFO - [51200/66739]	Loss  : 0.9192
2024-05-23 21:05:52,295 - INFO - [66560/66739]	Loss  : 0.9208
2024-05-23 21:05:57,740 - INFO - Test loss   : 0.4949
2024-05-23 21:05:57,740 - INFO - 
Epoch	43
2024-05-23 21:07:02,239 - INFO - [51200/66739]	Loss  : 0.9168
2024-05-23 21:07:20,163 - INFO - [66560/66739]	Loss  : 0.9180
2024-05-23 21:07:25,602 - INFO - Test loss   : 0.4945
2024-05-23 21:07:25,602 - INFO - 
Epoch	44
2024-05-23 21:08:30,416 - INFO - [51200/66739]	Loss  : 0.9156
2024-05-23 21:08:48,351 - INFO - [66560/66739]	Loss  : 0.9177
2024-05-23 21:08:53,789 - INFO - Test loss   : 0.4915
2024-05-23 21:08:53,790 - INFO - 
Epoch	45
2024-05-23 21:09:57,802 - INFO - [51200/66739]	Loss  : 0.9170
2024-05-23 21:10:14,849 - INFO - [66560/66739]	Loss  : 0.9161
2024-05-23 21:10:20,295 - INFO - Test loss   : 0.4991
2024-05-23 21:10:20,296 - INFO - 
Epoch	46
2024-05-23 21:11:24,633 - INFO - [51200/66739]	Loss  : 0.9150
2024-05-23 21:11:42,491 - INFO - [66560/66739]	Loss  : 0.9158
2024-05-23 21:11:47,928 - INFO - Test loss   : 0.5008
2024-05-23 21:11:47,928 - INFO - 
Epoch	47
2024-05-23 21:12:52,373 - INFO - [51200/66739]	Loss  : 0.9135
2024-05-23 21:13:10,277 - INFO - [66560/66739]	Loss  : 0.9157
2024-05-23 21:13:15,733 - INFO - Test loss   : 0.4955
2024-05-23 21:13:15,733 - INFO - 
Epoch	48
2024-05-23 21:14:19,189 - INFO - [51200/66739]	Loss  : 0.9128
2024-05-23 21:14:37,128 - INFO - [66560/66739]	Loss  : 0.9125
2024-05-23 21:14:42,578 - INFO - Test loss   : 0.5033
2024-05-23 21:14:42,578 - INFO - 
Epoch	49
2024-05-23 21:15:46,994 - INFO - [51200/66739]	Loss  : 0.9088
2024-05-23 21:16:04,887 - INFO - [66560/66739]	Loss  : 0.9101
2024-05-23 21:16:10,323 - INFO - Test loss   : 0.5031
2024-05-23 21:16:10,323 - INFO - 
Epoch	50
2024-05-23 21:17:14,726 - INFO - [51200/66739]	Loss  : 0.9116
2024-05-23 21:17:32,585 - INFO - [66560/66739]	Loss  : 0.9101
2024-05-23 21:17:38,021 - INFO - Test loss   : 0.5071
2024-05-23 21:17:38,058 - INFO - (4449,)
2024-05-23 21:17:38,081 - INFO -  Split ID: 0
2024-05-23 21:17:38,082 - INFO -  Top 1	LocEnc (Epoch 50)acc (%):   13.49
2024-05-23 21:17:38,083 - INFO -  Top 3	LocEnc (Epoch 50)acc (%):   28.32
2024-05-23 21:17:38,083 - INFO -  Top 5	LocEnc (Epoch 50)acc (%):   37.24
2024-05-23 21:17:38,083 - INFO -  Top 10	LocEnc (Epoch 50)acc (%):   53.23
2024-05-23 21:17:38,083 - INFO - 
No prior
2024-05-23 21:17:38,086 - INFO - (17798,)
2024-05-23 21:17:38,179 - INFO -  Split ID: 0
2024-05-23 21:17:38,180 - INFO -  Top 1	(Epoch 50)acc (%):   50.15
2024-05-23 21:17:38,180 - INFO -  Top 3	(Epoch 50)acc (%):   73.9
2024-05-23 21:17:38,180 - INFO -  Top 5	(Epoch 50)acc (%):   82.45
2024-05-23 21:17:38,180 - INFO -  Top 10	(Epoch 50)acc (%):   91.06
2024-05-23 21:18:07,345 - INFO -  Split ID: 0
2024-05-23 21:18:07,346 - INFO -  Top 1	(Epoch 50)acc (%):   51.24
2024-05-23 21:18:07,346 - INFO -  Top 3	(Epoch 50)acc (%):   75.65
2024-05-23 21:18:07,346 - INFO -  Top 5	(Epoch 50)acc (%):   84.13
2024-05-23 21:18:07,346 - INFO -  Top 10	(Epoch 50)acc (%):   92.41
2024-05-23 21:18:07,348 - INFO - 
Epoch	51
2024-05-23 21:19:11,715 - INFO - [51200/66739]	Loss  : 0.9066
2024-05-23 21:19:29,632 - INFO - [66560/66739]	Loss  : 0.9080
2024-05-23 21:19:35,082 - INFO - Test loss   : 0.5016
2024-05-23 21:19:35,082 - INFO - 
Epoch	52
2024-05-23 21:20:39,542 - INFO - [51200/66739]	Loss  : 0.9083
2024-05-23 21:20:57,419 - INFO - [66560/66739]	Loss  : 0.9079
2024-05-23 21:21:02,861 - INFO - Test loss   : 0.5091
2024-05-23 21:21:02,861 - INFO - 
Epoch	53
2024-05-23 21:22:07,026 - INFO - [51200/66739]	Loss  : 0.9036
2024-05-23 21:22:24,948 - INFO - [66560/66739]	Loss  : 0.9041
2024-05-23 21:22:30,344 - INFO - Test loss   : 0.5064
2024-05-23 21:22:30,345 - INFO - 
Epoch	54
2024-05-23 21:23:34,716 - INFO - [51200/66739]	Loss  : 0.9030
2024-05-23 21:23:52,666 - INFO - [66560/66739]	Loss  : 0.9035
2024-05-23 21:23:58,097 - INFO - Test loss   : 0.5080
2024-05-23 21:23:58,098 - INFO - 
Epoch	55
2024-05-23 21:25:02,461 - INFO - [51200/66739]	Loss  : 0.9021
2024-05-23 21:25:20,365 - INFO - [66560/66739]	Loss  : 0.9018
2024-05-23 21:25:25,808 - INFO - Test loss   : 0.5111
2024-05-23 21:25:25,808 - INFO - 
Epoch	56
2024-05-23 21:26:20,743 - INFO - [51200/66739]	Loss  : 0.9001
2024-05-23 21:26:35,058 - INFO - [66560/66739]	Loss  : 0.9026
2024-05-23 21:26:39,424 - INFO - Test loss   : 0.5095
2024-05-23 21:26:39,425 - INFO - 
Epoch	57
2024-05-23 21:27:42,285 - INFO - [51200/66739]	Loss  : 0.8981
2024-05-23 21:28:00,696 - INFO - [66560/66739]	Loss  : 0.8984
2024-05-23 21:28:06,292 - INFO - Test loss   : 0.5141
2024-05-23 21:28:06,292 - INFO - 
Epoch	58
2024-05-23 21:29:11,791 - INFO - [51200/66739]	Loss  : 0.9005
2024-05-23 21:29:29,702 - INFO - [66560/66739]	Loss  : 0.8997
2024-05-23 21:29:35,129 - INFO - Test loss   : 0.5128
2024-05-23 21:29:35,129 - INFO - 
Epoch	59
2024-05-23 21:30:39,577 - INFO - [51200/66739]	Loss  : 0.8950
2024-05-23 21:30:57,460 - INFO - [66560/66739]	Loss  : 0.8973
2024-05-23 21:31:02,910 - INFO - Test loss   : 0.5112
2024-05-23 21:31:02,910 - INFO - 
Epoch	60
2024-05-23 21:32:07,307 - INFO - [51200/66739]	Loss  : 0.8939
2024-05-23 21:32:25,284 - INFO - [66560/66739]	Loss  : 0.8949
2024-05-23 21:32:30,703 - INFO - Test loss   : 0.5156
2024-05-23 21:32:30,740 - INFO - (4449,)
2024-05-23 21:32:30,763 - INFO -  Split ID: 0
2024-05-23 21:32:30,765 - INFO -  Top 1	LocEnc (Epoch 60)acc (%):   13.69
2024-05-23 21:32:30,765 - INFO -  Top 3	LocEnc (Epoch 60)acc (%):   28.66
2024-05-23 21:32:30,765 - INFO -  Top 5	LocEnc (Epoch 60)acc (%):   37.51
2024-05-23 21:32:30,766 - INFO -  Top 10	LocEnc (Epoch 60)acc (%):   53.34
2024-05-23 21:32:30,766 - INFO - 
No prior
2024-05-23 21:32:30,768 - INFO - (17798,)
2024-05-23 21:32:30,862 - INFO -  Split ID: 0
2024-05-23 21:32:30,862 - INFO -  Top 1	(Epoch 60)acc (%):   50.15
2024-05-23 21:32:30,862 - INFO -  Top 3	(Epoch 60)acc (%):   73.9
2024-05-23 21:32:30,862 - INFO -  Top 5	(Epoch 60)acc (%):   82.45
2024-05-23 21:32:30,862 - INFO -  Top 10	(Epoch 60)acc (%):   91.06
2024-05-23 21:33:00,045 - INFO -  Split ID: 0
2024-05-23 21:33:00,045 - INFO -  Top 1	(Epoch 60)acc (%):   51.19
2024-05-23 21:33:00,045 - INFO -  Top 3	(Epoch 60)acc (%):   75.58
2024-05-23 21:33:00,045 - INFO -  Top 5	(Epoch 60)acc (%):   84.2
2024-05-23 21:33:00,045 - INFO -  Top 10	(Epoch 60)acc (%):   92.52
2024-05-23 21:33:00,047 - INFO - 
Epoch	61
2024-05-23 21:34:04,464 - INFO - [51200/66739]	Loss  : 0.8945
2024-05-23 21:34:22,332 - INFO - [66560/66739]	Loss  : 0.8948
2024-05-23 21:34:27,770 - INFO - Test loss   : 0.5198
2024-05-23 21:34:27,771 - INFO - 
Epoch	62
2024-05-23 21:35:32,173 - INFO - [51200/66739]	Loss  : 0.8939
2024-05-23 21:35:50,089 - INFO - [66560/66739]	Loss  : 0.8945
2024-05-23 21:35:55,545 - INFO - Test loss   : 0.5188
2024-05-23 21:35:55,545 - INFO - 
Epoch	63
2024-05-23 21:36:58,586 - INFO - [51200/66739]	Loss  : 0.8929
2024-05-23 21:37:16,506 - INFO - [66560/66739]	Loss  : 0.8934
2024-05-23 21:37:21,939 - INFO - Test loss   : 0.5153
2024-05-23 21:37:21,939 - INFO - 
Epoch	64
2024-05-23 21:38:26,618 - INFO - [51200/66739]	Loss  : 0.8923
2024-05-23 21:38:44,457 - INFO - [66560/66739]	Loss  : 0.8920
2024-05-23 21:38:49,908 - INFO - Test loss   : 0.5218
2024-05-23 21:38:49,908 - INFO - 
Epoch	65
2024-05-23 21:39:54,285 - INFO - [51200/66739]	Loss  : 0.8937
2024-05-23 21:40:12,136 - INFO - [66560/66739]	Loss  : 0.8924
2024-05-23 21:40:17,576 - INFO - Test loss   : 0.5216
2024-05-23 21:40:17,576 - INFO - 
Epoch	66
2024-05-23 21:41:20,941 - INFO - [51200/66739]	Loss  : 0.8887
2024-05-23 21:41:38,874 - INFO - [66560/66739]	Loss  : 0.8893
2024-05-23 21:41:44,261 - INFO - Test loss   : 0.5246
2024-05-23 21:41:44,261 - INFO - 
Epoch	67
2024-05-23 21:42:48,498 - INFO - [51200/66739]	Loss  : 0.8879
2024-05-23 21:43:06,335 - INFO - [66560/66739]	Loss  : 0.8893
2024-05-23 21:43:11,779 - INFO - Test loss   : 0.5202
2024-05-23 21:43:11,779 - INFO - 
Epoch	68
2024-05-23 21:44:16,094 - INFO - [51200/66739]	Loss  : 0.8891
2024-05-23 21:44:33,921 - INFO - [66560/66739]	Loss  : 0.8901
2024-05-23 21:44:39,367 - INFO - Test loss   : 0.5190
2024-05-23 21:44:39,367 - INFO - 
Epoch	69
2024-05-23 21:45:43,652 - INFO - [51200/66739]	Loss  : 0.8874
2024-05-23 21:46:01,584 - INFO - [66560/66739]	Loss  : 0.8893
2024-05-23 21:46:07,002 - INFO - Test loss   : 0.5206
2024-05-23 21:46:07,002 - INFO - 
Epoch	70
2024-05-23 21:47:11,315 - INFO - [51200/66739]	Loss  : 0.8874
2024-05-23 21:47:29,205 - INFO - [66560/66739]	Loss  : 0.8889
2024-05-23 21:47:34,644 - INFO - Test loss   : 0.5219
2024-05-23 21:47:34,692 - INFO - (4449,)
2024-05-23 21:47:34,717 - INFO -  Split ID: 0
2024-05-23 21:47:34,719 - INFO -  Top 1	LocEnc (Epoch 70)acc (%):   13.8
2024-05-23 21:47:34,719 - INFO -  Top 3	LocEnc (Epoch 70)acc (%):   28.84
2024-05-23 21:47:34,720 - INFO -  Top 5	LocEnc (Epoch 70)acc (%):   38.05
2024-05-23 21:47:34,720 - INFO -  Top 10	LocEnc (Epoch 70)acc (%):   53.63
2024-05-23 21:47:34,720 - INFO - 
No prior
2024-05-23 21:47:34,722 - INFO - (17798,)
2024-05-23 21:47:34,818 - INFO -  Split ID: 0
2024-05-23 21:47:34,818 - INFO -  Top 1	(Epoch 70)acc (%):   50.15
2024-05-23 21:47:34,818 - INFO -  Top 3	(Epoch 70)acc (%):   73.9
2024-05-23 21:47:34,818 - INFO -  Top 5	(Epoch 70)acc (%):   82.45
2024-05-23 21:47:34,818 - INFO -  Top 10	(Epoch 70)acc (%):   91.06
2024-05-23 21:48:03,935 - INFO -  Split ID: 0
2024-05-23 21:48:03,935 - INFO -  Top 1	(Epoch 70)acc (%):   51.22
2024-05-23 21:48:03,935 - INFO -  Top 3	(Epoch 70)acc (%):   75.62
2024-05-23 21:48:03,935 - INFO -  Top 5	(Epoch 70)acc (%):   84.19
2024-05-23 21:48:03,935 - INFO -  Top 10	(Epoch 70)acc (%):   92.4
2024-05-23 21:48:03,937 - INFO - 
Epoch	71
2024-05-23 21:49:08,289 - INFO - [51200/66739]	Loss  : 0.8848
2024-05-23 21:49:26,164 - INFO - [66560/66739]	Loss  : 0.8855
2024-05-23 21:49:31,586 - INFO - Test loss   : 0.5268
2024-05-23 21:49:31,586 - INFO - 
Epoch	72
2024-05-23 21:50:35,919 - INFO - [51200/66739]	Loss  : 0.8817
2024-05-23 21:50:53,840 - INFO - [66560/66739]	Loss  : 0.8838
2024-05-23 21:50:59,256 - INFO - Test loss   : 0.5232
2024-05-23 21:50:59,256 - INFO - 
Epoch	73
2024-05-23 21:52:03,527 - INFO - [51200/66739]	Loss  : 0.8839
2024-05-23 21:52:21,374 - INFO - [66560/66739]	Loss  : 0.8843
2024-05-23 21:52:26,806 - INFO - Test loss   : 0.5255
2024-05-23 21:52:26,807 - INFO - 
Epoch	74
2024-05-23 21:53:31,475 - INFO - [51200/66739]	Loss  : 0.8855
2024-05-23 21:53:49,331 - INFO - [66560/66739]	Loss  : 0.8857
2024-05-23 21:53:54,753 - INFO - Test loss   : 0.5281
2024-05-23 21:53:54,753 - INFO - 
Epoch	75
2024-05-23 21:54:59,070 - INFO - [51200/66739]	Loss  : 0.8841
2024-05-23 21:55:16,982 - INFO - [66560/66739]	Loss  : 0.8835
2024-05-23 21:55:22,413 - INFO - Test loss   : 0.5273
2024-05-23 21:55:22,413 - INFO - 
Epoch	76
2024-05-23 21:56:26,755 - INFO - [51200/66739]	Loss  : 0.8817
2024-05-23 21:56:44,579 - INFO - [66560/66739]	Loss  : 0.8809
2024-05-23 21:56:50,026 - INFO - Test loss   : 0.5289
2024-05-23 21:56:50,026 - INFO - 
Epoch	77
2024-05-23 21:57:54,305 - INFO - [51200/66739]	Loss  : 0.8806
2024-05-23 21:58:12,131 - INFO - [66560/66739]	Loss  : 0.8820
2024-05-23 21:58:17,575 - INFO - Test loss   : 0.5338
2024-05-23 21:58:17,575 - INFO - 
Epoch	78
2024-05-23 21:59:21,818 - INFO - [51200/66739]	Loss  : 0.8829
2024-05-23 21:59:39,773 - INFO - [66560/66739]	Loss  : 0.8815
2024-05-23 21:59:45,196 - INFO - Test loss   : 0.5332
2024-05-23 21:59:45,196 - INFO - 
Epoch	79
2024-05-23 22:00:49,487 - INFO - [51200/66739]	Loss  : 0.8812
2024-05-23 22:01:07,354 - INFO - [66560/66739]	Loss  : 0.8820
2024-05-23 22:01:12,783 - INFO - Test loss   : 0.5296
2024-05-23 22:01:12,783 - INFO - 
Epoch	80
2024-05-23 22:02:17,112 - INFO - [51200/66739]	Loss  : 0.8794
2024-05-23 22:02:34,967 - INFO - [66560/66739]	Loss  : 0.8799
2024-05-23 22:02:40,412 - INFO - Test loss   : 0.5311
2024-05-23 22:02:40,449 - INFO - (4449,)
2024-05-23 22:02:40,473 - INFO -  Split ID: 0
2024-05-23 22:02:40,474 - INFO -  Top 1	LocEnc (Epoch 80)acc (%):   13.87
2024-05-23 22:02:40,475 - INFO -  Top 3	LocEnc (Epoch 80)acc (%):   29.0
2024-05-23 22:02:40,475 - INFO -  Top 5	LocEnc (Epoch 80)acc (%):   38.12
2024-05-23 22:02:40,475 - INFO -  Top 10	LocEnc (Epoch 80)acc (%):   54.03
2024-05-23 22:02:40,476 - INFO - 
No prior
2024-05-23 22:02:40,478 - INFO - (17798,)
2024-05-23 22:02:40,572 - INFO -  Split ID: 0
2024-05-23 22:02:40,572 - INFO -  Top 1	(Epoch 80)acc (%):   50.15
2024-05-23 22:02:40,572 - INFO -  Top 3	(Epoch 80)acc (%):   73.9
2024-05-23 22:02:40,572 - INFO -  Top 5	(Epoch 80)acc (%):   82.45
2024-05-23 22:02:40,572 - INFO -  Top 10	(Epoch 80)acc (%):   91.06
2024-05-23 22:03:09,717 - INFO -  Split ID: 0
2024-05-23 22:03:09,718 - INFO -  Top 1	(Epoch 80)acc (%):   51.21
2024-05-23 22:03:09,718 - INFO -  Top 3	(Epoch 80)acc (%):   75.58
2024-05-23 22:03:09,718 - INFO -  Top 5	(Epoch 80)acc (%):   84.2
2024-05-23 22:03:09,718 - INFO -  Top 10	(Epoch 80)acc (%):   92.43
2024-05-23 22:03:09,720 - INFO - 
Epoch	81
2024-05-23 22:04:12,779 - INFO - [51200/66739]	Loss  : 0.8790
2024-05-23 22:04:30,739 - INFO - [66560/66739]	Loss  : 0.8776
2024-05-23 22:04:36,173 - INFO - Test loss   : 0.5348
2024-05-23 22:04:36,173 - INFO - 
Epoch	82
2024-05-23 22:05:40,554 - INFO - [51200/66739]	Loss  : 0.8775
2024-05-23 22:05:58,421 - INFO - [66560/66739]	Loss  : 0.8785
2024-05-23 22:06:03,864 - INFO - Test loss   : 0.5328
2024-05-23 22:06:03,865 - INFO - 
Epoch	83
2024-05-23 22:07:08,362 - INFO - [51200/66739]	Loss  : 0.8786
2024-05-23 22:07:26,253 - INFO - [66560/66739]	Loss  : 0.8788
2024-05-23 22:07:31,287 - INFO - Test loss   : 0.5328
2024-05-23 22:07:31,287 - INFO - 
Epoch	84
2024-05-23 22:08:35,602 - INFO - [51200/66739]	Loss  : 0.8786
2024-05-23 22:08:53,578 - INFO - [66560/66739]	Loss  : 0.8785
2024-05-23 22:08:58,990 - INFO - Test loss   : 0.5334
2024-05-23 22:08:58,990 - INFO - 
Epoch	85
2024-05-23 22:10:03,429 - INFO - [51200/66739]	Loss  : 0.8762
2024-05-23 22:10:21,332 - INFO - [66560/66739]	Loss  : 0.8761
2024-05-23 22:10:26,789 - INFO - Test loss   : 0.5342
2024-05-23 22:10:26,789 - INFO - 
Epoch	86
2024-05-23 22:11:31,316 - INFO - [51200/66739]	Loss  : 0.8741
2024-05-23 22:11:49,214 - INFO - [66560/66739]	Loss  : 0.8738
2024-05-23 22:11:54,676 - INFO - Test loss   : 0.5347
2024-05-23 22:11:54,676 - INFO - 
Epoch	87
2024-05-23 22:12:59,078 - INFO - [51200/66739]	Loss  : 0.8764
2024-05-23 22:13:17,047 - INFO - [66560/66739]	Loss  : 0.8764
2024-05-23 22:13:22,449 - INFO - Test loss   : 0.5344
2024-05-23 22:13:22,449 - INFO - 
Epoch	88
2024-05-23 22:14:26,942 - INFO - [51200/66739]	Loss  : 0.8749
2024-05-23 22:14:44,855 - INFO - [66560/66739]	Loss  : 0.8747
2024-05-23 22:14:50,314 - INFO - Test loss   : 0.5333
2024-05-23 22:14:50,314 - INFO - 
Epoch	89
2024-05-23 22:15:54,826 - INFO - [51200/66739]	Loss  : 0.8737
2024-05-23 22:16:12,748 - INFO - [66560/66739]	Loss  : 0.8740
2024-05-23 22:16:18,204 - INFO - Test loss   : 0.5363
2024-05-23 22:16:18,204 - INFO - 
Epoch	90
2024-05-23 22:17:22,633 - INFO - [51200/66739]	Loss  : 0.8719
2024-05-23 22:17:40,604 - INFO - [66560/66739]	Loss  : 0.8715
2024-05-23 22:17:46,061 - INFO - Test loss   : 0.5375
2024-05-23 22:17:46,105 - INFO - (4449,)
2024-05-23 22:17:46,128 - INFO -  Split ID: 0
2024-05-23 22:17:46,130 - INFO -  Top 1	LocEnc (Epoch 90)acc (%):   14.14
2024-05-23 22:17:46,130 - INFO -  Top 3	LocEnc (Epoch 90)acc (%):   29.24
2024-05-23 22:17:46,130 - INFO -  Top 5	LocEnc (Epoch 90)acc (%):   38.39
2024-05-23 22:17:46,131 - INFO -  Top 10	LocEnc (Epoch 90)acc (%):   54.03
2024-05-23 22:17:46,131 - INFO - 
No prior
2024-05-23 22:17:46,133 - INFO - (17798,)
2024-05-23 22:17:46,227 - INFO -  Split ID: 0
2024-05-23 22:17:46,227 - INFO -  Top 1	(Epoch 90)acc (%):   50.15
2024-05-23 22:17:46,227 - INFO -  Top 3	(Epoch 90)acc (%):   73.9
2024-05-23 22:17:46,227 - INFO -  Top 5	(Epoch 90)acc (%):   82.45
2024-05-23 22:17:46,227 - INFO -  Top 10	(Epoch 90)acc (%):   91.06
2024-05-23 22:18:15,447 - INFO -  Split ID: 0
2024-05-23 22:18:15,447 - INFO -  Top 1	(Epoch 90)acc (%):   51.19
2024-05-23 22:18:15,447 - INFO -  Top 3	(Epoch 90)acc (%):   75.58
2024-05-23 22:18:15,447 - INFO -  Top 5	(Epoch 90)acc (%):   84.17
2024-05-23 22:18:15,447 - INFO -  Top 10	(Epoch 90)acc (%):   92.43
2024-05-23 22:18:15,449 - INFO - 
Epoch	91
2024-05-23 22:19:19,903 - INFO - [51200/66739]	Loss  : 0.8733
2024-05-23 22:19:37,828 - INFO - [66560/66739]	Loss  : 0.8742
2024-05-23 22:19:43,247 - INFO - Test loss   : 0.5383
2024-05-23 22:19:43,247 - INFO - 
Epoch	92
2024-05-23 22:20:47,758 - INFO - [51200/66739]	Loss  : 0.8731
2024-05-23 22:21:05,644 - INFO - [66560/66739]	Loss  : 0.8727
2024-05-23 22:21:11,075 - INFO - Test loss   : 0.5392
2024-05-23 22:21:11,076 - INFO - 
Epoch	93
2024-05-23 22:22:15,555 - INFO - [51200/66739]	Loss  : 0.8720
2024-05-23 22:22:33,503 - INFO - [66560/66739]	Loss  : 0.8724
2024-05-23 22:22:38,967 - INFO - Test loss   : 0.5385
2024-05-23 22:22:38,967 - INFO - 
Epoch	94
2024-05-23 22:23:43,780 - INFO - [51200/66739]	Loss  : 0.8711
2024-05-23 22:24:01,699 - INFO - [66560/66739]	Loss  : 0.8709
2024-05-23 22:24:07,150 - INFO - Test loss   : 0.5414
2024-05-23 22:24:07,150 - INFO - 
Epoch	95
2024-05-23 22:25:11,657 - INFO - [51200/66739]	Loss  : 0.8699
2024-05-23 22:25:29,602 - INFO - [66560/66739]	Loss  : 0.8704
2024-05-23 22:25:35,004 - INFO - Test loss   : 0.5394
2024-05-23 22:25:35,004 - INFO - 
Epoch	96
2024-05-23 22:26:39,482 - INFO - [51200/66739]	Loss  : 0.8700
2024-05-23 22:26:57,440 - INFO - [66560/66739]	Loss  : 0.8712
2024-05-23 22:27:02,895 - INFO - Test loss   : 0.5413
2024-05-23 22:27:02,895 - INFO - 
Epoch	97
2024-05-23 22:28:07,314 - INFO - [51200/66739]	Loss  : 0.8702
2024-05-23 22:28:25,182 - INFO - [66560/66739]	Loss  : 0.8706
2024-05-23 22:28:30,666 - INFO - Test loss   : 0.5418
2024-05-23 22:28:30,666 - INFO - 
Epoch	98
2024-05-23 22:29:35,189 - INFO - [51200/66739]	Loss  : 0.8692
2024-05-23 22:29:53,093 - INFO - [66560/66739]	Loss  : 0.8698
2024-05-23 22:29:58,525 - INFO - Test loss   : 0.5417
2024-05-23 22:29:58,525 - INFO - 
Epoch	99
2024-05-23 22:31:02,929 - INFO - [51200/66739]	Loss  : 0.8692
2024-05-23 22:31:19,666 - INFO - [66560/66739]	Loss  : 0.8688
2024-05-23 22:31:25,103 - INFO - Test loss   : 0.5448
2024-05-23 22:31:25,103 - INFO - Saving output model to ../models/sphere2vec_sphereCplus/model_yfcc_Sphere2Vec-sphereC+_inception_v3_0.0005_64_0.0005000_1_512.pth.tar
2024-05-23 22:31:25,110 - INFO - Saving output model to ../models/sphere2vec_sphereCplus/model_yfcc_Sphere2Vec-sphereC+_inception_v3_0.0005_64_0.0005000_1_512.pth.tar
2024-05-23 22:31:25,136 - INFO - 
No prior
2024-05-23 22:31:25,138 - INFO - (17798,)
2024-05-23 22:31:25,231 - INFO -  Split ID: 0
2024-05-23 22:31:25,232 - INFO -  Top 1	acc (%):   50.15
2024-05-23 22:31:25,232 - INFO -  Top 3	acc (%):   73.9
2024-05-23 22:31:25,232 - INFO -  Top 5	acc (%):   82.45
2024-05-23 22:31:25,232 - INFO -  Top 10	acc (%):   91.06
2024-05-23 22:31:54,419 - INFO -  Split ID: 0
2024-05-23 22:31:54,420 - INFO -  Top 1	acc (%):   51.21
2024-05-23 22:31:54,420 - INFO -  Top 3	acc (%):   75.55
2024-05-23 22:31:54,420 - INFO -  Top 5	acc (%):   84.18
2024-05-23 22:31:54,420 - INFO -  Top 10	acc (%):   92.37
2024-05-23 22:31:54,422 - INFO - 
Sphere2Vec-sphereC+
2024-05-23 22:31:54,422 - INFO -  Model :	model_yfcc_Sphere2Vec-sphereC+_inception_v3_0.0005_64_0.0005000_1_512.pth.tar
2024-05-23 22:31:54,471 - INFO - (4449,)
2024-05-23 22:31:54,495 - INFO -  Split ID: 0
2024-05-23 22:31:54,496 - INFO -  Top 1	LocEnc acc (%):   14.12
2024-05-23 22:31:54,497 - INFO -  Top 3	LocEnc acc (%):   29.27
2024-05-23 22:31:54,497 - INFO -  Top 5	LocEnc acc (%):   38.46
2024-05-23 22:31:54,497 - INFO -  Top 10	LocEnc acc (%):   53.81
2024-05-30 19:22:28,809 - INFO - 
num_classes	100
2024-05-30 19:22:28,841 - INFO - num train    	66739
2024-05-30 19:22:28,841 - INFO - num val      	4449
2024-05-30 19:22:28,841 - INFO - train loss   	full_loss
2024-05-30 19:22:28,841 - INFO - model name   	../models/sphere2vec_sphereCplus/model_yfcc_Sphere2Vec-sphereC+_inception_v3_0.0005_64_0.0005000_1_512.pth.tar
2024-05-30 19:22:28,841 - INFO - num users    	1
2024-05-30 19:22:29,008 - INFO - 
Only Sphere2Vec-sphereC+
2024-05-30 19:22:29,008 - INFO -  Model :	model_yfcc_Sphere2Vec-sphereC+_inception_v3_0.0005_64_0.0005000_1_512.pth.tar
2024-05-30 19:22:29,104 - INFO - Saving output model to ../models/sphere2vec_sphereCplus/model_yfcc_Sphere2Vec-sphereC+_inception_v3_0.0005_64_0.0005000_1_512.pth.tar
2024-05-30 19:22:29,131 - INFO - Saving output model to ../models/sphere2vec_sphereCplus/model_yfcc_Sphere2Vec-sphereC+_inception_v3_0.0005_64_0.0005000_1_512.pth.tar
2024-05-30 19:22:29,158 - INFO - 
No prior
2024-05-30 19:22:29,162 - INFO - (17798,)
2024-05-30 19:22:29,558 - INFO - Save results to ../eval_results/eval_yfcc__test_no_prior.csv
2024-05-30 19:22:29,559 - INFO -  Split ID: 0
2024-05-30 19:22:29,559 - INFO -  Top 1	acc (%):   50.15
2024-05-30 19:22:29,559 - INFO -  Top 3	acc (%):   73.9
2024-05-30 19:22:29,559 - INFO -  Top 5	acc (%):   82.45
2024-05-30 19:22:29,559 - INFO -  Top 10	acc (%):   91.06
2024-05-30 19:22:42,443 - INFO -  Split ID: 0
2024-05-30 19:22:42,444 - INFO -  Top 1	hit (%):   51.21
2024-05-30 19:22:42,444 - INFO -  Top 3	hit (%):   75.55
2024-05-30 19:22:42,444 - INFO -  Top 5	hit (%):   84.18
2024-05-30 19:22:42,444 - INFO -  Top 10	hit (%):   92.37
2024-05-30 19:22:42,448 - INFO - 
Only Sphere2Vec-sphereC+
2024-05-30 19:22:42,448 - INFO -  Model :	model_yfcc_Sphere2Vec-sphereC+_inception_v3_0.0005_64_0.0005000_1_512.pth.tar
2024-05-30 19:22:42,507 - INFO - (4449,)
2024-05-30 19:22:42,531 - INFO -  Split ID: 0
2024-05-30 19:22:42,533 - INFO -  Top 1	LocEnc acc (%):   14.12
2024-05-30 19:22:42,533 - INFO -  Top 3	LocEnc acc (%):   29.27
2024-05-30 19:22:42,533 - INFO -  Top 5	LocEnc acc (%):   38.46
2024-05-30 19:22:42,533 - INFO -  Top 10	LocEnc acc (%):   53.81
