2024-05-25 06:21:42,561 - INFO - 
num_classes	62
2024-05-25 06:21:42,561 - INFO - num train    	363571
2024-05-25 06:21:42,561 - INFO - num val      	53041
2024-05-25 06:21:42,561 - INFO - train loss   	full_loss
2024-05-25 06:21:42,561 - INFO - model name   	../models/sphere2vec_sphereCplus/model_fmow_Sphere2Vec-sphereC+_inception_v3_0.0050_64_0.0001000_1_512.pth.tar
2024-05-25 06:21:42,561 - INFO - num users    	1
2024-05-25 06:21:42,807 - INFO - 
Epoch	0
2024-05-25 06:21:45,288 - INFO - [6144/363571]	Loss  : 1.9566
2024-05-25 06:22:03,947 - INFO - Test loss   : 0.8911
2024-05-25 06:22:03,947 - INFO - 
Epoch	1
2024-05-25 06:22:06,444 - INFO - [6144/363571]	Loss  : 1.6483
2024-05-25 06:22:26,211 - INFO - Test loss   : 0.8283
2024-05-25 06:22:26,212 - INFO - 
Epoch	2
2024-05-25 06:22:28,256 - INFO - [6144/363571]	Loss  : 1.5326
2024-05-25 06:22:44,087 - INFO - Test loss   : 0.7512
2024-05-25 06:22:44,087 - INFO - 
Epoch	3
2024-05-25 06:22:46,358 - INFO - [6144/363571]	Loss  : 1.4451
2024-05-25 06:23:02,670 - INFO - Test loss   : 0.7096
2024-05-25 06:23:02,670 - INFO - 
Epoch	4
2024-05-25 06:23:05,044 - INFO - [6144/363571]	Loss  : 1.4253
2024-05-25 06:23:20,557 - INFO - Test loss   : 0.6772
2024-05-25 06:23:20,557 - INFO - 
Epoch	5
2024-05-25 06:23:22,840 - INFO - [6144/363571]	Loss  : 1.3841
2024-05-25 06:23:39,283 - INFO - Test loss   : 0.6916
2024-05-25 06:23:39,283 - INFO - 
Epoch	6
2024-05-25 06:23:41,351 - INFO - [6144/363571]	Loss  : 1.3823
2024-05-25 06:23:57,509 - INFO - Test loss   : 0.6867
2024-05-25 06:23:57,509 - INFO - 
Epoch	7
2024-05-25 06:23:59,174 - INFO - [6144/363571]	Loss  : 1.3644
2024-05-25 06:24:15,832 - INFO - Test loss   : 0.6713
2024-05-25 06:24:15,832 - INFO - 
Epoch	8
2024-05-25 06:24:17,641 - INFO - [6144/363571]	Loss  : 1.3473
2024-05-25 06:24:36,092 - INFO - Test loss   : 0.6575
2024-05-25 06:24:36,092 - INFO - 
Epoch	9
2024-05-25 06:24:38,141 - INFO - [6144/363571]	Loss  : 1.3370
2024-05-25 06:24:58,627 - INFO - Test loss   : 0.6645
2024-05-25 06:24:58,627 - INFO - 
Epoch	10
2024-05-25 06:25:00,735 - INFO - [6144/363571]	Loss  : 1.3314
2024-05-25 06:25:17,520 - INFO - Test loss   : 0.6764
2024-05-25 06:25:17,917 - INFO - (53041,)
2024-05-25 06:25:18,071 - INFO -  Split ID: 0
2024-05-25 06:25:18,091 - INFO -  Top 1	LocEnc (Epoch 10)acc (%):   15.21
2024-05-25 06:25:18,093 - INFO -  Top 3	LocEnc (Epoch 10)acc (%):   29.41
2024-05-25 06:25:18,095 - INFO -  Top 5	LocEnc (Epoch 10)acc (%):   36.71
2024-05-25 06:25:18,097 - INFO -  Top 10	LocEnc (Epoch 10)acc (%):   50.6
2024-05-25 06:25:18,103 - INFO - 
No prior
2024-05-25 06:25:18,109 - INFO - (53041,)
2024-05-25 06:25:18,265 - INFO -  Split ID: 0
2024-05-25 06:25:18,265 - INFO -  Top 1	(Epoch 10)acc (%):   69.83
2024-05-25 06:25:18,265 - INFO -  Top 3	(Epoch 10)acc (%):   84.61
2024-05-25 06:25:18,265 - INFO -  Top 5	(Epoch 10)acc (%):   89.23
2024-05-25 06:25:18,266 - INFO -  Top 10	(Epoch 10)acc (%):   94.29
2024-05-25 06:25:46,484 - INFO -  Split ID: 0
2024-05-25 06:25:46,484 - INFO -  Top 1	(Epoch 10)acc (%):   70.36
2024-05-25 06:25:46,484 - INFO -  Top 3	(Epoch 10)acc (%):   85.12
2024-05-25 06:25:46,484 - INFO -  Top 5	(Epoch 10)acc (%):   89.72
2024-05-25 06:25:46,484 - INFO -  Top 10	(Epoch 10)acc (%):   94.57
2024-05-25 06:25:46,485 - INFO - 
Epoch	11
2024-05-25 06:25:48,075 - INFO - [6144/363571]	Loss  : 1.3027
2024-05-25 06:26:05,132 - INFO - Test loss   : 0.6384
2024-05-25 06:26:05,132 - INFO - 
Epoch	12
2024-05-25 06:26:06,974 - INFO - [6144/363571]	Loss  : 1.3148
2024-05-25 06:26:23,707 - INFO - Test loss   : 0.6477
2024-05-25 06:26:23,707 - INFO - 
Epoch	13
2024-05-25 06:26:25,629 - INFO - [6144/363571]	Loss  : 1.2819
2024-05-25 06:26:41,785 - INFO - Test loss   : 0.6578
2024-05-25 06:26:41,785 - INFO - 
Epoch	14
2024-05-25 06:26:43,496 - INFO - [6144/363571]	Loss  : 1.2911
2024-05-25 06:27:01,414 - INFO - Test loss   : 0.6327
2024-05-25 06:27:01,414 - INFO - 
Epoch	15
2024-05-25 06:27:03,856 - INFO - [6144/363571]	Loss  : 1.2761
2024-05-25 06:27:23,148 - INFO - Test loss   : 0.6451
2024-05-25 06:27:23,149 - INFO - 
Epoch	16
2024-05-25 06:27:25,904 - INFO - [6144/363571]	Loss  : 1.2775
2024-05-25 06:27:42,280 - INFO - Test loss   : 0.6573
2024-05-25 06:27:42,280 - INFO - 
Epoch	17
2024-05-25 06:27:45,052 - INFO - [6144/363571]	Loss  : 1.2709
2024-05-25 06:28:01,410 - INFO - Test loss   : 0.6419
2024-05-25 06:28:01,410 - INFO - 
Epoch	18
2024-05-25 06:28:03,750 - INFO - [6144/363571]	Loss  : 1.2585
2024-05-25 06:28:19,575 - INFO - Test loss   : 0.6449
2024-05-25 06:28:19,575 - INFO - 
Epoch	19
2024-05-25 06:28:21,960 - INFO - [6144/363571]	Loss  : 1.2453
2024-05-25 06:28:38,144 - INFO - Test loss   : 0.6506
2024-05-25 06:28:38,145 - INFO - 
Epoch	20
2024-05-25 06:28:39,908 - INFO - [6144/363571]	Loss  : 1.2401
2024-05-25 06:28:56,174 - INFO - Test loss   : 0.6353
2024-05-25 06:28:56,563 - INFO - (53041,)
2024-05-25 06:28:56,723 - INFO -  Split ID: 0
2024-05-25 06:28:56,742 - INFO -  Top 1	LocEnc (Epoch 20)acc (%):   17.79
2024-05-25 06:28:56,744 - INFO -  Top 3	LocEnc (Epoch 20)acc (%):   31.56
2024-05-25 06:28:56,746 - INFO -  Top 5	LocEnc (Epoch 20)acc (%):   39.58
2024-05-25 06:28:56,748 - INFO -  Top 10	LocEnc (Epoch 20)acc (%):   54.34
2024-05-25 06:28:56,755 - INFO - 
No prior
2024-05-25 06:28:56,763 - INFO - (53041,)
2024-05-25 06:28:56,921 - INFO -  Split ID: 0
2024-05-25 06:28:56,921 - INFO -  Top 1	(Epoch 20)acc (%):   69.83
2024-05-25 06:28:56,921 - INFO -  Top 3	(Epoch 20)acc (%):   84.61
2024-05-25 06:28:56,921 - INFO -  Top 5	(Epoch 20)acc (%):   89.23
2024-05-25 06:28:56,922 - INFO -  Top 10	(Epoch 20)acc (%):   94.29
2024-05-25 06:29:24,147 - INFO -  Split ID: 0
2024-05-25 06:29:24,147 - INFO -  Top 1	(Epoch 20)acc (%):   70.57
2024-05-25 06:29:24,147 - INFO -  Top 3	(Epoch 20)acc (%):   85.28
2024-05-25 06:29:24,147 - INFO -  Top 5	(Epoch 20)acc (%):   89.87
2024-05-25 06:29:24,147 - INFO -  Top 10	(Epoch 20)acc (%):   94.7
2024-05-25 06:29:24,148 - INFO - 
Epoch	21
2024-05-25 06:29:26,310 - INFO - [6144/363571]	Loss  : 1.2508
2024-05-25 06:29:46,568 - INFO - Test loss   : 0.6185
2024-05-25 06:29:46,568 - INFO - 
Epoch	22
2024-05-25 06:29:48,666 - INFO - [6144/363571]	Loss  : 1.2334
2024-05-25 06:30:04,612 - INFO - Test loss   : 0.6410
2024-05-25 06:30:04,612 - INFO - 
Epoch	23
2024-05-25 06:30:05,055 - INFO - [6144/363571]	Loss  : 1.2313
2024-05-25 06:30:07,507 - INFO - Test loss   : 0.6332
2024-05-25 06:30:07,507 - INFO - 
Epoch	24
2024-05-25 06:30:07,861 - INFO - [6144/363571]	Loss  : 1.2403
2024-05-25 06:30:10,223 - INFO - Test loss   : 0.6130
2024-05-25 06:30:10,223 - INFO - 
Epoch	25
2024-05-25 06:30:10,586 - INFO - [6144/363571]	Loss  : 1.2284
2024-05-25 06:30:13,050 - INFO - Test loss   : 0.6397
2024-05-25 06:30:13,050 - INFO - 
Epoch	26
2024-05-25 06:30:13,410 - INFO - [6144/363571]	Loss  : 1.2173
2024-05-25 06:30:15,748 - INFO - Test loss   : 0.6434
2024-05-25 06:30:15,748 - INFO - 
Epoch	27
2024-05-25 06:30:16,109 - INFO - [6144/363571]	Loss  : 1.2205
2024-05-25 06:30:18,532 - INFO - Test loss   : 0.6267
2024-05-25 06:30:18,532 - INFO - 
Epoch	28
2024-05-25 06:30:18,894 - INFO - [6144/363571]	Loss  : 1.2188
2024-05-25 06:30:21,268 - INFO - Test loss   : 0.6240
2024-05-25 06:30:21,268 - INFO - 
Epoch	29
2024-05-25 06:30:21,687 - INFO - [6144/363571]	Loss  : 1.2151
2024-05-25 06:30:24,078 - INFO - Test loss   : 0.6190
2024-05-25 06:30:24,078 - INFO - 
Epoch	30
2024-05-25 06:30:24,436 - INFO - [6144/363571]	Loss  : 1.2172
2024-05-25 06:30:26,784 - INFO - Test loss   : 0.6399
2024-05-25 06:30:27,193 - INFO - (53041,)
2024-05-25 06:30:27,787 - INFO -  Split ID: 0
2024-05-25 06:30:27,805 - INFO -  Top 1	LocEnc (Epoch 30)acc (%):   18.45
2024-05-25 06:30:27,807 - INFO -  Top 3	LocEnc (Epoch 30)acc (%):   31.45
2024-05-25 06:30:27,808 - INFO -  Top 5	LocEnc (Epoch 30)acc (%):   38.83
2024-05-25 06:30:27,810 - INFO -  Top 10	LocEnc (Epoch 30)acc (%):   53.04
2024-05-25 06:30:27,820 - INFO - 
No prior
2024-05-25 06:30:27,827 - INFO - (53041,)
2024-05-25 06:30:28,004 - INFO -  Split ID: 0
2024-05-25 06:30:28,004 - INFO -  Top 1	(Epoch 30)acc (%):   69.83
2024-05-25 06:30:28,004 - INFO -  Top 3	(Epoch 30)acc (%):   84.61
2024-05-25 06:30:28,004 - INFO -  Top 5	(Epoch 30)acc (%):   89.23
2024-05-25 06:30:28,004 - INFO -  Top 10	(Epoch 30)acc (%):   94.29
2024-05-25 06:30:47,479 - INFO -  Split ID: 0
2024-05-25 06:30:47,479 - INFO -  Top 1	(Epoch 30)acc (%):   70.67
2024-05-25 06:30:47,479 - INFO -  Top 3	(Epoch 30)acc (%):   85.38
2024-05-25 06:30:47,479 - INFO -  Top 5	(Epoch 30)acc (%):   89.93
2024-05-25 06:30:47,479 - INFO -  Top 10	(Epoch 30)acc (%):   94.76
2024-05-25 06:30:47,480 - INFO - 
Epoch	31
2024-05-25 06:30:47,827 - INFO - [6144/363571]	Loss  : 1.1879
2024-05-25 06:30:50,262 - INFO - Test loss   : 0.6622
2024-05-25 06:30:50,263 - INFO - 
Epoch	32
2024-05-25 06:30:50,617 - INFO - [6144/363571]	Loss  : 1.2020
2024-05-25 06:30:52,967 - INFO - Test loss   : 0.6256
2024-05-25 06:30:52,967 - INFO - 
Epoch	33
2024-05-25 06:30:53,344 - INFO - [6144/363571]	Loss  : 1.2151
2024-05-25 06:30:55,798 - INFO - Test loss   : 0.6110
2024-05-25 06:30:55,798 - INFO - 
Epoch	34
2024-05-25 06:30:56,152 - INFO - [6144/363571]	Loss  : 1.1957
2024-05-25 06:30:58,466 - INFO - Test loss   : 0.6283
2024-05-25 06:30:58,466 - INFO - 
Epoch	35
2024-05-25 06:30:58,872 - INFO - [6144/363571]	Loss  : 1.2099
2024-05-25 06:31:01,249 - INFO - Test loss   : 0.6262
2024-05-25 06:31:01,249 - INFO - 
Epoch	36
2024-05-25 06:31:01,604 - INFO - [6144/363571]	Loss  : 1.1851
2024-05-25 06:31:03,921 - INFO - Test loss   : 0.6340
2024-05-25 06:31:03,921 - INFO - 
Epoch	37
2024-05-25 06:31:04,280 - INFO - [6144/363571]	Loss  : 1.2054
2024-05-25 06:31:06,700 - INFO - Test loss   : 0.6229
2024-05-25 06:31:06,700 - INFO - 
Epoch	38
2024-05-25 06:31:07,056 - INFO - [6144/363571]	Loss  : 1.1864
2024-05-25 06:31:09,367 - INFO - Test loss   : 0.6213
2024-05-25 06:31:09,367 - INFO - 
Epoch	39
2024-05-25 06:31:09,733 - INFO - [6144/363571]	Loss  : 1.1784
2024-05-25 06:31:12,179 - INFO - Test loss   : 0.6137
2024-05-25 06:31:12,179 - INFO - 
Epoch	40
2024-05-25 06:31:12,537 - INFO - [6144/363571]	Loss  : 1.1668
2024-05-25 06:31:14,884 - INFO - Test loss   : 0.6208
2024-05-25 06:31:15,254 - INFO - (53041,)
2024-05-25 06:31:15,408 - INFO -  Split ID: 0
2024-05-25 06:31:15,426 - INFO -  Top 1	LocEnc (Epoch 40)acc (%):   18.82
2024-05-25 06:31:15,428 - INFO -  Top 3	LocEnc (Epoch 40)acc (%):   33.03
2024-05-25 06:31:15,430 - INFO -  Top 5	LocEnc (Epoch 40)acc (%):   41.18
2024-05-25 06:31:15,432 - INFO -  Top 10	LocEnc (Epoch 40)acc (%):   55.29
2024-05-25 06:31:15,439 - INFO - 
No prior
2024-05-25 06:31:15,446 - INFO - (53041,)
2024-05-25 06:31:15,603 - INFO -  Split ID: 0
2024-05-25 06:31:15,603 - INFO -  Top 1	(Epoch 40)acc (%):   69.83
2024-05-25 06:31:15,603 - INFO -  Top 3	(Epoch 40)acc (%):   84.61
2024-05-25 06:31:15,603 - INFO -  Top 5	(Epoch 40)acc (%):   89.23
2024-05-25 06:31:15,603 - INFO -  Top 10	(Epoch 40)acc (%):   94.29
2024-05-25 06:31:40,654 - INFO -  Split ID: 0
2024-05-25 06:31:40,654 - INFO -  Top 1	(Epoch 40)acc (%):   70.74
2024-05-25 06:31:40,654 - INFO -  Top 3	(Epoch 40)acc (%):   85.47
2024-05-25 06:31:40,654 - INFO -  Top 5	(Epoch 40)acc (%):   89.96
2024-05-25 06:31:40,654 - INFO -  Top 10	(Epoch 40)acc (%):   94.79
2024-05-25 06:31:40,655 - INFO - 
Epoch	41
2024-05-25 06:31:41,979 - INFO - [6144/363571]	Loss  : 1.1755
2024-05-25 06:31:52,059 - INFO - Test loss   : 0.6243
2024-05-25 06:31:52,059 - INFO - 
Epoch	42
2024-05-25 06:31:53,325 - INFO - [6144/363571]	Loss  : 1.1700
2024-05-25 06:32:03,316 - INFO - Test loss   : 0.6129
2024-05-25 06:32:03,316 - INFO - 
Epoch	43
2024-05-25 06:32:04,576 - INFO - [6144/363571]	Loss  : 1.1607
2024-05-25 06:32:14,722 - INFO - Test loss   : 0.6221
2024-05-25 06:32:14,722 - INFO - 
Epoch	44
2024-05-25 06:32:15,989 - INFO - [6144/363571]	Loss  : 1.1682
2024-05-25 06:32:25,960 - INFO - Test loss   : 0.6147
2024-05-25 06:32:25,961 - INFO - 
Epoch	45
2024-05-25 06:32:27,228 - INFO - [6144/363571]	Loss  : 1.1629
2024-05-25 06:32:37,619 - INFO - Test loss   : 0.6085
2024-05-25 06:32:37,619 - INFO - 
Epoch	46
2024-05-25 06:32:39,868 - INFO - [6144/363571]	Loss  : 1.1682
2024-05-25 06:32:55,694 - INFO - Test loss   : 0.6193
2024-05-25 06:32:55,694 - INFO - 
Epoch	47
2024-05-25 06:32:57,540 - INFO - [6144/363571]	Loss  : 1.1666
2024-05-25 06:33:14,267 - INFO - Test loss   : 0.6048
2024-05-25 06:33:14,267 - INFO - 
Epoch	48
2024-05-25 06:33:16,111 - INFO - [6144/363571]	Loss  : 1.1676
2024-05-25 06:33:32,538 - INFO - Test loss   : 0.6124
2024-05-25 06:33:32,538 - INFO - 
Epoch	49
2024-05-25 06:33:34,336 - INFO - [6144/363571]	Loss  : 1.1507
2024-05-25 06:33:50,341 - INFO - Test loss   : 0.6333
2024-05-25 06:33:50,341 - INFO - 
Epoch	50
2024-05-25 06:33:52,740 - INFO - [6144/363571]	Loss  : 1.1646
2024-05-25 06:34:08,736 - INFO - Test loss   : 0.6193
2024-05-25 06:34:09,137 - INFO - (53041,)
2024-05-25 06:34:09,292 - INFO -  Split ID: 0
2024-05-25 06:34:09,310 - INFO -  Top 1	LocEnc (Epoch 50)acc (%):   19.01
2024-05-25 06:34:09,312 - INFO -  Top 3	LocEnc (Epoch 50)acc (%):   33.39
2024-05-25 06:34:09,314 - INFO -  Top 5	LocEnc (Epoch 50)acc (%):   41.6
2024-05-25 06:34:09,316 - INFO -  Top 10	LocEnc (Epoch 50)acc (%):   56.5
2024-05-25 06:34:09,323 - INFO - 
No prior
2024-05-25 06:34:09,330 - INFO - (53041,)
2024-05-25 06:34:09,488 - INFO -  Split ID: 0
2024-05-25 06:34:09,488 - INFO -  Top 1	(Epoch 50)acc (%):   69.83
2024-05-25 06:34:09,488 - INFO -  Top 3	(Epoch 50)acc (%):   84.61
2024-05-25 06:34:09,489 - INFO -  Top 5	(Epoch 50)acc (%):   89.23
2024-05-25 06:34:09,489 - INFO -  Top 10	(Epoch 50)acc (%):   94.29
2024-05-25 06:34:37,512 - INFO -  Split ID: 0
2024-05-25 06:34:37,513 - INFO -  Top 1	(Epoch 50)acc (%):   70.78
2024-05-25 06:34:37,513 - INFO -  Top 3	(Epoch 50)acc (%):   85.45
2024-05-25 06:34:37,513 - INFO -  Top 5	(Epoch 50)acc (%):   89.98
2024-05-25 06:34:37,513 - INFO -  Top 10	(Epoch 50)acc (%):   94.79
2024-05-25 06:34:37,514 - INFO - 
Epoch	51
2024-05-25 06:34:39,878 - INFO - [6144/363571]	Loss  : 1.1423
2024-05-25 06:35:00,264 - INFO - Test loss   : 0.6046
2024-05-25 06:35:00,264 - INFO - 
Epoch	52
2024-05-25 06:35:02,339 - INFO - [6144/363571]	Loss  : 1.1566
2024-05-25 06:35:18,621 - INFO - Test loss   : 0.6008
2024-05-25 06:35:18,621 - INFO - 
Epoch	53
2024-05-25 06:35:20,977 - INFO - [6144/363571]	Loss  : 1.1482
2024-05-25 06:35:37,083 - INFO - Test loss   : 0.6140
2024-05-25 06:35:37,083 - INFO - 
Epoch	54
2024-05-25 06:35:39,294 - INFO - [6144/363571]	Loss  : 1.1378
2024-05-25 06:35:55,080 - INFO - Test loss   : 0.6410
2024-05-25 06:35:55,080 - INFO - 
Epoch	55
2024-05-25 06:35:57,492 - INFO - [6144/363571]	Loss  : 1.1414
2024-05-25 06:36:14,100 - INFO - Test loss   : 0.6236
2024-05-25 06:36:14,101 - INFO - 
Epoch	56
2024-05-25 06:36:15,928 - INFO - [6144/363571]	Loss  : 1.1352
2024-05-25 06:36:32,607 - INFO - Test loss   : 0.5928
2024-05-25 06:36:32,607 - INFO - 
Epoch	57
2024-05-25 06:36:34,411 - INFO - [6144/363571]	Loss  : 1.1424
2024-05-25 06:36:50,528 - INFO - Test loss   : 0.6099
2024-05-25 06:36:50,528 - INFO - 
Epoch	58
2024-05-25 06:36:52,793 - INFO - [6144/363571]	Loss  : 1.1266
2024-05-25 06:37:09,803 - INFO - Test loss   : 0.6244
2024-05-25 06:37:09,803 - INFO - 
Epoch	59
2024-05-25 06:37:12,587 - INFO - [6144/363571]	Loss  : 1.1273
2024-05-25 06:37:32,137 - INFO - Test loss   : 0.6112
2024-05-25 06:37:32,137 - INFO - 
Epoch	60
2024-05-25 06:37:34,521 - INFO - [6144/363571]	Loss  : 1.1161
2024-05-25 06:37:51,563 - INFO - Test loss   : 0.6080
2024-05-25 06:37:51,925 - INFO - (53041,)
2024-05-25 06:37:52,082 - INFO -  Split ID: 0
2024-05-25 06:37:52,104 - INFO -  Top 1	LocEnc (Epoch 60)acc (%):   20.04
2024-05-25 06:37:52,106 - INFO -  Top 3	LocEnc (Epoch 60)acc (%):   34.17
2024-05-25 06:37:52,108 - INFO -  Top 5	LocEnc (Epoch 60)acc (%):   42.34
2024-05-25 06:37:52,110 - INFO -  Top 10	LocEnc (Epoch 60)acc (%):   57.14
2024-05-25 06:37:52,116 - INFO - 
No prior
2024-05-25 06:37:52,121 - INFO - (53041,)
2024-05-25 06:37:52,279 - INFO -  Split ID: 0
2024-05-25 06:37:52,279 - INFO -  Top 1	(Epoch 60)acc (%):   69.83
2024-05-25 06:37:52,279 - INFO -  Top 3	(Epoch 60)acc (%):   84.61
2024-05-25 06:37:52,279 - INFO -  Top 5	(Epoch 60)acc (%):   89.23
2024-05-25 06:37:52,279 - INFO -  Top 10	(Epoch 60)acc (%):   94.29
2024-05-25 06:38:20,715 - INFO -  Split ID: 0
2024-05-25 06:38:20,715 - INFO -  Top 1	(Epoch 60)acc (%):   70.78
2024-05-25 06:38:20,716 - INFO -  Top 3	(Epoch 60)acc (%):   85.49
2024-05-25 06:38:20,716 - INFO -  Top 5	(Epoch 60)acc (%):   90.02
2024-05-25 06:38:20,716 - INFO -  Top 10	(Epoch 60)acc (%):   94.83
2024-05-25 06:38:20,716 - INFO - 
Epoch	61
2024-05-25 06:38:23,151 - INFO - [6144/363571]	Loss  : 1.1319
2024-05-25 06:38:39,488 - INFO - Test loss   : 0.6073
2024-05-25 06:38:39,488 - INFO - 
Epoch	62
2024-05-25 06:38:41,743 - INFO - [6144/363571]	Loss  : 1.1323
2024-05-25 06:38:57,665 - INFO - Test loss   : 0.5992
2024-05-25 06:38:57,666 - INFO - 
Epoch	63
2024-05-25 06:38:59,894 - INFO - [6144/363571]	Loss  : 1.1231
2024-05-25 06:39:15,693 - INFO - Test loss   : 0.6101
2024-05-25 06:39:15,693 - INFO - 
Epoch	64
2024-05-25 06:39:17,483 - INFO - [6144/363571]	Loss  : 1.1303
2024-05-25 06:39:34,531 - INFO - Test loss   : 0.6199
2024-05-25 06:39:34,532 - INFO - 
Epoch	65
2024-05-25 06:39:36,867 - INFO - [6144/363571]	Loss  : 1.1132
2024-05-25 06:39:55,980 - INFO - Test loss   : 0.6135
2024-05-25 06:39:55,981 - INFO - 
Epoch	66
2024-05-25 06:39:58,540 - INFO - [6144/363571]	Loss  : 1.1219
2024-05-25 06:40:16,575 - INFO - Test loss   : 0.6084
2024-05-25 06:40:16,575 - INFO - 
Epoch	67
2024-05-25 06:40:18,405 - INFO - [6144/363571]	Loss  : 1.1235
2024-05-25 06:40:34,715 - INFO - Test loss   : 0.6040
2024-05-25 06:40:34,715 - INFO - 
Epoch	68
2024-05-25 06:40:36,346 - INFO - [6144/363571]	Loss  : 1.1281
2024-05-25 06:40:52,861 - INFO - Test loss   : 0.6060
2024-05-25 06:40:52,862 - INFO - 
Epoch	69
2024-05-25 06:40:54,358 - INFO - [6144/363571]	Loss  : 1.1242
2024-05-25 06:41:11,653 - INFO - Test loss   : 0.6047
2024-05-25 06:41:11,653 - INFO - 
Epoch	70
2024-05-25 06:41:13,314 - INFO - [6144/363571]	Loss  : 1.1123
2024-05-25 06:41:30,081 - INFO - Test loss   : 0.6067
2024-05-25 06:41:30,463 - INFO - (53041,)
2024-05-25 06:41:30,616 - INFO -  Split ID: 0
2024-05-25 06:41:30,635 - INFO -  Top 1	LocEnc (Epoch 70)acc (%):   19.82
2024-05-25 06:41:30,637 - INFO -  Top 3	LocEnc (Epoch 70)acc (%):   34.29
2024-05-25 06:41:30,639 - INFO -  Top 5	LocEnc (Epoch 70)acc (%):   42.78
2024-05-25 06:41:30,641 - INFO -  Top 10	LocEnc (Epoch 70)acc (%):   57.09
2024-05-25 06:41:30,649 - INFO - 
No prior
2024-05-25 06:41:30,654 - INFO - (53041,)
2024-05-25 06:41:30,810 - INFO -  Split ID: 0
2024-05-25 06:41:30,810 - INFO -  Top 1	(Epoch 70)acc (%):   69.83
2024-05-25 06:41:30,810 - INFO -  Top 3	(Epoch 70)acc (%):   84.61
2024-05-25 06:41:30,810 - INFO -  Top 5	(Epoch 70)acc (%):   89.23
2024-05-25 06:41:30,810 - INFO -  Top 10	(Epoch 70)acc (%):   94.29
2024-05-25 06:41:58,757 - INFO -  Split ID: 0
2024-05-25 06:41:58,757 - INFO -  Top 1	(Epoch 70)acc (%):   70.84
2024-05-25 06:41:58,757 - INFO -  Top 3	(Epoch 70)acc (%):   85.51
2024-05-25 06:41:58,757 - INFO -  Top 5	(Epoch 70)acc (%):   90.03
2024-05-25 06:41:58,757 - INFO -  Top 10	(Epoch 70)acc (%):   94.85
2024-05-25 06:41:58,758 - INFO - 
Epoch	71
2024-05-25 06:42:00,632 - INFO - [6144/363571]	Loss  : 1.1192
2024-05-25 06:42:20,768 - INFO - Test loss   : 0.6087
2024-05-25 06:42:20,768 - INFO - 
Epoch	72
2024-05-25 06:42:23,175 - INFO - [6144/363571]	Loss  : 1.1072
2024-05-25 06:42:41,015 - INFO - Test loss   : 0.6170
2024-05-25 06:42:41,015 - INFO - 
Epoch	73
2024-05-25 06:42:43,452 - INFO - [6144/363571]	Loss  : 1.1172
2024-05-25 06:42:59,920 - INFO - Test loss   : 0.6160
2024-05-25 06:42:59,920 - INFO - 
Epoch	74
2024-05-25 06:43:02,013 - INFO - [6144/363571]	Loss  : 1.1180
2024-05-25 06:43:18,359 - INFO - Test loss   : 0.6144
2024-05-25 06:43:18,359 - INFO - 
Epoch	75
2024-05-25 06:43:20,243 - INFO - [6144/363571]	Loss  : 1.1060
2024-05-25 06:43:36,419 - INFO - Test loss   : 0.5993
2024-05-25 06:43:36,419 - INFO - 
Epoch	76
2024-05-25 06:43:38,685 - INFO - [6144/363571]	Loss  : 1.1191
2024-05-25 06:43:54,801 - INFO - Test loss   : 0.5954
2024-05-25 06:43:54,801 - INFO - 
Epoch	77
2024-05-25 06:43:57,593 - INFO - [6144/363571]	Loss  : 1.1036
2024-05-25 06:44:13,945 - INFO - Test loss   : 0.5967
2024-05-25 06:44:13,951 - INFO - 
Epoch	78
2024-05-25 06:44:16,291 - INFO - [6144/363571]	Loss  : 1.1166
2024-05-25 06:44:32,125 - INFO - Test loss   : 0.6028
2024-05-25 06:44:32,126 - INFO - 
Epoch	79
2024-05-25 06:44:34,393 - INFO - [6144/363571]	Loss  : 1.1040
2024-05-25 06:44:54,070 - INFO - Test loss   : 0.6032
2024-05-25 06:44:54,070 - INFO - 
Epoch	80
2024-05-25 06:44:55,877 - INFO - [6144/363571]	Loss  : 1.1126
2024-05-25 06:45:15,341 - INFO - Test loss   : 0.6060
2024-05-25 06:45:15,708 - INFO - (53041,)
2024-05-25 06:45:15,863 - INFO -  Split ID: 0
2024-05-25 06:45:15,881 - INFO -  Top 1	LocEnc (Epoch 80)acc (%):   19.97
2024-05-25 06:45:15,882 - INFO -  Top 3	LocEnc (Epoch 80)acc (%):   34.26
2024-05-25 06:45:15,884 - INFO -  Top 5	LocEnc (Epoch 80)acc (%):   42.65
2024-05-25 06:45:15,886 - INFO -  Top 10	LocEnc (Epoch 80)acc (%):   57.06
2024-05-25 06:45:15,893 - INFO - 
No prior
2024-05-25 06:45:15,899 - INFO - (53041,)
2024-05-25 06:45:16,054 - INFO -  Split ID: 0
2024-05-25 06:45:16,055 - INFO -  Top 1	(Epoch 80)acc (%):   69.83
2024-05-25 06:45:16,055 - INFO -  Top 3	(Epoch 80)acc (%):   84.61
2024-05-25 06:45:16,055 - INFO -  Top 5	(Epoch 80)acc (%):   89.23
2024-05-25 06:45:16,055 - INFO -  Top 10	(Epoch 80)acc (%):   94.29
2024-05-25 06:45:44,010 - INFO -  Split ID: 0
2024-05-25 06:45:44,010 - INFO -  Top 1	(Epoch 80)acc (%):   70.84
2024-05-25 06:45:44,011 - INFO -  Top 3	(Epoch 80)acc (%):   85.5
2024-05-25 06:45:44,011 - INFO -  Top 5	(Epoch 80)acc (%):   90.06
2024-05-25 06:45:44,011 - INFO -  Top 10	(Epoch 80)acc (%):   94.85
2024-05-25 06:45:44,011 - INFO - 
Epoch	81
2024-05-25 06:45:46,186 - INFO - [6144/363571]	Loss  : 1.1016
2024-05-25 06:46:02,891 - INFO - Test loss   : 0.6076
2024-05-25 06:46:02,891 - INFO - 
Epoch	82
2024-05-25 06:46:04,675 - INFO - [6144/363571]	Loss  : 1.1070
2024-05-25 06:46:21,420 - INFO - Test loss   : 0.6099
2024-05-25 06:46:21,420 - INFO - 
Epoch	83
2024-05-25 06:46:24,119 - INFO - [6144/363571]	Loss  : 1.1061
2024-05-25 06:46:40,002 - INFO - Test loss   : 0.6113
2024-05-25 06:46:40,002 - INFO - 
Epoch	84
2024-05-25 06:46:42,421 - INFO - [6144/363571]	Loss  : 1.0860
2024-05-25 06:46:58,412 - INFO - Test loss   : 0.6108
2024-05-25 06:46:58,413 - INFO - 
Epoch	85
2024-05-25 06:47:00,837 - INFO - [6144/363571]	Loss  : 1.1020
2024-05-25 06:47:19,531 - INFO - Test loss   : 0.6042
2024-05-25 06:47:19,531 - INFO - 
Epoch	86
2024-05-25 06:47:21,838 - INFO - [6144/363571]	Loss  : 1.0946
2024-05-25 06:47:41,011 - INFO - Test loss   : 0.6023
2024-05-25 06:47:41,011 - INFO - 
Epoch	87
2024-05-25 06:47:43,782 - INFO - [6144/363571]	Loss  : 1.0915
2024-05-25 06:47:59,602 - INFO - Test loss   : 0.6051
2024-05-25 06:47:59,602 - INFO - 
Epoch	88
2024-05-25 06:48:01,394 - INFO - [6144/363571]	Loss  : 1.0923
2024-05-25 06:48:17,971 - INFO - Test loss   : 0.6121
2024-05-25 06:48:17,971 - INFO - 
Epoch	89
2024-05-25 06:48:19,758 - INFO - [6144/363571]	Loss  : 1.0830
2024-05-25 06:48:35,817 - INFO - Test loss   : 0.6116
2024-05-25 06:48:35,817 - INFO - 
Epoch	90
2024-05-25 06:48:38,252 - INFO - [6144/363571]	Loss  : 1.0983
2024-05-25 06:48:54,069 - INFO - Test loss   : 0.6061
2024-05-25 06:48:54,477 - INFO - (53041,)
2024-05-25 06:48:54,631 - INFO -  Split ID: 0
2024-05-25 06:48:54,649 - INFO -  Top 1	LocEnc (Epoch 90)acc (%):   20.08
2024-05-25 06:48:54,651 - INFO -  Top 3	LocEnc (Epoch 90)acc (%):   34.53
2024-05-25 06:48:54,653 - INFO -  Top 5	LocEnc (Epoch 90)acc (%):   42.63
2024-05-25 06:48:54,655 - INFO -  Top 10	LocEnc (Epoch 90)acc (%):   57.21
2024-05-25 06:48:54,662 - INFO - 
No prior
2024-05-25 06:48:54,668 - INFO - (53041,)
2024-05-25 06:48:54,826 - INFO -  Split ID: 0
2024-05-25 06:48:54,826 - INFO -  Top 1	(Epoch 90)acc (%):   69.83
2024-05-25 06:48:54,826 - INFO -  Top 3	(Epoch 90)acc (%):   84.61
2024-05-25 06:48:54,827 - INFO -  Top 5	(Epoch 90)acc (%):   89.23
2024-05-25 06:48:54,827 - INFO -  Top 10	(Epoch 90)acc (%):   94.29
2024-05-25 06:49:22,758 - INFO -  Split ID: 0
2024-05-25 06:49:22,758 - INFO -  Top 1	(Epoch 90)acc (%):   70.87
2024-05-25 06:49:22,758 - INFO -  Top 3	(Epoch 90)acc (%):   85.55
2024-05-25 06:49:22,759 - INFO -  Top 5	(Epoch 90)acc (%):   90.05
2024-05-25 06:49:22,759 - INFO -  Top 10	(Epoch 90)acc (%):   94.87
2024-05-25 06:49:22,759 - INFO - 
Epoch	91
2024-05-25 06:49:25,135 - INFO - [6144/363571]	Loss  : 1.0844
2024-05-25 06:49:43,357 - INFO - Test loss   : 0.6029
2024-05-25 06:49:43,357 - INFO - 
Epoch	92
2024-05-25 06:49:46,052 - INFO - [6144/363571]	Loss  : 1.0831
2024-05-25 06:50:05,512 - INFO - Test loss   : 0.6018
2024-05-25 06:50:05,513 - INFO - 
Epoch	93
2024-05-25 06:50:07,793 - INFO - [6144/363571]	Loss  : 1.0917
2024-05-25 06:50:24,044 - INFO - Test loss   : 0.6016
2024-05-25 06:50:24,044 - INFO - 
Epoch	94
2024-05-25 06:50:26,219 - INFO - [6144/363571]	Loss  : 1.0812
2024-05-25 06:50:42,152 - INFO - Test loss   : 0.6048
2024-05-25 06:50:42,152 - INFO - 
Epoch	95
2024-05-25 06:50:44,025 - INFO - [6144/363571]	Loss  : 1.1019
2024-05-25 06:51:00,322 - INFO - Test loss   : 0.6042
2024-05-25 06:51:00,322 - INFO - 
Epoch	96
2024-05-25 06:51:02,150 - INFO - [6144/363571]	Loss  : 1.0872
2024-05-25 06:51:18,769 - INFO - Test loss   : 0.5991
2024-05-25 06:51:18,769 - INFO - 
Epoch	97
2024-05-25 06:51:20,583 - INFO - [6144/363571]	Loss  : 1.0849
2024-05-25 06:51:37,529 - INFO - Test loss   : 0.6014
2024-05-25 06:51:37,529 - INFO - 
Epoch	98
2024-05-25 06:51:39,509 - INFO - [6144/363571]	Loss  : 1.0893
2024-05-25 06:51:56,148 - INFO - Test loss   : 0.6033
2024-05-25 06:51:56,148 - INFO - 
Epoch	99
2024-05-25 06:51:57,717 - INFO - [6144/363571]	Loss  : 1.0740
2024-05-25 06:52:15,740 - INFO - Test loss   : 0.6052
2024-05-25 06:52:15,740 - INFO - Saving output model to ../models/sphere2vec_sphereCplus/model_fmow_Sphere2Vec-sphereC+_inception_v3_0.0050_64_0.0001000_1_512.pth.tar
2024-05-25 06:52:15,748 - INFO - Saving output model to ../models/sphere2vec_sphereCplus/model_fmow_Sphere2Vec-sphereC+_inception_v3_0.0050_64_0.0001000_1_512.pth.tar
2024-05-25 06:52:15,768 - INFO - 
No prior
2024-05-25 06:52:15,773 - INFO - (53041,)
2024-05-25 06:52:15,928 - INFO -  Split ID: 0
2024-05-25 06:52:15,929 - INFO -  Top 1	acc (%):   69.83
2024-05-25 06:52:15,929 - INFO -  Top 3	acc (%):   84.61
2024-05-25 06:52:15,929 - INFO -  Top 5	acc (%):   89.23
2024-05-25 06:52:15,929 - INFO -  Top 10	acc (%):   94.29
2024-05-25 06:52:43,929 - INFO -  Split ID: 0
2024-05-25 06:52:43,929 - INFO -  Top 1	acc (%):   70.93
2024-05-25 06:52:43,929 - INFO -  Top 3	acc (%):   85.56
2024-05-25 06:52:43,930 - INFO -  Top 5	acc (%):   90.08
2024-05-25 06:52:43,930 - INFO -  Top 10	acc (%):   94.91
2024-05-25 06:52:43,930 - INFO - 
Sphere2Vec-sphereC+
2024-05-25 06:52:43,930 - INFO -  Model :	model_fmow_Sphere2Vec-sphereC+_inception_v3_0.0050_64_0.0001000_1_512.pth.tar
2024-05-25 06:52:44,340 - INFO - (53041,)
2024-05-25 06:52:44,497 - INFO -  Split ID: 0
2024-05-25 06:52:44,516 - INFO -  Top 1	LocEnc acc (%):   20.48
2024-05-25 06:52:44,518 - INFO -  Top 3	LocEnc acc (%):   35.25
2024-05-25 06:52:44,520 - INFO -  Top 5	LocEnc acc (%):   43.65
2024-05-25 06:52:44,521 - INFO -  Top 10	LocEnc acc (%):   57.72
2024-05-30 19:25:26,519 - INFO - 
num_classes	62
2024-05-30 19:25:26,558 - INFO - num train    	363571
2024-05-30 19:25:26,558 - INFO - num val      	53041
2024-05-30 19:25:26,558 - INFO - train loss   	full_loss
2024-05-30 19:25:26,558 - INFO - model name   	../models/sphere2vec_sphereCplus/model_fmow_Sphere2Vec-sphereC+_inception_v3_0.0050_64_0.0001000_1_512.pth.tar
2024-05-30 19:25:26,558 - INFO - num users    	1
2024-05-30 19:25:26,786 - INFO - 
Only Sphere2Vec-sphereC+
2024-05-30 19:25:26,787 - INFO -  Model :	model_fmow_Sphere2Vec-sphereC+_inception_v3_0.0050_64_0.0001000_1_512.pth.tar
2024-05-30 19:25:26,863 - INFO - Saving output model to ../models/sphere2vec_sphereCplus/model_fmow_Sphere2Vec-sphereC+_inception_v3_0.0050_64_0.0001000_1_512.pth.tar
2024-05-30 19:25:26,890 - INFO - Saving output model to ../models/sphere2vec_sphereCplus/model_fmow_Sphere2Vec-sphereC+_inception_v3_0.0050_64_0.0001000_1_512.pth.tar
2024-05-30 19:25:26,905 - INFO - 
No prior
2024-05-30 19:25:26,913 - INFO - (53041,)
2024-05-30 19:25:27,870 - INFO - Save results to ../eval_results/eval_fmow__val_no_prior.csv
2024-05-30 19:25:27,871 - INFO -  Split ID: 0
2024-05-30 19:25:27,871 - INFO -  Top 1	acc (%):   69.83
2024-05-30 19:25:27,871 - INFO -  Top 3	acc (%):   84.61
2024-05-30 19:25:27,871 - INFO -  Top 5	acc (%):   89.23
2024-05-30 19:25:27,871 - INFO -  Top 10	acc (%):   94.29
2024-05-30 19:25:58,424 - INFO -  Split ID: 0
2024-05-30 19:25:58,425 - INFO -  Top 1	hit (%):   70.93
2024-05-30 19:25:58,425 - INFO -  Top 3	hit (%):   85.56
2024-05-30 19:25:58,425 - INFO -  Top 5	hit (%):   90.08
2024-05-30 19:25:58,425 - INFO -  Top 10	hit (%):   94.91
2024-05-30 19:25:58,438 - INFO - 
Only Sphere2Vec-sphereC+
2024-05-30 19:25:58,439 - INFO -  Model :	model_fmow_Sphere2Vec-sphereC+_inception_v3_0.0050_64_0.0001000_1_512.pth.tar
2024-05-30 19:25:58,864 - INFO - (53041,)
2024-05-30 19:25:59,018 - INFO -  Split ID: 0
2024-05-30 19:25:59,038 - INFO -  Top 1	LocEnc acc (%):   20.48
2024-05-30 19:25:59,040 - INFO -  Top 3	LocEnc acc (%):   35.25
2024-05-30 19:25:59,041 - INFO -  Top 5	LocEnc acc (%):   43.65
2024-05-30 19:25:59,043 - INFO -  Top 10	LocEnc acc (%):   57.72
