2024-05-24 02:41:19,566 - INFO - 
num_classes	555
2024-05-24 02:41:19,566 - INFO - num train    	22599
2024-05-24 02:41:19,566 - INFO - num val      	1100
2024-05-24 02:41:19,567 - INFO - train loss   	full_loss
2024-05-24 02:41:19,567 - INFO - model name   	../models/sphere2vec_sphereCplus/model_nabirds_ebird_meta_Sphere2Vec-sphereC+_inception_v3_0.0010_64_0.0001000_1_512.pth.tar
2024-05-24 02:41:19,567 - INFO - num users    	5331
2024-05-24 02:41:19,567 - INFO - meta data    	ebird_meta
2024-05-24 02:41:19,769 - INFO - 
Epoch	0
2024-05-24 02:41:48,370 - INFO - [22528/22599]	Loss  : 1.9337
2024-05-24 02:41:49,715 - INFO - Test loss   : 0.8114
2024-05-24 02:41:49,715 - INFO - 
Epoch	1
2024-05-24 02:42:17,612 - INFO - [22528/22599]	Loss  : 1.5039
2024-05-24 02:42:18,958 - INFO - Test loss   : 0.8117
2024-05-24 02:42:18,958 - INFO - 
Epoch	2
2024-05-24 02:42:46,848 - INFO - [22528/22599]	Loss  : 1.3055
2024-05-24 02:42:48,181 - INFO - Test loss   : 0.7650
2024-05-24 02:42:48,181 - INFO - 
Epoch	3
2024-05-24 02:43:16,033 - INFO - [22528/22599]	Loss  : 1.1860
2024-05-24 02:43:17,377 - INFO - Test loss   : 0.6637
2024-05-24 02:43:17,377 - INFO - 
Epoch	4
2024-05-24 02:43:45,243 - INFO - [22528/22599]	Loss  : 1.1087
2024-05-24 02:43:46,593 - INFO - Test loss   : 0.6042
2024-05-24 02:43:46,593 - INFO - 
Epoch	5
2024-05-24 02:44:14,472 - INFO - [22528/22599]	Loss  : 1.0605
2024-05-24 02:44:15,820 - INFO - Test loss   : 0.5601
2024-05-24 02:44:15,820 - INFO - 
Epoch	6
2024-05-24 02:44:43,631 - INFO - [22528/22599]	Loss  : 1.0246
2024-05-24 02:44:44,977 - INFO - Test loss   : 0.5469
2024-05-24 02:44:44,978 - INFO - 
Epoch	7
2024-05-24 02:45:12,904 - INFO - [22528/22599]	Loss  : 0.9967
2024-05-24 02:45:14,252 - INFO - Test loss   : 0.5346
2024-05-24 02:45:14,253 - INFO - 
Epoch	8
2024-05-24 02:45:42,117 - INFO - [22528/22599]	Loss  : 0.9699
2024-05-24 02:45:43,464 - INFO - Test loss   : 0.5256
2024-05-24 02:45:43,464 - INFO - 
Epoch	9
2024-05-24 02:46:11,416 - INFO - [22528/22599]	Loss  : 0.9495
2024-05-24 02:46:12,764 - INFO - Test loss   : 0.5203
2024-05-24 02:46:12,764 - INFO - 
Epoch	10
2024-05-24 02:46:40,567 - INFO - [22528/22599]	Loss  : 0.9333
2024-05-24 02:46:41,924 - INFO - Test loss   : 0.5124
2024-05-24 02:46:41,940 - INFO - (1100,)
2024-05-24 02:46:41,986 - INFO -  Split ID: 0
2024-05-24 02:46:41,987 - INFO -  Top 1	LocEnc (Epoch 10)acc (%):   2.0
2024-05-24 02:46:41,987 - INFO -  Top 3	LocEnc (Epoch 10)acc (%):   4.73
2024-05-24 02:46:41,987 - INFO -  Top 5	LocEnc (Epoch 10)acc (%):   7.64
2024-05-24 02:46:41,987 - INFO -  Top 10	LocEnc (Epoch 10)acc (%):   13.18
2024-05-24 02:46:41,987 - INFO - 
No prior
2024-05-24 02:46:42,015 - INFO - (24633,)
2024-05-24 02:46:42,694 - INFO -  Split ID: 0
2024-05-24 02:46:42,694 - INFO -  Top 1	(Epoch 10)acc (%):   76.08
2024-05-24 02:46:42,695 - INFO -  Top 3	(Epoch 10)acc (%):   90.98
2024-05-24 02:46:42,695 - INFO -  Top 5	(Epoch 10)acc (%):   94.06
2024-05-24 02:46:42,695 - INFO -  Top 10	(Epoch 10)acc (%):   96.83
2024-05-24 02:47:22,783 - INFO -  Split ID: 0
2024-05-24 02:47:22,783 - INFO -  Top 1	(Epoch 10)acc (%):   81.11
2024-05-24 02:47:22,784 - INFO -  Top 3	(Epoch 10)acc (%):   93.33
2024-05-24 02:47:22,784 - INFO -  Top 5	(Epoch 10)acc (%):   95.7
2024-05-24 02:47:22,784 - INFO -  Top 10	(Epoch 10)acc (%):   97.8
2024-05-24 02:47:22,784 - INFO - 
Epoch	11
2024-05-24 02:47:50,739 - INFO - [22528/22599]	Loss  : 0.9161
2024-05-24 02:47:52,086 - INFO - Test loss   : 0.5198
2024-05-24 02:47:52,086 - INFO - 
Epoch	12
2024-05-24 02:48:19,873 - INFO - [22528/22599]	Loss  : 0.9010
2024-05-24 02:48:21,225 - INFO - Test loss   : 0.5255
2024-05-24 02:48:21,226 - INFO - 
Epoch	13
2024-05-24 02:48:49,144 - INFO - [22528/22599]	Loss  : 0.8895
2024-05-24 02:48:50,487 - INFO - Test loss   : 0.5287
2024-05-24 02:48:50,487 - INFO - 
Epoch	14
2024-05-24 02:49:18,317 - INFO - [22528/22599]	Loss  : 0.8741
2024-05-24 02:49:19,661 - INFO - Test loss   : 0.5308
2024-05-24 02:49:19,661 - INFO - 
Epoch	15
2024-05-24 02:49:47,534 - INFO - [22528/22599]	Loss  : 0.8646
2024-05-24 02:49:48,882 - INFO - Test loss   : 0.5398
2024-05-24 02:49:48,883 - INFO - 
Epoch	16
2024-05-24 02:50:16,790 - INFO - [22528/22599]	Loss  : 0.8529
2024-05-24 02:50:18,138 - INFO - Test loss   : 0.5517
2024-05-24 02:50:18,138 - INFO - 
Epoch	17
2024-05-24 02:50:46,154 - INFO - [22528/22599]	Loss  : 0.8451
2024-05-24 02:50:47,520 - INFO - Test loss   : 0.5557
2024-05-24 02:50:47,520 - INFO - 
Epoch	18
2024-05-24 02:51:15,533 - INFO - [22528/22599]	Loss  : 0.8338
2024-05-24 02:51:16,879 - INFO - Test loss   : 0.5801
2024-05-24 02:51:16,880 - INFO - 
Epoch	19
2024-05-24 02:51:44,747 - INFO - [22528/22599]	Loss  : 0.8270
2024-05-24 02:51:46,089 - INFO - Test loss   : 0.5780
2024-05-24 02:51:46,090 - INFO - 
Epoch	20
2024-05-24 02:52:13,973 - INFO - [22528/22599]	Loss  : 0.8147
2024-05-24 02:52:15,326 - INFO - Test loss   : 0.5950
2024-05-24 02:52:15,339 - INFO - (1100,)
2024-05-24 02:52:15,384 - INFO -  Split ID: 0
2024-05-24 02:52:15,385 - INFO -  Top 1	LocEnc (Epoch 20)acc (%):   2.91
2024-05-24 02:52:15,385 - INFO -  Top 3	LocEnc (Epoch 20)acc (%):   6.73
2024-05-24 02:52:15,385 - INFO -  Top 5	LocEnc (Epoch 20)acc (%):   11.09
2024-05-24 02:52:15,385 - INFO -  Top 10	LocEnc (Epoch 20)acc (%):   17.0
2024-05-24 02:52:15,386 - INFO - 
No prior
2024-05-24 02:52:15,412 - INFO - (24633,)
2024-05-24 02:52:16,093 - INFO -  Split ID: 0
2024-05-24 02:52:16,093 - INFO -  Top 1	(Epoch 20)acc (%):   76.08
2024-05-24 02:52:16,093 - INFO -  Top 3	(Epoch 20)acc (%):   90.98
2024-05-24 02:52:16,093 - INFO -  Top 5	(Epoch 20)acc (%):   94.06
2024-05-24 02:52:16,093 - INFO -  Top 10	(Epoch 20)acc (%):   96.83
2024-05-24 02:52:56,196 - INFO -  Split ID: 0
2024-05-24 02:52:56,196 - INFO -  Top 1	(Epoch 20)acc (%):   81.85
2024-05-24 02:52:56,196 - INFO -  Top 3	(Epoch 20)acc (%):   93.58
2024-05-24 02:52:56,196 - INFO -  Top 5	(Epoch 20)acc (%):   95.92
2024-05-24 02:52:56,196 - INFO -  Top 10	(Epoch 20)acc (%):   97.83
2024-05-24 02:52:56,200 - INFO - 
Epoch	21
2024-05-24 02:53:24,077 - INFO - [22528/22599]	Loss  : 0.8064
2024-05-24 02:53:25,426 - INFO - Test loss   : 0.5961
2024-05-24 02:53:25,426 - INFO - 
Epoch	22
2024-05-24 02:53:53,283 - INFO - [22528/22599]	Loss  : 0.7998
2024-05-24 02:53:54,630 - INFO - Test loss   : 0.6162
2024-05-24 02:53:54,630 - INFO - 
Epoch	23
2024-05-24 02:54:22,555 - INFO - [22528/22599]	Loss  : 0.7926
2024-05-24 02:54:23,900 - INFO - Test loss   : 0.6187
2024-05-24 02:54:23,901 - INFO - 
Epoch	24
2024-05-24 02:54:51,757 - INFO - [22528/22599]	Loss  : 0.7838
2024-05-24 02:54:53,110 - INFO - Test loss   : 0.6332
2024-05-24 02:54:53,110 - INFO - 
Epoch	25
2024-05-24 02:55:21,071 - INFO - [22528/22599]	Loss  : 0.7800
2024-05-24 02:55:22,422 - INFO - Test loss   : 0.6315
2024-05-24 02:55:22,422 - INFO - 
Epoch	26
2024-05-24 02:55:50,412 - INFO - [22528/22599]	Loss  : 0.7725
2024-05-24 02:55:51,770 - INFO - Test loss   : 0.6517
2024-05-24 02:55:51,771 - INFO - 
Epoch	27
2024-05-24 02:56:19,839 - INFO - [22528/22599]	Loss  : 0.7626
2024-05-24 02:56:21,186 - INFO - Test loss   : 0.6601
2024-05-24 02:56:21,186 - INFO - 
Epoch	28
2024-05-24 02:56:48,988 - INFO - [22528/22599]	Loss  : 0.7601
2024-05-24 02:56:50,336 - INFO - Test loss   : 0.6610
2024-05-24 02:56:50,336 - INFO - 
Epoch	29
2024-05-24 02:57:18,222 - INFO - [22528/22599]	Loss  : 0.7526
2024-05-24 02:57:19,573 - INFO - Test loss   : 0.6768
2024-05-24 02:57:19,573 - INFO - Saving output model to ../models/sphere2vec_sphereCplus/model_nabirds_ebird_meta_Sphere2Vec-sphereC+_inception_v3_0.0010_64_0.0001000_1_512.pth.tar
2024-05-24 02:57:19,590 - INFO - Saving output model to ../models/sphere2vec_sphereCplus/model_nabirds_ebird_meta_Sphere2Vec-sphereC+_inception_v3_0.0010_64_0.0001000_1_512.pth.tar
2024-05-24 02:57:19,640 - INFO - 
No prior
2024-05-24 02:57:19,668 - INFO - (24633,)
2024-05-24 02:57:20,347 - INFO -  Split ID: 0
2024-05-24 02:57:20,348 - INFO -  Top 1	acc (%):   76.08
2024-05-24 02:57:20,348 - INFO -  Top 3	acc (%):   90.98
2024-05-24 02:57:20,348 - INFO -  Top 5	acc (%):   94.06
2024-05-24 02:57:20,348 - INFO -  Top 10	acc (%):   96.83
2024-05-24 02:58:00,444 - INFO -  Split ID: 0
2024-05-24 02:58:00,444 - INFO -  Top 1	acc (%):   81.91
2024-05-24 02:58:00,444 - INFO -  Top 3	acc (%):   93.59
2024-05-24 02:58:00,444 - INFO -  Top 5	acc (%):   95.92
2024-05-24 02:58:00,444 - INFO -  Top 10	acc (%):   97.79
2024-05-24 02:58:00,449 - INFO - 
Sphere2Vec-sphereC+
2024-05-24 02:58:00,449 - INFO -  Model :	model_nabirds_ebird_meta_Sphere2Vec-sphereC+_inception_v3_0.0010_64_0.0001000_1_512.pth.tar
2024-05-24 02:58:00,478 - INFO - (1100,)
2024-05-24 02:58:00,523 - INFO -  Split ID: 0
2024-05-24 02:58:00,524 - INFO -  Top 1	LocEnc acc (%):   3.18
2024-05-24 02:58:00,524 - INFO -  Top 3	LocEnc acc (%):   8.64
2024-05-24 02:58:00,524 - INFO -  Top 5	LocEnc acc (%):   11.91
2024-05-24 02:58:00,524 - INFO -  Top 10	LocEnc acc (%):   18.27
2024-05-30 19:21:05,253 - INFO - 
num_classes	555
2024-05-30 19:21:05,270 - INFO - num train    	22599
2024-05-30 19:21:05,270 - INFO - num val      	1100
2024-05-30 19:21:05,270 - INFO - train loss   	full_loss
2024-05-30 19:21:05,270 - INFO - model name   	../models/sphere2vec_sphereCplus/model_nabirds_ebird_meta_Sphere2Vec-sphereC+_inception_v3_0.0010_64_0.0001000_1_512.pth.tar
2024-05-30 19:21:05,270 - INFO - num users    	5331
2024-05-30 19:21:05,270 - INFO - meta data    	ebird_meta
2024-05-30 19:21:05,447 - INFO - 
Only Sphere2Vec-sphereC+
2024-05-30 19:21:05,447 - INFO -  Model :	model_nabirds_ebird_meta_Sphere2Vec-sphereC+_inception_v3_0.0010_64_0.0001000_1_512.pth.tar
2024-05-30 19:21:05,582 - INFO - Saving output model to ../models/sphere2vec_sphereCplus/model_nabirds_ebird_meta_Sphere2Vec-sphereC+_inception_v3_0.0010_64_0.0001000_1_512.pth.tar
2024-05-30 19:21:05,644 - INFO - Saving output model to ../models/sphere2vec_sphereCplus/model_nabirds_ebird_meta_Sphere2Vec-sphereC+_inception_v3_0.0010_64_0.0001000_1_512.pth.tar
2024-05-30 19:21:05,692 - INFO - 
No prior
2024-05-30 19:21:05,723 - INFO - (24633,)
2024-05-30 19:21:07,168 - INFO - Save results to ../eval_results/eval_nabirds_ebird_meta_test_no_prior.csv
2024-05-30 19:21:07,168 - INFO -  Split ID: 0
2024-05-30 19:21:07,168 - INFO -  Top 1	acc (%):   76.08
2024-05-30 19:21:07,169 - INFO -  Top 3	acc (%):   90.98
2024-05-30 19:21:07,169 - INFO -  Top 5	acc (%):   94.06
2024-05-30 19:21:07,169 - INFO -  Top 10	acc (%):   96.83
2024-05-30 19:21:25,959 - INFO -  Split ID: 0
2024-05-30 19:21:25,959 - INFO -  Top 1	hit (%):   81.91
2024-05-30 19:21:25,959 - INFO -  Top 3	hit (%):   93.59
2024-05-30 19:21:25,959 - INFO -  Top 5	hit (%):   95.92
2024-05-30 19:21:25,959 - INFO -  Top 10	hit (%):   97.79
2024-05-30 19:21:25,965 - INFO - 
Only Sphere2Vec-sphereC+
2024-05-30 19:21:25,965 - INFO -  Model :	model_nabirds_ebird_meta_Sphere2Vec-sphereC+_inception_v3_0.0010_64_0.0001000_1_512.pth.tar
2024-05-30 19:21:25,997 - INFO - (1100,)
2024-05-30 19:21:26,041 - INFO -  Split ID: 0
2024-05-30 19:21:26,041 - INFO -  Top 1	LocEnc acc (%):   3.18
2024-05-30 19:21:26,041 - INFO -  Top 3	LocEnc acc (%):   8.64
2024-05-30 19:21:26,041 - INFO -  Top 5	LocEnc acc (%):   11.91
2024-05-30 19:21:26,042 - INFO -  Top 10	LocEnc acc (%):   18.27
