2024-05-21 08:52:03,418 - INFO - 
num_classes	500
2024-05-21 08:52:03,418 - INFO - num train    	19133
2024-05-21 08:52:03,418 - INFO - num val      	443
2024-05-21 08:52:03,418 - INFO - train loss   	full_loss
2024-05-21 08:52:03,418 - INFO - model name   	../models/space2vec_grid/model_birdsnap_orig_meta_Space2Vec-grid_inception_v3_0.0100_128_0.0500000_360.000_1_256_BATCH4096_leakyrelu.pth.tar
2024-05-21 08:52:03,418 - INFO - num users    	2872
2024-05-21 08:52:03,418 - INFO - meta data    	orig_meta
2024-05-21 08:52:04,230 - INFO - 
Epoch	0
2024-05-21 08:52:23,601 - INFO - [16384/19133]	Loss  : 1.8201
2024-05-21 08:52:24,034 - INFO - Test loss   : 0.6548
2024-05-21 08:52:24,034 - INFO - 
Epoch	1
2024-05-21 08:52:42,702 - INFO - [16384/19133]	Loss  : 1.3179
2024-05-21 08:52:43,136 - INFO - Test loss   : 0.4822
2024-05-21 08:52:43,137 - INFO - 
Epoch	2
2024-05-21 08:53:01,914 - INFO - [16384/19133]	Loss  : 1.1810
2024-05-21 08:53:02,319 - INFO - Test loss   : 0.4086
2024-05-21 08:53:02,319 - INFO - 
Epoch	3
2024-05-21 08:53:21,097 - INFO - [16384/19133]	Loss  : 1.1004
2024-05-21 08:53:21,525 - INFO - Test loss   : 0.4055
2024-05-21 08:53:21,525 - INFO - 
Epoch	4
2024-05-21 08:53:40,309 - INFO - [16384/19133]	Loss  : 1.0489
2024-05-21 08:53:40,744 - INFO - Test loss   : 0.4131
2024-05-21 08:53:40,744 - INFO - 
Epoch	5
2024-05-21 08:53:59,523 - INFO - [16384/19133]	Loss  : 1.0036
2024-05-21 08:53:59,958 - INFO - Test loss   : 0.4619
2024-05-21 08:53:59,958 - INFO - 
Epoch	6
2024-05-21 08:54:18,698 - INFO - [16384/19133]	Loss  : 0.9676
2024-05-21 08:54:19,136 - INFO - Test loss   : 0.4426
2024-05-21 08:54:19,136 - INFO - 
Epoch	7
2024-05-21 08:54:37,889 - INFO - [16384/19133]	Loss  : 0.9351
2024-05-21 08:54:38,324 - INFO - Test loss   : 0.5045
2024-05-21 08:54:38,324 - INFO - 
Epoch	8
2024-05-21 08:54:57,104 - INFO - [16384/19133]	Loss  : 0.9131
2024-05-21 08:54:57,539 - INFO - Test loss   : 0.4663
2024-05-21 08:54:57,539 - INFO - 
Epoch	9
2024-05-21 08:55:16,180 - INFO - [16384/19133]	Loss  : 0.8858
2024-05-21 08:55:16,615 - INFO - Test loss   : 0.4803
2024-05-21 08:55:16,616 - INFO - 
Epoch	10
2024-05-21 08:55:35,391 - INFO - [16384/19133]	Loss  : 0.8711
2024-05-21 08:55:35,826 - INFO - Test loss   : 0.5086
2024-05-21 08:55:35,840 - INFO - (443,)
2024-05-21 08:55:35,857 - INFO -  Split ID: 0
2024-05-21 08:55:35,857 - INFO -  Top 1	LocEnc (Epoch 10)acc (%):   4.97
2024-05-21 08:55:35,857 - INFO -  Top 3	LocEnc (Epoch 10)acc (%):   9.93
2024-05-21 08:55:35,858 - INFO -  Top 5	LocEnc (Epoch 10)acc (%):   13.54
2024-05-21 08:55:35,858 - INFO -  Top 10	LocEnc (Epoch 10)acc (%):   20.99
2024-05-21 08:55:35,858 - INFO - 
No prior
2024-05-21 08:55:35,859 - INFO - (2262,)
2024-05-21 08:55:35,911 - INFO -  Split ID: 0
2024-05-21 08:55:35,911 - INFO -  Top 1	(Epoch 10)acc (%):   70.07
2024-05-21 08:55:35,911 - INFO -  Top 3	(Epoch 10)acc (%):   86.6
2024-05-21 08:55:35,911 - INFO -  Top 5	(Epoch 10)acc (%):   90.05
2024-05-21 08:55:35,911 - INFO -  Top 10	(Epoch 10)acc (%):   92.88
2024-05-21 08:55:37,434 - INFO -  Split ID: 0
2024-05-21 08:55:37,435 - INFO -  Top 1	(Epoch 10)acc (%):   71.79
2024-05-21 08:55:37,435 - INFO -  Top 3	(Epoch 10)acc (%):   86.83
2024-05-21 08:55:37,435 - INFO -  Top 5	(Epoch 10)acc (%):   90.14
2024-05-21 08:55:37,435 - INFO -  Top 10	(Epoch 10)acc (%):   93.28
2024-05-21 08:55:37,435 - INFO - 
Epoch	11
2024-05-21 08:55:56,211 - INFO - [16384/19133]	Loss  : 0.8557
2024-05-21 08:55:56,640 - INFO - Test loss   : 0.5156
2024-05-21 08:55:56,640 - INFO - 
Epoch	12
2024-05-21 08:56:15,297 - INFO - [16384/19133]	Loss  : 0.8395
2024-05-21 08:56:15,731 - INFO - Test loss   : 0.5095
2024-05-21 08:56:15,731 - INFO - 
Epoch	13
2024-05-21 08:56:34,873 - INFO - [16384/19133]	Loss  : 0.8246
2024-05-21 08:56:35,311 - INFO - Test loss   : 0.5387
2024-05-21 08:56:35,311 - INFO - 
Epoch	14
2024-05-21 08:56:54,109 - INFO - [16384/19133]	Loss  : 0.8123
2024-05-21 08:56:54,544 - INFO - Test loss   : 0.5443
2024-05-21 08:56:54,544 - INFO - 
Epoch	15
2024-05-21 08:57:13,340 - INFO - [16384/19133]	Loss  : 0.7998
2024-05-21 08:57:13,774 - INFO - Test loss   : 0.5673
2024-05-21 08:57:13,774 - INFO - 
Epoch	16
2024-05-21 08:57:32,486 - INFO - [16384/19133]	Loss  : 0.7858
2024-05-21 08:57:32,896 - INFO - Test loss   : 0.6042
2024-05-21 08:57:32,896 - INFO - 
Epoch	17
2024-05-21 08:57:51,668 - INFO - [16384/19133]	Loss  : 0.7756
2024-05-21 08:57:52,101 - INFO - Test loss   : 0.6009
2024-05-21 08:57:52,102 - INFO - 
Epoch	18
2024-05-21 08:58:10,864 - INFO - [16384/19133]	Loss  : 0.7695
2024-05-21 08:58:11,302 - INFO - Test loss   : 0.5981
2024-05-21 08:58:11,302 - INFO - 
Epoch	19
2024-05-21 08:58:30,088 - INFO - [16384/19133]	Loss  : 0.7596
2024-05-21 08:58:30,498 - INFO - Test loss   : 0.6400
2024-05-21 08:58:30,498 - INFO - 
Epoch	20
2024-05-21 08:58:49,283 - INFO - [16384/19133]	Loss  : 0.7498
2024-05-21 08:58:49,718 - INFO - Test loss   : 0.6468
2024-05-21 08:58:49,725 - INFO - (443,)
2024-05-21 08:58:49,742 - INFO -  Split ID: 0
2024-05-21 08:58:49,742 - INFO -  Top 1	LocEnc (Epoch 20)acc (%):   4.74
2024-05-21 08:58:49,742 - INFO -  Top 3	LocEnc (Epoch 20)acc (%):   9.93
2024-05-21 08:58:49,743 - INFO -  Top 5	LocEnc (Epoch 20)acc (%):   15.58
2024-05-21 08:58:49,743 - INFO -  Top 10	LocEnc (Epoch 20)acc (%):   23.48
2024-05-21 08:58:49,743 - INFO - 
No prior
2024-05-21 08:58:49,744 - INFO - (2262,)
2024-05-21 08:58:49,796 - INFO -  Split ID: 0
2024-05-21 08:58:49,796 - INFO -  Top 1	(Epoch 20)acc (%):   70.07
2024-05-21 08:58:49,796 - INFO -  Top 3	(Epoch 20)acc (%):   86.6
2024-05-21 08:58:49,796 - INFO -  Top 5	(Epoch 20)acc (%):   90.05
2024-05-21 08:58:49,796 - INFO -  Top 10	(Epoch 20)acc (%):   92.88
2024-05-21 08:58:51,305 - INFO -  Split ID: 0
2024-05-21 08:58:51,305 - INFO -  Top 1	(Epoch 20)acc (%):   71.79
2024-05-21 08:58:51,307 - INFO -  Top 3	(Epoch 20)acc (%):   86.65
2024-05-21 08:58:51,307 - INFO -  Top 5	(Epoch 20)acc (%):   90.1
2024-05-21 08:58:51,307 - INFO -  Top 10	(Epoch 20)acc (%):   93.06
2024-05-21 08:58:51,307 - INFO - 
Epoch	21
2024-05-21 08:59:10,080 - INFO - [16384/19133]	Loss  : 0.7448
2024-05-21 08:59:10,521 - INFO - Test loss   : 0.6527
2024-05-21 08:59:10,521 - INFO - 
Epoch	22
2024-05-21 08:59:29,275 - INFO - [16384/19133]	Loss  : 0.7395
2024-05-21 08:59:29,710 - INFO - Test loss   : 0.6764
2024-05-21 08:59:29,711 - INFO - 
Epoch	23
2024-05-21 08:59:48,476 - INFO - [16384/19133]	Loss  : 0.7266
2024-05-21 08:59:48,911 - INFO - Test loss   : 0.6794
2024-05-21 08:59:48,911 - INFO - 
Epoch	24
2024-05-21 09:00:07,583 - INFO - [16384/19133]	Loss  : 0.7181
2024-05-21 09:00:08,018 - INFO - Test loss   : 0.7127
2024-05-21 09:00:08,018 - INFO - 
Epoch	25
2024-05-21 09:00:26,554 - INFO - [16384/19133]	Loss  : 0.7194
2024-05-21 09:00:26,993 - INFO - Test loss   : 0.7361
2024-05-21 09:00:26,993 - INFO - 
Epoch	26
2024-05-21 09:00:46,047 - INFO - [16384/19133]	Loss  : 0.7046
2024-05-21 09:00:46,486 - INFO - Test loss   : 0.7101
2024-05-21 09:00:46,486 - INFO - 
Epoch	27
2024-05-21 09:01:05,444 - INFO - [16384/19133]	Loss  : 0.7028
2024-05-21 09:01:05,879 - INFO - Test loss   : 0.7409
2024-05-21 09:01:05,879 - INFO - 
Epoch	28
2024-05-21 09:01:24,609 - INFO - [16384/19133]	Loss  : 0.7032
2024-05-21 09:01:25,041 - INFO - Test loss   : 0.7146
2024-05-21 09:01:25,041 - INFO - 
Epoch	29
2024-05-21 09:01:43,824 - INFO - [16384/19133]	Loss  : 0.6919
2024-05-21 09:01:44,259 - INFO - Test loss   : 0.7455
2024-05-21 09:01:44,259 - INFO - Saving output model to ../models/space2vec_grid/model_birdsnap_orig_meta_Space2Vec-grid_inception_v3_0.0100_128_0.0500000_360.000_1_256_BATCH4096_leakyrelu.pth.tar
2024-05-21 09:01:44,270 - INFO - Saving output model to ../models/space2vec_grid/model_birdsnap_orig_meta_Space2Vec-grid_inception_v3_0.0100_128_0.0500000_360.000_1_256_BATCH4096_leakyrelu.pth.tar
2024-05-21 09:01:44,294 - INFO - 
No prior
2024-05-21 09:01:44,296 - INFO - (2262,)
2024-05-21 09:01:44,347 - INFO -  Split ID: 0
2024-05-21 09:01:44,348 - INFO -  Top 1	acc (%):   70.07
2024-05-21 09:01:44,348 - INFO -  Top 3	acc (%):   86.6
2024-05-21 09:01:44,348 - INFO -  Top 5	acc (%):   90.05
2024-05-21 09:01:44,348 - INFO -  Top 10	acc (%):   92.88
2024-05-21 09:01:45,869 - INFO -  Split ID: 0
2024-05-21 09:01:45,869 - INFO -  Top 1	acc (%):   71.75
2024-05-21 09:01:45,869 - INFO -  Top 3	acc (%):   86.65
2024-05-21 09:01:45,869 - INFO -  Top 5	acc (%):   90.01
2024-05-21 09:01:45,869 - INFO -  Top 10	acc (%):   93.1
2024-05-21 09:01:45,869 - INFO - 
Space2Vec-grid
2024-05-21 09:01:45,869 - INFO -  Model :	model_birdsnap_orig_meta_Space2Vec-grid_inception_v3_0.0100_128_0.0500000_360.000_1_256_BATCH4096_leakyrelu.pth.tar
2024-05-21 09:01:45,886 - INFO - (443,)
2024-05-21 09:01:45,902 - INFO -  Split ID: 0
2024-05-21 09:01:45,902 - INFO -  Top 1	LocEnc acc (%):   5.42
2024-05-21 09:01:45,902 - INFO -  Top 3	LocEnc acc (%):   11.96
2024-05-21 09:01:45,902 - INFO -  Top 5	LocEnc acc (%):   16.7
2024-05-21 09:01:45,902 - INFO -  Top 10	LocEnc acc (%):   26.19
