2024-05-21 09:18:18,726 - INFO - 
num_classes	555
2024-05-21 09:18:18,726 - INFO - num train    	22599
2024-05-21 09:18:18,726 - INFO - num val      	1100
2024-05-21 09:18:18,726 - INFO - train loss   	full_loss
2024-05-21 09:18:18,726 - INFO - model name   	../models/space2vec_grid/model_nabirds_ebird_meta_Space2Vec-grid_inception_v3_0.0100_32_0.1000000_360.000_1_256_BATCH4096_leakyrelu.pth.tar
2024-05-21 09:18:18,726 - INFO - num users    	5331
2024-05-21 09:18:18,726 - INFO - meta data    	ebird_meta
2024-05-21 09:18:19,457 - INFO - 
Epoch	0
2024-05-21 09:18:41,868 - INFO - [20480/22599]	Loss  : 1.7161
2024-05-21 09:18:42,918 - INFO - Test loss   : 0.3869
2024-05-21 09:18:42,918 - INFO - 
Epoch	1
2024-05-21 09:19:04,808 - INFO - [20480/22599]	Loss  : 1.1914
2024-05-21 09:19:05,815 - INFO - Test loss   : 0.3971
2024-05-21 09:19:05,815 - INFO - 
Epoch	2
2024-05-21 09:19:27,707 - INFO - [20480/22599]	Loss  : 1.0732
2024-05-21 09:19:28,749 - INFO - Test loss   : 0.3502
2024-05-21 09:19:28,749 - INFO - 
Epoch	3
2024-05-21 09:19:50,608 - INFO - [20480/22599]	Loss  : 1.0194
2024-05-21 09:19:51,632 - INFO - Test loss   : 0.3984
2024-05-21 09:19:51,632 - INFO - 
Epoch	4
2024-05-21 09:20:13,494 - INFO - [20480/22599]	Loss  : 0.9826
2024-05-21 09:20:14,547 - INFO - Test loss   : 0.3830
2024-05-21 09:20:14,548 - INFO - 
Epoch	5
2024-05-21 09:20:36,401 - INFO - [20480/22599]	Loss  : 0.9506
2024-05-21 09:20:37,451 - INFO - Test loss   : 0.3845
2024-05-21 09:20:37,451 - INFO - 
Epoch	6
2024-05-21 09:20:59,292 - INFO - [20480/22599]	Loss  : 0.9272
2024-05-21 09:21:00,337 - INFO - Test loss   : 0.3876
2024-05-21 09:21:00,337 - INFO - 
Epoch	7
2024-05-21 09:21:20,440 - INFO - [20480/22599]	Loss  : 0.9109
2024-05-21 09:21:21,508 - INFO - Test loss   : 0.4047
2024-05-21 09:21:21,509 - INFO - 
Epoch	8
2024-05-21 09:21:43,315 - INFO - [20480/22599]	Loss  : 0.8911
2024-05-21 09:21:44,363 - INFO - Test loss   : 0.4561
2024-05-21 09:21:44,363 - INFO - 
Epoch	9
2024-05-21 09:22:06,164 - INFO - [20480/22599]	Loss  : 0.8816
2024-05-21 09:22:07,231 - INFO - Test loss   : 0.4558
2024-05-21 09:22:07,231 - INFO - 
Epoch	10
2024-05-21 09:22:28,952 - INFO - [20480/22599]	Loss  : 0.8664
2024-05-21 09:22:30,020 - INFO - Test loss   : 0.4825
2024-05-21 09:22:30,034 - INFO - (1100,)
2024-05-21 09:22:30,077 - INFO -  Split ID: 0
2024-05-21 09:22:30,077 - INFO -  Top 1	LocEnc (Epoch 10)acc (%):   1.73
2024-05-21 09:22:30,077 - INFO -  Top 3	LocEnc (Epoch 10)acc (%):   6.09
2024-05-21 09:22:30,077 - INFO -  Top 5	LocEnc (Epoch 10)acc (%):   9.82
2024-05-21 09:22:30,077 - INFO -  Top 10	LocEnc (Epoch 10)acc (%):   16.73
2024-05-21 09:22:30,078 - INFO - 
No prior
2024-05-21 09:22:30,105 - INFO - (24633,)
2024-05-21 09:22:30,761 - INFO -  Split ID: 0
2024-05-21 09:22:30,761 - INFO -  Top 1	(Epoch 10)acc (%):   76.08
2024-05-21 09:22:30,761 - INFO -  Top 3	(Epoch 10)acc (%):   90.98
2024-05-21 09:22:30,761 - INFO -  Top 5	(Epoch 10)acc (%):   94.06
2024-05-21 09:22:30,761 - INFO -  Top 10	(Epoch 10)acc (%):   96.83
2024-05-21 09:23:02,193 - INFO -  Split ID: 0
2024-05-21 09:23:02,193 - INFO -  Top 1	(Epoch 10)acc (%):   81.44
2024-05-21 09:23:02,193 - INFO -  Top 3	(Epoch 10)acc (%):   93.51
2024-05-21 09:23:02,193 - INFO -  Top 5	(Epoch 10)acc (%):   95.89
2024-05-21 09:23:02,194 - INFO -  Top 10	(Epoch 10)acc (%):   97.92
2024-05-21 09:23:02,198 - INFO - 
Epoch	11
2024-05-21 09:23:23,994 - INFO - [20480/22599]	Loss  : 0.8604
2024-05-21 09:23:25,048 - INFO - Test loss   : 0.4877
2024-05-21 09:23:25,048 - INFO - 
Epoch	12
2024-05-21 09:23:46,755 - INFO - [20480/22599]	Loss  : 0.8509
2024-05-21 09:23:47,822 - INFO - Test loss   : 0.4918
2024-05-21 09:23:47,822 - INFO - 
Epoch	13
2024-05-21 09:24:09,634 - INFO - [20480/22599]	Loss  : 0.8399
2024-05-21 09:24:10,662 - INFO - Test loss   : 0.5271
2024-05-21 09:24:10,662 - INFO - 
Epoch	14
2024-05-21 09:24:32,417 - INFO - [20480/22599]	Loss  : 0.8297
2024-05-21 09:24:33,485 - INFO - Test loss   : 0.5376
2024-05-21 09:24:33,485 - INFO - 
Epoch	15
2024-05-21 09:24:55,260 - INFO - [20480/22599]	Loss  : 0.8243
2024-05-21 09:24:56,299 - INFO - Test loss   : 0.5383
2024-05-21 09:24:56,299 - INFO - 
Epoch	16
2024-05-21 09:25:18,078 - INFO - [20480/22599]	Loss  : 0.8188
2024-05-21 09:25:19,153 - INFO - Test loss   : 0.5524
2024-05-21 09:25:19,153 - INFO - 
Epoch	17
2024-05-21 09:25:40,966 - INFO - [20480/22599]	Loss  : 0.8115
2024-05-21 09:25:42,000 - INFO - Test loss   : 0.5983
2024-05-21 09:25:42,000 - INFO - 
Epoch	18
2024-05-21 09:26:03,888 - INFO - [20480/22599]	Loss  : 0.8063
2024-05-21 09:26:04,926 - INFO - Test loss   : 0.6149
2024-05-21 09:26:04,926 - INFO - 
Epoch	19
2024-05-21 09:26:26,734 - INFO - [20480/22599]	Loss  : 0.7993
2024-05-21 09:26:27,796 - INFO - Test loss   : 0.5862
2024-05-21 09:26:27,796 - INFO - 
Epoch	20
2024-05-21 09:26:49,962 - INFO - [20480/22599]	Loss  : 0.7960
2024-05-21 09:26:51,051 - INFO - Test loss   : 0.6216
2024-05-21 09:26:51,059 - INFO - (1100,)
2024-05-21 09:26:51,103 - INFO -  Split ID: 0
2024-05-21 09:26:51,103 - INFO -  Top 1	LocEnc (Epoch 20)acc (%):   3.0
2024-05-21 09:26:51,103 - INFO -  Top 3	LocEnc (Epoch 20)acc (%):   8.36
2024-05-21 09:26:51,103 - INFO -  Top 5	LocEnc (Epoch 20)acc (%):   11.55
2024-05-21 09:26:51,104 - INFO -  Top 10	LocEnc (Epoch 20)acc (%):   17.45
2024-05-21 09:26:51,104 - INFO - 
No prior
2024-05-21 09:26:51,130 - INFO - (24633,)
2024-05-21 09:26:51,786 - INFO -  Split ID: 0
2024-05-21 09:26:51,786 - INFO -  Top 1	(Epoch 20)acc (%):   76.08
2024-05-21 09:26:51,786 - INFO -  Top 3	(Epoch 20)acc (%):   90.98
2024-05-21 09:26:51,786 - INFO -  Top 5	(Epoch 20)acc (%):   94.06
2024-05-21 09:26:51,786 - INFO -  Top 10	(Epoch 20)acc (%):   96.83
2024-05-21 09:27:21,953 - INFO -  Split ID: 0
2024-05-21 09:27:21,953 - INFO -  Top 1	(Epoch 20)acc (%):   81.74
2024-05-21 09:27:21,953 - INFO -  Top 3	(Epoch 20)acc (%):   93.49
2024-05-21 09:27:21,953 - INFO -  Top 5	(Epoch 20)acc (%):   95.81
2024-05-21 09:27:21,953 - INFO -  Top 10	(Epoch 20)acc (%):   97.82
2024-05-21 09:27:21,954 - INFO - 
Epoch	21
2024-05-21 09:27:43,661 - INFO - [20480/22599]	Loss  : 0.7901
2024-05-21 09:27:44,607 - INFO - Test loss   : 0.6409
2024-05-21 09:27:44,607 - INFO - 
Epoch	22
2024-05-21 09:28:06,018 - INFO - [20480/22599]	Loss  : 0.7886
2024-05-21 09:28:07,086 - INFO - Test loss   : 0.6386
2024-05-21 09:28:07,086 - INFO - 
Epoch	23
2024-05-21 09:28:26,476 - INFO - [20480/22599]	Loss  : 0.7830
2024-05-21 09:28:27,262 - INFO - Test loss   : 0.6371
2024-05-21 09:28:27,262 - INFO - 
Epoch	24
2024-05-21 09:28:43,263 - INFO - [20480/22599]	Loss  : 0.7789
2024-05-21 09:28:44,063 - INFO - Test loss   : 0.6756
2024-05-21 09:28:44,063 - INFO - 
Epoch	25
2024-05-21 09:29:01,903 - INFO - [20480/22599]	Loss  : 0.7718
2024-05-21 09:29:02,924 - INFO - Test loss   : 0.6670
2024-05-21 09:29:02,924 - INFO - 
Epoch	26
2024-05-21 09:29:24,519 - INFO - [20480/22599]	Loss  : 0.7717
2024-05-21 09:29:25,552 - INFO - Test loss   : 0.6729
2024-05-21 09:29:25,552 - INFO - 
Epoch	27
2024-05-21 09:29:46,957 - INFO - [20480/22599]	Loss  : 0.7699
2024-05-21 09:29:48,024 - INFO - Test loss   : 0.7193
2024-05-21 09:29:48,024 - INFO - 
Epoch	28
2024-05-21 09:30:09,703 - INFO - [20480/22599]	Loss  : 0.7630
2024-05-21 09:30:10,761 - INFO - Test loss   : 0.6942
2024-05-21 09:30:10,761 - INFO - 
Epoch	29
2024-05-21 09:30:32,501 - INFO - [20480/22599]	Loss  : 0.7574
2024-05-21 09:30:33,568 - INFO - Test loss   : 0.7270
2024-05-21 09:30:33,568 - INFO - Saving output model to ../models/space2vec_grid/model_nabirds_ebird_meta_Space2Vec-grid_inception_v3_0.0100_32_0.1000000_360.000_1_256_BATCH4096_leakyrelu.pth.tar
2024-05-21 09:30:33,581 - INFO - Saving output model to ../models/space2vec_grid/model_nabirds_ebird_meta_Space2Vec-grid_inception_v3_0.0100_32_0.1000000_360.000_1_256_BATCH4096_leakyrelu.pth.tar
2024-05-21 09:30:33,608 - INFO - 
No prior
2024-05-21 09:30:33,635 - INFO - (24633,)
2024-05-21 09:30:34,294 - INFO -  Split ID: 0
2024-05-21 09:30:34,294 - INFO -  Top 1	acc (%):   76.08
2024-05-21 09:30:34,294 - INFO -  Top 3	acc (%):   90.98
2024-05-21 09:30:34,294 - INFO -  Top 5	acc (%):   94.06
2024-05-21 09:30:34,294 - INFO -  Top 10	acc (%):   96.83
2024-05-21 09:31:04,202 - INFO -  Split ID: 0
2024-05-21 09:31:04,202 - INFO -  Top 1	acc (%):   81.7
2024-05-21 09:31:04,202 - INFO -  Top 3	acc (%):   93.43
2024-05-21 09:31:04,202 - INFO -  Top 5	acc (%):   95.76
2024-05-21 09:31:04,203 - INFO -  Top 10	acc (%):   97.7
2024-05-21 09:31:04,203 - INFO - 
Space2Vec-grid
2024-05-21 09:31:04,203 - INFO -  Model :	model_nabirds_ebird_meta_Space2Vec-grid_inception_v3_0.0100_32_0.1000000_360.000_1_256_BATCH4096_leakyrelu.pth.tar
2024-05-21 09:31:04,220 - INFO - (1100,)
2024-05-21 09:31:04,265 - INFO -  Split ID: 0
2024-05-21 09:31:04,265 - INFO -  Top 1	LocEnc acc (%):   2.18
2024-05-21 09:31:04,265 - INFO -  Top 3	LocEnc acc (%):   7.73
2024-05-21 09:31:04,265 - INFO -  Top 5	LocEnc acc (%):   10.91
2024-05-21 09:31:04,266 - INFO -  Top 10	LocEnc acc (%):   17.91
2024-05-31 01:41:57,132 - INFO - 
num_classes	555
2024-05-31 01:41:57,132 - INFO - num train    	22599
2024-05-31 01:41:57,132 - INFO - num val      	1100
2024-05-31 01:41:57,132 - INFO - train loss   	full_loss
2024-05-31 01:41:57,132 - INFO - model name   	../models/space2vec_grid/model_nabirds_ebird_meta_Space2Vec-grid_inception_v3_0.0100_32_0.1000000_360.000_1_256_BATCH4096_leakyrelu.pth.tar
2024-05-31 01:41:57,133 - INFO - num users    	5331
2024-05-31 01:41:57,133 - INFO - meta data    	ebird_meta
2024-05-31 01:41:57,888 - INFO - 
Only Space2Vec-grid
2024-05-31 01:41:57,888 - INFO -  Model :	model_nabirds_ebird_meta_Space2Vec-grid_inception_v3_0.0100_32_0.1000000_360.000_1_256_BATCH4096_leakyrelu.pth.tar
2024-05-31 01:41:57,986 - INFO - Saving output model to ../models/space2vec_grid/model_nabirds_ebird_meta_Space2Vec-grid_inception_v3_0.0100_32_0.1000000_360.000_1_256_BATCH4096_leakyrelu.pth.tar
2024-05-31 01:41:58,028 - INFO - Saving output model to ../models/space2vec_grid/model_nabirds_ebird_meta_Space2Vec-grid_inception_v3_0.0100_32_0.1000000_360.000_1_256_BATCH4096_leakyrelu.pth.tar
2024-05-31 01:41:58,071 - INFO - 
No prior
2024-05-31 01:41:58,102 - INFO - (24633,)
2024-05-31 01:41:59,645 - INFO - Save results to ../eval_results/eval_nabirds_ebird_meta_test_no_prior.csv
2024-05-31 01:41:59,646 - INFO -  Split ID: 0
2024-05-31 01:41:59,646 - INFO -  Top 1	acc (%):   76.08
2024-05-31 01:41:59,646 - INFO -  Top 3	acc (%):   90.98
2024-05-31 01:41:59,646 - INFO -  Top 5	acc (%):   94.06
2024-05-31 01:41:59,646 - INFO -  Top 10	acc (%):   96.83
2024-05-31 01:42:11,714 - INFO -  Split ID: 0
2024-05-31 01:42:11,714 - INFO -  Top 1	hit (%):   81.7
2024-05-31 01:42:11,714 - INFO -  Top 3	hit (%):   93.43
2024-05-31 01:42:11,714 - INFO -  Top 5	hit (%):   95.76
2024-05-31 01:42:11,714 - INFO -  Top 10	hit (%):   97.7
2024-05-31 01:42:11,720 - INFO - 
Only Space2Vec-grid
2024-05-31 01:42:11,720 - INFO -  Model :	model_nabirds_ebird_meta_Space2Vec-grid_inception_v3_0.0100_32_0.1000000_360.000_1_256_BATCH4096_leakyrelu.pth.tar
2024-05-31 01:42:11,756 - INFO - (1100,)
2024-05-31 01:42:11,800 - INFO -  Split ID: 0
2024-05-31 01:42:11,801 - INFO -  Top 1	LocEnc acc (%):   2.18
2024-05-31 01:42:11,801 - INFO -  Top 3	LocEnc acc (%):   7.73
2024-05-31 01:42:11,801 - INFO -  Top 5	LocEnc acc (%):   10.91
2024-05-31 01:42:11,801 - INFO -  Top 10	LocEnc acc (%):   17.91
