2024-05-21 15:18:57,260 - INFO - 
num_classes	62
2024-05-21 15:18:57,260 - INFO - num train    	363571
2024-05-21 15:18:57,260 - INFO - num val      	53041
2024-05-21 15:18:57,260 - INFO - train loss   	full_loss
2024-05-21 15:18:57,260 - INFO - model name   	../models/space2vec_grid/model_fmow_Space2Vec-grid_inception_v3_0.0100_128_0.0200000_360.000_1_512_BATCH8192_leakyrelu.pth.tar
2024-05-21 15:18:57,260 - INFO - num users    	1
2024-05-21 15:18:58,119 - INFO - 
Epoch	0
2024-05-21 15:19:03,277 - INFO - [0/363571]	Loss  : 2.2591
2024-05-21 15:19:41,584 - INFO - Test loss   : 1.0955
2024-05-21 15:19:41,585 - INFO - 
Epoch	1
2024-05-21 15:19:46,261 - INFO - [0/363571]	Loss  : 1.8658
2024-05-21 15:20:25,076 - INFO - Test loss   : 0.5256
2024-05-21 15:20:25,076 - INFO - 
Epoch	2
2024-05-21 15:20:29,724 - INFO - [0/363571]	Loss  : 1.7806
2024-05-21 15:21:08,644 - INFO - Test loss   : 2.6064
2024-05-21 15:21:08,644 - INFO - 
Epoch	3
2024-05-21 15:21:13,209 - INFO - [0/363571]	Loss  : 2.4495
2024-05-21 15:21:53,083 - INFO - Test loss   : 0.5634
2024-05-21 15:21:53,083 - INFO - 
Epoch	4
2024-05-21 15:21:57,691 - INFO - [0/363571]	Loss  : 1.6259
2024-05-21 15:22:36,528 - INFO - Test loss   : 0.2942
2024-05-21 15:22:36,528 - INFO - 
Epoch	5
2024-05-21 15:22:41,173 - INFO - [0/363571]	Loss  : 1.8798
2024-05-21 15:23:20,072 - INFO - Test loss   : 0.3882
2024-05-21 15:23:20,073 - INFO - 
Epoch	6
2024-05-21 15:23:24,735 - INFO - [0/363571]	Loss  : 1.7174
2024-05-21 15:24:02,238 - INFO - Test loss   : 0.6655
2024-05-21 15:24:02,238 - INFO - 
Epoch	7
2024-05-21 15:24:05,329 - INFO - [0/363571]	Loss  : 1.5393
2024-05-21 15:24:44,404 - INFO - Test loss   : 1.0523
2024-05-21 15:24:44,404 - INFO - 
Epoch	8
2024-05-21 15:24:49,180 - INFO - [0/363571]	Loss  : 1.5629
2024-05-21 15:25:28,509 - INFO - Test loss   : 1.1283
2024-05-21 15:25:28,509 - INFO - 
Epoch	9
2024-05-21 15:25:33,201 - INFO - [0/363571]	Loss  : 1.5586
2024-05-21 15:26:12,471 - INFO - Test loss   : 0.8804
2024-05-21 15:26:12,471 - INFO - 
Epoch	10
2024-05-21 15:26:17,247 - INFO - [0/363571]	Loss  : 1.4915
2024-05-21 15:26:56,579 - INFO - Test loss   : 0.6378
2024-05-21 15:26:57,214 - INFO - (53041,)
2024-05-21 15:26:57,368 - INFO -  Split ID: 0
2024-05-21 15:26:57,387 - INFO -  Top 1	LocEnc (Epoch 10)acc (%):   17.98
2024-05-21 15:26:57,389 - INFO -  Top 3	LocEnc (Epoch 10)acc (%):   29.06
2024-05-21 15:26:57,391 - INFO -  Top 5	LocEnc (Epoch 10)acc (%):   36.46
2024-05-21 15:26:57,393 - INFO -  Top 10	LocEnc (Epoch 10)acc (%):   49.08
2024-05-21 15:26:57,399 - INFO - 
No prior
2024-05-21 15:26:57,404 - INFO - (53041,)
2024-05-21 15:26:57,558 - INFO -  Split ID: 0
2024-05-21 15:26:57,559 - INFO -  Top 1	(Epoch 10)acc (%):   69.83
2024-05-21 15:26:57,559 - INFO -  Top 3	(Epoch 10)acc (%):   84.61
2024-05-21 15:26:57,559 - INFO -  Top 5	(Epoch 10)acc (%):   89.23
2024-05-21 15:26:57,559 - INFO -  Top 10	(Epoch 10)acc (%):   94.29
2024-05-21 15:27:37,730 - INFO -  Split ID: 0
2024-05-21 15:27:37,730 - INFO -  Top 1	(Epoch 10)acc (%):   70.27
2024-05-21 15:27:37,730 - INFO -  Top 3	(Epoch 10)acc (%):   85.0
2024-05-21 15:27:37,731 - INFO -  Top 5	(Epoch 10)acc (%):   89.6
2024-05-21 15:27:37,731 - INFO -  Top 10	(Epoch 10)acc (%):   94.51
2024-05-21 15:27:37,731 - INFO - 
Epoch	11
2024-05-21 15:27:42,389 - INFO - [0/363571]	Loss  : 1.4817
2024-05-21 15:28:21,723 - INFO - Test loss   : 0.5646
2024-05-21 15:28:21,723 - INFO - 
Epoch	12
2024-05-21 15:28:26,405 - INFO - [0/363571]	Loss  : 1.4819
2024-05-21 15:29:05,795 - INFO - Test loss   : 0.6300
2024-05-21 15:29:05,795 - INFO - 
Epoch	13
2024-05-21 15:29:10,430 - INFO - [0/363571]	Loss  : 1.4468
2024-05-21 15:29:49,726 - INFO - Test loss   : 0.7556
2024-05-21 15:29:49,726 - INFO - 
Epoch	14
2024-05-21 15:29:54,519 - INFO - [0/363571]	Loss  : 1.4109
2024-05-21 15:30:34,528 - INFO - Test loss   : 0.8544
2024-05-21 15:30:34,529 - INFO - 
Epoch	15
2024-05-21 15:30:39,280 - INFO - [0/363571]	Loss  : 1.4009
2024-05-21 15:31:18,537 - INFO - Test loss   : 0.8636
2024-05-21 15:31:18,537 - INFO - 
Epoch	16
2024-05-21 15:31:23,176 - INFO - [0/363571]	Loss  : 1.4028
2024-05-21 15:32:02,345 - INFO - Test loss   : 0.7883
2024-05-21 15:32:02,345 - INFO - 
Epoch	17
2024-05-21 15:32:07,067 - INFO - [0/363571]	Loss  : 1.3725
2024-05-21 15:32:46,360 - INFO - Test loss   : 0.6961
2024-05-21 15:32:46,360 - INFO - 
Epoch	18
2024-05-21 15:32:51,041 - INFO - [0/363571]	Loss  : 1.3628
2024-05-21 15:33:30,317 - INFO - Test loss   : 0.6309
2024-05-21 15:33:30,317 - INFO - 
Epoch	19
2024-05-21 15:33:34,992 - INFO - [0/363571]	Loss  : 1.3497
2024-05-21 15:34:14,421 - INFO - Test loss   : 0.6064
2024-05-21 15:34:14,421 - INFO - 
Epoch	20
2024-05-21 15:34:19,051 - INFO - [0/363571]	Loss  : 1.3543
2024-05-21 15:34:58,449 - INFO - Test loss   : 0.6167
2024-05-21 15:34:59,069 - INFO - (53041,)
2024-05-21 15:34:59,223 - INFO -  Split ID: 0
2024-05-21 15:34:59,245 - INFO -  Top 1	LocEnc (Epoch 20)acc (%):   17.12
2024-05-21 15:34:59,247 - INFO -  Top 3	LocEnc (Epoch 20)acc (%):   30.5
2024-05-21 15:34:59,248 - INFO -  Top 5	LocEnc (Epoch 20)acc (%):   37.86
2024-05-21 15:34:59,250 - INFO -  Top 10	LocEnc (Epoch 20)acc (%):   51.84
2024-05-21 15:34:59,256 - INFO - 
No prior
2024-05-21 15:34:59,261 - INFO - (53041,)
2024-05-21 15:34:59,414 - INFO -  Split ID: 0
2024-05-21 15:34:59,415 - INFO -  Top 1	(Epoch 20)acc (%):   69.83
2024-05-21 15:34:59,415 - INFO -  Top 3	(Epoch 20)acc (%):   84.61
2024-05-21 15:34:59,415 - INFO -  Top 5	(Epoch 20)acc (%):   89.23
2024-05-21 15:34:59,415 - INFO -  Top 10	(Epoch 20)acc (%):   94.29
2024-05-21 15:35:39,610 - INFO -  Split ID: 0
2024-05-21 15:35:39,611 - INFO -  Top 1	(Epoch 20)acc (%):   70.36
2024-05-21 15:35:39,611 - INFO -  Top 3	(Epoch 20)acc (%):   85.07
2024-05-21 15:35:39,611 - INFO -  Top 5	(Epoch 20)acc (%):   89.66
2024-05-21 15:35:39,611 - INFO -  Top 10	(Epoch 20)acc (%):   94.54
2024-05-21 15:35:39,611 - INFO - 
Epoch	21
2024-05-21 15:35:44,310 - INFO - [0/363571]	Loss  : 1.3399
2024-05-21 15:36:23,662 - INFO - Test loss   : 0.6500
2024-05-21 15:36:23,662 - INFO - 
Epoch	22
2024-05-21 15:36:28,391 - INFO - [0/363571]	Loss  : 1.3226
2024-05-21 15:37:07,687 - INFO - Test loss   : 0.6921
2024-05-21 15:37:07,687 - INFO - 
Epoch	23
2024-05-21 15:37:12,356 - INFO - [0/363571]	Loss  : 1.3164
2024-05-21 15:37:51,596 - INFO - Test loss   : 0.7218
2024-05-21 15:37:51,596 - INFO - 
Epoch	24
2024-05-21 15:37:56,351 - INFO - [0/363571]	Loss  : 1.3133
2024-05-21 15:38:35,593 - INFO - Test loss   : 0.7230
2024-05-21 15:38:35,594 - INFO - 
Epoch	25
2024-05-21 15:38:40,299 - INFO - [0/363571]	Loss  : 1.3100
2024-05-21 15:39:20,446 - INFO - Test loss   : 0.6973
2024-05-21 15:39:20,447 - INFO - 
Epoch	26
2024-05-21 15:39:24,690 - INFO - [0/363571]	Loss  : 1.3078
2024-05-21 15:40:04,007 - INFO - Test loss   : 0.6627
2024-05-21 15:40:04,008 - INFO - 
Epoch	27
2024-05-21 15:40:08,693 - INFO - [0/363571]	Loss  : 1.3030
2024-05-21 15:40:44,676 - INFO - Test loss   : 0.6344
2024-05-21 15:40:44,676 - INFO - 
Epoch	28
2024-05-21 15:40:49,332 - INFO - [0/363571]	Loss  : 1.2763
2024-05-21 15:41:28,516 - INFO - Test loss   : 0.6209
2024-05-21 15:41:28,516 - INFO - 
Epoch	29
2024-05-21 15:41:33,199 - INFO - [0/363571]	Loss  : 1.2909
2024-05-21 15:42:12,264 - INFO - Test loss   : 0.6215
2024-05-21 15:42:12,264 - INFO - 
Epoch	30
2024-05-21 15:42:16,892 - INFO - [0/363571]	Loss  : 1.2700
2024-05-21 15:42:56,001 - INFO - Test loss   : 0.6338
2024-05-21 15:42:56,546 - INFO - (53041,)
2024-05-21 15:42:56,699 - INFO -  Split ID: 0
2024-05-21 15:42:56,718 - INFO -  Top 1	LocEnc (Epoch 30)acc (%):   17.61
2024-05-21 15:42:56,719 - INFO -  Top 3	LocEnc (Epoch 30)acc (%):   30.42
2024-05-21 15:42:56,721 - INFO -  Top 5	LocEnc (Epoch 30)acc (%):   38.64
2024-05-21 15:42:56,723 - INFO -  Top 10	LocEnc (Epoch 30)acc (%):   52.01
2024-05-21 15:42:56,729 - INFO - 
No prior
2024-05-21 15:42:56,734 - INFO - (53041,)
2024-05-21 15:42:56,886 - INFO -  Split ID: 0
2024-05-21 15:42:56,886 - INFO -  Top 1	(Epoch 30)acc (%):   69.83
2024-05-21 15:42:56,886 - INFO -  Top 3	(Epoch 30)acc (%):   84.61
2024-05-21 15:42:56,887 - INFO -  Top 5	(Epoch 30)acc (%):   89.23
2024-05-21 15:42:56,887 - INFO -  Top 10	(Epoch 30)acc (%):   94.29
2024-05-21 15:43:37,039 - INFO -  Split ID: 0
2024-05-21 15:43:37,040 - INFO -  Top 1	(Epoch 30)acc (%):   70.48
2024-05-21 15:43:37,040 - INFO -  Top 3	(Epoch 30)acc (%):   85.2
2024-05-21 15:43:37,040 - INFO -  Top 5	(Epoch 30)acc (%):   89.76
2024-05-21 15:43:37,040 - INFO -  Top 10	(Epoch 30)acc (%):   94.61
2024-05-21 15:43:37,040 - INFO - 
Epoch	31
2024-05-21 15:43:41,786 - INFO - [0/363571]	Loss  : 1.2742
2024-05-21 15:44:20,894 - INFO - Test loss   : 0.6509
2024-05-21 15:44:20,895 - INFO - 
Epoch	32
2024-05-21 15:44:25,515 - INFO - [0/363571]	Loss  : 1.2835
2024-05-21 15:45:04,648 - INFO - Test loss   : 0.6662
2024-05-21 15:45:04,648 - INFO - 
Epoch	33
2024-05-21 15:45:09,395 - INFO - [0/363571]	Loss  : 1.2579
2024-05-21 15:45:48,505 - INFO - Test loss   : 0.6717
2024-05-21 15:45:48,505 - INFO - 
Epoch	34
2024-05-21 15:45:53,162 - INFO - [0/363571]	Loss  : 1.2605
2024-05-21 15:46:32,273 - INFO - Test loss   : 0.6630
2024-05-21 15:46:32,273 - INFO - 
Epoch	35
2024-05-21 15:46:36,914 - INFO - [0/363571]	Loss  : 1.2513
2024-05-21 15:47:16,258 - INFO - Test loss   : 0.6485
2024-05-21 15:47:16,258 - INFO - 
Epoch	36
2024-05-21 15:47:21,266 - INFO - [0/363571]	Loss  : 1.2442
2024-05-21 15:48:00,808 - INFO - Test loss   : 0.6320
2024-05-21 15:48:00,808 - INFO - 
Epoch	37
2024-05-21 15:48:05,489 - INFO - [0/363571]	Loss  : 1.2475
2024-05-21 15:48:44,444 - INFO - Test loss   : 0.6186
2024-05-21 15:48:44,444 - INFO - 
Epoch	38
2024-05-21 15:48:49,177 - INFO - [0/363571]	Loss  : 1.2388
2024-05-21 15:49:28,241 - INFO - Test loss   : 0.6134
2024-05-21 15:49:28,241 - INFO - 
Epoch	39
2024-05-21 15:49:32,829 - INFO - [0/363571]	Loss  : 1.2341
2024-05-21 15:50:11,928 - INFO - Test loss   : 0.6158
2024-05-21 15:50:11,928 - INFO - 
Epoch	40
2024-05-21 15:50:16,662 - INFO - [0/363571]	Loss  : 1.2379
2024-05-21 15:50:55,750 - INFO - Test loss   : 0.6238
2024-05-21 15:50:56,344 - INFO - (53041,)
2024-05-21 15:50:56,494 - INFO -  Split ID: 0
2024-05-21 15:50:56,513 - INFO -  Top 1	LocEnc (Epoch 40)acc (%):   18.42
2024-05-21 15:50:56,515 - INFO -  Top 3	LocEnc (Epoch 40)acc (%):   31.72
2024-05-21 15:50:56,516 - INFO -  Top 5	LocEnc (Epoch 40)acc (%):   39.63
2024-05-21 15:50:56,518 - INFO -  Top 10	LocEnc (Epoch 40)acc (%):   53.61
2024-05-21 15:50:56,524 - INFO - 
No prior
2024-05-21 15:50:56,529 - INFO - (53041,)
2024-05-21 15:50:56,685 - INFO -  Split ID: 0
2024-05-21 15:50:56,685 - INFO -  Top 1	(Epoch 40)acc (%):   69.83
2024-05-21 15:50:56,685 - INFO -  Top 3	(Epoch 40)acc (%):   84.61
2024-05-21 15:50:56,685 - INFO -  Top 5	(Epoch 40)acc (%):   89.23
2024-05-21 15:50:56,685 - INFO -  Top 10	(Epoch 40)acc (%):   94.29
2024-05-21 15:51:36,843 - INFO -  Split ID: 0
2024-05-21 15:51:36,843 - INFO -  Top 1	(Epoch 40)acc (%):   70.51
2024-05-21 15:51:36,844 - INFO -  Top 3	(Epoch 40)acc (%):   85.2
2024-05-21 15:51:36,844 - INFO -  Top 5	(Epoch 40)acc (%):   89.8
2024-05-21 15:51:36,844 - INFO -  Top 10	(Epoch 40)acc (%):   94.65
2024-05-21 15:51:36,844 - INFO - 
Epoch	41
2024-05-21 15:51:41,517 - INFO - [0/363571]	Loss  : 1.2438
2024-05-21 15:52:20,605 - INFO - Test loss   : 0.6318
2024-05-21 15:52:20,605 - INFO - 
Epoch	42
2024-05-21 15:52:25,382 - INFO - [0/363571]	Loss  : 1.2340
2024-05-21 15:53:04,574 - INFO - Test loss   : 0.6372
2024-05-21 15:53:04,574 - INFO - 
Epoch	43
2024-05-21 15:53:09,210 - INFO - [0/363571]	Loss  : 1.2271
2024-05-21 15:53:48,468 - INFO - Test loss   : 0.6377
2024-05-21 15:53:48,468 - INFO - 
Epoch	44
2024-05-21 15:53:53,110 - INFO - [0/363571]	Loss  : 1.2239
2024-05-21 15:54:32,598 - INFO - Test loss   : 0.6342
2024-05-21 15:54:32,598 - INFO - 
Epoch	45
2024-05-21 15:54:37,319 - INFO - [0/363571]	Loss  : 1.2268
2024-05-21 15:55:16,583 - INFO - Test loss   : 0.6263
2024-05-21 15:55:16,583 - INFO - 
Epoch	46
2024-05-21 15:55:21,223 - INFO - [0/363571]	Loss  : 1.2250
2024-05-21 15:56:01,266 - INFO - Test loss   : 0.6164
2024-05-21 15:56:01,266 - INFO - 
Epoch	47
2024-05-21 15:56:05,987 - INFO - [0/363571]	Loss  : 1.2202
2024-05-21 15:56:45,053 - INFO - Test loss   : 0.6077
2024-05-21 15:56:45,054 - INFO - 
Epoch	48
2024-05-21 15:56:48,978 - INFO - [0/363571]	Loss  : 1.2196
2024-05-21 15:57:26,031 - INFO - Test loss   : 0.6026
2024-05-21 15:57:26,031 - INFO - 
Epoch	49
2024-05-21 15:57:30,767 - INFO - [0/363571]	Loss  : 1.2163
2024-05-21 15:58:09,622 - INFO - Test loss   : 0.6014
2024-05-21 15:58:09,622 - INFO - 
Epoch	50
2024-05-21 15:58:14,180 - INFO - [0/363571]	Loss  : 1.2009
2024-05-21 15:58:53,103 - INFO - Test loss   : 0.6062
2024-05-21 15:58:53,710 - INFO - (53041,)
2024-05-21 15:58:53,859 - INFO -  Split ID: 0
2024-05-21 15:58:53,878 - INFO -  Top 1	LocEnc (Epoch 50)acc (%):   18.66
2024-05-21 15:58:53,880 - INFO -  Top 3	LocEnc (Epoch 50)acc (%):   32.7
2024-05-21 15:58:53,881 - INFO -  Top 5	LocEnc (Epoch 50)acc (%):   40.56
2024-05-21 15:58:53,883 - INFO -  Top 10	LocEnc (Epoch 50)acc (%):   55.26
2024-05-21 15:58:53,889 - INFO - 
No prior
2024-05-21 15:58:53,894 - INFO - (53041,)
2024-05-21 15:58:54,048 - INFO -  Split ID: 0
2024-05-21 15:58:54,049 - INFO -  Top 1	(Epoch 50)acc (%):   69.83
2024-05-21 15:58:54,049 - INFO -  Top 3	(Epoch 50)acc (%):   84.61
2024-05-21 15:58:54,049 - INFO -  Top 5	(Epoch 50)acc (%):   89.23
2024-05-21 15:58:54,049 - INFO -  Top 10	(Epoch 50)acc (%):   94.29
2024-05-21 15:59:34,164 - INFO -  Split ID: 0
2024-05-21 15:59:34,183 - INFO -  Top 1	(Epoch 50)acc (%):   70.52
2024-05-21 15:59:34,183 - INFO -  Top 3	(Epoch 50)acc (%):   85.26
2024-05-21 15:59:34,184 - INFO -  Top 5	(Epoch 50)acc (%):   89.83
2024-05-21 15:59:34,184 - INFO -  Top 10	(Epoch 50)acc (%):   94.7
2024-05-21 15:59:34,184 - INFO - 
Epoch	51
2024-05-21 15:59:38,814 - INFO - [0/363571]	Loss  : 1.2043
2024-05-21 16:00:17,691 - INFO - Test loss   : 0.6145
2024-05-21 16:00:17,691 - INFO - 
Epoch	52
2024-05-21 16:00:22,356 - INFO - [0/363571]	Loss  : 1.2123
2024-05-21 16:01:01,262 - INFO - Test loss   : 0.6217
2024-05-21 16:01:01,263 - INFO - 
Epoch	53
2024-05-21 16:01:05,879 - INFO - [0/363571]	Loss  : 1.1984
2024-05-21 16:01:44,735 - INFO - Test loss   : 0.6267
2024-05-21 16:01:44,736 - INFO - 
Epoch	54
2024-05-21 16:01:49,469 - INFO - [0/363571]	Loss  : 1.2070
2024-05-21 16:02:28,428 - INFO - Test loss   : 0.6272
2024-05-21 16:02:28,428 - INFO - 
Epoch	55
2024-05-21 16:02:33,023 - INFO - [0/363571]	Loss  : 1.1932
2024-05-21 16:03:11,854 - INFO - Test loss   : 0.6253
2024-05-21 16:03:11,855 - INFO - 
Epoch	56
2024-05-21 16:03:16,602 - INFO - [0/363571]	Loss  : 1.1933
2024-05-21 16:03:53,619 - INFO - Test loss   : 0.6197
2024-05-21 16:03:53,619 - INFO - 
Epoch	57
2024-05-21 16:03:58,186 - INFO - [0/363571]	Loss  : 1.2033
2024-05-21 16:04:37,009 - INFO - Test loss   : 0.6113
2024-05-21 16:04:37,009 - INFO - 
Epoch	58
2024-05-21 16:04:41,729 - INFO - [0/363571]	Loss  : 1.1928
2024-05-21 16:05:20,579 - INFO - Test loss   : 0.6033
2024-05-21 16:05:20,579 - INFO - 
Epoch	59
2024-05-21 16:05:25,216 - INFO - [0/363571]	Loss  : 1.1772
2024-05-21 16:06:04,167 - INFO - Test loss   : 0.5981
2024-05-21 16:06:04,168 - INFO - 
Epoch	60
2024-05-21 16:06:08,754 - INFO - [0/363571]	Loss  : 1.1827
2024-05-21 16:06:47,748 - INFO - Test loss   : 0.5971
2024-05-21 16:06:48,374 - INFO - (53041,)
2024-05-21 16:06:48,528 - INFO -  Split ID: 0
2024-05-21 16:06:48,547 - INFO -  Top 1	LocEnc (Epoch 60)acc (%):   19.63
2024-05-21 16:06:48,549 - INFO -  Top 3	LocEnc (Epoch 60)acc (%):   32.65
2024-05-21 16:06:48,551 - INFO -  Top 5	LocEnc (Epoch 60)acc (%):   41.08
2024-05-21 16:06:48,553 - INFO -  Top 10	LocEnc (Epoch 60)acc (%):   55.27
2024-05-21 16:06:48,559 - INFO - 
No prior
2024-05-21 16:06:48,564 - INFO - (53041,)
2024-05-21 16:06:48,716 - INFO -  Split ID: 0
2024-05-21 16:06:48,716 - INFO -  Top 1	(Epoch 60)acc (%):   69.83
2024-05-21 16:06:48,717 - INFO -  Top 3	(Epoch 60)acc (%):   84.61
2024-05-21 16:06:48,717 - INFO -  Top 5	(Epoch 60)acc (%):   89.23
2024-05-21 16:06:48,717 - INFO -  Top 10	(Epoch 60)acc (%):   94.29
2024-05-21 16:07:28,821 - INFO -  Split ID: 0
2024-05-21 16:07:28,821 - INFO -  Top 1	(Epoch 60)acc (%):   70.57
2024-05-21 16:07:28,821 - INFO -  Top 3	(Epoch 60)acc (%):   85.28
2024-05-21 16:07:28,821 - INFO -  Top 5	(Epoch 60)acc (%):   89.85
2024-05-21 16:07:28,821 - INFO -  Top 10	(Epoch 60)acc (%):   94.69
2024-05-21 16:07:28,822 - INFO - 
Epoch	61
2024-05-21 16:07:33,434 - INFO - [0/363571]	Loss  : 1.1876
2024-05-21 16:08:11,678 - INFO - Test loss   : 0.6001
2024-05-21 16:08:11,678 - INFO - 
Epoch	62
2024-05-21 16:08:15,914 - INFO - [0/363571]	Loss  : 1.1781
2024-05-21 16:08:54,498 - INFO - Test loss   : 0.6065
2024-05-21 16:08:54,498 - INFO - 
Epoch	63
2024-05-21 16:08:59,187 - INFO - [0/363571]	Loss  : 1.1819
2024-05-21 16:09:37,928 - INFO - Test loss   : 0.6119
2024-05-21 16:09:37,928 - INFO - 
Epoch	64
2024-05-21 16:09:42,662 - INFO - [0/363571]	Loss  : 1.1753
2024-05-21 16:10:21,426 - INFO - Test loss   : 0.6157
2024-05-21 16:10:21,426 - INFO - 
Epoch	65
2024-05-21 16:10:26,102 - INFO - [0/363571]	Loss  : 1.1802
2024-05-21 16:11:04,961 - INFO - Test loss   : 0.6164
2024-05-21 16:11:04,961 - INFO - 
Epoch	66
2024-05-21 16:11:09,694 - INFO - [0/363571]	Loss  : 1.1701
2024-05-21 16:11:48,482 - INFO - Test loss   : 0.6152
2024-05-21 16:11:48,482 - INFO - 
Epoch	67
2024-05-21 16:11:53,088 - INFO - [0/363571]	Loss  : 1.1740
2024-05-21 16:12:32,002 - INFO - Test loss   : 0.6122
2024-05-21 16:12:32,002 - INFO - 
Epoch	68
2024-05-21 16:12:36,632 - INFO - [0/363571]	Loss  : 1.1698
2024-05-21 16:13:16,363 - INFO - Test loss   : 0.6080
2024-05-21 16:13:16,363 - INFO - 
Epoch	69
2024-05-21 16:13:20,955 - INFO - [0/363571]	Loss  : 1.1648
2024-05-21 16:13:48,906 - INFO - Test loss   : 0.6044
2024-05-21 16:13:48,906 - INFO - 
Epoch	70
2024-05-21 16:13:52,715 - INFO - [0/363571]	Loss  : 1.1730
2024-05-21 16:14:18,297 - INFO - Test loss   : 0.5995
2024-05-21 16:14:18,898 - INFO - (53041,)
2024-05-21 16:14:19,097 - INFO -  Split ID: 0
2024-05-21 16:14:19,115 - INFO -  Top 1	LocEnc (Epoch 70)acc (%):   19.7
2024-05-21 16:14:19,117 - INFO -  Top 3	LocEnc (Epoch 70)acc (%):   33.27
2024-05-21 16:14:19,119 - INFO -  Top 5	LocEnc (Epoch 70)acc (%):   41.35
2024-05-21 16:14:19,120 - INFO -  Top 10	LocEnc (Epoch 70)acc (%):   55.67
2024-05-21 16:14:19,127 - INFO - 
No prior
2024-05-21 16:14:19,132 - INFO - (53041,)
2024-05-21 16:14:19,596 - INFO -  Split ID: 0
2024-05-21 16:14:19,597 - INFO -  Top 1	(Epoch 70)acc (%):   69.83
2024-05-21 16:14:19,597 - INFO -  Top 3	(Epoch 70)acc (%):   84.61
2024-05-21 16:14:19,597 - INFO -  Top 5	(Epoch 70)acc (%):   89.23
2024-05-21 16:14:19,597 - INFO -  Top 10	(Epoch 70)acc (%):   94.29
2024-05-21 16:14:57,346 - INFO -  Split ID: 0
2024-05-21 16:14:57,347 - INFO -  Top 1	(Epoch 70)acc (%):   70.62
2024-05-21 16:14:57,347 - INFO -  Top 3	(Epoch 70)acc (%):   85.29
2024-05-21 16:14:57,347 - INFO -  Top 5	(Epoch 70)acc (%):   89.86
2024-05-21 16:14:57,347 - INFO -  Top 10	(Epoch 70)acc (%):   94.72
2024-05-21 16:14:57,348 - INFO - 
Epoch	71
2024-05-21 16:15:00,437 - INFO - [0/363571]	Loss  : 1.1678
2024-05-21 16:15:26,490 - INFO - Test loss   : 0.5955
2024-05-21 16:15:26,490 - INFO - 
Epoch	72
2024-05-21 16:15:29,722 - INFO - [0/363571]	Loss  : 1.1672
2024-05-21 16:15:55,820 - INFO - Test loss   : 0.5948
2024-05-21 16:15:55,820 - INFO - 
Epoch	73
2024-05-21 16:15:59,546 - INFO - [0/363571]	Loss  : 1.1676
2024-05-21 16:16:25,800 - INFO - Test loss   : 0.5977
2024-05-21 16:16:25,800 - INFO - 
Epoch	74
2024-05-21 16:16:29,407 - INFO - [0/363571]	Loss  : 1.1622
2024-05-21 16:16:56,299 - INFO - Test loss   : 0.6016
2024-05-21 16:16:56,299 - INFO - 
Epoch	75
2024-05-21 16:16:59,796 - INFO - [0/363571]	Loss  : 1.1558
2024-05-21 16:17:25,705 - INFO - Test loss   : 0.6073
2024-05-21 16:17:25,705 - INFO - 
Epoch	76
2024-05-21 16:17:29,016 - INFO - [0/363571]	Loss  : 1.1667
2024-05-21 16:17:56,868 - INFO - Test loss   : 0.6121
2024-05-21 16:17:56,868 - INFO - 
Epoch	77
2024-05-21 16:18:00,355 - INFO - [0/363571]	Loss  : 1.1659
2024-05-21 16:18:26,592 - INFO - Test loss   : 0.6121
2024-05-21 16:18:26,592 - INFO - 
Epoch	78
2024-05-21 16:18:29,825 - INFO - [0/363571]	Loss  : 1.1611
2024-05-21 16:18:55,040 - INFO - Test loss   : 0.6108
2024-05-21 16:18:55,040 - INFO - 
Epoch	79
2024-05-21 16:18:58,254 - INFO - [0/363571]	Loss  : 1.1718
2024-05-21 16:19:24,200 - INFO - Test loss   : 0.6075
2024-05-21 16:19:24,200 - INFO - 
Epoch	80
2024-05-21 16:19:27,307 - INFO - [0/363571]	Loss  : 1.1423
2024-05-21 16:19:52,676 - INFO - Test loss   : 0.6048
2024-05-21 16:19:53,260 - INFO - (53041,)
2024-05-21 16:19:53,412 - INFO -  Split ID: 0
2024-05-21 16:19:53,430 - INFO -  Top 1	LocEnc (Epoch 80)acc (%):   19.99
2024-05-21 16:19:53,432 - INFO -  Top 3	LocEnc (Epoch 80)acc (%):   33.45
2024-05-21 16:19:53,434 - INFO -  Top 5	LocEnc (Epoch 80)acc (%):   41.57
2024-05-21 16:19:53,435 - INFO -  Top 10	LocEnc (Epoch 80)acc (%):   56.09
2024-05-21 16:19:53,441 - INFO - 
No prior
2024-05-21 16:19:53,446 - INFO - (53041,)
2024-05-21 16:19:53,604 - INFO -  Split ID: 0
2024-05-21 16:19:53,604 - INFO -  Top 1	(Epoch 80)acc (%):   69.83
2024-05-21 16:19:53,604 - INFO -  Top 3	(Epoch 80)acc (%):   84.61
2024-05-21 16:19:53,604 - INFO -  Top 5	(Epoch 80)acc (%):   89.23
2024-05-21 16:19:53,604 - INFO -  Top 10	(Epoch 80)acc (%):   94.29
2024-05-21 16:20:29,449 - INFO -  Split ID: 0
2024-05-21 16:20:29,449 - INFO -  Top 1	(Epoch 80)acc (%):   70.63
2024-05-21 16:20:29,449 - INFO -  Top 3	(Epoch 80)acc (%):   85.32
2024-05-21 16:20:29,449 - INFO -  Top 5	(Epoch 80)acc (%):   89.86
2024-05-21 16:20:29,449 - INFO -  Top 10	(Epoch 80)acc (%):   94.74
2024-05-21 16:20:29,450 - INFO - 
Epoch	81
2024-05-21 16:20:32,719 - INFO - [0/363571]	Loss  : 1.1505
2024-05-21 16:20:57,771 - INFO - Test loss   : 0.6030
2024-05-21 16:20:57,771 - INFO - 
Epoch	82
2024-05-21 16:21:00,896 - INFO - [0/363571]	Loss  : 1.1596
2024-05-21 16:21:25,688 - INFO - Test loss   : 0.6010
2024-05-21 16:21:25,688 - INFO - 
Epoch	83
2024-05-21 16:21:28,780 - INFO - [0/363571]	Loss  : 1.1544
2024-05-21 16:21:54,570 - INFO - Test loss   : 0.6007
2024-05-21 16:21:54,570 - INFO - 
Epoch	84
2024-05-21 16:21:57,258 - INFO - [0/363571]	Loss  : 1.1451
2024-05-21 16:22:22,656 - INFO - Test loss   : 0.6015
2024-05-21 16:22:22,656 - INFO - 
Epoch	85
2024-05-21 16:22:25,666 - INFO - [0/363571]	Loss  : 1.1586
2024-05-21 16:22:50,552 - INFO - Test loss   : 0.6024
2024-05-21 16:22:50,552 - INFO - 
Epoch	86
2024-05-21 16:22:53,770 - INFO - [0/363571]	Loss  : 1.1509
2024-05-21 16:23:20,303 - INFO - Test loss   : 0.6011
2024-05-21 16:23:20,303 - INFO - 
Epoch	87
2024-05-21 16:23:23,500 - INFO - [0/363571]	Loss  : 1.1428
2024-05-21 16:23:48,557 - INFO - Test loss   : 0.6005
2024-05-21 16:23:48,557 - INFO - 
Epoch	88
2024-05-21 16:23:51,786 - INFO - [0/363571]	Loss  : 1.1515
2024-05-21 16:24:17,691 - INFO - Test loss   : 0.5981
2024-05-21 16:24:17,691 - INFO - 
Epoch	89
2024-05-21 16:24:20,828 - INFO - [0/363571]	Loss  : 1.1479
2024-05-21 16:24:47,028 - INFO - Test loss   : 0.5947
2024-05-21 16:24:47,028 - INFO - 
Epoch	90
2024-05-21 16:24:50,256 - INFO - [0/363571]	Loss  : 1.1527
2024-05-21 16:25:15,166 - INFO - Test loss   : 0.5903
2024-05-21 16:25:15,780 - INFO - (53041,)
2024-05-21 16:25:15,934 - INFO -  Split ID: 0
2024-05-21 16:25:15,954 - INFO -  Top 1	LocEnc (Epoch 90)acc (%):   19.75
2024-05-21 16:25:15,955 - INFO -  Top 3	LocEnc (Epoch 90)acc (%):   33.95
2024-05-21 16:25:15,957 - INFO -  Top 5	LocEnc (Epoch 90)acc (%):   42.61
2024-05-21 16:25:15,959 - INFO -  Top 10	LocEnc (Epoch 90)acc (%):   56.83
2024-05-21 16:25:15,965 - INFO - 
No prior
2024-05-21 16:25:15,970 - INFO - (53041,)
2024-05-21 16:25:16,121 - INFO -  Split ID: 0
2024-05-21 16:25:16,122 - INFO -  Top 1	(Epoch 90)acc (%):   69.83
2024-05-21 16:25:16,122 - INFO -  Top 3	(Epoch 90)acc (%):   84.61
2024-05-21 16:25:16,122 - INFO -  Top 5	(Epoch 90)acc (%):   89.23
2024-05-21 16:25:16,122 - INFO -  Top 10	(Epoch 90)acc (%):   94.29
2024-05-21 16:25:53,933 - INFO -  Split ID: 0
2024-05-21 16:25:53,933 - INFO -  Top 1	(Epoch 90)acc (%):   70.65
2024-05-21 16:25:53,934 - INFO -  Top 3	(Epoch 90)acc (%):   85.35
2024-05-21 16:25:53,934 - INFO -  Top 5	(Epoch 90)acc (%):   89.86
2024-05-21 16:25:53,934 - INFO -  Top 10	(Epoch 90)acc (%):   94.75
2024-05-21 16:25:53,934 - INFO - 
Epoch	91
2024-05-21 16:25:56,617 - INFO - [0/363571]	Loss  : 1.1420
2024-05-21 16:26:22,481 - INFO - Test loss   : 0.5872
2024-05-21 16:26:22,481 - INFO - 
Epoch	92
2024-05-21 16:26:25,431 - INFO - [0/363571]	Loss  : 1.1426
2024-05-21 16:26:52,392 - INFO - Test loss   : 0.5861
2024-05-21 16:26:52,392 - INFO - 
Epoch	93
2024-05-21 16:26:55,509 - INFO - [0/363571]	Loss  : 1.1390
2024-05-21 16:27:20,721 - INFO - Test loss   : 0.5877
2024-05-21 16:27:20,721 - INFO - 
Epoch	94
2024-05-21 16:27:24,152 - INFO - [0/363571]	Loss  : 1.1356
2024-05-21 16:27:50,767 - INFO - Test loss   : 0.5916
2024-05-21 16:27:50,768 - INFO - 
Epoch	95
2024-05-21 16:27:53,978 - INFO - [0/363571]	Loss  : 1.1400
2024-05-21 16:28:19,062 - INFO - Test loss   : 0.5966
2024-05-21 16:28:19,062 - INFO - 
Epoch	96
2024-05-21 16:28:22,171 - INFO - [0/363571]	Loss  : 1.1311
2024-05-21 16:28:48,650 - INFO - Test loss   : 0.6022
2024-05-21 16:28:48,650 - INFO - 
Epoch	97
2024-05-21 16:28:51,864 - INFO - [0/363571]	Loss  : 1.1300
2024-05-21 16:29:17,948 - INFO - Test loss   : 0.6060
2024-05-21 16:29:17,948 - INFO - 
Epoch	98
2024-05-21 16:29:21,082 - INFO - [0/363571]	Loss  : 1.1411
2024-05-21 16:29:46,303 - INFO - Test loss   : 0.6075
2024-05-21 16:29:46,303 - INFO - 
Epoch	99
2024-05-21 16:29:49,408 - INFO - [0/363571]	Loss  : 1.1275
2024-05-21 16:30:15,419 - INFO - Test loss   : 0.6072
2024-05-21 16:30:15,419 - INFO - Saving output model to ../models/space2vec_grid/model_fmow_Space2Vec-grid_inception_v3_0.0100_128_0.0200000_360.000_1_512_BATCH8192_leakyrelu.pth.tar
2024-05-21 16:30:15,429 - INFO - Saving output model to ../models/space2vec_grid/model_fmow_Space2Vec-grid_inception_v3_0.0100_128_0.0200000_360.000_1_512_BATCH8192_leakyrelu.pth.tar
2024-05-21 16:30:15,456 - INFO - 
No prior
2024-05-21 16:30:15,461 - INFO - (53041,)
2024-05-21 16:30:15,615 - INFO -  Split ID: 0
2024-05-21 16:30:15,615 - INFO -  Top 1	acc (%):   69.83
2024-05-21 16:30:15,615 - INFO -  Top 3	acc (%):   84.61
2024-05-21 16:30:15,615 - INFO -  Top 5	acc (%):   89.23
2024-05-21 16:30:15,615 - INFO -  Top 10	acc (%):   94.29
2024-05-21 16:30:53,475 - INFO -  Split ID: 0
2024-05-21 16:30:53,476 - INFO -  Top 1	acc (%):   70.68
2024-05-21 16:30:53,476 - INFO -  Top 3	acc (%):   85.36
2024-05-21 16:30:53,476 - INFO -  Top 5	acc (%):   89.89
2024-05-21 16:30:53,476 - INFO -  Top 10	acc (%):   94.76
2024-05-21 16:30:53,477 - INFO - 
Space2Vec-grid
2024-05-21 16:30:53,477 - INFO -  Model :	model_fmow_Space2Vec-grid_inception_v3_0.0100_128_0.0200000_360.000_1_512_BATCH8192_leakyrelu.pth.tar
2024-05-21 16:30:54,066 - INFO - (53041,)
2024-05-21 16:30:54,217 - INFO -  Split ID: 0
2024-05-21 16:30:54,236 - INFO -  Top 1	LocEnc acc (%):   19.99
2024-05-21 16:30:54,238 - INFO -  Top 3	LocEnc acc (%):   34.25
2024-05-21 16:30:54,240 - INFO -  Top 5	LocEnc acc (%):   42.86
2024-05-21 16:30:54,242 - INFO -  Top 10	LocEnc acc (%):   56.89
2024-05-22 02:40:40,336 - INFO - 
num_classes	62
2024-05-22 02:40:40,336 - INFO - num train    	363571
2024-05-22 02:40:40,336 - INFO - num val      	53041
2024-05-22 02:40:40,336 - INFO - train loss   	full_loss
2024-05-22 02:40:40,336 - INFO - model name   	../models/space2vec_grid/model_fmow_Space2Vec-grid_inception_v3_0.0100_128_0.0200000_360.000_1_512_BATCH8192_leakyrelu.pth.tar
2024-05-22 02:40:40,336 - INFO - num users    	1
2024-05-22 02:40:41,304 - INFO - 
Epoch	0
2024-05-22 02:40:42,312 - INFO - [0/363571]	Loss  : 2.2592
2024-05-22 02:40:45,331 - INFO - Test loss   : 1.1759
2024-05-22 02:40:45,331 - INFO - 
Epoch	1
2024-05-22 02:40:45,834 - INFO - [0/363571]	Loss  : 1.8817
2024-05-22 02:40:48,841 - INFO - Test loss   : 0.4632
2024-05-22 02:40:48,841 - INFO - 
Epoch	2
2024-05-22 02:40:49,266 - INFO - [0/363571]	Loss  : 1.8692
2024-05-22 02:40:52,275 - INFO - Test loss   : 2.1559
2024-05-22 02:40:52,275 - INFO - 
Epoch	3
2024-05-22 02:40:52,705 - INFO - [0/363571]	Loss  : 2.2445
2024-05-22 02:40:55,792 - INFO - Test loss   : 0.6375
2024-05-22 02:40:55,792 - INFO - 
Epoch	4
2024-05-22 02:40:56,215 - INFO - [0/363571]	Loss  : 1.6191
2024-05-22 02:40:59,232 - INFO - Test loss   : 0.3706
2024-05-22 02:40:59,232 - INFO - 
Epoch	5
2024-05-22 02:40:59,655 - INFO - [0/363571]	Loss  : 1.7602
2024-05-22 02:41:02,665 - INFO - Test loss   : 0.4864
2024-05-22 02:41:02,665 - INFO - 
Epoch	6
2024-05-22 02:41:03,168 - INFO - [0/363571]	Loss  : 1.6238
2024-05-22 02:41:06,178 - INFO - Test loss   : 0.8195
2024-05-22 02:41:06,178 - INFO - 
Epoch	7
2024-05-22 02:41:06,601 - INFO - [0/363571]	Loss  : 1.5095
2024-05-22 02:41:09,606 - INFO - Test loss   : 1.1357
2024-05-22 02:41:09,606 - INFO - 
Epoch	8
2024-05-22 02:41:10,109 - INFO - [0/363571]	Loss  : 1.5534
2024-05-22 02:41:13,124 - INFO - Test loss   : 0.9978
2024-05-22 02:41:13,124 - INFO - 
Epoch	9
2024-05-22 02:41:13,545 - INFO - [0/363571]	Loss  : 1.4979
2024-05-22 02:41:16,553 - INFO - Test loss   : 0.7134
2024-05-22 02:41:16,553 - INFO - 
Epoch	10
2024-05-22 02:41:17,058 - INFO - [0/363571]	Loss  : 1.4447
2024-05-22 02:41:20,080 - INFO - Test loss   : 0.5485
2024-05-22 02:41:20,678 - INFO - (53041,)
2024-05-22 02:41:20,831 - INFO -  Split ID: 0
2024-05-22 02:41:20,851 - INFO -  Top 1	LocEnc (Epoch 10)acc (%):   17.05
2024-05-22 02:41:20,853 - INFO -  Top 3	LocEnc (Epoch 10)acc (%):   28.91
2024-05-22 02:41:20,854 - INFO -  Top 5	LocEnc (Epoch 10)acc (%):   36.57
2024-05-22 02:41:20,856 - INFO -  Top 10	LocEnc (Epoch 10)acc (%):   49.54
2024-05-22 02:41:20,862 - INFO - 
No prior
2024-05-22 02:41:20,868 - INFO - (53041,)
2024-05-22 02:41:21,023 - INFO -  Split ID: 0
2024-05-22 02:41:21,023 - INFO -  Top 1	(Epoch 10)acc (%):   69.83
2024-05-22 02:41:21,023 - INFO -  Top 3	(Epoch 10)acc (%):   84.61
2024-05-22 02:41:21,023 - INFO -  Top 5	(Epoch 10)acc (%):   89.23
2024-05-22 02:41:21,023 - INFO -  Top 10	(Epoch 10)acc (%):   94.29
2024-05-22 02:41:42,874 - INFO -  Split ID: 0
2024-05-22 02:41:42,875 - INFO -  Top 1	(Epoch 10)acc (%):   70.2
2024-05-22 02:41:42,875 - INFO -  Top 3	(Epoch 10)acc (%):   84.93
2024-05-22 02:41:42,875 - INFO -  Top 5	(Epoch 10)acc (%):   89.58
2024-05-22 02:41:42,875 - INFO -  Top 10	(Epoch 10)acc (%):   94.46
2024-05-22 02:41:42,875 - INFO - 
Epoch	11
2024-05-22 02:41:43,295 - INFO - [0/363571]	Loss  : 1.4579
2024-05-22 02:41:46,306 - INFO - Test loss   : 0.5206
2024-05-22 02:41:46,306 - INFO - 
Epoch	12
2024-05-22 02:41:46,730 - INFO - [0/363571]	Loss  : 1.4542
2024-05-22 02:41:49,829 - INFO - Test loss   : 0.5864
2024-05-22 02:41:49,829 - INFO - 
Epoch	13
2024-05-22 02:41:50,252 - INFO - [0/363571]	Loss  : 1.4143
2024-05-22 02:41:53,250 - INFO - Test loss   : 0.6973
2024-05-22 02:41:53,250 - INFO - 
Epoch	14
2024-05-22 02:41:53,674 - INFO - [0/363571]	Loss  : 1.3992
2024-05-22 02:41:56,667 - INFO - Test loss   : 0.7967
2024-05-22 02:41:56,668 - INFO - 
Epoch	15
2024-05-22 02:41:57,172 - INFO - [0/363571]	Loss  : 1.3795
2024-05-22 02:42:00,168 - INFO - Test loss   : 0.8302
2024-05-22 02:42:00,169 - INFO - 
Epoch	16
2024-05-22 02:42:00,591 - INFO - [0/363571]	Loss  : 1.3646
2024-05-22 02:42:03,586 - INFO - Test loss   : 0.7912
2024-05-22 02:42:03,586 - INFO - 
Epoch	17
2024-05-22 02:42:04,092 - INFO - [0/363571]	Loss  : 1.3660
2024-05-22 02:42:07,106 - INFO - Test loss   : 0.7142
2024-05-22 02:42:07,106 - INFO - 
Epoch	18
2024-05-22 02:42:07,532 - INFO - [0/363571]	Loss  : 1.3386
2024-05-22 02:42:10,523 - INFO - Test loss   : 0.6451
2024-05-22 02:42:10,523 - INFO - 
Epoch	19
2024-05-22 02:42:10,947 - INFO - [0/363571]	Loss  : 1.3414
2024-05-22 02:42:14,040 - INFO - Test loss   : 0.6032
2024-05-22 02:42:14,040 - INFO - 
Epoch	20
2024-05-22 02:42:14,464 - INFO - [0/363571]	Loss  : 1.3367
2024-05-22 02:42:17,463 - INFO - Test loss   : 0.5888
2024-05-22 02:42:18,040 - INFO - (53041,)
2024-05-22 02:42:18,195 - INFO -  Split ID: 0
2024-05-22 02:42:18,217 - INFO -  Top 1	LocEnc (Epoch 20)acc (%):   17.96
2024-05-22 02:42:18,218 - INFO -  Top 3	LocEnc (Epoch 20)acc (%):   30.98
2024-05-22 02:42:18,220 - INFO -  Top 5	LocEnc (Epoch 20)acc (%):   39.38
2024-05-22 02:42:18,222 - INFO -  Top 10	LocEnc (Epoch 20)acc (%):   52.33
2024-05-22 02:42:18,228 - INFO - 
No prior
2024-05-22 02:42:18,233 - INFO - (53041,)
2024-05-22 02:42:18,383 - INFO -  Split ID: 0
2024-05-22 02:42:18,384 - INFO -  Top 1	(Epoch 20)acc (%):   69.83
2024-05-22 02:42:18,384 - INFO -  Top 3	(Epoch 20)acc (%):   84.61
2024-05-22 02:42:18,384 - INFO -  Top 5	(Epoch 20)acc (%):   89.23
2024-05-22 02:42:18,384 - INFO -  Top 10	(Epoch 20)acc (%):   94.29
2024-05-22 02:42:40,251 - INFO -  Split ID: 0
2024-05-22 02:42:40,251 - INFO -  Top 1	(Epoch 20)acc (%):   70.39
2024-05-22 02:42:40,251 - INFO -  Top 3	(Epoch 20)acc (%):   85.07
2024-05-22 02:42:40,251 - INFO -  Top 5	(Epoch 20)acc (%):   89.7
2024-05-22 02:42:40,251 - INFO -  Top 10	(Epoch 20)acc (%):   94.58
2024-05-22 02:42:40,252 - INFO - 
Epoch	21
2024-05-22 02:42:40,674 - INFO - [0/363571]	Loss  : 1.3247
2024-05-22 02:42:43,689 - INFO - Test loss   : 0.5997
2024-05-22 02:42:43,689 - INFO - 
Epoch	22
2024-05-22 02:42:44,193 - INFO - [0/363571]	Loss  : 1.3133
2024-05-22 02:42:47,198 - INFO - Test loss   : 0.6264
2024-05-22 02:42:47,198 - INFO - 
Epoch	23
2024-05-22 02:42:47,623 - INFO - [0/363571]	Loss  : 1.3021
2024-05-22 02:42:50,648 - INFO - Test loss   : 0.6552
2024-05-22 02:42:50,648 - INFO - 
Epoch	24
2024-05-22 02:42:51,153 - INFO - [0/363571]	Loss  : 1.2944
2024-05-22 02:42:54,162 - INFO - Test loss   : 0.6714
2024-05-22 02:42:54,162 - INFO - 
Epoch	25
2024-05-22 02:42:54,584 - INFO - [0/363571]	Loss  : 1.2825
2024-05-22 02:42:57,589 - INFO - Test loss   : 0.6700
2024-05-22 02:42:57,589 - INFO - 
Epoch	26
2024-05-22 02:42:58,098 - INFO - [0/363571]	Loss  : 1.2810
2024-05-22 02:43:01,103 - INFO - Test loss   : 0.6530
2024-05-22 02:43:01,103 - INFO - 
Epoch	27
2024-05-22 02:43:01,527 - INFO - [0/363571]	Loss  : 1.2836
2024-05-22 02:43:04,541 - INFO - Test loss   : 0.6271
2024-05-22 02:43:04,541 - INFO - 
Epoch	28
2024-05-22 02:43:04,965 - INFO - [0/363571]	Loss  : 1.2706
2024-05-22 02:43:08,060 - INFO - Test loss   : 0.6058
2024-05-22 02:43:08,060 - INFO - 
Epoch	29
2024-05-22 02:43:08,485 - INFO - [0/363571]	Loss  : 1.2756
2024-05-22 02:43:11,484 - INFO - Test loss   : 0.5954
2024-05-22 02:43:11,484 - INFO - 
Epoch	30
2024-05-22 02:43:11,909 - INFO - [0/363571]	Loss  : 1.2586
2024-05-22 02:43:14,891 - INFO - Test loss   : 0.5983
2024-05-22 02:43:15,474 - INFO - (53041,)
2024-05-22 02:43:15,625 - INFO -  Split ID: 0
2024-05-22 02:43:15,644 - INFO -  Top 1	LocEnc (Epoch 30)acc (%):   17.81
2024-05-22 02:43:15,645 - INFO -  Top 3	LocEnc (Epoch 30)acc (%):   30.94
2024-05-22 02:43:15,647 - INFO -  Top 5	LocEnc (Epoch 30)acc (%):   38.68
2024-05-22 02:43:15,649 - INFO -  Top 10	LocEnc (Epoch 30)acc (%):   52.82
2024-05-22 02:43:15,655 - INFO - 
No prior
2024-05-22 02:43:15,660 - INFO - (53041,)
2024-05-22 02:43:15,808 - INFO -  Split ID: 0
2024-05-22 02:43:15,809 - INFO -  Top 1	(Epoch 30)acc (%):   69.83
2024-05-22 02:43:15,809 - INFO -  Top 3	(Epoch 30)acc (%):   84.61
2024-05-22 02:43:15,809 - INFO -  Top 5	(Epoch 30)acc (%):   89.23
2024-05-22 02:43:15,809 - INFO -  Top 10	(Epoch 30)acc (%):   94.29
2024-05-22 02:43:37,697 - INFO -  Split ID: 0
2024-05-22 02:43:37,697 - INFO -  Top 1	(Epoch 30)acc (%):   70.47
2024-05-22 02:43:37,697 - INFO -  Top 3	(Epoch 30)acc (%):   85.17
2024-05-22 02:43:37,697 - INFO -  Top 5	(Epoch 30)acc (%):   89.75
2024-05-22 02:43:37,698 - INFO -  Top 10	(Epoch 30)acc (%):   94.64
2024-05-22 02:43:37,698 - INFO - 
Epoch	31
2024-05-22 02:43:38,203 - INFO - [0/363571]	Loss  : 1.2623
2024-05-22 02:43:41,245 - INFO - Test loss   : 0.6092
2024-05-22 02:43:41,245 - INFO - 
Epoch	32
2024-05-22 02:43:41,673 - INFO - [0/363571]	Loss  : 1.2541
2024-05-22 02:43:44,719 - INFO - Test loss   : 0.6267
2024-05-22 02:43:44,719 - INFO - 
Epoch	33
2024-05-22 02:43:45,231 - INFO - [0/363571]	Loss  : 1.2462
2024-05-22 02:43:48,267 - INFO - Test loss   : 0.6440
2024-05-22 02:43:48,268 - INFO - 
Epoch	34
2024-05-22 02:43:48,695 - INFO - [0/363571]	Loss  : 1.2439
2024-05-22 02:43:51,730 - INFO - Test loss   : 0.6517
2024-05-22 02:43:51,730 - INFO - 
Epoch	35
2024-05-22 02:43:52,156 - INFO - [0/363571]	Loss  : 1.2448
2024-05-22 02:43:55,265 - INFO - Test loss   : 0.6470
2024-05-22 02:43:55,265 - INFO - 
Epoch	36
2024-05-22 02:43:55,695 - INFO - [0/363571]	Loss  : 1.2358
2024-05-22 02:43:58,733 - INFO - Test loss   : 0.6337
2024-05-22 02:43:58,733 - INFO - 
Epoch	37
2024-05-22 02:43:59,156 - INFO - [0/363571]	Loss  : 1.2169
2024-05-22 02:44:02,157 - INFO - Test loss   : 0.6169
2024-05-22 02:44:02,157 - INFO - 
Epoch	38
2024-05-22 02:44:02,662 - INFO - [0/363571]	Loss  : 1.2394
2024-05-22 02:44:05,662 - INFO - Test loss   : 0.5978
2024-05-22 02:44:05,662 - INFO - 
Epoch	39
2024-05-22 02:44:06,086 - INFO - [0/363571]	Loss  : 1.2315
2024-05-22 02:44:09,097 - INFO - Test loss   : 0.5850
2024-05-22 02:44:09,097 - INFO - 
Epoch	40
2024-05-22 02:44:09,603 - INFO - [0/363571]	Loss  : 1.2230
2024-05-22 02:44:12,610 - INFO - Test loss   : 0.5798
2024-05-22 02:44:13,196 - INFO - (53041,)
2024-05-22 02:44:13,348 - INFO -  Split ID: 0
2024-05-22 02:44:13,369 - INFO -  Top 1	LocEnc (Epoch 40)acc (%):   19.07
2024-05-22 02:44:13,371 - INFO -  Top 3	LocEnc (Epoch 40)acc (%):   32.41
2024-05-22 02:44:13,373 - INFO -  Top 5	LocEnc (Epoch 40)acc (%):   40.73
2024-05-22 02:44:13,375 - INFO -  Top 10	LocEnc (Epoch 40)acc (%):   55.02
2024-05-22 02:44:13,380 - INFO - 
No prior
2024-05-22 02:44:13,385 - INFO - (53041,)
2024-05-22 02:44:13,538 - INFO -  Split ID: 0
2024-05-22 02:44:13,538 - INFO -  Top 1	(Epoch 40)acc (%):   69.83
2024-05-22 02:44:13,538 - INFO -  Top 3	(Epoch 40)acc (%):   84.61
2024-05-22 02:44:13,539 - INFO -  Top 5	(Epoch 40)acc (%):   89.23
2024-05-22 02:44:13,539 - INFO -  Top 10	(Epoch 40)acc (%):   94.29
2024-05-22 02:44:35,413 - INFO -  Split ID: 0
2024-05-22 02:44:35,413 - INFO -  Top 1	(Epoch 40)acc (%):   70.5
2024-05-22 02:44:35,413 - INFO -  Top 3	(Epoch 40)acc (%):   85.24
2024-05-22 02:44:35,413 - INFO -  Top 5	(Epoch 40)acc (%):   89.79
2024-05-22 02:44:35,413 - INFO -  Top 10	(Epoch 40)acc (%):   94.67
2024-05-22 02:44:35,414 - INFO - 
Epoch	41
2024-05-22 02:44:35,838 - INFO - [0/363571]	Loss  : 1.2283
2024-05-22 02:44:38,848 - INFO - Test loss   : 0.5828
2024-05-22 02:44:38,848 - INFO - 
Epoch	42
2024-05-22 02:44:39,358 - INFO - [0/363571]	Loss  : 1.2105
2024-05-22 02:44:42,367 - INFO - Test loss   : 0.5938
2024-05-22 02:44:42,367 - INFO - 
Epoch	43
2024-05-22 02:44:42,792 - INFO - [0/363571]	Loss  : 1.2140
2024-05-22 02:44:45,827 - INFO - Test loss   : 0.6085
2024-05-22 02:44:45,827 - INFO - 
Epoch	44
2024-05-22 02:44:46,252 - INFO - [0/363571]	Loss  : 1.2061
2024-05-22 02:44:49,339 - INFO - Test loss   : 0.6233
2024-05-22 02:44:49,339 - INFO - 
Epoch	45
2024-05-22 02:44:49,767 - INFO - [0/363571]	Loss  : 1.2179
2024-05-22 02:44:52,777 - INFO - Test loss   : 0.6292
2024-05-22 02:44:52,777 - INFO - 
Epoch	46
2024-05-22 02:44:53,198 - INFO - [0/363571]	Loss  : 1.2010
2024-05-22 02:44:56,218 - INFO - Test loss   : 0.6286
2024-05-22 02:44:56,218 - INFO - 
Epoch	47
2024-05-22 02:44:56,721 - INFO - [0/363571]	Loss  : 1.2015
2024-05-22 02:44:59,722 - INFO - Test loss   : 0.6217
2024-05-22 02:44:59,722 - INFO - 
Epoch	48
2024-05-22 02:45:00,145 - INFO - [0/363571]	Loss  : 1.2037
2024-05-22 02:45:03,174 - INFO - Test loss   : 0.6091
2024-05-22 02:45:03,174 - INFO - 
Epoch	49
2024-05-22 02:45:03,686 - INFO - [0/363571]	Loss  : 1.1942
2024-05-22 02:45:06,697 - INFO - Test loss   : 0.5957
2024-05-22 02:45:06,697 - INFO - 
Epoch	50
2024-05-22 02:45:07,121 - INFO - [0/363571]	Loss  : 1.1980
2024-05-22 02:45:10,142 - INFO - Test loss   : 0.5843
2024-05-22 02:45:10,731 - INFO - (53041,)
2024-05-22 02:45:10,881 - INFO -  Split ID: 0
2024-05-22 02:45:10,900 - INFO -  Top 1	LocEnc (Epoch 50)acc (%):   19.13
2024-05-22 02:45:10,902 - INFO -  Top 3	LocEnc (Epoch 50)acc (%):   32.82
2024-05-22 02:45:10,904 - INFO -  Top 5	LocEnc (Epoch 50)acc (%):   40.9
2024-05-22 02:45:10,906 - INFO -  Top 10	LocEnc (Epoch 50)acc (%):   55.19
2024-05-22 02:45:10,912 - INFO - 
No prior
2024-05-22 02:45:10,917 - INFO - (53041,)
2024-05-22 02:45:11,070 - INFO -  Split ID: 0
2024-05-22 02:45:11,071 - INFO -  Top 1	(Epoch 50)acc (%):   69.83
2024-05-22 02:45:11,071 - INFO -  Top 3	(Epoch 50)acc (%):   84.61
2024-05-22 02:45:11,071 - INFO -  Top 5	(Epoch 50)acc (%):   89.23
2024-05-22 02:45:11,071 - INFO -  Top 10	(Epoch 50)acc (%):   94.29
2024-05-22 02:45:33,281 - INFO -  Split ID: 0
2024-05-22 02:45:33,282 - INFO -  Top 1	(Epoch 50)acc (%):   70.53
2024-05-22 02:45:33,282 - INFO -  Top 3	(Epoch 50)acc (%):   85.26
2024-05-22 02:45:33,282 - INFO -  Top 5	(Epoch 50)acc (%):   89.82
2024-05-22 02:45:33,282 - INFO -  Top 10	(Epoch 50)acc (%):   94.72
2024-05-22 02:45:33,283 - INFO - 
Epoch	51
2024-05-22 02:45:33,708 - INFO - [0/363571]	Loss  : 1.1909
2024-05-22 02:45:36,831 - INFO - Test loss   : 0.5779
2024-05-22 02:45:36,831 - INFO - 
Epoch	52
2024-05-22 02:45:37,257 - INFO - [0/363571]	Loss  : 1.1956
2024-05-22 02:45:40,293 - INFO - Test loss   : 0.5792
2024-05-22 02:45:40,294 - INFO - 
Epoch	53
2024-05-22 02:45:40,720 - INFO - [0/363571]	Loss  : 1.1880
2024-05-22 02:45:43,757 - INFO - Test loss   : 0.5863
2024-05-22 02:45:43,758 - INFO - 
Epoch	54
2024-05-22 02:45:44,267 - INFO - [0/363571]	Loss  : 1.1780
2024-05-22 02:45:47,299 - INFO - Test loss   : 0.5967
2024-05-22 02:45:47,299 - INFO - 
Epoch	55
2024-05-22 02:45:47,728 - INFO - [0/363571]	Loss  : 1.1872
2024-05-22 02:45:50,764 - INFO - Test loss   : 0.6076
2024-05-22 02:45:50,764 - INFO - 
Epoch	56
2024-05-22 02:45:51,273 - INFO - [0/363571]	Loss  : 1.1706
2024-05-22 02:45:54,302 - INFO - Test loss   : 0.6160
2024-05-22 02:45:54,303 - INFO - 
Epoch	57
2024-05-22 02:45:54,727 - INFO - [0/363571]	Loss  : 1.1840
2024-05-22 02:45:57,752 - INFO - Test loss   : 0.6166
2024-05-22 02:45:57,753 - INFO - 
Epoch	58
2024-05-22 02:45:58,262 - INFO - [0/363571]	Loss  : 1.1731
2024-05-22 02:46:01,295 - INFO - Test loss   : 0.6109
2024-05-22 02:46:01,295 - INFO - 
Epoch	59
2024-05-22 02:46:01,722 - INFO - [0/363571]	Loss  : 1.1662
2024-05-22 02:46:04,741 - INFO - Test loss   : 0.6026
2024-05-22 02:46:04,742 - INFO - 
Epoch	60
2024-05-22 02:46:05,167 - INFO - [0/363571]	Loss  : 1.1788
2024-05-22 02:46:08,267 - INFO - Test loss   : 0.5921
2024-05-22 02:46:08,856 - INFO - (53041,)
2024-05-22 02:46:09,010 - INFO -  Split ID: 0
2024-05-22 02:46:09,032 - INFO -  Top 1	LocEnc (Epoch 60)acc (%):   19.24
2024-05-22 02:46:09,034 - INFO -  Top 3	LocEnc (Epoch 60)acc (%):   33.05
2024-05-22 02:46:09,036 - INFO -  Top 5	LocEnc (Epoch 60)acc (%):   41.72
2024-05-22 02:46:09,038 - INFO -  Top 10	LocEnc (Epoch 60)acc (%):   55.91
2024-05-22 02:46:09,044 - INFO - 
No prior
2024-05-22 02:46:09,049 - INFO - (53041,)
2024-05-22 02:46:09,203 - INFO -  Split ID: 0
2024-05-22 02:46:09,203 - INFO -  Top 1	(Epoch 60)acc (%):   69.83
2024-05-22 02:46:09,203 - INFO -  Top 3	(Epoch 60)acc (%):   84.61
2024-05-22 02:46:09,203 - INFO -  Top 5	(Epoch 60)acc (%):   89.23
2024-05-22 02:46:09,204 - INFO -  Top 10	(Epoch 60)acc (%):   94.29
2024-05-22 02:46:31,124 - INFO -  Split ID: 0
2024-05-22 02:46:31,124 - INFO -  Top 1	(Epoch 60)acc (%):   70.61
2024-05-22 02:46:31,124 - INFO -  Top 3	(Epoch 60)acc (%):   85.27
2024-05-22 02:46:31,124 - INFO -  Top 5	(Epoch 60)acc (%):   89.87
2024-05-22 02:46:31,125 - INFO -  Top 10	(Epoch 60)acc (%):   94.76
2024-05-22 02:46:31,125 - INFO - 
Epoch	61
2024-05-22 02:46:31,551 - INFO - [0/363571]	Loss  : 1.1727
2024-05-22 02:46:34,584 - INFO - Test loss   : 0.5832
2024-05-22 02:46:34,584 - INFO - 
Epoch	62
2024-05-22 02:46:35,012 - INFO - [0/363571]	Loss  : 1.1649
2024-05-22 02:46:38,028 - INFO - Test loss   : 0.5792
2024-05-22 02:46:38,028 - INFO - 
Epoch	63
2024-05-22 02:46:38,537 - INFO - [0/363571]	Loss  : 1.1719
2024-05-22 02:46:41,603 - INFO - Test loss   : 0.5791
2024-05-22 02:46:41,603 - INFO - 
Epoch	64
2024-05-22 02:46:42,029 - INFO - [0/363571]	Loss  : 1.1720
2024-05-22 02:46:45,056 - INFO - Test loss   : 0.5828
2024-05-22 02:46:45,056 - INFO - 
Epoch	65
2024-05-22 02:46:45,567 - INFO - [0/363571]	Loss  : 1.1687
2024-05-22 02:46:48,594 - INFO - Test loss   : 0.5877
2024-05-22 02:46:48,594 - INFO - 
Epoch	66
2024-05-22 02:46:49,019 - INFO - [0/363571]	Loss  : 1.1533
2024-05-22 02:46:52,044 - INFO - Test loss   : 0.5927
2024-05-22 02:46:52,044 - INFO - 
Epoch	67
2024-05-22 02:46:52,470 - INFO - [0/363571]	Loss  : 1.1530
2024-05-22 02:46:55,562 - INFO - Test loss   : 0.5970
2024-05-22 02:46:55,562 - INFO - 
Epoch	68
2024-05-22 02:46:55,988 - INFO - [0/363571]	Loss  : 1.1575
2024-05-22 02:46:58,992 - INFO - Test loss   : 0.5993
2024-05-22 02:46:58,992 - INFO - 
Epoch	69
2024-05-22 02:46:59,423 - INFO - [0/363571]	Loss  : 1.1504
2024-05-22 02:47:02,448 - INFO - Test loss   : 0.5993
2024-05-22 02:47:02,448 - INFO - 
Epoch	70
2024-05-22 02:47:02,956 - INFO - [0/363571]	Loss  : 1.1638
2024-05-22 02:47:05,953 - INFO - Test loss   : 0.5960
2024-05-22 02:47:06,540 - INFO - (53041,)
2024-05-22 02:47:06,692 - INFO -  Split ID: 0
2024-05-22 02:47:06,711 - INFO -  Top 1	LocEnc (Epoch 70)acc (%):   19.52
2024-05-22 02:47:06,713 - INFO -  Top 3	LocEnc (Epoch 70)acc (%):   33.86
2024-05-22 02:47:06,714 - INFO -  Top 5	LocEnc (Epoch 70)acc (%):   41.89
2024-05-22 02:47:06,716 - INFO -  Top 10	LocEnc (Epoch 70)acc (%):   55.71
2024-05-22 02:47:06,722 - INFO - 
No prior
2024-05-22 02:47:06,727 - INFO - (53041,)
2024-05-22 02:47:06,879 - INFO -  Split ID: 0
2024-05-22 02:47:06,879 - INFO -  Top 1	(Epoch 70)acc (%):   69.83
2024-05-22 02:47:06,880 - INFO -  Top 3	(Epoch 70)acc (%):   84.61
2024-05-22 02:47:06,880 - INFO -  Top 5	(Epoch 70)acc (%):   89.23
2024-05-22 02:47:06,880 - INFO -  Top 10	(Epoch 70)acc (%):   94.29
2024-05-22 02:47:28,839 - INFO -  Split ID: 0
2024-05-22 02:47:28,840 - INFO -  Top 1	(Epoch 70)acc (%):   70.64
2024-05-22 02:47:28,840 - INFO -  Top 3	(Epoch 70)acc (%):   85.31
2024-05-22 02:47:28,840 - INFO -  Top 5	(Epoch 70)acc (%):   89.88
2024-05-22 02:47:28,840 - INFO -  Top 10	(Epoch 70)acc (%):   94.74
2024-05-22 02:47:28,841 - INFO - 
Epoch	71
2024-05-22 02:47:29,266 - INFO - [0/363571]	Loss  : 1.1549
2024-05-22 02:47:32,288 - INFO - Test loss   : 0.5921
2024-05-22 02:47:32,289 - INFO - 
Epoch	72
2024-05-22 02:47:32,802 - INFO - [0/363571]	Loss  : 1.1470
2024-05-22 02:47:35,828 - INFO - Test loss   : 0.5877
2024-05-22 02:47:35,828 - INFO - 
Epoch	73
2024-05-22 02:47:36,254 - INFO - [0/363571]	Loss  : 1.1388
2024-05-22 02:47:39,287 - INFO - Test loss   : 0.5849
2024-05-22 02:47:39,287 - INFO - 
Epoch	74
2024-05-22 02:47:39,807 - INFO - [0/363571]	Loss  : 1.1735
2024-05-22 02:47:42,826 - INFO - Test loss   : 0.5817
2024-05-22 02:47:42,826 - INFO - 
Epoch	75
2024-05-22 02:47:43,253 - INFO - [0/363571]	Loss  : 1.1484
2024-05-22 02:47:46,271 - INFO - Test loss   : 0.5808
2024-05-22 02:47:46,271 - INFO - 
Epoch	76
2024-05-22 02:47:46,694 - INFO - [0/363571]	Loss  : 1.1429
2024-05-22 02:47:49,794 - INFO - Test loss   : 0.5803
2024-05-22 02:47:49,794 - INFO - 
Epoch	77
2024-05-22 02:47:50,221 - INFO - [0/363571]	Loss  : 1.1355
2024-05-22 02:47:53,245 - INFO - Test loss   : 0.5822
2024-05-22 02:47:53,245 - INFO - 
Epoch	78
2024-05-22 02:47:53,669 - INFO - [0/363571]	Loss  : 1.1393
2024-05-22 02:47:56,693 - INFO - Test loss   : 0.5847
2024-05-22 02:47:56,693 - INFO - 
Epoch	79
2024-05-22 02:47:57,199 - INFO - [0/363571]	Loss  : 1.1424
2024-05-22 02:48:00,217 - INFO - Test loss   : 0.5867
2024-05-22 02:48:00,217 - INFO - 
Epoch	80
2024-05-22 02:48:00,642 - INFO - [0/363571]	Loss  : 1.1423
2024-05-22 02:48:03,668 - INFO - Test loss   : 0.5885
2024-05-22 02:48:04,257 - INFO - (53041,)
2024-05-22 02:48:04,409 - INFO -  Split ID: 0
2024-05-22 02:48:04,427 - INFO -  Top 1	LocEnc (Epoch 80)acc (%):   19.66
2024-05-22 02:48:04,429 - INFO -  Top 3	LocEnc (Epoch 80)acc (%):   33.83
2024-05-22 02:48:04,431 - INFO -  Top 5	LocEnc (Epoch 80)acc (%):   42.21
2024-05-22 02:48:04,433 - INFO -  Top 10	LocEnc (Epoch 80)acc (%):   56.61
2024-05-22 02:48:04,439 - INFO - 
No prior
2024-05-22 02:48:04,444 - INFO - (53041,)
2024-05-22 02:48:04,598 - INFO -  Split ID: 0
2024-05-22 02:48:04,598 - INFO -  Top 1	(Epoch 80)acc (%):   69.83
2024-05-22 02:48:04,598 - INFO -  Top 3	(Epoch 80)acc (%):   84.61
2024-05-22 02:48:04,598 - INFO -  Top 5	(Epoch 80)acc (%):   89.23
2024-05-22 02:48:04,598 - INFO -  Top 10	(Epoch 80)acc (%):   94.29
2024-05-22 02:48:26,559 - INFO -  Split ID: 0
2024-05-22 02:48:26,559 - INFO -  Top 1	(Epoch 80)acc (%):   70.63
2024-05-22 02:48:26,560 - INFO -  Top 3	(Epoch 80)acc (%):   85.32
2024-05-22 02:48:26,560 - INFO -  Top 5	(Epoch 80)acc (%):   89.91
2024-05-22 02:48:26,560 - INFO -  Top 10	(Epoch 80)acc (%):   94.77
2024-05-22 02:48:26,560 - INFO - 
Epoch	81
2024-05-22 02:48:27,070 - INFO - [0/363571]	Loss  : 1.1368
2024-05-22 02:48:30,096 - INFO - Test loss   : 0.5888
2024-05-22 02:48:30,096 - INFO - 
Epoch	82
2024-05-22 02:48:30,523 - INFO - [0/363571]	Loss  : 1.1327
2024-05-22 02:48:33,539 - INFO - Test loss   : 0.5883
2024-05-22 02:48:33,539 - INFO - 
Epoch	83
2024-05-22 02:48:33,974 - INFO - [0/363571]	Loss  : 1.1289
2024-05-22 02:48:37,087 - INFO - Test loss   : 0.5875
2024-05-22 02:48:37,087 - INFO - 
Epoch	84
2024-05-22 02:48:37,515 - INFO - [0/363571]	Loss  : 1.1450
2024-05-22 02:48:40,565 - INFO - Test loss   : 0.5837
2024-05-22 02:48:40,565 - INFO - 
Epoch	85
2024-05-22 02:48:40,993 - INFO - [0/363571]	Loss  : 1.1308
2024-05-22 02:48:44,032 - INFO - Test loss   : 0.5807
2024-05-22 02:48:44,032 - INFO - 
Epoch	86
2024-05-22 02:48:44,541 - INFO - [0/363571]	Loss  : 1.1353
2024-05-22 02:48:47,576 - INFO - Test loss   : 0.5783
2024-05-22 02:48:47,577 - INFO - 
Epoch	87
2024-05-22 02:48:48,005 - INFO - [0/363571]	Loss  : 1.1373
2024-05-22 02:48:51,061 - INFO - Test loss   : 0.5775
2024-05-22 02:48:51,062 - INFO - 
Epoch	88
2024-05-22 02:48:51,574 - INFO - [0/363571]	Loss  : 1.1436
2024-05-22 02:48:54,617 - INFO - Test loss   : 0.5770
2024-05-22 02:48:54,617 - INFO - 
Epoch	89
2024-05-22 02:48:55,046 - INFO - [0/363571]	Loss  : 1.1231
2024-05-22 02:48:58,083 - INFO - Test loss   : 0.5798
2024-05-22 02:48:58,083 - INFO - 
Epoch	90
2024-05-22 02:48:58,596 - INFO - [0/363571]	Loss  : 1.1327
2024-05-22 02:49:01,623 - INFO - Test loss   : 0.5842
2024-05-22 02:49:02,225 - INFO - (53041,)
2024-05-22 02:49:02,377 - INFO -  Split ID: 0
2024-05-22 02:49:02,396 - INFO -  Top 1	LocEnc (Epoch 90)acc (%):   19.61
2024-05-22 02:49:02,398 - INFO -  Top 3	LocEnc (Epoch 90)acc (%):   33.55
2024-05-22 02:49:02,399 - INFO -  Top 5	LocEnc (Epoch 90)acc (%):   42.54
2024-05-22 02:49:02,401 - INFO -  Top 10	LocEnc (Epoch 90)acc (%):   56.78
2024-05-22 02:49:02,407 - INFO - 
No prior
2024-05-22 02:49:02,412 - INFO - (53041,)
2024-05-22 02:49:02,561 - INFO -  Split ID: 0
2024-05-22 02:49:02,561 - INFO -  Top 1	(Epoch 90)acc (%):   69.83
2024-05-22 02:49:02,561 - INFO -  Top 3	(Epoch 90)acc (%):   84.61
2024-05-22 02:49:02,561 - INFO -  Top 5	(Epoch 90)acc (%):   89.23
2024-05-22 02:49:02,561 - INFO -  Top 10	(Epoch 90)acc (%):   94.29
2024-05-22 02:49:24,409 - INFO -  Split ID: 0
2024-05-22 02:49:24,409 - INFO -  Top 1	(Epoch 90)acc (%):   70.67
2024-05-22 02:49:24,409 - INFO -  Top 3	(Epoch 90)acc (%):   85.32
2024-05-22 02:49:24,410 - INFO -  Top 5	(Epoch 90)acc (%):   89.92
2024-05-22 02:49:24,410 - INFO -  Top 10	(Epoch 90)acc (%):   94.79
2024-05-22 02:49:24,410 - INFO - 
Epoch	91
2024-05-22 02:49:24,829 - INFO - [0/363571]	Loss  : 1.1304
2024-05-22 02:49:27,816 - INFO - Test loss   : 0.5876
2024-05-22 02:49:27,817 - INFO - 
Epoch	92
2024-05-22 02:49:28,246 - INFO - [0/363571]	Loss  : 1.1260
2024-05-22 02:49:31,348 - INFO - Test loss   : 0.5918
2024-05-22 02:49:31,348 - INFO - 
Epoch	93
2024-05-22 02:49:31,772 - INFO - [0/363571]	Loss  : 1.1249
2024-05-22 02:49:34,798 - INFO - Test loss   : 0.5932
2024-05-22 02:49:34,798 - INFO - 
Epoch	94
2024-05-22 02:49:35,221 - INFO - [0/363571]	Loss  : 1.1235
2024-05-22 02:49:38,238 - INFO - Test loss   : 0.5917
2024-05-22 02:49:38,238 - INFO - 
Epoch	95
2024-05-22 02:49:38,744 - INFO - [0/363571]	Loss  : 1.1332
2024-05-22 02:49:41,750 - INFO - Test loss   : 0.5879
2024-05-22 02:49:41,750 - INFO - 
Epoch	96
2024-05-22 02:49:42,177 - INFO - [0/363571]	Loss  : 1.1214
2024-05-22 02:49:45,191 - INFO - Test loss   : 0.5830
2024-05-22 02:49:45,191 - INFO - 
Epoch	97
2024-05-22 02:49:45,702 - INFO - [0/363571]	Loss  : 1.1283
2024-05-22 02:49:48,721 - INFO - Test loss   : 0.5782
2024-05-22 02:49:48,721 - INFO - 
Epoch	98
2024-05-22 02:49:49,144 - INFO - [0/363571]	Loss  : 1.1175
2024-05-22 02:49:52,146 - INFO - Test loss   : 0.5750
2024-05-22 02:49:52,146 - INFO - 
Epoch	99
2024-05-22 02:49:52,570 - INFO - [0/363571]	Loss  : 1.1169
2024-05-22 02:49:55,653 - INFO - Test loss   : 0.5745
2024-05-22 02:49:55,653 - INFO - 
Epoch	100
2024-05-22 02:49:56,078 - INFO - [0/363571]	Loss  : 1.1260
2024-05-22 02:49:59,084 - INFO - Test loss   : 0.5746
2024-05-22 02:49:59,669 - INFO - (53041,)
2024-05-22 02:49:59,822 - INFO -  Split ID: 0
2024-05-22 02:49:59,844 - INFO -  Top 1	LocEnc (Epoch 100)acc (%):   20.22
2024-05-22 02:49:59,846 - INFO -  Top 3	LocEnc (Epoch 100)acc (%):   34.38
2024-05-22 02:49:59,847 - INFO -  Top 5	LocEnc (Epoch 100)acc (%):   43.02
2024-05-22 02:49:59,849 - INFO -  Top 10	LocEnc (Epoch 100)acc (%):   57.37
2024-05-22 02:49:59,855 - INFO - 
No prior
2024-05-22 02:49:59,860 - INFO - (53041,)
2024-05-22 02:50:00,010 - INFO -  Split ID: 0
2024-05-22 02:50:00,011 - INFO -  Top 1	(Epoch 100)acc (%):   69.83
2024-05-22 02:50:00,011 - INFO -  Top 3	(Epoch 100)acc (%):   84.61
2024-05-22 02:50:00,011 - INFO -  Top 5	(Epoch 100)acc (%):   89.23
2024-05-22 02:50:00,011 - INFO -  Top 10	(Epoch 100)acc (%):   94.29
2024-05-22 02:50:21,903 - INFO -  Split ID: 0
2024-05-22 02:50:21,903 - INFO -  Top 1	(Epoch 100)acc (%):   70.66
2024-05-22 02:50:21,903 - INFO -  Top 3	(Epoch 100)acc (%):   85.32
2024-05-22 02:50:21,904 - INFO -  Top 5	(Epoch 100)acc (%):   89.91
2024-05-22 02:50:21,904 - INFO -  Top 10	(Epoch 100)acc (%):   94.79
2024-05-22 02:50:21,904 - INFO - 
Epoch	101
2024-05-22 02:50:22,328 - INFO - [0/363571]	Loss  : 1.1117
2024-05-22 02:50:25,348 - INFO - Test loss   : 0.5757
2024-05-22 02:50:25,348 - INFO - 
Epoch	102
2024-05-22 02:50:25,854 - INFO - [0/363571]	Loss  : 1.1243
2024-05-22 02:50:28,870 - INFO - Test loss   : 0.5766
2024-05-22 02:50:28,871 - INFO - 
Epoch	103
2024-05-22 02:50:29,296 - INFO - [0/363571]	Loss  : 1.1174
2024-05-22 02:50:32,307 - INFO - Test loss   : 0.5785
2024-05-22 02:50:32,307 - INFO - 
Epoch	104
2024-05-22 02:50:32,815 - INFO - [0/363571]	Loss  : 1.1279
2024-05-22 02:50:35,811 - INFO - Test loss   : 0.5799
2024-05-22 02:50:35,811 - INFO - 
Epoch	105
2024-05-22 02:50:36,236 - INFO - [0/363571]	Loss  : 1.1238
2024-05-22 02:50:39,223 - INFO - Test loss   : 0.5795
2024-05-22 02:50:39,223 - INFO - 
Epoch	106
2024-05-22 02:50:39,735 - INFO - [0/363571]	Loss  : 1.1227
2024-05-22 02:50:42,762 - INFO - Test loss   : 0.5787
2024-05-22 02:50:42,762 - INFO - 
Epoch	107
2024-05-22 02:50:43,188 - INFO - [0/363571]	Loss  : 1.1221
2024-05-22 02:50:46,205 - INFO - Test loss   : 0.5770
2024-05-22 02:50:46,205 - INFO - 
Epoch	108
2024-05-22 02:50:46,630 - INFO - [0/363571]	Loss  : 1.1174
2024-05-22 02:50:49,735 - INFO - Test loss   : 0.5759
2024-05-22 02:50:49,735 - INFO - 
Epoch	109
2024-05-22 02:50:50,160 - INFO - [0/363571]	Loss  : 1.1107
2024-05-22 02:50:53,181 - INFO - Test loss   : 0.5756
2024-05-22 02:50:53,181 - INFO - 
Epoch	110
2024-05-22 02:50:53,605 - INFO - [0/363571]	Loss  : 1.1239
2024-05-22 02:50:56,636 - INFO - Test loss   : 0.5761
2024-05-22 02:50:57,223 - INFO - (53041,)
2024-05-22 02:50:57,378 - INFO -  Split ID: 0
2024-05-22 02:50:57,400 - INFO -  Top 1	LocEnc (Epoch 110)acc (%):   20.35
2024-05-22 02:50:57,402 - INFO -  Top 3	LocEnc (Epoch 110)acc (%):   34.74
2024-05-22 02:50:57,404 - INFO -  Top 5	LocEnc (Epoch 110)acc (%):   43.2
2024-05-22 02:50:57,406 - INFO -  Top 10	LocEnc (Epoch 110)acc (%):   57.33
2024-05-22 02:50:57,412 - INFO - 
No prior
2024-05-22 02:50:57,417 - INFO - (53041,)
2024-05-22 02:50:57,570 - INFO -  Split ID: 0
2024-05-22 02:50:57,571 - INFO -  Top 1	(Epoch 110)acc (%):   69.83
2024-05-22 02:50:57,571 - INFO -  Top 3	(Epoch 110)acc (%):   84.61
2024-05-22 02:50:57,571 - INFO -  Top 5	(Epoch 110)acc (%):   89.23
2024-05-22 02:50:57,571 - INFO -  Top 10	(Epoch 110)acc (%):   94.29
2024-05-22 02:51:19,505 - INFO -  Split ID: 0
2024-05-22 02:51:19,505 - INFO -  Top 1	(Epoch 110)acc (%):   70.65
2024-05-22 02:51:19,505 - INFO -  Top 3	(Epoch 110)acc (%):   85.35
2024-05-22 02:51:19,505 - INFO -  Top 5	(Epoch 110)acc (%):   89.92
2024-05-22 02:51:19,505 - INFO -  Top 10	(Epoch 110)acc (%):   94.78
2024-05-22 02:51:19,506 - INFO - 
Epoch	111
2024-05-22 02:51:20,013 - INFO - [0/363571]	Loss  : 1.1056
2024-05-22 02:51:23,040 - INFO - Test loss   : 0.5774
2024-05-22 02:51:23,040 - INFO - 
Epoch	112
2024-05-22 02:51:23,466 - INFO - [0/363571]	Loss  : 1.1030
2024-05-22 02:51:26,503 - INFO - Test loss   : 0.5794
2024-05-22 02:51:26,504 - INFO - 
Epoch	113
2024-05-22 02:51:27,018 - INFO - [0/363571]	Loss  : 1.1028
2024-05-22 02:51:30,054 - INFO - Test loss   : 0.5817
2024-05-22 02:51:30,054 - INFO - 
Epoch	114
2024-05-22 02:51:30,481 - INFO - [0/363571]	Loss  : 1.1068
2024-05-22 02:51:33,502 - INFO - Test loss   : 0.5829
2024-05-22 02:51:33,502 - INFO - 
Epoch	115
2024-05-22 02:51:33,929 - INFO - [0/363571]	Loss  : 1.1106
2024-05-22 02:51:37,060 - INFO - Test loss   : 0.5832
2024-05-22 02:51:37,060 - INFO - 
Epoch	116
2024-05-22 02:51:37,487 - INFO - [0/363571]	Loss  : 1.1245
2024-05-22 02:51:40,507 - INFO - Test loss   : 0.5813
2024-05-22 02:51:40,507 - INFO - 
Epoch	117
2024-05-22 02:51:40,936 - INFO - [0/363571]	Loss  : 1.1088
2024-05-22 02:51:43,976 - INFO - Test loss   : 0.5797
2024-05-22 02:51:43,976 - INFO - 
Epoch	118
2024-05-22 02:51:44,485 - INFO - [0/363571]	Loss  : 1.1087
2024-05-22 02:51:47,503 - INFO - Test loss   : 0.5778
2024-05-22 02:51:47,503 - INFO - 
Epoch	119
2024-05-22 02:51:47,929 - INFO - [0/363571]	Loss  : 1.1096
2024-05-22 02:51:50,956 - INFO - Test loss   : 0.5752
2024-05-22 02:51:50,956 - INFO - Saving output model to ../models/space2vec_grid/model_fmow_Space2Vec-grid_inception_v3_0.0100_128_0.0200000_360.000_1_512_BATCH8192_leakyrelu.pth.tar
2024-05-22 02:51:50,977 - INFO - Saving output model to ../models/space2vec_grid/model_fmow_Space2Vec-grid_inception_v3_0.0100_128_0.0200000_360.000_1_512_BATCH8192_leakyrelu.pth.tar
2024-05-22 02:51:50,999 - INFO - 
No prior
2024-05-22 02:51:51,004 - INFO - (53041,)
2024-05-22 02:51:51,160 - INFO -  Split ID: 0
2024-05-22 02:51:51,160 - INFO -  Top 1	acc (%):   69.83
2024-05-22 02:51:51,160 - INFO -  Top 3	acc (%):   84.61
2024-05-22 02:51:51,160 - INFO -  Top 5	acc (%):   89.23
2024-05-22 02:51:51,161 - INFO -  Top 10	acc (%):   94.29
2024-05-22 02:52:13,167 - INFO -  Split ID: 0
2024-05-22 02:52:13,167 - INFO -  Top 1	acc (%):   70.67
2024-05-22 02:52:13,168 - INFO -  Top 3	acc (%):   85.34
2024-05-22 02:52:13,168 - INFO -  Top 5	acc (%):   89.92
2024-05-22 02:52:13,168 - INFO -  Top 10	acc (%):   94.79
2024-05-22 02:52:13,170 - INFO - 
Space2Vec-grid
2024-05-22 02:52:13,170 - INFO -  Model :	model_fmow_Space2Vec-grid_inception_v3_0.0100_128_0.0200000_360.000_1_512_BATCH8192_leakyrelu.pth.tar
2024-05-22 02:52:13,791 - INFO - (53041,)
2024-05-22 02:52:13,950 - INFO -  Split ID: 0
2024-05-22 02:52:13,971 - INFO -  Top 1	LocEnc acc (%):   20.32
2024-05-22 02:52:13,973 - INFO -  Top 3	LocEnc acc (%):   34.83
2024-05-22 02:52:13,975 - INFO -  Top 5	LocEnc acc (%):   43.27
2024-05-22 02:52:13,977 - INFO -  Top 10	LocEnc acc (%):   57.3
2024-05-31 01:46:11,870 - INFO - 
num_classes	62
2024-05-31 01:46:11,870 - INFO - num train    	363571
2024-05-31 01:46:11,870 - INFO - num val      	53041
2024-05-31 01:46:11,870 - INFO - train loss   	full_loss
2024-05-31 01:46:11,870 - INFO - model name   	../models/space2vec_grid/model_fmow_Space2Vec-grid_inception_v3_0.0100_128_0.0200000_360.000_1_512_BATCH8192_leakyrelu.pth.tar
2024-05-31 01:46:11,870 - INFO - num users    	1
2024-05-31 01:46:12,756 - INFO - 
Only Space2Vec-grid
2024-05-31 01:46:12,756 - INFO -  Model :	model_fmow_Space2Vec-grid_inception_v3_0.0100_128_0.0200000_360.000_1_512_BATCH8192_leakyrelu.pth.tar
2024-05-31 01:46:12,831 - INFO - Saving output model to ../models/space2vec_grid/model_fmow_Space2Vec-grid_inception_v3_0.0100_128_0.0200000_360.000_1_512_BATCH8192_leakyrelu.pth.tar
2024-05-31 01:46:12,870 - INFO - Saving output model to ../models/space2vec_grid/model_fmow_Space2Vec-grid_inception_v3_0.0100_128_0.0200000_360.000_1_512_BATCH8192_leakyrelu.pth.tar
2024-05-31 01:46:12,905 - INFO - 
No prior
2024-05-31 01:46:12,915 - INFO - (53041,)
2024-05-31 01:46:13,855 - INFO - Save results to ../eval_results/eval_fmow__val_no_prior.csv
2024-05-31 01:46:13,855 - INFO -  Split ID: 0
2024-05-31 01:46:13,855 - INFO -  Top 1	acc (%):   69.83
2024-05-31 01:46:13,855 - INFO -  Top 3	acc (%):   84.61
2024-05-31 01:46:13,855 - INFO -  Top 5	acc (%):   89.23
2024-05-31 01:46:13,856 - INFO -  Top 10	acc (%):   94.29
2024-05-31 01:46:39,340 - INFO -  Split ID: 0
2024-05-31 01:46:39,340 - INFO -  Top 1	hit (%):   70.67
2024-05-31 01:46:39,340 - INFO -  Top 3	hit (%):   85.34
2024-05-31 01:46:39,340 - INFO -  Top 5	hit (%):   89.92
2024-05-31 01:46:39,340 - INFO -  Top 10	hit (%):   94.79
2024-05-31 01:46:39,354 - INFO - 
Only Space2Vec-grid
2024-05-31 01:46:39,354 - INFO -  Model :	model_fmow_Space2Vec-grid_inception_v3_0.0100_128_0.0200000_360.000_1_512_BATCH8192_leakyrelu.pth.tar
2024-05-31 01:46:39,979 - INFO - (53041,)
2024-05-31 01:46:40,128 - INFO -  Split ID: 0
2024-05-31 01:46:40,145 - INFO -  Top 1	LocEnc acc (%):   20.32
2024-05-31 01:46:40,147 - INFO -  Top 3	LocEnc acc (%):   34.83
2024-05-31 01:46:40,149 - INFO -  Top 5	LocEnc acc (%):   43.27
2024-05-31 01:46:40,150 - INFO -  Top 10	LocEnc acc (%):   57.3
