2024-05-23 05:32:38,036 - INFO - 
num_classes	8142
2024-05-23 05:32:38,036 - INFO - num train    	436063
2024-05-23 05:32:38,036 - INFO - num val      	24343
2024-05-23 05:32:38,036 - INFO - train loss   	full_loss
2024-05-23 05:32:38,036 - INFO - model name   	../models/space2vec_grid/model_inat_2018_Space2Vec-grid_0.0100_32_0.0001000_360.000_1_512_BATCH4096_leakyrelu.pth.tar
2024-05-23 05:32:38,037 - INFO - num users    	18643
2024-05-23 05:32:38,976 - INFO - 
Epoch	0
2024-05-23 05:33:09,424 - INFO - [204800/436063]	Loss  : 1.1212
2024-05-23 05:33:17,312 - INFO - [262144/436063]	Loss  : 1.0361
2024-05-23 05:33:20,089 - INFO - Test loss   : 0.2476
2024-05-23 05:33:20,090 - INFO - 
Epoch	1
2024-05-23 05:33:48,853 - INFO - [204800/436063]	Loss  : 0.5766
2024-05-23 05:33:56,042 - INFO - [262144/436063]	Loss  : 0.5677
2024-05-23 05:33:59,213 - INFO - Test loss   : 0.2012
2024-05-23 05:33:59,214 - INFO - 
Epoch	2
2024-05-23 05:34:27,021 - INFO - [204800/436063]	Loss  : 0.4802
2024-05-23 05:34:34,643 - INFO - [262144/436063]	Loss  : 0.4795
2024-05-23 05:34:37,611 - INFO - Test loss   : 0.1852
2024-05-23 05:34:37,611 - INFO - 
Epoch	3
2024-05-23 05:35:06,149 - INFO - [204800/436063]	Loss  : 0.4398
2024-05-23 05:35:13,347 - INFO - [262144/436063]	Loss  : 0.4390
2024-05-23 05:35:16,041 - INFO - Test loss   : 0.1881
2024-05-23 05:35:16,041 - INFO - 
Epoch	4
2024-05-23 05:35:44,970 - INFO - [204800/436063]	Loss  : 0.4138
2024-05-23 05:35:51,735 - INFO - [262144/436063]	Loss  : 0.4148
2024-05-23 05:35:54,277 - INFO - Test loss   : 0.1868
2024-05-23 05:35:54,278 - INFO - 
Epoch	5
2024-05-23 05:36:20,959 - INFO - [204800/436063]	Loss  : 0.3962
2024-05-23 05:36:28,434 - INFO - [262144/436063]	Loss  : 0.3973
2024-05-23 05:36:30,978 - INFO - Test loss   : 0.1967
2024-05-23 05:36:30,978 - INFO - 
Epoch	6
2024-05-23 05:36:56,839 - INFO - [204800/436063]	Loss  : 0.3829
2024-05-23 05:37:03,523 - INFO - [262144/436063]	Loss  : 0.3835
2024-05-23 05:37:06,255 - INFO - Test loss   : 0.2072
2024-05-23 05:37:06,255 - INFO - 
Epoch	7
2024-05-23 05:37:32,965 - INFO - [204800/436063]	Loss  : 0.3708
2024-05-23 05:37:39,903 - INFO - [262144/436063]	Loss  : 0.3721
2024-05-23 05:37:42,556 - INFO - Test loss   : 0.2102
2024-05-23 05:37:42,556 - INFO - 
Epoch	8
2024-05-23 05:38:09,165 - INFO - [204800/436063]	Loss  : 0.3629
2024-05-23 05:38:16,168 - INFO - [262144/436063]	Loss  : 0.3637
2024-05-23 05:38:18,664 - INFO - Test loss   : 0.2158
2024-05-23 05:38:18,664 - INFO - 
Epoch	9
2024-05-23 05:38:46,007 - INFO - [204800/436063]	Loss  : 0.3556
2024-05-23 05:38:53,095 - INFO - [262144/436063]	Loss  : 0.3558
2024-05-23 05:38:55,843 - INFO - Test loss   : 0.2321
2024-05-23 05:38:55,843 - INFO - 
Epoch	10
2024-05-23 05:39:22,615 - INFO - [204800/436063]	Loss  : 0.3489
2024-05-23 05:39:30,097 - INFO - [262144/436063]	Loss  : 0.3505
2024-05-23 05:39:32,857 - INFO - Test loss   : 0.2277
2024-05-23 05:39:33,563 - INFO - (24343,)
2024-05-23 05:39:54,106 - INFO -  Split ID: 0
2024-05-23 05:39:54,115 - INFO -  Top 1	LocEnc (Epoch 10)acc (%):   1.59
2024-05-23 05:39:54,116 - INFO -  Top 3	LocEnc (Epoch 10)acc (%):   4.43
2024-05-23 05:39:54,117 - INFO -  Top 5	LocEnc (Epoch 10)acc (%):   7.08
2024-05-23 05:39:54,118 - INFO -  Top 10	LocEnc (Epoch 10)acc (%):   12.34
2024-05-23 05:39:54,218 - INFO - 
No prior
2024-05-23 05:39:54,432 - INFO - (24426,)
2024-05-23 05:40:04,072 - INFO -  Split ID: 0
2024-05-23 05:40:04,072 - INFO -  Top 1	(Epoch 10)acc (%):   60.2
2024-05-23 05:40:04,072 - INFO -  Top 3	(Epoch 10)acc (%):   77.9
2024-05-23 05:40:04,072 - INFO -  Top 5	(Epoch 10)acc (%):   83.29
2024-05-23 05:40:04,072 - INFO -  Top 10	(Epoch 10)acc (%):   88.5
2024-05-23 05:40:33,999 - INFO -  Split ID: 0
2024-05-23 05:40:33,999 - INFO -  Top 1	(Epoch 10)acc (%):   72.64
2024-05-23 05:40:33,999 - INFO -  Top 3	(Epoch 10)acc (%):   87.13
2024-05-23 05:40:33,999 - INFO -  Top 5	(Epoch 10)acc (%):   90.68
2024-05-23 05:40:33,999 - INFO -  Top 10	(Epoch 10)acc (%):   93.9
2024-05-23 05:40:34,000 - INFO - 
Epoch	11
2024-05-23 05:41:00,650 - INFO - [204800/436063]	Loss  : 0.3429
2024-05-23 05:41:07,549 - INFO - [262144/436063]	Loss  : 0.3438
2024-05-23 05:41:10,106 - INFO - Test loss   : 0.2411
2024-05-23 05:41:10,106 - INFO - 
Epoch	12
2024-05-23 05:41:36,903 - INFO - [204800/436063]	Loss  : 0.3382
2024-05-23 05:41:43,738 - INFO - [262144/436063]	Loss  : 0.3395
2024-05-23 05:41:46,196 - INFO - Test loss   : 0.2388
2024-05-23 05:41:46,196 - INFO - 
Epoch	13
2024-05-23 05:42:12,803 - INFO - [204800/436063]	Loss  : 0.3343
2024-05-23 05:42:20,440 - INFO - [262144/436063]	Loss  : 0.3351
2024-05-23 05:42:22,979 - INFO - Test loss   : 0.2510
2024-05-23 05:42:22,979 - INFO - 
Epoch	14
2024-05-23 05:42:49,782 - INFO - [204800/436063]	Loss  : 0.3292
2024-05-23 05:42:57,008 - INFO - [262144/436063]	Loss  : 0.3304
2024-05-23 05:42:59,922 - INFO - Test loss   : 0.2415
2024-05-23 05:42:59,922 - INFO - 
Epoch	15
2024-05-23 05:43:26,544 - INFO - [204800/436063]	Loss  : 0.3253
2024-05-23 05:43:33,638 - INFO - [262144/436063]	Loss  : 0.3268
2024-05-23 05:43:36,175 - INFO - Test loss   : 0.2469
2024-05-23 05:43:36,176 - INFO - 
Epoch	16
2024-05-23 05:44:02,397 - INFO - [204800/436063]	Loss  : 0.3220
2024-05-23 05:44:09,172 - INFO - [262144/436063]	Loss  : 0.3234
2024-05-23 05:44:11,672 - INFO - Test loss   : 0.2457
2024-05-23 05:44:11,673 - INFO - 
Epoch	17
2024-05-23 05:44:39,064 - INFO - [204800/436063]	Loss  : 0.3186
2024-05-23 05:44:46,604 - INFO - [262144/436063]	Loss  : 0.3199
2024-05-23 05:44:49,714 - INFO - Test loss   : 0.2599
2024-05-23 05:44:49,714 - INFO - 
Epoch	18
2024-05-23 05:45:18,186 - INFO - [204800/436063]	Loss  : 0.3156
2024-05-23 05:45:24,952 - INFO - [262144/436063]	Loss  : 0.3167
2024-05-23 05:45:27,605 - INFO - Test loss   : 0.2643
2024-05-23 05:45:27,605 - INFO - 
Epoch	19
2024-05-23 05:45:55,661 - INFO - [204800/436063]	Loss  : 0.3135
2024-05-23 05:46:02,502 - INFO - [262144/436063]	Loss  : 0.3145
2024-05-23 05:46:05,336 - INFO - Test loss   : 0.2652
2024-05-23 05:46:05,336 - INFO - 
Epoch	20
2024-05-23 05:46:32,027 - INFO - [204800/436063]	Loss  : 0.3110
2024-05-23 05:46:38,750 - INFO - [262144/436063]	Loss  : 0.3121
2024-05-23 05:46:41,262 - INFO - Test loss   : 0.2776
2024-05-23 05:46:41,918 - INFO - (24343,)
2024-05-23 05:47:02,505 - INFO -  Split ID: 0
2024-05-23 05:47:02,514 - INFO -  Top 1	LocEnc (Epoch 20)acc (%):   2.27
2024-05-23 05:47:02,515 - INFO -  Top 3	LocEnc (Epoch 20)acc (%):   5.93
2024-05-23 05:47:02,516 - INFO -  Top 5	LocEnc (Epoch 20)acc (%):   9.08
2024-05-23 05:47:02,517 - INFO -  Top 10	LocEnc (Epoch 20)acc (%):   15.54
2024-05-23 05:47:02,626 - INFO - 
No prior
2024-05-23 05:47:02,860 - INFO - (24426,)
2024-05-23 05:47:12,503 - INFO -  Split ID: 0
2024-05-23 05:47:12,503 - INFO -  Top 1	(Epoch 20)acc (%):   60.2
2024-05-23 05:47:12,503 - INFO -  Top 3	(Epoch 20)acc (%):   77.9
2024-05-23 05:47:12,503 - INFO -  Top 5	(Epoch 20)acc (%):   83.29
2024-05-23 05:47:12,503 - INFO -  Top 10	(Epoch 20)acc (%):   88.5
2024-05-23 05:47:40,595 - INFO -  Split ID: 0
2024-05-23 05:47:40,595 - INFO -  Top 1	(Epoch 20)acc (%):   72.84
2024-05-23 05:47:40,595 - INFO -  Top 3	(Epoch 20)acc (%):   87.19
2024-05-23 05:47:40,595 - INFO -  Top 5	(Epoch 20)acc (%):   90.61
2024-05-23 05:47:40,595 - INFO -  Top 10	(Epoch 20)acc (%):   93.84
2024-05-23 05:47:40,595 - INFO - 
Epoch	21
2024-05-23 05:48:06,944 - INFO - [204800/436063]	Loss  : 0.3080
2024-05-23 05:48:13,877 - INFO - [262144/436063]	Loss  : 0.3092
2024-05-23 05:48:16,338 - INFO - Test loss   : 0.2837
2024-05-23 05:48:16,339 - INFO - 
Epoch	22
2024-05-23 05:48:43,773 - INFO - [204800/436063]	Loss  : 0.3057
2024-05-23 05:48:50,882 - INFO - [262144/436063]	Loss  : 0.3070
2024-05-23 05:48:53,540 - INFO - Test loss   : 0.2748
2024-05-23 05:48:53,540 - INFO - 
Epoch	23
2024-05-23 05:49:22,125 - INFO - [204800/436063]	Loss  : 0.3032
2024-05-23 05:49:29,354 - INFO - [262144/436063]	Loss  : 0.3043
2024-05-23 05:49:32,110 - INFO - Test loss   : 0.2850
2024-05-23 05:49:32,110 - INFO - 
Epoch	24
2024-05-23 05:50:01,249 - INFO - [204800/436063]	Loss  : 0.3026
2024-05-23 05:50:08,635 - INFO - [262144/436063]	Loss  : 0.3036
2024-05-23 05:50:11,269 - INFO - Test loss   : 0.3011
2024-05-23 05:50:11,269 - INFO - 
Epoch	25
2024-05-23 05:50:39,605 - INFO - [204800/436063]	Loss  : 0.2990
2024-05-23 05:50:46,553 - INFO - [262144/436063]	Loss  : 0.3000
2024-05-23 05:50:49,718 - INFO - Test loss   : 0.2937
2024-05-23 05:50:49,718 - INFO - 
Epoch	26
2024-05-23 05:51:19,015 - INFO - [204800/436063]	Loss  : 0.2978
2024-05-23 05:51:26,420 - INFO - [262144/436063]	Loss  : 0.2989
2024-05-23 05:51:29,128 - INFO - Test loss   : 0.3055
2024-05-23 05:51:29,128 - INFO - 
Epoch	27
2024-05-23 05:51:57,573 - INFO - [204800/436063]	Loss  : 0.2965
2024-05-23 05:52:05,529 - INFO - [262144/436063]	Loss  : 0.2973
2024-05-23 05:52:08,328 - INFO - Test loss   : 0.3043
2024-05-23 05:52:08,328 - INFO - 
Epoch	28
2024-05-23 05:52:36,240 - INFO - [204800/436063]	Loss  : 0.2944
2024-05-23 05:52:43,060 - INFO - [262144/436063]	Loss  : 0.2956
2024-05-23 05:52:45,816 - INFO - Test loss   : 0.3125
2024-05-23 05:52:45,816 - INFO - 
Epoch	29
2024-05-23 05:53:26,604 - INFO - [204800/436063]	Loss  : 0.2924
2024-05-23 05:53:37,679 - INFO - [262144/436063]	Loss  : 0.2938
2024-05-23 05:53:41,881 - INFO - Test loss   : 0.3090
2024-05-23 05:53:41,881 - INFO - 
Epoch	30
2024-05-23 05:54:22,428 - INFO - [204800/436063]	Loss  : 0.2912
2024-05-23 05:54:33,469 - INFO - [262144/436063]	Loss  : 0.2922
2024-05-23 05:54:37,703 - INFO - Test loss   : 0.3120
2024-05-23 05:54:38,378 - INFO - (24343,)
2024-05-23 05:54:58,914 - INFO -  Split ID: 0
2024-05-23 05:54:58,924 - INFO -  Top 1	LocEnc (Epoch 30)acc (%):   2.88
2024-05-23 05:54:58,924 - INFO -  Top 3	LocEnc (Epoch 30)acc (%):   7.01
2024-05-23 05:54:58,925 - INFO -  Top 5	LocEnc (Epoch 30)acc (%):   10.62
2024-05-23 05:54:58,926 - INFO -  Top 10	LocEnc (Epoch 30)acc (%):   17.42
2024-05-23 05:54:59,027 - INFO - 
No prior
2024-05-23 05:54:59,244 - INFO - (24426,)
2024-05-23 05:55:08,869 - INFO -  Split ID: 0
2024-05-23 05:55:08,870 - INFO -  Top 1	(Epoch 30)acc (%):   60.2
2024-05-23 05:55:08,871 - INFO -  Top 3	(Epoch 30)acc (%):   77.9
2024-05-23 05:55:08,871 - INFO -  Top 5	(Epoch 30)acc (%):   83.29
2024-05-23 05:55:08,871 - INFO -  Top 10	(Epoch 30)acc (%):   88.5
2024-05-23 05:55:59,139 - INFO -  Split ID: 0
2024-05-23 05:55:59,140 - INFO -  Top 1	(Epoch 30)acc (%):   72.94
2024-05-23 05:55:59,140 - INFO -  Top 3	(Epoch 30)acc (%):   87.16
2024-05-23 05:55:59,140 - INFO -  Top 5	(Epoch 30)acc (%):   90.51
2024-05-23 05:55:59,140 - INFO -  Top 10	(Epoch 30)acc (%):   93.74
2024-05-23 05:55:59,140 - INFO - 
Epoch	31
2024-05-23 05:56:51,490 - INFO - [204800/436063]	Loss  : 0.2902
2024-05-23 05:57:05,021 - INFO - [262144/436063]	Loss  : 0.2909
2024-05-23 05:57:10,391 - INFO - Test loss   : 0.3356
2024-05-23 05:57:10,391 - INFO - 
Epoch	32
2024-05-23 05:58:01,783 - INFO - [204800/436063]	Loss  : 0.2880
2024-05-23 05:58:14,540 - INFO - [262144/436063]	Loss  : 0.2888
2024-05-23 05:58:20,035 - INFO - Test loss   : 0.3137
2024-05-23 05:58:20,035 - INFO - 
Epoch	33
2024-05-23 05:59:10,669 - INFO - [204800/436063]	Loss  : 0.2868
2024-05-23 05:59:23,395 - INFO - [262144/436063]	Loss  : 0.2883
2024-05-23 05:59:28,831 - INFO - Test loss   : 0.3155
2024-05-23 05:59:28,831 - INFO - 
Epoch	34
2024-05-23 06:00:20,739 - INFO - [204800/436063]	Loss  : 0.2864
2024-05-23 06:00:34,139 - INFO - [262144/436063]	Loss  : 0.2874
2024-05-23 06:00:38,765 - INFO - Test loss   : 0.3280
2024-05-23 06:00:38,765 - INFO - 
Epoch	35
2024-05-23 06:01:29,415 - INFO - [204800/436063]	Loss  : 0.2845
2024-05-23 06:01:43,827 - INFO - [262144/436063]	Loss  : 0.2854
2024-05-23 06:01:49,364 - INFO - Test loss   : 0.3337
2024-05-23 06:01:49,364 - INFO - 
Epoch	36
2024-05-23 06:02:39,119 - INFO - [204800/436063]	Loss  : 0.2839
2024-05-23 06:02:52,740 - INFO - [262144/436063]	Loss  : 0.2848
2024-05-23 06:02:57,592 - INFO - Test loss   : 0.3352
2024-05-23 06:02:57,592 - INFO - 
Epoch	37
2024-05-23 06:03:50,089 - INFO - [204800/436063]	Loss  : 0.2823
2024-05-23 06:04:03,674 - INFO - [262144/436063]	Loss  : 0.2829
2024-05-23 06:04:08,635 - INFO - Test loss   : 0.3521
2024-05-23 06:04:08,636 - INFO - 
Epoch	38
2024-05-23 06:05:00,680 - INFO - [204800/436063]	Loss  : 0.2814
2024-05-23 06:05:13,938 - INFO - [262144/436063]	Loss  : 0.2818
2024-05-23 06:05:18,945 - INFO - Test loss   : 0.3494
2024-05-23 06:05:18,946 - INFO - 
Epoch	39
2024-05-23 06:06:08,693 - INFO - [204800/436063]	Loss  : 0.2807
2024-05-23 06:06:22,882 - INFO - [262144/436063]	Loss  : 0.2813
2024-05-23 06:06:28,520 - INFO - Test loss   : 0.3510
2024-05-23 06:06:28,520 - INFO - 
Epoch	40
2024-05-23 06:07:18,836 - INFO - [204800/436063]	Loss  : 0.2792
2024-05-23 06:07:32,254 - INFO - [262144/436063]	Loss  : 0.2800
2024-05-23 06:07:36,876 - INFO - Test loss   : 0.3501
2024-05-23 06:07:37,604 - INFO - (24343,)
2024-05-23 06:07:58,108 - INFO -  Split ID: 0
2024-05-23 06:07:58,117 - INFO -  Top 1	LocEnc (Epoch 40)acc (%):   2.98
2024-05-23 06:07:58,118 - INFO -  Top 3	LocEnc (Epoch 40)acc (%):   7.48
2024-05-23 06:07:58,119 - INFO -  Top 5	LocEnc (Epoch 40)acc (%):   11.11
2024-05-23 06:07:58,119 - INFO -  Top 10	LocEnc (Epoch 40)acc (%):   18.35
2024-05-23 06:07:58,224 - INFO - 
No prior
2024-05-23 06:07:58,450 - INFO - (24426,)
2024-05-23 06:08:08,081 - INFO -  Split ID: 0
2024-05-23 06:08:08,081 - INFO -  Top 1	(Epoch 40)acc (%):   60.2
2024-05-23 06:08:08,081 - INFO -  Top 3	(Epoch 40)acc (%):   77.9
2024-05-23 06:08:08,081 - INFO -  Top 5	(Epoch 40)acc (%):   83.29
2024-05-23 06:08:08,081 - INFO -  Top 10	(Epoch 40)acc (%):   88.5
2024-05-23 06:08:58,254 - INFO -  Split ID: 0
2024-05-23 06:08:58,254 - INFO -  Top 1	(Epoch 40)acc (%):   72.94
2024-05-23 06:08:58,254 - INFO -  Top 3	(Epoch 40)acc (%):   87.15
2024-05-23 06:08:58,255 - INFO -  Top 5	(Epoch 40)acc (%):   90.52
2024-05-23 06:08:58,255 - INFO -  Top 10	(Epoch 40)acc (%):   93.68
2024-05-23 06:08:58,255 - INFO - 
Epoch	41
2024-05-23 06:09:50,745 - INFO - [204800/436063]	Loss  : 0.2782
2024-05-23 06:10:04,832 - INFO - [262144/436063]	Loss  : 0.2792
2024-05-23 06:10:10,411 - INFO - Test loss   : 0.3579
2024-05-23 06:10:10,411 - INFO - 
Epoch	42
2024-05-23 06:11:02,655 - INFO - [204800/436063]	Loss  : 0.2780
2024-05-23 06:11:16,700 - INFO - [262144/436063]	Loss  : 0.2789
2024-05-23 06:11:21,988 - INFO - Test loss   : 0.3540
2024-05-23 06:11:21,988 - INFO - 
Epoch	43
2024-05-23 06:12:14,373 - INFO - [204800/436063]	Loss  : 0.2770
2024-05-23 06:12:27,142 - INFO - [262144/436063]	Loss  : 0.2779
2024-05-23 06:12:32,538 - INFO - Test loss   : 0.3522
2024-05-23 06:12:32,538 - INFO - 
Epoch	44
2024-05-23 06:13:23,796 - INFO - [204800/436063]	Loss  : 0.2754
2024-05-23 06:13:37,609 - INFO - [262144/436063]	Loss  : 0.2762
2024-05-23 06:13:42,434 - INFO - Test loss   : 0.3580
2024-05-23 06:13:42,434 - INFO - 
Epoch	45
2024-05-23 06:14:32,888 - INFO - [204800/436063]	Loss  : 0.2747
2024-05-23 06:14:46,222 - INFO - [262144/436063]	Loss  : 0.2755
2024-05-23 06:14:51,946 - INFO - Test loss   : 0.3681
2024-05-23 06:14:51,946 - INFO - 
Epoch	46
2024-05-23 06:15:41,850 - INFO - [204800/436063]	Loss  : 0.2738
2024-05-23 06:15:54,717 - INFO - [262144/436063]	Loss  : 0.2749
2024-05-23 06:15:59,804 - INFO - Test loss   : 0.3604
2024-05-23 06:15:59,804 - INFO - 
Epoch	47
2024-05-23 06:16:50,874 - INFO - [204800/436063]	Loss  : 0.2731
2024-05-23 06:17:04,516 - INFO - [262144/436063]	Loss  : 0.2738
2024-05-23 06:17:10,019 - INFO - Test loss   : 0.3727
2024-05-23 06:17:10,020 - INFO - 
Epoch	48
2024-05-23 06:18:00,901 - INFO - [204800/436063]	Loss  : 0.2719
2024-05-23 06:18:15,483 - INFO - [262144/436063]	Loss  : 0.2728
2024-05-23 06:18:20,766 - INFO - Test loss   : 0.3884
2024-05-23 06:18:20,766 - INFO - 
Epoch	49
2024-05-23 06:19:12,540 - INFO - [204800/436063]	Loss  : 0.2716
2024-05-23 06:19:26,222 - INFO - [262144/436063]	Loss  : 0.2720
2024-05-23 06:19:31,131 - INFO - Test loss   : 0.3862
2024-05-23 06:19:31,131 - INFO - 
Epoch	50
2024-05-23 06:20:23,060 - INFO - [204800/436063]	Loss  : 0.2706
2024-05-23 06:20:35,436 - INFO - [262144/436063]	Loss  : 0.2712
2024-05-23 06:20:40,439 - INFO - Test loss   : 0.3867
2024-05-23 06:20:41,159 - INFO - (24343,)
2024-05-23 06:21:01,712 - INFO -  Split ID: 0
2024-05-23 06:21:01,721 - INFO -  Top 1	LocEnc (Epoch 50)acc (%):   3.38
2024-05-23 06:21:01,722 - INFO -  Top 3	LocEnc (Epoch 50)acc (%):   8.13
2024-05-23 06:21:01,723 - INFO -  Top 5	LocEnc (Epoch 50)acc (%):   12.21
2024-05-23 06:21:01,723 - INFO -  Top 10	LocEnc (Epoch 50)acc (%):   19.72
2024-05-23 06:21:01,833 - INFO - 
No prior
2024-05-23 06:21:02,061 - INFO - (24426,)
2024-05-23 06:21:11,740 - INFO -  Split ID: 0
2024-05-23 06:21:11,740 - INFO -  Top 1	(Epoch 50)acc (%):   60.2
2024-05-23 06:21:11,740 - INFO -  Top 3	(Epoch 50)acc (%):   77.9
2024-05-23 06:21:11,740 - INFO -  Top 5	(Epoch 50)acc (%):   83.29
2024-05-23 06:21:11,740 - INFO -  Top 10	(Epoch 50)acc (%):   88.5
2024-05-23 06:22:02,803 - INFO -  Split ID: 0
2024-05-23 06:22:02,803 - INFO -  Top 1	(Epoch 50)acc (%):   73.04
2024-05-23 06:22:02,803 - INFO -  Top 3	(Epoch 50)acc (%):   87.08
2024-05-23 06:22:02,803 - INFO -  Top 5	(Epoch 50)acc (%):   90.44
2024-05-23 06:22:02,803 - INFO -  Top 10	(Epoch 50)acc (%):   93.56
2024-05-23 06:22:02,804 - INFO - 
Epoch	51
2024-05-23 06:22:53,093 - INFO - [204800/436063]	Loss  : 0.2694
2024-05-23 06:23:07,158 - INFO - [262144/436063]	Loss  : 0.2704
2024-05-23 06:23:12,230 - INFO - Test loss   : 0.3792
2024-05-23 06:23:12,230 - INFO - 
Epoch	52
2024-05-23 06:24:04,508 - INFO - [204800/436063]	Loss  : 0.2696
2024-05-23 06:24:17,541 - INFO - [262144/436063]	Loss  : 0.2703
2024-05-23 06:24:22,831 - INFO - Test loss   : 0.3968
2024-05-23 06:24:22,832 - INFO - 
Epoch	53
2024-05-23 06:25:16,492 - INFO - [204800/436063]	Loss  : 0.2682
2024-05-23 06:25:29,936 - INFO - [262144/436063]	Loss  : 0.2689
2024-05-23 06:25:35,018 - INFO - Test loss   : 0.3882
2024-05-23 06:25:35,018 - INFO - 
Epoch	54
2024-05-23 06:26:27,551 - INFO - [204800/436063]	Loss  : 0.2677
2024-05-23 06:26:41,266 - INFO - [262144/436063]	Loss  : 0.2682
2024-05-23 06:26:46,778 - INFO - Test loss   : 0.3907
2024-05-23 06:26:46,778 - INFO - 
Epoch	55
2024-05-23 06:27:39,069 - INFO - [204800/436063]	Loss  : 0.2666
2024-05-23 06:27:52,432 - INFO - [262144/436063]	Loss  : 0.2675
2024-05-23 06:27:57,215 - INFO - Test loss   : 0.3924
2024-05-23 06:27:57,215 - INFO - 
Epoch	56
2024-05-23 06:28:49,060 - INFO - [204800/436063]	Loss  : 0.2661
2024-05-23 06:29:02,600 - INFO - [262144/436063]	Loss  : 0.2666
2024-05-23 06:29:07,507 - INFO - Test loss   : 0.4021
2024-05-23 06:29:07,507 - INFO - 
Epoch	57
2024-05-23 06:29:58,992 - INFO - [204800/436063]	Loss  : 0.2659
2024-05-23 06:30:12,026 - INFO - [262144/436063]	Loss  : 0.2666
2024-05-23 06:30:17,584 - INFO - Test loss   : 0.4034
2024-05-23 06:30:17,584 - INFO - 
Epoch	58
2024-05-23 06:31:09,088 - INFO - [204800/436063]	Loss  : 0.2645
2024-05-23 06:31:19,939 - INFO - [262144/436063]	Loss  : 0.2651
2024-05-23 06:31:24,554 - INFO - Test loss   : 0.4077
2024-05-23 06:31:24,555 - INFO - 
Epoch	59
2024-05-23 06:32:09,855 - INFO - [204800/436063]	Loss  : 0.2649
2024-05-23 06:32:21,267 - INFO - [262144/436063]	Loss  : 0.2653
2024-05-23 06:32:25,757 - INFO - Test loss   : 0.4071
2024-05-23 06:32:25,757 - INFO - 
Epoch	60
2024-05-23 06:33:09,530 - INFO - [204800/436063]	Loss  : 0.2630
2024-05-23 06:33:18,870 - INFO - [262144/436063]	Loss  : 0.2639
2024-05-23 06:33:24,162 - INFO - Test loss   : 0.4045
2024-05-23 06:33:24,888 - INFO - (24343,)
2024-05-23 06:33:45,470 - INFO -  Split ID: 0
2024-05-23 06:33:45,480 - INFO -  Top 1	LocEnc (Epoch 60)acc (%):   3.8
2024-05-23 06:33:45,481 - INFO -  Top 3	LocEnc (Epoch 60)acc (%):   9.0
2024-05-23 06:33:45,481 - INFO -  Top 5	LocEnc (Epoch 60)acc (%):   13.02
2024-05-23 06:33:45,482 - INFO -  Top 10	LocEnc (Epoch 60)acc (%):   20.64
2024-05-23 06:33:45,590 - INFO - 
No prior
2024-05-23 06:33:45,817 - INFO - (24426,)
2024-05-23 06:33:55,501 - INFO -  Split ID: 0
2024-05-23 06:33:55,501 - INFO -  Top 1	(Epoch 60)acc (%):   60.2
2024-05-23 06:33:55,501 - INFO -  Top 3	(Epoch 60)acc (%):   77.9
2024-05-23 06:33:55,501 - INFO -  Top 5	(Epoch 60)acc (%):   83.29
2024-05-23 06:33:55,501 - INFO -  Top 10	(Epoch 60)acc (%):   88.5
2024-05-23 06:34:49,730 - INFO -  Split ID: 0
2024-05-23 06:34:49,730 - INFO -  Top 1	(Epoch 60)acc (%):   73.03
2024-05-23 06:34:49,730 - INFO -  Top 3	(Epoch 60)acc (%):   86.94
2024-05-23 06:34:49,730 - INFO -  Top 5	(Epoch 60)acc (%):   90.43
2024-05-23 06:34:49,730 - INFO -  Top 10	(Epoch 60)acc (%):   93.48
2024-05-23 06:34:49,731 - INFO - 
Epoch	61
2024-05-23 06:35:46,626 - INFO - [204800/436063]	Loss  : 0.2631
2024-05-23 06:36:00,787 - INFO - [262144/436063]	Loss  : 0.2634
2024-05-23 06:36:06,587 - INFO - Test loss   : 0.4228
2024-05-23 06:36:06,587 - INFO - 
Epoch	62
2024-05-23 06:37:02,842 - INFO - [204800/436063]	Loss  : 0.2629
2024-05-23 06:37:17,096 - INFO - [262144/436063]	Loss  : 0.2632
2024-05-23 06:37:23,265 - INFO - Test loss   : 0.4132
2024-05-23 06:37:23,265 - INFO - 
Epoch	63
2024-05-23 06:38:19,866 - INFO - [204800/436063]	Loss  : 0.2614
2024-05-23 06:38:34,466 - INFO - [262144/436063]	Loss  : 0.2625
2024-05-23 06:38:39,981 - INFO - Test loss   : 0.4119
2024-05-23 06:38:39,982 - INFO - 
Epoch	64
2024-05-23 06:39:35,894 - INFO - [204800/436063]	Loss  : 0.2616
2024-05-23 06:39:50,468 - INFO - [262144/436063]	Loss  : 0.2619
2024-05-23 06:39:56,816 - INFO - Test loss   : 0.4061
2024-05-23 06:39:56,816 - INFO - 
Epoch	65
2024-05-23 06:40:53,580 - INFO - [204800/436063]	Loss  : 0.2605
2024-05-23 06:41:08,347 - INFO - [262144/436063]	Loss  : 0.2612
2024-05-23 06:41:14,545 - INFO - Test loss   : 0.4170
2024-05-23 06:41:14,545 - INFO - 
Epoch	66
2024-05-23 06:42:10,958 - INFO - [204800/436063]	Loss  : 0.2601
2024-05-23 06:42:25,814 - INFO - [262144/436063]	Loss  : 0.2609
2024-05-23 06:42:31,983 - INFO - Test loss   : 0.4189
2024-05-23 06:42:31,983 - INFO - 
Epoch	67
2024-05-23 06:43:28,712 - INFO - [204800/436063]	Loss  : 0.2601
2024-05-23 06:43:43,225 - INFO - [262144/436063]	Loss  : 0.2603
2024-05-23 06:43:49,510 - INFO - Test loss   : 0.4320
2024-05-23 06:43:49,510 - INFO - 
Epoch	68
2024-05-23 06:44:46,252 - INFO - [204800/436063]	Loss  : 0.2589
2024-05-23 06:45:00,597 - INFO - [262144/436063]	Loss  : 0.2599
2024-05-23 06:45:06,064 - INFO - Test loss   : 0.4146
2024-05-23 06:45:06,064 - INFO - 
Epoch	69
2024-05-23 06:46:02,159 - INFO - [204800/436063]	Loss  : 0.2591
2024-05-23 06:46:16,781 - INFO - [262144/436063]	Loss  : 0.2599
2024-05-23 06:46:22,734 - INFO - Test loss   : 0.4208
2024-05-23 06:46:22,734 - INFO - 
Epoch	70
2024-05-23 06:47:18,830 - INFO - [204800/436063]	Loss  : 0.2580
2024-05-23 06:47:33,147 - INFO - [262144/436063]	Loss  : 0.2588
2024-05-23 06:47:39,101 - INFO - Test loss   : 0.4272
2024-05-23 06:47:39,828 - INFO - (24343,)
2024-05-23 06:48:00,474 - INFO -  Split ID: 0
2024-05-23 06:48:00,483 - INFO -  Top 1	LocEnc (Epoch 70)acc (%):   4.01
2024-05-23 06:48:00,484 - INFO -  Top 3	LocEnc (Epoch 70)acc (%):   9.23
2024-05-23 06:48:00,485 - INFO -  Top 5	LocEnc (Epoch 70)acc (%):   13.42
2024-05-23 06:48:00,486 - INFO -  Top 10	LocEnc (Epoch 70)acc (%):   21.0
2024-05-23 06:48:00,596 - INFO - 
No prior
2024-05-23 06:48:00,829 - INFO - (24426,)
2024-05-23 06:48:10,518 - INFO -  Split ID: 0
2024-05-23 06:48:10,519 - INFO -  Top 1	(Epoch 70)acc (%):   60.2
2024-05-23 06:48:10,519 - INFO -  Top 3	(Epoch 70)acc (%):   77.9
2024-05-23 06:48:10,519 - INFO -  Top 5	(Epoch 70)acc (%):   83.29
2024-05-23 06:48:10,519 - INFO -  Top 10	(Epoch 70)acc (%):   88.5
2024-05-23 06:49:04,296 - INFO -  Split ID: 0
2024-05-23 06:49:04,297 - INFO -  Top 1	(Epoch 70)acc (%):   73.07
2024-05-23 06:49:04,297 - INFO -  Top 3	(Epoch 70)acc (%):   86.84
2024-05-23 06:49:04,297 - INFO -  Top 5	(Epoch 70)acc (%):   90.33
2024-05-23 06:49:04,297 - INFO -  Top 10	(Epoch 70)acc (%):   93.44
2024-05-23 06:49:04,297 - INFO - 
Epoch	71
2024-05-23 06:50:00,533 - INFO - [204800/436063]	Loss  : 0.2576
2024-05-23 06:50:15,481 - INFO - [262144/436063]	Loss  : 0.2584
2024-05-23 06:50:21,449 - INFO - Test loss   : 0.4294
2024-05-23 06:50:21,449 - INFO - 
Epoch	72
2024-05-23 06:51:17,146 - INFO - [204800/436063]	Loss  : 0.2569
2024-05-23 06:51:31,420 - INFO - [262144/436063]	Loss  : 0.2576
2024-05-23 06:51:37,154 - INFO - Test loss   : 0.4235
2024-05-23 06:51:37,154 - INFO - 
Epoch	73
2024-05-23 06:52:34,067 - INFO - [204800/436063]	Loss  : 0.2566
2024-05-23 06:52:48,995 - INFO - [262144/436063]	Loss  : 0.2572
2024-05-23 06:52:55,047 - INFO - Test loss   : 0.4322
2024-05-23 06:52:55,048 - INFO - 
Epoch	74
2024-05-23 06:53:51,495 - INFO - [204800/436063]	Loss  : 0.2565
2024-05-23 06:54:06,498 - INFO - [262144/436063]	Loss  : 0.2572
2024-05-23 06:54:12,448 - INFO - Test loss   : 0.4395
2024-05-23 06:54:12,448 - INFO - 
Epoch	75
2024-05-23 06:55:07,139 - INFO - [204800/436063]	Loss  : 0.2557
2024-05-23 06:55:20,684 - INFO - [262144/436063]	Loss  : 0.2560
2024-05-23 06:55:25,730 - INFO - Test loss   : 0.4454
2024-05-23 06:55:25,730 - INFO - 
Epoch	76
2024-05-23 06:56:15,942 - INFO - [204800/436063]	Loss  : 0.2554
2024-05-23 06:56:29,938 - INFO - [262144/436063]	Loss  : 0.2559
2024-05-23 06:56:35,450 - INFO - Test loss   : 0.4328
2024-05-23 06:56:35,450 - INFO - 
Epoch	77
2024-05-23 06:57:26,005 - INFO - [204800/436063]	Loss  : 0.2554
2024-05-23 06:57:39,441 - INFO - [262144/436063]	Loss  : 0.2557
2024-05-23 06:57:44,408 - INFO - Test loss   : 0.4421
2024-05-23 06:57:44,408 - INFO - 
Epoch	78
2024-05-23 06:58:36,540 - INFO - [204800/436063]	Loss  : 0.2546
2024-05-23 06:58:49,836 - INFO - [262144/436063]	Loss  : 0.2550
2024-05-23 06:58:55,015 - INFO - Test loss   : 0.4456
2024-05-23 06:58:55,015 - INFO - 
Epoch	79
2024-05-23 06:59:44,554 - INFO - [204800/436063]	Loss  : 0.2541
2024-05-23 06:59:58,128 - INFO - [262144/436063]	Loss  : 0.2546
2024-05-23 07:00:03,709 - INFO - Test loss   : 0.4569
2024-05-23 07:00:03,710 - INFO - 
Epoch	80
2024-05-23 07:00:54,351 - INFO - [204800/436063]	Loss  : 0.2538
2024-05-23 07:01:07,608 - INFO - [262144/436063]	Loss  : 0.2544
2024-05-23 07:01:12,587 - INFO - Test loss   : 0.4421
2024-05-23 07:01:13,322 - INFO - (24343,)
2024-05-23 07:01:33,908 - INFO -  Split ID: 0
2024-05-23 07:01:33,917 - INFO -  Top 1	LocEnc (Epoch 80)acc (%):   4.04
2024-05-23 07:01:33,918 - INFO -  Top 3	LocEnc (Epoch 80)acc (%):   9.54
2024-05-23 07:01:33,919 - INFO -  Top 5	LocEnc (Epoch 80)acc (%):   13.7
2024-05-23 07:01:33,919 - INFO -  Top 10	LocEnc (Epoch 80)acc (%):   21.68
2024-05-23 07:01:34,020 - INFO - 
No prior
2024-05-23 07:01:34,239 - INFO - (24426,)
2024-05-23 07:01:43,886 - INFO -  Split ID: 0
2024-05-23 07:01:43,886 - INFO -  Top 1	(Epoch 80)acc (%):   60.2
2024-05-23 07:01:43,886 - INFO -  Top 3	(Epoch 80)acc (%):   77.9
2024-05-23 07:01:43,886 - INFO -  Top 5	(Epoch 80)acc (%):   83.29
2024-05-23 07:01:43,886 - INFO -  Top 10	(Epoch 80)acc (%):   88.5
2024-05-23 07:02:32,911 - INFO -  Split ID: 0
2024-05-23 07:02:32,911 - INFO -  Top 1	(Epoch 80)acc (%):   72.99
2024-05-23 07:02:32,911 - INFO -  Top 3	(Epoch 80)acc (%):   86.81
2024-05-23 07:02:32,912 - INFO -  Top 5	(Epoch 80)acc (%):   90.26
2024-05-23 07:02:32,912 - INFO -  Top 10	(Epoch 80)acc (%):   93.36
2024-05-23 07:02:32,912 - INFO - 
Epoch	81
2024-05-23 07:03:22,695 - INFO - [204800/436063]	Loss  : 0.2525
2024-05-23 07:03:36,000 - INFO - [262144/436063]	Loss  : 0.2537
2024-05-23 07:03:42,014 - INFO - Test loss   : 0.4454
2024-05-23 07:03:42,014 - INFO - 
Epoch	82
2024-05-23 07:04:34,854 - INFO - [204800/436063]	Loss  : 0.2530
2024-05-23 07:04:48,218 - INFO - [262144/436063]	Loss  : 0.2535
2024-05-23 07:04:53,470 - INFO - Test loss   : 0.4588
2024-05-23 07:04:53,470 - INFO - 
Epoch	83
2024-05-23 07:05:43,640 - INFO - [204800/436063]	Loss  : 0.2527
2024-05-23 07:05:56,787 - INFO - [262144/436063]	Loss  : 0.2532
2024-05-23 07:06:02,085 - INFO - Test loss   : 0.4628
2024-05-23 07:06:02,086 - INFO - 
Epoch	84
2024-05-23 07:06:53,419 - INFO - [204800/436063]	Loss  : 0.2525
2024-05-23 07:07:06,761 - INFO - [262144/436063]	Loss  : 0.2531
2024-05-23 07:07:12,011 - INFO - Test loss   : 0.4577
2024-05-23 07:07:12,011 - INFO - 
Epoch	85
2024-05-23 07:08:02,864 - INFO - [204800/436063]	Loss  : 0.2519
2024-05-23 07:08:11,904 - INFO - [262144/436063]	Loss  : 0.2523
2024-05-23 07:08:15,306 - INFO - Test loss   : 0.4559
2024-05-23 07:08:15,306 - INFO - 
Epoch	86
2024-05-23 07:08:50,465 - INFO - [204800/436063]	Loss  : 0.2519
2024-05-23 07:08:58,651 - INFO - [262144/436063]	Loss  : 0.2523
2024-05-23 07:09:01,792 - INFO - Test loss   : 0.4605
2024-05-23 07:09:01,792 - INFO - 
Epoch	87
2024-05-23 07:09:17,385 - INFO - [204800/436063]	Loss  : 0.2508
2024-05-23 07:09:20,873 - INFO - [262144/436063]	Loss  : 0.2511
2024-05-23 07:09:22,203 - INFO - Test loss   : 0.4714
2024-05-23 07:09:22,203 - INFO - 
Epoch	88
2024-05-23 07:09:35,638 - INFO - [204800/436063]	Loss  : 0.2510
2024-05-23 07:09:38,975 - INFO - [262144/436063]	Loss  : 0.2510
2024-05-23 07:09:40,318 - INFO - Test loss   : 0.4641
2024-05-23 07:09:40,319 - INFO - 
Epoch	89
2024-05-23 07:09:53,814 - INFO - [204800/436063]	Loss  : 0.2504
2024-05-23 07:09:57,419 - INFO - [262144/436063]	Loss  : 0.2501
2024-05-23 07:09:58,835 - INFO - Test loss   : 0.4725
2024-05-23 07:09:58,836 - INFO - 
Epoch	90
2024-05-23 07:10:13,022 - INFO - [204800/436063]	Loss  : 0.2501
2024-05-23 07:10:16,713 - INFO - [262144/436063]	Loss  : 0.2504
2024-05-23 07:10:17,971 - INFO - Test loss   : 0.4616
2024-05-23 07:10:18,570 - INFO - (24343,)
2024-05-23 07:10:39,074 - INFO -  Split ID: 0
2024-05-23 07:10:39,083 - INFO -  Top 1	LocEnc (Epoch 90)acc (%):   4.31
2024-05-23 07:10:39,084 - INFO -  Top 3	LocEnc (Epoch 90)acc (%):   9.96
2024-05-23 07:10:39,085 - INFO -  Top 5	LocEnc (Epoch 90)acc (%):   13.92
2024-05-23 07:10:39,086 - INFO -  Top 10	LocEnc (Epoch 90)acc (%):   22.02
2024-05-23 07:10:39,196 - INFO - 
No prior
2024-05-23 07:10:39,430 - INFO - (24426,)
2024-05-23 07:10:49,042 - INFO -  Split ID: 0
2024-05-23 07:10:49,043 - INFO -  Top 1	(Epoch 90)acc (%):   60.2
2024-05-23 07:10:49,043 - INFO -  Top 3	(Epoch 90)acc (%):   77.9
2024-05-23 07:10:49,043 - INFO -  Top 5	(Epoch 90)acc (%):   83.29
2024-05-23 07:10:49,043 - INFO -  Top 10	(Epoch 90)acc (%):   88.5
2024-05-23 07:11:32,512 - INFO -  Split ID: 0
2024-05-23 07:11:32,512 - INFO -  Top 1	(Epoch 90)acc (%):   72.99
2024-05-23 07:11:32,512 - INFO -  Top 3	(Epoch 90)acc (%):   86.67
2024-05-23 07:11:32,512 - INFO -  Top 5	(Epoch 90)acc (%):   90.17
2024-05-23 07:11:32,512 - INFO -  Top 10	(Epoch 90)acc (%):   93.28
2024-05-23 07:11:32,513 - INFO - 
Epoch	91
2024-05-23 07:12:15,838 - INFO - [204800/436063]	Loss  : 0.2499
2024-05-23 07:12:26,927 - INFO - [262144/436063]	Loss  : 0.2505
2024-05-23 07:12:32,149 - INFO - Test loss   : 0.4673
2024-05-23 07:12:32,149 - INFO - 
Epoch	92
2024-05-23 07:13:04,308 - INFO - [204800/436063]	Loss  : 0.2490
2024-05-23 07:13:13,509 - INFO - [262144/436063]	Loss  : 0.2495
2024-05-23 07:13:16,587 - INFO - Test loss   : 0.4695
2024-05-23 07:13:16,588 - INFO - 
Epoch	93
2024-05-23 07:13:49,616 - INFO - [204800/436063]	Loss  : 0.2497
2024-05-23 07:13:59,025 - INFO - [262144/436063]	Loss  : 0.2500
2024-05-23 07:14:02,123 - INFO - Test loss   : 0.4727
2024-05-23 07:14:02,123 - INFO - 
Epoch	94
2024-05-23 07:14:35,299 - INFO - [204800/436063]	Loss  : 0.2491
2024-05-23 07:14:44,186 - INFO - [262144/436063]	Loss  : 0.2499
2024-05-23 07:14:47,777 - INFO - Test loss   : 0.4638
2024-05-23 07:14:47,778 - INFO - 
Epoch	95
2024-05-23 07:15:20,577 - INFO - [204800/436063]	Loss  : 0.2486
2024-05-23 07:15:29,120 - INFO - [262144/436063]	Loss  : 0.2488
2024-05-23 07:15:32,252 - INFO - Test loss   : 0.4817
2024-05-23 07:15:32,252 - INFO - 
Epoch	96
2024-05-23 07:16:04,422 - INFO - [204800/436063]	Loss  : 0.2482
2024-05-23 07:16:13,100 - INFO - [262144/436063]	Loss  : 0.2486
2024-05-23 07:16:17,039 - INFO - Test loss   : 0.4744
2024-05-23 07:16:17,039 - INFO - 
Epoch	97
2024-05-23 07:16:49,608 - INFO - [204800/436063]	Loss  : 0.2484
2024-05-23 07:16:58,536 - INFO - [262144/436063]	Loss  : 0.2485
2024-05-23 07:17:02,159 - INFO - Test loss   : 0.4877
2024-05-23 07:17:02,159 - INFO - 
Epoch	98
2024-05-23 07:17:35,470 - INFO - [204800/436063]	Loss  : 0.2477
2024-05-23 07:17:43,250 - INFO - [262144/436063]	Loss  : 0.2480
2024-05-23 07:17:46,796 - INFO - Test loss   : 0.4879
2024-05-23 07:17:46,797 - INFO - 
Epoch	99
2024-05-23 07:18:20,085 - INFO - [204800/436063]	Loss  : 0.2475
2024-05-23 07:18:29,349 - INFO - [262144/436063]	Loss  : 0.2475
2024-05-23 07:18:32,452 - INFO - Test loss   : 0.4915
2024-05-23 07:18:32,452 - INFO - Saving output model to ../models/space2vec_grid/model_inat_2018_Space2Vec-grid_0.0100_32_0.0001000_360.000_1_512_BATCH4096_leakyrelu.pth.tar
2024-05-23 07:18:32,516 - INFO - Saving output model to ../models/space2vec_grid/model_inat_2018_Space2Vec-grid_0.0100_32_0.0001000_360.000_1_512_BATCH4096_leakyrelu.pth.tar
2024-05-23 07:18:32,789 - INFO - 
No prior
2024-05-23 07:18:33,022 - INFO - (24426,)
2024-05-23 07:18:42,651 - INFO -  Split ID: 0
2024-05-23 07:18:42,651 - INFO -  Top 1	acc (%):   60.2
2024-05-23 07:18:42,651 - INFO -  Top 3	acc (%):   77.9
2024-05-23 07:18:42,651 - INFO -  Top 5	acc (%):   83.29
2024-05-23 07:18:42,651 - INFO -  Top 10	acc (%):   88.5
2024-05-23 07:19:17,513 - INFO -  Split ID: 0
2024-05-23 07:19:17,514 - INFO -  Top 1	acc (%):   73.06
2024-05-23 07:19:17,514 - INFO -  Top 3	acc (%):   86.58
2024-05-23 07:19:17,514 - INFO -  Top 5	acc (%):   90.1
2024-05-23 07:19:17,514 - INFO -  Top 10	acc (%):   93.15
2024-05-23 07:19:17,515 - INFO - 
Space2Vec-grid
2024-05-23 07:19:17,515 - INFO -  Model :	model_inat_2018_Space2Vec-grid_0.0100_32_0.0001000_360.000_1_512_BATCH4096_leakyrelu.pth.tar
2024-05-23 07:19:18,266 - INFO - (24343,)
2024-05-23 07:19:38,749 - INFO -  Split ID: 0
2024-05-23 07:19:38,758 - INFO -  Top 1	LocEnc acc (%):   4.35
2024-05-23 07:19:38,759 - INFO -  Top 3	LocEnc acc (%):   10.05
2024-05-23 07:19:38,760 - INFO -  Top 5	LocEnc acc (%):   14.25
2024-05-23 07:19:38,761 - INFO -  Top 10	LocEnc acc (%):   22.39
2024-05-31 01:45:34,777 - INFO - 
num_classes	8142
2024-05-31 01:45:34,777 - INFO - num train    	436063
2024-05-31 01:45:34,777 - INFO - num val      	24343
2024-05-31 01:45:34,777 - INFO - train loss   	full_loss
2024-05-31 01:45:34,777 - INFO - model name   	../models/space2vec_grid/model_inat_2018_Space2Vec-grid_0.0100_32_0.0001000_360.000_1_512_BATCH4096_leakyrelu.pth.tar
2024-05-31 01:45:34,777 - INFO - num users    	18643
2024-05-31 01:45:35,668 - INFO - 
Only Space2Vec-grid
2024-05-31 01:45:35,668 - INFO -  Model :	model_inat_2018_Space2Vec-grid_0.0100_32_0.0001000_360.000_1_512_BATCH4096_leakyrelu.pth.tar
2024-05-31 01:45:35,918 - INFO - Saving output model to ../models/space2vec_grid/model_inat_2018_Space2Vec-grid_0.0100_32_0.0001000_360.000_1_512_BATCH4096_leakyrelu.pth.tar
2024-05-31 01:45:36,175 - INFO - Saving output model to ../models/space2vec_grid/model_inat_2018_Space2Vec-grid_0.0100_32_0.0001000_360.000_1_512_BATCH4096_leakyrelu.pth.tar
2024-05-31 01:45:36,483 - INFO - 
No prior
2024-05-31 01:45:36,739 - INFO - (24426,)
2024-05-31 01:45:53,930 - INFO - Save results to ../eval_results/eval_inat_2018__val_no_prior.csv
2024-05-31 01:45:53,931 - INFO -  Split ID: 0
2024-05-31 01:45:53,931 - INFO -  Top 1	acc (%):   60.2
2024-05-31 01:45:53,931 - INFO -  Top 3	acc (%):   77.9
2024-05-31 01:45:53,931 - INFO -  Top 5	acc (%):   83.29
2024-05-31 01:45:53,931 - INFO -  Top 10	acc (%):   88.5
2024-05-31 01:46:19,149 - INFO -  Split ID: 0
2024-05-31 01:46:19,149 - INFO -  Top 1	hit (%):   73.06
2024-05-31 01:46:19,149 - INFO -  Top 3	hit (%):   86.58
2024-05-31 01:46:19,149 - INFO -  Top 5	hit (%):   90.1
2024-05-31 01:46:19,149 - INFO -  Top 10	hit (%):   93.15
2024-05-31 01:46:19,156 - INFO - 
Only Space2Vec-grid
2024-05-31 01:46:19,156 - INFO -  Model :	model_inat_2018_Space2Vec-grid_0.0100_32_0.0001000_360.000_1_512_BATCH4096_leakyrelu.pth.tar
2024-05-31 01:46:19,816 - INFO - (24343,)
2024-05-31 01:46:39,986 - INFO -  Split ID: 0
2024-05-31 01:46:39,995 - INFO -  Top 1	LocEnc acc (%):   4.35
2024-05-31 01:46:39,996 - INFO -  Top 3	LocEnc acc (%):   10.05
2024-05-31 01:46:39,997 - INFO -  Top 5	LocEnc acc (%):   14.25
2024-05-31 01:46:39,997 - INFO -  Top 10	LocEnc acc (%):   22.39
