2024-05-21 12:19:56,600 - INFO - 
num_classes	100
2024-05-21 12:19:56,600 - INFO - num train    	66739
2024-05-21 12:19:56,600 - INFO - num val      	4449
2024-05-21 12:19:56,600 - INFO - train loss   	full_loss
2024-05-21 12:19:56,600 - INFO - model name   	../models/space2vec_grid/model_yfcc_Space2Vec-grid_inception_v3_0.0100_64_0.0050000_360.000_1_512_BATCH4096_leakyrelu.pth.tar
2024-05-21 12:19:56,600 - INFO - num users    	1
2024-05-21 12:19:57,349 - INFO - 
Epoch	0
2024-05-21 12:20:50,341 - INFO - [65536/66739]	Loss  : 1.4554
2024-05-21 12:20:53,959 - INFO - Test loss   : 0.6006
2024-05-21 12:20:53,959 - INFO - 
Epoch	1
2024-05-21 12:21:47,385 - INFO - [65536/66739]	Loss  : 1.1751
2024-05-21 12:21:50,867 - INFO - Test loss   : 0.4641
2024-05-21 12:21:50,867 - INFO - 
Epoch	2
2024-05-21 12:22:44,379 - INFO - [65536/66739]	Loss  : 1.1226
2024-05-21 12:22:47,876 - INFO - Test loss   : 0.4703
2024-05-21 12:22:47,876 - INFO - 
Epoch	3
2024-05-21 12:23:40,661 - INFO - [65536/66739]	Loss  : 1.0947
2024-05-21 12:23:44,493 - INFO - Test loss   : 0.4641
2024-05-21 12:23:44,493 - INFO - 
Epoch	4
2024-05-21 12:24:42,480 - INFO - [65536/66739]	Loss  : 1.0762
2024-05-21 12:24:46,574 - INFO - Test loss   : 0.4760
2024-05-21 12:24:46,574 - INFO - 
Epoch	5
2024-05-21 12:25:32,209 - INFO - [65536/66739]	Loss  : 1.0617
2024-05-21 12:25:35,303 - INFO - Test loss   : 0.4428
2024-05-21 12:25:35,303 - INFO - 
Epoch	6
2024-05-21 12:26:06,520 - INFO - [65536/66739]	Loss  : 1.0493
2024-05-21 12:26:07,802 - INFO - Test loss   : 0.4567
2024-05-21 12:26:07,802 - INFO - 
Epoch	7
2024-05-21 12:26:43,873 - INFO - [65536/66739]	Loss  : 1.0404
2024-05-21 12:26:47,035 - INFO - Test loss   : 0.4446
2024-05-21 12:26:47,035 - INFO - 
Epoch	8
2024-05-21 12:27:39,338 - INFO - [65536/66739]	Loss  : 1.0340
2024-05-21 12:27:43,123 - INFO - Test loss   : 0.4419
2024-05-21 12:27:43,123 - INFO - 
Epoch	9
2024-05-21 12:28:32,846 - INFO - [65536/66739]	Loss  : 1.0265
2024-05-21 12:28:36,421 - INFO - Test loss   : 0.4487
2024-05-21 12:28:36,421 - INFO - 
Epoch	10
2024-05-21 12:29:29,832 - INFO - [65536/66739]	Loss  : 1.0197
2024-05-21 12:29:33,569 - INFO - Test loss   : 0.4302
2024-05-21 12:29:33,606 - INFO - (4449,)
2024-05-21 12:29:33,630 - INFO -  Split ID: 0
2024-05-21 12:29:33,632 - INFO -  Top 1	LocEnc (Epoch 10)acc (%):   11.98
2024-05-21 12:29:33,632 - INFO -  Top 3	LocEnc (Epoch 10)acc (%):   25.29
2024-05-21 12:29:33,632 - INFO -  Top 5	LocEnc (Epoch 10)acc (%):   33.83
2024-05-21 12:29:33,632 - INFO -  Top 10	LocEnc (Epoch 10)acc (%):   48.53
2024-05-21 12:29:33,633 - INFO - 
No prior
2024-05-21 12:29:33,635 - INFO - (17798,)
2024-05-21 12:29:33,728 - INFO -  Split ID: 0
2024-05-21 12:29:33,729 - INFO -  Top 1	(Epoch 10)acc (%):   50.15
2024-05-21 12:29:33,729 - INFO -  Top 3	(Epoch 10)acc (%):   73.9
2024-05-21 12:29:33,729 - INFO -  Top 5	(Epoch 10)acc (%):   82.45
2024-05-21 12:29:33,729 - INFO -  Top 10	(Epoch 10)acc (%):   91.06
2024-05-21 12:29:52,838 - INFO -  Split ID: 0
2024-05-21 12:29:52,838 - INFO -  Top 1	(Epoch 10)acc (%):   51.05
2024-05-21 12:29:52,838 - INFO -  Top 3	(Epoch 10)acc (%):   75.28
2024-05-21 12:29:52,838 - INFO -  Top 5	(Epoch 10)acc (%):   83.87
2024-05-21 12:29:52,838 - INFO -  Top 10	(Epoch 10)acc (%):   92.15
2024-05-21 12:29:52,838 - INFO - 
Epoch	11
2024-05-21 12:30:46,197 - INFO - [65536/66739]	Loss  : 1.0141
2024-05-21 12:30:48,979 - INFO - Test loss   : 0.4427
2024-05-21 12:30:48,980 - INFO - 
Epoch	12
2024-05-21 12:31:47,937 - INFO - [65536/66739]	Loss  : 1.0097
2024-05-21 12:31:50,561 - INFO - Test loss   : 0.4525
2024-05-21 12:31:50,561 - INFO - 
Epoch	13
2024-05-21 12:32:44,352 - INFO - [65536/66739]	Loss  : 1.0022
2024-05-21 12:32:47,872 - INFO - Test loss   : 0.4452
2024-05-21 12:32:47,872 - INFO - 
Epoch	14
2024-05-21 12:33:41,261 - INFO - [65536/66739]	Loss  : 1.0005
2024-05-21 12:33:44,660 - INFO - Test loss   : 0.4502
2024-05-21 12:33:44,660 - INFO - 
Epoch	15
2024-05-21 12:34:38,207 - INFO - [65536/66739]	Loss  : 0.9954
2024-05-21 12:34:41,348 - INFO - Test loss   : 0.4362
2024-05-21 12:34:41,348 - INFO - 
Epoch	16
2024-05-21 12:35:35,024 - INFO - [65536/66739]	Loss  : 0.9929
2024-05-21 12:35:38,590 - INFO - Test loss   : 0.4362
2024-05-21 12:35:38,590 - INFO - 
Epoch	17
2024-05-21 12:36:32,393 - INFO - [65536/66739]	Loss  : 0.9889
2024-05-21 12:36:35,912 - INFO - Test loss   : 0.4416
2024-05-21 12:36:35,913 - INFO - 
Epoch	18
2024-05-21 12:37:28,812 - INFO - [65536/66739]	Loss  : 0.9867
2024-05-21 12:37:32,365 - INFO - Test loss   : 0.4643
2024-05-21 12:37:32,365 - INFO - 
Epoch	19
2024-05-21 12:38:23,340 - INFO - [65536/66739]	Loss  : 0.9824
2024-05-21 12:38:25,837 - INFO - Test loss   : 0.4492
2024-05-21 12:38:25,837 - INFO - 
Epoch	20
2024-05-21 12:39:17,721 - INFO - [65536/66739]	Loss  : 0.9799
2024-05-21 12:39:21,222 - INFO - Test loss   : 0.4576
2024-05-21 12:39:21,256 - INFO - (4449,)
2024-05-21 12:39:21,278 - INFO -  Split ID: 0
2024-05-21 12:39:21,280 - INFO -  Top 1	LocEnc (Epoch 20)acc (%):   12.5
2024-05-21 12:39:21,280 - INFO -  Top 3	LocEnc (Epoch 20)acc (%):   27.02
2024-05-21 12:39:21,280 - INFO -  Top 5	LocEnc (Epoch 20)acc (%):   36.28
2024-05-21 12:39:21,280 - INFO -  Top 10	LocEnc (Epoch 20)acc (%):   50.98
2024-05-21 12:39:21,281 - INFO - 
No prior
2024-05-21 12:39:21,283 - INFO - (17798,)
2024-05-21 12:39:21,377 - INFO -  Split ID: 0
2024-05-21 12:39:21,378 - INFO -  Top 1	(Epoch 20)acc (%):   50.15
2024-05-21 12:39:21,378 - INFO -  Top 3	(Epoch 20)acc (%):   73.9
2024-05-21 12:39:21,378 - INFO -  Top 5	(Epoch 20)acc (%):   82.45
2024-05-21 12:39:21,378 - INFO -  Top 10	(Epoch 20)acc (%):   91.06
2024-05-21 12:39:40,370 - INFO -  Split ID: 0
2024-05-21 12:39:40,370 - INFO -  Top 1	(Epoch 20)acc (%):   51.25
2024-05-21 12:39:40,370 - INFO -  Top 3	(Epoch 20)acc (%):   75.37
2024-05-21 12:39:40,370 - INFO -  Top 5	(Epoch 20)acc (%):   83.89
2024-05-21 12:39:40,371 - INFO -  Top 10	(Epoch 20)acc (%):   92.29
2024-05-21 12:39:40,371 - INFO - 
Epoch	21
2024-05-21 12:40:32,054 - INFO - [65536/66739]	Loss  : 0.9758
2024-05-21 12:40:35,602 - INFO - Test loss   : 0.4538
2024-05-21 12:40:35,602 - INFO - 
Epoch	22
2024-05-21 12:41:28,363 - INFO - [65536/66739]	Loss  : 0.9766
2024-05-21 12:41:32,027 - INFO - Test loss   : 0.4845
2024-05-21 12:41:32,027 - INFO - 
Epoch	23
2024-05-21 12:42:24,476 - INFO - [65536/66739]	Loss  : 0.9733
2024-05-21 12:42:28,021 - INFO - Test loss   : 0.4577
2024-05-21 12:42:28,021 - INFO - 
Epoch	24
2024-05-21 12:43:21,489 - INFO - [65536/66739]	Loss  : 0.9680
2024-05-21 12:43:25,006 - INFO - Test loss   : 0.4775
2024-05-21 12:43:25,006 - INFO - 
Epoch	25
2024-05-21 12:44:18,239 - INFO - [65536/66739]	Loss  : 0.9656
2024-05-21 12:44:21,756 - INFO - Test loss   : 0.4841
2024-05-21 12:44:21,757 - INFO - 
Epoch	26
2024-05-21 12:45:14,653 - INFO - [65536/66739]	Loss  : 0.9651
2024-05-21 12:45:18,163 - INFO - Test loss   : 0.4982
2024-05-21 12:45:18,163 - INFO - 
Epoch	27
2024-05-21 12:46:11,290 - INFO - [65536/66739]	Loss  : 0.9611
2024-05-21 12:46:14,479 - INFO - Test loss   : 0.4931
2024-05-21 12:46:14,479 - INFO - 
Epoch	28
2024-05-21 12:47:08,225 - INFO - [65536/66739]	Loss  : 0.9601
2024-05-21 12:47:11,466 - INFO - Test loss   : 0.5132
2024-05-21 12:47:11,466 - INFO - 
Epoch	29
2024-05-21 12:48:02,628 - INFO - [65536/66739]	Loss  : 0.9574
2024-05-21 12:48:06,194 - INFO - Test loss   : 0.5021
2024-05-21 12:48:06,195 - INFO - Saving output model to ../models/space2vec_grid/model_yfcc_Space2Vec-grid_inception_v3_0.0100_64_0.0050000_360.000_1_512_BATCH4096_leakyrelu.pth.tar
2024-05-21 12:48:06,203 - INFO - Saving output model to ../models/space2vec_grid/model_yfcc_Space2Vec-grid_inception_v3_0.0100_64_0.0050000_360.000_1_512_BATCH4096_leakyrelu.pth.tar
2024-05-21 12:48:06,299 - INFO - 
No prior
2024-05-21 12:48:06,301 - INFO - (17798,)
2024-05-21 12:48:06,395 - INFO -  Split ID: 0
2024-05-21 12:48:06,395 - INFO -  Top 1	acc (%):   50.15
2024-05-21 12:48:06,396 - INFO -  Top 3	acc (%):   73.9
2024-05-21 12:48:06,396 - INFO -  Top 5	acc (%):   82.45
2024-05-21 12:48:06,396 - INFO -  Top 10	acc (%):   91.06
2024-05-21 12:48:25,080 - INFO -  Split ID: 0
2024-05-21 12:48:25,080 - INFO -  Top 1	acc (%):   51.25
2024-05-21 12:48:25,080 - INFO -  Top 3	acc (%):   75.5
2024-05-21 12:48:25,080 - INFO -  Top 5	acc (%):   83.92
2024-05-21 12:48:25,080 - INFO -  Top 10	acc (%):   92.31
2024-05-21 12:48:25,080 - INFO - 
Space2Vec-grid
2024-05-21 12:48:25,080 - INFO -  Model :	model_yfcc_Space2Vec-grid_inception_v3_0.0100_64_0.0050000_360.000_1_512_BATCH4096_leakyrelu.pth.tar
2024-05-21 12:48:25,123 - INFO - (4449,)
2024-05-21 12:48:25,148 - INFO -  Split ID: 0
2024-05-21 12:48:25,150 - INFO -  Top 1	LocEnc acc (%):   12.65
2024-05-21 12:48:25,150 - INFO -  Top 3	LocEnc acc (%):   27.71
2024-05-21 12:48:25,150 - INFO -  Top 5	LocEnc acc (%):   36.73
2024-05-21 12:48:25,150 - INFO -  Top 10	LocEnc acc (%):   51.47
2024-05-31 01:40:47,497 - INFO - 
num_classes	100
2024-05-31 01:40:47,497 - INFO - num train    	66739
2024-05-31 01:40:47,497 - INFO - num val      	4449
2024-05-31 01:40:47,497 - INFO - train loss   	full_loss
2024-05-31 01:40:47,497 - INFO - model name   	../models/space2vec_grid/model_yfcc_Space2Vec-grid_inception_v3_0.0100_64_0.0050000_360.000_1_512_BATCH4096_leakyrelu.pth.tar
2024-05-31 01:40:47,497 - INFO - num users    	1
2024-05-31 01:40:48,238 - INFO - 
Only Space2Vec-grid
2024-05-31 01:40:48,239 - INFO -  Model :	model_yfcc_Space2Vec-grid_inception_v3_0.0100_64_0.0050000_360.000_1_512_BATCH4096_leakyrelu.pth.tar
2024-05-31 01:40:48,314 - INFO - Saving output model to ../models/space2vec_grid/model_yfcc_Space2Vec-grid_inception_v3_0.0100_64_0.0050000_360.000_1_512_BATCH4096_leakyrelu.pth.tar
2024-05-31 01:40:48,336 - INFO - Saving output model to ../models/space2vec_grid/model_yfcc_Space2Vec-grid_inception_v3_0.0100_64_0.0050000_360.000_1_512_BATCH4096_leakyrelu.pth.tar
2024-05-31 01:40:48,350 - INFO - 
No prior
2024-05-31 01:40:48,355 - INFO - (17798,)
2024-05-31 01:40:48,752 - INFO - Save results to ../eval_results/eval_yfcc__test_no_prior.csv
2024-05-31 01:40:48,752 - INFO -  Split ID: 0
2024-05-31 01:40:48,752 - INFO -  Top 1	acc (%):   50.15
2024-05-31 01:40:48,752 - INFO -  Top 3	acc (%):   73.9
2024-05-31 01:40:48,752 - INFO -  Top 5	acc (%):   82.45
2024-05-31 01:40:48,753 - INFO -  Top 10	acc (%):   91.06
2024-05-31 01:41:00,448 - INFO -  Split ID: 0
2024-05-31 01:41:00,448 - INFO -  Top 1	hit (%):   51.25
2024-05-31 01:41:00,448 - INFO -  Top 3	hit (%):   75.5
2024-05-31 01:41:00,448 - INFO -  Top 5	hit (%):   83.92
2024-05-31 01:41:00,448 - INFO -  Top 10	hit (%):   92.31
2024-05-31 01:41:00,452 - INFO - 
Only Space2Vec-grid
2024-05-31 01:41:00,452 - INFO -  Model :	model_yfcc_Space2Vec-grid_inception_v3_0.0100_64_0.0050000_360.000_1_512_BATCH4096_leakyrelu.pth.tar
2024-05-31 01:41:00,513 - INFO - (4449,)
2024-05-31 01:41:00,537 - INFO -  Split ID: 0
2024-05-31 01:41:00,539 - INFO -  Top 1	LocEnc acc (%):   12.65
2024-05-31 01:41:00,539 - INFO -  Top 3	LocEnc acc (%):   27.71
2024-05-31 01:41:00,539 - INFO -  Top 5	LocEnc acc (%):   36.73
2024-05-31 01:41:00,540 - INFO -  Top 10	LocEnc acc (%):   51.47
