2024-05-21 03:45:18,884 - INFO - 
num_classes	500
2024-05-21 03:45:18,884 - INFO - num train    	42490
2024-05-21 03:45:18,884 - INFO - num val      	980
2024-05-21 03:45:18,884 - INFO - train loss   	full_loss
2024-05-21 03:45:18,884 - INFO - model name   	../models/space2vec_grid/model_birdsnap_ebird_meta_Space2Vec-grid_inception_v3_0.0100_128_0.1000000_360.000_1_512_leakyrelu.pth.tar
2024-05-21 03:45:18,884 - INFO - num users    	5763
2024-05-21 03:45:18,884 - INFO - meta data    	ebird_meta
2024-05-21 03:45:19,692 - INFO - 
Epoch	0
2024-05-21 03:45:52,280 - INFO - [41984/42490]	Loss  : 1.2121
2024-05-21 03:45:52,914 - INFO - Test loss   : 0.2807
2024-05-21 03:45:52,914 - INFO - 
Epoch	1
2024-05-21 03:46:24,851 - INFO - [41984/42490]	Loss  : 0.9268
2024-05-21 03:46:25,578 - INFO - Test loss   : 0.3114
2024-05-21 03:46:25,578 - INFO - 
Epoch	2
2024-05-21 03:46:57,679 - INFO - [41984/42490]	Loss  : 0.8627
2024-05-21 03:46:58,411 - INFO - Test loss   : 0.3143
2024-05-21 03:46:58,411 - INFO - 
Epoch	3
2024-05-21 03:47:31,267 - INFO - [41984/42490]	Loss  : 0.8333
2024-05-21 03:47:31,995 - INFO - Test loss   : 0.3199
2024-05-21 03:47:31,995 - INFO - 
Epoch	4
2024-05-21 03:48:04,141 - INFO - [41984/42490]	Loss  : 0.8134
2024-05-21 03:48:04,870 - INFO - Test loss   : 0.2868
2024-05-21 03:48:04,870 - INFO - 
Epoch	5
2024-05-21 03:48:37,061 - INFO - [41984/42490]	Loss  : 0.7981
2024-05-21 03:48:37,810 - INFO - Test loss   : 0.3009
2024-05-21 03:48:37,810 - INFO - 
Epoch	6
2024-05-21 03:49:10,793 - INFO - [41984/42490]	Loss  : 0.7865
2024-05-21 03:49:11,498 - INFO - Test loss   : 0.2926
2024-05-21 03:49:11,498 - INFO - 
Epoch	7
2024-05-21 03:49:43,632 - INFO - [41984/42490]	Loss  : 0.7753
2024-05-21 03:49:44,362 - INFO - Test loss   : 0.3062
2024-05-21 03:49:44,362 - INFO - 
Epoch	8
2024-05-21 03:50:16,502 - INFO - [41984/42490]	Loss  : 0.7632
2024-05-21 03:50:17,233 - INFO - Test loss   : 0.3451
2024-05-21 03:50:17,233 - INFO - 
Epoch	9
2024-05-21 03:50:49,422 - INFO - [41984/42490]	Loss  : 0.7537
2024-05-21 03:50:50,154 - INFO - Test loss   : 0.3492
2024-05-21 03:50:50,154 - INFO - 
Epoch	10
2024-05-21 03:51:22,344 - INFO - [41984/42490]	Loss  : 0.7468
2024-05-21 03:51:23,076 - INFO - Test loss   : 0.3722
2024-05-21 03:51:23,093 - INFO - (980,)
2024-05-21 03:51:23,130 - INFO -  Split ID: 0
2024-05-21 03:51:23,130 - INFO -  Top 1	LocEnc (Epoch 10)acc (%):   5.31
2024-05-21 03:51:23,131 - INFO -  Top 3	LocEnc (Epoch 10)acc (%):   12.96
2024-05-21 03:51:23,131 - INFO -  Top 5	LocEnc (Epoch 10)acc (%):   18.27
2024-05-21 03:51:23,131 - INFO -  Top 10	LocEnc (Epoch 10)acc (%):   28.16
2024-05-21 03:51:23,131 - INFO - 
No prior
2024-05-21 03:51:23,132 - INFO - (2262,)
2024-05-21 03:51:23,183 - INFO -  Split ID: 0
2024-05-21 03:51:23,183 - INFO -  Top 1	(Epoch 10)acc (%):   70.07
2024-05-21 03:51:23,183 - INFO -  Top 3	(Epoch 10)acc (%):   86.6
2024-05-21 03:51:23,183 - INFO -  Top 5	(Epoch 10)acc (%):   90.05
2024-05-21 03:51:23,183 - INFO -  Top 10	(Epoch 10)acc (%):   92.88
2024-05-21 03:51:25,412 - INFO -  Split ID: 0
2024-05-21 03:51:25,412 - INFO -  Top 1	(Epoch 10)acc (%):   79.44
2024-05-21 03:51:25,412 - INFO -  Top 3	(Epoch 10)acc (%):   91.47
2024-05-21 03:51:25,412 - INFO -  Top 5	(Epoch 10)acc (%):   93.77
2024-05-21 03:51:25,412 - INFO -  Top 10	(Epoch 10)acc (%):   95.76
2024-05-21 03:51:25,412 - INFO - 
Epoch	11
2024-05-21 03:51:57,281 - INFO - [41984/42490]	Loss  : 0.7383
2024-05-21 03:51:58,011 - INFO - Test loss   : 0.4009
2024-05-21 03:51:58,011 - INFO - 
Epoch	12
2024-05-21 03:52:30,194 - INFO - [41984/42490]	Loss  : 0.7323
2024-05-21 03:52:30,923 - INFO - Test loss   : 0.3713
2024-05-21 03:52:30,923 - INFO - 
Epoch	13
2024-05-21 03:53:03,036 - INFO - [41984/42490]	Loss  : 0.7255
2024-05-21 03:53:03,729 - INFO - Test loss   : 0.3680
2024-05-21 03:53:03,729 - INFO - 
Epoch	14
2024-05-21 03:53:35,947 - INFO - [41984/42490]	Loss  : 0.7179
2024-05-21 03:53:36,677 - INFO - Test loss   : 0.4003
2024-05-21 03:53:36,677 - INFO - 
Epoch	15
2024-05-21 03:54:08,846 - INFO - [41984/42490]	Loss  : 0.7132
2024-05-21 03:54:09,573 - INFO - Test loss   : 0.4290
2024-05-21 03:54:09,573 - INFO - 
Epoch	16
2024-05-21 03:54:41,666 - INFO - [41984/42490]	Loss  : 0.7088
2024-05-21 03:54:42,397 - INFO - Test loss   : 0.4313
2024-05-21 03:54:42,397 - INFO - 
Epoch	17
2024-05-21 03:55:14,476 - INFO - [41984/42490]	Loss  : 0.7006
2024-05-21 03:55:15,206 - INFO - Test loss   : 0.4718
2024-05-21 03:55:15,207 - INFO - 
Epoch	18
2024-05-21 03:55:47,439 - INFO - [41984/42490]	Loss  : 0.6996
2024-05-21 03:55:48,169 - INFO - Test loss   : 0.4784
2024-05-21 03:55:48,169 - INFO - 
Epoch	19
2024-05-21 03:56:21,015 - INFO - [41984/42490]	Loss  : 0.6951
2024-05-21 03:56:21,523 - INFO - Test loss   : 0.4522
2024-05-21 03:56:21,523 - INFO - 
Epoch	20
2024-05-21 03:56:54,638 - INFO - [41984/42490]	Loss  : 0.6908
2024-05-21 03:56:55,392 - INFO - Test loss   : 0.4740
2024-05-21 03:56:55,413 - INFO - (980,)
2024-05-21 03:56:55,448 - INFO -  Split ID: 0
2024-05-21 03:56:55,448 - INFO -  Top 1	LocEnc (Epoch 20)acc (%):   6.33
2024-05-21 03:56:55,448 - INFO -  Top 3	LocEnc (Epoch 20)acc (%):   13.37
2024-05-21 03:56:55,448 - INFO -  Top 5	LocEnc (Epoch 20)acc (%):   18.98
2024-05-21 03:56:55,448 - INFO -  Top 10	LocEnc (Epoch 20)acc (%):   28.78
2024-05-21 03:56:55,449 - INFO - 
No prior
2024-05-21 03:56:55,450 - INFO - (2262,)
2024-05-21 03:56:55,500 - INFO -  Split ID: 0
2024-05-21 03:56:55,500 - INFO -  Top 1	(Epoch 20)acc (%):   70.07
2024-05-21 03:56:55,500 - INFO -  Top 3	(Epoch 20)acc (%):   86.6
2024-05-21 03:56:55,500 - INFO -  Top 5	(Epoch 20)acc (%):   90.05
2024-05-21 03:56:55,500 - INFO -  Top 10	(Epoch 20)acc (%):   92.88
2024-05-21 03:56:57,790 - INFO -  Split ID: 0
2024-05-21 03:56:57,790 - INFO -  Top 1	(Epoch 20)acc (%):   79.8
2024-05-21 03:56:57,791 - INFO -  Top 3	(Epoch 20)acc (%):   91.42
2024-05-21 03:56:57,791 - INFO -  Top 5	(Epoch 20)acc (%):   94.08
2024-05-21 03:56:57,791 - INFO -  Top 10	(Epoch 20)acc (%):   96.2
2024-05-21 03:56:57,791 - INFO - 
Epoch	21
2024-05-21 03:57:29,942 - INFO - [41984/42490]	Loss  : 0.6868
2024-05-21 03:57:30,670 - INFO - Test loss   : 0.4940
2024-05-21 03:57:30,670 - INFO - 
Epoch	22
2024-05-21 03:58:02,891 - INFO - [41984/42490]	Loss  : 0.6812
2024-05-21 03:58:03,619 - INFO - Test loss   : 0.4890
2024-05-21 03:58:03,620 - INFO - 
Epoch	23
2024-05-21 03:58:35,614 - INFO - [41984/42490]	Loss  : 0.6791
2024-05-21 03:58:36,341 - INFO - Test loss   : 0.5154
2024-05-21 03:58:36,342 - INFO - 
Epoch	24
2024-05-21 03:59:08,320 - INFO - [41984/42490]	Loss  : 0.6759
2024-05-21 03:59:09,053 - INFO - Test loss   : 0.5390
2024-05-21 03:59:09,053 - INFO - 
Epoch	25
2024-05-21 03:59:41,286 - INFO - [41984/42490]	Loss  : 0.6698
2024-05-21 03:59:42,013 - INFO - Test loss   : 0.5408
2024-05-21 03:59:42,013 - INFO - 
Epoch	26
2024-05-21 04:00:14,145 - INFO - [41984/42490]	Loss  : 0.6696
2024-05-21 04:00:14,872 - INFO - Test loss   : 0.5031
2024-05-21 04:00:14,872 - INFO - 
Epoch	27
2024-05-21 04:00:46,835 - INFO - [41984/42490]	Loss  : 0.6662
2024-05-21 04:00:47,568 - INFO - Test loss   : 0.5485
2024-05-21 04:00:47,568 - INFO - 
Epoch	28
2024-05-21 04:01:19,576 - INFO - [41984/42490]	Loss  : 0.6637
2024-05-21 04:01:20,302 - INFO - Test loss   : 0.5532
2024-05-21 04:01:20,303 - INFO - 
Epoch	29
2024-05-21 04:01:52,405 - INFO - [41984/42490]	Loss  : 0.6584
2024-05-21 04:01:53,134 - INFO - Test loss   : 0.5604
2024-05-21 04:01:53,134 - INFO - Saving output model to ../models/space2vec_grid/model_birdsnap_ebird_meta_Space2Vec-grid_inception_v3_0.0100_128_0.1000000_360.000_1_512_leakyrelu.pth.tar
2024-05-21 04:01:53,152 - INFO - Saving output model to ../models/space2vec_grid/model_birdsnap_ebird_meta_Space2Vec-grid_inception_v3_0.0100_128_0.1000000_360.000_1_512_leakyrelu.pth.tar
2024-05-21 04:01:53,202 - INFO - 
No prior
2024-05-21 04:01:53,204 - INFO - (2262,)
2024-05-21 04:01:53,254 - INFO -  Split ID: 0
2024-05-21 04:01:53,255 - INFO -  Top 1	acc (%):   70.07
2024-05-21 04:01:53,255 - INFO -  Top 3	acc (%):   86.6
2024-05-21 04:01:53,255 - INFO -  Top 5	acc (%):   90.05
2024-05-21 04:01:53,255 - INFO -  Top 10	acc (%):   92.88
2024-05-21 04:01:55,483 - INFO -  Split ID: 0
2024-05-21 04:01:55,484 - INFO -  Top 1	acc (%):   80.24
2024-05-21 04:01:55,484 - INFO -  Top 3	acc (%):   91.73
2024-05-21 04:01:55,484 - INFO -  Top 5	acc (%):   93.9
2024-05-21 04:01:55,484 - INFO -  Top 10	acc (%):   96.11
2024-05-21 04:01:55,484 - INFO - 
Space2Vec-grid
2024-05-21 04:01:55,484 - INFO -  Model :	model_birdsnap_ebird_meta_Space2Vec-grid_inception_v3_0.0100_128_0.1000000_360.000_1_512_leakyrelu.pth.tar
2024-05-21 04:01:55,504 - INFO - (980,)
2024-05-21 04:01:55,539 - INFO -  Split ID: 0
2024-05-21 04:01:55,539 - INFO -  Top 1	LocEnc acc (%):   5.92
2024-05-21 04:01:55,539 - INFO -  Top 3	LocEnc acc (%):   13.67
2024-05-21 04:01:55,539 - INFO -  Top 5	LocEnc acc (%):   18.06
2024-05-21 04:01:55,539 - INFO -  Top 10	LocEnc acc (%):   28.78
