2024-05-25 16:12:43,044 - INFO - 
num_classes	5089
2024-05-25 16:12:43,045 - INFO - num train    	569465
2024-05-25 16:12:43,045 - INFO - num val      	93622
2024-05-25 16:12:43,045 - INFO - train loss   	full_loss
2024-05-25 16:12:43,045 - INFO - model name   	../models/space2vec_grid/model_inat_2017_Space2Vec-grid_inception_v3_0.0200_128_0.0050000_360.000_1_256_BATCH4096_leakyrelu.pth.tar
2024-05-25 16:12:43,045 - INFO - num users    	17302
2024-05-25 16:12:43,933 - INFO - 
Epoch	0
2024-05-25 16:12:59,651 - INFO - [204800/569465]	Loss  : 1.4333
2024-05-25 16:13:03,986 - INFO - [266240/569465]	Loss  : 1.3045
2024-05-25 16:13:09,326 - INFO - Test loss   : 0.3513
2024-05-25 16:13:09,326 - INFO - 
Epoch	1
2024-05-25 16:13:24,592 - INFO - [204800/569465]	Loss  : 0.7542
2024-05-25 16:13:28,934 - INFO - [266240/569465]	Loss  : 0.7438
2024-05-25 16:13:34,277 - INFO - Test loss   : 0.3558
2024-05-25 16:13:34,277 - INFO - 
Epoch	2
2024-05-25 16:13:49,540 - INFO - [204800/569465]	Loss  : 0.6637
2024-05-25 16:13:53,882 - INFO - [266240/569465]	Loss  : 0.6605
2024-05-25 16:13:59,221 - INFO - Test loss   : 0.3550
2024-05-25 16:13:59,221 - INFO - 
Epoch	3
2024-05-25 16:14:14,491 - INFO - [204800/569465]	Loss  : 0.6158
2024-05-25 16:14:18,849 - INFO - [266240/569465]	Loss  : 0.6139
2024-05-25 16:14:24,209 - INFO - Test loss   : 0.3873
2024-05-25 16:14:24,209 - INFO - 
Epoch	4
2024-05-25 16:14:39,439 - INFO - [204800/569465]	Loss  : 0.5840
2024-05-25 16:14:43,765 - INFO - [266240/569465]	Loss  : 0.5843
2024-05-25 16:14:49,093 - INFO - Test loss   : 0.3964
2024-05-25 16:14:49,093 - INFO - 
Epoch	5
2024-05-25 16:15:04,320 - INFO - [204800/569465]	Loss  : 0.5630
2024-05-25 16:15:08,596 - INFO - [266240/569465]	Loss  : 0.5629
2024-05-25 16:15:13,997 - INFO - Test loss   : 0.4452
2024-05-25 16:15:13,998 - INFO - 
Epoch	6
2024-05-25 16:15:29,084 - INFO - [204800/569465]	Loss  : 0.5443
2024-05-25 16:15:33,390 - INFO - [266240/569465]	Loss  : 0.5449
2024-05-25 16:15:38,719 - INFO - Test loss   : 0.4563
2024-05-25 16:15:38,719 - INFO - 
Epoch	7
2024-05-25 16:15:53,840 - INFO - [204800/569465]	Loss  : 0.5303
2024-05-25 16:15:58,175 - INFO - [266240/569465]	Loss  : 0.5314
2024-05-25 16:16:03,522 - INFO - Test loss   : 0.4822
2024-05-25 16:16:03,522 - INFO - 
Epoch	8
2024-05-25 16:16:18,690 - INFO - [204800/569465]	Loss  : 0.5186
2024-05-25 16:16:23,032 - INFO - [266240/569465]	Loss  : 0.5191
2024-05-25 16:16:28,393 - INFO - Test loss   : 0.5213
2024-05-25 16:16:28,393 - INFO - 
Epoch	9
2024-05-25 16:16:43,643 - INFO - [204800/569465]	Loss  : 0.5093
2024-05-25 16:16:47,998 - INFO - [266240/569465]	Loss  : 0.5101
2024-05-25 16:16:53,319 - INFO - Test loss   : 0.5480
2024-05-25 16:16:53,319 - INFO - 
Epoch	10
2024-05-25 16:17:08,632 - INFO - [204800/569465]	Loss  : 0.5003
2024-05-25 16:17:12,886 - INFO - [266240/569465]	Loss  : 0.5014
2024-05-25 16:17:18,277 - INFO - Test loss   : 0.5503
2024-05-25 16:17:20,434 - INFO - (93622,)
2024-05-25 16:18:06,660 - INFO -  Split ID: 0
2024-05-25 16:18:06,698 - INFO -  Top 1	LocEnc (Epoch 10)acc (%):   0.86
2024-05-25 16:18:06,701 - INFO -  Top 3	LocEnc (Epoch 10)acc (%):   2.42
2024-05-25 16:18:06,704 - INFO -  Top 5	LocEnc (Epoch 10)acc (%):   3.77
2024-05-25 16:18:06,707 - INFO -  Top 10	LocEnc (Epoch 10)acc (%):   6.69
2024-05-25 16:18:06,960 - INFO - 
No prior
2024-05-25 16:18:07,520 - INFO - (95986,)
2024-05-25 16:18:25,579 - INFO -  Split ID: 0
2024-05-25 16:18:25,580 - INFO -  Top 1	(Epoch 10)acc (%):   63.27
2024-05-25 16:18:25,580 - INFO -  Top 3	(Epoch 10)acc (%):   79.82
2024-05-25 16:18:25,580 - INFO -  Top 5	(Epoch 10)acc (%):   84.51
2024-05-25 16:18:25,580 - INFO -  Top 10	(Epoch 10)acc (%):   88.99
2024-05-25 16:19:10,155 - INFO -  Split ID: 0
2024-05-25 16:19:10,155 - INFO -  Top 1	(Epoch 10)acc (%):   69.29
2024-05-25 16:19:10,155 - INFO -  Top 3	(Epoch 10)acc (%):   84.34
2024-05-25 16:19:10,156 - INFO -  Top 5	(Epoch 10)acc (%):   88.16
2024-05-25 16:19:10,156 - INFO -  Top 10	(Epoch 10)acc (%):   91.72
2024-05-25 16:19:10,158 - INFO - 
Epoch	11
2024-05-25 16:19:25,455 - INFO - [204800/569465]	Loss  : 0.4917
2024-05-25 16:19:29,685 - INFO - [266240/569465]	Loss  : 0.4933
2024-05-25 16:19:35,100 - INFO - Test loss   : 0.5632
2024-05-25 16:19:35,101 - INFO - 
Epoch	12
2024-05-25 16:19:50,430 - INFO - [204800/569465]	Loss  : 0.4875
2024-05-25 16:19:54,693 - INFO - [266240/569465]	Loss  : 0.4880
2024-05-25 16:20:00,108 - INFO - Test loss   : 0.5941
2024-05-25 16:20:00,108 - INFO - 
Epoch	13
2024-05-25 16:20:15,358 - INFO - [204800/569465]	Loss  : 0.4776
2024-05-25 16:20:19,608 - INFO - [266240/569465]	Loss  : 0.4792
2024-05-25 16:20:25,026 - INFO - Test loss   : 0.5891
2024-05-25 16:20:25,026 - INFO - 
Epoch	14
2024-05-25 16:20:40,251 - INFO - [204800/569465]	Loss  : 0.4740
2024-05-25 16:20:44,488 - INFO - [266240/569465]	Loss  : 0.4752
2024-05-25 16:20:49,808 - INFO - Test loss   : 0.6469
2024-05-25 16:20:49,809 - INFO - 
Epoch	15
2024-05-25 16:21:05,022 - INFO - [204800/569465]	Loss  : 0.4689
2024-05-25 16:21:09,355 - INFO - [266240/569465]	Loss  : 0.4702
2024-05-25 16:21:14,677 - INFO - Test loss   : 0.6074
2024-05-25 16:21:14,678 - INFO - 
Epoch	16
2024-05-25 16:21:29,814 - INFO - [204800/569465]	Loss  : 0.4642
2024-05-25 16:21:34,124 - INFO - [266240/569465]	Loss  : 0.4651
2024-05-25 16:21:39,474 - INFO - Test loss   : 0.6643
2024-05-25 16:21:39,474 - INFO - 
Epoch	17
2024-05-25 16:21:54,684 - INFO - [204800/569465]	Loss  : 0.4596
2024-05-25 16:21:59,013 - INFO - [266240/569465]	Loss  : 0.4615
2024-05-25 16:22:04,354 - INFO - Test loss   : 0.6403
2024-05-25 16:22:04,355 - INFO - 
Epoch	18
2024-05-25 16:22:19,558 - INFO - [204800/569465]	Loss  : 0.4550
2024-05-25 16:22:23,887 - INFO - [266240/569465]	Loss  : 0.4566
2024-05-25 16:22:29,187 - INFO - Test loss   : 0.6456
2024-05-25 16:22:29,188 - INFO - 
Epoch	19
2024-05-25 16:22:44,450 - INFO - [204800/569465]	Loss  : 0.4524
2024-05-25 16:22:48,779 - INFO - [266240/569465]	Loss  : 0.4539
2024-05-25 16:22:54,090 - INFO - Test loss   : 0.6531
2024-05-25 16:22:54,090 - INFO - 
Epoch	20
2024-05-25 16:23:09,268 - INFO - [204800/569465]	Loss  : 0.4486
2024-05-25 16:23:13,575 - INFO - [266240/569465]	Loss  : 0.4505
2024-05-25 16:23:18,885 - INFO - Test loss   : 0.6661
2024-05-25 16:23:21,035 - INFO - (93622,)
2024-05-25 16:24:07,152 - INFO -  Split ID: 0
2024-05-25 16:24:07,191 - INFO -  Top 1	LocEnc (Epoch 20)acc (%):   1.04
2024-05-25 16:24:07,194 - INFO -  Top 3	LocEnc (Epoch 20)acc (%):   2.78
2024-05-25 16:24:07,197 - INFO -  Top 5	LocEnc (Epoch 20)acc (%):   4.23
2024-05-25 16:24:07,200 - INFO -  Top 10	LocEnc (Epoch 20)acc (%):   7.49
2024-05-25 16:24:07,471 - INFO - 
No prior
2024-05-25 16:24:08,052 - INFO - (95986,)
2024-05-25 16:24:26,055 - INFO -  Split ID: 0
2024-05-25 16:24:26,056 - INFO -  Top 1	(Epoch 20)acc (%):   63.27
2024-05-25 16:24:26,056 - INFO -  Top 3	(Epoch 20)acc (%):   79.82
2024-05-25 16:24:26,056 - INFO -  Top 5	(Epoch 20)acc (%):   84.51
2024-05-25 16:24:26,056 - INFO -  Top 10	(Epoch 20)acc (%):   88.99
2024-05-25 16:25:10,285 - INFO -  Split ID: 0
2024-05-25 16:25:10,285 - INFO -  Top 1	(Epoch 20)acc (%):   69.07
2024-05-25 16:25:10,285 - INFO -  Top 3	(Epoch 20)acc (%):   84.2
2024-05-25 16:25:10,285 - INFO -  Top 5	(Epoch 20)acc (%):   87.97
2024-05-25 16:25:10,285 - INFO -  Top 10	(Epoch 20)acc (%):   91.55
2024-05-25 16:25:10,288 - INFO - 
Epoch	21
2024-05-25 16:25:25,466 - INFO - [204800/569465]	Loss  : 0.4463
2024-05-25 16:25:29,773 - INFO - [266240/569465]	Loss  : 0.4474
2024-05-25 16:25:35,108 - INFO - Test loss   : 0.6965
2024-05-25 16:25:35,108 - INFO - 
Epoch	22
2024-05-25 16:25:50,330 - INFO - [204800/569465]	Loss  : 0.4424
2024-05-25 16:25:54,561 - INFO - [266240/569465]	Loss  : 0.4444
2024-05-25 16:25:59,952 - INFO - Test loss   : 0.6765
2024-05-25 16:25:59,952 - INFO - 
Epoch	23
2024-05-25 16:26:15,112 - INFO - [204800/569465]	Loss  : 0.4396
2024-05-25 16:26:19,424 - INFO - [266240/569465]	Loss  : 0.4412
2024-05-25 16:26:24,735 - INFO - Test loss   : 0.6977
2024-05-25 16:26:24,735 - INFO - 
Epoch	24
2024-05-25 16:26:39,865 - INFO - [204800/569465]	Loss  : 0.4379
2024-05-25 16:26:44,170 - INFO - [266240/569465]	Loss  : 0.4390
2024-05-25 16:26:49,486 - INFO - Test loss   : 0.7342
2024-05-25 16:26:49,486 - INFO - 
Epoch	25
2024-05-25 16:27:04,670 - INFO - [204800/569465]	Loss  : 0.4348
2024-05-25 16:27:09,026 - INFO - [266240/569465]	Loss  : 0.4361
2024-05-25 16:27:14,390 - INFO - Test loss   : 0.7281
2024-05-25 16:27:14,390 - INFO - 
Epoch	26
2024-05-25 16:27:29,588 - INFO - [204800/569465]	Loss  : 0.4318
2024-05-25 16:27:33,908 - INFO - [266240/569465]	Loss  : 0.4331
2024-05-25 16:27:39,214 - INFO - Test loss   : 0.7110
2024-05-25 16:27:39,214 - INFO - 
Epoch	27
2024-05-25 16:27:54,383 - INFO - [204800/569465]	Loss  : 0.4293
2024-05-25 16:27:58,613 - INFO - [266240/569465]	Loss  : 0.4309
2024-05-25 16:28:04,024 - INFO - Test loss   : 0.7217
2024-05-25 16:28:04,024 - INFO - 
Epoch	28
2024-05-25 16:28:19,208 - INFO - [204800/569465]	Loss  : 0.4272
2024-05-25 16:28:23,483 - INFO - [266240/569465]	Loss  : 0.4281
2024-05-25 16:28:28,953 - INFO - Test loss   : 0.7781
2024-05-25 16:28:28,953 - INFO - 
Epoch	29
2024-05-25 16:28:44,219 - INFO - [204800/569465]	Loss  : 0.4259
2024-05-25 16:28:48,461 - INFO - [266240/569465]	Loss  : 0.4271
2024-05-25 16:28:53,870 - INFO - Test loss   : 0.7592
2024-05-25 16:28:53,870 - INFO - 
Epoch	30
2024-05-25 16:29:09,107 - INFO - [204800/569465]	Loss  : 0.4241
2024-05-25 16:29:13,386 - INFO - [266240/569465]	Loss  : 0.4248
2024-05-25 16:29:18,833 - INFO - Test loss   : 0.7517
2024-05-25 16:29:20,942 - INFO - (93622,)
2024-05-25 16:30:08,159 - INFO -  Split ID: 0
2024-05-25 16:30:08,196 - INFO -  Top 1	LocEnc (Epoch 30)acc (%):   1.2
2024-05-25 16:30:08,199 - INFO -  Top 3	LocEnc (Epoch 30)acc (%):   2.95
2024-05-25 16:30:08,202 - INFO -  Top 5	LocEnc (Epoch 30)acc (%):   4.45
2024-05-25 16:30:08,205 - INFO -  Top 10	LocEnc (Epoch 30)acc (%):   7.83
2024-05-25 16:30:08,456 - INFO - 
No prior
2024-05-25 16:30:09,018 - INFO - (95986,)
2024-05-25 16:30:27,091 - INFO -  Split ID: 0
2024-05-25 16:30:27,091 - INFO -  Top 1	(Epoch 30)acc (%):   63.27
2024-05-25 16:30:27,091 - INFO -  Top 3	(Epoch 30)acc (%):   79.82
2024-05-25 16:30:27,092 - INFO -  Top 5	(Epoch 30)acc (%):   84.51
2024-05-25 16:30:27,092 - INFO -  Top 10	(Epoch 30)acc (%):   88.99
2024-05-25 16:31:11,432 - INFO -  Split ID: 0
2024-05-25 16:31:11,433 - INFO -  Top 1	(Epoch 30)acc (%):   69.05
2024-05-25 16:31:11,433 - INFO -  Top 3	(Epoch 30)acc (%):   84.04
2024-05-25 16:31:11,433 - INFO -  Top 5	(Epoch 30)acc (%):   87.79
2024-05-25 16:31:11,433 - INFO -  Top 10	(Epoch 30)acc (%):   91.43
2024-05-25 16:31:11,435 - INFO - 
Epoch	31
2024-05-25 16:31:26,667 - INFO - [204800/569465]	Loss  : 0.4216
2024-05-25 16:31:30,910 - INFO - [266240/569465]	Loss  : 0.4228
2024-05-25 16:31:36,240 - INFO - Test loss   : 0.7896
2024-05-25 16:31:36,240 - INFO - 
Epoch	32
2024-05-25 16:31:51,424 - INFO - [204800/569465]	Loss  : 0.4202
2024-05-25 16:31:55,764 - INFO - [266240/569465]	Loss  : 0.4214
2024-05-25 16:32:01,097 - INFO - Test loss   : 0.7940
2024-05-25 16:32:01,097 - INFO - 
Epoch	33
2024-05-25 16:32:16,355 - INFO - [204800/569465]	Loss  : 0.4177
2024-05-25 16:32:20,682 - INFO - [266240/569465]	Loss  : 0.4190
2024-05-25 16:32:26,015 - INFO - Test loss   : 0.7945
2024-05-25 16:32:26,015 - INFO - 
Epoch	34
2024-05-25 16:32:41,201 - INFO - [204800/569465]	Loss  : 0.4180
2024-05-25 16:32:45,527 - INFO - [266240/569465]	Loss  : 0.4185
2024-05-25 16:32:50,836 - INFO - Test loss   : 0.7884
2024-05-25 16:32:50,836 - INFO - 
Epoch	35
2024-05-25 16:33:05,977 - INFO - [204800/569465]	Loss  : 0.4155
2024-05-25 16:33:10,311 - INFO - [266240/569465]	Loss  : 0.4169
2024-05-25 16:33:15,623 - INFO - Test loss   : 0.7988
2024-05-25 16:33:15,623 - INFO - 
Epoch	36
2024-05-25 16:33:30,814 - INFO - [204800/569465]	Loss  : 0.4128
2024-05-25 16:33:35,124 - INFO - [266240/569465]	Loss  : 0.4144
2024-05-25 16:33:40,433 - INFO - Test loss   : 0.8086
2024-05-25 16:33:40,433 - INFO - 
Epoch	37
2024-05-25 16:33:55,571 - INFO - [204800/569465]	Loss  : 0.4127
2024-05-25 16:33:59,875 - INFO - [266240/569465]	Loss  : 0.4135
2024-05-25 16:34:05,197 - INFO - Test loss   : 0.8478
2024-05-25 16:34:05,197 - INFO - 
Epoch	38
2024-05-25 16:34:20,340 - INFO - [204800/569465]	Loss  : 0.4093
2024-05-25 16:34:24,681 - INFO - [266240/569465]	Loss  : 0.4101
2024-05-25 16:34:30,011 - INFO - Test loss   : 0.8180
2024-05-25 16:34:30,011 - INFO - 
Epoch	39
2024-05-25 16:34:45,152 - INFO - [204800/569465]	Loss  : 0.4096
2024-05-25 16:34:49,372 - INFO - [266240/569465]	Loss  : 0.4106
2024-05-25 16:34:54,770 - INFO - Test loss   : 0.8232
2024-05-25 16:34:54,771 - INFO - 
Epoch	40
2024-05-25 16:35:10,191 - INFO - [204800/569465]	Loss  : 0.4072
2024-05-25 16:35:14,508 - INFO - [266240/569465]	Loss  : 0.4087
2024-05-25 16:35:19,858 - INFO - Test loss   : 0.8612
2024-05-25 16:35:21,965 - INFO - (93622,)
2024-05-25 16:36:08,112 - INFO -  Split ID: 0
2024-05-25 16:36:08,149 - INFO -  Top 1	LocEnc (Epoch 40)acc (%):   1.24
2024-05-25 16:36:08,152 - INFO -  Top 3	LocEnc (Epoch 40)acc (%):   3.1
2024-05-25 16:36:08,155 - INFO -  Top 5	LocEnc (Epoch 40)acc (%):   4.58
2024-05-25 16:36:08,158 - INFO -  Top 10	LocEnc (Epoch 40)acc (%):   7.84
2024-05-25 16:36:08,412 - INFO - 
No prior
2024-05-25 16:36:08,970 - INFO - (95986,)
2024-05-25 16:36:26,980 - INFO -  Split ID: 0
2024-05-25 16:36:26,981 - INFO -  Top 1	(Epoch 40)acc (%):   63.27
2024-05-25 16:36:26,981 - INFO -  Top 3	(Epoch 40)acc (%):   79.82
2024-05-25 16:36:26,981 - INFO -  Top 5	(Epoch 40)acc (%):   84.51
2024-05-25 16:36:26,981 - INFO -  Top 10	(Epoch 40)acc (%):   88.99
2024-05-25 16:37:11,379 - INFO -  Split ID: 0
2024-05-25 16:37:11,380 - INFO -  Top 1	(Epoch 40)acc (%):   68.87
2024-05-25 16:37:11,380 - INFO -  Top 3	(Epoch 40)acc (%):   83.83
2024-05-25 16:37:11,380 - INFO -  Top 5	(Epoch 40)acc (%):   87.6
2024-05-25 16:37:11,380 - INFO -  Top 10	(Epoch 40)acc (%):   91.24
2024-05-25 16:37:11,382 - INFO - 
Epoch	41
2024-05-25 16:37:26,627 - INFO - [204800/569465]	Loss  : 0.4061
2024-05-25 16:37:30,962 - INFO - [266240/569465]	Loss  : 0.4070
2024-05-25 16:37:36,337 - INFO - Test loss   : 0.8710
2024-05-25 16:37:36,338 - INFO - 
Epoch	42
2024-05-25 16:37:51,598 - INFO - [204800/569465]	Loss  : 0.4046
2024-05-25 16:37:55,956 - INFO - [266240/569465]	Loss  : 0.4054
2024-05-25 16:38:01,297 - INFO - Test loss   : 0.8638
2024-05-25 16:38:01,297 - INFO - 
Epoch	43
2024-05-25 16:38:16,585 - INFO - [204800/569465]	Loss  : 0.4033
2024-05-25 16:38:20,938 - INFO - [266240/569465]	Loss  : 0.4039
2024-05-25 16:38:26,283 - INFO - Test loss   : 0.8640
2024-05-25 16:38:26,283 - INFO - 
Epoch	44
2024-05-25 16:38:41,557 - INFO - [204800/569465]	Loss  : 0.4022
2024-05-25 16:38:45,808 - INFO - [266240/569465]	Loss  : 0.4033
2024-05-25 16:38:51,217 - INFO - Test loss   : 0.8745
2024-05-25 16:38:51,217 - INFO - 
Epoch	45
2024-05-25 16:39:06,475 - INFO - [204800/569465]	Loss  : 0.4004
2024-05-25 16:39:10,715 - INFO - [266240/569465]	Loss  : 0.4010
2024-05-25 16:39:16,125 - INFO - Test loss   : 0.8881
2024-05-25 16:39:16,125 - INFO - 
Epoch	46
2024-05-25 16:39:31,323 - INFO - [204800/569465]	Loss  : 0.3994
2024-05-25 16:39:35,574 - INFO - [266240/569465]	Loss  : 0.3998
2024-05-25 16:39:40,973 - INFO - Test loss   : 0.9054
2024-05-25 16:39:40,973 - INFO - 
Epoch	47
2024-05-25 16:39:56,233 - INFO - [204800/569465]	Loss  : 0.3987
2024-05-25 16:40:00,446 - INFO - [266240/569465]	Loss  : 0.3996
2024-05-25 16:40:05,849 - INFO - Test loss   : 0.8815
2024-05-25 16:40:05,849 - INFO - 
Epoch	48
2024-05-25 16:40:21,016 - INFO - [204800/569465]	Loss  : 0.3972
2024-05-25 16:40:25,262 - INFO - [266240/569465]	Loss  : 0.3985
2024-05-25 16:40:30,580 - INFO - Test loss   : 0.8904
2024-05-25 16:40:30,580 - INFO - 
Epoch	49
2024-05-25 16:40:45,809 - INFO - [204800/569465]	Loss  : 0.3968
2024-05-25 16:40:50,216 - INFO - [266240/569465]	Loss  : 0.3974
2024-05-25 16:40:55,597 - INFO - Test loss   : 0.9020
2024-05-25 16:40:55,597 - INFO - 
Epoch	50
2024-05-25 16:41:10,823 - INFO - [204800/569465]	Loss  : 0.3956
2024-05-25 16:41:15,148 - INFO - [266240/569465]	Loss  : 0.3964
2024-05-25 16:41:20,462 - INFO - Test loss   : 0.9015
2024-05-25 16:41:22,566 - INFO - (93622,)
2024-05-25 16:42:12,841 - INFO -  Split ID: 0
2024-05-25 16:42:12,878 - INFO -  Top 1	LocEnc (Epoch 50)acc (%):   1.2
2024-05-25 16:42:12,881 - INFO -  Top 3	LocEnc (Epoch 50)acc (%):   3.14
2024-05-25 16:42:12,884 - INFO -  Top 5	LocEnc (Epoch 50)acc (%):   4.73
2024-05-25 16:42:12,887 - INFO -  Top 10	LocEnc (Epoch 50)acc (%):   8.14
2024-05-25 16:42:13,141 - INFO - 
No prior
2024-05-25 16:42:13,705 - INFO - (95986,)
2024-05-25 16:42:31,673 - INFO -  Split ID: 0
2024-05-25 16:42:31,674 - INFO -  Top 1	(Epoch 50)acc (%):   63.27
2024-05-25 16:42:31,674 - INFO -  Top 3	(Epoch 50)acc (%):   79.82
2024-05-25 16:42:31,674 - INFO -  Top 5	(Epoch 50)acc (%):   84.51
2024-05-25 16:42:31,674 - INFO -  Top 10	(Epoch 50)acc (%):   88.99
2024-05-25 16:43:15,955 - INFO -  Split ID: 0
2024-05-25 16:43:15,955 - INFO -  Top 1	(Epoch 50)acc (%):   68.74
2024-05-25 16:43:15,956 - INFO -  Top 3	(Epoch 50)acc (%):   83.72
2024-05-25 16:43:15,956 - INFO -  Top 5	(Epoch 50)acc (%):   87.48
2024-05-25 16:43:15,956 - INFO -  Top 10	(Epoch 50)acc (%):   91.21
2024-05-25 16:43:15,958 - INFO - 
Epoch	51
2024-05-25 16:43:31,083 - INFO - [204800/569465]	Loss  : 0.3930
2024-05-25 16:43:35,413 - INFO - [266240/569465]	Loss  : 0.3946
2024-05-25 16:43:40,741 - INFO - Test loss   : 0.8927
2024-05-25 16:43:40,742 - INFO - 
Epoch	52
2024-05-25 16:43:55,966 - INFO - [204800/569465]	Loss  : 0.3936
2024-05-25 16:44:00,295 - INFO - [266240/569465]	Loss  : 0.3948
2024-05-25 16:44:05,605 - INFO - Test loss   : 0.8957
2024-05-25 16:44:05,605 - INFO - 
Epoch	53
2024-05-25 16:44:20,837 - INFO - [204800/569465]	Loss  : 0.3933
2024-05-25 16:44:25,201 - INFO - [266240/569465]	Loss  : 0.3938
2024-05-25 16:44:30,539 - INFO - Test loss   : 0.9141
2024-05-25 16:44:30,540 - INFO - 
Epoch	54
2024-05-25 16:44:45,718 - INFO - [204800/569465]	Loss  : 0.3910
2024-05-25 16:44:50,036 - INFO - [266240/569465]	Loss  : 0.3920
2024-05-25 16:44:55,357 - INFO - Test loss   : 0.9263
2024-05-25 16:44:55,357 - INFO - 
Epoch	55
2024-05-25 16:45:10,520 - INFO - [204800/569465]	Loss  : 0.3899
2024-05-25 16:45:14,840 - INFO - [266240/569465]	Loss  : 0.3908
2024-05-25 16:45:20,136 - INFO - Test loss   : 0.9317
2024-05-25 16:45:20,137 - INFO - 
Epoch	56
2024-05-25 16:45:35,381 - INFO - [204800/569465]	Loss  : 0.3894
2024-05-25 16:45:39,619 - INFO - [266240/569465]	Loss  : 0.3904
2024-05-25 16:45:45,023 - INFO - Test loss   : 0.9304
2024-05-25 16:45:45,023 - INFO - 
Epoch	57
2024-05-25 16:46:00,307 - INFO - [204800/569465]	Loss  : 0.3883
2024-05-25 16:46:04,621 - INFO - [266240/569465]	Loss  : 0.3891
2024-05-25 16:46:09,980 - INFO - Test loss   : 0.9293
2024-05-25 16:46:09,980 - INFO - 
Epoch	58
2024-05-25 16:46:25,238 - INFO - [204800/569465]	Loss  : 0.3871
2024-05-25 16:46:29,573 - INFO - [266240/569465]	Loss  : 0.3882
2024-05-25 16:46:34,920 - INFO - Test loss   : 0.9334
2024-05-25 16:46:34,920 - INFO - 
Epoch	59
2024-05-25 16:46:50,172 - INFO - [204800/569465]	Loss  : 0.3872
2024-05-25 16:46:54,522 - INFO - [266240/569465]	Loss  : 0.3882
2024-05-25 16:46:59,857 - INFO - Test loss   : 0.9536
2024-05-25 16:46:59,857 - INFO - 
Epoch	60
2024-05-25 16:47:15,051 - INFO - [204800/569465]	Loss  : 0.3853
2024-05-25 16:47:19,397 - INFO - [266240/569465]	Loss  : 0.3861
2024-05-25 16:47:24,756 - INFO - Test loss   : 0.9499
2024-05-25 16:47:26,907 - INFO - (93622,)
2024-05-25 16:48:19,483 - INFO -  Split ID: 0
2024-05-25 16:48:19,520 - INFO -  Top 1	LocEnc (Epoch 60)acc (%):   1.31
2024-05-25 16:48:19,523 - INFO -  Top 3	LocEnc (Epoch 60)acc (%):   3.22
2024-05-25 16:48:19,526 - INFO -  Top 5	LocEnc (Epoch 60)acc (%):   4.79
2024-05-25 16:48:19,529 - INFO -  Top 10	LocEnc (Epoch 60)acc (%):   8.3
2024-05-25 16:48:19,774 - INFO - 
No prior
2024-05-25 16:48:20,335 - INFO - (95986,)
2024-05-25 16:48:38,345 - INFO -  Split ID: 0
2024-05-25 16:48:38,345 - INFO -  Top 1	(Epoch 60)acc (%):   63.27
2024-05-25 16:48:38,345 - INFO -  Top 3	(Epoch 60)acc (%):   79.82
2024-05-25 16:48:38,346 - INFO -  Top 5	(Epoch 60)acc (%):   84.51
2024-05-25 16:48:38,346 - INFO -  Top 10	(Epoch 60)acc (%):   88.99
2024-05-25 16:49:22,554 - INFO -  Split ID: 0
2024-05-25 16:49:22,554 - INFO -  Top 1	(Epoch 60)acc (%):   68.6
2024-05-25 16:49:22,554 - INFO -  Top 3	(Epoch 60)acc (%):   83.61
2024-05-25 16:49:22,554 - INFO -  Top 5	(Epoch 60)acc (%):   87.38
2024-05-25 16:49:22,554 - INFO -  Top 10	(Epoch 60)acc (%):   91.08
2024-05-25 16:49:22,557 - INFO - 
Epoch	61
2024-05-25 16:49:37,788 - INFO - [204800/569465]	Loss  : 0.3853
2024-05-25 16:49:42,024 - INFO - [266240/569465]	Loss  : 0.3864
2024-05-25 16:49:47,407 - INFO - Test loss   : 0.9453
2024-05-25 16:49:47,407 - INFO - 
Epoch	62
2024-05-25 16:50:02,546 - INFO - [204800/569465]	Loss  : 0.3838
2024-05-25 16:50:06,773 - INFO - [266240/569465]	Loss  : 0.3849
2024-05-25 16:50:12,161 - INFO - Test loss   : 0.9508
2024-05-25 16:50:12,161 - INFO - 
Epoch	63
2024-05-25 16:50:27,296 - INFO - [204800/569465]	Loss  : 0.3846
2024-05-25 16:50:31,522 - INFO - [266240/569465]	Loss  : 0.3849
2024-05-25 16:50:36,900 - INFO - Test loss   : 0.9704
2024-05-25 16:50:36,900 - INFO - 
Epoch	64
2024-05-25 16:50:52,071 - INFO - [204800/569465]	Loss  : 0.3820
2024-05-25 16:50:56,293 - INFO - [266240/569465]	Loss  : 0.3831
2024-05-25 16:51:01,683 - INFO - Test loss   : 0.9583
2024-05-25 16:51:01,683 - INFO - 
Epoch	65
2024-05-25 16:51:16,865 - INFO - [204800/569465]	Loss  : 0.3827
2024-05-25 16:51:21,139 - INFO - [266240/569465]	Loss  : 0.3831
2024-05-25 16:51:26,548 - INFO - Test loss   : 0.9537
2024-05-25 16:51:26,548 - INFO - 
Epoch	66
2024-05-25 16:51:41,879 - INFO - [204800/569465]	Loss  : 0.3808
2024-05-25 16:51:46,262 - INFO - [266240/569465]	Loss  : 0.3818
2024-05-25 16:51:51,583 - INFO - Test loss   : 0.9744
2024-05-25 16:51:51,583 - INFO - 
Epoch	67
2024-05-25 16:52:06,808 - INFO - [204800/569465]	Loss  : 0.3806
2024-05-25 16:52:11,171 - INFO - [266240/569465]	Loss  : 0.3811
2024-05-25 16:52:16,495 - INFO - Test loss   : 0.9849
2024-05-25 16:52:16,495 - INFO - 
Epoch	68
2024-05-25 16:52:31,761 - INFO - [204800/569465]	Loss  : 0.3802
2024-05-25 16:52:36,121 - INFO - [266240/569465]	Loss  : 0.3804
2024-05-25 16:52:41,469 - INFO - Test loss   : 0.9935
2024-05-25 16:52:41,469 - INFO - 
Epoch	69
2024-05-25 16:52:56,664 - INFO - [204800/569465]	Loss  : 0.3792
2024-05-25 16:53:01,014 - INFO - [266240/569465]	Loss  : 0.3802
2024-05-25 16:53:06,373 - INFO - Test loss   : 1.0081
2024-05-25 16:53:06,373 - INFO - 
Epoch	70
2024-05-25 16:53:21,567 - INFO - [204800/569465]	Loss  : 0.3789
2024-05-25 16:53:25,920 - INFO - [266240/569465]	Loss  : 0.3794
2024-05-25 16:53:31,241 - INFO - Test loss   : 0.9940
2024-05-25 16:53:33,407 - INFO - (93622,)
2024-05-25 16:54:25,680 - INFO -  Split ID: 0
2024-05-25 16:54:25,716 - INFO -  Top 1	LocEnc (Epoch 70)acc (%):   1.29
2024-05-25 16:54:25,719 - INFO -  Top 3	LocEnc (Epoch 70)acc (%):   3.2
2024-05-25 16:54:25,722 - INFO -  Top 5	LocEnc (Epoch 70)acc (%):   4.79
2024-05-25 16:54:25,725 - INFO -  Top 10	LocEnc (Epoch 70)acc (%):   8.22
2024-05-25 16:54:25,968 - INFO - 
No prior
2024-05-25 16:54:26,532 - INFO - (95986,)
2024-05-25 16:54:44,568 - INFO -  Split ID: 0
2024-05-25 16:54:44,568 - INFO -  Top 1	(Epoch 70)acc (%):   63.27
2024-05-25 16:54:44,569 - INFO -  Top 3	(Epoch 70)acc (%):   79.82
2024-05-25 16:54:44,569 - INFO -  Top 5	(Epoch 70)acc (%):   84.51
2024-05-25 16:54:44,569 - INFO -  Top 10	(Epoch 70)acc (%):   88.99
2024-05-25 16:55:28,864 - INFO -  Split ID: 0
2024-05-25 16:55:28,865 - INFO -  Top 1	(Epoch 70)acc (%):   68.48
2024-05-25 16:55:28,865 - INFO -  Top 3	(Epoch 70)acc (%):   83.44
2024-05-25 16:55:28,865 - INFO -  Top 5	(Epoch 70)acc (%):   87.28
2024-05-25 16:55:28,865 - INFO -  Top 10	(Epoch 70)acc (%):   90.96
2024-05-25 16:55:28,867 - INFO - 
Epoch	71
2024-05-25 16:55:48,249 - INFO - [204800/569465]	Loss  : 0.3779
2024-05-25 16:55:53,070 - INFO - [266240/569465]	Loss  : 0.3776
2024-05-25 16:55:58,398 - INFO - Test loss   : 1.0182
2024-05-25 16:55:58,398 - INFO - 
Epoch	72
2024-05-25 16:56:13,558 - INFO - [204800/569465]	Loss  : 0.3765
2024-05-25 16:56:17,906 - INFO - [266240/569465]	Loss  : 0.3768
2024-05-25 16:56:23,221 - INFO - Test loss   : 1.0317
2024-05-25 16:56:23,222 - INFO - 
Epoch	73
2024-05-25 16:56:38,488 - INFO - [204800/569465]	Loss  : 0.3758
2024-05-25 16:56:42,749 - INFO - [266240/569465]	Loss  : 0.3768
2024-05-25 16:56:48,149 - INFO - Test loss   : 1.0022
2024-05-25 16:56:48,149 - INFO - 
Epoch	74
2024-05-25 16:57:03,432 - INFO - [204800/569465]	Loss  : 0.3748
2024-05-25 16:57:07,793 - INFO - [266240/569465]	Loss  : 0.3757
2024-05-25 16:57:13,138 - INFO - Test loss   : 1.0034
2024-05-25 16:57:13,138 - INFO - 
Epoch	75
2024-05-25 16:57:28,418 - INFO - [204800/569465]	Loss  : 0.3738
2024-05-25 16:57:32,751 - INFO - [266240/569465]	Loss  : 0.3746
2024-05-25 16:57:38,147 - INFO - Test loss   : 1.0083
2024-05-25 16:57:38,147 - INFO - 
Epoch	76
2024-05-25 16:57:53,402 - INFO - [204800/569465]	Loss  : 0.3742
2024-05-25 16:57:57,758 - INFO - [266240/569465]	Loss  : 0.3746
2024-05-25 16:58:03,069 - INFO - Test loss   : 1.0213
2024-05-25 16:58:03,069 - INFO - 
Epoch	77
2024-05-25 16:58:18,315 - INFO - [204800/569465]	Loss  : 0.3738
2024-05-25 16:58:22,719 - INFO - [266240/569465]	Loss  : 0.3742
2024-05-25 16:58:28,092 - INFO - Test loss   : 1.0292
2024-05-25 16:58:28,092 - INFO - 
Epoch	78
2024-05-25 16:58:43,353 - INFO - [204800/569465]	Loss  : 0.3723
2024-05-25 16:58:47,609 - INFO - [266240/569465]	Loss  : 0.3730
2024-05-25 16:58:53,028 - INFO - Test loss   : 1.0404
2024-05-25 16:58:53,028 - INFO - 
Epoch	79
2024-05-25 16:59:08,260 - INFO - [204800/569465]	Loss  : 0.3718
2024-05-25 16:59:12,540 - INFO - [266240/569465]	Loss  : 0.3731
2024-05-25 16:59:17,982 - INFO - Test loss   : 1.0334
2024-05-25 16:59:17,982 - INFO - 
Epoch	80
2024-05-25 16:59:33,186 - INFO - [204800/569465]	Loss  : 0.3712
2024-05-25 16:59:37,427 - INFO - [266240/569465]	Loss  : 0.3721
2024-05-25 16:59:42,848 - INFO - Test loss   : 1.0035
2024-05-25 16:59:45,032 - INFO - (93622,)
2024-05-25 17:00:30,994 - INFO -  Split ID: 0
2024-05-25 17:00:31,032 - INFO -  Top 1	LocEnc (Epoch 80)acc (%):   1.35
2024-05-25 17:00:31,035 - INFO -  Top 3	LocEnc (Epoch 80)acc (%):   3.32
2024-05-25 17:00:31,038 - INFO -  Top 5	LocEnc (Epoch 80)acc (%):   4.92
2024-05-25 17:00:31,041 - INFO -  Top 10	LocEnc (Epoch 80)acc (%):   8.49
2024-05-25 17:00:31,296 - INFO - 
No prior
2024-05-25 17:00:31,854 - INFO - (95986,)
2024-05-25 17:00:49,818 - INFO -  Split ID: 0
2024-05-25 17:00:49,818 - INFO -  Top 1	(Epoch 80)acc (%):   63.27
2024-05-25 17:00:49,818 - INFO -  Top 3	(Epoch 80)acc (%):   79.82
2024-05-25 17:00:49,818 - INFO -  Top 5	(Epoch 80)acc (%):   84.51
2024-05-25 17:00:49,819 - INFO -  Top 10	(Epoch 80)acc (%):   88.99
2024-05-25 17:01:34,213 - INFO -  Split ID: 0
2024-05-25 17:01:34,213 - INFO -  Top 1	(Epoch 80)acc (%):   68.45
2024-05-25 17:01:34,213 - INFO -  Top 3	(Epoch 80)acc (%):   83.37
2024-05-25 17:01:34,214 - INFO -  Top 5	(Epoch 80)acc (%):   87.2
2024-05-25 17:01:34,214 - INFO -  Top 10	(Epoch 80)acc (%):   90.94
2024-05-25 17:01:34,216 - INFO - 
Epoch	81
2024-05-25 17:01:49,443 - INFO - [204800/569465]	Loss  : 0.3721
2024-05-25 17:01:53,693 - INFO - [266240/569465]	Loss  : 0.3725
2024-05-25 17:01:59,101 - INFO - Test loss   : 1.0373
2024-05-25 17:01:59,102 - INFO - 
Epoch	82
2024-05-25 17:02:14,348 - INFO - [204800/569465]	Loss  : 0.3717
2024-05-25 17:02:18,596 - INFO - [266240/569465]	Loss  : 0.3718
2024-05-25 17:02:23,929 - INFO - Test loss   : 1.0703
2024-05-25 17:02:23,929 - INFO - 
Epoch	83
2024-05-25 17:02:39,214 - INFO - [204800/569465]	Loss  : 0.3705
2024-05-25 17:02:43,560 - INFO - [266240/569465]	Loss  : 0.3709
2024-05-25 17:02:48,868 - INFO - Test loss   : 1.0494
2024-05-25 17:02:48,869 - INFO - 
Epoch	84
2024-05-25 17:03:04,087 - INFO - [204800/569465]	Loss  : 0.3692
2024-05-25 17:03:08,477 - INFO - [266240/569465]	Loss  : 0.3700
2024-05-25 17:03:13,820 - INFO - Test loss   : 1.0626
2024-05-25 17:03:13,821 - INFO - 
Epoch	85
2024-05-25 17:03:29,203 - INFO - [204800/569465]	Loss  : 0.3696
2024-05-25 17:03:33,542 - INFO - [266240/569465]	Loss  : 0.3697
2024-05-25 17:03:38,907 - INFO - Test loss   : 1.0632
2024-05-25 17:03:38,907 - INFO - 
Epoch	86
2024-05-25 17:03:54,182 - INFO - [204800/569465]	Loss  : 0.3685
2024-05-25 17:03:58,536 - INFO - [266240/569465]	Loss  : 0.3684
2024-05-25 17:04:03,875 - INFO - Test loss   : 1.0719
2024-05-25 17:04:03,875 - INFO - 
Epoch	87
2024-05-25 17:04:19,239 - INFO - [204800/569465]	Loss  : 0.3678
2024-05-25 17:04:23,574 - INFO - [266240/569465]	Loss  : 0.3685
2024-05-25 17:04:28,911 - INFO - Test loss   : 1.0614
2024-05-25 17:04:28,911 - INFO - 
Epoch	88
2024-05-25 17:04:44,182 - INFO - [204800/569465]	Loss  : 0.3670
2024-05-25 17:04:48,515 - INFO - [266240/569465]	Loss  : 0.3677
2024-05-25 17:04:53,849 - INFO - Test loss   : 1.0617
2024-05-25 17:04:53,849 - INFO - 
Epoch	89
2024-05-25 17:05:09,102 - INFO - [204800/569465]	Loss  : 0.3671
2024-05-25 17:05:13,454 - INFO - [266240/569465]	Loss  : 0.3673
2024-05-25 17:05:18,798 - INFO - Test loss   : 1.0785
2024-05-25 17:05:18,798 - INFO - 
Epoch	90
2024-05-25 17:05:34,026 - INFO - [204800/569465]	Loss  : 0.3669
2024-05-25 17:05:38,259 - INFO - [266240/569465]	Loss  : 0.3670
2024-05-25 17:05:43,668 - INFO - Test loss   : 1.0637
2024-05-25 17:05:45,802 - INFO - (93622,)
2024-05-25 17:06:34,208 - INFO -  Split ID: 0
2024-05-25 17:06:34,245 - INFO -  Top 1	LocEnc (Epoch 90)acc (%):   1.31
2024-05-25 17:06:34,248 - INFO -  Top 3	LocEnc (Epoch 90)acc (%):   3.39
2024-05-25 17:06:34,251 - INFO -  Top 5	LocEnc (Epoch 90)acc (%):   5.06
2024-05-25 17:06:34,254 - INFO -  Top 10	LocEnc (Epoch 90)acc (%):   8.48
2024-05-25 17:06:34,496 - INFO - 
No prior
2024-05-25 17:06:35,055 - INFO - (95986,)
2024-05-25 17:06:53,139 - INFO -  Split ID: 0
2024-05-25 17:06:53,140 - INFO -  Top 1	(Epoch 90)acc (%):   63.27
2024-05-25 17:06:53,140 - INFO -  Top 3	(Epoch 90)acc (%):   79.82
2024-05-25 17:06:53,140 - INFO -  Top 5	(Epoch 90)acc (%):   84.51
2024-05-25 17:06:53,140 - INFO -  Top 10	(Epoch 90)acc (%):   88.99
2024-05-25 17:07:37,531 - INFO -  Split ID: 0
2024-05-25 17:07:37,531 - INFO -  Top 1	(Epoch 90)acc (%):   68.3
2024-05-25 17:07:37,531 - INFO -  Top 3	(Epoch 90)acc (%):   83.28
2024-05-25 17:07:37,531 - INFO -  Top 5	(Epoch 90)acc (%):   87.08
2024-05-25 17:07:37,531 - INFO -  Top 10	(Epoch 90)acc (%):   90.81
2024-05-25 17:07:37,534 - INFO - 
Epoch	91
2024-05-25 17:07:52,768 - INFO - [204800/569465]	Loss  : 0.3661
2024-05-25 17:07:57,125 - INFO - [266240/569465]	Loss  : 0.3669
2024-05-25 17:08:02,464 - INFO - Test loss   : 1.0762
2024-05-25 17:08:02,465 - INFO - 
Epoch	92
2024-05-25 17:08:17,710 - INFO - [204800/569465]	Loss  : 0.3655
2024-05-25 17:08:22,038 - INFO - [266240/569465]	Loss  : 0.3661
2024-05-25 17:08:27,386 - INFO - Test loss   : 1.0827
2024-05-25 17:08:27,386 - INFO - 
Epoch	93
2024-05-25 17:08:42,617 - INFO - [204800/569465]	Loss  : 0.3648
2024-05-25 17:08:46,949 - INFO - [266240/569465]	Loss  : 0.3657
2024-05-25 17:08:52,267 - INFO - Test loss   : 1.0871
2024-05-25 17:08:52,267 - INFO - 
Epoch	94
2024-05-25 17:09:07,459 - INFO - [204800/569465]	Loss  : 0.3646
2024-05-25 17:09:11,781 - INFO - [266240/569465]	Loss  : 0.3645
2024-05-25 17:09:17,107 - INFO - Test loss   : 1.1149
2024-05-25 17:09:17,107 - INFO - 
Epoch	95
2024-05-25 17:09:32,331 - INFO - [204800/569465]	Loss  : 0.3634
2024-05-25 17:09:36,559 - INFO - [266240/569465]	Loss  : 0.3643
2024-05-25 17:09:41,962 - INFO - Test loss   : 1.0906
2024-05-25 17:09:41,962 - INFO - 
Epoch	96
2024-05-25 17:09:57,130 - INFO - [204800/569465]	Loss  : 0.3641
2024-05-25 17:10:01,365 - INFO - [266240/569465]	Loss  : 0.3646
2024-05-25 17:10:06,826 - INFO - Test loss   : 1.0829
2024-05-25 17:10:06,826 - INFO - 
Epoch	97
2024-05-25 17:10:22,087 - INFO - [204800/569465]	Loss  : 0.3626
2024-05-25 17:10:26,332 - INFO - [266240/569465]	Loss  : 0.3631
2024-05-25 17:10:31,729 - INFO - Test loss   : 1.0940
2024-05-25 17:10:31,729 - INFO - 
Epoch	98
2024-05-25 17:10:46,898 - INFO - [204800/569465]	Loss  : 0.3626
2024-05-25 17:10:51,110 - INFO - [266240/569465]	Loss  : 0.3636
2024-05-25 17:10:56,500 - INFO - Test loss   : 1.0863
2024-05-25 17:10:56,500 - INFO - 
Epoch	99
2024-05-25 17:11:11,744 - INFO - [204800/569465]	Loss  : 0.3628
2024-05-25 17:11:15,998 - INFO - [266240/569465]	Loss  : 0.3630
2024-05-25 17:11:21,344 - INFO - Test loss   : 1.1084
2024-05-25 17:11:21,344 - INFO - Saving output model to ../models/space2vec_grid/model_inat_2017_Space2Vec-grid_inception_v3_0.0200_128_0.0050000_360.000_1_256_BATCH4096_leakyrelu.pth.tar
2024-05-25 17:11:21,393 - INFO - Saving output model to ../models/space2vec_grid/model_inat_2017_Space2Vec-grid_inception_v3_0.0200_128_0.0050000_360.000_1_256_BATCH4096_leakyrelu.pth.tar
2024-05-25 17:11:21,564 - INFO - 
No prior
2024-05-25 17:11:22,167 - INFO - (95986,)
2024-05-25 17:11:42,391 - INFO -  Split ID: 0
2024-05-25 17:11:42,392 - INFO -  Top 1	acc (%):   63.27
2024-05-25 17:11:42,392 - INFO -  Top 3	acc (%):   79.82
2024-05-25 17:11:42,392 - INFO -  Top 5	acc (%):   84.51
2024-05-25 17:11:42,392 - INFO -  Top 10	acc (%):   88.99
2024-05-25 17:12:26,901 - INFO -  Split ID: 0
2024-05-25 17:12:26,902 - INFO -  Top 1	acc (%):   68.23
2024-05-25 17:12:26,902 - INFO -  Top 3	acc (%):   83.11
2024-05-25 17:12:26,902 - INFO -  Top 5	acc (%):   86.97
2024-05-25 17:12:26,902 - INFO -  Top 10	acc (%):   90.71
2024-05-25 17:12:26,927 - INFO - 
Space2Vec-grid
2024-05-25 17:12:26,927 - INFO -  Model :	model_inat_2017_Space2Vec-grid_inception_v3_0.0200_128_0.0050000_360.000_1_256_BATCH4096_leakyrelu.pth.tar
2024-05-25 17:12:29,113 - INFO - (93622,)
2024-05-25 17:13:15,094 - INFO -  Split ID: 0
2024-05-25 17:13:15,131 - INFO -  Top 1	LocEnc acc (%):   1.35
2024-05-25 17:13:15,134 - INFO -  Top 3	LocEnc acc (%):   3.39
2024-05-25 17:13:15,137 - INFO -  Top 5	LocEnc acc (%):   5.07
2024-05-25 17:13:15,140 - INFO -  Top 10	LocEnc acc (%):   8.59
2024-05-31 01:42:28,979 - INFO - 
num_classes	5089
2024-05-31 01:42:28,979 - INFO - num train    	569465
2024-05-31 01:42:28,979 - INFO - num val      	93622
2024-05-31 01:42:28,979 - INFO - train loss   	full_loss
2024-05-31 01:42:28,979 - INFO - model name   	../models/space2vec_grid/model_inat_2017_Space2Vec-grid_inception_v3_0.0200_128_0.0050000_360.000_1_256_BATCH4096_leakyrelu.pth.tar
2024-05-31 01:42:28,979 - INFO - num users    	17302
2024-05-31 01:42:29,843 - INFO - 
Only Space2Vec-grid
2024-05-31 01:42:29,843 - INFO -  Model :	model_inat_2017_Space2Vec-grid_inception_v3_0.0200_128_0.0050000_360.000_1_256_BATCH4096_leakyrelu.pth.tar
2024-05-31 01:42:30,189 - INFO - Saving output model to ../models/space2vec_grid/model_inat_2017_Space2Vec-grid_inception_v3_0.0200_128_0.0050000_360.000_1_256_BATCH4096_leakyrelu.pth.tar
2024-05-31 01:42:30,458 - INFO - Saving output model to ../models/space2vec_grid/model_inat_2017_Space2Vec-grid_inception_v3_0.0200_128_0.0050000_360.000_1_256_BATCH4096_leakyrelu.pth.tar
2024-05-31 01:42:30,656 - INFO - 
No prior
2024-05-31 01:42:31,299 - INFO - (95986,)
2024-05-31 01:43:02,766 - INFO - Save results to ../eval_results/eval_inat_2017__val_no_prior.csv
2024-05-31 01:43:02,767 - INFO -  Split ID: 0
2024-05-31 01:43:02,767 - INFO -  Top 1	acc (%):   63.27
2024-05-31 01:43:02,767 - INFO -  Top 3	acc (%):   79.82
2024-05-31 01:43:02,768 - INFO -  Top 5	acc (%):   84.51
2024-05-31 01:43:02,768 - INFO -  Top 10	acc (%):   88.99
2024-05-31 01:44:24,765 - INFO -  Split ID: 0
2024-05-31 01:44:24,766 - INFO -  Top 1	hit (%):   68.23
2024-05-31 01:44:24,766 - INFO -  Top 3	hit (%):   83.11
2024-05-31 01:44:24,766 - INFO -  Top 5	hit (%):   86.97
2024-05-31 01:44:24,766 - INFO -  Top 10	hit (%):   90.71
2024-05-31 01:44:24,793 - INFO - 
Only Space2Vec-grid
2024-05-31 01:44:24,793 - INFO -  Model :	model_inat_2017_Space2Vec-grid_inception_v3_0.0200_128_0.0050000_360.000_1_256_BATCH4096_leakyrelu.pth.tar
2024-05-31 01:44:27,134 - INFO - (93622,)
2024-05-31 01:45:19,423 - INFO -  Split ID: 0
2024-05-31 01:45:19,462 - INFO -  Top 1	LocEnc acc (%):   1.35
2024-05-31 01:45:19,465 - INFO -  Top 3	LocEnc acc (%):   3.39
2024-05-31 01:45:19,468 - INFO -  Top 5	LocEnc acc (%):   5.07
2024-05-31 01:45:19,471 - INFO -  Top 10	LocEnc acc (%):   8.59
