2024-05-28 00:21:34,271 - INFO - 
num_classes	100
2024-05-28 00:21:34,272 - INFO - num train    	66739
2024-05-28 00:21:34,272 - INFO - num val      	4449
2024-05-28 00:21:34,272 - INFO - train loss   	full_loss
2024-05-28 00:21:34,272 - INFO - model name   	../models/sphere2vec_sphereMplus_op/model_yfcc_Sphere2Vec-sphereM+_inception_v3_0.00078654_64_0.0003025_1_512_leakyrelu.pth.tar
2024-05-28 00:21:34,272 - INFO - num users    	1
2024-05-28 00:21:34,517 - INFO - 
Epoch	0
2024-05-28 00:24:50,997 - INFO - [51200/66739]	Loss  : 1.4184
2024-05-28 00:25:45,901 - INFO - [66560/66739]	Loss  : 1.3881
2024-05-28 00:26:02,628 - INFO - Test loss   : 0.5725
2024-05-28 00:26:02,628 - INFO - 
Epoch	1
2024-05-28 00:29:17,254 - INFO - [51200/66739]	Loss  : 1.2682
2024-05-28 00:30:11,138 - INFO - [66560/66739]	Loss  : 1.2661
2024-05-28 00:30:27,392 - INFO - Test loss   : 0.5705
2024-05-28 00:30:27,392 - INFO - 
Epoch	2
2024-05-28 00:33:45,298 - INFO - [51200/66739]	Loss  : 1.2556
2024-05-28 00:34:39,458 - INFO - [66560/66739]	Loss  : 1.2545
2024-05-28 00:34:56,018 - INFO - Test loss   : 0.5567
2024-05-28 00:34:56,018 - INFO - 
Epoch	3
2024-05-28 00:38:21,513 - INFO - [51200/66739]	Loss  : 1.2452
2024-05-28 00:39:20,086 - INFO - [66560/66739]	Loss  : 1.2451
2024-05-28 00:39:38,094 - INFO - Test loss   : 0.5906
2024-05-28 00:39:38,094 - INFO - 
Epoch	4
2024-05-28 00:43:08,050 - INFO - [51200/66739]	Loss  : 1.2389
2024-05-28 00:44:05,748 - INFO - [66560/66739]	Loss  : 1.2394
2024-05-28 00:44:23,311 - INFO - Test loss   : 0.5590
2024-05-28 00:44:23,311 - INFO - 
Epoch	5
2024-05-28 00:47:51,944 - INFO - [51200/66739]	Loss  : 1.2335
2024-05-28 00:48:50,682 - INFO - [66560/66739]	Loss  : 1.2332
2024-05-28 00:49:08,572 - INFO - Test loss   : 0.5915
2024-05-28 00:49:08,573 - INFO - 
Epoch	6
2024-05-28 00:52:35,988 - INFO - [51200/66739]	Loss  : 1.2318
2024-05-28 00:53:33,493 - INFO - [66560/66739]	Loss  : 1.2300
2024-05-28 00:53:51,140 - INFO - Test loss   : 0.5917
2024-05-28 00:53:51,140 - INFO - 
Epoch	7
2024-05-28 00:57:23,773 - INFO - [51200/66739]	Loss  : 1.2268
2024-05-28 00:58:24,788 - INFO - [66560/66739]	Loss  : 1.2260
2024-05-28 00:58:43,440 - INFO - Test loss   : 0.5597
2024-05-28 00:58:43,440 - INFO - 
Epoch	8
2024-05-28 01:02:23,333 - INFO - [51200/66739]	Loss  : 1.2232
2024-05-28 01:03:26,162 - INFO - [66560/66739]	Loss  : 1.2223
2024-05-28 01:03:45,253 - INFO - Test loss   : 0.5740
2024-05-28 01:03:45,253 - INFO - 
Epoch	9
2024-05-28 01:07:27,318 - INFO - [51200/66739]	Loss  : 1.2209
2024-05-28 01:08:28,505 - INFO - [66560/66739]	Loss  : 1.2193
2024-05-28 01:08:47,261 - INFO - Test loss   : 0.5624
2024-05-28 01:08:47,261 - INFO - 
Epoch	10
2024-05-28 01:12:28,950 - INFO - [51200/66739]	Loss  : 1.2166
2024-05-28 01:13:31,654 - INFO - [66560/66739]	Loss  : 1.2169
2024-05-28 01:13:50,704 - INFO - Test loss   : 0.6212
2024-05-28 01:13:50,704 - INFO - 
Epoch	11
2024-05-28 01:17:29,422 - INFO - [51200/66739]	Loss  : 1.2159
2024-05-28 01:18:30,525 - INFO - [66560/66739]	Loss  : 1.2155
2024-05-28 01:18:49,237 - INFO - Test loss   : 0.5559
2024-05-28 01:18:49,237 - INFO - 
Epoch	12
2024-05-28 01:22:33,114 - INFO - [51200/66739]	Loss  : 1.2137
2024-05-28 01:23:34,029 - INFO - [66560/66739]	Loss  : 1.2141
2024-05-28 01:23:52,650 - INFO - Test loss   : 0.5674
2024-05-28 01:23:52,650 - INFO - 
Epoch	13
2024-05-28 01:27:33,023 - INFO - [51200/66739]	Loss  : 1.2133
2024-05-28 01:28:38,647 - INFO - [66560/66739]	Loss  : 1.2117
2024-05-28 01:28:58,874 - INFO - Test loss   : 0.5901
2024-05-28 01:28:58,875 - INFO - 
Epoch	14
2024-05-28 01:32:53,601 - INFO - [51200/66739]	Loss  : 1.2106
2024-05-28 01:33:58,607 - INFO - [66560/66739]	Loss  : 1.2094
2024-05-28 01:34:18,422 - INFO - Test loss   : 0.5713
2024-05-28 01:34:18,422 - INFO - 
Epoch	15
2024-05-28 01:38:17,311 - INFO - [51200/66739]	Loss  : 1.2080
2024-05-28 01:39:27,211 - INFO - [66560/66739]	Loss  : 1.2085
2024-05-28 01:39:48,503 - INFO - Test loss   : 0.5515
2024-05-28 01:39:48,503 - INFO - 
Epoch	16
2024-05-28 01:43:55,702 - INFO - [51200/66739]	Loss  : 1.2065
2024-05-28 01:45:04,480 - INFO - [66560/66739]	Loss  : 1.2064
2024-05-28 01:45:25,544 - INFO - Test loss   : 0.5882
2024-05-28 01:45:25,544 - INFO - 
Epoch	17
2024-05-28 01:49:36,935 - INFO - [51200/66739]	Loss  : 1.2051
2024-05-28 01:50:47,013 - INFO - [66560/66739]	Loss  : 1.2052
2024-05-28 01:51:08,318 - INFO - Test loss   : 0.5639
2024-05-28 01:51:08,319 - INFO - 
Epoch	18
2024-05-28 01:55:17,035 - INFO - [51200/66739]	Loss  : 1.2034
2024-05-28 01:56:24,513 - INFO - [66560/66739]	Loss  : 1.2045
2024-05-28 01:56:45,854 - INFO - Test loss   : 0.5519
2024-05-28 01:56:45,855 - INFO - 
Epoch	19
2024-05-28 02:01:00,612 - INFO - [51200/66739]	Loss  : 1.2041
2024-05-28 02:02:10,974 - INFO - [66560/66739]	Loss  : 1.2031
2024-05-28 02:02:32,448 - INFO - Test loss   : 0.5800
2024-05-28 02:02:32,449 - INFO - 
Epoch	20
2024-05-28 02:06:34,526 - INFO - [51200/66739]	Loss  : 1.2016
2024-05-28 02:07:43,475 - INFO - [66560/66739]	Loss  : 1.2010
2024-05-28 02:08:04,575 - INFO - Test loss   : 0.5576
2024-05-28 02:08:04,575 - INFO - 
Epoch	21
2024-05-28 02:12:17,175 - INFO - [51200/66739]	Loss  : 1.1998
2024-05-28 02:13:26,082 - INFO - [66560/66739]	Loss  : 1.1999
2024-05-28 02:13:47,099 - INFO - Test loss   : 0.5763
2024-05-28 02:13:47,099 - INFO - 
Epoch	22
2024-05-28 02:17:54,873 - INFO - [51200/66739]	Loss  : 1.1990
2024-05-28 02:19:05,176 - INFO - [66560/66739]	Loss  : 1.1995
2024-05-28 02:19:26,628 - INFO - Test loss   : 0.5647
2024-05-28 02:19:26,628 - INFO - 
Epoch	23
2024-05-28 02:23:37,216 - INFO - [51200/66739]	Loss  : 1.1997
2024-05-28 02:24:45,856 - INFO - [66560/66739]	Loss  : 1.1982
2024-05-28 02:25:06,888 - INFO - Test loss   : 0.5832
2024-05-28 02:25:06,888 - INFO - 
Epoch	24
2024-05-28 02:29:07,954 - INFO - [51200/66739]	Loss  : 1.1973
2024-05-28 02:30:14,314 - INFO - [66560/66739]	Loss  : 1.1964
2024-05-28 02:30:34,486 - INFO - Test loss   : 0.5593
2024-05-28 02:30:34,486 - INFO - 
Epoch	25
2024-05-28 02:34:28,563 - INFO - [51200/66739]	Loss  : 1.1953
2024-05-28 02:35:34,069 - INFO - [66560/66739]	Loss  : 1.1953
2024-05-28 02:35:54,093 - INFO - Test loss   : 0.5731
2024-05-28 02:35:54,094 - INFO - 
Epoch	26
2024-05-28 02:39:52,473 - INFO - [51200/66739]	Loss  : 1.1955
2024-05-28 02:40:57,609 - INFO - [66560/66739]	Loss  : 1.1955
2024-05-28 02:41:17,550 - INFO - Test loss   : 0.5557
2024-05-28 02:41:17,551 - INFO - 
Epoch	27
2024-05-28 02:45:12,565 - INFO - [51200/66739]	Loss  : 1.1955
2024-05-28 02:46:19,289 - INFO - [66560/66739]	Loss  : 1.1952
2024-05-28 02:46:39,640 - INFO - Test loss   : 0.5765
2024-05-28 02:46:39,640 - INFO - 
Epoch	28
2024-05-28 02:50:36,391 - INFO - [51200/66739]	Loss  : 1.1945
2024-05-28 02:51:41,496 - INFO - [66560/66739]	Loss  : 1.1943
2024-05-28 02:52:01,347 - INFO - Test loss   : 0.5734
2024-05-28 02:52:01,347 - INFO - 
Epoch	29
2024-05-28 02:55:59,984 - INFO - [51200/66739]	Loss  : 1.1927
2024-05-28 02:57:06,186 - INFO - [66560/66739]	Loss  : 1.1933
2024-05-28 02:57:26,296 - INFO - Test loss   : 0.5613
2024-05-28 02:57:26,303 - INFO - Saving output model to ../models/sphere2vec_sphereMplus_op/model_yfcc_Sphere2Vec-sphereM+_inception_v3_0.00078654_64_0.0003025_1_512_leakyrelu.pth.tar
2024-05-28 02:57:26,318 - INFO - Saving output model to ../models/sphere2vec_sphereMplus_op/model_yfcc_Sphere2Vec-sphereM+_inception_v3_0.00078654_64_0.0003025_1_512_leakyrelu.pth.tar
2024-05-28 02:57:26,350 - INFO - 
No prior
2024-05-28 02:57:26,353 - INFO - (17798,)
2024-05-28 02:57:26,478 - INFO -  Split ID: 0
2024-05-28 02:57:26,478 - INFO -  Top 1	acc (%):   50.15
2024-05-28 02:57:26,478 - INFO -  Top 3	acc (%):   73.9
2024-05-28 02:57:26,478 - INFO -  Top 5	acc (%):   82.45
2024-05-28 02:57:26,478 - INFO -  Top 10	acc (%):   91.06
2024-05-28 02:59:12,283 - INFO -  Split ID: 0
2024-05-28 02:59:12,284 - INFO -  Top 1	acc (%):   50.55
2024-05-28 02:59:12,284 - INFO -  Top 3	acc (%):   74.49
2024-05-28 02:59:12,284 - INFO -  Top 5	acc (%):   83.06
2024-05-28 02:59:12,284 - INFO -  Top 10	acc (%):   91.45
2024-05-28 03:00:58,115 - INFO -  Split ID: 0
2024-05-28 03:00:58,115 - INFO -  Top 1	acc (%):   50.55
2024-05-28 03:00:58,115 - INFO - for optuna top1: 50.55
2024-05-28 03:00:58,115 - INFO -  Top 3	acc (%):   74.49
2024-05-28 03:00:58,115 - INFO -  Top 5	acc (%):   83.06
2024-05-28 03:00:58,115 - INFO -  Top 10	acc (%):   91.45
2024-05-28 03:00:58,116 - INFO - top_1_acc: 50.55_model_Sphere2Vec-sphereM+_yfcc__0.000786540988907017_0.0003025473890167338_1_512_64_leakyrelu
2024-05-28 03:00:58,401 - INFO - 
num_classes	100
2024-05-28 03:00:58,401 - INFO - num train    	66739
2024-05-28 03:00:58,401 - INFO - num val      	4449
2024-05-28 03:00:58,401 - INFO - train loss   	full_loss
2024-05-28 03:00:58,401 - INFO - model name   	../models/sphere2vec_sphereMplus_op/model_yfcc_Sphere2Vec-sphereM+_inception_v3_0.00841413_16_0.0001218_1_512_leakyrelu.pth.tar
2024-05-28 03:00:58,401 - INFO - num users    	1
2024-05-28 03:00:58,454 - INFO - 
Epoch	0
2024-05-28 03:04:55,309 - INFO - [51200/66739]	Loss  : 1.3530
2024-05-28 03:06:01,604 - INFO - [66560/66739]	Loss  : 1.3361
2024-05-28 03:06:21,642 - INFO - Test loss   : 0.5253
2024-05-28 03:06:21,643 - INFO - 
Epoch	1
2024-05-28 03:10:15,528 - INFO - [51200/66739]	Loss  : 1.2569
2024-05-28 03:11:20,706 - INFO - [66560/66739]	Loss  : 1.2561
2024-05-28 03:11:40,807 - INFO - Test loss   : 0.5834
2024-05-28 03:11:40,807 - INFO - 
Epoch	2
2024-05-28 03:15:38,453 - INFO - [51200/66739]	Loss  : 1.2442
2024-05-28 03:16:43,229 - INFO - [66560/66739]	Loss  : 1.2424
2024-05-28 03:17:03,107 - INFO - Test loss   : 0.5563
2024-05-28 03:17:03,107 - INFO - 
Epoch	3
2024-05-28 03:20:57,582 - INFO - [51200/66739]	Loss  : 1.2316
2024-05-28 03:22:03,826 - INFO - [66560/66739]	Loss  : 1.2327
2024-05-28 03:22:24,045 - INFO - Test loss   : 0.5365
2024-05-28 03:22:24,045 - INFO - 
Epoch	4
2024-05-28 03:26:21,803 - INFO - [51200/66739]	Loss  : 1.2270
2024-05-28 03:27:27,880 - INFO - [66560/66739]	Loss  : 1.2266
2024-05-28 03:27:47,822 - INFO - Test loss   : 0.5752
2024-05-28 03:27:47,823 - INFO - 
Epoch	5
2024-05-28 03:31:42,206 - INFO - [51200/66739]	Loss  : 1.2233
2024-05-28 03:32:47,588 - INFO - [66560/66739]	Loss  : 1.2234
2024-05-28 03:33:07,727 - INFO - Test loss   : 0.5539
2024-05-28 03:33:07,727 - INFO - 
Epoch	6
2024-05-28 03:37:05,106 - INFO - [51200/66739]	Loss  : 1.2223
2024-05-28 03:38:10,298 - INFO - [66560/66739]	Loss  : 1.2218
2024-05-28 03:38:30,322 - INFO - Test loss   : 0.5573
2024-05-28 03:38:30,322 - INFO - 
Epoch	7
2024-05-28 03:42:25,202 - INFO - [51200/66739]	Loss  : 1.2183
2024-05-28 03:43:31,899 - INFO - [66560/66739]	Loss  : 1.2168
2024-05-28 03:43:52,210 - INFO - Test loss   : 0.5807
2024-05-28 03:43:52,210 - INFO - 
Epoch	8
2024-05-28 03:47:47,963 - INFO - [51200/66739]	Loss  : 1.2145
2024-05-28 03:48:52,727 - INFO - [66560/66739]	Loss  : 1.2143
2024-05-28 03:49:12,480 - INFO - Test loss   : 0.5867
2024-05-28 03:49:12,480 - INFO - 
Epoch	9
2024-05-28 03:53:09,776 - INFO - [51200/66739]	Loss  : 1.2126
2024-05-28 03:54:15,843 - INFO - [66560/66739]	Loss  : 1.2133
2024-05-28 03:54:35,926 - INFO - Test loss   : 0.6024
2024-05-28 03:54:35,927 - INFO - 
Epoch	10
2024-05-28 03:58:26,209 - INFO - [51200/66739]	Loss  : 1.2087
2024-05-28 03:59:29,031 - INFO - [66560/66739]	Loss  : 1.2101
2024-05-28 03:59:49,553 - INFO - Test loss   : 0.5520
2024-05-28 03:59:49,554 - INFO - 
Epoch	11
2024-05-28 04:03:49,495 - INFO - [51200/66739]	Loss  : 1.2099
2024-05-28 04:04:55,110 - INFO - [66560/66739]	Loss  : 1.2101
2024-05-28 04:05:15,184 - INFO - Test loss   : 0.5937
2024-05-28 04:05:15,185 - INFO - 
Epoch	12
2024-05-28 04:09:10,640 - INFO - [51200/66739]	Loss  : 1.2095
2024-05-28 04:10:17,192 - INFO - [66560/66739]	Loss  : 1.2085
2024-05-28 04:10:37,514 - INFO - Test loss   : 0.5780
2024-05-28 04:10:37,515 - INFO - 
Epoch	13
2024-05-28 04:14:32,474 - INFO - [51200/66739]	Loss  : 1.2072
2024-05-28 04:15:37,235 - INFO - [66560/66739]	Loss  : 1.2074
2024-05-28 04:15:57,079 - INFO - Test loss   : 0.5804
2024-05-28 04:15:57,079 - INFO - 
Epoch	14
2024-05-28 04:19:54,368 - INFO - [51200/66739]	Loss  : 1.2062
2024-05-28 04:21:00,133 - INFO - [66560/66739]	Loss  : 1.2049
2024-05-28 04:21:19,900 - INFO - Test loss   : 0.5390
2024-05-28 04:21:19,900 - INFO - 
Epoch	15
2024-05-28 04:25:13,669 - INFO - [51200/66739]	Loss  : 1.2032
2024-05-28 04:26:19,436 - INFO - [66560/66739]	Loss  : 1.2036
2024-05-28 04:26:39,793 - INFO - Test loss   : 0.5785
2024-05-28 04:26:39,794 - INFO - 
Epoch	16
2024-05-28 04:30:37,024 - INFO - [51200/66739]	Loss  : 1.2040
2024-05-28 04:31:41,781 - INFO - [66560/66739]	Loss  : 1.2041
2024-05-28 04:32:01,565 - INFO - Test loss   : 0.5992
2024-05-28 04:32:01,565 - INFO - 
Epoch	17
2024-05-28 04:35:55,503 - INFO - [51200/66739]	Loss  : 1.2015
2024-05-28 04:37:01,766 - INFO - [66560/66739]	Loss  : 1.2025
2024-05-28 04:37:21,997 - INFO - Test loss   : 0.5910
2024-05-28 04:37:21,998 - INFO - 
Epoch	18
2024-05-28 04:41:16,365 - INFO - [51200/66739]	Loss  : 1.2027
2024-05-28 04:42:20,901 - INFO - [66560/66739]	Loss  : 1.2017
2024-05-28 04:42:40,681 - INFO - Test loss   : 0.5960
2024-05-28 04:42:40,681 - INFO - 
Epoch	19
2024-05-28 04:46:37,473 - INFO - [51200/66739]	Loss  : 1.2020
2024-05-28 04:47:43,030 - INFO - [66560/66739]	Loss  : 1.2022
2024-05-28 04:48:03,068 - INFO - Test loss   : 0.5925
2024-05-28 04:48:03,068 - INFO - 
Epoch	20
2024-05-28 04:51:59,306 - INFO - [51200/66739]	Loss  : 1.1991
2024-05-28 04:53:04,290 - INFO - [66560/66739]	Loss  : 1.1995
2024-05-28 04:53:24,288 - INFO - Test loss   : 0.6094
2024-05-28 04:53:24,289 - INFO - 
Epoch	21
2024-05-28 04:57:19,682 - INFO - [51200/66739]	Loss  : 1.1998
2024-05-28 04:58:23,710 - INFO - [66560/66739]	Loss  : 1.1998
2024-05-28 04:58:42,582 - INFO - Test loss   : 0.5433
2024-05-28 04:58:42,582 - INFO - 
Epoch	22
2024-05-28 05:02:23,260 - INFO - [51200/66739]	Loss  : 1.1990
2024-05-28 05:03:24,676 - INFO - [66560/66739]	Loss  : 1.1986
2024-05-28 05:03:43,536 - INFO - Test loss   : 0.5895
2024-05-28 05:03:43,536 - INFO - 
Epoch	23
2024-05-28 05:07:25,527 - INFO - [51200/66739]	Loss  : 1.1974
2024-05-28 05:08:27,090 - INFO - [66560/66739]	Loss  : 1.1975
2024-05-28 05:08:45,855 - INFO - Test loss   : 0.5967
2024-05-28 05:08:45,856 - INFO - 
Epoch	24
2024-05-28 05:12:26,422 - INFO - [51200/66739]	Loss  : 1.1990
2024-05-28 05:13:27,803 - INFO - [66560/66739]	Loss  : 1.1984
2024-05-28 05:13:46,917 - INFO - Test loss   : 0.5678
2024-05-28 05:13:46,918 - INFO - 
Epoch	25
2024-05-28 05:17:31,787 - INFO - [51200/66739]	Loss  : 1.1971
2024-05-28 05:18:33,594 - INFO - [66560/66739]	Loss  : 1.1963
2024-05-28 05:18:52,500 - INFO - Test loss   : 0.5804
2024-05-28 05:18:52,500 - INFO - 
Epoch	26
2024-05-28 05:22:35,386 - INFO - [51200/66739]	Loss  : 1.1952
2024-05-28 05:23:38,101 - INFO - [66560/66739]	Loss  : 1.1958
2024-05-28 05:23:57,266 - INFO - Test loss   : 0.5753
2024-05-28 05:23:57,267 - INFO - 
Epoch	27
2024-05-28 05:27:39,396 - INFO - [51200/66739]	Loss  : 1.1952
2024-05-28 05:28:40,053 - INFO - [66560/66739]	Loss  : 1.1962
2024-05-28 05:28:58,524 - INFO - Test loss   : 0.5601
2024-05-28 05:28:58,525 - INFO - 
Epoch	28
2024-05-28 05:32:41,398 - INFO - [51200/66739]	Loss  : 1.1943
2024-05-28 05:33:43,946 - INFO - [66560/66739]	Loss  : 1.1952
2024-05-28 05:34:02,680 - INFO - Test loss   : 0.5750
2024-05-28 05:34:02,680 - INFO - 
Epoch	29
2024-05-28 05:37:43,774 - INFO - [51200/66739]	Loss  : 1.1943
2024-05-28 05:38:45,927 - INFO - [66560/66739]	Loss  : 1.1959
2024-05-28 05:39:04,985 - INFO - Test loss   : 0.5693
2024-05-28 05:39:04,986 - INFO - Saving output model to ../models/sphere2vec_sphereMplus_op/model_yfcc_Sphere2Vec-sphereM+_inception_v3_0.00841413_16_0.0001218_1_512_leakyrelu.pth.tar
2024-05-28 05:39:04,993 - INFO - Saving output model to ../models/sphere2vec_sphereMplus_op/model_yfcc_Sphere2Vec-sphereM+_inception_v3_0.00841413_16_0.0001218_1_512_leakyrelu.pth.tar
2024-05-28 05:39:05,012 - INFO - 
No prior
2024-05-28 05:39:05,015 - INFO - (17798,)
2024-05-28 05:39:05,138 - INFO -  Split ID: 0
2024-05-28 05:39:05,139 - INFO -  Top 1	acc (%):   50.15
2024-05-28 05:39:05,139 - INFO -  Top 3	acc (%):   73.9
2024-05-28 05:39:05,139 - INFO -  Top 5	acc (%):   82.45
2024-05-28 05:39:05,139 - INFO -  Top 10	acc (%):   91.06
2024-05-28 05:40:46,663 - INFO -  Split ID: 0
2024-05-28 05:40:46,663 - INFO -  Top 1	acc (%):   50.39
2024-05-28 05:40:46,664 - INFO -  Top 3	acc (%):   74.52
2024-05-28 05:40:46,664 - INFO -  Top 5	acc (%):   83.08
2024-05-28 05:40:46,664 - INFO -  Top 10	acc (%):   91.52
2024-05-28 05:42:27,706 - INFO -  Split ID: 0
2024-05-28 05:42:27,707 - INFO -  Top 1	acc (%):   50.39
2024-05-28 05:42:27,707 - INFO - for optuna top1: 50.39
2024-05-28 05:42:27,707 - INFO -  Top 3	acc (%):   74.52
2024-05-28 05:42:27,707 - INFO -  Top 5	acc (%):   83.08
2024-05-28 05:42:27,707 - INFO -  Top 10	acc (%):   91.52
2024-05-28 05:42:27,708 - INFO - top_1_acc: 50.39_model_Sphere2Vec-sphereM+_yfcc__0.008414132341517602_0.00012177559254463946_1_512_16_leakyrelu
