2024-05-29 16:00:43,206 - INFO - 
num_classes	5089
2024-05-29 16:00:43,206 - INFO - num train    	569465
2024-05-29 16:00:43,206 - INFO - num val      	93622
2024-05-29 16:00:43,206 - INFO - train loss   	full_loss
2024-05-29 16:00:43,206 - INFO - model name   	../models/sphere2vec_sphereMplus/model_inat_2017_Sphere2Vec-sphereM+_inception_v3_0.0001_32_0.0100000_1_1024.pth.tar
2024-05-29 16:00:43,206 - INFO - num users    	17302
2024-05-29 16:00:43,668 - INFO - Cannot load model since it not exist - ../models/sphere2vec_sphereMplus/model_inat_2017_Sphere2Vec-sphereM+_inception_v3_0.0001_32_0.0100000_1_1024.pth.tar
2024-05-29 16:00:43,668 - INFO - 
Epoch	0
2024-05-29 16:02:39,853 - INFO - [51200/569465]	Loss  : 2.0761
2024-05-29 16:04:33,567 - INFO - [102400/569465]	Loss  : 1.9097
2024-05-29 16:06:27,967 - INFO - [153600/569465]	Loss  : 1.7809
2024-05-29 16:08:22,272 - INFO - [204800/569465]	Loss  : 1.7029
2024-05-29 16:10:16,470 - INFO - [256000/569465]	Loss  : 1.6496
2024-05-29 16:10:42,162 - INFO - [268288/569465]	Loss  : 1.6397
2024-05-29 16:14:09,878 - INFO - Test loss   : 0.7820
2024-05-29 16:14:09,879 - INFO - 
Epoch	1
2024-05-29 16:16:06,132 - INFO - [51200/569465]	Loss  : 1.3904
2024-05-29 16:18:01,443 - INFO - [102400/569465]	Loss  : 1.3761
2024-05-29 16:19:54,685 - INFO - [153600/569465]	Loss  : 1.3608
2024-05-29 16:21:48,884 - INFO - [204800/569465]	Loss  : 1.3437
2024-05-29 16:23:43,044 - INFO - [256000/569465]	Loss  : 1.3263
2024-05-29 16:24:08,584 - INFO - [268288/569465]	Loss  : 1.3224
2024-05-29 16:27:37,272 - INFO - Test loss   : 0.7165
2024-05-29 16:27:37,272 - INFO - 
Epoch	2
2024-05-29 16:29:32,930 - INFO - [51200/569465]	Loss  : 1.2082
2024-05-29 16:31:27,056 - INFO - [102400/569465]	Loss  : 1.1936
2024-05-29 16:33:21,489 - INFO - [153600/569465]	Loss  : 1.1790
2024-05-29 16:35:15,684 - INFO - [204800/569465]	Loss  : 1.1668
2024-05-29 16:37:10,084 - INFO - [256000/569465]	Loss  : 1.1547
2024-05-29 16:37:35,684 - INFO - [268288/569465]	Loss  : 1.1523
2024-05-29 16:41:03,361 - INFO - Test loss   : 0.6100
2024-05-29 16:41:03,361 - INFO - 
Epoch	3
2024-05-29 16:42:59,053 - INFO - [51200/569465]	Loss  : 1.0767
2024-05-29 16:44:55,697 - INFO - [102400/569465]	Loss  : 1.0684
2024-05-29 16:46:50,090 - INFO - [153600/569465]	Loss  : 1.0606
2024-05-29 16:48:44,452 - INFO - [204800/569465]	Loss  : 1.0532
2024-05-29 16:50:38,903 - INFO - [256000/569465]	Loss  : 1.0453
2024-05-29 16:51:04,477 - INFO - [268288/569465]	Loss  : 1.0437
2024-05-29 16:54:31,799 - INFO - Test loss   : 0.5393
2024-05-29 16:54:31,799 - INFO - 
Epoch	4
2024-05-29 16:56:28,482 - INFO - [51200/569465]	Loss  : 0.9915
2024-05-29 16:58:22,899 - INFO - [102400/569465]	Loss  : 0.9857
2024-05-29 17:00:16,838 - INFO - [153600/569465]	Loss  : 0.9808
2024-05-29 17:02:11,153 - INFO - [204800/569465]	Loss  : 0.9764
2024-05-29 17:04:05,739 - INFO - [256000/569465]	Loss  : 0.9707
2024-05-29 17:04:31,462 - INFO - [268288/569465]	Loss  : 0.9695
2024-05-29 17:07:59,523 - INFO - Test loss   : 0.4878
2024-05-29 17:07:59,524 - INFO - 
Epoch	5
2024-05-29 17:09:56,689 - INFO - [51200/569465]	Loss  : 0.9324
2024-05-29 17:11:50,963 - INFO - [102400/569465]	Loss  : 0.9278
2024-05-29 17:13:44,737 - INFO - [153600/569465]	Loss  : 0.9249
2024-05-29 17:15:38,842 - INFO - [204800/569465]	Loss  : 0.9207
2024-05-29 17:17:32,914 - INFO - [256000/569465]	Loss  : 0.9164
2024-05-29 17:17:58,533 - INFO - [268288/569465]	Loss  : 0.9158
2024-05-29 17:21:25,177 - INFO - Test loss   : 0.4529
2024-05-29 17:21:25,177 - INFO - 
Epoch	6
2024-05-29 17:23:21,669 - INFO - [51200/569465]	Loss  : 0.8875
2024-05-29 17:25:16,263 - INFO - [102400/569465]	Loss  : 0.8829
2024-05-29 17:27:10,263 - INFO - [153600/569465]	Loss  : 0.8794
2024-05-29 17:29:03,606 - INFO - [204800/569465]	Loss  : 0.8768
2024-05-29 17:30:45,712 - INFO - [256000/569465]	Loss  : 0.8737
2024-05-29 17:31:08,352 - INFO - [268288/569465]	Loss  : 0.8727
2024-05-29 17:34:14,945 - INFO - Test loss   : 0.4365
2024-05-29 17:34:14,945 - INFO - 
Epoch	7
2024-05-29 17:35:58,453 - INFO - [51200/569465]	Loss  : 0.8499
2024-05-29 17:37:40,103 - INFO - [102400/569465]	Loss  : 0.8477
2024-05-29 17:39:21,846 - INFO - [153600/569465]	Loss  : 0.8454
2024-05-29 17:41:03,542 - INFO - [204800/569465]	Loss  : 0.8441
2024-05-29 17:42:45,224 - INFO - [256000/569465]	Loss  : 0.8412
2024-05-29 17:43:08,068 - INFO - [268288/569465]	Loss  : 0.8407
2024-05-29 17:46:12,786 - INFO - Test loss   : 0.4259
2024-05-29 17:46:12,786 - INFO - 
Epoch	8
2024-05-29 17:47:55,968 - INFO - [51200/569465]	Loss  : 0.8221
2024-05-29 17:49:37,806 - INFO - [102400/569465]	Loss  : 0.8218
2024-05-29 17:51:19,685 - INFO - [153600/569465]	Loss  : 0.8193
2024-05-29 17:53:01,395 - INFO - [204800/569465]	Loss  : 0.8176
2024-05-29 17:54:44,674 - INFO - [256000/569465]	Loss  : 0.8160
2024-05-29 17:55:07,462 - INFO - [268288/569465]	Loss  : 0.8155
2024-05-29 17:58:11,839 - INFO - Test loss   : 0.4128
2024-05-29 17:58:11,839 - INFO - 
Epoch	9
2024-05-29 17:59:55,369 - INFO - [51200/569465]	Loss  : 0.7976
2024-05-29 18:01:36,874 - INFO - [102400/569465]	Loss  : 0.7971
2024-05-29 18:03:17,619 - INFO - [153600/569465]	Loss  : 0.7967
2024-05-29 18:04:59,258 - INFO - [204800/569465]	Loss  : 0.7949
2024-05-29 18:06:40,839 - INFO - [256000/569465]	Loss  : 0.7937
2024-05-29 18:07:03,719 - INFO - [268288/569465]	Loss  : 0.7933
2024-05-29 18:10:08,253 - INFO - Test loss   : 0.4120
2024-05-29 18:10:08,254 - INFO - 
Epoch	10
2024-05-29 18:11:51,189 - INFO - [51200/569465]	Loss  : 0.7812
2024-05-29 18:13:32,733 - INFO - [102400/569465]	Loss  : 0.7785
2024-05-29 18:15:15,553 - INFO - [153600/569465]	Loss  : 0.7776
2024-05-29 18:16:57,837 - INFO - [204800/569465]	Loss  : 0.7765
2024-05-29 18:18:39,780 - INFO - [256000/569465]	Loss  : 0.7761
2024-05-29 18:19:02,584 - INFO - [268288/569465]	Loss  : 0.7757
2024-05-29 18:22:06,863 - INFO - Test loss   : 0.4082
2024-05-29 18:22:06,863 - INFO - 
Epoch	11
2024-05-29 18:23:50,570 - INFO - [51200/569465]	Loss  : 0.7619
2024-05-29 18:25:32,082 - INFO - [102400/569465]	Loss  : 0.7613
2024-05-29 18:27:14,014 - INFO - [153600/569465]	Loss  : 0.7609
2024-05-29 18:28:55,776 - INFO - [204800/569465]	Loss  : 0.7611
2024-05-29 18:30:37,493 - INFO - [256000/569465]	Loss  : 0.7605
2024-05-29 18:31:00,341 - INFO - [268288/569465]	Loss  : 0.7605
2024-05-29 18:34:05,029 - INFO - Test loss   : 0.4018
2024-05-29 18:34:05,029 - INFO - 
Epoch	12
2024-05-29 18:35:48,881 - INFO - [51200/569465]	Loss  : 0.7482
2024-05-29 18:37:32,569 - INFO - [102400/569465]	Loss  : 0.7495
2024-05-29 18:39:14,221 - INFO - [153600/569465]	Loss  : 0.7474
2024-05-29 18:40:55,726 - INFO - [204800/569465]	Loss  : 0.7466
2024-05-29 18:42:37,564 - INFO - [256000/569465]	Loss  : 0.7462
2024-05-29 18:43:00,204 - INFO - [268288/569465]	Loss  : 0.7462
2024-05-29 18:46:04,594 - INFO - Test loss   : 0.4071
2024-05-29 18:46:04,594 - INFO - 
Epoch	13
2024-05-29 18:47:48,397 - INFO - [51200/569465]	Loss  : 0.7363
2024-05-29 18:49:30,208 - INFO - [102400/569465]	Loss  : 0.7348
2024-05-29 18:51:12,317 - INFO - [153600/569465]	Loss  : 0.7357
2024-05-29 18:52:54,064 - INFO - [204800/569465]	Loss  : 0.7351
2024-05-29 18:54:35,760 - INFO - [256000/569465]	Loss  : 0.7339
2024-05-29 18:54:57,908 - INFO - [268288/569465]	Loss  : 0.7338
2024-05-29 18:58:03,232 - INFO - Test loss   : 0.4093
2024-05-29 18:58:03,233 - INFO - 
Epoch	14
2024-05-29 18:59:45,317 - INFO - [51200/569465]	Loss  : 0.7258
2024-05-29 19:01:21,240 - INFO - [102400/569465]	Loss  : 0.7255
2024-05-29 19:03:02,806 - INFO - [153600/569465]	Loss  : 0.7246
2024-05-29 19:04:44,324 - INFO - [204800/569465]	Loss  : 0.7235
2024-05-29 19:06:25,947 - INFO - [256000/569465]	Loss  : 0.7234
2024-05-29 19:06:48,751 - INFO - [268288/569465]	Loss  : 0.7233
2024-05-29 19:09:52,862 - INFO - Test loss   : 0.4039
2024-05-29 19:09:52,862 - INFO - 
Epoch	15
2024-05-29 19:11:36,414 - INFO - [51200/569465]	Loss  : 0.7171
2024-05-29 19:13:18,262 - INFO - [102400/569465]	Loss  : 0.7139
2024-05-29 19:15:00,027 - INFO - [153600/569465]	Loss  : 0.7129
2024-05-29 19:16:41,490 - INFO - [204800/569465]	Loss  : 0.7136
2024-05-29 19:18:23,232 - INFO - [256000/569465]	Loss  : 0.7125
2024-05-29 19:18:46,434 - INFO - [268288/569465]	Loss  : 0.7122
2024-05-29 19:21:51,878 - INFO - Test loss   : 0.4147
2024-05-29 19:21:51,878 - INFO - 
Epoch	16
2024-05-29 19:23:35,570 - INFO - [51200/569465]	Loss  : 0.7084
2024-05-29 19:25:17,421 - INFO - [102400/569465]	Loss  : 0.7062
2024-05-29 19:26:58,950 - INFO - [153600/569465]	Loss  : 0.7049
2024-05-29 19:28:40,826 - INFO - [204800/569465]	Loss  : 0.7041
2024-05-29 19:30:22,321 - INFO - [256000/569465]	Loss  : 0.7039
2024-05-29 19:30:45,147 - INFO - [268288/569465]	Loss  : 0.7038
2024-05-29 19:33:49,318 - INFO - Test loss   : 0.4118
2024-05-29 19:33:49,318 - INFO - 
Epoch	17
2024-05-29 19:35:32,999 - INFO - [51200/569465]	Loss  : 0.7013
2024-05-29 19:37:15,064 - INFO - [102400/569465]	Loss  : 0.6987
2024-05-29 19:38:56,381 - INFO - [153600/569465]	Loss  : 0.6972
2024-05-29 19:40:39,130 - INFO - [204800/569465]	Loss  : 0.6966
2024-05-29 19:42:21,344 - INFO - [256000/569465]	Loss  : 0.6958
2024-05-29 19:42:44,116 - INFO - [268288/569465]	Loss  : 0.6958
2024-05-29 19:45:48,597 - INFO - Test loss   : 0.4159
2024-05-29 19:45:48,597 - INFO - 
Epoch	18
2024-05-29 19:47:32,487 - INFO - [51200/569465]	Loss  : 0.6899
2024-05-29 19:49:14,089 - INFO - [102400/569465]	Loss  : 0.6904
2024-05-29 19:50:55,963 - INFO - [153600/569465]	Loss  : 0.6887
2024-05-29 19:52:37,640 - INFO - [204800/569465]	Loss  : 0.6885
2024-05-29 19:54:19,292 - INFO - [256000/569465]	Loss  : 0.6882
2024-05-29 19:54:42,129 - INFO - [268288/569465]	Loss  : 0.6882
2024-05-29 19:57:44,956 - INFO - Test loss   : 0.4228
2024-05-29 19:57:44,956 - INFO - 
Epoch	19
2024-05-29 19:59:25,062 - INFO - [51200/569465]	Loss  : 0.6818
2024-05-29 20:00:54,133 - INFO - [102400/569465]	Loss  : 0.6803
2024-05-29 20:02:24,527 - INFO - [153600/569465]	Loss  : 0.6801
2024-05-29 20:03:53,259 - INFO - [204800/569465]	Loss  : 0.6806
2024-05-29 20:05:21,935 - INFO - [256000/569465]	Loss  : 0.6805
2024-05-29 20:05:41,701 - INFO - [268288/569465]	Loss  : 0.6802
2024-05-29 20:08:21,973 - INFO - Test loss   : 0.4310
2024-05-29 20:08:21,973 - INFO - 
Epoch	20
2024-05-29 20:09:52,703 - INFO - [51200/569465]	Loss  : 0.6739
2024-05-29 20:11:21,449 - INFO - [102400/569465]	Loss  : 0.6732
2024-05-29 20:12:50,283 - INFO - [153600/569465]	Loss  : 0.6747
2024-05-29 20:14:19,090 - INFO - [204800/569465]	Loss  : 0.6746
2024-05-29 20:15:47,659 - INFO - [256000/569465]	Loss  : 0.6740
2024-05-29 20:16:07,445 - INFO - [268288/569465]	Loss  : 0.6739
2024-05-29 20:18:48,190 - INFO - Test loss   : 0.4304
2024-05-29 20:18:48,190 - INFO - 
Epoch	21
2024-05-29 20:20:20,084 - INFO - [51200/569465]	Loss  : 0.6690
2024-05-29 20:21:49,411 - INFO - [102400/569465]	Loss  : 0.6689
2024-05-29 20:23:17,908 - INFO - [153600/569465]	Loss  : 0.6688
2024-05-29 20:24:46,380 - INFO - [204800/569465]	Loss  : 0.6686
2024-05-29 20:26:14,843 - INFO - [256000/569465]	Loss  : 0.6686
2024-05-29 20:26:34,604 - INFO - [268288/569465]	Loss  : 0.6687
2024-05-29 20:29:15,156 - INFO - Test loss   : 0.4311
2024-05-29 20:29:15,157 - INFO - 
Epoch	22
2024-05-29 20:30:45,873 - INFO - [51200/569465]	Loss  : 0.6637
2024-05-29 20:32:14,694 - INFO - [102400/569465]	Loss  : 0.6636
2024-05-29 20:33:43,497 - INFO - [153600/569465]	Loss  : 0.6641
2024-05-29 20:35:12,251 - INFO - [204800/569465]	Loss  : 0.6637
2024-05-29 20:36:41,681 - INFO - [256000/569465]	Loss  : 0.6638
2024-05-29 20:37:02,065 - INFO - [268288/569465]	Loss  : 0.6636
2024-05-29 20:39:40,772 - INFO - Test loss   : 0.4354
2024-05-29 20:39:40,772 - INFO - 
Epoch	23
2024-05-29 20:41:10,759 - INFO - [51200/569465]	Loss  : 0.6602
2024-05-29 20:42:38,880 - INFO - [102400/569465]	Loss  : 0.6607
2024-05-29 20:44:07,236 - INFO - [153600/569465]	Loss  : 0.6597
2024-05-29 20:45:35,497 - INFO - [204800/569465]	Loss  : 0.6590
2024-05-29 20:47:03,617 - INFO - [256000/569465]	Loss  : 0.6585
2024-05-29 20:47:23,197 - INFO - [268288/569465]	Loss  : 0.6583
2024-05-29 20:50:03,147 - INFO - Test loss   : 0.4437
2024-05-29 20:50:03,147 - INFO - 
Epoch	24
2024-05-29 20:51:33,154 - INFO - [51200/569465]	Loss  : 0.6494
2024-05-29 20:53:01,602 - INFO - [102400/569465]	Loss  : 0.6502
2024-05-29 20:54:29,690 - INFO - [153600/569465]	Loss  : 0.6516
2024-05-29 20:55:57,741 - INFO - [204800/569465]	Loss  : 0.6515
2024-05-29 20:57:24,918 - INFO - [256000/569465]	Loss  : 0.6520
2024-05-29 20:57:46,122 - INFO - [268288/569465]	Loss  : 0.6520
2024-05-29 21:00:29,297 - INFO - Test loss   : 0.4440
2024-05-29 21:00:29,297 - INFO - 
Epoch	25
2024-05-29 21:01:59,465 - INFO - [51200/569465]	Loss  : 0.6504
2024-05-29 21:03:27,742 - INFO - [102400/569465]	Loss  : 0.6489
2024-05-29 21:04:56,013 - INFO - [153600/569465]	Loss  : 0.6490
2024-05-29 21:06:24,170 - INFO - [204800/569465]	Loss  : 0.6488
2024-05-29 21:07:52,116 - INFO - [256000/569465]	Loss  : 0.6484
2024-05-29 21:08:11,943 - INFO - [268288/569465]	Loss  : 0.6484
2024-05-29 21:10:52,142 - INFO - Test loss   : 0.4527
2024-05-29 21:10:52,142 - INFO - 
Epoch	26
2024-05-29 21:12:22,524 - INFO - [51200/569465]	Loss  : 0.6447
2024-05-29 21:13:51,099 - INFO - [102400/569465]	Loss  : 0.6441
2024-05-29 21:15:19,253 - INFO - [153600/569465]	Loss  : 0.6439
2024-05-29 21:16:48,544 - INFO - [204800/569465]	Loss  : 0.6438
2024-05-29 21:18:18,826 - INFO - [256000/569465]	Loss  : 0.6439
2024-05-29 21:18:38,565 - INFO - [268288/569465]	Loss  : 0.6438
2024-05-29 21:21:18,929 - INFO - Test loss   : 0.4527
2024-05-29 21:21:18,929 - INFO - 
Epoch	27
2024-05-29 21:22:49,228 - INFO - [51200/569465]	Loss  : 0.6394
2024-05-29 21:24:17,607 - INFO - [102400/569465]	Loss  : 0.6408
2024-05-29 21:25:45,781 - INFO - [153600/569465]	Loss  : 0.6411
2024-05-29 21:27:13,644 - INFO - [204800/569465]	Loss  : 0.6404
2024-05-29 21:28:41,342 - INFO - [256000/569465]	Loss  : 0.6398
2024-05-29 21:29:01,087 - INFO - [268288/569465]	Loss  : 0.6399
2024-05-29 21:31:41,063 - INFO - Test loss   : 0.4616
2024-05-29 21:31:41,063 - INFO - 
Epoch	28
2024-05-29 21:33:11,156 - INFO - [51200/569465]	Loss  : 0.6372
2024-05-29 21:34:39,504 - INFO - [102400/569465]	Loss  : 0.6387
2024-05-29 21:36:11,312 - INFO - [153600/569465]	Loss  : 0.6381
2024-05-29 21:37:39,237 - INFO - [204800/569465]	Loss  : 0.6374
2024-05-29 21:39:07,121 - INFO - [256000/569465]	Loss  : 0.6373
2024-05-29 21:39:26,778 - INFO - [268288/569465]	Loss  : 0.6373
2024-05-29 21:42:06,920 - INFO - Test loss   : 0.4605
2024-05-29 21:42:06,920 - INFO - 
Epoch	29
2024-05-29 21:43:37,140 - INFO - [51200/569465]	Loss  : 0.6315
2024-05-29 21:45:05,508 - INFO - [102400/569465]	Loss  : 0.6326
2024-05-29 21:46:33,793 - INFO - [153600/569465]	Loss  : 0.6333
2024-05-29 21:48:01,559 - INFO - [204800/569465]	Loss  : 0.6345
2024-05-29 21:49:29,448 - INFO - [256000/569465]	Loss  : 0.6342
2024-05-29 21:49:49,173 - INFO - [268288/569465]	Loss  : 0.6340
2024-05-29 21:52:29,067 - INFO - Test loss   : 0.4731
2024-05-29 21:52:29,067 - INFO - 
Epoch	30
2024-05-29 21:53:58,249 - INFO - [51200/569465]	Loss  : 0.6305
2024-05-29 21:55:30,959 - INFO - [102400/569465]	Loss  : 0.6313
2024-05-29 21:56:58,978 - INFO - [153600/569465]	Loss  : 0.6305
2024-05-29 21:58:25,943 - INFO - [204800/569465]	Loss  : 0.6299
2024-05-29 21:59:53,720 - INFO - [256000/569465]	Loss  : 0.6299
2024-05-29 22:00:13,499 - INFO - [268288/569465]	Loss  : 0.6298
2024-05-29 22:02:53,676 - INFO - Test loss   : 0.4744
2024-05-29 22:02:53,676 - INFO - 
Epoch	31
2024-05-29 22:04:23,387 - INFO - [51200/569465]	Loss  : 0.6270
2024-05-29 22:05:51,673 - INFO - [102400/569465]	Loss  : 0.6275
2024-05-29 22:07:19,745 - INFO - [153600/569465]	Loss  : 0.6272
2024-05-29 22:08:47,440 - INFO - [204800/569465]	Loss  : 0.6269
2024-05-29 22:10:15,363 - INFO - [256000/569465]	Loss  : 0.6265
2024-05-29 22:10:35,127 - INFO - [268288/569465]	Loss  : 0.6268
2024-05-29 22:13:16,146 - INFO - Test loss   : 0.4744
2024-05-29 22:13:16,146 - INFO - 
Epoch	32
2024-05-29 22:14:48,732 - INFO - [51200/569465]	Loss  : 0.6227
2024-05-29 22:16:16,881 - INFO - [102400/569465]	Loss  : 0.6225
2024-05-29 22:17:44,929 - INFO - [153600/569465]	Loss  : 0.6232
2024-05-29 22:19:12,605 - INFO - [204800/569465]	Loss  : 0.6231
2024-05-29 22:20:40,462 - INFO - [256000/569465]	Loss  : 0.6226
2024-05-29 22:21:00,167 - INFO - [268288/569465]	Loss  : 0.6225
2024-05-29 22:23:39,655 - INFO - Test loss   : 0.4853
2024-05-29 22:23:39,655 - INFO - 
Epoch	33
2024-05-29 22:25:09,564 - INFO - [51200/569465]	Loss  : 0.6214
2024-05-29 22:26:37,642 - INFO - [102400/569465]	Loss  : 0.6221
2024-05-29 22:28:05,612 - INFO - [153600/569465]	Loss  : 0.6219
2024-05-29 22:29:30,539 - INFO - [204800/569465]	Loss  : 0.6213
2024-05-29 22:30:58,532 - INFO - [256000/569465]	Loss  : 0.6209
2024-05-29 22:31:18,225 - INFO - [268288/569465]	Loss  : 0.6210
2024-05-29 22:34:02,046 - INFO - Test loss   : 0.4887
2024-05-29 22:34:02,046 - INFO - 
Epoch	34
2024-05-29 22:35:32,026 - INFO - [51200/569465]	Loss  : 0.6177
2024-05-29 22:36:59,464 - INFO - [102400/569465]	Loss  : 0.6171
2024-05-29 22:38:27,315 - INFO - [153600/569465]	Loss  : 0.6178
2024-05-29 22:39:55,097 - INFO - [204800/569465]	Loss  : 0.6177
2024-05-29 22:41:23,104 - INFO - [256000/569465]	Loss  : 0.6175
2024-05-29 22:41:42,906 - INFO - [268288/569465]	Loss  : 0.6173
2024-05-29 22:44:22,943 - INFO - Test loss   : 0.4989
2024-05-29 22:44:22,943 - INFO - 
Epoch	35
2024-05-29 22:45:52,842 - INFO - [51200/569465]	Loss  : 0.6181
2024-05-29 22:47:21,072 - INFO - [102400/569465]	Loss  : 0.6154
2024-05-29 22:48:48,965 - INFO - [153600/569465]	Loss  : 0.6145
2024-05-29 22:50:16,608 - INFO - [204800/569465]	Loss  : 0.6152
2024-05-29 22:51:48,006 - INFO - [256000/569465]	Loss  : 0.6149
2024-05-29 22:52:08,119 - INFO - [268288/569465]	Loss  : 0.6151
2024-05-29 22:54:48,150 - INFO - Test loss   : 0.4965
2024-05-29 22:54:48,150 - INFO - 
Epoch	36
2024-05-29 22:56:16,783 - INFO - [51200/569465]	Loss  : 0.6129
2024-05-29 22:57:45,124 - INFO - [102400/569465]	Loss  : 0.6118
2024-05-29 22:59:12,804 - INFO - [153600/569465]	Loss  : 0.6119
2024-05-29 23:00:40,677 - INFO - [204800/569465]	Loss  : 0.6123
2024-05-29 23:02:08,523 - INFO - [256000/569465]	Loss  : 0.6121
2024-05-29 23:02:28,298 - INFO - [268288/569465]	Loss  : 0.6121
2024-05-29 23:05:08,156 - INFO - Test loss   : 0.5022
2024-05-29 23:05:08,156 - INFO - 
Epoch	37
2024-05-29 23:06:38,082 - INFO - [51200/569465]	Loss  : 0.6098
2024-05-29 23:08:06,238 - INFO - [102400/569465]	Loss  : 0.6097
2024-05-29 23:09:30,681 - INFO - [153600/569465]	Loss  : 0.6093
2024-05-29 23:11:00,387 - INFO - [204800/569465]	Loss  : 0.6095
2024-05-29 23:12:29,325 - INFO - [256000/569465]	Loss  : 0.6097
2024-05-29 23:12:49,134 - INFO - [268288/569465]	Loss  : 0.6098
2024-05-29 23:15:29,153 - INFO - Test loss   : 0.5034
2024-05-29 23:15:29,153 - INFO - 
Epoch	38
2024-05-29 23:16:58,846 - INFO - [51200/569465]	Loss  : 0.6101
2024-05-29 23:18:27,020 - INFO - [102400/569465]	Loss  : 0.6080
2024-05-29 23:19:54,877 - INFO - [153600/569465]	Loss  : 0.6081
2024-05-29 23:21:22,331 - INFO - [204800/569465]	Loss  : 0.6081
2024-05-29 23:22:50,430 - INFO - [256000/569465]	Loss  : 0.6080
2024-05-29 23:23:10,284 - INFO - [268288/569465]	Loss  : 0.6080
2024-05-29 23:25:50,191 - INFO - Test loss   : 0.5110
2024-05-29 23:25:50,191 - INFO - 
Epoch	39
2024-05-29 23:27:20,219 - INFO - [51200/569465]	Loss  : 0.6054
2024-05-29 23:28:48,456 - INFO - [102400/569465]	Loss  : 0.6046
2024-05-29 23:30:20,142 - INFO - [153600/569465]	Loss  : 0.6059
2024-05-29 23:31:47,824 - INFO - [204800/569465]	Loss  : 0.6056
2024-05-29 23:33:15,860 - INFO - [256000/569465]	Loss  : 0.6057
2024-05-29 23:33:35,645 - INFO - [268288/569465]	Loss  : 0.6056
2024-05-29 23:36:15,685 - INFO - Test loss   : 0.5202
2024-05-29 23:36:15,685 - INFO - 
Epoch	40
2024-05-29 23:37:42,793 - INFO - [51200/569465]	Loss  : 0.6055
2024-05-29 23:39:10,869 - INFO - [102400/569465]	Loss  : 0.6032
2024-05-29 23:40:38,659 - INFO - [153600/569465]	Loss  : 0.6030
2024-05-29 23:42:06,167 - INFO - [204800/569465]	Loss  : 0.6034
2024-05-29 23:43:29,638 - INFO - [256000/569465]	Loss  : 0.6032
2024-05-29 23:43:49,458 - INFO - [268288/569465]	Loss  : 0.6033
2024-05-29 23:46:28,303 - INFO - Test loss   : 0.5187
2024-05-29 23:46:28,303 - INFO - 
Epoch	41
2024-05-29 23:47:58,240 - INFO - [51200/569465]	Loss  : 0.6012
2024-05-29 23:49:29,010 - INFO - [102400/569465]	Loss  : 0.6013
2024-05-29 23:50:57,792 - INFO - [153600/569465]	Loss  : 0.6022
2024-05-29 23:52:21,438 - INFO - [204800/569465]	Loss  : 0.6019
2024-05-29 23:53:45,333 - INFO - [256000/569465]	Loss  : 0.6017
2024-05-29 23:54:03,560 - INFO - [268288/569465]	Loss  : 0.6017
2024-05-29 23:56:42,859 - INFO - Test loss   : 0.5240
2024-05-29 23:56:42,859 - INFO - 
Epoch	42
2024-05-29 23:58:12,759 - INFO - [51200/569465]	Loss  : 0.5984
2024-05-29 23:59:40,785 - INFO - [102400/569465]	Loss  : 0.5988
2024-05-30 00:01:08,557 - INFO - [153600/569465]	Loss  : 0.5991
2024-05-30 00:02:35,320 - INFO - [204800/569465]	Loss  : 0.5985
2024-05-30 00:04:01,343 - INFO - [256000/569465]	Loss  : 0.5992
2024-05-30 00:04:21,118 - INFO - [268288/569465]	Loss  : 0.5990
2024-05-30 00:07:00,968 - INFO - Test loss   : 0.5268
2024-05-30 00:07:00,968 - INFO - 
Epoch	43
2024-05-30 00:08:29,962 - INFO - [51200/569465]	Loss  : 0.5959
2024-05-30 00:09:59,850 - INFO - [102400/569465]	Loss  : 0.5964
2024-05-30 00:11:25,243 - INFO - [153600/569465]	Loss  : 0.5964
2024-05-30 00:12:49,604 - INFO - [204800/569465]	Loss  : 0.5964
2024-05-30 00:14:17,503 - INFO - [256000/569465]	Loss  : 0.5967
2024-05-30 00:14:37,127 - INFO - [268288/569465]	Loss  : 0.5967
2024-05-30 00:17:13,716 - INFO - Test loss   : 0.5313
2024-05-30 00:17:13,716 - INFO - 
Epoch	44
2024-05-30 00:18:42,001 - INFO - [51200/569465]	Loss  : 0.5978
2024-05-30 00:20:08,577 - INFO - [102400/569465]	Loss  : 0.5967
2024-05-30 00:21:34,758 - INFO - [153600/569465]	Loss  : 0.5958
2024-05-30 00:23:02,392 - INFO - [204800/569465]	Loss  : 0.5959
2024-05-30 00:24:30,214 - INFO - [256000/569465]	Loss  : 0.5957
2024-05-30 00:24:49,911 - INFO - [268288/569465]	Loss  : 0.5955
2024-05-30 00:27:29,147 - INFO - Test loss   : 0.5391
2024-05-30 00:27:29,147 - INFO - 
Epoch	45
2024-05-30 00:29:01,442 - INFO - [51200/569465]	Loss  : 0.5946
2024-05-30 00:30:29,802 - INFO - [102400/569465]	Loss  : 0.5946
2024-05-30 00:31:57,792 - INFO - [153600/569465]	Loss  : 0.5939
2024-05-30 00:33:25,721 - INFO - [204800/569465]	Loss  : 0.5942
2024-05-30 00:34:53,991 - INFO - [256000/569465]	Loss  : 0.5940
2024-05-30 00:35:13,803 - INFO - [268288/569465]	Loss  : 0.5939
2024-05-30 00:37:54,262 - INFO - Test loss   : 0.5419
2024-05-30 00:37:54,262 - INFO - 
Epoch	46
2024-05-30 00:39:24,513 - INFO - [51200/569465]	Loss  : 0.5926
2024-05-30 00:40:52,812 - INFO - [102400/569465]	Loss  : 0.5929
2024-05-30 00:42:20,704 - INFO - [153600/569465]	Loss  : 0.5940
2024-05-30 00:43:48,661 - INFO - [204800/569465]	Loss  : 0.5935
2024-05-30 00:45:17,007 - INFO - [256000/569465]	Loss  : 0.5930
2024-05-30 00:45:36,879 - INFO - [268288/569465]	Loss  : 0.5930
2024-05-30 00:48:17,989 - INFO - Test loss   : 0.5333
2024-05-30 00:48:17,990 - INFO - 
Epoch	47
2024-05-30 00:49:48,735 - INFO - [51200/569465]	Loss  : 0.5894
2024-05-30 00:51:16,936 - INFO - [102400/569465]	Loss  : 0.5907
2024-05-30 00:52:44,906 - INFO - [153600/569465]	Loss  : 0.5909
2024-05-30 00:54:12,869 - INFO - [204800/569465]	Loss  : 0.5904
2024-05-30 00:55:41,304 - INFO - [256000/569465]	Loss  : 0.5904
2024-05-30 00:56:01,098 - INFO - [268288/569465]	Loss  : 0.5904
2024-05-30 00:58:41,610 - INFO - Test loss   : 0.5442
2024-05-30 00:58:41,611 - INFO - 
Epoch	48
2024-05-30 01:00:11,717 - INFO - [51200/569465]	Loss  : 0.5906
2024-05-30 01:01:40,013 - INFO - [102400/569465]	Loss  : 0.5904
2024-05-30 01:03:07,918 - INFO - [153600/569465]	Loss  : 0.5896
2024-05-30 01:04:35,891 - INFO - [204800/569465]	Loss  : 0.5899
2024-05-30 01:06:04,309 - INFO - [256000/569465]	Loss  : 0.5893
2024-05-30 01:06:24,409 - INFO - [268288/569465]	Loss  : 0.5891
2024-05-30 01:09:05,685 - INFO - Test loss   : 0.5559
2024-05-30 01:09:05,685 - INFO - 
Epoch	49
2024-05-30 01:10:35,919 - INFO - [51200/569465]	Loss  : 0.5869
2024-05-30 01:12:04,212 - INFO - [102400/569465]	Loss  : 0.5859
2024-05-30 01:13:32,207 - INFO - [153600/569465]	Loss  : 0.5864
2024-05-30 01:15:00,155 - INFO - [204800/569465]	Loss  : 0.5876
2024-05-30 01:16:28,473 - INFO - [256000/569465]	Loss  : 0.5879
2024-05-30 01:16:48,270 - INFO - [268288/569465]	Loss  : 0.5879
2024-05-30 01:19:28,837 - INFO - Test loss   : 0.5537
2024-05-30 01:19:28,855 - INFO - 
Epoch	50
2024-05-30 01:20:59,145 - INFO - [51200/569465]	Loss  : 0.5865
2024-05-30 01:22:27,422 - INFO - [102400/569465]	Loss  : 0.5874
2024-05-30 01:23:55,367 - INFO - [153600/569465]	Loss  : 0.5875
2024-05-30 01:25:23,983 - INFO - [204800/569465]	Loss  : 0.5875
2024-05-30 01:26:52,899 - INFO - [256000/569465]	Loss  : 0.5872
2024-05-30 01:27:12,718 - INFO - [268288/569465]	Loss  : 0.5871
2024-05-30 01:29:53,203 - INFO - Test loss   : 0.5599
2024-05-30 01:29:53,204 - INFO - 
Epoch	51
2024-05-30 01:31:23,421 - INFO - [51200/569465]	Loss  : 0.5858
2024-05-30 01:32:51,707 - INFO - [102400/569465]	Loss  : 0.5842
2024-05-30 01:34:19,634 - INFO - [153600/569465]	Loss  : 0.5841
2024-05-30 01:35:47,640 - INFO - [204800/569465]	Loss  : 0.5842
2024-05-30 01:37:16,038 - INFO - [256000/569465]	Loss  : 0.5845
2024-05-30 01:37:35,870 - INFO - [268288/569465]	Loss  : 0.5844
2024-05-30 01:40:16,341 - INFO - Test loss   : 0.5640
2024-05-30 01:40:16,341 - INFO - 
Epoch	52
2024-05-30 01:41:46,468 - INFO - [51200/569465]	Loss  : 0.5839
2024-05-30 01:43:14,916 - INFO - [102400/569465]	Loss  : 0.5839
2024-05-30 01:44:43,747 - INFO - [153600/569465]	Loss  : 0.5831
2024-05-30 01:46:11,888 - INFO - [204800/569465]	Loss  : 0.5837
2024-05-30 01:47:40,268 - INFO - [256000/569465]	Loss  : 0.5832
2024-05-30 01:48:00,065 - INFO - [268288/569465]	Loss  : 0.5833
2024-05-30 01:50:40,463 - INFO - Test loss   : 0.5636
2024-05-30 01:50:40,463 - INFO - 
Epoch	53
2024-05-30 01:52:10,726 - INFO - [51200/569465]	Loss  : 0.5812
2024-05-30 01:53:38,937 - INFO - [102400/569465]	Loss  : 0.5817
2024-05-30 01:55:06,874 - INFO - [153600/569465]	Loss  : 0.5814
2024-05-30 01:56:34,921 - INFO - [204800/569465]	Loss  : 0.5815
2024-05-30 01:58:03,275 - INFO - [256000/569465]	Loss  : 0.5818
2024-05-30 01:58:23,075 - INFO - [268288/569465]	Loss  : 0.5819
2024-05-30 02:01:03,514 - INFO - Test loss   : 0.5663
2024-05-30 02:01:03,514 - INFO - 
Epoch	54
2024-05-30 02:02:34,620 - INFO - [51200/569465]	Loss  : 0.5812
2024-05-30 02:04:03,147 - INFO - [102400/569465]	Loss  : 0.5809
2024-05-30 02:05:30,987 - INFO - [153600/569465]	Loss  : 0.5811
2024-05-30 02:06:58,991 - INFO - [204800/569465]	Loss  : 0.5808
2024-05-30 02:08:27,382 - INFO - [256000/569465]	Loss  : 0.5805
2024-05-30 02:08:47,251 - INFO - [268288/569465]	Loss  : 0.5806
2024-05-30 02:11:27,723 - INFO - Test loss   : 0.5723
2024-05-30 02:11:27,724 - INFO - 
Epoch	55
2024-05-30 02:12:57,943 - INFO - [51200/569465]	Loss  : 0.5791
2024-05-30 02:14:26,091 - INFO - [102400/569465]	Loss  : 0.5794
2024-05-30 02:15:54,036 - INFO - [153600/569465]	Loss  : 0.5795
2024-05-30 02:17:22,134 - INFO - [204800/569465]	Loss  : 0.5792
2024-05-30 02:18:50,556 - INFO - [256000/569465]	Loss  : 0.5789
2024-05-30 02:19:10,336 - INFO - [268288/569465]	Loss  : 0.5788
2024-05-30 02:21:52,005 - INFO - Test loss   : 0.5807
2024-05-30 02:21:52,005 - INFO - 
Epoch	56
2024-05-30 02:23:22,093 - INFO - [51200/569465]	Loss  : 0.5778
2024-05-30 02:24:50,314 - INFO - [102400/569465]	Loss  : 0.5775
2024-05-30 02:26:18,195 - INFO - [153600/569465]	Loss  : 0.5785
2024-05-30 02:27:46,323 - INFO - [204800/569465]	Loss  : 0.5788
2024-05-30 02:29:14,721 - INFO - [256000/569465]	Loss  : 0.5784
2024-05-30 02:29:34,604 - INFO - [268288/569465]	Loss  : 0.5783
2024-05-30 02:32:15,048 - INFO - Test loss   : 0.5772
2024-05-30 02:32:15,049 - INFO - 
Epoch	57
2024-05-30 02:33:45,291 - INFO - [51200/569465]	Loss  : 0.5763
2024-05-30 02:35:13,516 - INFO - [102400/569465]	Loss  : 0.5766
2024-05-30 02:36:41,464 - INFO - [153600/569465]	Loss  : 0.5761
2024-05-30 02:38:09,546 - INFO - [204800/569465]	Loss  : 0.5763
2024-05-30 02:39:38,765 - INFO - [256000/569465]	Loss  : 0.5766
2024-05-30 02:39:58,790 - INFO - [268288/569465]	Loss  : 0.5765
2024-05-30 02:42:39,292 - INFO - Test loss   : 0.5819
2024-05-30 02:42:39,292 - INFO - 
Epoch	58
2024-05-30 02:44:09,504 - INFO - [51200/569465]	Loss  : 0.5739
2024-05-30 02:45:37,755 - INFO - [102400/569465]	Loss  : 0.5746
2024-05-30 02:47:05,696 - INFO - [153600/569465]	Loss  : 0.5753
2024-05-30 02:48:33,774 - INFO - [204800/569465]	Loss  : 0.5755
2024-05-30 02:50:02,246 - INFO - [256000/569465]	Loss  : 0.5756
2024-05-30 02:50:22,022 - INFO - [268288/569465]	Loss  : 0.5758
2024-05-30 02:53:02,460 - INFO - Test loss   : 0.5838
2024-05-30 02:53:02,460 - INFO - 
Epoch	59
2024-05-30 02:54:32,684 - INFO - [51200/569465]	Loss  : 0.5730
2024-05-30 02:56:00,818 - INFO - [102400/569465]	Loss  : 0.5742
2024-05-30 02:57:29,106 - INFO - [153600/569465]	Loss  : 0.5750
2024-05-30 02:58:57,980 - INFO - [204800/569465]	Loss  : 0.5753
2024-05-30 03:00:26,396 - INFO - [256000/569465]	Loss  : 0.5749
2024-05-30 03:00:46,184 - INFO - [268288/569465]	Loss  : 0.5749
2024-05-30 03:03:26,662 - INFO - Test loss   : 0.5916
2024-05-30 03:03:26,662 - INFO - 
Epoch	60
2024-05-30 03:04:56,760 - INFO - [51200/569465]	Loss  : 0.5736
2024-05-30 03:06:25,020 - INFO - [102400/569465]	Loss  : 0.5731
2024-05-30 03:07:52,953 - INFO - [153600/569465]	Loss  : 0.5735
2024-05-30 03:09:21,089 - INFO - [204800/569465]	Loss  : 0.5732
2024-05-30 03:10:49,477 - INFO - [256000/569465]	Loss  : 0.5736
2024-05-30 03:11:09,266 - INFO - [268288/569465]	Loss  : 0.5735
2024-05-30 03:13:49,590 - INFO - Test loss   : 0.5848
2024-05-30 03:13:49,590 - INFO - 
Epoch	61
2024-05-30 03:15:19,749 - INFO - [51200/569465]	Loss  : 0.5714
2024-05-30 03:16:48,983 - INFO - [102400/569465]	Loss  : 0.5712
2024-05-30 03:18:17,001 - INFO - [153600/569465]	Loss  : 0.5714
2024-05-30 03:19:45,092 - INFO - [204800/569465]	Loss  : 0.5722
2024-05-30 03:21:13,402 - INFO - [256000/569465]	Loss  : 0.5724
2024-05-30 03:21:33,207 - INFO - [268288/569465]	Loss  : 0.5725
2024-05-30 03:24:13,603 - INFO - Test loss   : 0.5966
2024-05-30 03:24:13,603 - INFO - 
Epoch	62
2024-05-30 03:25:43,836 - INFO - [51200/569465]	Loss  : 0.5704
2024-05-30 03:27:12,045 - INFO - [102400/569465]	Loss  : 0.5722
2024-05-30 03:28:39,957 - INFO - [153600/569465]	Loss  : 0.5714
2024-05-30 03:30:07,986 - INFO - [204800/569465]	Loss  : 0.5712
2024-05-30 03:31:36,365 - INFO - [256000/569465]	Loss  : 0.5715
2024-05-30 03:31:56,207 - INFO - [268288/569465]	Loss  : 0.5716
2024-05-30 03:34:37,150 - INFO - Test loss   : 0.5988
2024-05-30 03:34:37,150 - INFO - 
Epoch	63
2024-05-30 03:36:07,953 - INFO - [51200/569465]	Loss  : 0.5723
2024-05-30 03:37:36,029 - INFO - [102400/569465]	Loss  : 0.5718
2024-05-30 03:39:03,966 - INFO - [153600/569465]	Loss  : 0.5713
2024-05-30 03:40:32,095 - INFO - [204800/569465]	Loss  : 0.5707
2024-05-30 03:42:00,486 - INFO - [256000/569465]	Loss  : 0.5705
2024-05-30 03:42:20,262 - INFO - [268288/569465]	Loss  : 0.5705
2024-05-30 03:45:00,795 - INFO - Test loss   : 0.5958
2024-05-30 03:45:00,795 - INFO - 
Epoch	64
2024-05-30 03:46:30,906 - INFO - [51200/569465]	Loss  : 0.5704
2024-05-30 03:47:59,062 - INFO - [102400/569465]	Loss  : 0.5715
2024-05-30 03:49:26,956 - INFO - [153600/569465]	Loss  : 0.5718
2024-05-30 03:50:55,110 - INFO - [204800/569465]	Loss  : 0.5716
2024-05-30 03:52:23,453 - INFO - [256000/569465]	Loss  : 0.5711
2024-05-30 03:52:43,533 - INFO - [268288/569465]	Loss  : 0.5708
2024-05-30 03:55:24,790 - INFO - Test loss   : 0.5985
2024-05-30 03:55:24,790 - INFO - 
Epoch	65
2024-05-30 03:56:54,960 - INFO - [51200/569465]	Loss  : 0.5697
2024-05-30 03:58:23,045 - INFO - [102400/569465]	Loss  : 0.5689
2024-05-30 03:59:51,023 - INFO - [153600/569465]	Loss  : 0.5692
2024-05-30 04:01:19,205 - INFO - [204800/569465]	Loss  : 0.5694
2024-05-30 04:02:47,523 - INFO - [256000/569465]	Loss  : 0.5693
2024-05-30 04:03:07,281 - INFO - [268288/569465]	Loss  : 0.5692
2024-05-30 04:05:47,864 - INFO - Test loss   : 0.6087
2024-05-30 04:05:47,864 - INFO - 
Epoch	66
2024-05-30 04:07:18,000 - INFO - [51200/569465]	Loss  : 0.5676
2024-05-30 04:08:46,105 - INFO - [102400/569465]	Loss  : 0.5675
2024-05-30 04:10:14,839 - INFO - [153600/569465]	Loss  : 0.5681
2024-05-30 04:11:41,685 - INFO - [204800/569465]	Loss  : 0.5687
2024-05-30 04:13:10,045 - INFO - [256000/569465]	Loss  : 0.5687
2024-05-30 04:13:29,836 - INFO - [268288/569465]	Loss  : 0.5689
2024-05-30 04:16:10,244 - INFO - Test loss   : 0.6063
2024-05-30 04:16:10,244 - INFO - 
Epoch	67
2024-05-30 04:17:40,359 - INFO - [51200/569465]	Loss  : 0.5696
2024-05-30 04:19:08,449 - INFO - [102400/569465]	Loss  : 0.5673
2024-05-30 04:20:36,285 - INFO - [153600/569465]	Loss  : 0.5673
2024-05-30 04:22:04,381 - INFO - [204800/569465]	Loss  : 0.5672
2024-05-30 04:23:32,710 - INFO - [256000/569465]	Loss  : 0.5671
2024-05-30 04:23:52,472 - INFO - [268288/569465]	Loss  : 0.5671
2024-05-30 04:26:32,887 - INFO - Test loss   : 0.6058
2024-05-30 04:26:32,887 - INFO - 
Epoch	68
2024-05-30 04:28:02,894 - INFO - [51200/569465]	Loss  : 0.5672
2024-05-30 04:29:30,969 - INFO - [102400/569465]	Loss  : 0.5660
2024-05-30 04:31:00,358 - INFO - [153600/569465]	Loss  : 0.5661
2024-05-30 04:32:28,632 - INFO - [204800/569465]	Loss  : 0.5661
2024-05-30 04:33:56,970 - INFO - [256000/569465]	Loss  : 0.5663
2024-05-30 04:34:16,787 - INFO - [268288/569465]	Loss  : 0.5664
2024-05-30 04:36:57,024 - INFO - Test loss   : 0.6160
2024-05-30 04:36:57,025 - INFO - 
Epoch	69
2024-05-30 04:38:27,152 - INFO - [51200/569465]	Loss  : 0.5658
2024-05-30 04:39:55,221 - INFO - [102400/569465]	Loss  : 0.5645
2024-05-30 04:41:23,154 - INFO - [153600/569465]	Loss  : 0.5649
2024-05-30 04:42:51,303 - INFO - [204800/569465]	Loss  : 0.5656
2024-05-30 04:44:19,599 - INFO - [256000/569465]	Loss  : 0.5655
2024-05-30 04:44:39,346 - INFO - [268288/569465]	Loss  : 0.5656
2024-05-30 04:47:19,688 - INFO - Test loss   : 0.6121
2024-05-30 04:47:19,688 - INFO - 
Epoch	70
2024-05-30 04:48:50,576 - INFO - [51200/569465]	Loss  : 0.5665
2024-05-30 04:50:19,459 - INFO - [102400/569465]	Loss  : 0.5650
2024-05-30 04:51:47,384 - INFO - [153600/569465]	Loss  : 0.5654
2024-05-30 04:53:15,416 - INFO - [204800/569465]	Loss  : 0.5656
2024-05-30 04:54:43,740 - INFO - [256000/569465]	Loss  : 0.5655
2024-05-30 04:55:03,572 - INFO - [268288/569465]	Loss  : 0.5657
2024-05-30 04:57:43,938 - INFO - Test loss   : 0.6139
2024-05-30 04:57:43,938 - INFO - 
Epoch	71
2024-05-30 04:59:14,045 - INFO - [51200/569465]	Loss  : 0.5625
2024-05-30 05:00:42,098 - INFO - [102400/569465]	Loss  : 0.5646
2024-05-30 05:02:09,947 - INFO - [153600/569465]	Loss  : 0.5647
2024-05-30 05:03:38,166 - INFO - [204800/569465]	Loss  : 0.5647
2024-05-30 05:05:06,502 - INFO - [256000/569465]	Loss  : 0.5649
2024-05-30 05:05:26,242 - INFO - [268288/569465]	Loss  : 0.5650
2024-05-30 05:08:08,178 - INFO - Test loss   : 0.6212
2024-05-30 05:08:08,178 - INFO - 
Epoch	72
2024-05-30 05:09:38,230 - INFO - [51200/569465]	Loss  : 0.5617
2024-05-30 05:11:06,292 - INFO - [102400/569465]	Loss  : 0.5623
2024-05-30 05:12:34,163 - INFO - [153600/569465]	Loss  : 0.5618
2024-05-30 05:14:02,324 - INFO - [204800/569465]	Loss  : 0.5629
2024-05-30 05:15:30,700 - INFO - [256000/569465]	Loss  : 0.5630
2024-05-30 05:15:50,539 - INFO - [268288/569465]	Loss  : 0.5628
2024-05-30 05:18:30,822 - INFO - Test loss   : 0.6204
2024-05-30 05:18:30,822 - INFO - 
Epoch	73
2024-05-30 05:20:00,883 - INFO - [51200/569465]	Loss  : 0.5607
2024-05-30 05:21:28,889 - INFO - [102400/569465]	Loss  : 0.5620
2024-05-30 05:22:56,799 - INFO - [153600/569465]	Loss  : 0.5627
2024-05-30 05:24:24,971 - INFO - [204800/569465]	Loss  : 0.5627
2024-05-30 05:25:53,965 - INFO - [256000/569465]	Loss  : 0.5630
2024-05-30 05:26:14,088 - INFO - [268288/569465]	Loss  : 0.5630
2024-05-30 05:28:55,113 - INFO - Test loss   : 0.6229
2024-05-30 05:28:55,113 - INFO - 
Epoch	74
2024-05-30 05:30:25,225 - INFO - [51200/569465]	Loss  : 0.5611
2024-05-30 05:31:53,219 - INFO - [102400/569465]	Loss  : 0.5621
2024-05-30 05:33:21,174 - INFO - [153600/569465]	Loss  : 0.5625
2024-05-30 05:34:49,272 - INFO - [204800/569465]	Loss  : 0.5622
2024-05-30 05:36:17,711 - INFO - [256000/569465]	Loss  : 0.5623
2024-05-30 05:36:37,486 - INFO - [268288/569465]	Loss  : 0.5623
2024-05-30 05:39:17,848 - INFO - Test loss   : 0.6311
2024-05-30 05:39:17,848 - INFO - 
Epoch	75
2024-05-30 05:40:47,939 - INFO - [51200/569465]	Loss  : 0.5608
2024-05-30 05:42:16,045 - INFO - [102400/569465]	Loss  : 0.5618
2024-05-30 05:43:43,822 - INFO - [153600/569465]	Loss  : 0.5617
2024-05-30 05:45:13,617 - INFO - [204800/569465]	Loss  : 0.5619
2024-05-30 05:46:42,016 - INFO - [256000/569465]	Loss  : 0.5619
2024-05-30 05:47:01,776 - INFO - [268288/569465]	Loss  : 0.5619
2024-05-30 05:49:42,179 - INFO - Test loss   : 0.6257
2024-05-30 05:49:42,179 - INFO - 
Epoch	76
2024-05-30 05:51:12,258 - INFO - [51200/569465]	Loss  : 0.5615
2024-05-30 05:52:40,217 - INFO - [102400/569465]	Loss  : 0.5620
2024-05-30 05:54:08,156 - INFO - [153600/569465]	Loss  : 0.5611
2024-05-30 05:55:36,455 - INFO - [204800/569465]	Loss  : 0.5610
2024-05-30 05:57:04,815 - INFO - [256000/569465]	Loss  : 0.5611
2024-05-30 05:57:24,601 - INFO - [268288/569465]	Loss  : 0.5612
2024-05-30 06:00:04,837 - INFO - Test loss   : 0.6301
2024-05-30 06:00:04,837 - INFO - 
Epoch	77
2024-05-30 06:01:34,961 - INFO - [51200/569465]	Loss  : 0.5586
2024-05-30 06:03:03,707 - INFO - [102400/569465]	Loss  : 0.5606
2024-05-30 06:04:32,520 - INFO - [153600/569465]	Loss  : 0.5600
2024-05-30 06:06:00,732 - INFO - [204800/569465]	Loss  : 0.5605
2024-05-30 06:07:29,053 - INFO - [256000/569465]	Loss  : 0.5601
2024-05-30 06:07:48,829 - INFO - [268288/569465]	Loss  : 0.5601
2024-05-30 06:10:29,165 - INFO - Test loss   : 0.6324
2024-05-30 06:10:29,165 - INFO - 
Epoch	78
2024-05-30 06:11:59,307 - INFO - [51200/569465]	Loss  : 0.5594
2024-05-30 06:13:27,344 - INFO - [102400/569465]	Loss  : 0.5589
2024-05-30 06:14:55,284 - INFO - [153600/569465]	Loss  : 0.5596
2024-05-30 06:16:23,397 - INFO - [204800/569465]	Loss  : 0.5596
2024-05-30 06:17:51,774 - INFO - [256000/569465]	Loss  : 0.5597
2024-05-30 06:18:11,601 - INFO - [268288/569465]	Loss  : 0.5598
2024-05-30 06:20:51,912 - INFO - Test loss   : 0.6366
2024-05-30 06:20:51,912 - INFO - 
Epoch	79
2024-05-30 06:22:23,699 - INFO - [51200/569465]	Loss  : 0.5587
2024-05-30 06:23:51,693 - INFO - [102400/569465]	Loss  : 0.5590
2024-05-30 06:25:19,603 - INFO - [153600/569465]	Loss  : 0.5592
2024-05-30 06:26:47,847 - INFO - [204800/569465]	Loss  : 0.5595
2024-05-30 06:28:16,203 - INFO - [256000/569465]	Loss  : 0.5594
2024-05-30 06:28:35,972 - INFO - [268288/569465]	Loss  : 0.5595
2024-05-30 06:31:16,375 - INFO - Test loss   : 0.6359
2024-05-30 06:31:16,375 - INFO - 
Epoch	80
2024-05-30 06:32:46,406 - INFO - [51200/569465]	Loss  : 0.5603
2024-05-30 06:34:14,379 - INFO - [102400/569465]	Loss  : 0.5597
2024-05-30 06:35:42,299 - INFO - [153600/569465]	Loss  : 0.5595
2024-05-30 06:37:10,578 - INFO - [204800/569465]	Loss  : 0.5590
2024-05-30 06:38:38,943 - INFO - [256000/569465]	Loss  : 0.5589
2024-05-30 06:38:58,793 - INFO - [268288/569465]	Loss  : 0.5592
2024-05-30 06:41:40,648 - INFO - Test loss   : 0.6378
2024-05-30 06:41:40,648 - INFO - 
Epoch	81
2024-05-30 06:43:10,794 - INFO - [51200/569465]	Loss  : 0.5567
2024-05-30 06:44:38,729 - INFO - [102400/569465]	Loss  : 0.5577
2024-05-30 06:46:06,758 - INFO - [153600/569465]	Loss  : 0.5581
2024-05-30 06:47:35,018 - INFO - [204800/569465]	Loss  : 0.5580
2024-05-30 06:49:03,413 - INFO - [256000/569465]	Loss  : 0.5579
2024-05-30 06:49:23,178 - INFO - [268288/569465]	Loss  : 0.5581
2024-05-30 06:52:03,550 - INFO - Test loss   : 0.6422
2024-05-30 06:52:03,550 - INFO - 
Epoch	82
2024-05-30 06:53:33,710 - INFO - [51200/569465]	Loss  : 0.5554
2024-05-30 06:55:01,660 - INFO - [102400/569465]	Loss  : 0.5560
2024-05-30 06:56:29,635 - INFO - [153600/569465]	Loss  : 0.5567
2024-05-30 06:57:57,787 - INFO - [204800/569465]	Loss  : 0.5573
2024-05-30 06:59:27,800 - INFO - [256000/569465]	Loss  : 0.5579
2024-05-30 06:59:47,581 - INFO - [268288/569465]	Loss  : 0.5582
2024-05-30 07:02:27,931 - INFO - Test loss   : 0.6386
2024-05-30 07:02:27,932 - INFO - 
Epoch	83
2024-05-30 07:03:58,024 - INFO - [51200/569465]	Loss  : 0.5594
2024-05-30 07:05:25,995 - INFO - [102400/569465]	Loss  : 0.5578
2024-05-30 07:06:53,895 - INFO - [153600/569465]	Loss  : 0.5583
2024-05-30 07:08:22,093 - INFO - [204800/569465]	Loss  : 0.5573
2024-05-30 07:09:50,416 - INFO - [256000/569465]	Loss  : 0.5573
2024-05-30 07:10:10,195 - INFO - [268288/569465]	Loss  : 0.5574
2024-05-30 07:12:50,675 - INFO - Test loss   : 0.6462
2024-05-30 07:12:50,675 - INFO - 
Epoch	84
2024-05-30 07:14:20,715 - INFO - [51200/569465]	Loss  : 0.5565
2024-05-30 07:15:48,581 - INFO - [102400/569465]	Loss  : 0.5570
2024-05-30 07:17:17,471 - INFO - [153600/569465]	Loss  : 0.5566
2024-05-30 07:18:46,584 - INFO - [204800/569465]	Loss  : 0.5569
2024-05-30 07:20:14,932 - INFO - [256000/569465]	Loss  : 0.5568
2024-05-30 07:20:34,711 - INFO - [268288/569465]	Loss  : 0.5567
2024-05-30 07:23:15,002 - INFO - Test loss   : 0.6409
2024-05-30 07:23:15,002 - INFO - 
Epoch	85
2024-05-30 07:24:45,069 - INFO - [51200/569465]	Loss  : 0.5572
2024-05-30 07:26:12,991 - INFO - [102400/569465]	Loss  : 0.5563
2024-05-30 07:27:41,085 - INFO - [153600/569465]	Loss  : 0.5565
2024-05-30 07:29:09,407 - INFO - [204800/569465]	Loss  : 0.5565
2024-05-30 07:30:37,745 - INFO - [256000/569465]	Loss  : 0.5562
2024-05-30 07:30:57,478 - INFO - [268288/569465]	Loss  : 0.5562
2024-05-30 07:33:37,702 - INFO - Test loss   : 0.6489
2024-05-30 07:33:37,703 - INFO - 
Epoch	86
2024-05-30 07:35:07,820 - INFO - [51200/569465]	Loss  : 0.5540
2024-05-30 07:36:37,369 - INFO - [102400/569465]	Loss  : 0.5548
2024-05-30 07:38:05,451 - INFO - [153600/569465]	Loss  : 0.5544
2024-05-30 07:39:33,657 - INFO - [204800/569465]	Loss  : 0.5549
2024-05-30 07:41:02,000 - INFO - [256000/569465]	Loss  : 0.5550
2024-05-30 07:41:21,839 - INFO - [268288/569465]	Loss  : 0.5551
2024-05-30 07:44:02,261 - INFO - Test loss   : 0.6510
2024-05-30 07:44:02,261 - INFO - 
Epoch	87
2024-05-30 07:45:32,356 - INFO - [51200/569465]	Loss  : 0.5559
2024-05-30 07:47:00,334 - INFO - [102400/569465]	Loss  : 0.5549
2024-05-30 07:48:28,388 - INFO - [153600/569465]	Loss  : 0.5548
2024-05-30 07:49:56,720 - INFO - [204800/569465]	Loss  : 0.5552
2024-05-30 07:51:25,197 - INFO - [256000/569465]	Loss  : 0.5547
2024-05-30 07:51:45,003 - INFO - [268288/569465]	Loss  : 0.5548
2024-05-30 07:54:25,538 - INFO - Test loss   : 0.6499
2024-05-30 07:54:25,538 - INFO - 
Epoch	88
2024-05-30 07:55:55,418 - INFO - [51200/569465]	Loss  : 0.5573
2024-05-30 07:57:23,184 - INFO - [102400/569465]	Loss  : 0.5557
2024-05-30 07:58:51,151 - INFO - [153600/569465]	Loss  : 0.5560
2024-05-30 08:00:19,265 - INFO - [204800/569465]	Loss  : 0.5554
2024-05-30 08:01:47,535 - INFO - [256000/569465]	Loss  : 0.5550
2024-05-30 08:02:07,379 - INFO - [268288/569465]	Loss  : 0.5550
2024-05-30 08:04:47,500 - INFO - Test loss   : 0.6589
2024-05-30 08:04:47,500 - INFO - 
Epoch	89
2024-05-30 08:06:17,419 - INFO - [51200/569465]	Loss  : 0.5551
2024-05-30 08:07:45,222 - INFO - [102400/569465]	Loss  : 0.5547
2024-05-30 08:09:13,207 - INFO - [153600/569465]	Loss  : 0.5544
2024-05-30 08:10:41,378 - INFO - [204800/569465]	Loss  : 0.5540
2024-05-30 08:12:09,709 - INFO - [256000/569465]	Loss  : 0.5544
2024-05-30 08:12:29,259 - INFO - [268288/569465]	Loss  : 0.5544
2024-05-30 08:15:11,656 - INFO - Test loss   : 0.6514
2024-05-30 08:15:11,657 - INFO - 
Epoch	90
2024-05-30 08:16:41,545 - INFO - [51200/569465]	Loss  : 0.5546
2024-05-30 08:18:09,441 - INFO - [102400/569465]	Loss  : 0.5541
2024-05-30 08:19:37,453 - INFO - [153600/569465]	Loss  : 0.5543
2024-05-30 08:21:05,551 - INFO - [204800/569465]	Loss  : 0.5540
2024-05-30 08:22:33,836 - INFO - [256000/569465]	Loss  : 0.5538
2024-05-30 08:22:53,600 - INFO - [268288/569465]	Loss  : 0.5537
2024-05-30 08:25:33,799 - INFO - Test loss   : 0.6612
2024-05-30 08:25:33,799 - INFO - 
Epoch	91
2024-05-30 08:27:03,706 - INFO - [51200/569465]	Loss  : 0.5539
2024-05-30 08:28:31,674 - INFO - [102400/569465]	Loss  : 0.5522
2024-05-30 08:29:59,566 - INFO - [153600/569465]	Loss  : 0.5519
2024-05-30 08:31:27,996 - INFO - [204800/569465]	Loss  : 0.5524
2024-05-30 08:32:58,013 - INFO - [256000/569465]	Loss  : 0.5524
2024-05-30 08:33:17,752 - INFO - [268288/569465]	Loss  : 0.5523
2024-05-30 08:35:58,011 - INFO - Test loss   : 0.6546
2024-05-30 08:35:58,011 - INFO - 
Epoch	92
2024-05-30 08:37:27,901 - INFO - [51200/569465]	Loss  : 0.5521
2024-05-30 08:38:55,701 - INFO - [102400/569465]	Loss  : 0.5519
2024-05-30 08:40:21,835 - INFO - [153600/569465]	Loss  : 0.5520
2024-05-30 08:41:54,014 - INFO - [204800/569465]	Loss  : 0.5529
2024-05-30 08:43:09,560 - INFO - [256000/569465]	Loss  : 0.5527
2024-05-30 08:43:26,421 - INFO - [268288/569465]	Loss  : 0.5526
2024-05-30 08:45:43,294 - INFO - Test loss   : 0.6605
2024-05-30 08:45:43,295 - INFO - 
Epoch	93
2024-05-30 08:47:00,189 - INFO - [51200/569465]	Loss  : 0.5512
2024-05-30 08:48:15,513 - INFO - [102400/569465]	Loss  : 0.5507
2024-05-30 08:49:32,000 - INFO - [153600/569465]	Loss  : 0.5505
2024-05-30 08:50:48,295 - INFO - [204800/569465]	Loss  : 0.5514
2024-05-30 08:52:03,790 - INFO - [256000/569465]	Loss  : 0.5521
2024-05-30 08:52:20,661 - INFO - [268288/569465]	Loss  : 0.5520
2024-05-30 08:54:37,448 - INFO - Test loss   : 0.6651
2024-05-30 08:54:37,449 - INFO - 
Epoch	94
2024-05-30 08:55:54,458 - INFO - [51200/569465]	Loss  : 0.5517
2024-05-30 08:57:09,791 - INFO - [102400/569465]	Loss  : 0.5514
2024-05-30 08:58:25,173 - INFO - [153600/569465]	Loss  : 0.5521
2024-05-30 08:59:40,564 - INFO - [204800/569465]	Loss  : 0.5522
2024-05-30 09:00:53,272 - INFO - [256000/569465]	Loss  : 0.5524
2024-05-30 09:01:09,310 - INFO - [268288/569465]	Loss  : 0.5524
2024-05-30 09:03:03,336 - INFO - Test loss   : 0.6659
2024-05-30 09:03:03,336 - INFO - 
Epoch	95
2024-05-30 09:04:07,460 - INFO - [51200/569465]	Loss  : 0.5518
2024-05-30 09:05:12,022 - INFO - [102400/569465]	Loss  : 0.5511
2024-05-30 09:06:14,985 - INFO - [153600/569465]	Loss  : 0.5518
2024-05-30 09:07:17,880 - INFO - [204800/569465]	Loss  : 0.5515
2024-05-30 09:08:20,833 - INFO - [256000/569465]	Loss  : 0.5517
2024-05-30 09:08:34,938 - INFO - [268288/569465]	Loss  : 0.5517
2024-05-30 09:10:29,004 - INFO - Test loss   : 0.6622
2024-05-30 09:10:29,004 - INFO - 
Epoch	96
2024-05-30 09:11:33,172 - INFO - [51200/569465]	Loss  : 0.5500
2024-05-30 09:12:36,034 - INFO - [102400/569465]	Loss  : 0.5500
2024-05-30 09:13:38,878 - INFO - [153600/569465]	Loss  : 0.5507
2024-05-30 09:14:41,735 - INFO - [204800/569465]	Loss  : 0.5509
2024-05-30 09:15:44,689 - INFO - [256000/569465]	Loss  : 0.5507
2024-05-30 09:15:58,852 - INFO - [268288/569465]	Loss  : 0.5508
2024-05-30 09:17:53,144 - INFO - Test loss   : 0.6656
2024-05-30 09:17:53,145 - INFO - 
Epoch	97
2024-05-30 09:18:58,692 - INFO - [51200/569465]	Loss  : 0.5485
2024-05-30 09:19:56,820 - INFO - [102400/569465]	Loss  : 0.5505
2024-05-30 09:21:01,101 - INFO - [153600/569465]	Loss  : 0.5509
2024-05-30 09:22:05,333 - INFO - [204800/569465]	Loss  : 0.5504
2024-05-30 09:23:09,658 - INFO - [256000/569465]	Loss  : 0.5509
2024-05-30 09:23:24,031 - INFO - [268288/569465]	Loss  : 0.5509
2024-05-30 09:24:59,332 - INFO - Test loss   : 0.6643
2024-05-30 09:24:59,332 - INFO - 
Epoch	98
2024-05-30 09:25:50,632 - INFO - [51200/569465]	Loss  : 0.5502
2024-05-30 09:26:40,757 - INFO - [102400/569465]	Loss  : 0.5506
2024-05-30 09:27:30,666 - INFO - [153600/569465]	Loss  : 0.5502
2024-05-30 09:28:20,748 - INFO - [204800/569465]	Loss  : 0.5505
2024-05-30 09:29:11,065 - INFO - [256000/569465]	Loss  : 0.5501
2024-05-30 09:29:22,243 - INFO - [268288/569465]	Loss  : 0.5500
2024-05-30 09:30:51,312 - INFO - Test loss   : 0.6719
2024-05-30 09:30:51,312 - INFO - 
Epoch	99
2024-05-30 09:31:36,995 - INFO - [51200/569465]	Loss  : 0.5508
2024-05-30 09:32:24,654 - INFO - [102400/569465]	Loss  : 0.5492
2024-05-30 09:33:09,633 - INFO - [153600/569465]	Loss  : 0.5486
2024-05-30 09:33:37,155 - INFO - [204800/569465]	Loss  : 0.5489
2024-05-30 09:33:56,938 - INFO - [256000/569465]	Loss  : 0.5489
2024-05-30 09:34:03,456 - INFO - [268288/569465]	Loss  : 0.5492
2024-05-30 09:34:55,746 - INFO - Test loss   : 0.6688
2024-05-30 09:34:55,746 - INFO - Saving output model to ../models/sphere2vec_sphereMplus/model_inat_2017_Sphere2Vec-sphereM+_inception_v3_0.0001_32_0.0100000_1_1024.pth.tar
2024-05-30 09:34:55,818 - INFO - Saving output model to ../models/sphere2vec_sphereMplus/model_inat_2017_Sphere2Vec-sphereM+_inception_v3_0.0001_32_0.0100000_1_1024.pth.tar
2024-05-30 09:34:56,068 - INFO - 
No prior
2024-05-30 09:34:56,682 - INFO - (95986,)
2024-05-30 09:35:15,047 - INFO -  Split ID: 0
2024-05-30 09:35:15,048 - INFO -  Top 1	acc (%):   63.27
2024-05-30 09:35:15,048 - INFO -  Top 3	acc (%):   79.82
2024-05-30 09:35:15,049 - INFO -  Top 5	acc (%):   84.51
2024-05-30 09:35:15,049 - INFO -  Top 10	acc (%):   88.99
2024-05-30 09:36:29,963 - INFO -  Split ID: 0
2024-05-30 09:36:29,964 - INFO -  Top 1	acc (%):   69.18
2024-05-30 09:36:29,964 - INFO -  Top 3	acc (%):   83.83
2024-05-30 09:36:29,964 - INFO -  Top 5	acc (%):   87.54
2024-05-30 09:36:29,964 - INFO -  Top 10	acc (%):   91.16
2024-05-30 09:36:30,015 - INFO - 
Only Sphere2Vec-sphereM+
2024-05-30 09:36:30,015 - INFO -  Model :	model_inat_2017_Sphere2Vec-sphereM+_inception_v3_0.0001_32_0.0100000_1_1024.pth.tar
2024-05-30 09:36:31,695 - INFO - (93622,)
2024-05-30 09:37:17,389 - INFO -  Split ID: 0
2024-05-30 09:37:17,424 - INFO -  Top 1	LocEnc acc (%):   0.85
2024-05-30 09:37:17,427 - INFO -  Top 3	LocEnc acc (%):   2.31
2024-05-30 09:37:17,430 - INFO -  Top 5	LocEnc acc (%):   3.62
2024-05-30 09:37:17,433 - INFO -  Top 10	LocEnc acc (%):   6.38
