2024-05-28 17:44:32,051 - INFO - 
num_classes	8142
2024-05-28 17:44:32,051 - INFO - num train    	436063
2024-05-28 17:44:32,051 - INFO - num val      	24343
2024-05-28 17:44:32,051 - INFO - train loss   	full_loss
2024-05-28 17:44:32,051 - INFO - model name   	../models/sphere2vec_sphereMplus/model_inat_2018_Sphere2Vec-sphereM+_0.0005_64_0.0010000_1_1024_leakyrelu.pth.tar
2024-05-28 17:44:32,051 - INFO - num users    	18643
2024-05-28 17:44:32,515 - INFO - 
Epoch	0
2024-05-28 17:46:15,958 - INFO - [51200/436063]	Loss  : 1.7353
2024-05-28 17:47:56,900 - INFO - [102400/436063]	Loss  : 1.5531
2024-05-28 17:49:37,219 - INFO - [153600/436063]	Loss  : 1.4496
2024-05-28 17:51:16,738 - INFO - [204800/436063]	Loss  : 1.3767
2024-05-28 17:52:57,630 - INFO - [256000/436063]	Loss  : 1.3180
2024-05-28 17:53:09,108 - INFO - [262144/436063]	Loss  : 1.3119
2024-05-28 17:53:56,811 - INFO - Test loss   : 0.6291
2024-05-28 17:53:56,812 - INFO - 
Epoch	1
2024-05-28 17:55:40,033 - INFO - [51200/436063]	Loss  : 0.9942
2024-05-28 17:57:21,451 - INFO - [102400/436063]	Loss  : 0.9696
2024-05-28 17:59:05,955 - INFO - [153600/436063]	Loss  : 0.9477
2024-05-28 18:00:46,026 - INFO - [204800/436063]	Loss  : 0.9253
2024-05-28 18:02:27,519 - INFO - [256000/436063]	Loss  : 0.9063
2024-05-28 18:02:38,921 - INFO - [262144/436063]	Loss  : 0.9041
2024-05-28 18:03:26,885 - INFO - Test loss   : 0.3610
2024-05-28 18:03:26,885 - INFO - 
Epoch	2
2024-05-28 18:05:10,666 - INFO - [51200/436063]	Loss  : 0.7769
2024-05-28 18:06:52,716 - INFO - [102400/436063]	Loss  : 0.7710
2024-05-28 18:08:34,170 - INFO - [153600/436063]	Loss  : 0.7636
2024-05-28 18:10:15,552 - INFO - [204800/436063]	Loss  : 0.7574
2024-05-28 18:11:56,831 - INFO - [256000/436063]	Loss  : 0.7500
2024-05-28 18:12:08,293 - INFO - [262144/436063]	Loss  : 0.7491
2024-05-28 18:12:56,044 - INFO - Test loss   : 0.2732
2024-05-28 18:12:56,044 - INFO - 
Epoch	3
2024-05-28 18:14:39,631 - INFO - [51200/436063]	Loss  : 0.6928
2024-05-28 18:16:21,156 - INFO - [102400/436063]	Loss  : 0.6913
2024-05-28 18:18:02,842 - INFO - [153600/436063]	Loss  : 0.6885
2024-05-28 18:19:44,053 - INFO - [204800/436063]	Loss  : 0.6853
2024-05-28 18:21:25,275 - INFO - [256000/436063]	Loss  : 0.6821
2024-05-28 18:21:36,833 - INFO - [262144/436063]	Loss  : 0.6816
2024-05-28 18:22:25,076 - INFO - Test loss   : 0.2326
2024-05-28 18:22:25,077 - INFO - 
Epoch	4
2024-05-28 18:24:08,503 - INFO - [51200/436063]	Loss  : 0.6488
2024-05-28 18:25:42,158 - INFO - [102400/436063]	Loss  : 0.6471
2024-05-28 18:27:24,167 - INFO - [153600/436063]	Loss  : 0.6454
2024-05-28 18:29:07,909 - INFO - [204800/436063]	Loss  : 0.6432
2024-05-28 18:30:49,481 - INFO - [256000/436063]	Loss  : 0.6410
2024-05-28 18:31:00,973 - INFO - [262144/436063]	Loss  : 0.6406
2024-05-28 18:31:48,857 - INFO - Test loss   : 0.2045
2024-05-28 18:31:48,858 - INFO - 
Epoch	5
2024-05-28 18:33:32,734 - INFO - [51200/436063]	Loss  : 0.6151
2024-05-28 18:35:14,332 - INFO - [102400/436063]	Loss  : 0.6164
2024-05-28 18:36:55,821 - INFO - [153600/436063]	Loss  : 0.6159
2024-05-28 18:38:37,093 - INFO - [204800/436063]	Loss  : 0.6143
2024-05-28 18:40:18,281 - INFO - [256000/436063]	Loss  : 0.6121
2024-05-28 18:40:29,781 - INFO - [262144/436063]	Loss  : 0.6120
2024-05-28 18:41:17,651 - INFO - Test loss   : 0.2169
2024-05-28 18:41:17,651 - INFO - 
Epoch	6
2024-05-28 18:43:01,989 - INFO - [51200/436063]	Loss  : 0.5896
2024-05-28 18:44:43,967 - INFO - [102400/436063]	Loss  : 0.5903
2024-05-28 18:46:25,552 - INFO - [153600/436063]	Loss  : 0.5900
2024-05-28 18:48:06,806 - INFO - [204800/436063]	Loss  : 0.5899
2024-05-28 18:49:47,986 - INFO - [256000/436063]	Loss  : 0.5889
2024-05-28 18:49:59,361 - INFO - [262144/436063]	Loss  : 0.5888
2024-05-28 18:50:47,200 - INFO - Test loss   : 0.2021
2024-05-28 18:50:47,200 - INFO - 
Epoch	7
2024-05-28 18:52:30,838 - INFO - [51200/436063]	Loss  : 0.5704
2024-05-28 18:54:12,399 - INFO - [102400/436063]	Loss  : 0.5706
2024-05-28 18:55:53,706 - INFO - [153600/436063]	Loss  : 0.5704
2024-05-28 18:57:34,930 - INFO - [204800/436063]	Loss  : 0.5707
2024-05-28 18:59:16,433 - INFO - [256000/436063]	Loss  : 0.5709
2024-05-28 18:59:27,876 - INFO - [262144/436063]	Loss  : 0.5711
2024-05-28 19:00:15,762 - INFO - Test loss   : 0.1845
2024-05-28 19:00:15,768 - INFO - 
Epoch	8
2024-05-28 19:01:59,312 - INFO - [51200/436063]	Loss  : 0.5529
2024-05-28 19:03:40,963 - INFO - [102400/436063]	Loss  : 0.5555
2024-05-28 19:05:23,072 - INFO - [153600/436063]	Loss  : 0.5557
2024-05-28 19:07:04,430 - INFO - [204800/436063]	Loss  : 0.5544
2024-05-28 19:08:45,972 - INFO - [256000/436063]	Loss  : 0.5547
2024-05-28 19:08:57,424 - INFO - [262144/436063]	Loss  : 0.5548
2024-05-28 19:09:45,331 - INFO - Test loss   : 0.1914
2024-05-28 19:09:45,336 - INFO - 
Epoch	9
2024-05-28 19:11:29,071 - INFO - [51200/436063]	Loss  : 0.5414
2024-05-28 19:13:10,580 - INFO - [102400/436063]	Loss  : 0.5420
2024-05-28 19:14:51,715 - INFO - [153600/436063]	Loss  : 0.5433
2024-05-28 19:16:32,829 - INFO - [204800/436063]	Loss  : 0.5428
2024-05-28 19:18:12,870 - INFO - [256000/436063]	Loss  : 0.5428
2024-05-28 19:18:22,825 - INFO - [262144/436063]	Loss  : 0.5429
2024-05-28 19:19:08,994 - INFO - Test loss   : 0.1733
2024-05-28 19:19:08,994 - INFO - 
Epoch	10
2024-05-28 19:20:54,172 - INFO - [51200/436063]	Loss  : 0.5287
2024-05-28 19:22:35,816 - INFO - [102400/436063]	Loss  : 0.5306
2024-05-28 19:24:17,095 - INFO - [153600/436063]	Loss  : 0.5312
2024-05-28 19:25:54,535 - INFO - [204800/436063]	Loss  : 0.5316
2024-05-28 19:27:38,239 - INFO - [256000/436063]	Loss  : 0.5321
2024-05-28 19:27:49,729 - INFO - [262144/436063]	Loss  : 0.5321
2024-05-28 19:28:37,606 - INFO - Test loss   : 0.1820
2024-05-28 19:28:38,594 - INFO - (24343,)
2024-05-28 19:29:02,620 - INFO -  Split ID: 0
2024-05-28 19:29:02,633 - INFO -  Top 1	LocEnc (Epoch 10)acc (%):   0.34
2024-05-28 19:29:02,635 - INFO -  Top 3	LocEnc (Epoch 10)acc (%):   0.87
2024-05-28 19:29:02,636 - INFO -  Top 5	LocEnc (Epoch 10)acc (%):   1.43
2024-05-28 19:29:02,637 - INFO -  Top 10	LocEnc (Epoch 10)acc (%):   3.01
2024-05-28 19:29:02,761 - INFO - 
No prior
2024-05-28 19:29:03,030 - INFO - (24426,)
2024-05-28 19:29:14,872 - INFO -  Split ID: 0
2024-05-28 19:29:14,872 - INFO -  Top 1	(Epoch 10)acc (%):   60.2
2024-05-28 19:29:14,873 - INFO -  Top 3	(Epoch 10)acc (%):   77.9
2024-05-28 19:29:14,873 - INFO -  Top 5	(Epoch 10)acc (%):   83.29
2024-05-28 19:29:14,873 - INFO -  Top 10	(Epoch 10)acc (%):   88.5
2024-05-28 19:30:03,877 - INFO -  Split ID: 0
2024-05-28 19:30:03,877 - INFO -  Top 1	(Epoch 10)acc (%):   70.43
2024-05-28 19:30:03,878 - INFO -  Top 3	(Epoch 10)acc (%):   86.01
2024-05-28 19:30:03,878 - INFO -  Top 5	(Epoch 10)acc (%):   89.85
2024-05-28 19:30:03,878 - INFO -  Top 10	(Epoch 10)acc (%):   93.19
2024-05-28 19:30:52,840 - INFO -  Split ID: 0
2024-05-28 19:30:52,841 - INFO -  Top 1	(Epoch 10)acc (%):   70.43
2024-05-28 19:30:52,841 - INFO - for optuna top1: 70.43
2024-05-28 19:30:52,841 - INFO -  Top 3	(Epoch 10)acc (%):   86.01
2024-05-28 19:30:52,841 - INFO -  Top 5	(Epoch 10)acc (%):   89.85
2024-05-28 19:30:52,841 - INFO -  Top 10	(Epoch 10)acc (%):   93.19
2024-05-28 19:30:52,842 - INFO - 
Epoch	11
2024-05-28 19:32:36,473 - INFO - [51200/436063]	Loss  : 0.5194
2024-05-28 19:34:17,928 - INFO - [102400/436063]	Loss  : 0.5212
2024-05-28 19:35:59,407 - INFO - [153600/436063]	Loss  : 0.5222
2024-05-28 19:37:40,589 - INFO - [204800/436063]	Loss  : 0.5229
2024-05-28 19:39:21,781 - INFO - [256000/436063]	Loss  : 0.5231
2024-05-28 19:39:33,241 - INFO - [262144/436063]	Loss  : 0.5230
2024-05-28 19:40:21,127 - INFO - Test loss   : 0.1790
2024-05-28 19:40:21,127 - INFO - 
Epoch	12
2024-05-28 19:42:04,961 - INFO - [51200/436063]	Loss  : 0.5136
2024-05-28 19:43:46,481 - INFO - [102400/436063]	Loss  : 0.5140
2024-05-28 19:45:28,134 - INFO - [153600/436063]	Loss  : 0.5146
2024-05-28 19:47:10,402 - INFO - [204800/436063]	Loss  : 0.5147
2024-05-28 19:48:51,784 - INFO - [256000/436063]	Loss  : 0.5154
2024-05-28 19:49:03,206 - INFO - [262144/436063]	Loss  : 0.5154
2024-05-28 19:49:50,971 - INFO - Test loss   : 0.1762
2024-05-28 19:49:50,972 - INFO - 
Epoch	13
2024-05-28 19:51:34,516 - INFO - [51200/436063]	Loss  : 0.5045
2024-05-28 19:53:16,045 - INFO - [102400/436063]	Loss  : 0.5060
2024-05-28 19:54:57,496 - INFO - [153600/436063]	Loss  : 0.5072
2024-05-28 19:56:38,873 - INFO - [204800/436063]	Loss  : 0.5072
2024-05-28 19:58:20,371 - INFO - [256000/436063]	Loss  : 0.5081
2024-05-28 19:58:31,827 - INFO - [262144/436063]	Loss  : 0.5080
2024-05-28 19:59:19,741 - INFO - Test loss   : 0.1891
2024-05-28 19:59:19,741 - INFO - 
Epoch	14
2024-05-28 20:01:03,173 - INFO - [51200/436063]	Loss  : 0.4965
2024-05-28 20:02:44,428 - INFO - [102400/436063]	Loss  : 0.4999
2024-05-28 20:04:26,252 - INFO - [153600/436063]	Loss  : 0.5007
2024-05-28 20:06:07,690 - INFO - [204800/436063]	Loss  : 0.5009
2024-05-28 20:07:50,191 - INFO - [256000/436063]	Loss  : 0.5010
2024-05-28 20:08:01,652 - INFO - [262144/436063]	Loss  : 0.5011
2024-05-28 20:08:49,485 - INFO - Test loss   : 0.1839
2024-05-28 20:08:49,486 - INFO - 
Epoch	15
2024-05-28 20:10:33,236 - INFO - [51200/436063]	Loss  : 0.4955
2024-05-28 20:12:14,456 - INFO - [102400/436063]	Loss  : 0.4944
2024-05-28 20:13:55,728 - INFO - [153600/436063]	Loss  : 0.4944
2024-05-28 20:15:37,093 - INFO - [204800/436063]	Loss  : 0.4952
2024-05-28 20:17:18,703 - INFO - [256000/436063]	Loss  : 0.4957
2024-05-28 20:17:30,183 - INFO - [262144/436063]	Loss  : 0.4957
2024-05-28 20:18:18,108 - INFO - Test loss   : 0.1834
2024-05-28 20:18:18,108 - INFO - 
Epoch	16
2024-05-28 20:20:01,962 - INFO - [51200/436063]	Loss  : 0.4861
2024-05-28 20:21:43,562 - INFO - [102400/436063]	Loss  : 0.4877
2024-05-28 20:23:25,227 - INFO - [153600/436063]	Loss  : 0.4895
2024-05-28 20:25:06,445 - INFO - [204800/436063]	Loss  : 0.4904
2024-05-28 20:26:39,661 - INFO - [256000/436063]	Loss  : 0.4903
2024-05-28 20:26:49,682 - INFO - [262144/436063]	Loss  : 0.4903
2024-05-28 20:27:36,975 - INFO - Test loss   : 0.1845
2024-05-28 20:27:36,976 - INFO - 
Epoch	17
2024-05-28 20:29:26,063 - INFO - [51200/436063]	Loss  : 0.4819
2024-05-28 20:31:07,688 - INFO - [102400/436063]	Loss  : 0.4841
2024-05-28 20:32:49,294 - INFO - [153600/436063]	Loss  : 0.4846
2024-05-28 20:34:30,723 - INFO - [204800/436063]	Loss  : 0.4852
2024-05-28 20:36:12,192 - INFO - [256000/436063]	Loss  : 0.4853
2024-05-28 20:36:23,689 - INFO - [262144/436063]	Loss  : 0.4854
2024-05-28 20:37:11,726 - INFO - Test loss   : 0.1829
2024-05-28 20:37:11,726 - INFO - 
Epoch	18
2024-05-28 20:38:56,358 - INFO - [51200/436063]	Loss  : 0.4796
2024-05-28 20:40:39,039 - INFO - [102400/436063]	Loss  : 0.4793
2024-05-28 20:42:20,118 - INFO - [153600/436063]	Loss  : 0.4807
2024-05-28 20:44:01,436 - INFO - [204800/436063]	Loss  : 0.4813
2024-05-28 20:45:42,971 - INFO - [256000/436063]	Loss  : 0.4819
2024-05-28 20:45:54,345 - INFO - [262144/436063]	Loss  : 0.4818
2024-05-28 20:46:42,261 - INFO - Test loss   : 0.1899
2024-05-28 20:46:42,262 - INFO - 
Epoch	19
2024-05-28 20:48:26,029 - INFO - [51200/436063]	Loss  : 0.4750
2024-05-28 20:50:08,541 - INFO - [102400/436063]	Loss  : 0.4758
2024-05-28 20:51:49,808 - INFO - [153600/436063]	Loss  : 0.4768
2024-05-28 20:53:31,209 - INFO - [204800/436063]	Loss  : 0.4781
2024-05-28 20:55:09,845 - INFO - [256000/436063]	Loss  : 0.4788
2024-05-28 20:55:19,915 - INFO - [262144/436063]	Loss  : 0.4788
2024-05-28 20:56:07,884 - INFO - Test loss   : 0.1887
2024-05-28 20:56:07,884 - INFO - 
Epoch	20
2024-05-28 20:57:52,650 - INFO - [51200/436063]	Loss  : 0.4693
2024-05-28 20:59:34,225 - INFO - [102400/436063]	Loss  : 0.4712
2024-05-28 21:01:15,911 - INFO - [153600/436063]	Loss  : 0.4731
2024-05-28 21:02:52,286 - INFO - [204800/436063]	Loss  : 0.4735
2024-05-28 21:04:35,419 - INFO - [256000/436063]	Loss  : 0.4739
2024-05-28 21:04:46,920 - INFO - [262144/436063]	Loss  : 0.4740
2024-05-28 21:05:34,720 - INFO - Test loss   : 0.1895
2024-05-28 21:05:35,791 - INFO - (24343,)
2024-05-28 21:05:59,066 - INFO -  Split ID: 0
2024-05-28 21:05:59,077 - INFO -  Top 1	LocEnc (Epoch 20)acc (%):   0.39
2024-05-28 21:05:59,078 - INFO -  Top 3	LocEnc (Epoch 20)acc (%):   1.15
2024-05-28 21:05:59,079 - INFO -  Top 5	LocEnc (Epoch 20)acc (%):   1.91
2024-05-28 21:05:59,081 - INFO -  Top 10	LocEnc (Epoch 20)acc (%):   3.79
2024-05-28 21:05:59,208 - INFO - 
No prior
2024-05-28 21:05:59,466 - INFO - (24426,)
2024-05-28 21:06:10,411 - INFO -  Split ID: 0
2024-05-28 21:06:10,412 - INFO -  Top 1	(Epoch 20)acc (%):   60.2
2024-05-28 21:06:10,412 - INFO -  Top 3	(Epoch 20)acc (%):   77.9
2024-05-28 21:06:10,412 - INFO -  Top 5	(Epoch 20)acc (%):   83.29
2024-05-28 21:06:10,412 - INFO -  Top 10	(Epoch 20)acc (%):   88.5
2024-05-28 21:06:59,287 - INFO -  Split ID: 0
2024-05-28 21:06:59,288 - INFO -  Top 1	(Epoch 20)acc (%):   71.07
2024-05-28 21:06:59,288 - INFO -  Top 3	(Epoch 20)acc (%):   86.4
2024-05-28 21:06:59,288 - INFO -  Top 5	(Epoch 20)acc (%):   90.05
2024-05-28 21:06:59,288 - INFO -  Top 10	(Epoch 20)acc (%):   93.36
2024-05-28 21:07:48,250 - INFO -  Split ID: 0
2024-05-28 21:07:48,251 - INFO -  Top 1	(Epoch 20)acc (%):   71.07
2024-05-28 21:07:48,251 - INFO - for optuna top1: 71.07
2024-05-28 21:07:48,252 - INFO -  Top 3	(Epoch 20)acc (%):   86.4
2024-05-28 21:07:48,252 - INFO -  Top 5	(Epoch 20)acc (%):   90.05
2024-05-28 21:07:48,252 - INFO -  Top 10	(Epoch 20)acc (%):   93.36
2024-05-28 21:07:48,265 - INFO - 
Epoch	21
2024-05-28 21:09:32,371 - INFO - [51200/436063]	Loss  : 0.4685
2024-05-28 21:11:14,725 - INFO - [102400/436063]	Loss  : 0.4697
2024-05-28 21:12:56,732 - INFO - [153600/436063]	Loss  : 0.4694
2024-05-28 21:14:38,036 - INFO - [204800/436063]	Loss  : 0.4703
2024-05-28 21:16:19,317 - INFO - [256000/436063]	Loss  : 0.4710
2024-05-28 21:16:30,817 - INFO - [262144/436063]	Loss  : 0.4711
2024-05-28 21:17:22,141 - INFO - Test loss   : 0.1797
2024-05-28 21:17:22,141 - INFO - 
Epoch	22
2024-05-28 21:19:18,843 - INFO - [51200/436063]	Loss  : 0.4656
2024-05-28 21:21:13,168 - INFO - [102400/436063]	Loss  : 0.4668
2024-05-28 21:23:07,471 - INFO - [153600/436063]	Loss  : 0.4668
2024-05-28 21:25:01,566 - INFO - [204800/436063]	Loss  : 0.4679
2024-05-28 21:26:55,525 - INFO - [256000/436063]	Loss  : 0.4678
2024-05-28 21:27:08,345 - INFO - [262144/436063]	Loss  : 0.4678
2024-05-28 21:28:02,152 - INFO - Test loss   : 0.1868
2024-05-28 21:28:02,152 - INFO - 
Epoch	23
2024-05-28 21:29:58,793 - INFO - [51200/436063]	Loss  : 0.4598
2024-05-28 21:31:52,995 - INFO - [102400/436063]	Loss  : 0.4629
2024-05-28 21:33:48,361 - INFO - [153600/436063]	Loss  : 0.4635
2024-05-28 21:35:42,541 - INFO - [204800/436063]	Loss  : 0.4639
2024-05-28 21:37:36,656 - INFO - [256000/436063]	Loss  : 0.4650
2024-05-28 21:37:49,532 - INFO - [262144/436063]	Loss  : 0.4650
2024-05-28 21:38:42,812 - INFO - Test loss   : 0.1841
2024-05-28 21:38:42,820 - INFO - 
Epoch	24
2024-05-28 21:40:40,503 - INFO - [51200/436063]	Loss  : 0.4585
2024-05-28 21:42:34,592 - INFO - [102400/436063]	Loss  : 0.4595
2024-05-28 21:44:28,781 - INFO - [153600/436063]	Loss  : 0.4607
2024-05-28 21:46:31,955 - INFO - [204800/436063]	Loss  : 0.4612
2024-05-28 21:48:38,740 - INFO - [256000/436063]	Loss  : 0.4618
2024-05-28 21:48:53,081 - INFO - [262144/436063]	Loss  : 0.4619
2024-05-28 21:49:53,012 - INFO - Test loss   : 0.1861
2024-05-28 21:49:53,012 - INFO - 
Epoch	25
2024-05-28 21:51:50,457 - INFO - [51200/436063]	Loss  : 0.4530
2024-05-28 21:53:44,655 - INFO - [102400/436063]	Loss  : 0.4568
2024-05-28 21:55:38,633 - INFO - [153600/436063]	Loss  : 0.4586
2024-05-28 21:57:33,749 - INFO - [204800/436063]	Loss  : 0.4589
2024-05-28 21:59:28,505 - INFO - [256000/436063]	Loss  : 0.4599
2024-05-28 21:59:41,393 - INFO - [262144/436063]	Loss  : 0.4600
2024-05-28 22:00:35,282 - INFO - Test loss   : 0.1872
2024-05-28 22:00:35,282 - INFO - 
Epoch	26
2024-05-28 22:02:31,764 - INFO - [51200/436063]	Loss  : 0.4540
2024-05-28 22:04:26,750 - INFO - [102400/436063]	Loss  : 0.4546
2024-05-28 22:06:20,886 - INFO - [153600/436063]	Loss  : 0.4550
2024-05-28 22:08:14,799 - INFO - [204800/436063]	Loss  : 0.4557
2024-05-28 22:10:08,930 - INFO - [256000/436063]	Loss  : 0.4563
2024-05-28 22:10:21,755 - INFO - [262144/436063]	Loss  : 0.4566
2024-05-28 22:11:15,609 - INFO - Test loss   : 0.1877
2024-05-28 22:11:15,610 - INFO - 
Epoch	27
2024-05-28 22:13:12,384 - INFO - [51200/436063]	Loss  : 0.4506
2024-05-28 22:15:06,842 - INFO - [102400/436063]	Loss  : 0.4531
2024-05-28 22:17:01,148 - INFO - [153600/436063]	Loss  : 0.4539
2024-05-28 22:19:05,464 - INFO - [204800/436063]	Loss  : 0.4543
2024-05-28 22:21:11,154 - INFO - [256000/436063]	Loss  : 0.4547
2024-05-28 22:21:25,440 - INFO - [262144/436063]	Loss  : 0.4548
2024-05-28 22:22:25,116 - INFO - Test loss   : 0.1957
2024-05-28 22:22:25,116 - INFO - 
Epoch	28
2024-05-28 22:24:31,739 - INFO - [51200/436063]	Loss  : 0.4471
2024-05-28 22:26:42,787 - INFO - [102400/436063]	Loss  : 0.4489
2024-05-28 22:28:40,638 - INFO - [153600/436063]	Loss  : 0.4504
2024-05-28 22:30:48,407 - INFO - [204800/436063]	Loss  : 0.4514
2024-05-28 22:32:55,489 - INFO - [256000/436063]	Loss  : 0.4521
2024-05-28 22:33:09,788 - INFO - [262144/436063]	Loss  : 0.4521
2024-05-28 22:34:10,386 - INFO - Test loss   : 0.1928
2024-05-28 22:34:10,386 - INFO - 
Epoch	29
2024-05-28 22:36:19,910 - INFO - [51200/436063]	Loss  : 0.4453
2024-05-28 22:38:26,824 - INFO - [102400/436063]	Loss  : 0.4458
2024-05-28 22:40:33,747 - INFO - [153600/436063]	Loss  : 0.4476
2024-05-28 22:42:40,378 - INFO - [204800/436063]	Loss  : 0.4488
2024-05-28 22:44:43,057 - INFO - [256000/436063]	Loss  : 0.4496
2024-05-28 22:44:57,643 - INFO - [262144/436063]	Loss  : 0.4496
2024-05-28 22:45:58,587 - INFO - Test loss   : 0.1944
2024-05-28 22:45:58,588 - INFO - 
Epoch	30
2024-05-28 22:48:10,179 - INFO - [51200/436063]	Loss  : 0.4439
2024-05-28 22:50:17,156 - INFO - [102400/436063]	Loss  : 0.4448
2024-05-28 22:52:24,077 - INFO - [153600/436063]	Loss  : 0.4457
2024-05-28 22:54:27,214 - INFO - [204800/436063]	Loss  : 0.4470
2024-05-28 22:56:35,248 - INFO - [256000/436063]	Loss  : 0.4480
2024-05-28 22:56:49,464 - INFO - [262144/436063]	Loss  : 0.4480
2024-05-28 22:57:49,132 - INFO - Test loss   : 0.1992
2024-05-28 22:57:50,226 - INFO - (24343,)
2024-05-28 22:58:13,859 - INFO -  Split ID: 0
2024-05-28 22:58:13,869 - INFO -  Top 1	LocEnc (Epoch 30)acc (%):   0.52
2024-05-28 22:58:13,870 - INFO -  Top 3	LocEnc (Epoch 30)acc (%):   1.4
2024-05-28 22:58:13,871 - INFO -  Top 5	LocEnc (Epoch 30)acc (%):   2.3
2024-05-28 22:58:13,872 - INFO -  Top 10	LocEnc (Epoch 30)acc (%):   4.42
2024-05-28 22:58:13,983 - INFO - 
No prior
2024-05-28 22:58:14,247 - INFO - (24426,)
2024-05-28 22:58:25,824 - INFO -  Split ID: 0
2024-05-28 22:58:25,824 - INFO -  Top 1	(Epoch 30)acc (%):   60.2
2024-05-28 22:58:25,824 - INFO -  Top 3	(Epoch 30)acc (%):   77.9
2024-05-28 22:58:25,824 - INFO -  Top 5	(Epoch 30)acc (%):   83.29
2024-05-28 22:58:25,825 - INFO -  Top 10	(Epoch 30)acc (%):   88.5
2024-05-28 22:59:26,384 - INFO -  Split ID: 0
2024-05-28 22:59:26,384 - INFO -  Top 1	(Epoch 30)acc (%):   71.39
2024-05-28 22:59:26,384 - INFO -  Top 3	(Epoch 30)acc (%):   86.56
2024-05-28 22:59:26,385 - INFO -  Top 5	(Epoch 30)acc (%):   90.21
2024-05-28 22:59:26,385 - INFO -  Top 10	(Epoch 30)acc (%):   93.42
2024-05-28 23:00:26,913 - INFO -  Split ID: 0
2024-05-28 23:00:26,914 - INFO -  Top 1	(Epoch 30)acc (%):   71.39
2024-05-28 23:00:26,914 - INFO - for optuna top1: 71.39
2024-05-28 23:00:26,914 - INFO -  Top 3	(Epoch 30)acc (%):   86.56
2024-05-28 23:00:26,914 - INFO -  Top 5	(Epoch 30)acc (%):   90.21
2024-05-28 23:00:26,914 - INFO -  Top 10	(Epoch 30)acc (%):   93.42
2024-05-28 23:00:26,927 - INFO - 
Epoch	31
2024-05-28 23:02:36,546 - INFO - [51200/436063]	Loss  : 0.4414
2024-05-28 23:04:43,271 - INFO - [102400/436063]	Loss  : 0.4431
2024-05-28 23:06:49,716 - INFO - [153600/436063]	Loss  : 0.4447
2024-05-28 23:08:56,538 - INFO - [204800/436063]	Loss  : 0.4456
2024-05-28 23:11:02,540 - INFO - [256000/436063]	Loss  : 0.4463
2024-05-28 23:11:16,775 - INFO - [262144/436063]	Loss  : 0.4464
2024-05-28 23:12:16,332 - INFO - Test loss   : 0.2031
2024-05-28 23:12:16,332 - INFO - 
Epoch	32
2024-05-28 23:14:27,159 - INFO - [51200/436063]	Loss  : 0.4390
2024-05-28 23:16:33,844 - INFO - [102400/436063]	Loss  : 0.4415
2024-05-28 23:18:41,165 - INFO - [153600/436063]	Loss  : 0.4424
2024-05-28 23:20:47,835 - INFO - [204800/436063]	Loss  : 0.4431
2024-05-28 23:23:02,468 - INFO - [256000/436063]	Loss  : 0.4444
2024-05-28 23:23:18,055 - INFO - [262144/436063]	Loss  : 0.4445
2024-05-28 23:24:23,833 - INFO - Test loss   : 0.1987
2024-05-28 23:24:23,834 - INFO - 
Epoch	33
2024-05-28 23:26:46,084 - INFO - [51200/436063]	Loss  : 0.4407
2024-05-28 23:29:08,176 - INFO - [102400/436063]	Loss  : 0.4410
2024-05-28 23:31:39,664 - INFO - [153600/436063]	Loss  : 0.4415
2024-05-28 23:34:11,314 - INFO - [204800/436063]	Loss  : 0.4422
2024-05-28 23:36:42,935 - INFO - [256000/436063]	Loss  : 0.4428
2024-05-28 23:37:00,011 - INFO - [262144/436063]	Loss  : 0.4428
2024-05-28 23:38:11,646 - INFO - Test loss   : 0.2024
2024-05-28 23:38:11,646 - INFO - 
Epoch	34
2024-05-28 23:40:46,492 - INFO - [51200/436063]	Loss  : 0.4381
2024-05-28 23:43:18,771 - INFO - [102400/436063]	Loss  : 0.4388
2024-05-28 23:45:51,082 - INFO - [153600/436063]	Loss  : 0.4393
2024-05-28 23:48:22,959 - INFO - [204800/436063]	Loss  : 0.4401
2024-05-28 23:50:54,439 - INFO - [256000/436063]	Loss  : 0.4411
2024-05-28 23:51:11,502 - INFO - [262144/436063]	Loss  : 0.4412
2024-05-28 23:52:23,147 - INFO - Test loss   : 0.1967
2024-05-28 23:52:23,147 - INFO - 
Epoch	35
2024-05-28 23:54:57,906 - INFO - [51200/436063]	Loss  : 0.4360
2024-05-28 23:57:30,138 - INFO - [102400/436063]	Loss  : 0.4379
2024-05-28 23:59:38,342 - INFO - [153600/436063]	Loss  : 0.4383
2024-05-29 00:01:44,921 - INFO - [204800/436063]	Loss  : 0.4388
2024-05-29 00:03:51,518 - INFO - [256000/436063]	Loss  : 0.4395
2024-05-29 00:04:05,800 - INFO - [262144/436063]	Loss  : 0.4396
2024-05-29 00:05:05,814 - INFO - Test loss   : 0.1983
2024-05-29 00:05:05,814 - INFO - 
Epoch	36
2024-05-29 00:07:15,303 - INFO - [51200/436063]	Loss  : 0.4349
2024-05-29 00:09:17,244 - INFO - [102400/436063]	Loss  : 0.4359
2024-05-29 00:11:11,782 - INFO - [153600/436063]	Loss  : 0.4367
2024-05-29 00:13:06,874 - INFO - [204800/436063]	Loss  : 0.4375
2024-05-29 00:15:00,835 - INFO - [256000/436063]	Loss  : 0.4382
2024-05-29 00:15:13,684 - INFO - [262144/436063]	Loss  : 0.4384
2024-05-29 00:16:07,541 - INFO - Test loss   : 0.2034
2024-05-29 00:16:07,541 - INFO - 
Epoch	37
2024-05-29 00:18:04,338 - INFO - [51200/436063]	Loss  : 0.4326
2024-05-29 00:19:58,317 - INFO - [102400/436063]	Loss  : 0.4342
2024-05-29 00:21:52,413 - INFO - [153600/436063]	Loss  : 0.4354
2024-05-29 00:23:46,402 - INFO - [204800/436063]	Loss  : 0.4364
2024-05-29 00:25:40,577 - INFO - [256000/436063]	Loss  : 0.4374
2024-05-29 00:25:53,403 - INFO - [262144/436063]	Loss  : 0.4374
2024-05-29 00:26:47,139 - INFO - Test loss   : 0.2056
2024-05-29 00:26:47,139 - INFO - 
Epoch	38
2024-05-29 00:28:43,747 - INFO - [51200/436063]	Loss  : 0.4310
2024-05-29 00:30:37,795 - INFO - [102400/436063]	Loss  : 0.4337
2024-05-29 00:32:32,374 - INFO - [153600/436063]	Loss  : 0.4343
2024-05-29 00:34:27,572 - INFO - [204800/436063]	Loss  : 0.4351
2024-05-29 00:36:23,418 - INFO - [256000/436063]	Loss  : 0.4356
2024-05-29 00:36:36,263 - INFO - [262144/436063]	Loss  : 0.4357
2024-05-29 00:37:30,048 - INFO - Test loss   : 0.2077
2024-05-29 00:37:30,048 - INFO - 
Epoch	39
2024-05-29 00:39:26,907 - INFO - [51200/436063]	Loss  : 0.4314
2024-05-29 00:41:20,860 - INFO - [102400/436063]	Loss  : 0.4323
2024-05-29 00:43:14,925 - INFO - [153600/436063]	Loss  : 0.4329
2024-05-29 00:45:09,179 - INFO - [204800/436063]	Loss  : 0.4335
2024-05-29 00:46:58,727 - INFO - [256000/436063]	Loss  : 0.4337
2024-05-29 00:47:11,837 - INFO - [262144/436063]	Loss  : 0.4338
2024-05-29 00:48:06,542 - INFO - Test loss   : 0.2013
2024-05-29 00:48:06,542 - INFO - 
Epoch	40
2024-05-29 00:50:03,768 - INFO - [51200/436063]	Loss  : 0.4306
2024-05-29 00:51:58,096 - INFO - [102400/436063]	Loss  : 0.4314
2024-05-29 00:53:51,881 - INFO - [153600/436063]	Loss  : 0.4322
2024-05-29 00:55:41,954 - INFO - [204800/436063]	Loss  : 0.4330
2024-05-29 00:57:37,485 - INFO - [256000/436063]	Loss  : 0.4331
2024-05-29 00:57:50,316 - INFO - [262144/436063]	Loss  : 0.4331
2024-05-29 00:58:44,723 - INFO - Test loss   : 0.2066
2024-05-29 00:58:45,754 - INFO - (24343,)
2024-05-29 00:59:09,337 - INFO -  Split ID: 0
2024-05-29 00:59:09,347 - INFO -  Top 1	LocEnc (Epoch 40)acc (%):   0.53
2024-05-29 00:59:09,348 - INFO -  Top 3	LocEnc (Epoch 40)acc (%):   1.58
2024-05-29 00:59:09,349 - INFO -  Top 5	LocEnc (Epoch 40)acc (%):   2.59
2024-05-29 00:59:09,350 - INFO -  Top 10	LocEnc (Epoch 40)acc (%):   4.91
2024-05-29 00:59:09,467 - INFO - 
No prior
2024-05-29 00:59:09,714 - INFO - (24426,)
2024-05-29 00:59:21,339 - INFO -  Split ID: 0
2024-05-29 00:59:21,340 - INFO -  Top 1	(Epoch 40)acc (%):   60.2
2024-05-29 00:59:21,340 - INFO -  Top 3	(Epoch 40)acc (%):   77.9
2024-05-29 00:59:21,340 - INFO -  Top 5	(Epoch 40)acc (%):   83.29
2024-05-29 00:59:21,340 - INFO -  Top 10	(Epoch 40)acc (%):   88.5
2024-05-29 01:00:16,422 - INFO -  Split ID: 0
2024-05-29 01:00:16,422 - INFO -  Top 1	(Epoch 40)acc (%):   71.66
2024-05-29 01:00:16,422 - INFO -  Top 3	(Epoch 40)acc (%):   86.71
2024-05-29 01:00:16,422 - INFO -  Top 5	(Epoch 40)acc (%):   90.19
2024-05-29 01:00:16,422 - INFO -  Top 10	(Epoch 40)acc (%):   93.5
2024-05-29 01:01:11,004 - INFO -  Split ID: 0
2024-05-29 01:01:11,005 - INFO -  Top 1	(Epoch 40)acc (%):   71.66
2024-05-29 01:01:11,005 - INFO - for optuna top1: 71.66
2024-05-29 01:01:11,005 - INFO -  Top 3	(Epoch 40)acc (%):   86.71
2024-05-29 01:01:11,005 - INFO -  Top 5	(Epoch 40)acc (%):   90.19
2024-05-29 01:01:11,005 - INFO -  Top 10	(Epoch 40)acc (%):   93.5
2024-05-29 01:01:11,019 - INFO - 
Epoch	41
2024-05-29 01:03:07,806 - INFO - [51200/436063]	Loss  : 0.4266
2024-05-29 01:05:02,019 - INFO - [102400/436063]	Loss  : 0.4294
2024-05-29 01:06:56,066 - INFO - [153600/436063]	Loss  : 0.4302
2024-05-29 01:08:49,842 - INFO - [204800/436063]	Loss  : 0.4309
2024-05-29 01:10:43,867 - INFO - [256000/436063]	Loss  : 0.4317
2024-05-29 01:10:56,700 - INFO - [262144/436063]	Loss  : 0.4319
2024-05-29 01:11:50,547 - INFO - Test loss   : 0.2070
2024-05-29 01:11:50,547 - INFO - 
Epoch	42
2024-05-29 01:13:47,023 - INFO - [51200/436063]	Loss  : 0.4280
2024-05-29 01:15:41,144 - INFO - [102400/436063]	Loss  : 0.4289
2024-05-29 01:17:35,319 - INFO - [153600/436063]	Loss  : 0.4294
2024-05-29 01:19:29,370 - INFO - [204800/436063]	Loss  : 0.4302
2024-05-29 01:21:23,413 - INFO - [256000/436063]	Loss  : 0.4309
2024-05-29 01:21:36,260 - INFO - [262144/436063]	Loss  : 0.4310
2024-05-29 01:22:30,637 - INFO - Test loss   : 0.2078
2024-05-29 01:22:30,637 - INFO - 
Epoch	43
2024-05-29 01:24:28,129 - INFO - [51200/436063]	Loss  : 0.4269
2024-05-29 01:26:22,451 - INFO - [102400/436063]	Loss  : 0.4275
2024-05-29 01:28:16,397 - INFO - [153600/436063]	Loss  : 0.4282
2024-05-29 01:30:10,456 - INFO - [204800/436063]	Loss  : 0.4286
2024-05-29 01:32:04,580 - INFO - [256000/436063]	Loss  : 0.4290
2024-05-29 01:32:17,410 - INFO - [262144/436063]	Loss  : 0.4292
2024-05-29 01:33:11,113 - INFO - Test loss   : 0.2020
2024-05-29 01:33:11,113 - INFO - 
Epoch	44
2024-05-29 01:35:07,385 - INFO - [51200/436063]	Loss  : 0.4267
2024-05-29 01:37:01,771 - INFO - [102400/436063]	Loss  : 0.4258
2024-05-29 01:38:56,064 - INFO - [153600/436063]	Loss  : 0.4264
2024-05-29 01:40:50,178 - INFO - [204800/436063]	Loss  : 0.4275
2024-05-29 01:42:44,280 - INFO - [256000/436063]	Loss  : 0.4286
2024-05-29 01:42:57,092 - INFO - [262144/436063]	Loss  : 0.4288
2024-05-29 01:43:50,700 - INFO - Test loss   : 0.1983
2024-05-29 01:43:50,700 - INFO - 
Epoch	45
2024-05-29 01:45:47,523 - INFO - [51200/436063]	Loss  : 0.4224
2024-05-29 01:47:43,087 - INFO - [102400/436063]	Loss  : 0.4244
2024-05-29 01:49:37,183 - INFO - [153600/436063]	Loss  : 0.4256
2024-05-29 01:51:30,966 - INFO - [204800/436063]	Loss  : 0.4263
2024-05-29 01:53:25,084 - INFO - [256000/436063]	Loss  : 0.4269
2024-05-29 01:53:37,905 - INFO - [262144/436063]	Loss  : 0.4269
2024-05-29 01:54:31,649 - INFO - Test loss   : 0.2092
2024-05-29 01:54:31,650 - INFO - 
Epoch	46
2024-05-29 01:56:28,532 - INFO - [51200/436063]	Loss  : 0.4233
2024-05-29 01:58:22,713 - INFO - [102400/436063]	Loss  : 0.4249
2024-05-29 02:00:16,657 - INFO - [153600/436063]	Loss  : 0.4261
2024-05-29 02:02:10,466 - INFO - [204800/436063]	Loss  : 0.4273
2024-05-29 02:04:04,574 - INFO - [256000/436063]	Loss  : 0.4274
2024-05-29 02:04:17,456 - INFO - [262144/436063]	Loss  : 0.4275
2024-05-29 02:05:11,249 - INFO - Test loss   : 0.2170
2024-05-29 02:05:11,249 - INFO - 
Epoch	47
2024-05-29 02:07:08,143 - INFO - [51200/436063]	Loss  : 0.4234
2024-05-29 02:09:02,257 - INFO - [102400/436063]	Loss  : 0.4246
2024-05-29 02:10:57,844 - INFO - [153600/436063]	Loss  : 0.4247
2024-05-29 02:12:51,892 - INFO - [204800/436063]	Loss  : 0.4257
2024-05-29 02:14:45,600 - INFO - [256000/436063]	Loss  : 0.4263
2024-05-29 02:14:58,436 - INFO - [262144/436063]	Loss  : 0.4264
2024-05-29 02:15:52,231 - INFO - Test loss   : 0.2090
2024-05-29 02:15:52,231 - INFO - 
Epoch	48
2024-05-29 02:17:48,906 - INFO - [51200/436063]	Loss  : 0.4214
2024-05-29 02:19:43,014 - INFO - [102400/436063]	Loss  : 0.4224
2024-05-29 02:21:37,123 - INFO - [153600/436063]	Loss  : 0.4231
2024-05-29 02:23:31,271 - INFO - [204800/436063]	Loss  : 0.4238
2024-05-29 02:25:25,265 - INFO - [256000/436063]	Loss  : 0.4246
2024-05-29 02:25:38,112 - INFO - [262144/436063]	Loss  : 0.4248
2024-05-29 02:26:31,897 - INFO - Test loss   : 0.2139
2024-05-29 02:26:31,897 - INFO - 
Epoch	49
2024-05-29 02:28:28,323 - INFO - [51200/436063]	Loss  : 0.4194
2024-05-29 02:30:22,452 - INFO - [102400/436063]	Loss  : 0.4211
2024-05-29 02:32:16,598 - INFO - [153600/436063]	Loss  : 0.4225
2024-05-29 02:34:11,449 - INFO - [204800/436063]	Loss  : 0.4235
2024-05-29 02:36:02,030 - INFO - [256000/436063]	Loss  : 0.4245
2024-05-29 02:36:15,076 - INFO - [262144/436063]	Loss  : 0.4244
2024-05-29 02:37:09,927 - INFO - Test loss   : 0.2118
2024-05-29 02:37:09,928 - INFO - 
Epoch	50
2024-05-29 02:39:06,706 - INFO - [51200/436063]	Loss  : 0.4212
2024-05-29 02:41:00,863 - INFO - [102400/436063]	Loss  : 0.4221
2024-05-29 02:42:55,033 - INFO - [153600/436063]	Loss  : 0.4229
2024-05-29 02:44:45,525 - INFO - [204800/436063]	Loss  : 0.4231
2024-05-29 02:46:40,763 - INFO - [256000/436063]	Loss  : 0.4234
2024-05-29 02:46:53,608 - INFO - [262144/436063]	Loss  : 0.4234
2024-05-29 02:47:47,392 - INFO - Test loss   : 0.2089
2024-05-29 02:47:48,549 - INFO - (24343,)
2024-05-29 02:48:12,878 - INFO -  Split ID: 0
2024-05-29 02:48:12,890 - INFO -  Top 1	LocEnc (Epoch 50)acc (%):   0.55
2024-05-29 02:48:12,891 - INFO -  Top 3	LocEnc (Epoch 50)acc (%):   1.68
2024-05-29 02:48:12,892 - INFO -  Top 5	LocEnc (Epoch 50)acc (%):   2.76
2024-05-29 02:48:12,893 - INFO -  Top 10	LocEnc (Epoch 50)acc (%):   5.16
2024-05-29 02:48:13,015 - INFO - 
No prior
2024-05-29 02:48:13,274 - INFO - (24426,)
2024-05-29 02:48:25,251 - INFO -  Split ID: 0
2024-05-29 02:48:25,252 - INFO -  Top 1	(Epoch 50)acc (%):   60.2
2024-05-29 02:48:25,252 - INFO -  Top 3	(Epoch 50)acc (%):   77.9
2024-05-29 02:48:25,252 - INFO -  Top 5	(Epoch 50)acc (%):   83.29
2024-05-29 02:48:25,252 - INFO -  Top 10	(Epoch 50)acc (%):   88.5
2024-05-29 02:49:19,948 - INFO -  Split ID: 0
2024-05-29 02:49:19,949 - INFO -  Top 1	(Epoch 50)acc (%):   71.7
2024-05-29 02:49:19,949 - INFO -  Top 3	(Epoch 50)acc (%):   86.79
2024-05-29 02:49:19,949 - INFO -  Top 5	(Epoch 50)acc (%):   90.3
2024-05-29 02:49:19,949 - INFO -  Top 10	(Epoch 50)acc (%):   93.49
2024-05-29 02:50:14,581 - INFO -  Split ID: 0
2024-05-29 02:50:14,581 - INFO -  Top 1	(Epoch 50)acc (%):   71.7
2024-05-29 02:50:14,581 - INFO - for optuna top1: 71.7
2024-05-29 02:50:14,581 - INFO -  Top 3	(Epoch 50)acc (%):   86.79
2024-05-29 02:50:14,581 - INFO -  Top 5	(Epoch 50)acc (%):   90.3
2024-05-29 02:50:14,581 - INFO -  Top 10	(Epoch 50)acc (%):   93.49
2024-05-29 02:50:14,594 - INFO - 
Epoch	51
2024-05-29 02:52:11,835 - INFO - [51200/436063]	Loss  : 0.4184
2024-05-29 02:54:06,395 - INFO - [102400/436063]	Loss  : 0.4192
2024-05-29 02:56:01,193 - INFO - [153600/436063]	Loss  : 0.4205
2024-05-29 02:57:56,904 - INFO - [204800/436063]	Loss  : 0.4214
2024-05-29 02:59:51,988 - INFO - [256000/436063]	Loss  : 0.4222
2024-05-29 03:00:04,881 - INFO - [262144/436063]	Loss  : 0.4221
2024-05-29 03:00:59,122 - INFO - Test loss   : 0.2158
2024-05-29 03:00:59,126 - INFO - 
Epoch	52
2024-05-29 03:02:56,524 - INFO - [51200/436063]	Loss  : 0.4174
2024-05-29 03:04:51,115 - INFO - [102400/436063]	Loss  : 0.4183
2024-05-29 03:06:45,490 - INFO - [153600/436063]	Loss  : 0.4195
2024-05-29 03:08:39,933 - INFO - [204800/436063]	Loss  : 0.4206
2024-05-29 03:10:34,668 - INFO - [256000/436063]	Loss  : 0.4210
2024-05-29 03:10:47,610 - INFO - [262144/436063]	Loss  : 0.4211
2024-05-29 03:11:41,695 - INFO - Test loss   : 0.2074
2024-05-29 03:11:41,695 - INFO - 
Epoch	53
2024-05-29 03:13:39,043 - INFO - [51200/436063]	Loss  : 0.4159
2024-05-29 03:15:33,856 - INFO - [102400/436063]	Loss  : 0.4172
2024-05-29 03:17:28,679 - INFO - [153600/436063]	Loss  : 0.4187
2024-05-29 03:19:23,916 - INFO - [204800/436063]	Loss  : 0.4194
2024-05-29 03:21:17,354 - INFO - [256000/436063]	Loss  : 0.4199
2024-05-29 03:21:30,359 - INFO - [262144/436063]	Loss  : 0.4200
2024-05-29 03:22:24,329 - INFO - Test loss   : 0.2157
2024-05-29 03:22:24,329 - INFO - 
Epoch	54
2024-05-29 03:24:21,547 - INFO - [51200/436063]	Loss  : 0.4148
2024-05-29 03:26:16,416 - INFO - [102400/436063]	Loss  : 0.4173
2024-05-29 03:28:10,973 - INFO - [153600/436063]	Loss  : 0.4179
2024-05-29 03:30:05,415 - INFO - [204800/436063]	Loss  : 0.4190
2024-05-29 03:31:59,926 - INFO - [256000/436063]	Loss  : 0.4199
2024-05-29 03:32:12,848 - INFO - [262144/436063]	Loss  : 0.4200
2024-05-29 03:33:06,810 - INFO - Test loss   : 0.2093
2024-05-29 03:33:06,811 - INFO - 
Epoch	55
2024-05-29 03:35:03,771 - INFO - [51200/436063]	Loss  : 0.4165
2024-05-29 03:36:58,504 - INFO - [102400/436063]	Loss  : 0.4175
2024-05-29 03:38:53,153 - INFO - [153600/436063]	Loss  : 0.4179
2024-05-29 03:40:47,633 - INFO - [204800/436063]	Loss  : 0.4185
2024-05-29 03:42:42,584 - INFO - [256000/436063]	Loss  : 0.4191
2024-05-29 03:42:55,493 - INFO - [262144/436063]	Loss  : 0.4191
2024-05-29 03:43:49,681 - INFO - Test loss   : 0.2146
2024-05-29 03:43:49,681 - INFO - 
Epoch	56
2024-05-29 03:45:47,618 - INFO - [51200/436063]	Loss  : 0.4142
2024-05-29 03:47:42,996 - INFO - [102400/436063]	Loss  : 0.4163
2024-05-29 03:49:37,552 - INFO - [153600/436063]	Loss  : 0.4170
2024-05-29 03:51:31,833 - INFO - [204800/436063]	Loss  : 0.4180
2024-05-29 03:53:26,699 - INFO - [256000/436063]	Loss  : 0.4185
2024-05-29 03:53:39,555 - INFO - [262144/436063]	Loss  : 0.4184
2024-05-29 03:54:33,622 - INFO - Test loss   : 0.2207
2024-05-29 03:54:33,622 - INFO - 
Epoch	57
2024-05-29 03:56:30,868 - INFO - [51200/436063]	Loss  : 0.4148
2024-05-29 03:58:25,547 - INFO - [102400/436063]	Loss  : 0.4157
2024-05-29 04:00:19,688 - INFO - [153600/436063]	Loss  : 0.4169
2024-05-29 04:02:14,043 - INFO - [204800/436063]	Loss  : 0.4172
2024-05-29 04:04:08,665 - INFO - [256000/436063]	Loss  : 0.4179
2024-05-29 04:04:21,556 - INFO - [262144/436063]	Loss  : 0.4180
2024-05-29 04:05:15,743 - INFO - Test loss   : 0.2178
2024-05-29 04:05:15,744 - INFO - 
Epoch	58
2024-05-29 04:07:12,958 - INFO - [51200/436063]	Loss  : 0.4145
2024-05-29 04:09:07,834 - INFO - [102400/436063]	Loss  : 0.4150
2024-05-29 04:11:04,066 - INFO - [153600/436063]	Loss  : 0.4162
2024-05-29 04:12:58,760 - INFO - [204800/436063]	Loss  : 0.4166
2024-05-29 04:14:53,532 - INFO - [256000/436063]	Loss  : 0.4176
2024-05-29 04:15:06,573 - INFO - [262144/436063]	Loss  : 0.4177
2024-05-29 04:16:01,267 - INFO - Test loss   : 0.2158
2024-05-29 04:16:01,267 - INFO - 
Epoch	59
2024-05-29 04:17:59,367 - INFO - [51200/436063]	Loss  : 0.4130
2024-05-29 04:19:44,445 - INFO - [102400/436063]	Loss  : 0.4146
2024-05-29 04:21:26,492 - INFO - [153600/436063]	Loss  : 0.4156
2024-05-29 04:23:08,498 - INFO - [204800/436063]	Loss  : 0.4158
2024-05-29 04:24:45,392 - INFO - [256000/436063]	Loss  : 0.4166
2024-05-29 04:24:57,100 - INFO - [262144/436063]	Loss  : 0.4166
2024-05-29 04:25:46,016 - INFO - Test loss   : 0.2120
2024-05-29 04:25:46,017 - INFO - 
Epoch	60
2024-05-29 04:27:30,394 - INFO - [51200/436063]	Loss  : 0.4125
2024-05-29 04:29:12,519 - INFO - [102400/436063]	Loss  : 0.4137
2024-05-29 04:30:54,355 - INFO - [153600/436063]	Loss  : 0.4143
2024-05-29 04:32:33,693 - INFO - [204800/436063]	Loss  : 0.4155
2024-05-29 04:34:17,231 - INFO - [256000/436063]	Loss  : 0.4158
2024-05-29 04:34:28,732 - INFO - [262144/436063]	Loss  : 0.4158
2024-05-29 04:35:16,926 - INFO - Test loss   : 0.2240
2024-05-29 04:35:18,018 - INFO - (24343,)
2024-05-29 04:35:42,100 - INFO -  Split ID: 0
2024-05-29 04:35:42,112 - INFO -  Top 1	LocEnc (Epoch 60)acc (%):   0.6
2024-05-29 04:35:42,113 - INFO -  Top 3	LocEnc (Epoch 60)acc (%):   1.75
2024-05-29 04:35:42,114 - INFO -  Top 5	LocEnc (Epoch 60)acc (%):   2.76
2024-05-29 04:35:42,115 - INFO -  Top 10	LocEnc (Epoch 60)acc (%):   5.35
2024-05-29 04:35:42,228 - INFO - 
No prior
2024-05-29 04:35:42,503 - INFO - (24426,)
2024-05-29 04:35:54,276 - INFO -  Split ID: 0
2024-05-29 04:35:54,276 - INFO -  Top 1	(Epoch 60)acc (%):   60.2
2024-05-29 04:35:54,277 - INFO -  Top 3	(Epoch 60)acc (%):   77.9
2024-05-29 04:35:54,277 - INFO -  Top 5	(Epoch 60)acc (%):   83.29
2024-05-29 04:35:54,277 - INFO -  Top 10	(Epoch 60)acc (%):   88.5
2024-05-29 04:36:43,503 - INFO -  Split ID: 0
2024-05-29 04:36:43,503 - INFO -  Top 1	(Epoch 60)acc (%):   71.85
2024-05-29 04:36:43,503 - INFO -  Top 3	(Epoch 60)acc (%):   86.82
2024-05-29 04:36:43,503 - INFO -  Top 5	(Epoch 60)acc (%):   90.34
2024-05-29 04:36:43,503 - INFO -  Top 10	(Epoch 60)acc (%):   93.54
2024-05-29 04:37:32,651 - INFO -  Split ID: 0
2024-05-29 04:37:32,652 - INFO -  Top 1	(Epoch 60)acc (%):   71.85
2024-05-29 04:37:32,652 - INFO - for optuna top1: 71.85
2024-05-29 04:37:32,652 - INFO -  Top 3	(Epoch 60)acc (%):   86.82
2024-05-29 04:37:32,652 - INFO -  Top 5	(Epoch 60)acc (%):   90.34
2024-05-29 04:37:32,652 - INFO -  Top 10	(Epoch 60)acc (%):   93.54
2024-05-29 04:37:32,661 - INFO - 
Epoch	61
2024-05-29 04:39:16,965 - INFO - [51200/436063]	Loss  : 0.4123
2024-05-29 04:40:59,058 - INFO - [102400/436063]	Loss  : 0.4134
2024-05-29 04:42:40,970 - INFO - [153600/436063]	Loss  : 0.4136
2024-05-29 04:44:22,864 - INFO - [204800/436063]	Loss  : 0.4145
2024-05-29 04:46:04,842 - INFO - [256000/436063]	Loss  : 0.4151
2024-05-29 04:46:16,406 - INFO - [262144/436063]	Loss  : 0.4153
2024-05-29 04:47:04,656 - INFO - Test loss   : 0.2203
2024-05-29 04:47:04,656 - INFO - 
Epoch	62
2024-05-29 04:48:48,944 - INFO - [51200/436063]	Loss  : 0.4130
2024-05-29 04:50:30,732 - INFO - [102400/436063]	Loss  : 0.4145
2024-05-29 04:52:12,879 - INFO - [153600/436063]	Loss  : 0.4143
2024-05-29 04:53:56,168 - INFO - [204800/436063]	Loss  : 0.4147
2024-05-29 04:55:38,568 - INFO - [256000/436063]	Loss  : 0.4149
2024-05-29 04:55:50,109 - INFO - [262144/436063]	Loss  : 0.4150
2024-05-29 04:56:37,863 - INFO - Test loss   : 0.2182
2024-05-29 04:56:37,864 - INFO - 
Epoch	63
2024-05-29 04:58:22,355 - INFO - [51200/436063]	Loss  : 0.4110
2024-05-29 05:00:04,058 - INFO - [102400/436063]	Loss  : 0.4121
2024-05-29 05:01:45,799 - INFO - [153600/436063]	Loss  : 0.4126
2024-05-29 05:03:27,625 - INFO - [204800/436063]	Loss  : 0.4137
2024-05-29 05:05:09,442 - INFO - [256000/436063]	Loss  : 0.4146
2024-05-29 05:05:20,992 - INFO - [262144/436063]	Loss  : 0.4146
2024-05-29 05:06:09,053 - INFO - Test loss   : 0.2189
2024-05-29 05:06:09,054 - INFO - 
Epoch	64
2024-05-29 05:07:53,312 - INFO - [51200/436063]	Loss  : 0.4108
2024-05-29 05:09:35,312 - INFO - [102400/436063]	Loss  : 0.4118
2024-05-29 05:11:17,137 - INFO - [153600/436063]	Loss  : 0.4130
2024-05-29 05:12:58,852 - INFO - [204800/436063]	Loss  : 0.4134
2024-05-29 05:14:41,350 - INFO - [256000/436063]	Loss  : 0.4138
2024-05-29 05:14:53,042 - INFO - [262144/436063]	Loss  : 0.4139
2024-05-29 05:15:42,244 - INFO - Test loss   : 0.2143
2024-05-29 05:15:42,245 - INFO - 
Epoch	65
2024-05-29 05:17:26,446 - INFO - [51200/436063]	Loss  : 0.4124
2024-05-29 05:19:08,345 - INFO - [102400/436063]	Loss  : 0.4109
2024-05-29 05:20:50,166 - INFO - [153600/436063]	Loss  : 0.4110
2024-05-29 05:22:32,174 - INFO - [204800/436063]	Loss  : 0.4123
2024-05-29 05:24:13,847 - INFO - [256000/436063]	Loss  : 0.4128
2024-05-29 05:24:25,305 - INFO - [262144/436063]	Loss  : 0.4128
2024-05-29 05:25:13,232 - INFO - Test loss   : 0.2217
2024-05-29 05:25:13,232 - INFO - 
Epoch	66
2024-05-29 05:26:57,066 - INFO - [51200/436063]	Loss  : 0.4104
2024-05-29 05:28:39,170 - INFO - [102400/436063]	Loss  : 0.4095
2024-05-29 05:30:20,989 - INFO - [153600/436063]	Loss  : 0.4103
2024-05-29 05:32:02,957 - INFO - [204800/436063]	Loss  : 0.4114
2024-05-29 05:33:45,012 - INFO - [256000/436063]	Loss  : 0.4120
2024-05-29 05:33:56,480 - INFO - [262144/436063]	Loss  : 0.4120
2024-05-29 05:34:44,448 - INFO - Test loss   : 0.2182
2024-05-29 05:34:44,448 - INFO - 
Epoch	67
2024-05-29 05:36:29,503 - INFO - [51200/436063]	Loss  : 0.4093
2024-05-29 05:38:12,273 - INFO - [102400/436063]	Loss  : 0.4106
2024-05-29 05:39:53,999 - INFO - [153600/436063]	Loss  : 0.4111
2024-05-29 05:41:29,513 - INFO - [204800/436063]	Loss  : 0.4112
2024-05-29 05:42:58,964 - INFO - [256000/436063]	Loss  : 0.4120
2024-05-29 05:43:09,028 - INFO - [262144/436063]	Loss  : 0.4119
2024-05-29 05:43:51,035 - INFO - Test loss   : 0.2244
2024-05-29 05:43:51,036 - INFO - 
Epoch	68
2024-05-29 05:45:22,182 - INFO - [51200/436063]	Loss  : 0.4109
2024-05-29 05:46:51,383 - INFO - [102400/436063]	Loss  : 0.4107
2024-05-29 05:48:20,335 - INFO - [153600/436063]	Loss  : 0.4104
2024-05-29 05:49:49,483 - INFO - [204800/436063]	Loss  : 0.4111
2024-05-29 05:51:18,889 - INFO - [256000/436063]	Loss  : 0.4118
2024-05-29 05:51:28,977 - INFO - [262144/436063]	Loss  : 0.4119
2024-05-29 05:52:10,981 - INFO - Test loss   : 0.2188
2024-05-29 05:52:10,981 - INFO - 
Epoch	69
2024-05-29 05:53:42,114 - INFO - [51200/436063]	Loss  : 0.4084
2024-05-29 05:55:11,687 - INFO - [102400/436063]	Loss  : 0.4110
2024-05-29 05:56:42,466 - INFO - [153600/436063]	Loss  : 0.4110
2024-05-29 05:58:11,477 - INFO - [204800/436063]	Loss  : 0.4110
2024-05-29 05:59:35,249 - INFO - [256000/436063]	Loss  : 0.4111
2024-05-29 05:59:45,444 - INFO - [262144/436063]	Loss  : 0.4112
2024-05-29 06:00:28,404 - INFO - Test loss   : 0.2189
2024-05-29 06:00:28,404 - INFO - 
Epoch	70
2024-05-29 06:01:59,400 - INFO - [51200/436063]	Loss  : 0.4087
2024-05-29 06:03:28,695 - INFO - [102400/436063]	Loss  : 0.4093
2024-05-29 06:04:57,710 - INFO - [153600/436063]	Loss  : 0.4099
2024-05-29 06:06:22,670 - INFO - [204800/436063]	Loss  : 0.4101
2024-05-29 06:07:52,509 - INFO - [256000/436063]	Loss  : 0.4103
2024-05-29 06:08:02,519 - INFO - [262144/436063]	Loss  : 0.4103
2024-05-29 06:08:44,285 - INFO - Test loss   : 0.2204
2024-05-29 06:08:45,177 - INFO - (24343,)
2024-05-29 06:09:07,984 - INFO -  Split ID: 0
2024-05-29 06:09:07,998 - INFO -  Top 1	LocEnc (Epoch 70)acc (%):   0.58
2024-05-29 06:09:07,999 - INFO -  Top 3	LocEnc (Epoch 70)acc (%):   1.84
2024-05-29 06:09:08,001 - INFO -  Top 5	LocEnc (Epoch 70)acc (%):   3.05
2024-05-29 06:09:08,002 - INFO -  Top 10	LocEnc (Epoch 70)acc (%):   5.66
2024-05-29 06:09:08,107 - INFO - 
No prior
2024-05-29 06:09:08,347 - INFO - (24426,)
2024-05-29 06:09:19,400 - INFO -  Split ID: 0
2024-05-29 06:09:19,401 - INFO -  Top 1	(Epoch 70)acc (%):   60.2
2024-05-29 06:09:19,401 - INFO -  Top 3	(Epoch 70)acc (%):   77.9
2024-05-29 06:09:19,401 - INFO -  Top 5	(Epoch 70)acc (%):   83.29
2024-05-29 06:09:19,401 - INFO -  Top 10	(Epoch 70)acc (%):   88.5
2024-05-29 06:10:03,000 - INFO -  Split ID: 0
2024-05-29 06:10:03,000 - INFO -  Top 1	(Epoch 70)acc (%):   71.94
2024-05-29 06:10:03,000 - INFO -  Top 3	(Epoch 70)acc (%):   86.89
2024-05-29 06:10:03,000 - INFO -  Top 5	(Epoch 70)acc (%):   90.36
2024-05-29 06:10:03,001 - INFO -  Top 10	(Epoch 70)acc (%):   93.59
2024-05-29 06:10:46,632 - INFO -  Split ID: 0
2024-05-29 06:10:46,633 - INFO -  Top 1	(Epoch 70)acc (%):   71.94
2024-05-29 06:10:46,633 - INFO - for optuna top1: 71.94
2024-05-29 06:10:46,633 - INFO -  Top 3	(Epoch 70)acc (%):   86.89
2024-05-29 06:10:46,633 - INFO -  Top 5	(Epoch 70)acc (%):   90.36
2024-05-29 06:10:46,633 - INFO -  Top 10	(Epoch 70)acc (%):   93.59
2024-05-29 06:10:46,646 - INFO - 
Epoch	71
2024-05-29 06:12:17,874 - INFO - [51200/436063]	Loss  : 0.4086
2024-05-29 06:13:47,413 - INFO - [102400/436063]	Loss  : 0.4090
2024-05-29 06:15:18,279 - INFO - [153600/436063]	Loss  : 0.4101
2024-05-29 06:16:47,452 - INFO - [204800/436063]	Loss  : 0.4103
2024-05-29 06:18:16,266 - INFO - [256000/436063]	Loss  : 0.4104
2024-05-29 06:18:26,271 - INFO - [262144/436063]	Loss  : 0.4105
2024-05-29 06:19:08,156 - INFO - Test loss   : 0.2225
2024-05-29 06:19:08,156 - INFO - 
Epoch	72
2024-05-29 06:20:39,406 - INFO - [51200/436063]	Loss  : 0.4069
2024-05-29 06:22:08,518 - INFO - [102400/436063]	Loss  : 0.4081
2024-05-29 06:23:37,740 - INFO - [153600/436063]	Loss  : 0.4086
2024-05-29 06:25:06,914 - INFO - [204800/436063]	Loss  : 0.4097
2024-05-29 06:26:36,146 - INFO - [256000/436063]	Loss  : 0.4099
2024-05-29 06:26:46,232 - INFO - [262144/436063]	Loss  : 0.4101
2024-05-29 06:27:28,205 - INFO - Test loss   : 0.2200
2024-05-29 06:27:28,206 - INFO - 
Epoch	73
2024-05-29 06:28:59,068 - INFO - [51200/436063]	Loss  : 0.4083
2024-05-29 06:30:28,446 - INFO - [102400/436063]	Loss  : 0.4089
2024-05-29 06:31:57,721 - INFO - [153600/436063]	Loss  : 0.4091
2024-05-29 06:33:28,578 - INFO - [204800/436063]	Loss  : 0.4094
2024-05-29 06:34:58,133 - INFO - [256000/436063]	Loss  : 0.4098
2024-05-29 06:35:08,181 - INFO - [262144/436063]	Loss  : 0.4098
2024-05-29 06:35:50,312 - INFO - Test loss   : 0.2232
2024-05-29 06:35:50,312 - INFO - 
Epoch	74
2024-05-29 06:37:21,379 - INFO - [51200/436063]	Loss  : 0.4065
2024-05-29 06:38:50,366 - INFO - [102400/436063]	Loss  : 0.4081
2024-05-29 06:40:19,410 - INFO - [153600/436063]	Loss  : 0.4078
2024-05-29 06:41:48,603 - INFO - [204800/436063]	Loss  : 0.4085
2024-05-29 06:43:17,650 - INFO - [256000/436063]	Loss  : 0.4091
2024-05-29 06:43:27,652 - INFO - [262144/436063]	Loss  : 0.4091
2024-05-29 06:44:09,718 - INFO - Test loss   : 0.2238
2024-05-29 06:44:09,718 - INFO - 
Epoch	75
2024-05-29 06:45:41,286 - INFO - [51200/436063]	Loss  : 0.4050
2024-05-29 06:47:10,645 - INFO - [102400/436063]	Loss  : 0.4060
2024-05-29 06:48:39,610 - INFO - [153600/436063]	Loss  : 0.4065
2024-05-29 06:50:08,462 - INFO - [204800/436063]	Loss  : 0.4071
2024-05-29 06:51:38,466 - INFO - [256000/436063]	Loss  : 0.4078
2024-05-29 06:51:48,812 - INFO - [262144/436063]	Loss  : 0.4079
2024-05-29 06:52:31,889 - INFO - Test loss   : 0.2244
2024-05-29 06:52:31,889 - INFO - 
Epoch	76
2024-05-29 06:54:03,239 - INFO - [51200/436063]	Loss  : 0.4073
2024-05-29 06:55:32,503 - INFO - [102400/436063]	Loss  : 0.4074
2024-05-29 06:57:01,680 - INFO - [153600/436063]	Loss  : 0.4072
2024-05-29 06:58:30,858 - INFO - [204800/436063]	Loss  : 0.4077
2024-05-29 06:59:55,426 - INFO - [256000/436063]	Loss  : 0.4084
2024-05-29 07:00:04,088 - INFO - [262144/436063]	Loss  : 0.4085
2024-05-29 07:00:43,510 - INFO - Test loss   : 0.2228
2024-05-29 07:00:43,510 - INFO - 
Epoch	77
2024-05-29 07:02:15,589 - INFO - [51200/436063]	Loss  : 0.4062
2024-05-29 07:03:45,404 - INFO - [102400/436063]	Loss  : 0.4060
2024-05-29 07:05:15,226 - INFO - [153600/436063]	Loss  : 0.4060
2024-05-29 07:06:44,868 - INFO - [204800/436063]	Loss  : 0.4064
2024-05-29 07:08:14,377 - INFO - [256000/436063]	Loss  : 0.4070
2024-05-29 07:08:24,427 - INFO - [262144/436063]	Loss  : 0.4070
2024-05-29 07:09:06,537 - INFO - Test loss   : 0.2251
2024-05-29 07:09:06,539 - INFO - 
Epoch	78
2024-05-29 07:10:39,112 - INFO - [51200/436063]	Loss  : 0.4067
2024-05-29 07:12:09,518 - INFO - [102400/436063]	Loss  : 0.4060
2024-05-29 07:13:39,041 - INFO - [153600/436063]	Loss  : 0.4068
2024-05-29 07:15:08,536 - INFO - [204800/436063]	Loss  : 0.4076
2024-05-29 07:16:38,374 - INFO - [256000/436063]	Loss  : 0.4077
2024-05-29 07:16:48,416 - INFO - [262144/436063]	Loss  : 0.4078
2024-05-29 07:17:30,569 - INFO - Test loss   : 0.2268
2024-05-29 07:17:30,569 - INFO - 
Epoch	79
2024-05-29 07:19:02,108 - INFO - [51200/436063]	Loss  : 0.4031
2024-05-29 07:20:31,665 - INFO - [102400/436063]	Loss  : 0.4052
2024-05-29 07:22:01,088 - INFO - [153600/436063]	Loss  : 0.4060
2024-05-29 07:23:30,674 - INFO - [204800/436063]	Loss  : 0.4065
2024-05-29 07:24:55,677 - INFO - [256000/436063]	Loss  : 0.4069
2024-05-29 07:25:05,937 - INFO - [262144/436063]	Loss  : 0.4069
2024-05-29 07:25:48,688 - INFO - Test loss   : 0.2254
2024-05-29 07:25:48,688 - INFO - 
Epoch	80
2024-05-29 07:27:21,190 - INFO - [51200/436063]	Loss  : 0.4064
2024-05-29 07:28:50,074 - INFO - [102400/436063]	Loss  : 0.4062
2024-05-29 07:30:17,600 - INFO - [153600/436063]	Loss  : 0.4061
2024-05-29 07:31:43,569 - INFO - [204800/436063]	Loss  : 0.4060
2024-05-29 07:33:13,367 - INFO - [256000/436063]	Loss  : 0.4065
2024-05-29 07:33:23,373 - INFO - [262144/436063]	Loss  : 0.4065
2024-05-29 07:34:05,277 - INFO - Test loss   : 0.2289
2024-05-29 07:34:06,233 - INFO - (24343,)
2024-05-29 07:34:28,911 - INFO -  Split ID: 0
2024-05-29 07:34:28,924 - INFO -  Top 1	LocEnc (Epoch 80)acc (%):   0.64
2024-05-29 07:34:28,925 - INFO -  Top 3	LocEnc (Epoch 80)acc (%):   1.92
2024-05-29 07:34:28,927 - INFO -  Top 5	LocEnc (Epoch 80)acc (%):   3.13
2024-05-29 07:34:28,928 - INFO -  Top 10	LocEnc (Epoch 80)acc (%):   5.84
2024-05-29 07:34:29,065 - INFO - 
No prior
2024-05-29 07:34:29,347 - INFO - (24426,)
2024-05-29 07:34:40,156 - INFO -  Split ID: 0
2024-05-29 07:34:40,156 - INFO -  Top 1	(Epoch 80)acc (%):   60.2
2024-05-29 07:34:40,157 - INFO -  Top 3	(Epoch 80)acc (%):   77.9
2024-05-29 07:34:40,157 - INFO -  Top 5	(Epoch 80)acc (%):   83.29
2024-05-29 07:34:40,157 - INFO -  Top 10	(Epoch 80)acc (%):   88.5
2024-05-29 07:35:23,832 - INFO -  Split ID: 0
2024-05-29 07:35:23,832 - INFO -  Top 1	(Epoch 80)acc (%):   72.01
2024-05-29 07:35:23,832 - INFO -  Top 3	(Epoch 80)acc (%):   86.89
2024-05-29 07:35:23,832 - INFO -  Top 5	(Epoch 80)acc (%):   90.37
2024-05-29 07:35:23,833 - INFO -  Top 10	(Epoch 80)acc (%):   93.56
2024-05-29 07:36:07,487 - INFO -  Split ID: 0
2024-05-29 07:36:07,487 - INFO -  Top 1	(Epoch 80)acc (%):   72.01
2024-05-29 07:36:07,487 - INFO - for optuna top1: 72.01
2024-05-29 07:36:07,487 - INFO -  Top 3	(Epoch 80)acc (%):   86.89
2024-05-29 07:36:07,487 - INFO -  Top 5	(Epoch 80)acc (%):   90.37
2024-05-29 07:36:07,487 - INFO -  Top 10	(Epoch 80)acc (%):   93.56
2024-05-29 07:36:07,498 - INFO - 
Epoch	81
2024-05-29 07:37:38,829 - INFO - [51200/436063]	Loss  : 0.4031
2024-05-29 07:39:08,337 - INFO - [102400/436063]	Loss  : 0.4040
2024-05-29 07:40:37,360 - INFO - [153600/436063]	Loss  : 0.4052
2024-05-29 07:42:06,472 - INFO - [204800/436063]	Loss  : 0.4055
2024-05-29 07:43:35,605 - INFO - [256000/436063]	Loss  : 0.4058
2024-05-29 07:43:45,641 - INFO - [262144/436063]	Loss  : 0.4059
2024-05-29 07:44:27,868 - INFO - Test loss   : 0.2269
2024-05-29 07:44:27,868 - INFO - 
Epoch	82
2024-05-29 07:45:59,192 - INFO - [51200/436063]	Loss  : 0.4066
2024-05-29 07:47:28,574 - INFO - [102400/436063]	Loss  : 0.4051
2024-05-29 07:49:01,248 - INFO - [153600/436063]	Loss  : 0.4057
2024-05-29 07:50:30,334 - INFO - [204800/436063]	Loss  : 0.4061
2024-05-29 07:51:59,428 - INFO - [256000/436063]	Loss  : 0.4062
2024-05-29 07:52:09,524 - INFO - [262144/436063]	Loss  : 0.4062
2024-05-29 07:52:51,532 - INFO - Test loss   : 0.2347
2024-05-29 07:52:51,532 - INFO - 
Epoch	83
2024-05-29 07:54:22,904 - INFO - [51200/436063]	Loss  : 0.4011
2024-05-29 07:55:52,316 - INFO - [102400/436063]	Loss  : 0.4026
2024-05-29 07:57:21,446 - INFO - [153600/436063]	Loss  : 0.4038
2024-05-29 07:58:50,713 - INFO - [204800/436063]	Loss  : 0.4041
2024-05-29 08:00:19,938 - INFO - [256000/436063]	Loss  : 0.4046
2024-05-29 08:00:29,953 - INFO - [262144/436063]	Loss  : 0.4045
2024-05-29 08:01:11,838 - INFO - Test loss   : 0.2341
2024-05-29 08:01:11,838 - INFO - 
Epoch	84
2024-05-29 08:02:42,880 - INFO - [51200/436063]	Loss  : 0.4050
2024-05-29 08:04:12,116 - INFO - [102400/436063]	Loss  : 0.4050
2024-05-29 08:05:41,236 - INFO - [153600/436063]	Loss  : 0.4047
2024-05-29 08:07:10,634 - INFO - [204800/436063]	Loss  : 0.4049
2024-05-29 08:08:43,652 - INFO - [256000/436063]	Loss  : 0.4048
2024-05-29 08:08:53,736 - INFO - [262144/436063]	Loss  : 0.4050
2024-05-29 08:09:35,863 - INFO - Test loss   : 0.2288
2024-05-29 08:09:35,863 - INFO - 
Epoch	85
2024-05-29 08:11:07,154 - INFO - [51200/436063]	Loss  : 0.4035
2024-05-29 08:12:36,035 - INFO - [102400/436063]	Loss  : 0.4036
2024-05-29 08:14:05,009 - INFO - [153600/436063]	Loss  : 0.4037
2024-05-29 08:15:33,980 - INFO - [204800/436063]	Loss  : 0.4041
2024-05-29 08:17:03,520 - INFO - [256000/436063]	Loss  : 0.4045
2024-05-29 08:17:13,477 - INFO - [262144/436063]	Loss  : 0.4046
2024-05-29 08:17:55,543 - INFO - Test loss   : 0.2287
2024-05-29 08:17:55,544 - INFO - 
Epoch	86
2024-05-29 08:19:26,920 - INFO - [51200/436063]	Loss  : 0.4007
2024-05-29 08:20:56,092 - INFO - [102400/436063]	Loss  : 0.4024
2024-05-29 08:22:25,442 - INFO - [153600/436063]	Loss  : 0.4032
2024-05-29 08:23:54,671 - INFO - [204800/436063]	Loss  : 0.4038
2024-05-29 08:25:24,194 - INFO - [256000/436063]	Loss  : 0.4043
2024-05-29 08:25:34,248 - INFO - [262144/436063]	Loss  : 0.4042
2024-05-29 08:26:17,082 - INFO - Test loss   : 0.2264
2024-05-29 08:26:17,082 - INFO - 
Epoch	87
2024-05-29 08:27:51,388 - INFO - [51200/436063]	Loss  : 0.4005
2024-05-29 08:29:20,719 - INFO - [102400/436063]	Loss  : 0.4016
2024-05-29 08:30:49,763 - INFO - [153600/436063]	Loss  : 0.4026
2024-05-29 08:32:18,750 - INFO - [204800/436063]	Loss  : 0.4030
2024-05-29 08:33:45,520 - INFO - [256000/436063]	Loss  : 0.4035
2024-05-29 08:33:55,608 - INFO - [262144/436063]	Loss  : 0.4035
2024-05-29 08:34:37,629 - INFO - Test loss   : 0.2309
2024-05-29 08:34:37,629 - INFO - 
Epoch	88
2024-05-29 08:36:09,058 - INFO - [51200/436063]	Loss  : 0.4027
2024-05-29 08:37:38,510 - INFO - [102400/436063]	Loss  : 0.4027
2024-05-29 08:39:07,411 - INFO - [153600/436063]	Loss  : 0.4031
2024-05-29 08:40:36,491 - INFO - [204800/436063]	Loss  : 0.4036
2024-05-29 08:42:05,557 - INFO - [256000/436063]	Loss  : 0.4036
2024-05-29 08:42:15,579 - INFO - [262144/436063]	Loss  : 0.4037
2024-05-29 08:42:57,577 - INFO - Test loss   : 0.2310
2024-05-29 08:42:57,577 - INFO - 
Epoch	89
2024-05-29 08:44:28,663 - INFO - [51200/436063]	Loss  : 0.4027
2024-05-29 08:46:00,670 - INFO - [102400/436063]	Loss  : 0.4026
2024-05-29 08:47:30,589 - INFO - [153600/436063]	Loss  : 0.4029
2024-05-29 08:48:58,645 - INFO - [204800/436063]	Loss  : 0.4038
2024-05-29 08:50:24,217 - INFO - [256000/436063]	Loss  : 0.4039
2024-05-29 08:50:34,504 - INFO - [262144/436063]	Loss  : 0.4039
2024-05-29 08:51:17,059 - INFO - Test loss   : 0.2336
2024-05-29 08:51:17,059 - INFO - 
Epoch	90
2024-05-29 08:52:48,125 - INFO - [51200/436063]	Loss  : 0.4004
2024-05-29 08:54:17,424 - INFO - [102400/436063]	Loss  : 0.4017
2024-05-29 08:55:43,548 - INFO - [153600/436063]	Loss  : 0.4016
2024-05-29 08:57:11,167 - INFO - [204800/436063]	Loss  : 0.4022
2024-05-29 08:58:40,982 - INFO - [256000/436063]	Loss  : 0.4026
2024-05-29 08:58:50,973 - INFO - [262144/436063]	Loss  : 0.4028
2024-05-29 08:59:32,950 - INFO - Test loss   : 0.2274
2024-05-29 08:59:34,029 - INFO - (24343,)
2024-05-29 08:59:57,737 - INFO -  Split ID: 0
2024-05-29 08:59:57,747 - INFO -  Top 1	LocEnc (Epoch 90)acc (%):   0.69
2024-05-29 08:59:57,748 - INFO -  Top 3	LocEnc (Epoch 90)acc (%):   1.98
2024-05-29 08:59:57,748 - INFO -  Top 5	LocEnc (Epoch 90)acc (%):   3.2
2024-05-29 08:59:57,749 - INFO -  Top 10	LocEnc (Epoch 90)acc (%):   6.17
2024-05-29 08:59:57,881 - INFO - 
No prior
2024-05-29 08:59:58,170 - INFO - (24426,)
2024-05-29 09:00:09,724 - INFO -  Split ID: 0
2024-05-29 09:00:09,725 - INFO -  Top 1	(Epoch 90)acc (%):   60.2
2024-05-29 09:00:09,725 - INFO -  Top 3	(Epoch 90)acc (%):   77.9
2024-05-29 09:00:09,725 - INFO -  Top 5	(Epoch 90)acc (%):   83.29
2024-05-29 09:00:09,725 - INFO -  Top 10	(Epoch 90)acc (%):   88.5
2024-05-29 09:00:53,460 - INFO -  Split ID: 0
2024-05-29 09:00:53,461 - INFO -  Top 1	(Epoch 90)acc (%):   71.99
2024-05-29 09:00:53,461 - INFO -  Top 3	(Epoch 90)acc (%):   86.9
2024-05-29 09:00:53,461 - INFO -  Top 5	(Epoch 90)acc (%):   90.37
2024-05-29 09:00:53,461 - INFO -  Top 10	(Epoch 90)acc (%):   93.6
2024-05-29 09:01:37,228 - INFO -  Split ID: 0
2024-05-29 09:01:37,228 - INFO -  Top 1	(Epoch 90)acc (%):   71.99
2024-05-29 09:01:37,228 - INFO - for optuna top1: 71.99
2024-05-29 09:01:37,229 - INFO -  Top 3	(Epoch 90)acc (%):   86.9
2024-05-29 09:01:37,229 - INFO -  Top 5	(Epoch 90)acc (%):   90.37
2024-05-29 09:01:37,229 - INFO -  Top 10	(Epoch 90)acc (%):   93.6
2024-05-29 09:01:37,247 - INFO - 
Epoch	91
2024-05-29 09:03:08,252 - INFO - [51200/436063]	Loss  : 0.4012
2024-05-29 09:04:39,359 - INFO - [102400/436063]	Loss  : 0.4015
2024-05-29 09:06:10,547 - INFO - [153600/436063]	Loss  : 0.4018
2024-05-29 09:07:39,808 - INFO - [204800/436063]	Loss  : 0.4023
2024-05-29 09:09:09,470 - INFO - [256000/436063]	Loss  : 0.4030
2024-05-29 09:09:19,517 - INFO - [262144/436063]	Loss  : 0.4030
2024-05-29 09:10:01,643 - INFO - Test loss   : 0.2245
2024-05-29 09:10:01,644 - INFO - 
Epoch	92
2024-05-29 09:11:32,853 - INFO - [51200/436063]	Loss  : 0.4025
2024-05-29 09:13:01,475 - INFO - [102400/436063]	Loss  : 0.4024
2024-05-29 09:14:28,750 - INFO - [153600/436063]	Loss  : 0.4031
2024-05-29 09:15:57,952 - INFO - [204800/436063]	Loss  : 0.4032
2024-05-29 09:17:27,355 - INFO - [256000/436063]	Loss  : 0.4030
2024-05-29 09:17:37,500 - INFO - [262144/436063]	Loss  : 0.4031
2024-05-29 09:18:19,576 - INFO - Test loss   : 0.2372
2024-05-29 09:18:19,576 - INFO - 
Epoch	93
2024-05-29 09:19:50,774 - INFO - [51200/436063]	Loss  : 0.4021
2024-05-29 09:21:20,083 - INFO - [102400/436063]	Loss  : 0.4016
2024-05-29 09:22:49,105 - INFO - [153600/436063]	Loss  : 0.4012
2024-05-29 09:24:21,813 - INFO - [204800/436063]	Loss  : 0.4014
2024-05-29 09:25:51,043 - INFO - [256000/436063]	Loss  : 0.4020
2024-05-29 09:26:01,092 - INFO - [262144/436063]	Loss  : 0.4022
2024-05-29 09:26:43,231 - INFO - Test loss   : 0.2310
2024-05-29 09:26:43,232 - INFO - 
Epoch	94
2024-05-29 09:28:14,433 - INFO - [51200/436063]	Loss  : 0.4030
2024-05-29 09:29:43,774 - INFO - [102400/436063]	Loss  : 0.4019
2024-05-29 09:31:12,951 - INFO - [153600/436063]	Loss  : 0.4026
2024-05-29 09:32:42,360 - INFO - [204800/436063]	Loss  : 0.4024
2024-05-29 09:34:11,699 - INFO - [256000/436063]	Loss  : 0.4023
2024-05-29 09:34:21,864 - INFO - [262144/436063]	Loss  : 0.4023
2024-05-29 09:35:03,747 - INFO - Test loss   : 0.2302
2024-05-29 09:35:03,748 - INFO - 
Epoch	95
2024-05-29 09:36:35,136 - INFO - [51200/436063]	Loss  : 0.4023
2024-05-29 09:38:04,618 - INFO - [102400/436063]	Loss  : 0.4021
2024-05-29 09:39:33,556 - INFO - [153600/436063]	Loss  : 0.4021
2024-05-29 09:41:03,180 - INFO - [204800/436063]	Loss  : 0.4024
2024-05-29 09:42:33,447 - INFO - [256000/436063]	Loss  : 0.4021
2024-05-29 09:42:44,292 - INFO - [262144/436063]	Loss  : 0.4021
2024-05-29 09:43:28,910 - INFO - Test loss   : 0.2306
2024-05-29 09:43:28,910 - INFO - 
Epoch	96
2024-05-29 09:45:00,046 - INFO - [51200/436063]	Loss  : 0.3997
2024-05-29 09:46:29,612 - INFO - [102400/436063]	Loss  : 0.4000
2024-05-29 09:47:59,022 - INFO - [153600/436063]	Loss  : 0.4007
2024-05-29 09:49:28,358 - INFO - [204800/436063]	Loss  : 0.4010
2024-05-29 09:50:57,857 - INFO - [256000/436063]	Loss  : 0.4015
2024-05-29 09:51:08,073 - INFO - [262144/436063]	Loss  : 0.4015
2024-05-29 09:51:50,215 - INFO - Test loss   : 0.2348
2024-05-29 09:51:50,215 - INFO - 
Epoch	97
2024-05-29 09:53:21,704 - INFO - [51200/436063]	Loss  : 0.4000
2024-05-29 09:54:49,536 - INFO - [102400/436063]	Loss  : 0.3991
2024-05-29 09:56:18,387 - INFO - [153600/436063]	Loss  : 0.4000
2024-05-29 09:57:47,667 - INFO - [204800/436063]	Loss  : 0.4005
2024-05-29 09:59:17,187 - INFO - [256000/436063]	Loss  : 0.4005
2024-05-29 09:59:27,383 - INFO - [262144/436063]	Loss  : 0.4006
2024-05-29 10:00:09,267 - INFO - Test loss   : 0.2338
2024-05-29 10:00:09,267 - INFO - 
Epoch	98
2024-05-29 10:01:40,699 - INFO - [51200/436063]	Loss  : 0.3992
2024-05-29 10:03:13,759 - INFO - [102400/436063]	Loss  : 0.4001
2024-05-29 10:04:42,749 - INFO - [153600/436063]	Loss  : 0.4005
2024-05-29 10:06:09,896 - INFO - [204800/436063]	Loss  : 0.4009
2024-05-29 10:07:40,046 - INFO - [256000/436063]	Loss  : 0.4014
2024-05-29 10:07:48,690 - INFO - [262144/436063]	Loss  : 0.4014
2024-05-29 10:08:24,654 - INFO - Test loss   : 0.2304
2024-05-29 10:08:24,658 - INFO - 
Epoch	99
2024-05-29 10:09:43,274 - INFO - [51200/436063]	Loss  : 0.4005
2024-05-29 10:10:59,811 - INFO - [102400/436063]	Loss  : 0.4002
2024-05-29 10:12:13,965 - INFO - [153600/436063]	Loss  : 0.4001
2024-05-29 10:13:29,212 - INFO - [204800/436063]	Loss  : 0.3999
2024-05-29 10:14:32,702 - INFO - [256000/436063]	Loss  : 0.4003
2024-05-29 10:14:39,898 - INFO - [262144/436063]	Loss  : 0.4003
2024-05-29 10:15:09,726 - INFO - Test loss   : 0.2335
2024-05-29 10:15:09,727 - INFO - Saving output model to ../models/sphere2vec_sphereMplus/model_inat_2018_Sphere2Vec-sphereM+_0.0005_64_0.0010000_1_1024_leakyrelu.pth.tar
2024-05-29 10:15:09,848 - INFO - Saving output model to ../models/sphere2vec_sphereMplus/model_inat_2018_Sphere2Vec-sphereM+_0.0005_64_0.0010000_1_1024_leakyrelu.pth.tar
2024-05-29 10:15:10,081 - INFO - 
No prior
2024-05-29 10:15:10,328 - INFO - (24426,)
2024-05-29 10:15:21,463 - INFO -  Split ID: 0
2024-05-29 10:15:21,463 - INFO -  Top 1	acc (%):   60.2
2024-05-29 10:15:21,463 - INFO -  Top 3	acc (%):   77.9
2024-05-29 10:15:21,463 - INFO -  Top 5	acc (%):   83.29
2024-05-29 10:15:21,463 - INFO -  Top 10	acc (%):   88.5
2024-05-29 10:15:54,229 - INFO -  Split ID: 0
2024-05-29 10:15:54,229 - INFO -  Top 1	acc (%):   72.06
2024-05-29 10:15:54,229 - INFO -  Top 3	acc (%):   86.94
2024-05-29 10:15:54,229 - INFO -  Top 5	acc (%):   90.34
2024-05-29 10:15:54,229 - INFO -  Top 10	acc (%):   93.6
2024-05-29 10:16:26,867 - INFO -  Split ID: 0
2024-05-29 10:16:26,867 - INFO -  Top 1	acc (%):   72.06
2024-05-29 10:16:26,867 - INFO - for optuna top1: 72.06
2024-05-29 10:16:26,867 - INFO -  Top 3	acc (%):   86.94
2024-05-29 10:16:26,867 - INFO -  Top 5	acc (%):   90.34
2024-05-29 10:16:26,867 - INFO -  Top 10	acc (%):   93.6
2024-05-29 10:16:26,879 - INFO - 
Sphere2Vec-sphereM+
2024-05-29 10:16:26,879 - INFO -  Model :	model_inat_2018_Sphere2Vec-sphereM+_0.0005_64_0.0010000_1_1024_leakyrelu.pth.tar
2024-05-29 10:16:27,891 - INFO - (24343,)
2024-05-29 10:16:50,779 - INFO -  Split ID: 0
2024-05-29 10:16:50,789 - INFO -  Top 1	LocEnc acc (%):   0.63
2024-05-29 10:16:50,790 - INFO -  Top 3	LocEnc acc (%):   2.02
2024-05-29 10:16:50,791 - INFO -  Top 5	LocEnc acc (%):   3.21
2024-05-29 10:16:50,792 - INFO -  Top 10	LocEnc acc (%):   6.25
2024-05-30 20:34:07,651 - INFO - 
num_classes	8142
2024-05-30 20:34:07,662 - INFO - num train    	436063
2024-05-30 20:34:07,662 - INFO - num val      	24343
2024-05-30 20:34:07,662 - INFO - train loss   	full_loss
2024-05-30 20:34:07,662 - INFO - model name   	../models/sphere2vec_sphereMplus/model_inat_2018_Sphere2Vec-sphereM+_0.0005_64_0.0010000_1_1024_leakyrelu.pth.tar
2024-05-30 20:34:07,662 - INFO - num users    	18643
2024-05-30 20:34:07,972 - INFO - 
Only Sphere2Vec-sphereM+
2024-05-30 20:34:07,972 - INFO -  Model :	model_inat_2018_Sphere2Vec-sphereM+_0.0005_64_0.0010000_1_1024_leakyrelu.pth.tar
2024-05-30 20:34:08,316 - INFO - Saving output model to ../models/sphere2vec_sphereMplus/model_inat_2018_Sphere2Vec-sphereM+_0.0005_64_0.0010000_1_1024_leakyrelu.pth.tar
2024-05-30 20:34:08,693 - INFO - Saving output model to ../models/sphere2vec_sphereMplus/model_inat_2018_Sphere2Vec-sphereM+_0.0005_64_0.0010000_1_1024_leakyrelu.pth.tar
2024-05-30 20:34:09,083 - INFO - 
No prior
2024-05-30 20:34:09,311 - INFO - (24426,)
2024-05-30 20:34:26,622 - INFO - Save results to ../eval_results/eval_inat_2018__val_no_prior.csv
2024-05-30 20:34:26,622 - INFO -  Split ID: 0
2024-05-30 20:34:26,622 - INFO -  Top 1	acc (%):   60.2
2024-05-30 20:34:26,622 - INFO -  Top 3	acc (%):   77.9
2024-05-30 20:34:26,622 - INFO -  Top 5	acc (%):   83.29
2024-05-30 20:34:26,622 - INFO -  Top 10	acc (%):   88.5
2024-05-30 20:34:52,569 - INFO -  Split ID: 0
2024-05-30 20:34:52,569 - INFO -  Top 1	hit (%):   72.06
2024-05-30 20:34:52,570 - INFO -  Top 3	hit (%):   86.94
2024-05-30 20:34:52,570 - INFO -  Top 5	hit (%):   90.34
2024-05-30 20:34:52,570 - INFO -  Top 10	hit (%):   93.6
2024-05-30 20:34:52,575 - INFO - 
Only Sphere2Vec-sphereM+
2024-05-30 20:34:52,575 - INFO -  Model :	model_inat_2018_Sphere2Vec-sphereM+_0.0005_64_0.0010000_1_1024_leakyrelu.pth.tar
2024-05-30 20:34:53,361 - INFO - (24343,)
2024-05-30 20:35:13,341 - INFO -  Split ID: 0
2024-05-30 20:35:13,349 - INFO -  Top 1	LocEnc acc (%):   0.63
2024-05-30 20:35:13,350 - INFO -  Top 3	LocEnc acc (%):   2.02
2024-05-30 20:35:13,351 - INFO -  Top 5	LocEnc acc (%):   3.21
2024-05-30 20:35:13,351 - INFO -  Top 10	LocEnc acc (%):   6.25
