2024-05-23 22:34:06,248 - INFO - 
num_classes	500
2024-05-23 22:34:06,248 - INFO - num train    	42490
2024-05-23 22:34:06,248 - INFO - num val      	980
2024-05-23 22:34:06,248 - INFO - train loss   	full_loss
2024-05-23 22:34:06,248 - INFO - model name   	../models/xyz/model_birdsnap_ebird_meta_xyz_inception_v3_0.0020_32_0.0003000_2_512.pth.tar
2024-05-23 22:34:06,248 - INFO - num users    	5763
2024-05-23 22:34:06,249 - INFO - meta data    	ebird_meta
2024-05-23 22:34:06,437 - INFO - 
Epoch	0
2024-05-23 22:34:08,564 - INFO - [41984/42490]	Loss  : 1.6804
2024-05-23 22:34:08,601 - INFO - Test loss   : 0.7009
2024-05-23 22:34:08,602 - INFO - 
Epoch	1
2024-05-23 22:34:10,369 - INFO - [41984/42490]	Loss  : 1.3883
2024-05-23 22:34:10,405 - INFO - Test loss   : 0.7049
2024-05-23 22:34:10,405 - INFO - 
Epoch	2
2024-05-23 22:34:12,272 - INFO - [41984/42490]	Loss  : 1.3748
2024-05-23 22:34:12,308 - INFO - Test loss   : 0.7083
2024-05-23 22:34:12,309 - INFO - 
Epoch	3
2024-05-23 22:34:14,163 - INFO - [41984/42490]	Loss  : 1.3199
2024-05-23 22:34:14,199 - INFO - Test loss   : 0.6069
2024-05-23 22:34:14,199 - INFO - 
Epoch	4
2024-05-23 22:34:15,959 - INFO - [41984/42490]	Loss  : 1.2136
2024-05-23 22:34:15,996 - INFO - Test loss   : 0.5018
2024-05-23 22:34:15,996 - INFO - 
Epoch	5
2024-05-23 22:34:17,762 - INFO - [41984/42490]	Loss  : 1.1158
2024-05-23 22:34:17,798 - INFO - Test loss   : 0.4484
2024-05-23 22:34:17,798 - INFO - 
Epoch	6
2024-05-23 22:34:19,568 - INFO - [41984/42490]	Loss  : 1.0644
2024-05-23 22:34:19,604 - INFO - Test loss   : 0.4284
2024-05-23 22:34:19,604 - INFO - 
Epoch	7
2024-05-23 22:34:21,461 - INFO - [41984/42490]	Loss  : 1.0306
2024-05-23 22:34:21,497 - INFO - Test loss   : 0.4138
2024-05-23 22:34:21,497 - INFO - 
Epoch	8
2024-05-23 22:34:23,349 - INFO - [41984/42490]	Loss  : 1.0093
2024-05-23 22:34:23,385 - INFO - Test loss   : 0.4016
2024-05-23 22:34:23,385 - INFO - 
Epoch	9
2024-05-23 22:34:25,255 - INFO - [41984/42490]	Loss  : 0.9912
2024-05-23 22:34:25,290 - INFO - Test loss   : 0.3952
2024-05-23 22:34:25,291 - INFO - 
Epoch	10
2024-05-23 22:34:27,140 - INFO - [41984/42490]	Loss  : 0.9715
2024-05-23 22:34:27,176 - INFO - Test loss   : 0.3891
2024-05-23 22:34:27,186 - INFO - (980,)
2024-05-23 22:34:27,222 - INFO -  Split ID: 0
2024-05-23 22:34:27,222 - INFO -  Top 1	LocEnc (Epoch 10)acc (%):   2.96
2024-05-23 22:34:27,223 - INFO -  Top 3	LocEnc (Epoch 10)acc (%):   8.27
2024-05-23 22:34:27,223 - INFO -  Top 5	LocEnc (Epoch 10)acc (%):   13.47
2024-05-23 22:34:27,223 - INFO -  Top 10	LocEnc (Epoch 10)acc (%):   20.1
2024-05-23 22:34:27,223 - INFO - 
No prior
2024-05-23 22:34:27,224 - INFO - (2262,)
2024-05-23 22:34:27,275 - INFO -  Split ID: 0
2024-05-23 22:34:27,275 - INFO -  Top 1	(Epoch 10)acc (%):   70.07
2024-05-23 22:34:27,275 - INFO -  Top 3	(Epoch 10)acc (%):   86.6
2024-05-23 22:34:27,275 - INFO -  Top 5	(Epoch 10)acc (%):   90.05
2024-05-23 22:34:27,275 - INFO -  Top 10	(Epoch 10)acc (%):   92.88
2024-05-23 22:34:28,186 - INFO -  Split ID: 0
2024-05-23 22:34:28,186 - INFO -  Top 1	(Epoch 10)acc (%):   77.28
2024-05-23 22:34:28,187 - INFO -  Top 3	(Epoch 10)acc (%):   90.45
2024-05-23 22:34:28,187 - INFO -  Top 5	(Epoch 10)acc (%):   92.88
2024-05-23 22:34:28,187 - INFO -  Top 10	(Epoch 10)acc (%):   95.4
2024-05-23 22:34:28,187 - INFO - 
Epoch	11
2024-05-23 22:34:30,166 - INFO - [41984/42490]	Loss  : 0.9587
2024-05-23 22:34:30,202 - INFO - Test loss   : 0.3766
2024-05-23 22:34:30,202 - INFO - 
Epoch	12
2024-05-23 22:34:31,961 - INFO - [41984/42490]	Loss  : 0.9485
2024-05-23 22:34:31,997 - INFO - Test loss   : 0.3765
2024-05-23 22:34:31,997 - INFO - 
Epoch	13
2024-05-23 22:34:33,870 - INFO - [41984/42490]	Loss  : 0.9384
2024-05-23 22:34:33,906 - INFO - Test loss   : 0.3722
2024-05-23 22:34:33,906 - INFO - 
Epoch	14
2024-05-23 22:34:35,800 - INFO - [41984/42490]	Loss  : 0.9280
2024-05-23 22:34:35,836 - INFO - Test loss   : 0.3751
2024-05-23 22:34:35,836 - INFO - 
Epoch	15
2024-05-23 22:34:37,596 - INFO - [41984/42490]	Loss  : 0.9204
2024-05-23 22:34:37,632 - INFO - Test loss   : 0.3769
2024-05-23 22:34:37,632 - INFO - 
Epoch	16
2024-05-23 22:34:39,611 - INFO - [41984/42490]	Loss  : 0.9122
2024-05-23 22:34:39,647 - INFO - Test loss   : 0.3669
2024-05-23 22:34:39,647 - INFO - 
Epoch	17
2024-05-23 22:34:41,504 - INFO - [41984/42490]	Loss  : 0.9077
2024-05-23 22:34:41,540 - INFO - Test loss   : 0.3666
2024-05-23 22:34:41,540 - INFO - 
Epoch	18
2024-05-23 22:34:43,322 - INFO - [41984/42490]	Loss  : 0.9011
2024-05-23 22:34:43,422 - INFO - Test loss   : 0.3646
2024-05-23 22:34:43,468 - INFO - 
Epoch	19
2024-05-23 22:34:45,310 - INFO - [41984/42490]	Loss  : 0.8928
2024-05-23 22:34:45,346 - INFO - Test loss   : 0.3762
2024-05-23 22:34:45,346 - INFO - 
Epoch	20
2024-05-23 22:34:47,087 - INFO - [41984/42490]	Loss  : 0.8913
2024-05-23 22:34:47,123 - INFO - Test loss   : 0.3738
2024-05-23 22:34:47,125 - INFO - (980,)
2024-05-23 22:34:47,158 - INFO -  Split ID: 0
2024-05-23 22:34:47,159 - INFO -  Top 1	LocEnc (Epoch 20)acc (%):   4.08
2024-05-23 22:34:47,159 - INFO -  Top 3	LocEnc (Epoch 20)acc (%):   9.49
2024-05-23 22:34:47,159 - INFO -  Top 5	LocEnc (Epoch 20)acc (%):   13.57
2024-05-23 22:34:47,159 - INFO -  Top 10	LocEnc (Epoch 20)acc (%):   22.65
2024-05-23 22:34:47,159 - INFO - 
No prior
2024-05-23 22:34:47,160 - INFO - (2262,)
2024-05-23 22:34:47,210 - INFO -  Split ID: 0
2024-05-23 22:34:47,210 - INFO -  Top 1	(Epoch 20)acc (%):   70.07
2024-05-23 22:34:47,211 - INFO -  Top 3	(Epoch 20)acc (%):   86.6
2024-05-23 22:34:47,211 - INFO -  Top 5	(Epoch 20)acc (%):   90.05
2024-05-23 22:34:47,211 - INFO -  Top 10	(Epoch 20)acc (%):   92.88
2024-05-23 22:34:48,217 - INFO -  Split ID: 0
2024-05-23 22:34:48,217 - INFO -  Top 1	(Epoch 20)acc (%):   78.6
2024-05-23 22:34:48,217 - INFO -  Top 3	(Epoch 20)acc (%):   90.67
2024-05-23 22:34:48,217 - INFO -  Top 5	(Epoch 20)acc (%):   93.1
2024-05-23 22:34:48,217 - INFO -  Top 10	(Epoch 20)acc (%):   95.67
2024-05-23 22:34:48,217 - INFO - 
Epoch	21
2024-05-23 22:34:50,072 - INFO - [41984/42490]	Loss  : 0.8842
2024-05-23 22:34:50,151 - INFO - Test loss   : 0.3631
2024-05-23 22:34:50,151 - INFO - 
Epoch	22
2024-05-23 22:34:51,862 - INFO - [41984/42490]	Loss  : 0.8823
2024-05-23 22:34:51,942 - INFO - Test loss   : 0.3585
2024-05-23 22:34:51,943 - INFO - 
Epoch	23
2024-05-23 22:34:53,696 - INFO - [41984/42490]	Loss  : 0.8783
2024-05-23 22:34:53,732 - INFO - Test loss   : 0.3590
2024-05-23 22:34:53,732 - INFO - 
Epoch	24
2024-05-23 22:34:55,693 - INFO - [41984/42490]	Loss  : 0.8726
2024-05-23 22:34:55,729 - INFO - Test loss   : 0.3599
2024-05-23 22:34:55,729 - INFO - 
Epoch	25
2024-05-23 22:34:57,489 - INFO - [41984/42490]	Loss  : 0.8712
2024-05-23 22:34:57,525 - INFO - Test loss   : 0.3618
2024-05-23 22:34:57,529 - INFO - 
Epoch	26
2024-05-23 22:34:59,497 - INFO - [41984/42490]	Loss  : 0.8678
2024-05-23 22:34:59,533 - INFO - Test loss   : 0.3558
2024-05-23 22:34:59,533 - INFO - 
Epoch	27
2024-05-23 22:35:01,508 - INFO - [41984/42490]	Loss  : 0.8668
2024-05-23 22:35:01,544 - INFO - Test loss   : 0.3575
2024-05-23 22:35:01,544 - INFO - 
Epoch	28
2024-05-23 22:35:03,288 - INFO - [41984/42490]	Loss  : 0.8622
2024-05-23 22:35:03,325 - INFO - Test loss   : 0.3557
2024-05-23 22:35:03,325 - INFO - 
Epoch	29
2024-05-23 22:35:05,094 - INFO - [41984/42490]	Loss  : 0.8608
2024-05-23 22:35:05,130 - INFO - Test loss   : 0.3534
2024-05-23 22:35:05,130 - INFO - Saving output model to ../models/xyz/model_birdsnap_ebird_meta_xyz_inception_v3_0.0020_32_0.0003000_2_512.pth.tar
2024-05-23 22:35:05,148 - INFO - Saving output model to ../models/xyz/model_birdsnap_ebird_meta_xyz_inception_v3_0.0020_32_0.0003000_2_512.pth.tar
2024-05-23 22:35:05,200 - INFO - 
No prior
2024-05-23 22:35:05,201 - INFO - (2262,)
2024-05-23 22:35:05,250 - INFO -  Split ID: 0
2024-05-23 22:35:05,250 - INFO -  Top 1	acc (%):   70.07
2024-05-23 22:35:05,250 - INFO -  Top 3	acc (%):   86.6
2024-05-23 22:35:05,250 - INFO -  Top 5	acc (%):   90.05
2024-05-23 22:35:05,250 - INFO -  Top 10	acc (%):   92.88
2024-05-23 22:35:06,164 - INFO -  Split ID: 0
2024-05-23 22:35:06,164 - INFO -  Top 1	acc (%):   78.96
2024-05-23 22:35:06,165 - INFO -  Top 3	acc (%):   91.07
2024-05-23 22:35:06,165 - INFO -  Top 5	acc (%):   93.02
2024-05-23 22:35:06,165 - INFO -  Top 10	acc (%):   95.67
2024-05-23 22:35:06,165 - INFO - 
xyz
2024-05-23 22:35:06,165 - INFO -  Model :	model_birdsnap_ebird_meta_xyz_inception_v3_0.0020_32_0.0003000_2_512.pth.tar
2024-05-23 22:35:06,173 - INFO - (980,)
2024-05-23 22:35:06,207 - INFO -  Split ID: 0
2024-05-23 22:35:06,207 - INFO -  Top 1	LocEnc acc (%):   4.08
2024-05-23 22:35:06,207 - INFO -  Top 3	LocEnc acc (%):   10.0
2024-05-23 22:35:06,207 - INFO -  Top 5	LocEnc acc (%):   14.08
2024-05-23 22:35:06,207 - INFO -  Top 10	LocEnc acc (%):   23.78
2024-05-30 15:45:00,154 - INFO - 
num_classes	500
2024-05-30 15:45:00,170 - INFO - num train    	42490
2024-05-30 15:45:00,170 - INFO - num val      	980
2024-05-30 15:45:00,170 - INFO - train loss   	full_loss
2024-05-30 15:45:00,170 - INFO - model name   	../models/xyz/model_birdsnap_ebird_meta_xyz_inception_v3_0.0020_32_0.0003000_2_512.pth.tar
2024-05-30 15:45:00,170 - INFO - num users    	5763
2024-05-30 15:45:00,170 - INFO - meta data    	ebird_meta
2024-05-30 15:45:00,365 - INFO - 
Only xyz
2024-05-30 15:45:00,365 - INFO -  Model :	model_birdsnap_ebird_meta_xyz_inception_v3_0.0020_32_0.0003000_2_512.pth.tar
2024-05-30 15:45:00,515 - INFO - Saving output model to ../models/xyz/model_birdsnap_ebird_meta_xyz_inception_v3_0.0020_32_0.0003000_2_512.pth.tar
2024-05-30 15:45:00,579 - INFO - Saving output model to ../models/xyz/model_birdsnap_ebird_meta_xyz_inception_v3_0.0020_32_0.0003000_2_512.pth.tar
2024-05-30 15:45:00,631 - INFO - 
No prior
2024-05-30 15:45:00,632 - INFO - (2262,)
2024-05-30 15:45:00,750 - INFO - Save results to ../eval_results/eval_birdsnap_ebird_meta_test_no_prior.csv
2024-05-30 15:45:00,750 - INFO -  Split ID: 0
2024-05-30 15:45:00,750 - INFO -  Top 1	acc (%):   70.07
2024-05-30 15:45:00,750 - INFO -  Top 3	acc (%):   86.6
2024-05-30 15:45:00,750 - INFO -  Top 5	acc (%):   90.05
2024-05-30 15:45:00,750 - INFO -  Top 10	acc (%):   92.88
2024-05-30 15:45:02,748 - INFO -  Split ID: 0
2024-05-30 15:45:02,749 - INFO -  Top 1	hit (%):   78.96
2024-05-30 15:45:02,749 - INFO -  Top 3	hit (%):   91.07
2024-05-30 15:45:02,749 - INFO -  Top 5	hit (%):   93.02
2024-05-30 15:45:02,749 - INFO -  Top 10	hit (%):   95.67
2024-05-30 15:45:02,749 - INFO - 
Only xyz
2024-05-30 15:45:02,749 - INFO -  Model :	model_birdsnap_ebird_meta_xyz_inception_v3_0.0020_32_0.0003000_2_512.pth.tar
2024-05-30 15:45:02,779 - INFO - (980,)
2024-05-30 15:45:02,815 - INFO -  Split ID: 0
2024-05-30 15:45:02,815 - INFO -  Top 1	LocEnc acc (%):   4.08
2024-05-30 15:45:02,815 - INFO -  Top 3	LocEnc acc (%):   10.0
2024-05-30 15:45:02,816 - INFO -  Top 5	LocEnc acc (%):   14.08
2024-05-30 15:45:02,816 - INFO -  Top 10	LocEnc acc (%):   23.78
