2024-05-19 02:44:14,979 - INFO - 
num_classes	100
2024-05-19 02:44:14,979 - INFO - num train    	66739
2024-05-19 02:44:14,979 - INFO - num val      	4449
2024-05-19 02:44:14,979 - INFO - train loss   	full_loss
2024-05-19 02:44:14,979 - INFO - model name   	../models/xyz/model_yfcc_xyz_inception_v3_0.0020_64_0.0005000_1_512.pth.tar
2024-05-19 02:44:14,979 - INFO - num users    	1
2024-05-19 02:44:15,161 - INFO - 
Epoch	0
2024-05-19 02:44:17,625 - INFO - [51200/66739]	Loss  : 1.5226
2024-05-19 02:44:18,240 - INFO - [66560/66739]	Loss  : 1.4729
2024-05-19 02:44:18,414 - INFO - Test loss   : 0.5934
2024-05-19 02:44:18,414 - INFO - 
Epoch	1
2024-05-19 02:44:20,656 - INFO - [51200/66739]	Loss  : 1.2795
2024-05-19 02:44:21,317 - INFO - [66560/66739]	Loss  : 1.2771
2024-05-19 02:44:21,490 - INFO - Test loss   : 0.6154
2024-05-19 02:44:21,490 - INFO - 
Epoch	2
2024-05-19 02:44:23,730 - INFO - [51200/66739]	Loss  : 1.2611
2024-05-19 02:44:24,341 - INFO - [66560/66739]	Loss  : 1.2596
2024-05-19 02:44:24,514 - INFO - Test loss   : 0.6241
2024-05-19 02:44:24,514 - INFO - 
Epoch	3
2024-05-19 02:44:26,753 - INFO - [51200/66739]	Loss  : 1.2527
2024-05-19 02:44:27,414 - INFO - [66560/66739]	Loss  : 1.2534
2024-05-19 02:44:27,587 - INFO - Test loss   : 0.6133
2024-05-19 02:44:27,587 - INFO - 
Epoch	4
2024-05-19 02:44:29,825 - INFO - [51200/66739]	Loss  : 1.2500
2024-05-19 02:44:30,439 - INFO - [66560/66739]	Loss  : 1.2491
2024-05-19 02:44:30,612 - INFO - Test loss   : 0.6090
2024-05-19 02:44:30,613 - INFO - 
Epoch	5
2024-05-19 02:44:32,899 - INFO - [51200/66739]	Loss  : 1.2451
2024-05-19 02:44:33,512 - INFO - [66560/66739]	Loss  : 1.2452
2024-05-19 02:44:33,686 - INFO - Test loss   : 0.6028
2024-05-19 02:44:33,686 - INFO - 
Epoch	6
2024-05-19 02:44:35,926 - INFO - [51200/66739]	Loss  : 1.2423
2024-05-19 02:44:36,587 - INFO - [66560/66739]	Loss  : 1.2416
2024-05-19 02:44:36,761 - INFO - Test loss   : 0.6075
2024-05-19 02:44:36,761 - INFO - 
Epoch	7
2024-05-19 02:44:39,001 - INFO - [51200/66739]	Loss  : 1.2390
2024-05-19 02:44:39,616 - INFO - [66560/66739]	Loss  : 1.2394
2024-05-19 02:44:39,790 - INFO - Test loss   : 0.5979
2024-05-19 02:44:39,790 - INFO - 
Epoch	8
2024-05-19 02:44:42,075 - INFO - [51200/66739]	Loss  : 1.2353
2024-05-19 02:44:42,691 - INFO - [66560/66739]	Loss  : 1.2353
2024-05-19 02:44:42,864 - INFO - Test loss   : 0.5983
2024-05-19 02:44:42,864 - INFO - 
Epoch	9
2024-05-19 02:44:45,105 - INFO - [51200/66739]	Loss  : 1.2339
2024-05-19 02:44:45,765 - INFO - [66560/66739]	Loss  : 1.2325
2024-05-19 02:44:45,938 - INFO - Test loss   : 0.5972
2024-05-19 02:44:45,938 - INFO - 
Epoch	10
2024-05-19 02:44:48,183 - INFO - [51200/66739]	Loss  : 1.2299
2024-05-19 02:44:48,797 - INFO - [66560/66739]	Loss  : 1.2293
2024-05-19 02:44:48,970 - INFO - Test loss   : 0.5970
2024-05-19 02:44:48,982 - INFO - (4449,)
2024-05-19 02:44:49,002 - INFO -  Split ID: 0
2024-05-19 02:44:49,003 - INFO -  Top 1	LocEnc (Epoch 10)acc (%):   4.5
2024-05-19 02:44:49,003 - INFO -  Top 3	LocEnc (Epoch 10)acc (%):   11.24
2024-05-19 02:44:49,004 - INFO -  Top 5	LocEnc (Epoch 10)acc (%):   15.94
2024-05-19 02:44:49,004 - INFO -  Top 10	LocEnc (Epoch 10)acc (%):   28.77
2024-05-19 02:44:49,004 - INFO - 
No prior
2024-05-19 02:44:49,006 - INFO - (17798,)
2024-05-19 02:44:49,096 - INFO -  Split ID: 0
2024-05-19 02:44:49,096 - INFO -  Top 1	(Epoch 10)acc (%):   50.15
2024-05-19 02:44:49,096 - INFO -  Top 3	(Epoch 10)acc (%):   73.9
2024-05-19 02:44:49,096 - INFO -  Top 5	(Epoch 10)acc (%):   82.45
2024-05-19 02:44:49,096 - INFO -  Top 10	(Epoch 10)acc (%):   91.06
2024-05-19 02:44:54,721 - INFO -  Split ID: 0
2024-05-19 02:44:54,721 - INFO -  Top 1	(Epoch 10)acc (%):   50.24
2024-05-19 02:44:54,721 - INFO -  Top 3	(Epoch 10)acc (%):   74.18
2024-05-19 02:44:54,722 - INFO -  Top 5	(Epoch 10)acc (%):   82.75
2024-05-19 02:44:54,722 - INFO -  Top 10	(Epoch 10)acc (%):   91.12
2024-05-19 02:44:54,722 - INFO - 
Epoch	11
2024-05-19 02:44:57,013 - INFO - [51200/66739]	Loss  : 1.2276
2024-05-19 02:44:57,629 - INFO - [66560/66739]	Loss  : 1.2276
2024-05-19 02:44:57,803 - INFO - Test loss   : 0.5955
2024-05-19 02:44:57,803 - INFO - 
Epoch	12
2024-05-19 02:45:00,045 - INFO - [51200/66739]	Loss  : 1.2245
2024-05-19 02:45:00,704 - INFO - [66560/66739]	Loss  : 1.2226
2024-05-19 02:45:00,878 - INFO - Test loss   : 0.5860
2024-05-19 02:45:00,878 - INFO - 
Epoch	13
2024-05-19 02:45:03,118 - INFO - [51200/66739]	Loss  : 1.2199
2024-05-19 02:45:03,733 - INFO - [66560/66739]	Loss  : 1.2199
2024-05-19 02:45:03,907 - INFO - Test loss   : 0.5864
2024-05-19 02:45:03,907 - INFO - 
Epoch	14
2024-05-19 02:45:06,189 - INFO - [51200/66739]	Loss  : 1.2154
2024-05-19 02:45:06,803 - INFO - [66560/66739]	Loss  : 1.2168
2024-05-19 02:45:06,977 - INFO - Test loss   : 0.5754
2024-05-19 02:45:06,977 - INFO - 
Epoch	15
2024-05-19 02:45:09,209 - INFO - [51200/66739]	Loss  : 1.2165
2024-05-19 02:45:09,866 - INFO - [66560/66739]	Loss  : 1.2153
2024-05-19 02:45:10,040 - INFO - Test loss   : 0.5782
2024-05-19 02:45:10,040 - INFO - 
Epoch	16
2024-05-19 02:45:12,275 - INFO - [51200/66739]	Loss  : 1.2116
2024-05-19 02:45:12,887 - INFO - [66560/66739]	Loss  : 1.2118
2024-05-19 02:45:13,061 - INFO - Test loss   : 0.5810
2024-05-19 02:45:13,061 - INFO - 
Epoch	17
2024-05-19 02:45:15,342 - INFO - [51200/66739]	Loss  : 1.2093
2024-05-19 02:45:15,956 - INFO - [66560/66739]	Loss  : 1.2091
2024-05-19 02:45:16,130 - INFO - Test loss   : 0.5749
2024-05-19 02:45:16,130 - INFO - 
Epoch	18
2024-05-19 02:45:18,366 - INFO - [51200/66739]	Loss  : 1.2061
2024-05-19 02:45:19,024 - INFO - [66560/66739]	Loss  : 1.2062
2024-05-19 02:45:19,197 - INFO - Test loss   : 0.5725
2024-05-19 02:45:19,197 - INFO - 
Epoch	19
2024-05-19 02:45:21,430 - INFO - [51200/66739]	Loss  : 1.2037
2024-05-19 02:45:22,042 - INFO - [66560/66739]	Loss  : 1.2035
2024-05-19 02:45:22,215 - INFO - Test loss   : 0.5715
2024-05-19 02:45:22,215 - INFO - 
Epoch	20
2024-05-19 02:45:24,496 - INFO - [51200/66739]	Loss  : 1.2006
2024-05-19 02:45:25,108 - INFO - [66560/66739]	Loss  : 1.2016
2024-05-19 02:45:25,281 - INFO - Test loss   : 0.5677
2024-05-19 02:45:25,286 - INFO - (4449,)
2024-05-19 02:45:25,303 - INFO -  Split ID: 0
2024-05-19 02:45:25,305 - INFO -  Top 1	LocEnc (Epoch 20)acc (%):   6.07
2024-05-19 02:45:25,305 - INFO -  Top 3	LocEnc (Epoch 20)acc (%):   13.85
2024-05-19 02:45:25,305 - INFO -  Top 5	LocEnc (Epoch 20)acc (%):   19.35
2024-05-19 02:45:25,306 - INFO -  Top 10	LocEnc (Epoch 20)acc (%):   32.61
2024-05-19 02:45:25,306 - INFO - 
No prior
2024-05-19 02:45:25,308 - INFO - (17798,)
2024-05-19 02:45:25,395 - INFO -  Split ID: 0
2024-05-19 02:45:25,395 - INFO -  Top 1	(Epoch 20)acc (%):   50.15
2024-05-19 02:45:25,395 - INFO -  Top 3	(Epoch 20)acc (%):   73.9
2024-05-19 02:45:25,395 - INFO -  Top 5	(Epoch 20)acc (%):   82.45
2024-05-19 02:45:25,395 - INFO -  Top 10	(Epoch 20)acc (%):   91.06
2024-05-19 02:45:31,013 - INFO -  Split ID: 0
2024-05-19 02:45:31,013 - INFO -  Top 1	(Epoch 20)acc (%):   50.58
2024-05-19 02:45:31,013 - INFO -  Top 3	(Epoch 20)acc (%):   74.5
2024-05-19 02:45:31,014 - INFO -  Top 5	(Epoch 20)acc (%):   83.04
2024-05-19 02:45:31,014 - INFO -  Top 10	(Epoch 20)acc (%):   91.37
2024-05-19 02:45:31,016 - INFO - 
Epoch	21
2024-05-19 02:45:33,251 - INFO - [51200/66739]	Loss  : 1.2003
2024-05-19 02:45:33,909 - INFO - [66560/66739]	Loss  : 1.1994
2024-05-19 02:45:34,083 - INFO - Test loss   : 0.5664
2024-05-19 02:45:34,083 - INFO - 
Epoch	22
2024-05-19 02:45:36,314 - INFO - [51200/66739]	Loss  : 1.1983
2024-05-19 02:45:36,927 - INFO - [66560/66739]	Loss  : 1.1982
2024-05-19 02:45:37,100 - INFO - Test loss   : 0.5707
2024-05-19 02:45:37,100 - INFO - 
Epoch	23
2024-05-19 02:45:39,379 - INFO - [51200/66739]	Loss  : 1.1955
2024-05-19 02:45:39,993 - INFO - [66560/66739]	Loss  : 1.1961
2024-05-19 02:45:40,166 - INFO - Test loss   : 0.5718
2024-05-19 02:45:40,167 - INFO - 
Epoch	24
2024-05-19 02:45:42,400 - INFO - [51200/66739]	Loss  : 1.1938
2024-05-19 02:45:43,058 - INFO - [66560/66739]	Loss  : 1.1938
2024-05-19 02:45:43,231 - INFO - Test loss   : 0.5671
2024-05-19 02:45:43,231 - INFO - 
Epoch	25
2024-05-19 02:45:45,470 - INFO - [51200/66739]	Loss  : 1.1908
2024-05-19 02:45:46,083 - INFO - [66560/66739]	Loss  : 1.1922
2024-05-19 02:45:46,256 - INFO - Test loss   : 0.5649
2024-05-19 02:45:46,256 - INFO - 
Epoch	26
2024-05-19 02:45:48,539 - INFO - [51200/66739]	Loss  : 1.1881
2024-05-19 02:45:49,154 - INFO - [66560/66739]	Loss  : 1.1900
2024-05-19 02:45:49,327 - INFO - Test loss   : 0.5668
2024-05-19 02:45:49,327 - INFO - 
Epoch	27
2024-05-19 02:45:51,561 - INFO - [51200/66739]	Loss  : 1.1888
2024-05-19 02:45:52,219 - INFO - [66560/66739]	Loss  : 1.1906
2024-05-19 02:45:52,393 - INFO - Test loss   : 0.5672
2024-05-19 02:45:52,393 - INFO - 
Epoch	28
2024-05-19 02:45:54,626 - INFO - [51200/66739]	Loss  : 1.1870
2024-05-19 02:45:55,240 - INFO - [66560/66739]	Loss  : 1.1883
2024-05-19 02:45:55,413 - INFO - Test loss   : 0.5624
2024-05-19 02:45:55,413 - INFO - 
Epoch	29
2024-05-19 02:45:57,694 - INFO - [51200/66739]	Loss  : 1.1876
2024-05-19 02:45:58,306 - INFO - [66560/66739]	Loss  : 1.1877
2024-05-19 02:45:58,478 - INFO - Test loss   : 0.5698
2024-05-19 02:45:58,478 - INFO - 
Epoch	30
2024-05-19 02:46:00,715 - INFO - [51200/66739]	Loss  : 1.1862
2024-05-19 02:46:01,373 - INFO - [66560/66739]	Loss  : 1.1865
2024-05-19 02:46:01,546 - INFO - Test loss   : 0.5634
2024-05-19 02:46:01,553 - INFO - (4449,)
2024-05-19 02:46:01,574 - INFO -  Split ID: 0
2024-05-19 02:46:01,575 - INFO -  Top 1	LocEnc (Epoch 30)acc (%):   6.18
2024-05-19 02:46:01,576 - INFO -  Top 3	LocEnc (Epoch 30)acc (%):   15.08
2024-05-19 02:46:01,576 - INFO -  Top 5	LocEnc (Epoch 30)acc (%):   21.89
2024-05-19 02:46:01,576 - INFO -  Top 10	LocEnc (Epoch 30)acc (%):   34.79
2024-05-19 02:46:01,577 - INFO - 
No prior
2024-05-19 02:46:01,579 - INFO - (17798,)
2024-05-19 02:46:01,668 - INFO -  Split ID: 0
2024-05-19 02:46:01,668 - INFO -  Top 1	(Epoch 30)acc (%):   50.15
2024-05-19 02:46:01,668 - INFO -  Top 3	(Epoch 30)acc (%):   73.9
2024-05-19 02:46:01,668 - INFO -  Top 5	(Epoch 30)acc (%):   82.45
2024-05-19 02:46:01,668 - INFO -  Top 10	(Epoch 30)acc (%):   91.06
2024-05-19 02:46:07,280 - INFO -  Split ID: 0
2024-05-19 02:46:07,280 - INFO -  Top 1	(Epoch 30)acc (%):   50.6
2024-05-19 02:46:07,280 - INFO -  Top 3	(Epoch 30)acc (%):   74.47
2024-05-19 02:46:07,280 - INFO -  Top 5	(Epoch 30)acc (%):   83.14
2024-05-19 02:46:07,280 - INFO -  Top 10	(Epoch 30)acc (%):   91.49
2024-05-19 02:46:07,283 - INFO - 
Epoch	31
2024-05-19 02:46:09,522 - INFO - [51200/66739]	Loss  : 1.1821
2024-05-19 02:46:10,136 - INFO - [66560/66739]	Loss  : 1.1838
2024-05-19 02:46:10,309 - INFO - Test loss   : 0.5655
2024-05-19 02:46:10,309 - INFO - 
Epoch	32
2024-05-19 02:46:12,583 - INFO - [51200/66739]	Loss  : 1.1827
2024-05-19 02:46:13,191 - INFO - [66560/66739]	Loss  : 1.1824
2024-05-19 02:46:13,364 - INFO - Test loss   : 0.5681
2024-05-19 02:46:13,364 - INFO - 
Epoch	33
2024-05-19 02:46:15,588 - INFO - [51200/66739]	Loss  : 1.1814
2024-05-19 02:46:16,242 - INFO - [66560/66739]	Loss  : 1.1817
2024-05-19 02:46:16,415 - INFO - Test loss   : 0.5667
2024-05-19 02:46:16,415 - INFO - 
Epoch	34
2024-05-19 02:46:18,640 - INFO - [51200/66739]	Loss  : 1.1805
2024-05-19 02:46:19,251 - INFO - [66560/66739]	Loss  : 1.1805
2024-05-19 02:46:19,423 - INFO - Test loss   : 0.5655
2024-05-19 02:46:19,424 - INFO - 
Epoch	35
2024-05-19 02:46:21,694 - INFO - [51200/66739]	Loss  : 1.1794
2024-05-19 02:46:22,304 - INFO - [66560/66739]	Loss  : 1.1796
2024-05-19 02:46:22,477 - INFO - Test loss   : 0.5704
2024-05-19 02:46:22,477 - INFO - 
Epoch	36
2024-05-19 02:46:24,702 - INFO - [51200/66739]	Loss  : 1.1774
2024-05-19 02:46:25,356 - INFO - [66560/66739]	Loss  : 1.1780
2024-05-19 02:46:25,529 - INFO - Test loss   : 0.5659
2024-05-19 02:46:25,529 - INFO - 
Epoch	37
2024-05-19 02:46:27,754 - INFO - [51200/66739]	Loss  : 1.1765
2024-05-19 02:46:28,366 - INFO - [66560/66739]	Loss  : 1.1776
2024-05-19 02:46:28,538 - INFO - Test loss   : 0.5628
2024-05-19 02:46:28,538 - INFO - 
Epoch	38
2024-05-19 02:46:30,811 - INFO - [51200/66739]	Loss  : 1.1764
2024-05-19 02:46:31,423 - INFO - [66560/66739]	Loss  : 1.1773
2024-05-19 02:46:31,596 - INFO - Test loss   : 0.5665
2024-05-19 02:46:31,596 - INFO - 
Epoch	39
2024-05-19 02:46:33,825 - INFO - [51200/66739]	Loss  : 1.1763
2024-05-19 02:46:34,479 - INFO - [66560/66739]	Loss  : 1.1750
2024-05-19 02:46:34,652 - INFO - Test loss   : 0.5655
2024-05-19 02:46:34,652 - INFO - 
Epoch	40
2024-05-19 02:46:36,879 - INFO - [51200/66739]	Loss  : 1.1736
2024-05-19 02:46:37,490 - INFO - [66560/66739]	Loss  : 1.1728
2024-05-19 02:46:37,664 - INFO - Test loss   : 0.5629
2024-05-19 02:46:37,671 - INFO - (4449,)
2024-05-19 02:46:37,692 - INFO -  Split ID: 0
2024-05-19 02:46:37,693 - INFO -  Top 1	LocEnc (Epoch 40)acc (%):   7.31
2024-05-19 02:46:37,693 - INFO -  Top 3	LocEnc (Epoch 40)acc (%):   14.86
2024-05-19 02:46:37,694 - INFO -  Top 5	LocEnc (Epoch 40)acc (%):   22.12
2024-05-19 02:46:37,694 - INFO -  Top 10	LocEnc (Epoch 40)acc (%):   34.95
2024-05-19 02:46:37,694 - INFO - 
No prior
2024-05-19 02:46:37,696 - INFO - (17798,)
2024-05-19 02:46:37,785 - INFO -  Split ID: 0
2024-05-19 02:46:37,786 - INFO -  Top 1	(Epoch 40)acc (%):   50.15
2024-05-19 02:46:37,786 - INFO -  Top 3	(Epoch 40)acc (%):   73.9
2024-05-19 02:46:37,786 - INFO -  Top 5	(Epoch 40)acc (%):   82.45
2024-05-19 02:46:37,786 - INFO -  Top 10	(Epoch 40)acc (%):   91.06
2024-05-19 02:46:43,390 - INFO -  Split ID: 0
2024-05-19 02:46:43,390 - INFO -  Top 1	(Epoch 40)acc (%):   50.73
2024-05-19 02:46:43,390 - INFO -  Top 3	(Epoch 40)acc (%):   74.44
2024-05-19 02:46:43,390 - INFO -  Top 5	(Epoch 40)acc (%):   83.3
2024-05-19 02:46:43,390 - INFO -  Top 10	(Epoch 40)acc (%):   91.54
2024-05-19 02:46:43,393 - INFO - 
Epoch	41
2024-05-19 02:46:45,664 - INFO - [51200/66739]	Loss  : 1.1752
2024-05-19 02:46:46,276 - INFO - [66560/66739]	Loss  : 1.1722
2024-05-19 02:46:46,449 - INFO - Test loss   : 0.5674
2024-05-19 02:46:46,449 - INFO - 
Epoch	42
2024-05-19 02:46:48,673 - INFO - [51200/66739]	Loss  : 1.1693
2024-05-19 02:46:49,326 - INFO - [66560/66739]	Loss  : 1.1705
2024-05-19 02:46:49,499 - INFO - Test loss   : 0.5671
2024-05-19 02:46:49,499 - INFO - 
Epoch	43
2024-05-19 02:46:51,724 - INFO - [51200/66739]	Loss  : 1.1714
2024-05-19 02:46:52,333 - INFO - [66560/66739]	Loss  : 1.1709
2024-05-19 02:46:52,506 - INFO - Test loss   : 0.5654
2024-05-19 02:46:52,506 - INFO - 
Epoch	44
2024-05-19 02:46:54,768 - INFO - [51200/66739]	Loss  : 1.1694
2024-05-19 02:46:55,377 - INFO - [66560/66739]	Loss  : 1.1693
2024-05-19 02:46:55,550 - INFO - Test loss   : 0.5626
2024-05-19 02:46:55,550 - INFO - 
Epoch	45
2024-05-19 02:46:57,784 - INFO - [51200/66739]	Loss  : 1.1673
2024-05-19 02:46:58,441 - INFO - [66560/66739]	Loss  : 1.1678
2024-05-19 02:46:58,614 - INFO - Test loss   : 0.5658
2024-05-19 02:46:58,614 - INFO - 
Epoch	46
2024-05-19 02:47:00,845 - INFO - [51200/66739]	Loss  : 1.1669
2024-05-19 02:47:01,460 - INFO - [66560/66739]	Loss  : 1.1672
2024-05-19 02:47:01,634 - INFO - Test loss   : 0.5649
2024-05-19 02:47:01,634 - INFO - 
Epoch	47
2024-05-19 02:47:03,923 - INFO - [51200/66739]	Loss  : 1.1657
2024-05-19 02:47:04,538 - INFO - [66560/66739]	Loss  : 1.1652
2024-05-19 02:47:04,711 - INFO - Test loss   : 0.5654
2024-05-19 02:47:04,712 - INFO - 
Epoch	48
2024-05-19 02:47:06,952 - INFO - [51200/66739]	Loss  : 1.1654
2024-05-19 02:47:07,609 - INFO - [66560/66739]	Loss  : 1.1652
2024-05-19 02:47:07,782 - INFO - Test loss   : 0.5662
2024-05-19 02:47:07,782 - INFO - 
Epoch	49
2024-05-19 02:47:10,012 - INFO - [51200/66739]	Loss  : 1.1641
2024-05-19 02:47:10,624 - INFO - [66560/66739]	Loss  : 1.1644
2024-05-19 02:47:10,798 - INFO - Test loss   : 0.5619
2024-05-19 02:47:10,798 - INFO - 
Epoch	50
2024-05-19 02:47:13,079 - INFO - [51200/66739]	Loss  : 1.1640
2024-05-19 02:47:13,691 - INFO - [66560/66739]	Loss  : 1.1639
2024-05-19 02:47:13,864 - INFO - Test loss   : 0.5617
2024-05-19 02:47:13,871 - INFO - (4449,)
2024-05-19 02:47:13,892 - INFO -  Split ID: 0
2024-05-19 02:47:13,894 - INFO -  Top 1	LocEnc (Epoch 50)acc (%):   7.19
2024-05-19 02:47:13,894 - INFO -  Top 3	LocEnc (Epoch 50)acc (%):   16.14
2024-05-19 02:47:13,894 - INFO -  Top 5	LocEnc (Epoch 50)acc (%):   23.04
2024-05-19 02:47:13,894 - INFO -  Top 10	LocEnc (Epoch 50)acc (%):   36.35
2024-05-19 02:47:13,895 - INFO - 
No prior
2024-05-19 02:47:13,897 - INFO - (17798,)
2024-05-19 02:47:13,986 - INFO -  Split ID: 0
2024-05-19 02:47:13,986 - INFO -  Top 1	(Epoch 50)acc (%):   50.15
2024-05-19 02:47:13,986 - INFO -  Top 3	(Epoch 50)acc (%):   73.9
2024-05-19 02:47:13,986 - INFO -  Top 5	(Epoch 50)acc (%):   82.45
2024-05-19 02:47:13,987 - INFO -  Top 10	(Epoch 50)acc (%):   91.06
2024-05-19 02:47:19,603 - INFO -  Split ID: 0
2024-05-19 02:47:19,603 - INFO -  Top 1	(Epoch 50)acc (%):   50.78
2024-05-19 02:47:19,603 - INFO -  Top 3	(Epoch 50)acc (%):   74.63
2024-05-19 02:47:19,603 - INFO -  Top 5	(Epoch 50)acc (%):   83.3
2024-05-19 02:47:19,603 - INFO -  Top 10	(Epoch 50)acc (%):   91.66
2024-05-19 02:47:19,606 - INFO - 
Epoch	51
2024-05-19 02:47:21,844 - INFO - [51200/66739]	Loss  : 1.1612
2024-05-19 02:47:22,502 - INFO - [66560/66739]	Loss  : 1.1619
2024-05-19 02:47:22,675 - INFO - Test loss   : 0.5643
2024-05-19 02:47:22,675 - INFO - 
Epoch	52
2024-05-19 02:47:24,908 - INFO - [51200/66739]	Loss  : 1.1627
2024-05-19 02:47:25,520 - INFO - [66560/66739]	Loss  : 1.1618
2024-05-19 02:47:25,694 - INFO - Test loss   : 0.5647
2024-05-19 02:47:25,694 - INFO - 
Epoch	53
2024-05-19 02:47:27,976 - INFO - [51200/66739]	Loss  : 1.1608
2024-05-19 02:47:28,590 - INFO - [66560/66739]	Loss  : 1.1606
2024-05-19 02:47:28,764 - INFO - Test loss   : 0.5635
2024-05-19 02:47:28,764 - INFO - 
Epoch	54
2024-05-19 02:47:30,999 - INFO - [51200/66739]	Loss  : 1.1602
2024-05-19 02:47:31,658 - INFO - [66560/66739]	Loss  : 1.1593
2024-05-19 02:47:31,831 - INFO - Test loss   : 0.5578
2024-05-19 02:47:31,831 - INFO - 
Epoch	55
2024-05-19 02:47:34,069 - INFO - [51200/66739]	Loss  : 1.1601
2024-05-19 02:47:34,684 - INFO - [66560/66739]	Loss  : 1.1600
2024-05-19 02:47:34,857 - INFO - Test loss   : 0.5615
2024-05-19 02:47:34,857 - INFO - 
Epoch	56
2024-05-19 02:47:37,137 - INFO - [51200/66739]	Loss  : 1.1576
2024-05-19 02:47:37,751 - INFO - [66560/66739]	Loss  : 1.1579
2024-05-19 02:47:37,924 - INFO - Test loss   : 0.5623
2024-05-19 02:47:37,924 - INFO - 
Epoch	57
2024-05-19 02:47:40,160 - INFO - [51200/66739]	Loss  : 1.1597
2024-05-19 02:47:40,818 - INFO - [66560/66739]	Loss  : 1.1580
2024-05-19 02:47:40,991 - INFO - Test loss   : 0.5637
2024-05-19 02:47:40,991 - INFO - 
Epoch	58
2024-05-19 02:47:43,229 - INFO - [51200/66739]	Loss  : 1.1573
2024-05-19 02:47:43,843 - INFO - [66560/66739]	Loss  : 1.1564
2024-05-19 02:47:44,016 - INFO - Test loss   : 0.5654
2024-05-19 02:47:44,016 - INFO - 
Epoch	59
2024-05-19 02:47:46,298 - INFO - [51200/66739]	Loss  : 1.1563
2024-05-19 02:47:46,912 - INFO - [66560/66739]	Loss  : 1.1557
2024-05-19 02:47:47,086 - INFO - Test loss   : 0.5632
2024-05-19 02:47:47,086 - INFO - 
Epoch	60
2024-05-19 02:47:49,323 - INFO - [51200/66739]	Loss  : 1.1530
2024-05-19 02:47:49,980 - INFO - [66560/66739]	Loss  : 1.1536
2024-05-19 02:47:50,152 - INFO - Test loss   : 0.5639
2024-05-19 02:47:50,159 - INFO - (4449,)
2024-05-19 02:47:50,181 - INFO -  Split ID: 0
2024-05-19 02:47:50,182 - INFO -  Top 1	LocEnc (Epoch 60)acc (%):   7.48
2024-05-19 02:47:50,183 - INFO -  Top 3	LocEnc (Epoch 60)acc (%):   16.45
2024-05-19 02:47:50,183 - INFO -  Top 5	LocEnc (Epoch 60)acc (%):   23.71
2024-05-19 02:47:50,183 - INFO -  Top 10	LocEnc (Epoch 60)acc (%):   37.04
2024-05-19 02:47:50,183 - INFO - 
No prior
2024-05-19 02:47:50,185 - INFO - (17798,)
2024-05-19 02:47:50,275 - INFO -  Split ID: 0
2024-05-19 02:47:50,275 - INFO -  Top 1	(Epoch 60)acc (%):   50.15
2024-05-19 02:47:50,275 - INFO -  Top 3	(Epoch 60)acc (%):   73.9
2024-05-19 02:47:50,275 - INFO -  Top 5	(Epoch 60)acc (%):   82.45
2024-05-19 02:47:50,275 - INFO -  Top 10	(Epoch 60)acc (%):   91.06
2024-05-19 02:47:55,910 - INFO -  Split ID: 0
2024-05-19 02:47:55,911 - INFO -  Top 1	(Epoch 60)acc (%):   50.73
2024-05-19 02:47:55,911 - INFO -  Top 3	(Epoch 60)acc (%):   74.59
2024-05-19 02:47:55,911 - INFO -  Top 5	(Epoch 60)acc (%):   83.28
2024-05-19 02:47:55,911 - INFO -  Top 10	(Epoch 60)acc (%):   91.63
2024-05-19 02:47:55,913 - INFO - 
Epoch	61
2024-05-19 02:47:58,156 - INFO - [51200/66739]	Loss  : 1.1525
2024-05-19 02:47:58,772 - INFO - [66560/66739]	Loss  : 1.1540
2024-05-19 02:47:58,945 - INFO - Test loss   : 0.5612
2024-05-19 02:47:58,945 - INFO - 
Epoch	62
2024-05-19 02:48:01,232 - INFO - [51200/66739]	Loss  : 1.1515
2024-05-19 02:48:01,846 - INFO - [66560/66739]	Loss  : 1.1532
2024-05-19 02:48:02,020 - INFO - Test loss   : 0.5638
2024-05-19 02:48:02,020 - INFO - 
Epoch	63
2024-05-19 02:48:04,262 - INFO - [51200/66739]	Loss  : 1.1555
2024-05-19 02:48:04,920 - INFO - [66560/66739]	Loss  : 1.1544
2024-05-19 02:48:05,094 - INFO - Test loss   : 0.5624
2024-05-19 02:48:05,094 - INFO - 
Epoch	64
2024-05-19 02:48:07,337 - INFO - [51200/66739]	Loss  : 1.1530
2024-05-19 02:48:07,952 - INFO - [66560/66739]	Loss  : 1.1533
2024-05-19 02:48:08,126 - INFO - Test loss   : 0.5595
2024-05-19 02:48:08,126 - INFO - 
Epoch	65
2024-05-19 02:48:10,414 - INFO - [51200/66739]	Loss  : 1.1505
2024-05-19 02:48:11,027 - INFO - [66560/66739]	Loss  : 1.1510
2024-05-19 02:48:11,201 - INFO - Test loss   : 0.5630
2024-05-19 02:48:11,201 - INFO - 
Epoch	66
2024-05-19 02:48:13,438 - INFO - [51200/66739]	Loss  : 1.1499
2024-05-19 02:48:14,095 - INFO - [66560/66739]	Loss  : 1.1499
2024-05-19 02:48:14,269 - INFO - Test loss   : 0.5606
2024-05-19 02:48:14,269 - INFO - 
Epoch	67
2024-05-19 02:48:16,508 - INFO - [51200/66739]	Loss  : 1.1498
2024-05-19 02:48:17,123 - INFO - [66560/66739]	Loss  : 1.1502
2024-05-19 02:48:17,296 - INFO - Test loss   : 0.5614
2024-05-19 02:48:17,296 - INFO - 
Epoch	68
2024-05-19 02:48:19,583 - INFO - [51200/66739]	Loss  : 1.1469
2024-05-19 02:48:20,199 - INFO - [66560/66739]	Loss  : 1.1482
2024-05-19 02:48:20,372 - INFO - Test loss   : 0.5605
2024-05-19 02:48:20,372 - INFO - 
Epoch	69
2024-05-19 02:48:22,611 - INFO - [51200/66739]	Loss  : 1.1471
2024-05-19 02:48:23,270 - INFO - [66560/66739]	Loss  : 1.1486
2024-05-19 02:48:23,444 - INFO - Test loss   : 0.5584
2024-05-19 02:48:23,444 - INFO - 
Epoch	70
2024-05-19 02:48:25,680 - INFO - [51200/66739]	Loss  : 1.1463
2024-05-19 02:48:26,294 - INFO - [66560/66739]	Loss  : 1.1484
2024-05-19 02:48:26,467 - INFO - Test loss   : 0.5601
2024-05-19 02:48:26,474 - INFO - (4449,)
2024-05-19 02:48:26,496 - INFO -  Split ID: 0
2024-05-19 02:48:26,498 - INFO -  Top 1	LocEnc (Epoch 70)acc (%):   7.35
2024-05-19 02:48:26,498 - INFO -  Top 3	LocEnc (Epoch 70)acc (%):   16.81
2024-05-19 02:48:26,498 - INFO -  Top 5	LocEnc (Epoch 70)acc (%):   23.47
2024-05-19 02:48:26,498 - INFO -  Top 10	LocEnc (Epoch 70)acc (%):   37.58
2024-05-19 02:48:26,499 - INFO - 
No prior
2024-05-19 02:48:26,501 - INFO - (17798,)
2024-05-19 02:48:26,590 - INFO -  Split ID: 0
2024-05-19 02:48:26,591 - INFO -  Top 1	(Epoch 70)acc (%):   50.15
2024-05-19 02:48:26,591 - INFO -  Top 3	(Epoch 70)acc (%):   73.9
2024-05-19 02:48:26,591 - INFO -  Top 5	(Epoch 70)acc (%):   82.45
2024-05-19 02:48:26,591 - INFO -  Top 10	(Epoch 70)acc (%):   91.06
2024-05-19 02:48:32,217 - INFO -  Split ID: 0
2024-05-19 02:48:32,217 - INFO -  Top 1	(Epoch 70)acc (%):   50.77
2024-05-19 02:48:32,217 - INFO -  Top 3	(Epoch 70)acc (%):   74.59
2024-05-19 02:48:32,217 - INFO -  Top 5	(Epoch 70)acc (%):   83.35
2024-05-19 02:48:32,218 - INFO -  Top 10	(Epoch 70)acc (%):   91.65
2024-05-19 02:48:32,220 - INFO - 
Epoch	71
2024-05-19 02:48:34,512 - INFO - [51200/66739]	Loss  : 1.1482
2024-05-19 02:48:35,128 - INFO - [66560/66739]	Loss  : 1.1483
2024-05-19 02:48:35,302 - INFO - Test loss   : 0.5601
2024-05-19 02:48:35,302 - INFO - 
Epoch	72
2024-05-19 02:48:37,543 - INFO - [51200/66739]	Loss  : 1.1463
2024-05-19 02:48:38,201 - INFO - [66560/66739]	Loss  : 1.1471
2024-05-19 02:48:38,375 - INFO - Test loss   : 0.5589
2024-05-19 02:48:38,376 - INFO - 
Epoch	73
2024-05-19 02:48:40,616 - INFO - [51200/66739]	Loss  : 1.1455
2024-05-19 02:48:41,230 - INFO - [66560/66739]	Loss  : 1.1465
2024-05-19 02:48:41,404 - INFO - Test loss   : 0.5618
2024-05-19 02:48:41,404 - INFO - 
Epoch	74
2024-05-19 02:48:43,690 - INFO - [51200/66739]	Loss  : 1.1438
2024-05-19 02:48:44,305 - INFO - [66560/66739]	Loss  : 1.1447
2024-05-19 02:48:44,479 - INFO - Test loss   : 0.5613
2024-05-19 02:48:44,479 - INFO - 
Epoch	75
2024-05-19 02:48:46,717 - INFO - [51200/66739]	Loss  : 1.1476
2024-05-19 02:48:47,375 - INFO - [66560/66739]	Loss  : 1.1476
2024-05-19 02:48:47,549 - INFO - Test loss   : 0.5568
2024-05-19 02:48:47,549 - INFO - 
Epoch	76
2024-05-19 02:48:49,789 - INFO - [51200/66739]	Loss  : 1.1443
2024-05-19 02:48:50,403 - INFO - [66560/66739]	Loss  : 1.1446
2024-05-19 02:48:50,577 - INFO - Test loss   : 0.5595
2024-05-19 02:48:50,577 - INFO - 
Epoch	77
2024-05-19 02:48:52,862 - INFO - [51200/66739]	Loss  : 1.1442
2024-05-19 02:48:53,476 - INFO - [66560/66739]	Loss  : 1.1435
2024-05-19 02:48:53,650 - INFO - Test loss   : 0.5604
2024-05-19 02:48:53,650 - INFO - 
Epoch	78
2024-05-19 02:48:55,892 - INFO - [51200/66739]	Loss  : 1.1439
2024-05-19 02:48:56,550 - INFO - [66560/66739]	Loss  : 1.1449
2024-05-19 02:48:56,724 - INFO - Test loss   : 0.5622
2024-05-19 02:48:56,724 - INFO - 
Epoch	79
2024-05-19 02:48:58,964 - INFO - [51200/66739]	Loss  : 1.1428
2024-05-19 02:48:59,579 - INFO - [66560/66739]	Loss  : 1.1431
2024-05-19 02:48:59,752 - INFO - Test loss   : 0.5585
2024-05-19 02:48:59,752 - INFO - 
Epoch	80
2024-05-19 02:49:02,042 - INFO - [51200/66739]	Loss  : 1.1443
2024-05-19 02:49:02,657 - INFO - [66560/66739]	Loss  : 1.1439
2024-05-19 02:49:02,832 - INFO - Test loss   : 0.5633
2024-05-19 02:49:02,839 - INFO - (4449,)
2024-05-19 02:49:02,861 - INFO -  Split ID: 0
2024-05-19 02:49:02,862 - INFO -  Top 1	LocEnc (Epoch 80)acc (%):   7.8
2024-05-19 02:49:02,862 - INFO -  Top 3	LocEnc (Epoch 80)acc (%):   16.88
2024-05-19 02:49:02,863 - INFO -  Top 5	LocEnc (Epoch 80)acc (%):   24.66
2024-05-19 02:49:02,863 - INFO -  Top 10	LocEnc (Epoch 80)acc (%):   37.85
2024-05-19 02:49:02,863 - INFO - 
No prior
2024-05-19 02:49:02,865 - INFO - (17798,)
2024-05-19 02:49:02,955 - INFO -  Split ID: 0
2024-05-19 02:49:02,955 - INFO -  Top 1	(Epoch 80)acc (%):   50.15
2024-05-19 02:49:02,955 - INFO -  Top 3	(Epoch 80)acc (%):   73.9
2024-05-19 02:49:02,955 - INFO -  Top 5	(Epoch 80)acc (%):   82.45
2024-05-19 02:49:02,956 - INFO -  Top 10	(Epoch 80)acc (%):   91.06
2024-05-19 02:49:08,575 - INFO -  Split ID: 0
2024-05-19 02:49:08,575 - INFO -  Top 1	(Epoch 80)acc (%):   50.83
2024-05-19 02:49:08,575 - INFO -  Top 3	(Epoch 80)acc (%):   74.68
2024-05-19 02:49:08,575 - INFO -  Top 5	(Epoch 80)acc (%):   83.29
2024-05-19 02:49:08,575 - INFO -  Top 10	(Epoch 80)acc (%):   91.67
2024-05-19 02:49:08,578 - INFO - 
Epoch	81
2024-05-19 02:49:10,820 - INFO - [51200/66739]	Loss  : 1.1421
2024-05-19 02:49:11,480 - INFO - [66560/66739]	Loss  : 1.1424
2024-05-19 02:49:11,654 - INFO - Test loss   : 0.5628
2024-05-19 02:49:11,654 - INFO - 
Epoch	82
2024-05-19 02:49:13,895 - INFO - [51200/66739]	Loss  : 1.1414
2024-05-19 02:49:14,510 - INFO - [66560/66739]	Loss  : 1.1431
2024-05-19 02:49:14,684 - INFO - Test loss   : 0.5579
2024-05-19 02:49:14,684 - INFO - 
Epoch	83
2024-05-19 02:49:16,969 - INFO - [51200/66739]	Loss  : 1.1433
2024-05-19 02:49:17,584 - INFO - [66560/66739]	Loss  : 1.1419
2024-05-19 02:49:17,758 - INFO - Test loss   : 0.5592
2024-05-19 02:49:17,758 - INFO - 
Epoch	84
2024-05-19 02:49:20,001 - INFO - [51200/66739]	Loss  : 1.1412
2024-05-19 02:49:20,661 - INFO - [66560/66739]	Loss  : 1.1409
2024-05-19 02:49:20,835 - INFO - Test loss   : 0.5641
2024-05-19 02:49:20,835 - INFO - 
Epoch	85
2024-05-19 02:49:23,078 - INFO - [51200/66739]	Loss  : 1.1403
2024-05-19 02:49:23,692 - INFO - [66560/66739]	Loss  : 1.1403
2024-05-19 02:49:23,866 - INFO - Test loss   : 0.5589
2024-05-19 02:49:23,866 - INFO - 
Epoch	86
2024-05-19 02:49:26,149 - INFO - [51200/66739]	Loss  : 1.1411
2024-05-19 02:49:26,763 - INFO - [66560/66739]	Loss  : 1.1407
2024-05-19 02:49:26,937 - INFO - Test loss   : 0.5571
2024-05-19 02:49:26,937 - INFO - 
Epoch	87
2024-05-19 02:49:29,178 - INFO - [51200/66739]	Loss  : 1.1396
2024-05-19 02:49:29,837 - INFO - [66560/66739]	Loss  : 1.1397
2024-05-19 02:49:30,011 - INFO - Test loss   : 0.5594
2024-05-19 02:49:30,011 - INFO - 
Epoch	88
2024-05-19 02:49:32,250 - INFO - [51200/66739]	Loss  : 1.1382
2024-05-19 02:49:32,866 - INFO - [66560/66739]	Loss  : 1.1397
2024-05-19 02:49:33,039 - INFO - Test loss   : 0.5555
2024-05-19 02:49:33,039 - INFO - 
Epoch	89
2024-05-19 02:49:35,324 - INFO - [51200/66739]	Loss  : 1.1396
2024-05-19 02:49:35,938 - INFO - [66560/66739]	Loss  : 1.1394
2024-05-19 02:49:36,111 - INFO - Test loss   : 0.5601
2024-05-19 02:49:36,111 - INFO - 
Epoch	90
2024-05-19 02:49:38,352 - INFO - [51200/66739]	Loss  : 1.1392
2024-05-19 02:49:39,010 - INFO - [66560/66739]	Loss  : 1.1405
2024-05-19 02:49:39,184 - INFO - Test loss   : 0.5577
2024-05-19 02:49:39,191 - INFO - (4449,)
2024-05-19 02:49:39,213 - INFO -  Split ID: 0
2024-05-19 02:49:39,215 - INFO -  Top 1	LocEnc (Epoch 90)acc (%):   8.09
2024-05-19 02:49:39,215 - INFO -  Top 3	LocEnc (Epoch 90)acc (%):   17.13
2024-05-19 02:49:39,215 - INFO -  Top 5	LocEnc (Epoch 90)acc (%):   25.38
2024-05-19 02:49:39,215 - INFO -  Top 10	LocEnc (Epoch 90)acc (%):   38.08
2024-05-19 02:49:39,216 - INFO - 
No prior
2024-05-19 02:49:39,218 - INFO - (17798,)
2024-05-19 02:49:39,308 - INFO -  Split ID: 0
2024-05-19 02:49:39,308 - INFO -  Top 1	(Epoch 90)acc (%):   50.15
2024-05-19 02:49:39,308 - INFO -  Top 3	(Epoch 90)acc (%):   73.9
2024-05-19 02:49:39,308 - INFO -  Top 5	(Epoch 90)acc (%):   82.45
2024-05-19 02:49:39,308 - INFO -  Top 10	(Epoch 90)acc (%):   91.06
2024-05-19 02:49:44,919 - INFO -  Split ID: 0
2024-05-19 02:49:44,919 - INFO -  Top 1	(Epoch 90)acc (%):   50.9
2024-05-19 02:49:44,920 - INFO -  Top 3	(Epoch 90)acc (%):   74.61
2024-05-19 02:49:44,920 - INFO -  Top 5	(Epoch 90)acc (%):   83.3
2024-05-19 02:49:44,920 - INFO -  Top 10	(Epoch 90)acc (%):   91.67
2024-05-19 02:49:44,922 - INFO - 
Epoch	91
2024-05-19 02:49:47,165 - INFO - [51200/66739]	Loss  : 1.1375
2024-05-19 02:49:47,780 - INFO - [66560/66739]	Loss  : 1.1382
2024-05-19 02:49:47,953 - INFO - Test loss   : 0.5596
2024-05-19 02:49:47,953 - INFO - 
Epoch	92
2024-05-19 02:49:50,240 - INFO - [51200/66739]	Loss  : 1.1396
2024-05-19 02:49:50,855 - INFO - [66560/66739]	Loss  : 1.1392
2024-05-19 02:49:51,029 - INFO - Test loss   : 0.5597
2024-05-19 02:49:51,029 - INFO - 
Epoch	93
2024-05-19 02:49:53,267 - INFO - [51200/66739]	Loss  : 1.1383
2024-05-19 02:49:53,926 - INFO - [66560/66739]	Loss  : 1.1381
2024-05-19 02:49:54,100 - INFO - Test loss   : 0.5590
2024-05-19 02:49:54,100 - INFO - 
Epoch	94
2024-05-19 02:49:56,339 - INFO - [51200/66739]	Loss  : 1.1379
2024-05-19 02:49:56,953 - INFO - [66560/66739]	Loss  : 1.1380
2024-05-19 02:49:57,126 - INFO - Test loss   : 0.5584
2024-05-19 02:49:57,126 - INFO - 
Epoch	95
2024-05-19 02:49:59,414 - INFO - [51200/66739]	Loss  : 1.1381
2024-05-19 02:50:00,028 - INFO - [66560/66739]	Loss  : 1.1381
2024-05-19 02:50:00,202 - INFO - Test loss   : 0.5582
2024-05-19 02:50:00,203 - INFO - 
Epoch	96
2024-05-19 02:50:02,444 - INFO - [51200/66739]	Loss  : 1.1379
2024-05-19 02:50:03,104 - INFO - [66560/66739]	Loss  : 1.1381
2024-05-19 02:50:03,278 - INFO - Test loss   : 0.5577
2024-05-19 02:50:03,278 - INFO - 
Epoch	97
2024-05-19 02:50:05,518 - INFO - [51200/66739]	Loss  : 1.1370
2024-05-19 02:50:06,133 - INFO - [66560/66739]	Loss  : 1.1374
2024-05-19 02:50:06,306 - INFO - Test loss   : 0.5551
2024-05-19 02:50:06,306 - INFO - 
Epoch	98
2024-05-19 02:50:08,595 - INFO - [51200/66739]	Loss  : 1.1367
2024-05-19 02:50:09,210 - INFO - [66560/66739]	Loss  : 1.1370
2024-05-19 02:50:09,384 - INFO - Test loss   : 0.5567
2024-05-19 02:50:09,384 - INFO - 
Epoch	99
2024-05-19 02:50:11,627 - INFO - [51200/66739]	Loss  : 1.1363
2024-05-19 02:50:12,286 - INFO - [66560/66739]	Loss  : 1.1363
2024-05-19 02:50:12,460 - INFO - Test loss   : 0.5570
2024-05-19 02:50:12,460 - INFO - Saving output model to ../models/xyz/model_yfcc_xyz_inception_v3_0.0020_64_0.0005000_1_512.pth.tar
2024-05-19 02:50:12,464 - INFO - Saving output model to ../models/xyz/model_yfcc_xyz_inception_v3_0.0020_64_0.0005000_1_512.pth.tar
2024-05-19 02:50:12,469 - INFO - 
No prior
2024-05-19 02:50:12,474 - INFO - (17798,)
2024-05-19 02:50:12,564 - INFO -  Split ID: 0
2024-05-19 02:50:12,564 - INFO -  Top 1	acc (%):   50.15
2024-05-19 02:50:12,564 - INFO -  Top 3	acc (%):   73.9
2024-05-19 02:50:12,564 - INFO -  Top 5	acc (%):   82.45
2024-05-19 02:50:12,564 - INFO -  Top 10	acc (%):   91.06
2024-05-19 02:50:18,195 - INFO -  Split ID: 0
2024-05-19 02:50:18,195 - INFO -  Top 1	acc (%):   50.87
2024-05-19 02:50:18,195 - INFO -  Top 3	acc (%):   74.69
2024-05-19 02:50:18,195 - INFO -  Top 5	acc (%):   83.35
2024-05-19 02:50:18,195 - INFO -  Top 10	acc (%):   91.73
2024-05-19 02:50:18,197 - INFO - 
xyz
2024-05-19 02:50:18,198 - INFO -  Model :	model_yfcc_xyz_inception_v3_0.0020_64_0.0005000_1_512.pth.tar
2024-05-19 02:50:18,208 - INFO - (4449,)
2024-05-19 02:50:18,230 - INFO -  Split ID: 0
2024-05-19 02:50:18,232 - INFO -  Top 1	LocEnc acc (%):   8.07
2024-05-19 02:50:18,232 - INFO -  Top 3	LocEnc acc (%):   17.73
2024-05-19 02:50:18,232 - INFO -  Top 5	LocEnc acc (%):   24.93
2024-05-19 02:50:18,232 - INFO -  Top 10	LocEnc acc (%):   38.32
2024-05-27 16:22:52,059 - INFO - 
num_classes	100
2024-05-27 16:22:52,107 - INFO - num train    	66739
2024-05-27 16:22:52,107 - INFO - num val      	4449
2024-05-27 16:22:52,107 - INFO - train loss   	full_loss
2024-05-27 16:22:52,107 - INFO - model name   	../models/xyz/model_yfcc_xyz_inception_v3_0.0020_64_0.0005000_1_512.pth.tar
2024-05-27 16:22:52,107 - INFO - num users    	1
2024-05-27 16:22:52,332 - INFO - 
Epoch	0
2024-05-27 16:24:10,344 - INFO - [51200/66739]	Loss  : 1.5362
2024-05-27 16:24:31,678 - INFO - [66560/66739]	Loss  : 1.4846
2024-05-27 16:24:38,233 - INFO - Test loss   : 0.6066
2024-05-27 16:24:38,233 - INFO - 
Epoch	1
2024-05-27 16:25:54,649 - INFO - [51200/66739]	Loss  : 1.2822
2024-05-27 16:26:15,836 - INFO - [66560/66739]	Loss  : 1.2791
2024-05-27 16:26:22,248 - INFO - Test loss   : 0.5979
2024-05-27 16:26:22,248 - INFO - 
Epoch	2
2024-05-27 16:27:38,273 - INFO - [51200/66739]	Loss  : 1.2599
2024-05-27 16:27:59,349 - INFO - [66560/66739]	Loss  : 1.2602
2024-05-27 16:28:05,803 - INFO - Test loss   : 0.6146
2024-05-27 16:28:05,804 - INFO - 
Epoch	3
2024-05-27 16:29:16,811 - INFO - [51200/66739]	Loss  : 1.2543
2024-05-27 16:29:34,823 - INFO - [66560/66739]	Loss  : 1.2540
2024-05-27 16:29:40,390 - INFO - Test loss   : 0.6220
2024-05-27 16:29:40,390 - INFO - 
Epoch	4
2024-05-27 16:30:35,884 - INFO - [51200/66739]	Loss  : 1.2505
2024-05-27 16:30:53,327 - INFO - [66560/66739]	Loss  : 1.2487
2024-05-27 16:30:59,578 - INFO - Test loss   : 0.6084
2024-05-27 16:30:59,578 - INFO - 
Epoch	5
2024-05-27 16:32:16,951 - INFO - [51200/66739]	Loss  : 1.2442
2024-05-27 16:32:38,592 - INFO - [66560/66739]	Loss  : 1.2441
2024-05-27 16:32:45,210 - INFO - Test loss   : 0.6085
2024-05-27 16:32:45,211 - INFO - 
Epoch	6
2024-05-27 16:34:02,715 - INFO - [51200/66739]	Loss  : 1.2420
2024-05-27 16:34:22,106 - INFO - [66560/66739]	Loss  : 1.2411
2024-05-27 16:34:27,384 - INFO - Test loss   : 0.6062
2024-05-27 16:34:27,384 - INFO - 
Epoch	7
2024-05-27 16:35:29,926 - INFO - [51200/66739]	Loss  : 1.2369
2024-05-27 16:35:47,330 - INFO - [66560/66739]	Loss  : 1.2376
2024-05-27 16:35:52,495 - INFO - Test loss   : 0.5985
2024-05-27 16:35:52,495 - INFO - 
Epoch	8
2024-05-27 16:36:55,175 - INFO - [51200/66739]	Loss  : 1.2314
2024-05-27 16:37:13,672 - INFO - [66560/66739]	Loss  : 1.2321
2024-05-27 16:37:18,295 - INFO - Test loss   : 0.5960
2024-05-27 16:37:18,295 - INFO - 
Epoch	9
2024-05-27 16:38:08,307 - INFO - [51200/66739]	Loss  : 1.2301
2024-05-27 16:38:21,793 - INFO - [66560/66739]	Loss  : 1.2303
2024-05-27 16:38:25,739 - INFO - Test loss   : 0.5962
2024-05-27 16:38:25,739 - INFO - 
Epoch	10
2024-05-27 16:39:14,377 - INFO - [51200/66739]	Loss  : 1.2281
2024-05-27 16:39:28,141 - INFO - [66560/66739]	Loss  : 1.2273
2024-05-27 16:39:32,238 - INFO - Test loss   : 0.5893
2024-05-27 16:39:32,238 - INFO - 
Epoch	11
2024-05-27 16:40:20,897 - INFO - [51200/66739]	Loss  : 1.2240
2024-05-27 16:40:34,588 - INFO - [66560/66739]	Loss  : 1.2244
2024-05-27 16:40:38,701 - INFO - Test loss   : 0.5856
2024-05-27 16:40:38,701 - INFO - 
Epoch	12
2024-05-27 16:41:25,050 - INFO - [51200/66739]	Loss  : 1.2206
2024-05-27 16:41:35,114 - INFO - [66560/66739]	Loss  : 1.2204
2024-05-27 16:41:38,143 - INFO - Test loss   : 0.5844
2024-05-27 16:41:38,143 - INFO - 
Epoch	13
2024-05-27 16:42:16,897 - INFO - [51200/66739]	Loss  : 1.2167
2024-05-27 16:42:30,235 - INFO - [66560/66739]	Loss  : 1.2172
2024-05-27 16:42:34,663 - INFO - Test loss   : 0.5790
2024-05-27 16:42:34,664 - INFO - 
Epoch	14
2024-05-27 16:43:25,122 - INFO - [51200/66739]	Loss  : 1.2145
2024-05-27 16:43:38,832 - INFO - [66560/66739]	Loss  : 1.2138
2024-05-27 16:43:42,915 - INFO - Test loss   : 0.5788
2024-05-27 16:43:42,915 - INFO - 
Epoch	15
2024-05-27 16:44:31,044 - INFO - [51200/66739]	Loss  : 1.2093
2024-05-27 16:44:44,959 - INFO - [66560/66739]	Loss  : 1.2093
2024-05-27 16:44:48,933 - INFO - Test loss   : 0.5710
2024-05-27 16:44:48,933 - INFO - 
Epoch	16
2024-05-27 16:45:38,369 - INFO - [51200/66739]	Loss  : 1.2085
2024-05-27 16:45:51,880 - INFO - [66560/66739]	Loss  : 1.2063
2024-05-27 16:45:56,058 - INFO - Test loss   : 0.5682
2024-05-27 16:45:56,058 - INFO - 
Epoch	17
2024-05-27 16:46:44,919 - INFO - [51200/66739]	Loss  : 1.2022
2024-05-27 16:46:58,462 - INFO - [66560/66739]	Loss  : 1.2022
2024-05-27 16:47:02,534 - INFO - Test loss   : 0.5693
2024-05-27 16:47:02,534 - INFO - 
Epoch	18
2024-05-27 16:47:52,199 - INFO - [51200/66739]	Loss  : 1.2027
2024-05-27 16:48:06,319 - INFO - [66560/66739]	Loss  : 1.2015
2024-05-27 16:48:10,582 - INFO - Test loss   : 0.5661
2024-05-27 16:48:10,582 - INFO - 
Epoch	19
2024-05-27 16:49:01,169 - INFO - [51200/66739]	Loss  : 1.1989
2024-05-27 16:49:15,293 - INFO - [66560/66739]	Loss  : 1.1990
2024-05-27 16:49:19,598 - INFO - Test loss   : 0.5680
2024-05-27 16:49:19,598 - INFO - 
Epoch	20
2024-05-27 16:50:10,207 - INFO - [51200/66739]	Loss  : 1.1970
2024-05-27 16:50:24,242 - INFO - [66560/66739]	Loss  : 1.1966
2024-05-27 16:50:28,526 - INFO - Test loss   : 0.5686
2024-05-27 16:50:28,526 - INFO - 
Epoch	21
2024-05-27 16:51:19,318 - INFO - [51200/66739]	Loss  : 1.1936
2024-05-27 16:51:33,382 - INFO - [66560/66739]	Loss  : 1.1955
2024-05-27 16:51:37,661 - INFO - Test loss   : 0.5651
2024-05-27 16:51:37,661 - INFO - 
Epoch	22
2024-05-27 16:52:28,816 - INFO - [51200/66739]	Loss  : 1.1928
2024-05-27 16:52:43,021 - INFO - [66560/66739]	Loss  : 1.1937
2024-05-27 16:52:47,262 - INFO - Test loss   : 0.5706
2024-05-27 16:52:47,262 - INFO - 
Epoch	23
2024-05-27 16:53:37,936 - INFO - [51200/66739]	Loss  : 1.1922
2024-05-27 16:53:52,061 - INFO - [66560/66739]	Loss  : 1.1918
2024-05-27 16:53:56,320 - INFO - Test loss   : 0.5677
2024-05-27 16:53:56,320 - INFO - 
Epoch	24
2024-05-27 16:54:46,737 - INFO - [51200/66739]	Loss  : 1.1944
2024-05-27 16:55:00,902 - INFO - [66560/66739]	Loss  : 1.1920
2024-05-27 16:55:05,272 - INFO - Test loss   : 0.5687
2024-05-27 16:55:05,272 - INFO - 
Epoch	25
2024-05-27 16:55:56,727 - INFO - [51200/66739]	Loss  : 1.1885
2024-05-27 16:56:10,706 - INFO - [66560/66739]	Loss  : 1.1882
2024-05-27 16:56:15,081 - INFO - Test loss   : 0.5718
2024-05-27 16:56:15,082 - INFO - 
Epoch	26
2024-05-27 16:57:06,303 - INFO - [51200/66739]	Loss  : 1.1850
2024-05-27 16:57:20,424 - INFO - [66560/66739]	Loss  : 1.1865
2024-05-27 16:57:24,690 - INFO - Test loss   : 0.5693
2024-05-27 16:57:24,690 - INFO - 
Epoch	27
2024-05-27 16:58:14,501 - INFO - [51200/66739]	Loss  : 1.1846
2024-05-27 16:58:28,456 - INFO - [66560/66739]	Loss  : 1.1848
2024-05-27 16:58:32,754 - INFO - Test loss   : 0.5650
2024-05-27 16:58:32,754 - INFO - 
Epoch	28
2024-05-27 16:59:23,471 - INFO - [51200/66739]	Loss  : 1.1859
2024-05-27 16:59:37,695 - INFO - [66560/66739]	Loss  : 1.1862
2024-05-27 16:59:41,963 - INFO - Test loss   : 0.5695
2024-05-27 16:59:41,963 - INFO - 
Epoch	29
2024-05-27 17:00:32,911 - INFO - [51200/66739]	Loss  : 1.1819
2024-05-27 17:00:47,048 - INFO - [66560/66739]	Loss  : 1.1819
2024-05-27 17:00:51,491 - INFO - Test loss   : 0.5725
2024-05-27 17:00:51,491 - INFO - 
Epoch	30
2024-05-27 17:01:40,744 - INFO - [51200/66739]	Loss  : 1.1818
2024-05-27 17:01:54,861 - INFO - [66560/66739]	Loss  : 1.1820
2024-05-27 17:01:59,241 - INFO - Test loss   : 0.5671
2024-05-27 17:01:59,242 - INFO - 
Epoch	31
2024-05-27 17:02:49,923 - INFO - [51200/66739]	Loss  : 1.1799
2024-05-27 17:03:04,169 - INFO - [66560/66739]	Loss  : 1.1802
2024-05-27 17:03:08,496 - INFO - Test loss   : 0.5676
2024-05-27 17:03:08,497 - INFO - 
Epoch	32
2024-05-27 17:04:04,064 - INFO - [51200/66739]	Loss  : 1.1786
2024-05-27 17:04:21,967 - INFO - [66560/66739]	Loss  : 1.1788
2024-05-27 17:04:27,324 - INFO - Test loss   : 0.5690
2024-05-27 17:04:27,324 - INFO - 
Epoch	33
2024-05-27 17:05:31,380 - INFO - [51200/66739]	Loss  : 1.1788
2024-05-27 17:05:49,081 - INFO - [66560/66739]	Loss  : 1.1782
2024-05-27 17:05:54,572 - INFO - Test loss   : 0.5683
2024-05-27 17:05:54,572 - INFO - 
Epoch	34
2024-05-27 17:07:01,968 - INFO - [51200/66739]	Loss  : 1.1733
2024-05-27 17:07:23,433 - INFO - [66560/66739]	Loss  : 1.1756
2024-05-27 17:07:29,941 - INFO - Test loss   : 0.5686
2024-05-27 17:07:29,941 - INFO - 
Epoch	35
2024-05-27 17:08:47,226 - INFO - [51200/66739]	Loss  : 1.1744
2024-05-27 17:09:08,819 - INFO - [66560/66739]	Loss  : 1.1748
2024-05-27 17:09:15,415 - INFO - Test loss   : 0.5652
2024-05-27 17:09:15,415 - INFO - 
Epoch	36
2024-05-27 17:10:32,646 - INFO - [51200/66739]	Loss  : 1.1727
2024-05-27 17:10:54,177 - INFO - [66560/66739]	Loss  : 1.1718
2024-05-27 17:11:00,812 - INFO - Test loss   : 0.5693
2024-05-27 17:11:00,812 - INFO - 
Epoch	37
2024-05-27 17:12:18,151 - INFO - [51200/66739]	Loss  : 1.1694
2024-05-27 17:12:39,677 - INFO - [66560/66739]	Loss  : 1.1703
2024-05-27 17:12:46,158 - INFO - Test loss   : 0.5663
2024-05-27 17:12:46,159 - INFO - 
Epoch	38
2024-05-27 17:14:04,183 - INFO - [51200/66739]	Loss  : 1.1672
2024-05-27 17:14:25,709 - INFO - [66560/66739]	Loss  : 1.1690
2024-05-27 17:14:32,279 - INFO - Test loss   : 0.5654
2024-05-27 17:14:32,279 - INFO - 
Epoch	39
2024-05-27 17:15:49,557 - INFO - [51200/66739]	Loss  : 1.1678
2024-05-27 17:16:11,104 - INFO - [66560/66739]	Loss  : 1.1683
2024-05-27 17:16:17,618 - INFO - Test loss   : 0.5663
2024-05-27 17:16:17,618 - INFO - 
Epoch	40
2024-05-27 17:17:34,998 - INFO - [51200/66739]	Loss  : 1.1719
2024-05-27 17:17:56,497 - INFO - [66560/66739]	Loss  : 1.1703
2024-05-27 17:18:03,029 - INFO - Test loss   : 0.5628
2024-05-27 17:18:03,029 - INFO - 
Epoch	41
2024-05-27 17:19:20,831 - INFO - [51200/66739]	Loss  : 1.1634
2024-05-27 17:19:42,742 - INFO - [66560/66739]	Loss  : 1.1666
2024-05-27 17:19:48,290 - INFO - Test loss   : 0.5661
2024-05-27 17:19:48,290 - INFO - 
Epoch	42
2024-05-27 17:21:05,085 - INFO - [51200/66739]	Loss  : 1.1645
2024-05-27 17:21:26,527 - INFO - [66560/66739]	Loss  : 1.1657
2024-05-27 17:21:32,841 - INFO - Test loss   : 0.5682
2024-05-27 17:21:32,841 - INFO - 
Epoch	43
2024-05-27 17:22:51,140 - INFO - [51200/66739]	Loss  : 1.1644
2024-05-27 17:23:12,635 - INFO - [66560/66739]	Loss  : 1.1644
2024-05-27 17:23:19,235 - INFO - Test loss   : 0.5594
2024-05-27 17:23:19,235 - INFO - 
Epoch	44
2024-05-27 17:24:35,686 - INFO - [51200/66739]	Loss  : 1.1614
2024-05-27 17:24:57,062 - INFO - [66560/66739]	Loss  : 1.1626
2024-05-27 17:25:03,648 - INFO - Test loss   : 0.5638
2024-05-27 17:25:03,648 - INFO - 
Epoch	45
2024-05-27 17:26:20,583 - INFO - [51200/66739]	Loss  : 1.1636
2024-05-27 17:26:42,149 - INFO - [66560/66739]	Loss  : 1.1623
2024-05-27 17:26:48,877 - INFO - Test loss   : 0.5663
2024-05-27 17:26:48,877 - INFO - 
Epoch	46
2024-05-27 17:28:06,726 - INFO - [51200/66739]	Loss  : 1.1622
2024-05-27 17:28:28,141 - INFO - [66560/66739]	Loss  : 1.1610
2024-05-27 17:28:34,715 - INFO - Test loss   : 0.5651
2024-05-27 17:28:34,715 - INFO - 
Epoch	47
2024-05-27 17:29:51,772 - INFO - [51200/66739]	Loss  : 1.1601
2024-05-27 17:30:13,212 - INFO - [66560/66739]	Loss  : 1.1595
2024-05-27 17:30:19,683 - INFO - Test loss   : 0.5648
2024-05-27 17:30:19,683 - INFO - 
Epoch	48
2024-05-27 17:31:36,695 - INFO - [51200/66739]	Loss  : 1.1590
2024-05-27 17:31:58,163 - INFO - [66560/66739]	Loss  : 1.1590
2024-05-27 17:32:04,645 - INFO - Test loss   : 0.5671
2024-05-27 17:32:04,646 - INFO - 
Epoch	49
2024-05-27 17:33:21,670 - INFO - [51200/66739]	Loss  : 1.1567
2024-05-27 17:33:43,472 - INFO - [66560/66739]	Loss  : 1.1574
2024-05-27 17:33:50,223 - INFO - Test loss   : 0.5620
2024-05-27 17:33:50,223 - INFO - 
Epoch	50
2024-05-27 17:35:07,862 - INFO - [51200/66739]	Loss  : 1.1561
2024-05-27 17:35:29,264 - INFO - [66560/66739]	Loss  : 1.1575
2024-05-27 17:35:35,776 - INFO - Test loss   : 0.5604
2024-05-27 17:35:35,776 - INFO - 
Epoch	51
2024-05-27 17:36:52,892 - INFO - [51200/66739]	Loss  : 1.1578
2024-05-27 17:37:14,366 - INFO - [66560/66739]	Loss  : 1.1567
2024-05-27 17:37:20,976 - INFO - Test loss   : 0.5670
2024-05-27 17:37:20,976 - INFO - 
Epoch	52
2024-05-27 17:38:38,884 - INFO - [51200/66739]	Loss  : 1.1544
2024-05-27 17:39:00,570 - INFO - [66560/66739]	Loss  : 1.1542
2024-05-27 17:39:06,802 - INFO - Test loss   : 0.5586
2024-05-27 17:39:06,802 - INFO - 
Epoch	53
2024-05-27 17:40:09,809 - INFO - [51200/66739]	Loss  : 1.1541
2024-05-27 17:40:21,730 - INFO - [66560/66739]	Loss  : 1.1549
2024-05-27 17:40:25,764 - INFO - Test loss   : 0.5606
2024-05-27 17:40:25,764 - INFO - 
Epoch	54
2024-05-27 17:41:15,199 - INFO - [51200/66739]	Loss  : 1.1555
2024-05-27 17:41:33,261 - INFO - [66560/66739]	Loss  : 1.1545
2024-05-27 17:41:38,728 - INFO - Test loss   : 0.5596
2024-05-27 17:41:38,728 - INFO - 
Epoch	55
2024-05-27 17:42:40,187 - INFO - [51200/66739]	Loss  : 1.1523
2024-05-27 17:42:53,077 - INFO - [66560/66739]	Loss  : 1.1523
2024-05-27 17:42:56,304 - INFO - Test loss   : 0.5582
2024-05-27 17:42:56,304 - INFO - 
Epoch	56
2024-05-27 17:43:39,955 - INFO - [51200/66739]	Loss  : 1.1513
2024-05-27 17:43:52,416 - INFO - [66560/66739]	Loss  : 1.1525
2024-05-27 17:43:56,171 - INFO - Test loss   : 0.5595
2024-05-27 17:43:56,171 - INFO - 
Epoch	57
2024-05-27 17:44:47,469 - INFO - [51200/66739]	Loss  : 1.1522
2024-05-27 17:45:04,765 - INFO - [66560/66739]	Loss  : 1.1518
2024-05-27 17:45:10,326 - INFO - Test loss   : 0.5620
2024-05-27 17:45:10,326 - INFO - 
Epoch	58
2024-05-27 17:46:13,315 - INFO - [51200/66739]	Loss  : 1.1498
2024-05-27 17:46:30,771 - INFO - [66560/66739]	Loss  : 1.1508
2024-05-27 17:46:36,057 - INFO - Test loss   : 0.5579
2024-05-27 17:46:36,057 - INFO - 
Epoch	59
2024-05-27 17:47:40,107 - INFO - [51200/66739]	Loss  : 1.1513
2024-05-27 17:47:58,451 - INFO - [66560/66739]	Loss  : 1.1512
2024-05-27 17:48:03,831 - INFO - Test loss   : 0.5576
2024-05-27 17:48:03,832 - INFO - 
Epoch	60
2024-05-27 17:49:06,650 - INFO - [51200/66739]	Loss  : 1.1486
2024-05-27 17:49:24,190 - INFO - [66560/66739]	Loss  : 1.1493
2024-05-27 17:49:29,551 - INFO - Test loss   : 0.5592
2024-05-27 17:49:29,552 - INFO - 
Epoch	61
2024-05-27 17:50:32,743 - INFO - [51200/66739]	Loss  : 1.1491
2024-05-27 17:50:50,748 - INFO - [66560/66739]	Loss  : 1.1492
2024-05-27 17:50:56,157 - INFO - Test loss   : 0.5583
2024-05-27 17:50:56,157 - INFO - 
Epoch	62
2024-05-27 17:51:59,401 - INFO - [51200/66739]	Loss  : 1.1487
2024-05-27 17:52:16,634 - INFO - [66560/66739]	Loss  : 1.1478
2024-05-27 17:52:21,937 - INFO - Test loss   : 0.5584
2024-05-27 17:52:21,938 - INFO - 
Epoch	63
2024-05-27 17:53:24,789 - INFO - [51200/66739]	Loss  : 1.1475
2024-05-27 17:53:43,363 - INFO - [66560/66739]	Loss  : 1.1479
2024-05-27 17:53:49,079 - INFO - Test loss   : 0.5602
2024-05-27 17:53:49,079 - INFO - 
Epoch	64
2024-05-27 17:54:52,552 - INFO - [51200/66739]	Loss  : 1.1471
2024-05-27 17:55:09,890 - INFO - [66560/66739]	Loss  : 1.1470
2024-05-27 17:55:15,274 - INFO - Test loss   : 0.5572
2024-05-27 17:55:15,274 - INFO - 
Epoch	65
2024-05-27 17:56:18,350 - INFO - [51200/66739]	Loss  : 1.1484
2024-05-27 17:56:35,795 - INFO - [66560/66739]	Loss  : 1.1475
2024-05-27 17:56:41,034 - INFO - Test loss   : 0.5603
2024-05-27 17:56:41,034 - INFO - 
Epoch	66
2024-05-27 17:57:44,049 - INFO - [51200/66739]	Loss  : 1.1448
2024-05-27 17:58:01,548 - INFO - [66560/66739]	Loss  : 1.1463
2024-05-27 17:58:06,898 - INFO - Test loss   : 0.5592
2024-05-27 17:58:06,899 - INFO - 
Epoch	67
2024-05-27 17:59:10,341 - INFO - [51200/66739]	Loss  : 1.1463
2024-05-27 17:59:29,011 - INFO - [66560/66739]	Loss  : 1.1465
2024-05-27 17:59:33,431 - INFO - Test loss   : 0.5588
2024-05-27 17:59:33,432 - INFO - 
Epoch	68
2024-05-27 18:00:37,219 - INFO - [51200/66739]	Loss  : 1.1435
2024-05-27 18:00:55,097 - INFO - [66560/66739]	Loss  : 1.1443
2024-05-27 18:01:00,443 - INFO - Test loss   : 0.5619
2024-05-27 18:01:00,443 - INFO - 
Epoch	69
2024-05-27 18:02:05,000 - INFO - [51200/66739]	Loss  : 1.1438
2024-05-27 18:02:22,831 - INFO - [66560/66739]	Loss  : 1.1436
2024-05-27 18:02:28,348 - INFO - Test loss   : 0.5575
2024-05-27 18:02:28,348 - INFO - 
Epoch	70
2024-05-27 18:03:32,589 - INFO - [51200/66739]	Loss  : 1.1446
2024-05-27 18:03:50,961 - INFO - [66560/66739]	Loss  : 1.1448
2024-05-27 18:03:56,505 - INFO - Test loss   : 0.5563
2024-05-27 18:03:56,506 - INFO - 
Epoch	71
2024-05-27 18:05:01,383 - INFO - [51200/66739]	Loss  : 1.1444
2024-05-27 18:05:19,356 - INFO - [66560/66739]	Loss  : 1.1430
2024-05-27 18:05:25,034 - INFO - Test loss   : 0.5563
2024-05-27 18:05:25,035 - INFO - 
Epoch	72
2024-05-27 18:06:29,677 - INFO - [51200/66739]	Loss  : 1.1425
2024-05-27 18:06:47,482 - INFO - [66560/66739]	Loss  : 1.1430
2024-05-27 18:06:52,890 - INFO - Test loss   : 0.5578
2024-05-27 18:06:52,890 - INFO - 
Epoch	73
2024-05-27 18:07:57,362 - INFO - [51200/66739]	Loss  : 1.1419
2024-05-27 18:08:15,130 - INFO - [66560/66739]	Loss  : 1.1422
2024-05-27 18:08:20,650 - INFO - Test loss   : 0.5601
2024-05-27 18:08:20,650 - INFO - 
Epoch	74
2024-05-27 18:09:24,843 - INFO - [51200/66739]	Loss  : 1.1432
2024-05-27 18:09:42,812 - INFO - [66560/66739]	Loss  : 1.1431
2024-05-27 18:09:48,248 - INFO - Test loss   : 0.5604
2024-05-27 18:09:48,248 - INFO - 
Epoch	75
2024-05-27 18:10:52,602 - INFO - [51200/66739]	Loss  : 1.1419
2024-05-27 18:11:10,979 - INFO - [66560/66739]	Loss  : 1.1418
2024-05-27 18:11:16,437 - INFO - Test loss   : 0.5555
2024-05-27 18:11:16,437 - INFO - 
Epoch	76
2024-05-27 18:12:20,899 - INFO - [51200/66739]	Loss  : 1.1404
2024-05-27 18:12:38,860 - INFO - [66560/66739]	Loss  : 1.1418
2024-05-27 18:12:44,264 - INFO - Test loss   : 0.5577
2024-05-27 18:12:44,264 - INFO - 
Epoch	77
2024-05-27 18:13:48,497 - INFO - [51200/66739]	Loss  : 1.1397
2024-05-27 18:14:06,467 - INFO - [66560/66739]	Loss  : 1.1402
2024-05-27 18:14:11,984 - INFO - Test loss   : 0.5593
2024-05-27 18:14:11,984 - INFO - 
Epoch	78
2024-05-27 18:15:16,331 - INFO - [51200/66739]	Loss  : 1.1424
2024-05-27 18:15:34,200 - INFO - [66560/66739]	Loss  : 1.1422
2024-05-27 18:15:39,704 - INFO - Test loss   : 0.5579
2024-05-27 18:15:39,704 - INFO - 
Epoch	79
2024-05-27 18:16:43,141 - INFO - [51200/66739]	Loss  : 1.1391
2024-05-27 18:17:01,345 - INFO - [66560/66739]	Loss  : 1.1403
2024-05-27 18:17:06,855 - INFO - Test loss   : 0.5567
2024-05-27 18:17:06,855 - INFO - 
Epoch	80
2024-05-27 18:18:12,072 - INFO - [51200/66739]	Loss  : 1.1400
2024-05-27 18:18:29,895 - INFO - [66560/66739]	Loss  : 1.1395
2024-05-27 18:18:35,347 - INFO - Test loss   : 0.5562
2024-05-27 18:18:35,347 - INFO - 
Epoch	81
2024-05-27 18:19:39,609 - INFO - [51200/66739]	Loss  : 1.1404
2024-05-27 18:19:57,541 - INFO - [66560/66739]	Loss  : 1.1394
2024-05-27 18:20:02,954 - INFO - Test loss   : 0.5588
2024-05-27 18:20:02,955 - INFO - 
Epoch	82
2024-05-27 18:21:07,231 - INFO - [51200/66739]	Loss  : 1.1377
2024-05-27 18:21:25,122 - INFO - [66560/66739]	Loss  : 1.1386
2024-05-27 18:21:30,523 - INFO - Test loss   : 0.5568
2024-05-27 18:21:30,523 - INFO - 
Epoch	83
2024-05-27 18:22:35,575 - INFO - [51200/66739]	Loss  : 1.1380
2024-05-27 18:22:53,570 - INFO - [66560/66739]	Loss  : 1.1389
2024-05-27 18:22:59,062 - INFO - Test loss   : 0.5561
2024-05-27 18:22:59,062 - INFO - 
Epoch	84
2024-05-27 18:24:03,325 - INFO - [51200/66739]	Loss  : 1.1394
2024-05-27 18:24:21,234 - INFO - [66560/66739]	Loss  : 1.1383
2024-05-27 18:24:26,584 - INFO - Test loss   : 0.5612
2024-05-27 18:24:26,584 - INFO - 
Epoch	85
2024-05-27 18:25:30,843 - INFO - [51200/66739]	Loss  : 1.1362
2024-05-27 18:25:48,786 - INFO - [66560/66739]	Loss  : 1.1367
2024-05-27 18:25:54,243 - INFO - Test loss   : 0.5562
2024-05-27 18:25:54,244 - INFO - 
Epoch	86
2024-05-27 18:26:58,459 - INFO - [51200/66739]	Loss  : 1.1362
2024-05-27 18:27:16,228 - INFO - [66560/66739]	Loss  : 1.1367
2024-05-27 18:27:21,671 - INFO - Test loss   : 0.5595
2024-05-27 18:27:21,671 - INFO - 
Epoch	87
2024-05-27 18:28:26,350 - INFO - [51200/66739]	Loss  : 1.1386
2024-05-27 18:28:44,070 - INFO - [66560/66739]	Loss  : 1.1366
2024-05-27 18:28:49,474 - INFO - Test loss   : 0.5604
2024-05-27 18:28:49,475 - INFO - 
Epoch	88
2024-05-27 18:29:54,637 - INFO - [51200/66739]	Loss  : 1.1347
2024-05-27 18:30:09,848 - INFO - [66560/66739]	Loss  : 1.1361
2024-05-27 18:30:15,318 - INFO - Test loss   : 0.5566
2024-05-27 18:30:15,319 - INFO - 
Epoch	89
2024-05-27 18:31:19,246 - INFO - [51200/66739]	Loss  : 1.1379
2024-05-27 18:31:36,999 - INFO - [66560/66739]	Loss  : 1.1367
2024-05-27 18:31:42,439 - INFO - Test loss   : 0.5580
2024-05-27 18:31:42,439 - INFO - 
Epoch	90
2024-05-27 18:32:46,286 - INFO - [51200/66739]	Loss  : 1.1351
2024-05-27 18:33:04,417 - INFO - [66560/66739]	Loss  : 1.1354
2024-05-27 18:33:10,000 - INFO - Test loss   : 0.5549
2024-05-27 18:33:10,000 - INFO - 
Epoch	91
2024-05-27 18:34:12,908 - INFO - [51200/66739]	Loss  : 1.1355
2024-05-27 18:34:30,721 - INFO - [66560/66739]	Loss  : 1.1362
2024-05-27 18:34:36,083 - INFO - Test loss   : 0.5567
2024-05-27 18:34:36,084 - INFO - 
Epoch	92
2024-05-27 18:35:39,741 - INFO - [51200/66739]	Loss  : 1.1341
2024-05-27 18:35:57,420 - INFO - [66560/66739]	Loss  : 1.1351
2024-05-27 18:36:02,877 - INFO - Test loss   : 0.5557
2024-05-27 18:36:02,878 - INFO - 
Epoch	93
2024-05-27 18:37:06,539 - INFO - [51200/66739]	Loss  : 1.1368
2024-05-27 18:37:24,260 - INFO - [66560/66739]	Loss  : 1.1348
2024-05-27 18:37:29,679 - INFO - Test loss   : 0.5566
2024-05-27 18:37:29,680 - INFO - 
Epoch	94
2024-05-27 18:38:33,320 - INFO - [51200/66739]	Loss  : 1.1348
2024-05-27 18:38:51,094 - INFO - [66560/66739]	Loss  : 1.1350
2024-05-27 18:38:56,448 - INFO - Test loss   : 0.5585
2024-05-27 18:38:56,449 - INFO - 
Epoch	95
2024-05-27 18:40:01,176 - INFO - [51200/66739]	Loss  : 1.1352
2024-05-27 18:40:18,905 - INFO - [66560/66739]	Loss  : 1.1340
2024-05-27 18:40:24,303 - INFO - Test loss   : 0.5582
2024-05-27 18:40:24,303 - INFO - 
Epoch	96
2024-05-27 18:41:28,074 - INFO - [51200/66739]	Loss  : 1.1327
2024-05-27 18:41:45,699 - INFO - [66560/66739]	Loss  : 1.1346
2024-05-27 18:41:51,148 - INFO - Test loss   : 0.5560
2024-05-27 18:41:51,148 - INFO - 
Epoch	97
2024-05-27 18:42:54,798 - INFO - [51200/66739]	Loss  : 1.1322
2024-05-27 18:43:12,502 - INFO - [66560/66739]	Loss  : 1.1343
2024-05-27 18:43:17,940 - INFO - Test loss   : 0.5555
2024-05-27 18:43:17,940 - INFO - 
Epoch	98
2024-05-27 18:44:22,247 - INFO - [51200/66739]	Loss  : 1.1314
2024-05-27 18:44:40,379 - INFO - [66560/66739]	Loss  : 1.1342
2024-05-27 18:44:45,754 - INFO - Test loss   : 0.5547
2024-05-27 18:44:45,754 - INFO - 
Epoch	99
2024-05-27 18:45:50,446 - INFO - [51200/66739]	Loss  : 1.1319
2024-05-27 18:46:08,221 - INFO - [66560/66739]	Loss  : 1.1328
2024-05-27 18:46:13,672 - INFO - Test loss   : 0.5575
2024-05-27 18:46:13,672 - INFO - Saving output model to ../models/xyz/model_yfcc_xyz_inception_v3_0.0020_64_0.0005000_1_512.pth.tar
2024-05-27 18:46:13,734 - INFO - Saving output model to ../models/xyz/model_yfcc_xyz_inception_v3_0.0020_64_0.0005000_1_512.pth.tar
2024-05-27 18:46:13,744 - INFO - 
No prior
2024-05-27 18:46:13,750 - INFO - (17798,)
2024-05-27 18:46:13,864 - INFO -  Split ID: 0
2024-05-27 18:46:13,864 - INFO -  Top 1	acc (%):   50.15
2024-05-27 18:46:13,864 - INFO -  Top 3	acc (%):   73.9
2024-05-27 18:46:13,864 - INFO -  Top 5	acc (%):   82.45
2024-05-27 18:46:13,864 - INFO -  Top 10	acc (%):   91.06
2024-05-27 18:46:43,066 - INFO -  Split ID: 0
2024-05-27 18:46:43,066 - INFO -  Top 1	acc (%):   50.87
2024-05-27 18:46:43,067 - INFO -  Top 3	acc (%):   74.71
2024-05-27 18:46:43,067 - INFO -  Top 5	acc (%):   83.41
2024-05-27 18:46:43,067 - INFO -  Top 10	acc (%):   91.7
2024-05-27 18:46:43,071 - INFO - 
Only xyz
2024-05-27 18:46:43,071 - INFO -  Model :	model_yfcc_xyz_inception_v3_0.0020_64_0.0005000_1_512.pth.tar
2024-05-27 18:46:43,097 - INFO - (4449,)
2024-05-27 18:46:43,119 - INFO -  Split ID: 0
2024-05-27 18:46:43,121 - INFO -  Top 1	LocEnc acc (%):   7.93
2024-05-27 18:46:43,121 - INFO -  Top 3	LocEnc acc (%):   17.46
2024-05-27 18:46:43,121 - INFO -  Top 5	LocEnc acc (%):   25.58
2024-05-27 18:46:43,121 - INFO -  Top 10	LocEnc acc (%):   38.71
