2024-05-19 03:09:09,224 - INFO - 
num_classes	62
2024-05-19 03:09:09,224 - INFO - num train    	363571
2024-05-19 03:09:09,224 - INFO - num val      	53041
2024-05-19 03:09:09,224 - INFO - train loss   	full_loss
2024-05-19 03:09:09,224 - INFO - model name   	../models/xyz/model_fmow_xyz_inception_v3_0.0050_64_0.0005000_1_512.pth.tar
2024-05-19 03:09:09,224 - INFO - num users    	1
2024-05-19 03:09:09,454 - INFO - 
Epoch	0
2024-05-19 03:09:09,901 - INFO - [6144/363571]	Loss  : 2.0084
2024-05-19 03:09:11,852 - INFO - Test loss   : 1.1435
2024-05-19 03:09:11,852 - INFO - 
Epoch	1
2024-05-19 03:09:12,114 - INFO - [6144/363571]	Loss  : 1.8879
2024-05-19 03:09:13,958 - INFO - Test loss   : 1.0776
2024-05-19 03:09:13,958 - INFO - 
Epoch	2
2024-05-19 03:09:14,220 - INFO - [6144/363571]	Loss  : 1.8279
2024-05-19 03:09:16,167 - INFO - Test loss   : 1.0902
2024-05-19 03:09:16,168 - INFO - 
Epoch	3
2024-05-19 03:09:16,430 - INFO - [6144/363571]	Loss  : 1.8115
2024-05-19 03:09:18,272 - INFO - Test loss   : 1.0970
2024-05-19 03:09:18,272 - INFO - 
Epoch	4
2024-05-19 03:09:18,534 - INFO - [6144/363571]	Loss  : 1.7852
2024-05-19 03:09:20,483 - INFO - Test loss   : 1.0206
2024-05-19 03:09:20,483 - INFO - 
Epoch	5
2024-05-19 03:09:20,745 - INFO - [6144/363571]	Loss  : 1.7627
2024-05-19 03:09:22,587 - INFO - Test loss   : 0.9866
2024-05-19 03:09:22,587 - INFO - 
Epoch	6
2024-05-19 03:09:22,899 - INFO - [6144/363571]	Loss  : 1.7562
2024-05-19 03:09:24,745 - INFO - Test loss   : 0.9558
2024-05-19 03:09:24,745 - INFO - 
Epoch	7
2024-05-19 03:09:25,008 - INFO - [6144/363571]	Loss  : 1.7302
2024-05-19 03:09:26,903 - INFO - Test loss   : 1.0206
2024-05-19 03:09:26,903 - INFO - 
Epoch	8
2024-05-19 03:09:27,166 - INFO - [6144/363571]	Loss  : 1.7175
2024-05-19 03:09:29,111 - INFO - Test loss   : 1.0295
2024-05-19 03:09:29,111 - INFO - 
Epoch	9
2024-05-19 03:09:29,374 - INFO - [6144/363571]	Loss  : 1.7047
2024-05-19 03:09:31,223 - INFO - Test loss   : 0.9679
2024-05-19 03:09:31,223 - INFO - 
Epoch	10
2024-05-19 03:09:31,485 - INFO - [6144/363571]	Loss  : 1.7029
2024-05-19 03:09:33,432 - INFO - Test loss   : 0.9867
2024-05-19 03:09:33,504 - INFO - (53041,)
2024-05-19 03:09:33,624 - INFO -  Split ID: 0
2024-05-19 03:09:33,645 - INFO -  Top 1	LocEnc (Epoch 10)acc (%):   5.39
2024-05-19 03:09:33,646 - INFO -  Top 3	LocEnc (Epoch 10)acc (%):   13.01
2024-05-19 03:09:33,648 - INFO -  Top 5	LocEnc (Epoch 10)acc (%):   20.12
2024-05-19 03:09:33,650 - INFO -  Top 10	LocEnc (Epoch 10)acc (%):   35.2
2024-05-19 03:09:33,656 - INFO - 
No prior
2024-05-19 03:09:33,661 - INFO - (53041,)
2024-05-19 03:09:33,809 - INFO -  Split ID: 0
2024-05-19 03:09:33,809 - INFO -  Top 1	(Epoch 10)acc (%):   69.83
2024-05-19 03:09:33,809 - INFO -  Top 3	(Epoch 10)acc (%):   84.61
2024-05-19 03:09:33,809 - INFO -  Top 5	(Epoch 10)acc (%):   89.23
2024-05-19 03:09:33,809 - INFO -  Top 10	(Epoch 10)acc (%):   94.29
2024-05-19 03:09:50,262 - INFO -  Split ID: 0
2024-05-19 03:09:50,263 - INFO -  Top 1	(Epoch 10)acc (%):   70.07
2024-05-19 03:09:50,265 - INFO -  Top 3	(Epoch 10)acc (%):   84.78
2024-05-19 03:09:50,265 - INFO -  Top 5	(Epoch 10)acc (%):   89.36
2024-05-19 03:09:50,265 - INFO -  Top 10	(Epoch 10)acc (%):   94.39
2024-05-19 03:09:50,265 - INFO - 
Epoch	11
2024-05-19 03:09:50,526 - INFO - [6144/363571]	Loss  : 1.6853
2024-05-19 03:09:52,374 - INFO - Test loss   : 0.9505
2024-05-19 03:09:52,374 - INFO - 
Epoch	12
2024-05-19 03:09:52,636 - INFO - [6144/363571]	Loss  : 1.6773
2024-05-19 03:09:54,580 - INFO - Test loss   : 0.9533
2024-05-19 03:09:54,581 - INFO - 
Epoch	13
2024-05-19 03:09:54,842 - INFO - [6144/363571]	Loss  : 1.6603
2024-05-19 03:09:56,684 - INFO - Test loss   : 0.9823
2024-05-19 03:09:56,684 - INFO - 
Epoch	14
2024-05-19 03:09:56,946 - INFO - [6144/363571]	Loss  : 1.6418
2024-05-19 03:09:58,890 - INFO - Test loss   : 0.9336
2024-05-19 03:09:58,891 - INFO - 
Epoch	15
2024-05-19 03:09:59,153 - INFO - [6144/363571]	Loss  : 1.6390
2024-05-19 03:10:01,004 - INFO - Test loss   : 0.8897
2024-05-19 03:10:01,004 - INFO - 
Epoch	16
2024-05-19 03:10:01,318 - INFO - [6144/363571]	Loss  : 1.6355
2024-05-19 03:10:03,211 - INFO - Test loss   : 0.9500
2024-05-19 03:10:03,211 - INFO - 
Epoch	17
2024-05-19 03:10:03,475 - INFO - [6144/363571]	Loss  : 1.6201
2024-05-19 03:10:05,313 - INFO - Test loss   : 0.8989
2024-05-19 03:10:05,313 - INFO - 
Epoch	18
2024-05-19 03:10:05,577 - INFO - [6144/363571]	Loss  : 1.6191
2024-05-19 03:10:07,520 - INFO - Test loss   : 0.9506
2024-05-19 03:10:07,520 - INFO - 
Epoch	19
2024-05-19 03:10:07,783 - INFO - [6144/363571]	Loss  : 1.6080
2024-05-19 03:10:09,628 - INFO - Test loss   : 0.8974
2024-05-19 03:10:09,628 - INFO - 
Epoch	20
2024-05-19 03:10:09,891 - INFO - [6144/363571]	Loss  : 1.6052
2024-05-19 03:10:11,838 - INFO - Test loss   : 0.9169
2024-05-19 03:10:11,889 - INFO - (53041,)
2024-05-19 03:10:12,014 - INFO -  Split ID: 0
2024-05-19 03:10:12,034 - INFO -  Top 1	LocEnc (Epoch 20)acc (%):   5.67
2024-05-19 03:10:12,036 - INFO -  Top 3	LocEnc (Epoch 20)acc (%):   15.67
2024-05-19 03:10:12,037 - INFO -  Top 5	LocEnc (Epoch 20)acc (%):   23.48
2024-05-19 03:10:12,039 - INFO -  Top 10	LocEnc (Epoch 20)acc (%):   39.26
2024-05-19 03:10:12,045 - INFO - 
No prior
2024-05-19 03:10:12,050 - INFO - (53041,)
2024-05-19 03:10:12,193 - INFO -  Split ID: 0
2024-05-19 03:10:12,194 - INFO -  Top 1	(Epoch 20)acc (%):   69.83
2024-05-19 03:10:12,194 - INFO -  Top 3	(Epoch 20)acc (%):   84.61
2024-05-19 03:10:12,194 - INFO -  Top 5	(Epoch 20)acc (%):   89.23
2024-05-19 03:10:12,194 - INFO -  Top 10	(Epoch 20)acc (%):   94.29
2024-05-19 03:10:28,675 - INFO -  Split ID: 0
2024-05-19 03:10:28,675 - INFO -  Top 1	(Epoch 20)acc (%):   70.11
2024-05-19 03:10:28,675 - INFO -  Top 3	(Epoch 20)acc (%):   84.84
2024-05-19 03:10:28,675 - INFO -  Top 5	(Epoch 20)acc (%):   89.41
2024-05-19 03:10:28,675 - INFO -  Top 10	(Epoch 20)acc (%):   94.41
2024-05-19 03:10:28,676 - INFO - 
Epoch	21
2024-05-19 03:10:28,939 - INFO - [6144/363571]	Loss  : 1.6049
2024-05-19 03:10:30,783 - INFO - Test loss   : 0.8856
2024-05-19 03:10:30,783 - INFO - 
Epoch	22
2024-05-19 03:10:31,098 - INFO - [6144/363571]	Loss  : 1.6093
2024-05-19 03:10:32,998 - INFO - Test loss   : 0.9012
2024-05-19 03:10:32,998 - INFO - 
Epoch	23
2024-05-19 03:10:33,261 - INFO - [6144/363571]	Loss  : 1.5994
2024-05-19 03:10:35,109 - INFO - Test loss   : 0.8689
2024-05-19 03:10:35,109 - INFO - 
Epoch	24
2024-05-19 03:10:35,373 - INFO - [6144/363571]	Loss  : 1.5917
2024-05-19 03:10:37,325 - INFO - Test loss   : 0.9046
2024-05-19 03:10:37,325 - INFO - 
Epoch	25
2024-05-19 03:10:37,588 - INFO - [6144/363571]	Loss  : 1.5682
2024-05-19 03:10:39,435 - INFO - Test loss   : 0.8468
2024-05-19 03:10:39,435 - INFO - 
Epoch	26
2024-05-19 03:10:39,699 - INFO - [6144/363571]	Loss  : 1.5929
2024-05-19 03:10:41,646 - INFO - Test loss   : 0.8616
2024-05-19 03:10:41,646 - INFO - 
Epoch	27
2024-05-19 03:10:41,910 - INFO - [6144/363571]	Loss  : 1.5809
2024-05-19 03:10:43,757 - INFO - Test loss   : 0.8879
2024-05-19 03:10:43,757 - INFO - 
Epoch	28
2024-05-19 03:10:44,071 - INFO - [6144/363571]	Loss  : 1.5687
2024-05-19 03:10:45,968 - INFO - Test loss   : 0.8566
2024-05-19 03:10:45,968 - INFO - 
Epoch	29
2024-05-19 03:10:46,231 - INFO - [6144/363571]	Loss  : 1.5570
2024-05-19 03:10:48,077 - INFO - Test loss   : 0.9134
2024-05-19 03:10:48,077 - INFO - 
Epoch	30
2024-05-19 03:10:48,342 - INFO - [6144/363571]	Loss  : 1.5789
2024-05-19 03:10:50,288 - INFO - Test loss   : 0.8460
2024-05-19 03:10:50,339 - INFO - (53041,)
2024-05-19 03:10:50,468 - INFO -  Split ID: 0
2024-05-19 03:10:50,488 - INFO -  Top 1	LocEnc (Epoch 30)acc (%):   6.05
2024-05-19 03:10:50,490 - INFO -  Top 3	LocEnc (Epoch 30)acc (%):   17.83
2024-05-19 03:10:50,491 - INFO -  Top 5	LocEnc (Epoch 30)acc (%):   29.37
2024-05-19 03:10:50,493 - INFO -  Top 10	LocEnc (Epoch 30)acc (%):   42.84
2024-05-19 03:10:50,499 - INFO - 
No prior
2024-05-19 03:10:50,504 - INFO - (53041,)
2024-05-19 03:10:50,649 - INFO -  Split ID: 0
2024-05-19 03:10:50,649 - INFO -  Top 1	(Epoch 30)acc (%):   69.83
2024-05-19 03:10:50,650 - INFO -  Top 3	(Epoch 30)acc (%):   84.61
2024-05-19 03:10:50,650 - INFO -  Top 5	(Epoch 30)acc (%):   89.23
2024-05-19 03:10:50,650 - INFO -  Top 10	(Epoch 30)acc (%):   94.29
2024-05-19 03:11:07,059 - INFO -  Split ID: 0
2024-05-19 03:11:07,059 - INFO -  Top 1	(Epoch 30)acc (%):   70.09
2024-05-19 03:11:07,059 - INFO -  Top 3	(Epoch 30)acc (%):   84.84
2024-05-19 03:11:07,059 - INFO -  Top 5	(Epoch 30)acc (%):   89.44
2024-05-19 03:11:07,060 - INFO -  Top 10	(Epoch 30)acc (%):   94.45
2024-05-19 03:11:07,060 - INFO - 
Epoch	31
2024-05-19 03:11:07,322 - INFO - [6144/363571]	Loss  : 1.5682
2024-05-19 03:11:09,169 - INFO - Test loss   : 0.8472
2024-05-19 03:11:09,169 - INFO - 
Epoch	32
2024-05-19 03:11:09,433 - INFO - [6144/363571]	Loss  : 1.5623
2024-05-19 03:11:11,379 - INFO - Test loss   : 0.8549
2024-05-19 03:11:11,379 - INFO - 
Epoch	33
2024-05-19 03:11:11,642 - INFO - [6144/363571]	Loss  : 1.5469
2024-05-19 03:11:13,483 - INFO - Test loss   : 0.8721
2024-05-19 03:11:13,483 - INFO - 
Epoch	34
2024-05-19 03:11:13,796 - INFO - [6144/363571]	Loss  : 1.5510
2024-05-19 03:11:15,690 - INFO - Test loss   : 0.8477
2024-05-19 03:11:15,690 - INFO - 
Epoch	35
2024-05-19 03:11:15,952 - INFO - [6144/363571]	Loss  : 1.5453
2024-05-19 03:11:17,797 - INFO - Test loss   : 0.8485
2024-05-19 03:11:17,797 - INFO - 
Epoch	36
2024-05-19 03:11:18,059 - INFO - [6144/363571]	Loss  : 1.5389
2024-05-19 03:11:20,003 - INFO - Test loss   : 0.8563
2024-05-19 03:11:20,003 - INFO - 
Epoch	37
2024-05-19 03:11:20,266 - INFO - [6144/363571]	Loss  : 1.5406
2024-05-19 03:11:22,105 - INFO - Test loss   : 0.8288
2024-05-19 03:11:22,105 - INFO - 
Epoch	38
2024-05-19 03:11:22,367 - INFO - [6144/363571]	Loss  : 1.5356
2024-05-19 03:11:24,311 - INFO - Test loss   : 0.8380
2024-05-19 03:11:24,311 - INFO - 
Epoch	39
2024-05-19 03:11:24,574 - INFO - [6144/363571]	Loss  : 1.5358
2024-05-19 03:11:26,414 - INFO - Test loss   : 0.8322
2024-05-19 03:11:26,414 - INFO - 
Epoch	40
2024-05-19 03:11:26,727 - INFO - [6144/363571]	Loss  : 1.5415
2024-05-19 03:11:28,615 - INFO - Test loss   : 0.8371
2024-05-19 03:11:28,666 - INFO - (53041,)
2024-05-19 03:11:28,796 - INFO -  Split ID: 0
2024-05-19 03:11:28,816 - INFO -  Top 1	LocEnc (Epoch 40)acc (%):   11.2
2024-05-19 03:11:28,818 - INFO -  Top 3	LocEnc (Epoch 40)acc (%):   22.95
2024-05-19 03:11:28,820 - INFO -  Top 5	LocEnc (Epoch 40)acc (%):   30.93
2024-05-19 03:11:28,822 - INFO -  Top 10	LocEnc (Epoch 40)acc (%):   43.72
2024-05-19 03:11:28,827 - INFO - 
No prior
2024-05-19 03:11:28,832 - INFO - (53041,)
2024-05-19 03:11:28,976 - INFO -  Split ID: 0
2024-05-19 03:11:28,977 - INFO -  Top 1	(Epoch 40)acc (%):   69.83
2024-05-19 03:11:28,977 - INFO -  Top 3	(Epoch 40)acc (%):   84.61
2024-05-19 03:11:28,977 - INFO -  Top 5	(Epoch 40)acc (%):   89.23
2024-05-19 03:11:28,977 - INFO -  Top 10	(Epoch 40)acc (%):   94.29
2024-05-19 03:11:45,295 - INFO -  Split ID: 0
2024-05-19 03:11:45,295 - INFO -  Top 1	(Epoch 40)acc (%):   70.12
2024-05-19 03:11:45,296 - INFO -  Top 3	(Epoch 40)acc (%):   84.84
2024-05-19 03:11:45,296 - INFO -  Top 5	(Epoch 40)acc (%):   89.45
2024-05-19 03:11:45,296 - INFO -  Top 10	(Epoch 40)acc (%):   94.44
2024-05-19 03:11:45,296 - INFO - 
Epoch	41
2024-05-19 03:11:45,559 - INFO - [6144/363571]	Loss  : 1.5239
2024-05-19 03:11:47,394 - INFO - Test loss   : 0.8446
2024-05-19 03:11:47,394 - INFO - 
Epoch	42
2024-05-19 03:11:47,656 - INFO - [6144/363571]	Loss  : 1.5360
2024-05-19 03:11:49,591 - INFO - Test loss   : 0.8192
2024-05-19 03:11:49,591 - INFO - 
Epoch	43
2024-05-19 03:11:49,854 - INFO - [6144/363571]	Loss  : 1.5293
2024-05-19 03:11:51,690 - INFO - Test loss   : 0.8302
2024-05-19 03:11:51,690 - INFO - 
Epoch	44
2024-05-19 03:11:51,952 - INFO - [6144/363571]	Loss  : 1.5333
2024-05-19 03:11:53,891 - INFO - Test loss   : 0.8141
2024-05-19 03:11:53,891 - INFO - 
Epoch	45
2024-05-19 03:11:54,155 - INFO - [6144/363571]	Loss  : 1.5290
2024-05-19 03:11:55,999 - INFO - Test loss   : 0.8373
2024-05-19 03:11:55,999 - INFO - 
Epoch	46
2024-05-19 03:11:56,312 - INFO - [6144/363571]	Loss  : 1.5305
2024-05-19 03:11:58,209 - INFO - Test loss   : 0.8317
2024-05-19 03:11:58,209 - INFO - 
Epoch	47
2024-05-19 03:11:58,472 - INFO - [6144/363571]	Loss  : 1.5113
2024-05-19 03:12:00,315 - INFO - Test loss   : 0.8229
2024-05-19 03:12:00,315 - INFO - 
Epoch	48
2024-05-19 03:12:00,577 - INFO - [6144/363571]	Loss  : 1.5237
2024-05-19 03:12:02,519 - INFO - Test loss   : 0.8189
2024-05-19 03:12:02,519 - INFO - 
Epoch	49
2024-05-19 03:12:02,781 - INFO - [6144/363571]	Loss  : 1.5148
2024-05-19 03:12:04,615 - INFO - Test loss   : 0.8213
2024-05-19 03:12:04,615 - INFO - 
Epoch	50
2024-05-19 03:12:04,877 - INFO - [6144/363571]	Loss  : 1.5217
2024-05-19 03:12:06,814 - INFO - Test loss   : 0.8290
2024-05-19 03:12:06,865 - INFO - (53041,)
2024-05-19 03:12:06,997 - INFO -  Split ID: 0
2024-05-19 03:12:07,017 - INFO -  Top 1	LocEnc (Epoch 50)acc (%):   6.79
2024-05-19 03:12:07,019 - INFO -  Top 3	LocEnc (Epoch 50)acc (%):   19.15
2024-05-19 03:12:07,020 - INFO -  Top 5	LocEnc (Epoch 50)acc (%):   30.95
2024-05-19 03:12:07,022 - INFO -  Top 10	LocEnc (Epoch 50)acc (%):   43.64
2024-05-19 03:12:07,028 - INFO - 
No prior
2024-05-19 03:12:07,033 - INFO - (53041,)
2024-05-19 03:12:07,177 - INFO -  Split ID: 0
2024-05-19 03:12:07,177 - INFO -  Top 1	(Epoch 50)acc (%):   69.83
2024-05-19 03:12:07,177 - INFO -  Top 3	(Epoch 50)acc (%):   84.61
2024-05-19 03:12:07,178 - INFO -  Top 5	(Epoch 50)acc (%):   89.23
2024-05-19 03:12:07,178 - INFO -  Top 10	(Epoch 50)acc (%):   94.29
2024-05-19 03:12:23,497 - INFO -  Split ID: 0
2024-05-19 03:12:23,497 - INFO -  Top 1	(Epoch 50)acc (%):   70.1
2024-05-19 03:12:23,497 - INFO -  Top 3	(Epoch 50)acc (%):   84.84
2024-05-19 03:12:23,497 - INFO -  Top 5	(Epoch 50)acc (%):   89.46
2024-05-19 03:12:23,497 - INFO -  Top 10	(Epoch 50)acc (%):   94.49
2024-05-19 03:12:23,498 - INFO - 
Epoch	51
2024-05-19 03:12:23,760 - INFO - [6144/363571]	Loss  : 1.5127
2024-05-19 03:12:25,593 - INFO - Test loss   : 0.8229
2024-05-19 03:12:25,594 - INFO - 
Epoch	52
2024-05-19 03:12:25,906 - INFO - [6144/363571]	Loss  : 1.5192
2024-05-19 03:12:27,790 - INFO - Test loss   : 0.8308
2024-05-19 03:12:27,791 - INFO - 
Epoch	53
2024-05-19 03:12:28,052 - INFO - [6144/363571]	Loss  : 1.5109
2024-05-19 03:12:29,888 - INFO - Test loss   : 0.8157
2024-05-19 03:12:29,888 - INFO - 
Epoch	54
2024-05-19 03:12:30,150 - INFO - [6144/363571]	Loss  : 1.5090
2024-05-19 03:12:32,085 - INFO - Test loss   : 0.8134
2024-05-19 03:12:32,085 - INFO - 
Epoch	55
2024-05-19 03:12:32,347 - INFO - [6144/363571]	Loss  : 1.5125
2024-05-19 03:12:34,185 - INFO - Test loss   : 0.7885
2024-05-19 03:12:34,185 - INFO - 
Epoch	56
2024-05-19 03:12:34,447 - INFO - [6144/363571]	Loss  : 1.5119
2024-05-19 03:12:36,387 - INFO - Test loss   : 0.8014
2024-05-19 03:12:36,387 - INFO - 
Epoch	57
2024-05-19 03:12:36,649 - INFO - [6144/363571]	Loss  : 1.5093
2024-05-19 03:12:38,487 - INFO - Test loss   : 0.8246
2024-05-19 03:12:38,487 - INFO - 
Epoch	58
2024-05-19 03:12:38,799 - INFO - [6144/363571]	Loss  : 1.5195
2024-05-19 03:12:40,686 - INFO - Test loss   : 0.8105
2024-05-19 03:12:40,686 - INFO - 
Epoch	59
2024-05-19 03:12:40,948 - INFO - [6144/363571]	Loss  : 1.5105
2024-05-19 03:12:42,784 - INFO - Test loss   : 0.7833
2024-05-19 03:12:42,784 - INFO - 
Epoch	60
2024-05-19 03:12:43,046 - INFO - [6144/363571]	Loss  : 1.4959
2024-05-19 03:12:44,983 - INFO - Test loss   : 0.8336
2024-05-19 03:12:45,034 - INFO - (53041,)
2024-05-19 03:12:45,165 - INFO -  Split ID: 0
2024-05-19 03:12:45,185 - INFO -  Top 1	LocEnc (Epoch 60)acc (%):   11.32
2024-05-19 03:12:45,187 - INFO -  Top 3	LocEnc (Epoch 60)acc (%):   24.93
2024-05-19 03:12:45,189 - INFO -  Top 5	LocEnc (Epoch 60)acc (%):   31.52
2024-05-19 03:12:45,190 - INFO -  Top 10	LocEnc (Epoch 60)acc (%):   44.38
2024-05-19 03:12:45,196 - INFO - 
No prior
2024-05-19 03:12:45,201 - INFO - (53041,)
2024-05-19 03:12:45,345 - INFO -  Split ID: 0
2024-05-19 03:12:45,346 - INFO -  Top 1	(Epoch 60)acc (%):   69.83
2024-05-19 03:12:45,346 - INFO -  Top 3	(Epoch 60)acc (%):   84.61
2024-05-19 03:12:45,346 - INFO -  Top 5	(Epoch 60)acc (%):   89.23
2024-05-19 03:12:45,346 - INFO -  Top 10	(Epoch 60)acc (%):   94.29
2024-05-19 03:13:01,642 - INFO -  Split ID: 0
2024-05-19 03:13:01,642 - INFO -  Top 1	(Epoch 60)acc (%):   70.14
2024-05-19 03:13:01,642 - INFO -  Top 3	(Epoch 60)acc (%):   84.87
2024-05-19 03:13:01,642 - INFO -  Top 5	(Epoch 60)acc (%):   89.46
2024-05-19 03:13:01,642 - INFO -  Top 10	(Epoch 60)acc (%):   94.47
2024-05-19 03:13:01,643 - INFO - 
Epoch	61
2024-05-19 03:13:01,905 - INFO - [6144/363571]	Loss  : 1.5034
2024-05-19 03:13:03,737 - INFO - Test loss   : 0.8122
2024-05-19 03:13:03,738 - INFO - 
Epoch	62
2024-05-19 03:13:04,000 - INFO - [6144/363571]	Loss  : 1.4930
2024-05-19 03:13:05,935 - INFO - Test loss   : 0.7931
2024-05-19 03:13:05,936 - INFO - 
Epoch	63
2024-05-19 03:13:06,197 - INFO - [6144/363571]	Loss  : 1.5083
2024-05-19 03:13:08,034 - INFO - Test loss   : 0.8159
2024-05-19 03:13:08,034 - INFO - 
Epoch	64
2024-05-19 03:13:08,346 - INFO - [6144/363571]	Loss  : 1.4958
2024-05-19 03:13:10,234 - INFO - Test loss   : 0.8229
2024-05-19 03:13:10,234 - INFO - 
Epoch	65
2024-05-19 03:13:10,496 - INFO - [6144/363571]	Loss  : 1.4935
2024-05-19 03:13:12,329 - INFO - Test loss   : 0.8080
2024-05-19 03:13:12,329 - INFO - 
Epoch	66
2024-05-19 03:13:12,591 - INFO - [6144/363571]	Loss  : 1.5043
2024-05-19 03:13:14,529 - INFO - Test loss   : 0.7986
2024-05-19 03:13:14,530 - INFO - 
Epoch	67
2024-05-19 03:13:14,791 - INFO - [6144/363571]	Loss  : 1.4881
2024-05-19 03:13:16,626 - INFO - Test loss   : 0.7973
2024-05-19 03:13:16,626 - INFO - 
Epoch	68
2024-05-19 03:13:16,888 - INFO - [6144/363571]	Loss  : 1.5021
2024-05-19 03:13:18,823 - INFO - Test loss   : 0.7809
2024-05-19 03:13:18,823 - INFO - 
Epoch	69
2024-05-19 03:13:19,086 - INFO - [6144/363571]	Loss  : 1.4938
2024-05-19 03:13:20,922 - INFO - Test loss   : 0.7947
2024-05-19 03:13:20,923 - INFO - 
Epoch	70
2024-05-19 03:13:21,236 - INFO - [6144/363571]	Loss  : 1.4871
2024-05-19 03:13:23,129 - INFO - Test loss   : 0.8019
2024-05-19 03:13:23,180 - INFO - (53041,)
2024-05-19 03:13:23,311 - INFO -  Split ID: 0
2024-05-19 03:13:23,331 - INFO -  Top 1	LocEnc (Epoch 70)acc (%):   13.63
2024-05-19 03:13:23,333 - INFO -  Top 3	LocEnc (Epoch 70)acc (%):   25.2
2024-05-19 03:13:23,335 - INFO -  Top 5	LocEnc (Epoch 70)acc (%):   31.79
2024-05-19 03:13:23,336 - INFO -  Top 10	LocEnc (Epoch 70)acc (%):   43.85
2024-05-19 03:13:23,342 - INFO - 
No prior
2024-05-19 03:13:23,347 - INFO - (53041,)
2024-05-19 03:13:23,490 - INFO -  Split ID: 0
2024-05-19 03:13:23,490 - INFO -  Top 1	(Epoch 70)acc (%):   69.83
2024-05-19 03:13:23,491 - INFO -  Top 3	(Epoch 70)acc (%):   84.61
2024-05-19 03:13:23,491 - INFO -  Top 5	(Epoch 70)acc (%):   89.23
2024-05-19 03:13:23,491 - INFO -  Top 10	(Epoch 70)acc (%):   94.29
2024-05-19 03:13:39,830 - INFO -  Split ID: 0
2024-05-19 03:13:39,831 - INFO -  Top 1	(Epoch 70)acc (%):   70.14
2024-05-19 03:13:39,831 - INFO -  Top 3	(Epoch 70)acc (%):   84.86
2024-05-19 03:13:39,831 - INFO -  Top 5	(Epoch 70)acc (%):   89.48
2024-05-19 03:13:39,831 - INFO -  Top 10	(Epoch 70)acc (%):   94.46
2024-05-19 03:13:39,832 - INFO - 
Epoch	71
2024-05-19 03:13:40,094 - INFO - [6144/363571]	Loss  : 1.4875
2024-05-19 03:13:41,931 - INFO - Test loss   : 0.7842
2024-05-19 03:13:41,932 - INFO - 
Epoch	72
2024-05-19 03:13:42,194 - INFO - [6144/363571]	Loss  : 1.4934
2024-05-19 03:13:44,135 - INFO - Test loss   : 0.7940
2024-05-19 03:13:44,135 - INFO - 
Epoch	73
2024-05-19 03:13:44,397 - INFO - [6144/363571]	Loss  : 1.4981
2024-05-19 03:13:46,233 - INFO - Test loss   : 0.7910
2024-05-19 03:13:46,233 - INFO - 
Epoch	74
2024-05-19 03:13:46,495 - INFO - [6144/363571]	Loss  : 1.4855
2024-05-19 03:13:48,429 - INFO - Test loss   : 0.8012
2024-05-19 03:13:48,429 - INFO - 
Epoch	75
2024-05-19 03:13:48,691 - INFO - [6144/363571]	Loss  : 1.4870
2024-05-19 03:13:50,526 - INFO - Test loss   : 0.8132
2024-05-19 03:13:50,526 - INFO - 
Epoch	76
2024-05-19 03:13:50,837 - INFO - [6144/363571]	Loss  : 1.4817
2024-05-19 03:13:52,724 - INFO - Test loss   : 0.8025
2024-05-19 03:13:52,725 - INFO - 
Epoch	77
2024-05-19 03:13:52,987 - INFO - [6144/363571]	Loss  : 1.4903
2024-05-19 03:13:54,821 - INFO - Test loss   : 0.7918
2024-05-19 03:13:54,821 - INFO - 
Epoch	78
2024-05-19 03:13:55,083 - INFO - [6144/363571]	Loss  : 1.4906
2024-05-19 03:13:57,018 - INFO - Test loss   : 0.7842
2024-05-19 03:13:57,018 - INFO - 
Epoch	79
2024-05-19 03:13:57,280 - INFO - [6144/363571]	Loss  : 1.4840
2024-05-19 03:13:59,114 - INFO - Test loss   : 0.7814
2024-05-19 03:13:59,114 - INFO - 
Epoch	80
2024-05-19 03:13:59,376 - INFO - [6144/363571]	Loss  : 1.4725
2024-05-19 03:14:01,312 - INFO - Test loss   : 0.8079
2024-05-19 03:14:01,363 - INFO - (53041,)
2024-05-19 03:14:01,495 - INFO -  Split ID: 0
2024-05-19 03:14:01,515 - INFO -  Top 1	LocEnc (Epoch 80)acc (%):   12.12
2024-05-19 03:14:01,517 - INFO -  Top 3	LocEnc (Epoch 80)acc (%):   23.41
2024-05-19 03:14:01,519 - INFO -  Top 5	LocEnc (Epoch 80)acc (%):   31.66
2024-05-19 03:14:01,520 - INFO -  Top 10	LocEnc (Epoch 80)acc (%):   44.44
2024-05-19 03:14:01,526 - INFO - 
No prior
2024-05-19 03:14:01,531 - INFO - (53041,)
2024-05-19 03:14:01,675 - INFO -  Split ID: 0
2024-05-19 03:14:01,675 - INFO -  Top 1	(Epoch 80)acc (%):   69.83
2024-05-19 03:14:01,676 - INFO -  Top 3	(Epoch 80)acc (%):   84.61
2024-05-19 03:14:01,676 - INFO -  Top 5	(Epoch 80)acc (%):   89.23
2024-05-19 03:14:01,676 - INFO -  Top 10	(Epoch 80)acc (%):   94.29
2024-05-19 03:14:18,055 - INFO -  Split ID: 0
2024-05-19 03:14:18,055 - INFO -  Top 1	(Epoch 80)acc (%):   70.16
2024-05-19 03:14:18,055 - INFO -  Top 3	(Epoch 80)acc (%):   84.89
2024-05-19 03:14:18,056 - INFO -  Top 5	(Epoch 80)acc (%):   89.5
2024-05-19 03:14:18,056 - INFO -  Top 10	(Epoch 80)acc (%):   94.45
2024-05-19 03:14:18,056 - INFO - 
Epoch	81
2024-05-19 03:14:18,319 - INFO - [6144/363571]	Loss  : 1.4686
2024-05-19 03:14:20,161 - INFO - Test loss   : 0.7920
2024-05-19 03:14:20,161 - INFO - 
Epoch	82
2024-05-19 03:14:20,474 - INFO - [6144/363571]	Loss  : 1.4804
2024-05-19 03:14:22,365 - INFO - Test loss   : 0.7851
2024-05-19 03:14:22,365 - INFO - 
Epoch	83
2024-05-19 03:14:22,628 - INFO - [6144/363571]	Loss  : 1.4813
2024-05-19 03:14:24,473 - INFO - Test loss   : 0.7921
2024-05-19 03:14:24,473 - INFO - 
Epoch	84
2024-05-19 03:14:24,737 - INFO - [6144/363571]	Loss  : 1.4727
2024-05-19 03:14:26,684 - INFO - Test loss   : 0.7823
2024-05-19 03:14:26,684 - INFO - 
Epoch	85
2024-05-19 03:14:26,947 - INFO - [6144/363571]	Loss  : 1.4836
2024-05-19 03:14:28,794 - INFO - Test loss   : 0.7846
2024-05-19 03:14:28,794 - INFO - 
Epoch	86
2024-05-19 03:14:29,057 - INFO - [6144/363571]	Loss  : 1.4726
2024-05-19 03:14:30,996 - INFO - Test loss   : 0.7905
2024-05-19 03:14:30,997 - INFO - 
Epoch	87
2024-05-19 03:14:31,260 - INFO - [6144/363571]	Loss  : 1.4796
2024-05-19 03:14:33,099 - INFO - Test loss   : 0.7951
2024-05-19 03:14:33,099 - INFO - 
Epoch	88
2024-05-19 03:14:33,412 - INFO - [6144/363571]	Loss  : 1.4757
2024-05-19 03:14:35,308 - INFO - Test loss   : 0.7957
2024-05-19 03:14:35,308 - INFO - 
Epoch	89
2024-05-19 03:14:35,571 - INFO - [6144/363571]	Loss  : 1.4789
2024-05-19 03:14:37,417 - INFO - Test loss   : 0.7797
2024-05-19 03:14:37,417 - INFO - 
Epoch	90
2024-05-19 03:14:37,679 - INFO - [6144/363571]	Loss  : 1.4770
2024-05-19 03:14:39,617 - INFO - Test loss   : 0.7725
2024-05-19 03:14:39,669 - INFO - (53041,)
2024-05-19 03:14:39,800 - INFO -  Split ID: 0
2024-05-19 03:14:39,820 - INFO -  Top 1	LocEnc (Epoch 90)acc (%):   12.4
2024-05-19 03:14:39,822 - INFO -  Top 3	LocEnc (Epoch 90)acc (%):   22.92
2024-05-19 03:14:39,823 - INFO -  Top 5	LocEnc (Epoch 90)acc (%):   31.63
2024-05-19 03:14:39,825 - INFO -  Top 10	LocEnc (Epoch 90)acc (%):   45.22
2024-05-19 03:14:39,831 - INFO - 
No prior
2024-05-19 03:14:39,836 - INFO - (53041,)
2024-05-19 03:14:39,980 - INFO -  Split ID: 0
2024-05-19 03:14:39,980 - INFO -  Top 1	(Epoch 90)acc (%):   69.83
2024-05-19 03:14:39,981 - INFO -  Top 3	(Epoch 90)acc (%):   84.61
2024-05-19 03:14:39,981 - INFO -  Top 5	(Epoch 90)acc (%):   89.23
2024-05-19 03:14:39,981 - INFO -  Top 10	(Epoch 90)acc (%):   94.29
2024-05-19 03:14:56,320 - INFO -  Split ID: 0
2024-05-19 03:14:56,320 - INFO -  Top 1	(Epoch 90)acc (%):   70.18
2024-05-19 03:14:56,320 - INFO -  Top 3	(Epoch 90)acc (%):   84.87
2024-05-19 03:14:56,320 - INFO -  Top 5	(Epoch 90)acc (%):   89.51
2024-05-19 03:14:56,320 - INFO -  Top 10	(Epoch 90)acc (%):   94.47
2024-05-19 03:14:56,321 - INFO - 
Epoch	91
2024-05-19 03:14:56,583 - INFO - [6144/363571]	Loss  : 1.4734
2024-05-19 03:14:58,426 - INFO - Test loss   : 0.7876
2024-05-19 03:14:58,426 - INFO - 
Epoch	92
2024-05-19 03:14:58,689 - INFO - [6144/363571]	Loss  : 1.4736
2024-05-19 03:15:00,632 - INFO - Test loss   : 0.7863
2024-05-19 03:15:00,633 - INFO - 
Epoch	93
2024-05-19 03:15:00,895 - INFO - [6144/363571]	Loss  : 1.4782
2024-05-19 03:15:02,736 - INFO - Test loss   : 0.7774
2024-05-19 03:15:02,736 - INFO - 
Epoch	94
2024-05-19 03:15:03,049 - INFO - [6144/363571]	Loss  : 1.4752
2024-05-19 03:15:04,944 - INFO - Test loss   : 0.7664
2024-05-19 03:15:04,944 - INFO - 
Epoch	95
2024-05-19 03:15:05,208 - INFO - [6144/363571]	Loss  : 1.4739
2024-05-19 03:15:07,050 - INFO - Test loss   : 0.7774
2024-05-19 03:15:07,050 - INFO - 
Epoch	96
2024-05-19 03:15:07,313 - INFO - [6144/363571]	Loss  : 1.4800
2024-05-19 03:15:09,256 - INFO - Test loss   : 0.7829
2024-05-19 03:15:09,256 - INFO - 
Epoch	97
2024-05-19 03:15:09,518 - INFO - [6144/363571]	Loss  : 1.4780
2024-05-19 03:15:11,365 - INFO - Test loss   : 0.7788
2024-05-19 03:15:11,366 - INFO - 
Epoch	98
2024-05-19 03:15:11,628 - INFO - [6144/363571]	Loss  : 1.4793
2024-05-19 03:15:13,579 - INFO - Test loss   : 0.7759
2024-05-19 03:15:13,579 - INFO - 
Epoch	99
2024-05-19 03:15:13,841 - INFO - [6144/363571]	Loss  : 1.4738
2024-05-19 03:15:15,679 - INFO - Test loss   : 0.7799
2024-05-19 03:15:15,679 - INFO - Saving output model to ../models/xyz/model_fmow_xyz_inception_v3_0.0050_64_0.0005000_1_512.pth.tar
2024-05-19 03:15:15,683 - INFO - Saving output model to ../models/xyz/model_fmow_xyz_inception_v3_0.0050_64_0.0005000_1_512.pth.tar
2024-05-19 03:15:15,688 - INFO - 
No prior
2024-05-19 03:15:15,693 - INFO - (53041,)
2024-05-19 03:15:15,842 - INFO -  Split ID: 0
2024-05-19 03:15:15,843 - INFO -  Top 1	acc (%):   69.83
2024-05-19 03:15:15,843 - INFO -  Top 3	acc (%):   84.61
2024-05-19 03:15:15,843 - INFO -  Top 5	acc (%):   89.23
2024-05-19 03:15:15,843 - INFO -  Top 10	acc (%):   94.29
2024-05-19 03:15:32,267 - INFO -  Split ID: 0
2024-05-19 03:15:32,268 - INFO -  Top 1	acc (%):   70.16
2024-05-19 03:15:32,268 - INFO -  Top 3	acc (%):   84.91
2024-05-19 03:15:32,268 - INFO -  Top 5	acc (%):   89.53
2024-05-19 03:15:32,268 - INFO -  Top 10	acc (%):   94.47
2024-05-19 03:15:32,269 - INFO - 
xyz
2024-05-19 03:15:32,269 - INFO -  Model :	model_fmow_xyz_inception_v3_0.0050_64_0.0005000_1_512.pth.tar
2024-05-19 03:15:32,324 - INFO - (53041,)
2024-05-19 03:15:32,456 - INFO -  Split ID: 0
2024-05-19 03:15:32,475 - INFO -  Top 1	LocEnc acc (%):   11.68
2024-05-19 03:15:32,477 - INFO -  Top 3	LocEnc acc (%):   23.44
2024-05-19 03:15:32,479 - INFO -  Top 5	LocEnc acc (%):   32.02
2024-05-19 03:15:32,481 - INFO -  Top 10	LocEnc acc (%):   46.08
2024-05-30 00:10:48,220 - INFO - 
num_classes	555
2024-05-30 00:10:48,220 - INFO - num train    	22599
2024-05-30 00:10:48,220 - INFO - num val      	1100
2024-05-30 00:10:48,220 - INFO - train loss   	full_loss
2024-05-30 00:10:48,220 - INFO - model name   	../models/xyz/model_fmow_xyz_inception_v3_0.0050_64_0.0005000_1_512.log
2024-05-30 00:10:48,220 - INFO - num users    	5331
2024-05-30 00:10:48,220 - INFO - meta data    	ebird_meta
2024-05-30 00:10:48,505 - INFO - 
Only xyz
2024-05-30 00:10:48,505 - INFO -  Model :	model_fmow_xyz_inception_v3_0.0050_64_0.0005000_1_512.log
2024-05-30 00:10:48,683 - INFO - 
num_classes	8142
2024-05-30 00:10:48,683 - INFO - num train    	436063
2024-05-30 00:10:48,683 - INFO - num val      	24343
2024-05-30 00:10:48,683 - INFO - train loss   	full_loss
2024-05-30 00:10:48,683 - INFO - model name   	../models/xyz/model_fmow_xyz_inception_v3_0.0050_64_0.0005000_1_512.log
2024-05-30 00:10:48,683 - INFO - num users    	18643
2024-05-30 00:10:49,600 - INFO - 
Only NeRF
2024-05-30 00:10:49,600 - INFO -  Model :	model_fmow_xyz_inception_v3_0.0050_64_0.0005000_1_512.log
2024-05-30 00:11:01,374 - INFO - 
num_classes	8142
2024-05-30 00:11:01,375 - INFO - num train    	436063
2024-05-30 00:11:01,375 - INFO - num val      	24343
2024-05-30 00:11:01,375 - INFO - train loss   	full_loss
2024-05-30 00:11:01,375 - INFO - model name   	../models/xyz/model_fmow_xyz_inception_v3_0.0050_64_0.0005000_1_512.log
2024-05-30 00:11:01,375 - INFO - num users    	18643
2024-05-30 00:11:02,331 - INFO - 
Only NeRF
2024-05-30 00:11:02,331 - INFO -  Model :	model_fmow_xyz_inception_v3_0.0050_64_0.0005000_1_512.log
2024-05-30 00:11:19,968 - INFO - 
num_classes	8142
2024-05-30 00:11:19,968 - INFO - num train    	436063
2024-05-30 00:11:19,968 - INFO - num val      	24343
2024-05-30 00:11:19,968 - INFO - train loss   	full_loss
2024-05-30 00:11:19,968 - INFO - model name   	../models/xyz/model_fmow_xyz_inception_v3_0.0050_64_0.0005000_1_512.log
2024-05-30 00:11:19,968 - INFO - num users    	18643
2024-05-30 00:11:21,329 - INFO - 
Only NeRF
2024-05-30 00:11:21,329 - INFO -  Model :	model_fmow_xyz_inception_v3_0.0050_64_0.0005000_1_512.log
2024-05-30 00:11:43,173 - INFO - 
num_classes	8142
2024-05-30 00:11:43,173 - INFO - num train    	436063
2024-05-30 00:11:43,173 - INFO - num val      	24343
2024-05-30 00:11:43,173 - INFO - train loss   	full_loss
2024-05-30 00:11:43,173 - INFO - model name   	../models/xyz/model_fmow_xyz_inception_v3_0.0050_64_0.0005000_1_512.log
2024-05-30 00:11:43,173 - INFO - num users    	18643
2024-05-30 00:11:44,339 - INFO - 
Only NeRF
2024-05-30 00:11:44,339 - INFO -  Model :	model_fmow_xyz_inception_v3_0.0050_64_0.0005000_1_512.log
2024-05-30 00:11:56,934 - INFO - 
num_classes	8142
2024-05-30 00:11:56,934 - INFO - num train    	436063
2024-05-30 00:11:56,934 - INFO - num val      	24343
2024-05-30 00:11:56,934 - INFO - train loss   	full_loss
2024-05-30 00:11:56,934 - INFO - model name   	../models/xyz/model_fmow_xyz_inception_v3_0.0050_64_0.0005000_1_512.log
2024-05-30 00:11:56,934 - INFO - num users    	18643
2024-05-30 00:11:57,886 - INFO - 
Only NeRF
2024-05-30 00:11:57,886 - INFO -  Model :	model_fmow_xyz_inception_v3_0.0050_64_0.0005000_1_512.log
2024-05-30 00:12:09,465 - INFO - 
num_classes	8142
2024-05-30 00:12:09,465 - INFO - num train    	436063
2024-05-30 00:12:09,465 - INFO - num val      	24343
2024-05-30 00:12:09,465 - INFO - train loss   	full_loss
2024-05-30 00:12:09,465 - INFO - model name   	../models/xyz/model_fmow_xyz_inception_v3_0.0050_64_0.0005000_1_512.log
2024-05-30 00:12:09,465 - INFO - num users    	18643
2024-05-30 00:12:10,374 - INFO - 
Only NeRF
2024-05-30 00:12:10,374 - INFO -  Model :	model_fmow_xyz_inception_v3_0.0050_64_0.0005000_1_512.log
2024-05-30 00:12:27,039 - INFO - 
num_classes	8142
2024-05-30 00:12:27,039 - INFO - num train    	436063
2024-05-30 00:12:27,039 - INFO - num val      	24343
2024-05-30 00:12:27,039 - INFO - train loss   	full_loss
2024-05-30 00:12:27,039 - INFO - model name   	../models/xyz/model_fmow_xyz_inception_v3_0.0050_64_0.0005000_1_512.log
2024-05-30 00:12:27,039 - INFO - num users    	18643
2024-05-30 00:12:27,996 - INFO - 
Only NeRF
2024-05-30 00:12:27,996 - INFO -  Model :	model_fmow_xyz_inception_v3_0.0050_64_0.0005000_1_512.log
2024-05-30 00:12:39,023 - INFO - 
num_classes	8142
2024-05-30 00:12:39,023 - INFO - num train    	436063
2024-05-30 00:12:39,023 - INFO - num val      	24343
2024-05-30 00:12:39,023 - INFO - train loss   	full_loss
2024-05-30 00:12:39,023 - INFO - model name   	../models/xyz/model_fmow_xyz_inception_v3_0.0050_64_0.0005000_1_512.log
2024-05-30 00:12:39,023 - INFO - num users    	18643
2024-05-30 00:12:39,935 - INFO - 
Only NeRF
2024-05-30 00:12:39,935 - INFO -  Model :	model_fmow_xyz_inception_v3_0.0050_64_0.0005000_1_512.log
2024-05-30 00:12:50,955 - INFO - 
num_classes	8142
2024-05-30 00:12:50,955 - INFO - num train    	436063
2024-05-30 00:12:50,955 - INFO - num val      	24343
2024-05-30 00:12:50,955 - INFO - train loss   	full_loss
2024-05-30 00:12:50,955 - INFO - model name   	../models/xyz/model_fmow_xyz_inception_v3_0.0050_64_0.0005000_1_512.log
2024-05-30 00:12:50,955 - INFO - num users    	18643
2024-05-30 00:12:51,870 - INFO - 
Only NeRF
2024-05-30 00:12:51,870 - INFO -  Model :	model_fmow_xyz_inception_v3_0.0050_64_0.0005000_1_512.log
2024-05-30 00:13:02,846 - INFO - 
num_classes	8142
2024-05-30 00:13:02,846 - INFO - num train    	436063
2024-05-30 00:13:02,846 - INFO - num val      	24343
2024-05-30 00:13:02,846 - INFO - train loss   	full_loss
2024-05-30 00:13:02,846 - INFO - model name   	../models/xyz/model_fmow_xyz_inception_v3_0.0050_64_0.0005000_1_512.log
2024-05-30 00:13:02,846 - INFO - num users    	18643
2024-05-30 00:13:03,746 - INFO - 
Only NeRF
2024-05-30 00:13:03,746 - INFO -  Model :	model_fmow_xyz_inception_v3_0.0050_64_0.0005000_1_512.log
2024-05-30 00:13:11,806 - INFO - 
num_classes	555
2024-05-30 00:13:11,807 - INFO - num train    	22599
2024-05-30 00:13:11,807 - INFO - num val      	1100
2024-05-30 00:13:11,807 - INFO - train loss   	full_loss
2024-05-30 00:13:11,807 - INFO - model name   	../models/xyz/model_fmow_xyz_inception_v3_0.0050_64_0.0005000_1_512.log
2024-05-30 00:13:11,807 - INFO - num users    	5331
2024-05-30 00:13:11,807 - INFO - meta data    	ebird_meta
2024-05-30 00:13:12,011 - INFO - 
Only xyz
2024-05-30 00:13:12,011 - INFO -  Model :	model_fmow_xyz_inception_v3_0.0050_64_0.0005000_1_512.log
2024-05-30 00:13:14,878 - INFO - 
num_classes	8142
2024-05-30 00:13:14,878 - INFO - num train    	436063
2024-05-30 00:13:14,878 - INFO - num val      	24343
2024-05-30 00:13:14,879 - INFO - train loss   	full_loss
2024-05-30 00:13:14,879 - INFO - model name   	../models/xyz/model_fmow_xyz_inception_v3_0.0050_64_0.0005000_1_512.log
2024-05-30 00:13:14,879 - INFO - num users    	18643
2024-05-30 00:13:15,821 - INFO - 
Only NeRF
2024-05-30 00:13:15,821 - INFO -  Model :	model_fmow_xyz_inception_v3_0.0050_64_0.0005000_1_512.log
2024-05-30 00:13:26,949 - INFO - 
num_classes	8142
2024-05-30 00:13:26,949 - INFO - num train    	436063
2024-05-30 00:13:26,949 - INFO - num val      	24343
2024-05-30 00:13:26,949 - INFO - train loss   	full_loss
2024-05-30 00:13:26,949 - INFO - model name   	../models/xyz/model_fmow_xyz_inception_v3_0.0050_64_0.0005000_1_512.log
2024-05-30 00:13:26,949 - INFO - num users    	18643
2024-05-30 00:13:27,863 - INFO - 
Only NeRF
2024-05-30 00:13:27,863 - INFO -  Model :	model_fmow_xyz_inception_v3_0.0050_64_0.0005000_1_512.log
2024-05-30 00:13:27,935 - INFO - 
num_classes	62
2024-05-30 00:13:27,935 - INFO - num train    	363571
2024-05-30 00:13:27,935 - INFO - num val      	53041
2024-05-30 00:13:27,935 - INFO - train loss   	full_loss
2024-05-30 00:13:27,935 - INFO - model name   	../models/xyz/model_fmow_xyz_inception_v3_0.0050_64_0.0005000_1_512.log
2024-05-30 00:13:27,935 - INFO - num users    	1
2024-05-30 00:13:28,774 - INFO - 
Only NeRF
2024-05-30 00:13:28,774 - INFO -  Model :	model_fmow_xyz_inception_v3_0.0050_64_0.0005000_1_512.log
2024-05-30 00:13:36,587 - INFO - 
num_classes	62
2024-05-30 00:13:36,587 - INFO - num train    	363571
2024-05-30 00:13:36,587 - INFO - num val      	53041
2024-05-30 00:13:36,587 - INFO - train loss   	full_loss
2024-05-30 00:13:36,587 - INFO - model name   	../models/xyz/model_fmow_xyz_inception_v3_0.0050_64_0.0005000_1_512.log
2024-05-30 00:13:36,587 - INFO - num users    	1
2024-05-30 00:13:37,426 - INFO - 
Only NeRF
2024-05-30 00:13:37,427 - INFO -  Model :	model_fmow_xyz_inception_v3_0.0050_64_0.0005000_1_512.log
2024-05-30 00:13:38,939 - INFO - 
num_classes	8142
2024-05-30 00:13:38,939 - INFO - num train    	436063
2024-05-30 00:13:38,939 - INFO - num val      	24343
2024-05-30 00:13:38,939 - INFO - train loss   	full_loss
2024-05-30 00:13:38,939 - INFO - model name   	../models/xyz/model_fmow_xyz_inception_v3_0.0050_64_0.0005000_1_512.log
2024-05-30 00:13:38,939 - INFO - num users    	18643
2024-05-30 00:13:39,865 - INFO - 
Only NeRF
2024-05-30 00:13:39,865 - INFO -  Model :	model_fmow_xyz_inception_v3_0.0050_64_0.0005000_1_512.log
2024-05-30 00:13:45,230 - INFO - 
num_classes	62
2024-05-30 00:13:45,230 - INFO - num train    	363571
2024-05-30 00:13:45,230 - INFO - num val      	53041
2024-05-30 00:13:45,230 - INFO - train loss   	full_loss
2024-05-30 00:13:45,230 - INFO - model name   	../models/xyz/model_fmow_xyz_inception_v3_0.0050_64_0.0005000_1_512.log
2024-05-30 00:13:45,230 - INFO - num users    	1
2024-05-30 00:13:46,108 - INFO - 
Only NeRF
2024-05-30 00:13:46,108 - INFO -  Model :	model_fmow_xyz_inception_v3_0.0050_64_0.0005000_1_512.log
2024-05-30 00:13:51,064 - INFO - 
num_classes	8142
2024-05-30 00:13:51,065 - INFO - num train    	436063
2024-05-30 00:13:51,065 - INFO - num val      	24343
2024-05-30 00:13:51,065 - INFO - train loss   	full_loss
2024-05-30 00:13:51,065 - INFO - model name   	../models/xyz/model_fmow_xyz_inception_v3_0.0050_64_0.0005000_1_512.log
2024-05-30 00:13:51,065 - INFO - num users    	18643
2024-05-30 00:13:51,976 - INFO - 
Only NeRF
2024-05-30 00:13:51,976 - INFO -  Model :	model_fmow_xyz_inception_v3_0.0050_64_0.0005000_1_512.log
2024-05-30 00:13:53,874 - INFO - 
num_classes	62
2024-05-30 00:13:53,874 - INFO - num train    	363571
2024-05-30 00:13:53,874 - INFO - num val      	53041
2024-05-30 00:13:53,874 - INFO - train loss   	full_loss
2024-05-30 00:13:53,875 - INFO - model name   	../models/xyz/model_fmow_xyz_inception_v3_0.0050_64_0.0005000_1_512.log
2024-05-30 00:13:53,875 - INFO - num users    	1
2024-05-30 00:13:54,717 - INFO - 
Only NeRF
2024-05-30 00:13:54,717 - INFO -  Model :	model_fmow_xyz_inception_v3_0.0050_64_0.0005000_1_512.log
2024-05-30 00:14:03,039 - INFO - 
num_classes	62
2024-05-30 00:14:03,039 - INFO - num train    	363571
2024-05-30 00:14:03,039 - INFO - num val      	53041
2024-05-30 00:14:03,039 - INFO - train loss   	full_loss
2024-05-30 00:14:03,039 - INFO - model name   	../models/xyz/model_fmow_xyz_inception_v3_0.0050_64_0.0005000_1_512.log
2024-05-30 00:14:03,039 - INFO - num users    	1
2024-05-30 00:14:03,458 - INFO - 
num_classes	8142
2024-05-30 00:14:03,458 - INFO - num train    	436063
2024-05-30 00:14:03,458 - INFO - num val      	24343
2024-05-30 00:14:03,458 - INFO - train loss   	full_loss
2024-05-30 00:14:03,458 - INFO - model name   	../models/xyz/model_fmow_xyz_inception_v3_0.0050_64_0.0005000_1_512.log
2024-05-30 00:14:03,458 - INFO - num users    	18643
2024-05-30 00:14:03,918 - INFO - 
Only NeRF
2024-05-30 00:14:03,918 - INFO -  Model :	model_fmow_xyz_inception_v3_0.0050_64_0.0005000_1_512.log
2024-05-30 00:14:04,382 - INFO - 
Only NeRF
2024-05-30 00:14:04,382 - INFO -  Model :	model_fmow_xyz_inception_v3_0.0050_64_0.0005000_1_512.log
2024-05-30 00:14:12,044 - INFO - 
num_classes	62
2024-05-30 00:14:12,044 - INFO - num train    	363571
2024-05-30 00:14:12,044 - INFO - num val      	53041
2024-05-30 00:14:12,044 - INFO - train loss   	full_loss
2024-05-30 00:14:12,044 - INFO - model name   	../models/xyz/model_fmow_xyz_inception_v3_0.0050_64_0.0005000_1_512.log
2024-05-30 00:14:12,044 - INFO - num users    	1
2024-05-30 00:14:12,931 - INFO - 
Only NeRF
2024-05-30 00:14:12,931 - INFO -  Model :	model_fmow_xyz_inception_v3_0.0050_64_0.0005000_1_512.log
2024-05-30 00:14:15,702 - INFO - 
num_classes	8142
2024-05-30 00:14:15,703 - INFO - num train    	436063
2024-05-30 00:14:15,703 - INFO - num val      	24343
2024-05-30 00:14:15,703 - INFO - train loss   	full_loss
2024-05-30 00:14:15,703 - INFO - model name   	../models/xyz/model_fmow_xyz_inception_v3_0.0050_64_0.0005000_1_512.log
2024-05-30 00:14:15,703 - INFO - num users    	18643
2024-05-30 00:14:16,689 - INFO - 
Only NeRF
2024-05-30 00:14:16,689 - INFO -  Model :	model_fmow_xyz_inception_v3_0.0050_64_0.0005000_1_512.log
2024-05-30 00:14:20,975 - INFO - 
num_classes	62
2024-05-30 00:14:20,976 - INFO - num train    	363571
2024-05-30 00:14:20,976 - INFO - num val      	53041
2024-05-30 00:14:20,976 - INFO - train loss   	full_loss
2024-05-30 00:14:20,976 - INFO - model name   	../models/xyz/model_fmow_xyz_inception_v3_0.0050_64_0.0005000_1_512.log
2024-05-30 00:14:20,976 - INFO - num users    	1
2024-05-30 00:14:21,840 - INFO - 
Only NeRF
2024-05-30 00:14:21,840 - INFO -  Model :	model_fmow_xyz_inception_v3_0.0050_64_0.0005000_1_512.log
2024-05-30 00:14:28,084 - INFO - 
num_classes	8142
2024-05-30 00:14:28,084 - INFO - num train    	436063
2024-05-30 00:14:28,084 - INFO - num val      	24343
2024-05-30 00:14:28,084 - INFO - train loss   	full_loss
2024-05-30 00:14:28,084 - INFO - model name   	../models/xyz/model_fmow_xyz_inception_v3_0.0050_64_0.0005000_1_512.log
2024-05-30 00:14:28,084 - INFO - num users    	18643
2024-05-30 00:14:28,999 - INFO - 
Only NeRF
2024-05-30 00:14:28,999 - INFO -  Model :	model_fmow_xyz_inception_v3_0.0050_64_0.0005000_1_512.log
2024-05-30 00:14:29,824 - INFO - 
num_classes	62
2024-05-30 00:14:29,824 - INFO - num train    	363571
2024-05-30 00:14:29,824 - INFO - num val      	53041
2024-05-30 00:14:29,824 - INFO - train loss   	full_loss
2024-05-30 00:14:29,824 - INFO - model name   	../models/xyz/model_fmow_xyz_inception_v3_0.0050_64_0.0005000_1_512.log
2024-05-30 00:14:29,824 - INFO - num users    	1
2024-05-30 00:14:30,693 - INFO - 
Only NeRF
2024-05-30 00:14:30,693 - INFO -  Model :	model_fmow_xyz_inception_v3_0.0050_64_0.0005000_1_512.log
2024-05-30 00:14:38,707 - INFO - 
num_classes	62
2024-05-30 00:14:38,707 - INFO - num train    	363571
2024-05-30 00:14:38,707 - INFO - num val      	53041
2024-05-30 00:14:38,707 - INFO - train loss   	full_loss
2024-05-30 00:14:38,707 - INFO - model name   	../models/xyz/model_fmow_xyz_inception_v3_0.0050_64_0.0005000_1_512.log
2024-05-30 00:14:38,707 - INFO - num users    	1
2024-05-30 00:14:39,603 - INFO - 
Only NeRF
2024-05-30 00:14:39,603 - INFO -  Model :	model_fmow_xyz_inception_v3_0.0050_64_0.0005000_1_512.log
2024-05-30 00:14:40,267 - INFO - 
num_classes	8142
2024-05-30 00:14:40,268 - INFO - num train    	436063
2024-05-30 00:14:40,268 - INFO - num val      	24343
2024-05-30 00:14:40,268 - INFO - train loss   	full_loss
2024-05-30 00:14:40,268 - INFO - model name   	../models/xyz/model_fmow_xyz_inception_v3_0.0050_64_0.0005000_1_512.log
2024-05-30 00:14:40,268 - INFO - num users    	18643
2024-05-30 00:14:41,185 - INFO - 
Only NeRF
2024-05-30 00:14:41,185 - INFO -  Model :	model_fmow_xyz_inception_v3_0.0050_64_0.0005000_1_512.log
2024-05-30 00:14:47,667 - INFO - 
num_classes	62
2024-05-30 00:14:47,667 - INFO - num train    	363571
2024-05-30 00:14:47,667 - INFO - num val      	53041
2024-05-30 00:14:47,667 - INFO - train loss   	full_loss
2024-05-30 00:14:47,667 - INFO - model name   	../models/xyz/model_fmow_xyz_inception_v3_0.0050_64_0.0005000_1_512.log
2024-05-30 00:14:47,667 - INFO - num users    	1
2024-05-30 00:14:48,531 - INFO - 
Only NeRF
2024-05-30 00:14:48,531 - INFO -  Model :	model_fmow_xyz_inception_v3_0.0050_64_0.0005000_1_512.log
2024-05-30 00:14:52,429 - INFO - 
num_classes	8142
2024-05-30 00:14:52,429 - INFO - num train    	436063
2024-05-30 00:14:52,429 - INFO - num val      	24343
2024-05-30 00:14:52,429 - INFO - train loss   	full_loss
2024-05-30 00:14:52,429 - INFO - model name   	../models/xyz/model_fmow_xyz_inception_v3_0.0050_64_0.0005000_1_512.log
2024-05-30 00:14:52,429 - INFO - num users    	18643
2024-05-30 00:14:53,368 - INFO - 
Only NeRF
2024-05-30 00:14:53,368 - INFO -  Model :	model_fmow_xyz_inception_v3_0.0050_64_0.0005000_1_512.log
2024-05-30 00:14:56,508 - INFO - 
num_classes	62
2024-05-30 00:14:56,508 - INFO - num train    	363571
2024-05-30 00:14:56,508 - INFO - num val      	53041
2024-05-30 00:14:56,508 - INFO - train loss   	full_loss
2024-05-30 00:14:56,508 - INFO - model name   	../models/xyz/model_fmow_xyz_inception_v3_0.0050_64_0.0005000_1_512.log
2024-05-30 00:14:56,508 - INFO - num users    	1
2024-05-30 00:14:57,387 - INFO - 
Only NeRF
2024-05-30 00:14:57,387 - INFO -  Model :	model_fmow_xyz_inception_v3_0.0050_64_0.0005000_1_512.log
2024-05-30 00:15:05,037 - INFO - 
num_classes	8142
2024-05-30 00:15:05,037 - INFO - num train    	436063
2024-05-30 00:15:05,037 - INFO - num val      	24343
2024-05-30 00:15:05,037 - INFO - train loss   	full_loss
2024-05-30 00:15:05,037 - INFO - model name   	../models/xyz/model_fmow_xyz_inception_v3_0.0050_64_0.0005000_1_512.log
2024-05-30 00:15:05,038 - INFO - num users    	18643
2024-05-30 00:15:05,399 - INFO - 
num_classes	62
2024-05-30 00:15:05,399 - INFO - num train    	363571
2024-05-30 00:15:05,399 - INFO - num val      	53041
2024-05-30 00:15:05,399 - INFO - train loss   	full_loss
2024-05-30 00:15:05,399 - INFO - model name   	../models/xyz/model_fmow_xyz_inception_v3_0.0050_64_0.0005000_1_512.log
2024-05-30 00:15:05,399 - INFO - num users    	1
2024-05-30 00:15:05,985 - INFO - 
Only NeRF
2024-05-30 00:15:05,985 - INFO -  Model :	model_fmow_xyz_inception_v3_0.0050_64_0.0005000_1_512.log
2024-05-30 00:15:06,251 - INFO - 
Only NeRF
2024-05-30 00:15:06,251 - INFO -  Model :	model_fmow_xyz_inception_v3_0.0050_64_0.0005000_1_512.log
2024-05-30 00:15:14,151 - INFO - 
num_classes	62
2024-05-30 00:15:14,151 - INFO - num train    	363571
2024-05-30 00:15:14,151 - INFO - num val      	53041
2024-05-30 00:15:14,151 - INFO - train loss   	full_loss
2024-05-30 00:15:14,151 - INFO - model name   	../models/xyz/model_fmow_xyz_inception_v3_0.0050_64_0.0005000_1_512.log
2024-05-30 00:15:14,151 - INFO - num users    	1
2024-05-30 00:15:14,985 - INFO - 
Only NeRF
2024-05-30 00:15:14,985 - INFO -  Model :	model_fmow_xyz_inception_v3_0.0050_64_0.0005000_1_512.log
2024-05-30 00:15:18,175 - INFO - 
num_classes	8142
2024-05-30 00:15:18,175 - INFO - num train    	436063
2024-05-30 00:15:18,175 - INFO - num val      	24343
2024-05-30 00:15:18,175 - INFO - train loss   	full_loss
2024-05-30 00:15:18,175 - INFO - model name   	../models/xyz/model_fmow_xyz_inception_v3_0.0050_64_0.0005000_1_512.log
2024-05-30 00:15:18,175 - INFO - num users    	18643
2024-05-30 00:15:19,099 - INFO - 
Only NeRF
2024-05-30 00:15:19,099 - INFO -  Model :	model_fmow_xyz_inception_v3_0.0050_64_0.0005000_1_512.log
2024-05-30 00:15:22,907 - INFO - 
num_classes	62
2024-05-30 00:15:22,907 - INFO - num train    	363571
2024-05-30 00:15:22,907 - INFO - num val      	53041
2024-05-30 00:15:22,907 - INFO - train loss   	full_loss
2024-05-30 00:15:22,907 - INFO - model name   	../models/xyz/model_fmow_xyz_inception_v3_0.0050_64_0.0005000_1_512.log
2024-05-30 00:15:22,907 - INFO - num users    	1
2024-05-30 00:15:23,740 - INFO - 
Only NeRF
2024-05-30 00:15:23,740 - INFO -  Model :	model_fmow_xyz_inception_v3_0.0050_64_0.0005000_1_512.log
2024-05-30 00:15:30,402 - INFO - 
num_classes	8142
2024-05-30 00:15:30,403 - INFO - num train    	436063
2024-05-30 00:15:30,403 - INFO - num val      	24343
2024-05-30 00:15:30,403 - INFO - train loss   	full_loss
2024-05-30 00:15:30,403 - INFO - model name   	../models/xyz/model_fmow_xyz_inception_v3_0.0050_64_0.0005000_1_512.log
2024-05-30 00:15:30,403 - INFO - num users    	18643
2024-05-30 00:15:31,348 - INFO - 
Only NeRF
2024-05-30 00:15:31,349 - INFO -  Model :	model_fmow_xyz_inception_v3_0.0050_64_0.0005000_1_512.log
2024-05-30 00:15:31,596 - INFO - 
num_classes	62
2024-05-30 00:15:31,596 - INFO - num train    	363571
2024-05-30 00:15:31,596 - INFO - num val      	53041
2024-05-30 00:15:31,596 - INFO - train loss   	full_loss
2024-05-30 00:15:31,596 - INFO - model name   	../models/xyz/model_fmow_xyz_inception_v3_0.0050_64_0.0005000_1_512.log
2024-05-30 00:15:31,596 - INFO - num users    	1
2024-05-30 00:15:32,705 - INFO - 
Only NeRF
2024-05-30 00:15:32,706 - INFO -  Model :	model_fmow_xyz_inception_v3_0.0050_64_0.0005000_1_512.log
2024-05-30 00:15:40,707 - INFO - 
num_classes	62
2024-05-30 00:15:40,707 - INFO - num train    	363571
2024-05-30 00:15:40,707 - INFO - num val      	53041
2024-05-30 00:15:40,707 - INFO - train loss   	full_loss
2024-05-30 00:15:40,707 - INFO - model name   	../models/xyz/model_fmow_xyz_inception_v3_0.0050_64_0.0005000_1_512.log
2024-05-30 00:15:40,707 - INFO - num users    	1
2024-05-30 00:15:41,767 - INFO - 
Only NeRF
2024-05-30 00:15:41,767 - INFO -  Model :	model_fmow_xyz_inception_v3_0.0050_64_0.0005000_1_512.log
2024-05-30 00:15:43,087 - INFO - 
num_classes	8142
2024-05-30 00:15:43,088 - INFO - num train    	436063
2024-05-30 00:15:43,088 - INFO - num val      	24343
2024-05-30 00:15:43,088 - INFO - train loss   	full_loss
2024-05-30 00:15:43,088 - INFO - model name   	../models/xyz/model_fmow_xyz_inception_v3_0.0050_64_0.0005000_1_512.log
2024-05-30 00:15:43,088 - INFO - num users    	18643
2024-05-30 00:15:44,021 - INFO - 
Only NeRF
2024-05-30 00:15:44,021 - INFO -  Model :	model_fmow_xyz_inception_v3_0.0050_64_0.0005000_1_512.log
2024-05-30 00:15:49,818 - INFO - 
num_classes	62
2024-05-30 00:15:49,818 - INFO - num train    	363571
2024-05-30 00:15:49,818 - INFO - num val      	53041
2024-05-30 00:15:49,819 - INFO - train loss   	full_loss
2024-05-30 00:15:49,819 - INFO - model name   	../models/xyz/model_fmow_xyz_inception_v3_0.0050_64_0.0005000_1_512.log
2024-05-30 00:15:49,819 - INFO - num users    	1
2024-05-30 00:15:50,663 - INFO - 
Only NeRF
2024-05-30 00:15:50,663 - INFO -  Model :	model_fmow_xyz_inception_v3_0.0050_64_0.0005000_1_512.log
2024-05-30 00:15:57,430 - INFO - 
num_classes	8142
2024-05-30 00:15:57,430 - INFO - num train    	436063
2024-05-30 00:15:57,430 - INFO - num val      	24343
2024-05-30 00:15:57,430 - INFO - train loss   	full_loss
2024-05-30 00:15:57,430 - INFO - model name   	../models/xyz/model_fmow_xyz_inception_v3_0.0050_64_0.0005000_1_512.log
2024-05-30 00:15:57,430 - INFO - num users    	18643
2024-05-30 00:15:58,356 - INFO - 
Only NeRF
2024-05-30 00:15:58,357 - INFO -  Model :	model_fmow_xyz_inception_v3_0.0050_64_0.0005000_1_512.log
2024-05-30 00:15:58,849 - INFO - 
num_classes	62
2024-05-30 00:15:58,850 - INFO - num train    	363571
2024-05-30 00:15:58,850 - INFO - num val      	53041
2024-05-30 00:15:58,850 - INFO - train loss   	full_loss
2024-05-30 00:15:58,850 - INFO - model name   	../models/xyz/model_fmow_xyz_inception_v3_0.0050_64_0.0005000_1_512.log
2024-05-30 00:15:58,850 - INFO - num users    	1
2024-05-30 00:15:59,727 - INFO - 
Only NeRF
2024-05-30 00:15:59,727 - INFO -  Model :	model_fmow_xyz_inception_v3_0.0050_64_0.0005000_1_512.log
2024-05-30 00:16:07,517 - INFO - 
num_classes	62
2024-05-30 00:16:07,517 - INFO - num train    	363571
2024-05-30 00:16:07,517 - INFO - num val      	53041
2024-05-30 00:16:07,517 - INFO - train loss   	full_loss
2024-05-30 00:16:07,517 - INFO - model name   	../models/xyz/model_fmow_xyz_inception_v3_0.0050_64_0.0005000_1_512.log
2024-05-30 00:16:07,517 - INFO - num users    	1
2024-05-30 00:16:08,351 - INFO - 
Only NeRF
2024-05-30 00:16:08,351 - INFO -  Model :	model_fmow_xyz_inception_v3_0.0050_64_0.0005000_1_512.log
2024-05-30 00:16:09,539 - INFO - 
num_classes	8142
2024-05-30 00:16:09,539 - INFO - num train    	436063
2024-05-30 00:16:09,539 - INFO - num val      	24343
2024-05-30 00:16:09,539 - INFO - train loss   	full_loss
2024-05-30 00:16:09,539 - INFO - model name   	../models/xyz/model_fmow_xyz_inception_v3_0.0050_64_0.0005000_1_512.log
2024-05-30 00:16:09,539 - INFO - num users    	18643
2024-05-30 00:16:10,507 - INFO - 
Only NeRF
2024-05-30 00:16:10,507 - INFO -  Model :	model_fmow_xyz_inception_v3_0.0050_64_0.0005000_1_512.log
2024-05-30 00:16:16,253 - INFO - 
num_classes	62
2024-05-30 00:16:16,254 - INFO - num train    	363571
2024-05-30 00:16:16,254 - INFO - num val      	53041
2024-05-30 00:16:16,254 - INFO - train loss   	full_loss
2024-05-30 00:16:16,254 - INFO - model name   	../models/xyz/model_fmow_xyz_inception_v3_0.0050_64_0.0005000_1_512.log
2024-05-30 00:16:16,254 - INFO - num users    	1
2024-05-30 00:16:17,091 - INFO - 
Only NeRF
2024-05-30 00:16:17,091 - INFO -  Model :	model_fmow_xyz_inception_v3_0.0050_64_0.0005000_1_512.log
2024-05-30 00:16:22,069 - INFO - 
num_classes	8142
2024-05-30 00:16:22,069 - INFO - num train    	436063
2024-05-30 00:16:22,069 - INFO - num val      	24343
2024-05-30 00:16:22,069 - INFO - train loss   	full_loss
2024-05-30 00:16:22,069 - INFO - model name   	../models/xyz/model_fmow_xyz_inception_v3_0.0050_64_0.0005000_1_512.log
2024-05-30 00:16:22,069 - INFO - num users    	18643
2024-05-30 00:16:23,003 - INFO - 
Only NeRF
2024-05-30 00:16:23,003 - INFO -  Model :	model_fmow_xyz_inception_v3_0.0050_64_0.0005000_1_512.log
2024-05-30 00:16:25,041 - INFO - 
num_classes	62
2024-05-30 00:16:25,042 - INFO - num train    	363571
2024-05-30 00:16:25,042 - INFO - num val      	53041
2024-05-30 00:16:25,042 - INFO - train loss   	full_loss
2024-05-30 00:16:25,042 - INFO - model name   	../models/xyz/model_fmow_xyz_inception_v3_0.0050_64_0.0005000_1_512.log
2024-05-30 00:16:25,042 - INFO - num users    	1
2024-05-30 00:16:25,916 - INFO - 
Only NeRF
2024-05-30 00:16:25,916 - INFO -  Model :	model_fmow_xyz_inception_v3_0.0050_64_0.0005000_1_512.log
2024-05-30 00:16:34,036 - INFO - 
num_classes	62
2024-05-30 00:16:34,036 - INFO - num train    	363571
2024-05-30 00:16:34,036 - INFO - num val      	53041
2024-05-30 00:16:34,036 - INFO - train loss   	full_loss
2024-05-30 00:16:34,036 - INFO - model name   	../models/xyz/model_fmow_xyz_inception_v3_0.0050_64_0.0005000_1_512.log
2024-05-30 00:16:34,036 - INFO - num users    	1
2024-05-30 00:16:35,568 - INFO - 
Only NeRF
2024-05-30 00:16:35,568 - INFO -  Model :	model_fmow_xyz_inception_v3_0.0050_64_0.0005000_1_512.log
2024-05-30 00:16:38,525 - INFO - 
num_classes	8142
2024-05-30 00:16:38,525 - INFO - num train    	436063
2024-05-30 00:16:38,525 - INFO - num val      	24343
2024-05-30 00:16:38,525 - INFO - train loss   	full_loss
2024-05-30 00:16:38,525 - INFO - model name   	../models/xyz/model_fmow_xyz_inception_v3_0.0050_64_0.0005000_1_512.log
2024-05-30 00:16:38,525 - INFO - num users    	18643
2024-05-30 00:16:39,438 - INFO - 
Only NeRF
2024-05-30 00:16:39,438 - INFO -  Model :	model_fmow_xyz_inception_v3_0.0050_64_0.0005000_1_512.log
2024-05-30 00:16:43,578 - INFO - 
num_classes	62
2024-05-30 00:16:43,579 - INFO - num train    	363571
2024-05-30 00:16:43,579 - INFO - num val      	53041
2024-05-30 00:16:43,579 - INFO - train loss   	full_loss
2024-05-30 00:16:43,579 - INFO - model name   	../models/xyz/model_fmow_xyz_inception_v3_0.0050_64_0.0005000_1_512.log
2024-05-30 00:16:43,579 - INFO - num users    	1
2024-05-30 00:16:44,419 - INFO - 
Only NeRF
2024-05-30 00:16:44,419 - INFO -  Model :	model_fmow_xyz_inception_v3_0.0050_64_0.0005000_1_512.log
2024-05-30 00:16:50,590 - INFO - 
num_classes	8142
2024-05-30 00:16:50,590 - INFO - num train    	436063
2024-05-30 00:16:50,590 - INFO - num val      	24343
2024-05-30 00:16:50,590 - INFO - train loss   	full_loss
2024-05-30 00:16:50,590 - INFO - model name   	../models/xyz/model_fmow_xyz_inception_v3_0.0050_64_0.0005000_1_512.log
2024-05-30 00:16:50,590 - INFO - num users    	18643
2024-05-30 00:16:51,508 - INFO - 
Only NeRF
2024-05-30 00:16:51,508 - INFO -  Model :	model_fmow_xyz_inception_v3_0.0050_64_0.0005000_1_512.log
2024-05-30 00:16:52,408 - INFO - 
num_classes	62
2024-05-30 00:16:52,409 - INFO - num train    	363571
2024-05-30 00:16:52,409 - INFO - num val      	53041
2024-05-30 00:16:52,409 - INFO - train loss   	full_loss
2024-05-30 00:16:52,409 - INFO - model name   	../models/xyz/model_fmow_xyz_inception_v3_0.0050_64_0.0005000_1_512.log
2024-05-30 00:16:52,409 - INFO - num users    	1
2024-05-30 00:16:53,269 - INFO - 
Only NeRF
2024-05-30 00:16:53,269 - INFO -  Model :	model_fmow_xyz_inception_v3_0.0050_64_0.0005000_1_512.log
2024-05-30 00:17:01,271 - INFO - 
num_classes	62
2024-05-30 00:17:01,272 - INFO - num train    	363571
2024-05-30 00:17:01,272 - INFO - num val      	53041
2024-05-30 00:17:01,272 - INFO - train loss   	full_loss
2024-05-30 00:17:01,272 - INFO - model name   	../models/xyz/model_fmow_xyz_inception_v3_0.0050_64_0.0005000_1_512.log
2024-05-30 00:17:01,272 - INFO - num users    	1
2024-05-30 00:17:02,169 - INFO - 
Only NeRF
2024-05-30 00:17:02,169 - INFO -  Model :	model_fmow_xyz_inception_v3_0.0050_64_0.0005000_1_512.log
2024-05-30 00:17:02,709 - INFO - 
num_classes	8142
2024-05-30 00:17:02,709 - INFO - num train    	436063
2024-05-30 00:17:02,709 - INFO - num val      	24343
2024-05-30 00:17:02,709 - INFO - train loss   	full_loss
2024-05-30 00:17:02,709 - INFO - model name   	../models/xyz/model_fmow_xyz_inception_v3_0.0050_64_0.0005000_1_512.log
2024-05-30 00:17:02,709 - INFO - num users    	18643
2024-05-30 00:17:03,628 - INFO - 
Only NeRF
2024-05-30 00:17:03,628 - INFO -  Model :	model_fmow_xyz_inception_v3_0.0050_64_0.0005000_1_512.log
2024-05-30 00:17:10,311 - INFO - 
num_classes	62
2024-05-30 00:17:10,311 - INFO - num train    	363571
2024-05-30 00:17:10,311 - INFO - num val      	53041
2024-05-30 00:17:10,311 - INFO - train loss   	full_loss
2024-05-30 00:17:10,311 - INFO - model name   	../models/xyz/model_fmow_xyz_inception_v3_0.0050_64_0.0005000_1_512.log
2024-05-30 00:17:10,311 - INFO - num users    	1
2024-05-30 00:17:11,200 - INFO - 
Only NeRF
2024-05-30 00:17:11,200 - INFO -  Model :	model_fmow_xyz_inception_v3_0.0050_64_0.0005000_1_512.log
2024-05-30 00:17:15,280 - INFO - 
num_classes	8142
2024-05-30 00:17:15,280 - INFO - num train    	436063
2024-05-30 00:17:15,280 - INFO - num val      	24343
2024-05-30 00:17:15,280 - INFO - train loss   	full_loss
2024-05-30 00:17:15,280 - INFO - model name   	../models/xyz/model_fmow_xyz_inception_v3_0.0050_64_0.0005000_1_512.log
2024-05-30 00:17:15,280 - INFO - num users    	18643
2024-05-30 00:17:16,591 - INFO - 
Only NeRF
2024-05-30 00:17:16,592 - INFO -  Model :	model_fmow_xyz_inception_v3_0.0050_64_0.0005000_1_512.log
2024-05-30 00:17:19,422 - INFO - 
num_classes	62
2024-05-30 00:17:19,423 - INFO - num train    	363571
2024-05-30 00:17:19,423 - INFO - num val      	53041
2024-05-30 00:17:19,423 - INFO - train loss   	full_loss
2024-05-30 00:17:19,423 - INFO - model name   	../models/xyz/model_fmow_xyz_inception_v3_0.0050_64_0.0005000_1_512.log
2024-05-30 00:17:19,423 - INFO - num users    	1
2024-05-30 00:17:20,287 - INFO - 
Only NeRF
2024-05-30 00:17:20,287 - INFO -  Model :	model_fmow_xyz_inception_v3_0.0050_64_0.0005000_1_512.log
2024-05-30 00:17:28,486 - INFO - 
num_classes	62
2024-05-30 00:17:28,486 - INFO - num train    	363571
2024-05-30 00:17:28,486 - INFO - num val      	53041
2024-05-30 00:17:28,486 - INFO - train loss   	full_loss
2024-05-30 00:17:28,486 - INFO - model name   	../models/xyz/model_fmow_xyz_inception_v3_0.0050_64_0.0005000_1_512.log
2024-05-30 00:17:28,486 - INFO - num users    	1
2024-05-30 00:17:29,599 - INFO - 
Only NeRF
2024-05-30 00:17:29,599 - INFO -  Model :	model_fmow_xyz_inception_v3_0.0050_64_0.0005000_1_512.log
2024-05-30 00:17:30,359 - INFO - 
num_classes	8142
2024-05-30 00:17:30,359 - INFO - num train    	436063
2024-05-30 00:17:30,360 - INFO - num val      	24343
2024-05-30 00:17:30,360 - INFO - train loss   	full_loss
2024-05-30 00:17:30,360 - INFO - model name   	../models/xyz/model_fmow_xyz_inception_v3_0.0050_64_0.0005000_1_512.log
2024-05-30 00:17:30,360 - INFO - num users    	18643
2024-05-30 00:17:31,269 - INFO - 
Only NeRF
2024-05-30 00:17:31,269 - INFO -  Model :	model_fmow_xyz_inception_v3_0.0050_64_0.0005000_1_512.log
2024-05-30 00:17:37,708 - INFO - 
num_classes	62
2024-05-30 00:17:37,708 - INFO - num train    	363571
2024-05-30 00:17:37,708 - INFO - num val      	53041
2024-05-30 00:17:37,708 - INFO - train loss   	full_loss
2024-05-30 00:17:37,708 - INFO - model name   	../models/xyz/model_fmow_xyz_inception_v3_0.0050_64_0.0005000_1_512.log
2024-05-30 00:17:37,708 - INFO - num users    	1
2024-05-30 00:17:38,999 - INFO - 
Only NeRF
2024-05-30 00:17:38,999 - INFO -  Model :	model_fmow_xyz_inception_v3_0.0050_64_0.0005000_1_512.log
2024-05-30 00:17:43,119 - INFO - 
num_classes	8142
2024-05-30 00:17:43,119 - INFO - num train    	436063
2024-05-30 00:17:43,120 - INFO - num val      	24343
2024-05-30 00:17:43,120 - INFO - train loss   	full_loss
2024-05-30 00:17:43,120 - INFO - model name   	../models/xyz/model_fmow_xyz_inception_v3_0.0050_64_0.0005000_1_512.log
2024-05-30 00:17:43,120 - INFO - num users    	18643
2024-05-30 00:17:44,053 - INFO - 
Only NeRF
2024-05-30 00:17:44,053 - INFO -  Model :	model_fmow_xyz_inception_v3_0.0050_64_0.0005000_1_512.log
2024-05-30 00:17:47,083 - INFO - 
num_classes	62
2024-05-30 00:17:47,083 - INFO - num train    	363571
2024-05-30 00:17:47,083 - INFO - num val      	53041
2024-05-30 00:17:47,083 - INFO - train loss   	full_loss
2024-05-30 00:17:47,083 - INFO - model name   	../models/xyz/model_fmow_xyz_inception_v3_0.0050_64_0.0005000_1_512.log
2024-05-30 00:17:47,083 - INFO - num users    	1
2024-05-30 00:17:47,926 - INFO - 
Only NeRF
2024-05-30 00:17:47,926 - INFO -  Model :	model_fmow_xyz_inception_v3_0.0050_64_0.0005000_1_512.log
2024-05-30 00:17:55,959 - INFO - 
num_classes	62
2024-05-30 00:17:55,959 - INFO - num train    	363571
2024-05-30 00:17:55,959 - INFO - num val      	53041
2024-05-30 00:17:55,959 - INFO - train loss   	full_loss
2024-05-30 00:17:55,959 - INFO - model name   	../models/xyz/model_fmow_xyz_inception_v3_0.0050_64_0.0005000_1_512.log
2024-05-30 00:17:55,959 - INFO - num users    	1
2024-05-30 00:17:57,361 - INFO - 
Only NeRF
2024-05-30 00:17:57,361 - INFO -  Model :	model_fmow_xyz_inception_v3_0.0050_64_0.0005000_1_512.log
2024-05-30 00:17:57,510 - INFO - 
num_classes	8142
2024-05-30 00:17:57,510 - INFO - num train    	436063
2024-05-30 00:17:57,510 - INFO - num val      	24343
2024-05-30 00:17:57,510 - INFO - train loss   	full_loss
2024-05-30 00:17:57,510 - INFO - model name   	../models/xyz/model_fmow_xyz_inception_v3_0.0050_64_0.0005000_1_512.log
2024-05-30 00:17:57,511 - INFO - num users    	18643
2024-05-30 00:17:58,443 - INFO - 
Only NeRF
2024-05-30 00:17:58,443 - INFO -  Model :	model_fmow_xyz_inception_v3_0.0050_64_0.0005000_1_512.log
2024-05-30 00:18:05,254 - INFO - 
num_classes	62
2024-05-30 00:18:05,255 - INFO - num train    	363571
2024-05-30 00:18:05,255 - INFO - num val      	53041
2024-05-30 00:18:05,255 - INFO - train loss   	full_loss
2024-05-30 00:18:05,255 - INFO - model name   	../models/xyz/model_fmow_xyz_inception_v3_0.0050_64_0.0005000_1_512.log
2024-05-30 00:18:05,255 - INFO - num users    	1
2024-05-30 00:18:06,100 - INFO - 
Only NeRF
2024-05-30 00:18:06,100 - INFO -  Model :	model_fmow_xyz_inception_v3_0.0050_64_0.0005000_1_512.log
2024-05-30 00:18:09,720 - INFO - 
num_classes	8142
2024-05-30 00:18:09,720 - INFO - num train    	436063
2024-05-30 00:18:09,720 - INFO - num val      	24343
2024-05-30 00:18:09,720 - INFO - train loss   	full_loss
2024-05-30 00:18:09,720 - INFO - model name   	../models/xyz/model_fmow_xyz_inception_v3_0.0050_64_0.0005000_1_512.log
2024-05-30 00:18:09,720 - INFO - num users    	18643
2024-05-30 00:18:11,146 - INFO - 
Only NeRF
2024-05-30 00:18:11,147 - INFO -  Model :	model_fmow_xyz_inception_v3_0.0050_64_0.0005000_1_512.log
2024-05-30 00:18:14,072 - INFO - 
num_classes	62
2024-05-30 00:18:14,072 - INFO - num train    	363571
2024-05-30 00:18:14,072 - INFO - num val      	53041
2024-05-30 00:18:14,072 - INFO - train loss   	full_loss
2024-05-30 00:18:14,072 - INFO - model name   	../models/xyz/model_fmow_xyz_inception_v3_0.0050_64_0.0005000_1_512.log
2024-05-30 00:18:14,072 - INFO - num users    	1
2024-05-30 00:18:14,922 - INFO - 
Only NeRF
2024-05-30 00:18:14,922 - INFO -  Model :	model_fmow_xyz_inception_v3_0.0050_64_0.0005000_1_512.log
2024-05-30 00:18:22,430 - INFO - 
num_classes	8142
2024-05-30 00:18:22,431 - INFO - num train    	436063
2024-05-30 00:18:22,431 - INFO - num val      	24343
2024-05-30 00:18:22,431 - INFO - train loss   	full_loss
2024-05-30 00:18:22,431 - INFO - model name   	../models/xyz/model_fmow_xyz_inception_v3_0.0050_64_0.0005000_1_512.log
2024-05-30 00:18:22,431 - INFO - num users    	18643
2024-05-30 00:18:22,857 - INFO - 
num_classes	62
2024-05-30 00:18:22,857 - INFO - num train    	363571
2024-05-30 00:18:22,857 - INFO - num val      	53041
2024-05-30 00:18:22,857 - INFO - train loss   	full_loss
2024-05-30 00:18:22,857 - INFO - model name   	../models/xyz/model_fmow_xyz_inception_v3_0.0050_64_0.0005000_1_512.log
2024-05-30 00:18:22,858 - INFO - num users    	1
2024-05-30 00:18:23,345 - INFO - 
Only NeRF
2024-05-30 00:18:23,345 - INFO -  Model :	model_fmow_xyz_inception_v3_0.0050_64_0.0005000_1_512.log
2024-05-30 00:18:23,693 - INFO - 
Only NeRF
2024-05-30 00:18:23,694 - INFO -  Model :	model_fmow_xyz_inception_v3_0.0050_64_0.0005000_1_512.log
2024-05-30 00:18:31,635 - INFO - 
num_classes	62
2024-05-30 00:18:31,636 - INFO - num train    	363571
2024-05-30 00:18:31,636 - INFO - num val      	53041
2024-05-30 00:18:31,636 - INFO - train loss   	full_loss
2024-05-30 00:18:31,636 - INFO - model name   	../models/xyz/model_fmow_xyz_inception_v3_0.0050_64_0.0005000_1_512.log
2024-05-30 00:18:31,636 - INFO - num users    	1
2024-05-30 00:18:32,784 - INFO - 
Only NeRF
2024-05-30 00:18:32,785 - INFO -  Model :	model_fmow_xyz_inception_v3_0.0050_64_0.0005000_1_512.log
2024-05-30 00:18:34,807 - INFO - 
num_classes	8142
2024-05-30 00:18:34,807 - INFO - num train    	436063
2024-05-30 00:18:34,807 - INFO - num val      	24343
2024-05-30 00:18:34,807 - INFO - train loss   	full_loss
2024-05-30 00:18:34,807 - INFO - model name   	../models/xyz/model_fmow_xyz_inception_v3_0.0050_64_0.0005000_1_512.log
2024-05-30 00:18:34,808 - INFO - num users    	18643
2024-05-30 00:18:35,731 - INFO - 
Only NeRF
2024-05-30 00:18:35,731 - INFO -  Model :	model_fmow_xyz_inception_v3_0.0050_64_0.0005000_1_512.log
2024-05-30 00:18:40,676 - INFO - 
num_classes	62
2024-05-30 00:18:40,677 - INFO - num train    	363571
2024-05-30 00:18:40,677 - INFO - num val      	53041
2024-05-30 00:18:40,677 - INFO - train loss   	full_loss
2024-05-30 00:18:40,677 - INFO - model name   	../models/xyz/model_fmow_xyz_inception_v3_0.0050_64_0.0005000_1_512.log
2024-05-30 00:18:40,677 - INFO - num users    	1
2024-05-30 00:18:41,531 - INFO - 
Only NeRF
2024-05-30 00:18:41,531 - INFO -  Model :	model_fmow_xyz_inception_v3_0.0050_64_0.0005000_1_512.log
2024-05-30 00:18:46,964 - INFO - 
num_classes	8142
2024-05-30 00:18:46,964 - INFO - num train    	436063
2024-05-30 00:18:46,964 - INFO - num val      	24343
2024-05-30 00:18:46,964 - INFO - train loss   	full_loss
2024-05-30 00:18:46,964 - INFO - model name   	../models/xyz/model_fmow_xyz_inception_v3_0.0050_64_0.0005000_1_512.log
2024-05-30 00:18:46,964 - INFO - num users    	18643
2024-05-30 00:18:47,928 - INFO - 
Only NeRF
2024-05-30 00:18:47,928 - INFO -  Model :	model_fmow_xyz_inception_v3_0.0050_64_0.0005000_1_512.log
2024-05-30 00:18:49,493 - INFO - 
num_classes	62
2024-05-30 00:18:49,493 - INFO - num train    	363571
2024-05-30 00:18:49,493 - INFO - num val      	53041
2024-05-30 00:18:49,493 - INFO - train loss   	full_loss
2024-05-30 00:18:49,493 - INFO - model name   	../models/xyz/model_fmow_xyz_inception_v3_0.0050_64_0.0005000_1_512.log
2024-05-30 00:18:49,493 - INFO - num users    	1
2024-05-30 00:18:50,354 - INFO - 
Only NeRF
2024-05-30 00:18:50,354 - INFO -  Model :	model_fmow_xyz_inception_v3_0.0050_64_0.0005000_1_512.log
2024-05-30 00:18:58,264 - INFO - 
num_classes	62
2024-05-30 00:18:58,265 - INFO - num train    	363571
2024-05-30 00:18:58,265 - INFO - num val      	53041
2024-05-30 00:18:58,265 - INFO - train loss   	full_loss
2024-05-30 00:18:58,265 - INFO - model name   	../models/xyz/model_fmow_xyz_inception_v3_0.0050_64_0.0005000_1_512.log
2024-05-30 00:18:58,265 - INFO - num users    	1
2024-05-30 00:18:59,118 - INFO - 
Only NeRF
2024-05-30 00:18:59,118 - INFO -  Model :	model_fmow_xyz_inception_v3_0.0050_64_0.0005000_1_512.log
2024-05-30 00:18:59,194 - INFO - 
num_classes	8142
2024-05-30 00:18:59,194 - INFO - num train    	436063
2024-05-30 00:18:59,194 - INFO - num val      	24343
2024-05-30 00:18:59,194 - INFO - train loss   	full_loss
2024-05-30 00:18:59,194 - INFO - model name   	../models/xyz/model_fmow_xyz_inception_v3_0.0050_64_0.0005000_1_512.log
2024-05-30 00:18:59,194 - INFO - num users    	18643
2024-05-30 00:19:00,115 - INFO - 
Only NeRF
2024-05-30 00:19:00,116 - INFO -  Model :	model_fmow_xyz_inception_v3_0.0050_64_0.0005000_1_512.log
2024-05-30 00:19:07,068 - INFO - 
num_classes	62
2024-05-30 00:19:07,068 - INFO - num train    	363571
2024-05-30 00:19:07,068 - INFO - num val      	53041
2024-05-30 00:19:07,068 - INFO - train loss   	full_loss
2024-05-30 00:19:07,068 - INFO - model name   	../models/xyz/model_fmow_xyz_inception_v3_0.0050_64_0.0005000_1_512.log
2024-05-30 00:19:07,068 - INFO - num users    	1
2024-05-30 00:19:07,911 - INFO - 
Only NeRF
2024-05-30 00:19:07,911 - INFO -  Model :	model_fmow_xyz_inception_v3_0.0050_64_0.0005000_1_512.log
2024-05-30 00:19:11,337 - INFO - 
num_classes	8142
2024-05-30 00:19:11,338 - INFO - num train    	436063
2024-05-30 00:19:11,338 - INFO - num val      	24343
2024-05-30 00:19:11,338 - INFO - train loss   	full_loss
2024-05-30 00:19:11,338 - INFO - model name   	../models/xyz/model_fmow_xyz_inception_v3_0.0050_64_0.0005000_1_512.log
2024-05-30 00:19:11,338 - INFO - num users    	18643
2024-05-30 00:19:12,250 - INFO - 
Only NeRF
2024-05-30 00:19:12,251 - INFO -  Model :	model_fmow_xyz_inception_v3_0.0050_64_0.0005000_1_512.log
2024-05-30 00:19:37,632 - INFO - 
num_classes	555
2024-05-30 00:19:37,632 - INFO - num train    	22599
2024-05-30 00:19:37,632 - INFO - num val      	1100
2024-05-30 00:19:37,632 - INFO - train loss   	full_loss
2024-05-30 00:19:37,632 - INFO - model name   	../models/xyz/model_fmow_xyz_inception_v3_0.0050_64_0.0005000_1_512.pth.tar
2024-05-30 00:19:37,632 - INFO - num users    	5331
2024-05-30 00:19:37,632 - INFO - meta data    	ebird_meta
2024-05-30 00:19:37,849 - INFO - 
Only xyz
2024-05-30 00:19:37,849 - INFO -  Model :	model_fmow_xyz_inception_v3_0.0050_64_0.0005000_1_512.pth.tar
2024-05-30 00:21:13,065 - INFO - 
num_classes	555
2024-05-30 00:21:13,065 - INFO - num train    	22599
2024-05-30 00:21:13,065 - INFO - num val      	1100
2024-05-30 00:21:13,065 - INFO - train loss   	full_loss
2024-05-30 00:21:13,065 - INFO - model name   	../models/xyz/model_fmow_xyz_inception_v3_0.0050_64_0.0005000_1_512.pth.tar
2024-05-30 00:21:13,065 - INFO - num users    	5331
2024-05-30 00:21:13,065 - INFO - meta data    	ebird_meta
2024-05-30 00:21:13,287 - INFO - 
Only xyz
2024-05-30 00:21:13,287 - INFO -  Model :	model_fmow_xyz_inception_v3_0.0050_64_0.0005000_1_512.pth.tar
2024-05-30 00:24:15,942 - INFO - 
num_classes	555
2024-05-30 00:24:15,943 - INFO - num train    	22599
2024-05-30 00:24:15,943 - INFO - num val      	1100
2024-05-30 00:24:15,943 - INFO - train loss   	full_loss
2024-05-30 00:24:15,943 - INFO - model name   	../models/xyz/model_fmow_xyz_inception_v3_0.0050_64_0.0005000_1_512.pth.tar
2024-05-30 00:24:15,943 - INFO - num users    	5331
2024-05-30 00:24:15,943 - INFO - meta data    	ebird_meta
2024-05-30 00:24:16,154 - INFO - 
Only xyz
2024-05-30 00:24:16,154 - INFO -  Model :	model_fmow_xyz_inception_v3_0.0050_64_0.0005000_1_512.pth.tar
2024-05-30 14:29:59,166 - INFO - 
num_classes	62
2024-05-30 14:29:59,166 - INFO - num train    	363571
2024-05-30 14:29:59,166 - INFO - num val      	53041
2024-05-30 14:29:59,166 - INFO - train loss   	full_loss
2024-05-30 14:29:59,166 - INFO - model name   	../models/xyz/model_fmow_xyz_inception_v3_0.0050_64_0.0005000_1_512.pth.tar
2024-05-30 14:29:59,166 - INFO - num users    	1
2024-05-30 14:29:59,400 - INFO - 
Only xyz
2024-05-30 14:29:59,400 - INFO -  Model :	model_fmow_xyz_inception_v3_0.0050_64_0.0005000_1_512.pth.tar
2024-05-30 14:29:59,407 - INFO - Saving output model to ../models/xyz/model_fmow_xyz_inception_v3_0.0050_64_0.0005000_1_512.pth.tar
2024-05-30 14:29:59,424 - INFO - Saving output model to ../models/xyz/model_fmow_xyz_inception_v3_0.0050_64_0.0005000_1_512.pth.tar
2024-05-30 14:29:59,439 - INFO - 
No prior
2024-05-30 14:29:59,448 - INFO - (53041,)
2024-05-30 14:30:00,394 - INFO - Save results to ../eval_results/eval_fmow__val_no_prior.csv
2024-05-30 14:30:00,395 - INFO -  Split ID: 0
2024-05-30 14:30:00,395 - INFO -  Top 1	acc (%):   69.83
2024-05-30 14:30:00,395 - INFO -  Top 3	acc (%):   84.61
2024-05-30 14:30:00,395 - INFO -  Top 5	acc (%):   89.23
2024-05-30 14:30:00,395 - INFO -  Top 10	acc (%):   94.29
2024-05-30 14:30:27,371 - INFO -  Split ID: 0
2024-05-30 14:30:27,371 - INFO -  Top 1	hit (%):   70.16
2024-05-30 14:30:27,371 - INFO -  Top 3	hit (%):   84.91
2024-05-30 14:30:27,371 - INFO -  Top 5	hit (%):   89.53
2024-05-30 14:30:27,371 - INFO -  Top 10	hit (%):   94.47
2024-05-30 14:30:27,386 - INFO - 
Only xyz
2024-05-30 14:30:27,386 - INFO -  Model :	model_fmow_xyz_inception_v3_0.0050_64_0.0005000_1_512.pth.tar
2024-05-30 14:30:27,465 - INFO - (53041,)
2024-05-30 14:30:27,602 - INFO -  Split ID: 0
2024-05-30 14:30:27,633 - INFO -  Top 1	LocEnc acc (%):   11.68
2024-05-30 14:30:27,635 - INFO -  Top 3	LocEnc acc (%):   23.44
2024-05-30 14:30:27,636 - INFO -  Top 5	LocEnc acc (%):   32.02
2024-05-30 14:30:27,638 - INFO -  Top 10	LocEnc acc (%):   46.08
