2024-05-19 17:56:40,461 - INFO - 
num_classes	500
2024-05-19 17:56:40,461 - INFO - num train    	42490
2024-05-19 17:56:40,461 - INFO - num val      	980
2024-05-19 17:56:40,461 - INFO - train loss   	full_loss
2024-05-19 17:56:40,461 - INFO - model name   	../models/rbf/model_birdsnap_ebird_meta_rbf_inception_v3_0.0005_64_0.0005000_1_512_200_2.0.pth.tar
2024-05-19 17:56:40,461 - INFO - num users    	5763
2024-05-19 17:56:40,461 - INFO - meta data    	ebird_meta
2024-05-19 17:56:41,073 - INFO - 
Epoch	0
2024-05-19 17:57:12,153 - INFO - [41984/42490]	Loss  : 1.8881
2024-05-19 17:57:12,856 - INFO - Test loss   : 1.0139
2024-05-19 17:57:12,856 - INFO - 
Epoch	1
2024-05-19 17:57:43,217 - INFO - [41984/42490]	Loss  : 1.4878
2024-05-19 17:57:43,925 - INFO - Test loss   : 0.7282
2024-05-19 17:57:43,925 - INFO - 
Epoch	2
2024-05-19 17:58:14,941 - INFO - [41984/42490]	Loss  : 1.2878
2024-05-19 17:58:15,569 - INFO - Test loss   : 0.5736
2024-05-19 17:58:15,569 - INFO - 
Epoch	3
2024-05-19 17:58:45,486 - INFO - [41984/42490]	Loss  : 1.1618
2024-05-19 17:58:46,193 - INFO - Test loss   : 0.4938
2024-05-19 17:58:46,193 - INFO - 
Epoch	4
2024-05-19 17:59:17,088 - INFO - [41984/42490]	Loss  : 1.0888
2024-05-19 17:59:17,795 - INFO - Test loss   : 0.4229
2024-05-19 17:59:17,795 - INFO - 
Epoch	5
2024-05-19 17:59:48,386 - INFO - [41984/42490]	Loss  : 1.0356
2024-05-19 17:59:49,024 - INFO - Test loss   : 0.4045
2024-05-19 17:59:49,024 - INFO - 
Epoch	6
2024-05-19 18:00:16,527 - INFO - [41984/42490]	Loss  : 1.0031
2024-05-19 18:00:17,218 - INFO - Test loss   : 0.3878
2024-05-19 18:00:17,218 - INFO - 
Epoch	7
2024-05-19 18:00:47,899 - INFO - [41984/42490]	Loss  : 0.9818
2024-05-19 18:00:48,604 - INFO - Test loss   : 0.3803
2024-05-19 18:00:48,604 - INFO - 
Epoch	8
2024-05-19 18:01:19,026 - INFO - [41984/42490]	Loss  : 0.9638
2024-05-19 18:01:19,729 - INFO - Test loss   : 0.3814
2024-05-19 18:01:19,729 - INFO - 
Epoch	9
2024-05-19 18:01:50,361 - INFO - [41984/42490]	Loss  : 0.9479
2024-05-19 18:01:51,084 - INFO - Test loss   : 0.3764
2024-05-19 18:01:51,084 - INFO - 
Epoch	10
2024-05-19 18:02:21,489 - INFO - [41984/42490]	Loss  : 0.9340
2024-05-19 18:02:22,193 - INFO - Test loss   : 0.3737
2024-05-19 18:02:22,210 - INFO - (980,)
2024-05-19 18:02:22,245 - INFO -  Split ID: 0
2024-05-19 18:02:22,246 - INFO -  Top 1	LocEnc (Epoch 10)acc (%):   4.8
2024-05-19 18:02:22,246 - INFO -  Top 3	LocEnc (Epoch 10)acc (%):   10.31
2024-05-19 18:02:22,246 - INFO -  Top 5	LocEnc (Epoch 10)acc (%):   15.61
2024-05-19 18:02:22,246 - INFO -  Top 10	LocEnc (Epoch 10)acc (%):   24.59
2024-05-19 18:02:22,246 - INFO - 
No prior
2024-05-19 18:02:22,247 - INFO - (2262,)
2024-05-19 18:02:22,297 - INFO -  Split ID: 0
2024-05-19 18:02:22,298 - INFO -  Top 1	(Epoch 10)acc (%):   70.07
2024-05-19 18:02:22,298 - INFO -  Top 3	(Epoch 10)acc (%):   86.6
2024-05-19 18:02:22,298 - INFO -  Top 5	(Epoch 10)acc (%):   90.05
2024-05-19 18:02:22,298 - INFO -  Top 10	(Epoch 10)acc (%):   92.88
2024-05-19 18:02:24,457 - INFO -  Split ID: 0
2024-05-19 18:02:24,457 - INFO -  Top 1	(Epoch 10)acc (%):   78.69
2024-05-19 18:02:24,457 - INFO -  Top 3	(Epoch 10)acc (%):   90.94
2024-05-19 18:02:24,458 - INFO -  Top 5	(Epoch 10)acc (%):   93.15
2024-05-19 18:02:24,458 - INFO -  Top 10	(Epoch 10)acc (%):   95.8
2024-05-19 18:02:24,458 - INFO - 
Epoch	11
2024-05-19 18:02:54,521 - INFO - [41984/42490]	Loss  : 0.9285
2024-05-19 18:02:55,235 - INFO - Test loss   : 0.3745
2024-05-19 18:02:55,235 - INFO - 
Epoch	12
2024-05-19 18:03:25,530 - INFO - [41984/42490]	Loss  : 0.9168
2024-05-19 18:03:26,235 - INFO - Test loss   : 0.3719
2024-05-19 18:03:26,235 - INFO - 
Epoch	13
2024-05-19 18:03:57,016 - INFO - [41984/42490]	Loss  : 0.9090
2024-05-19 18:03:57,718 - INFO - Test loss   : 0.3751
2024-05-19 18:03:57,718 - INFO - 
Epoch	14
2024-05-19 18:04:28,922 - INFO - [41984/42490]	Loss  : 0.9004
2024-05-19 18:04:29,628 - INFO - Test loss   : 0.3746
2024-05-19 18:04:29,628 - INFO - 
Epoch	15
2024-05-19 18:04:59,751 - INFO - [41984/42490]	Loss  : 0.8960
2024-05-19 18:05:00,460 - INFO - Test loss   : 0.3749
2024-05-19 18:05:00,461 - INFO - 
Epoch	16
2024-05-19 18:05:28,875 - INFO - [41984/42490]	Loss  : 0.8883
2024-05-19 18:05:29,569 - INFO - Test loss   : 0.3766
2024-05-19 18:05:29,569 - INFO - 
Epoch	17
2024-05-19 18:05:59,357 - INFO - [41984/42490]	Loss  : 0.8833
2024-05-19 18:06:00,062 - INFO - Test loss   : 0.3682
2024-05-19 18:06:00,062 - INFO - 
Epoch	18
2024-05-19 18:06:30,607 - INFO - [41984/42490]	Loss  : 0.8786
2024-05-19 18:06:31,319 - INFO - Test loss   : 0.3752
2024-05-19 18:06:31,320 - INFO - 
Epoch	19
2024-05-19 18:07:00,553 - INFO - [41984/42490]	Loss  : 0.8720
2024-05-19 18:07:01,259 - INFO - Test loss   : 0.3790
2024-05-19 18:07:01,259 - INFO - 
Epoch	20
2024-05-19 18:07:32,364 - INFO - [41984/42490]	Loss  : 0.8689
2024-05-19 18:07:33,070 - INFO - Test loss   : 0.3732
2024-05-19 18:07:33,085 - INFO - (980,)
2024-05-19 18:07:33,117 - INFO -  Split ID: 0
2024-05-19 18:07:33,118 - INFO -  Top 1	LocEnc (Epoch 20)acc (%):   5.0
2024-05-19 18:07:33,118 - INFO -  Top 3	LocEnc (Epoch 20)acc (%):   11.33
2024-05-19 18:07:33,118 - INFO -  Top 5	LocEnc (Epoch 20)acc (%):   15.51
2024-05-19 18:07:33,118 - INFO -  Top 10	LocEnc (Epoch 20)acc (%):   26.33
2024-05-19 18:07:33,119 - INFO - 
No prior
2024-05-19 18:07:33,119 - INFO - (2262,)
2024-05-19 18:07:33,169 - INFO -  Split ID: 0
2024-05-19 18:07:33,169 - INFO -  Top 1	(Epoch 20)acc (%):   70.07
2024-05-19 18:07:33,169 - INFO -  Top 3	(Epoch 20)acc (%):   86.6
2024-05-19 18:07:33,169 - INFO -  Top 5	(Epoch 20)acc (%):   90.05
2024-05-19 18:07:33,169 - INFO -  Top 10	(Epoch 20)acc (%):   92.88
2024-05-19 18:07:35,314 - INFO -  Split ID: 0
2024-05-19 18:07:35,314 - INFO -  Top 1	(Epoch 20)acc (%):   78.96
2024-05-19 18:07:35,314 - INFO -  Top 3	(Epoch 20)acc (%):   91.25
2024-05-19 18:07:35,314 - INFO -  Top 5	(Epoch 20)acc (%):   93.5
2024-05-19 18:07:35,314 - INFO -  Top 10	(Epoch 20)acc (%):   96.07
2024-05-19 18:07:35,314 - INFO - 
Epoch	21
2024-05-19 18:08:06,085 - INFO - [41984/42490]	Loss  : 0.8651
2024-05-19 18:08:06,798 - INFO - Test loss   : 0.3767
2024-05-19 18:08:06,798 - INFO - 
Epoch	22
2024-05-19 18:08:35,905 - INFO - [41984/42490]	Loss  : 0.8616
2024-05-19 18:08:36,609 - INFO - Test loss   : 0.3827
2024-05-19 18:08:36,610 - INFO - 
Epoch	23
2024-05-19 18:09:07,829 - INFO - [41984/42490]	Loss  : 0.8585
2024-05-19 18:09:08,576 - INFO - Test loss   : 0.3820
2024-05-19 18:09:08,577 - INFO - 
Epoch	24
2024-05-19 18:09:39,379 - INFO - [41984/42490]	Loss  : 0.8510
2024-05-19 18:09:40,125 - INFO - Test loss   : 0.3871
2024-05-19 18:09:40,125 - INFO - 
Epoch	25
2024-05-19 18:10:11,300 - INFO - [41984/42490]	Loss  : 0.8493
2024-05-19 18:10:12,012 - INFO - Test loss   : 0.3818
2024-05-19 18:10:12,012 - INFO - 
Epoch	26
2024-05-19 18:10:43,285 - INFO - [41984/42490]	Loss  : 0.8451
2024-05-19 18:10:43,991 - INFO - Test loss   : 0.3835
2024-05-19 18:10:43,992 - INFO - 
Epoch	27
2024-05-19 18:11:13,664 - INFO - [41984/42490]	Loss  : 0.8434
2024-05-19 18:11:14,367 - INFO - Test loss   : 0.3825
2024-05-19 18:11:14,367 - INFO - 
Epoch	28
2024-05-19 18:11:44,613 - INFO - [41984/42490]	Loss  : 0.8406
2024-05-19 18:11:45,320 - INFO - Test loss   : 0.3908
2024-05-19 18:11:45,320 - INFO - 
Epoch	29
2024-05-19 18:12:16,185 - INFO - [41984/42490]	Loss  : 0.8385
2024-05-19 18:12:16,892 - INFO - Test loss   : 0.3964
2024-05-19 18:12:16,892 - INFO - Saving output model to ../models/rbf/model_birdsnap_ebird_meta_rbf_inception_v3_0.0005_64_0.0005000_1_512_200_2.0.pth.tar
2024-05-19 18:12:16,909 - INFO - Saving output model to ../models/rbf/model_birdsnap_ebird_meta_rbf_inception_v3_0.0005_64_0.0005000_1_512_200_2.0.pth.tar
2024-05-19 18:12:16,949 - INFO - 
No prior
2024-05-19 18:12:16,950 - INFO - (2262,)
2024-05-19 18:12:16,999 - INFO -  Split ID: 0
2024-05-19 18:12:16,999 - INFO -  Top 1	acc (%):   70.07
2024-05-19 18:12:17,001 - INFO -  Top 3	acc (%):   86.6
2024-05-19 18:12:17,002 - INFO -  Top 5	acc (%):   90.05
2024-05-19 18:12:17,002 - INFO -  Top 10	acc (%):   92.88
2024-05-19 18:12:19,145 - INFO -  Split ID: 0
2024-05-19 18:12:19,145 - INFO -  Top 1	acc (%):   79.49
2024-05-19 18:12:19,145 - INFO -  Top 3	acc (%):   91.38
2024-05-19 18:12:19,145 - INFO -  Top 5	acc (%):   93.77
2024-05-19 18:12:19,145 - INFO -  Top 10	acc (%):   96.02
2024-05-19 18:12:19,145 - INFO - 
rbf
2024-05-19 18:12:19,145 - INFO -  Model :	model_birdsnap_ebird_meta_rbf_inception_v3_0.0005_64_0.0005000_1_512_200_2.0.pth.tar
2024-05-19 18:12:19,168 - INFO - (980,)
2024-05-19 18:12:19,201 - INFO -  Split ID: 0
2024-05-19 18:12:19,201 - INFO -  Top 1	LocEnc acc (%):   5.1
2024-05-19 18:12:19,201 - INFO -  Top 3	LocEnc acc (%):   11.12
2024-05-19 18:12:19,202 - INFO -  Top 5	LocEnc acc (%):   15.92
2024-05-19 18:12:19,202 - INFO -  Top 10	LocEnc acc (%):   25.1
2024-05-27 12:43:40,778 - INFO - 
num_classes	500
2024-05-27 12:43:40,876 - INFO - num train    	42490
2024-05-27 12:43:40,876 - INFO - num val      	980
2024-05-27 12:43:40,877 - INFO - train loss   	full_loss
2024-05-27 12:43:40,877 - INFO - model name   	../models/rbf/model_birdsnap_ebird_meta_rbf_inception_v3_0.0005_64_0.0005000_1_512_200_2.0.pth.tar
2024-05-27 12:43:40,877 - INFO - num users    	5763
2024-05-27 12:43:40,877 - INFO - meta data    	ebird_meta
2024-05-27 12:43:41,098 - INFO - 
Epoch	0
2024-05-27 12:44:22,795 - INFO - [41984/42490]	Loss  : 1.8940
2024-05-27 12:44:23,735 - INFO - Test loss   : 1.0325
2024-05-27 12:44:23,736 - INFO - 
Epoch	1
2024-05-27 12:45:07,485 - INFO - [41984/42490]	Loss  : 1.4889
2024-05-27 12:45:08,263 - INFO - Test loss   : 0.7283
2024-05-27 12:45:08,263 - INFO - 
Epoch	2
2024-05-27 12:45:49,227 - INFO - [41984/42490]	Loss  : 1.2676
2024-05-27 12:45:50,184 - INFO - Test loss   : 0.5599
2024-05-27 12:45:50,185 - INFO - 
Epoch	3
2024-05-27 12:46:31,491 - INFO - [41984/42490]	Loss  : 1.1484
2024-05-27 12:46:32,376 - INFO - Test loss   : 0.4835
2024-05-27 12:46:32,376 - INFO - 
Epoch	4
2024-05-27 12:46:55,477 - INFO - 
num_classes	500
2024-05-27 12:46:55,477 - INFO - num train    	42490
2024-05-27 12:46:55,477 - INFO - num val      	980
2024-05-27 12:46:55,477 - INFO - train loss   	full_loss
2024-05-27 12:46:55,477 - INFO - model name   	../models/rbf/model_birdsnap_ebird_meta_rbf_inception_v3_0.0005_64_0.0005000_1_512_200_2.0.pth.tar
2024-05-27 12:46:55,477 - INFO - num users    	5763
2024-05-27 12:46:55,477 - INFO - meta data    	ebird_meta
2024-05-27 12:46:55,717 - INFO - 
Epoch	0
2024-05-27 12:47:36,867 - INFO - [41984/42490]	Loss  : 1.8981
2024-05-27 12:47:37,847 - INFO - Test loss   : 1.0342
2024-05-27 12:47:37,848 - INFO - Saving output model to ../models/rbf/model_birdsnap_ebird_meta_rbf_inception_v3_0.0005_64_0.0005000_1_512_200_2.0.pth.tar
2024-05-27 12:47:37,918 - INFO - Saving output model to ../models/rbf/model_birdsnap_ebird_meta_rbf_inception_v3_0.0005_64_0.0005000_1_512_200_2.0.pth.tar
2024-05-27 12:47:37,992 - INFO - 
No prior
2024-05-27 12:47:37,993 - INFO - (2262,)
2024-05-27 12:47:38,049 - INFO -  Split ID: 0
2024-05-27 12:47:38,049 - INFO -  Top 1	acc (%):   70.07
2024-05-27 12:47:38,049 - INFO -  Top 3	acc (%):   86.6
2024-05-27 12:47:38,049 - INFO -  Top 5	acc (%):   90.05
2024-05-27 12:47:38,050 - INFO -  Top 10	acc (%):   92.88
2024-05-27 12:47:40,852 - INFO -  Split ID: 0
2024-05-27 12:47:40,852 - INFO -  Top 1	acc (%):   72.28
2024-05-27 12:47:40,852 - INFO -  Top 3	acc (%):   87.14
2024-05-27 12:47:40,852 - INFO -  Top 5	acc (%):   90.58
2024-05-27 12:47:40,852 - INFO -  Top 10	acc (%):   93.63
2024-05-27 12:47:40,852 - INFO - 
rbf
2024-05-27 12:47:40,852 - INFO -  Model :	model_birdsnap_ebird_meta_rbf_inception_v3_0.0005_64_0.0005000_1_512_200_2.0.pth.tar
2024-05-27 12:47:40,885 - INFO - (980,)
2024-05-27 12:47:40,924 - INFO -  Split ID: 0
2024-05-27 12:47:40,925 - INFO -  Top 1	LocEnc acc (%):   1.94
2024-05-27 12:47:40,925 - INFO -  Top 3	LocEnc acc (%):   4.9
2024-05-27 12:47:40,925 - INFO -  Top 5	LocEnc acc (%):   7.35
2024-05-27 12:47:40,925 - INFO -  Top 10	LocEnc acc (%):   12.24
2024-05-27 12:57:57,761 - INFO - 
num_classes	500
2024-05-27 12:57:57,761 - INFO - num train    	42490
2024-05-27 12:57:57,761 - INFO - num val      	980
2024-05-27 12:57:57,761 - INFO - train loss   	full_loss
2024-05-27 12:57:57,761 - INFO - model name   	../models/rbf/model_birdsnap_ebird_meta_rbf_inception_v3_0.0005_64_0.0005000_1_512_200_2.0.pth.tar
2024-05-27 12:57:57,761 - INFO - num users    	5763
2024-05-27 12:57:57,761 - INFO - meta data    	ebird_meta
2024-05-27 12:57:57,998 - INFO - 
Epoch	0
2024-05-27 12:58:41,536 - INFO - [41984/42490]	Loss  : 1.8933
2024-05-27 12:58:42,496 - INFO - Test loss   : 1.0345
2024-05-27 12:58:42,496 - INFO - 
Epoch	1
2024-05-27 12:59:25,650 - INFO - [41984/42490]	Loss  : 1.4800
2024-05-27 12:59:26,630 - INFO - Test loss   : 0.7068
2024-05-27 12:59:26,630 - INFO - 
Epoch	2
2024-05-27 13:00:09,901 - INFO - [41984/42490]	Loss  : 1.2713
2024-05-27 13:00:10,908 - INFO - Test loss   : 0.5454
2024-05-27 13:00:10,908 - INFO - 
Epoch	3
2024-05-27 13:00:54,272 - INFO - [41984/42490]	Loss  : 1.1525
2024-05-27 13:00:55,260 - INFO - Test loss   : 0.4780
2024-05-27 13:00:55,260 - INFO - 
Epoch	4
2024-05-27 13:01:38,306 - INFO - [41984/42490]	Loss  : 1.0798
2024-05-27 13:01:39,285 - INFO - Test loss   : 0.4483
2024-05-27 13:01:39,285 - INFO - 
Epoch	5
2024-05-27 13:02:22,148 - INFO - [41984/42490]	Loss  : 1.0363
2024-05-27 13:02:23,126 - INFO - Test loss   : 0.4151
2024-05-27 13:02:23,126 - INFO - 
Epoch	6
2024-05-27 13:03:05,913 - INFO - [41984/42490]	Loss  : 0.9998
2024-05-27 13:03:06,897 - INFO - Test loss   : 0.4056
2024-05-27 13:03:06,898 - INFO - 
Epoch	7
2024-05-27 13:03:50,007 - INFO - [41984/42490]	Loss  : 0.9767
2024-05-27 13:03:50,861 - INFO - Test loss   : 0.4073
2024-05-27 13:03:50,861 - INFO - 
Epoch	8
2024-05-27 13:04:33,141 - INFO - [41984/42490]	Loss  : 0.9587
2024-05-27 13:04:34,071 - INFO - Test loss   : 0.3811
2024-05-27 13:04:34,071 - INFO - 
Epoch	9
2024-05-27 13:05:17,474 - INFO - [41984/42490]	Loss  : 0.9448
2024-05-27 13:05:18,458 - INFO - Test loss   : 0.3912
2024-05-27 13:05:18,458 - INFO - 
Epoch	10
2024-05-27 13:06:01,281 - INFO - [41984/42490]	Loss  : 0.9311
2024-05-27 13:06:02,364 - INFO - Test loss   : 0.3860
2024-05-27 13:06:02,364 - INFO - 
Epoch	11
2024-05-27 13:06:45,885 - INFO - [41984/42490]	Loss  : 0.9223
2024-05-27 13:06:46,859 - INFO - Test loss   : 0.3884
2024-05-27 13:06:46,859 - INFO - 
Epoch	12
2024-05-27 13:07:30,214 - INFO - [41984/42490]	Loss  : 0.9123
2024-05-27 13:07:31,201 - INFO - Test loss   : 0.3824
2024-05-27 13:07:31,201 - INFO - 
Epoch	13
2024-05-27 13:08:14,785 - INFO - [41984/42490]	Loss  : 0.9066
2024-05-27 13:08:15,786 - INFO - Test loss   : 0.3870
2024-05-27 13:08:15,786 - INFO - 
Epoch	14
2024-05-27 13:08:59,283 - INFO - [41984/42490]	Loss  : 0.8987
2024-05-27 13:09:00,284 - INFO - Test loss   : 0.3827
2024-05-27 13:09:00,284 - INFO - 
Epoch	15
2024-05-27 13:09:44,294 - INFO - [41984/42490]	Loss  : 0.8892
2024-05-27 13:09:45,112 - INFO - Test loss   : 0.3840
2024-05-27 13:09:45,112 - INFO - 
Epoch	16
2024-05-27 13:10:25,966 - INFO - [41984/42490]	Loss  : 0.8868
2024-05-27 13:10:26,925 - INFO - Test loss   : 0.3836
2024-05-27 13:10:26,925 - INFO - 
Epoch	17
2024-05-27 13:11:09,090 - INFO - [41984/42490]	Loss  : 0.8790
2024-05-27 13:11:10,015 - INFO - Test loss   : 0.3933
2024-05-27 13:11:10,015 - INFO - 
Epoch	18
2024-05-27 13:11:52,837 - INFO - [41984/42490]	Loss  : 0.8775
2024-05-27 13:11:53,821 - INFO - Test loss   : 0.3836
2024-05-27 13:11:53,821 - INFO - 
Epoch	19
2024-05-27 13:12:36,929 - INFO - [41984/42490]	Loss  : 0.8704
2024-05-27 13:12:37,883 - INFO - Test loss   : 0.3863
2024-05-27 13:12:37,883 - INFO - 
Epoch	20
2024-05-27 13:13:21,197 - INFO - [41984/42490]	Loss  : 0.8658
2024-05-27 13:13:22,170 - INFO - Test loss   : 0.3853
2024-05-27 13:13:22,170 - INFO - 
Epoch	21
2024-05-27 13:14:05,108 - INFO - [41984/42490]	Loss  : 0.8621
2024-05-27 13:14:05,603 - INFO - Test loss   : 0.3870
2024-05-27 13:14:05,604 - INFO - 
Epoch	22
2024-05-27 13:14:32,944 - INFO - [41984/42490]	Loss  : 0.8568
2024-05-27 13:14:33,017 - INFO - Test loss   : 0.3851
2024-05-27 13:14:33,017 - INFO - 
Epoch	23
2024-05-27 13:15:01,110 - INFO - [41984/42490]	Loss  : 0.8525
2024-05-27 13:15:01,852 - INFO - Test loss   : 0.3859
2024-05-27 13:15:01,852 - INFO - 
Epoch	24
2024-05-27 13:15:31,457 - INFO - [41984/42490]	Loss  : 0.8492
2024-05-27 13:15:32,215 - INFO - Test loss   : 0.3903
2024-05-27 13:15:32,215 - INFO - 
Epoch	25
2024-05-27 13:16:06,318 - INFO - [41984/42490]	Loss  : 0.8475
2024-05-27 13:16:07,325 - INFO - Test loss   : 0.3983
2024-05-27 13:16:07,325 - INFO - 
Epoch	26
2024-05-27 13:16:50,755 - INFO - [41984/42490]	Loss  : 0.8445
2024-05-27 13:16:51,777 - INFO - Test loss   : 0.3977
2024-05-27 13:16:51,784 - INFO - 
Epoch	27
2024-05-27 13:17:37,373 - INFO - [41984/42490]	Loss  : 0.8398
2024-05-27 13:17:38,399 - INFO - Test loss   : 0.3966
2024-05-27 13:17:38,399 - INFO - 
Epoch	28
2024-05-27 13:18:19,708 - INFO - [41984/42490]	Loss  : 0.8399
2024-05-27 13:18:20,664 - INFO - Test loss   : 0.4007
2024-05-27 13:18:20,664 - INFO - 
Epoch	29
2024-05-27 13:19:03,441 - INFO - [41984/42490]	Loss  : 0.8358
2024-05-27 13:19:04,515 - INFO - Test loss   : 0.3991
2024-05-27 13:19:04,516 - INFO - Saving output model to ../models/rbf/model_birdsnap_ebird_meta_rbf_inception_v3_0.0005_64_0.0005000_1_512_200_2.0.pth.tar
2024-05-27 13:19:04,584 - INFO - Saving output model to ../models/rbf/model_birdsnap_ebird_meta_rbf_inception_v3_0.0005_64_0.0005000_1_512_200_2.0.pth.tar
2024-05-27 13:19:04,628 - INFO - 
No prior
2024-05-27 13:19:04,629 - INFO - (2262,)
2024-05-27 13:19:04,687 - INFO -  Split ID: 0
2024-05-27 13:19:04,687 - INFO -  Top 1	acc (%):   70.07
2024-05-27 13:19:04,687 - INFO -  Top 3	acc (%):   86.6
2024-05-27 13:19:04,687 - INFO -  Top 5	acc (%):   90.05
2024-05-27 13:19:04,687 - INFO -  Top 10	acc (%):   92.88
2024-05-27 13:19:07,605 - INFO -  Split ID: 0
2024-05-27 13:19:07,605 - INFO -  Top 1	acc (%):   79.58
2024-05-27 13:19:07,605 - INFO -  Top 3	acc (%):   91.38
2024-05-27 13:19:07,605 - INFO -  Top 5	acc (%):   93.63
2024-05-27 13:19:07,605 - INFO -  Top 10	acc (%):   95.76
2024-05-27 13:19:07,605 - INFO - 
Only rbf
2024-05-27 13:19:07,605 - INFO -  Model :	model_birdsnap_ebird_meta_rbf_inception_v3_0.0005_64_0.0005000_1_512_200_2.0.pth.tar
2024-05-27 13:19:07,643 - INFO - (980,)
2024-05-27 13:19:07,683 - INFO -  Split ID: 0
2024-05-27 13:19:07,685 - INFO -  Top 1	LocEnc acc (%):   5.71
2024-05-27 13:19:07,685 - INFO -  Top 3	LocEnc acc (%):   11.12
2024-05-27 13:19:07,685 - INFO -  Top 5	LocEnc acc (%):   16.73
2024-05-27 13:19:07,685 - INFO -  Top 10	LocEnc acc (%):   26.43
2024-06-02 01:23:44,714 - INFO - 
num_classes	500
2024-06-02 01:23:44,715 - INFO - num train    	42490
2024-06-02 01:23:44,715 - INFO - num val      	980
2024-06-02 01:23:44,715 - INFO - train loss   	full_loss
2024-06-02 01:23:44,715 - INFO - model name   	../models/rbf/model_birdsnap_ebird_meta_rbf_inception_v3_0.0005_64_0.0005000_1_512_200_2.0.pth.tar
2024-06-02 01:23:44,715 - INFO - num users    	5763
2024-06-02 01:23:44,715 - INFO - meta data    	ebird_meta
2024-06-02 01:23:45,263 - INFO - Saving output model to ../models/rbf/model_birdsnap_ebird_meta_rbf_inception_v3_0.0005_64_0.0005000_1_512_200_2.0.pth.tar
2024-06-02 01:23:45,279 - INFO - Saving output model to ../models/rbf/model_birdsnap_ebird_meta_rbf_inception_v3_0.0005_64_0.0005000_1_512_200_2.0.pth.tar
2024-06-02 01:23:45,311 - INFO - 
No prior
2024-06-02 01:23:45,312 - INFO - (2262,)
2024-06-02 01:23:45,432 - INFO - Save results to ../eval_results/eval_birdsnap_ebird_meta_test_no_prior.csv
2024-06-02 01:23:45,432 - INFO -  Split ID: 0
2024-06-02 01:23:45,432 - INFO -  Top 1	acc (%):   70.07
2024-06-02 01:23:45,432 - INFO -  Top 3	acc (%):   86.6
2024-06-02 01:23:45,432 - INFO -  Top 5	acc (%):   90.05
2024-06-02 01:23:45,432 - INFO -  Top 10	acc (%):   92.88
2024-06-02 01:23:47,806 - INFO -  Split ID: 0
2024-06-02 01:23:47,806 - INFO -  Top 1	acc (%):   70.25
2024-06-02 01:23:47,806 - INFO -  Top 3	acc (%):   86.21
2024-06-02 01:23:47,806 - INFO -  Top 5	acc (%):   89.92
2024-06-02 01:23:47,806 - INFO -  Top 10	acc (%):   93.15
2024-06-02 01:23:47,806 - INFO - 
 rbf
2024-06-02 01:23:47,806 - INFO -  Model :	model_birdsnap_ebird_meta_rbf_inception_v3_0.0005_64_0.0005000_1_512_200_2.0.pth.tar
2024-06-02 01:23:48,198 - INFO - (980,)
2024-06-02 01:23:48,235 - INFO -  Split ID: 0
2024-06-02 01:23:48,236 - INFO -  Top 1	LocEnc acc (%):   0.61
2024-06-02 01:23:48,236 - INFO -  Top 3	LocEnc acc (%):   1.02
2024-06-02 01:23:48,236 - INFO -  Top 5	LocEnc acc (%):   1.43
2024-06-02 01:23:48,236 - INFO -  Top 10	LocEnc acc (%):   2.35
