2024-05-28 15:36:03,683 - INFO - 
num_classes	8142
2024-05-28 15:36:03,684 - INFO - num train    	436063
2024-05-28 15:36:03,684 - INFO - num val      	24343
2024-05-28 15:36:03,684 - INFO - train loss   	full_loss
2024-05-28 15:36:03,684 - INFO - model name   	../models/rbf/model_inat_2018_rbf_0.0100_64_0.0010000_1_512_500_2.0.pth.tar
2024-05-28 15:36:03,684 - INFO - num users    	18643
2024-05-28 15:36:04,025 - INFO - 
Epoch	0
2024-05-28 15:36:45,263 - INFO - [51200/436063]	Loss  : 1.6162
2024-05-28 15:37:25,033 - INFO - [102400/436063]	Loss  : 1.5669
2024-05-28 15:38:04,584 - INFO - [153600/436063]	Loss  : 1.5287
2024-05-28 15:38:42,517 - INFO - [204800/436063]	Loss  : 1.4966
2024-05-28 15:39:22,125 - INFO - [256000/436063]	Loss  : 1.4714
2024-05-28 15:39:26,507 - INFO - [262144/436063]	Loss  : 1.4688
2024-05-28 15:39:44,136 - INFO - Test loss   : 0.8303
2024-05-28 15:39:44,137 - INFO - 
Epoch	1
2024-05-28 15:40:24,913 - INFO - [51200/436063]	Loss  : 1.3244
2024-05-28 15:41:05,047 - INFO - [102400/436063]	Loss  : 1.3114
2024-05-28 15:41:44,905 - INFO - [153600/436063]	Loss  : 1.3021
2024-05-28 15:42:24,718 - INFO - [204800/436063]	Loss  : 1.2918
2024-05-28 15:43:03,859 - INFO - [256000/436063]	Loss  : 1.2806
2024-05-28 15:43:08,367 - INFO - [262144/436063]	Loss  : 1.2792
2024-05-28 15:43:26,459 - INFO - Test loss   : 0.7071
2024-05-28 15:43:26,459 - INFO - 
Epoch	2
2024-05-28 15:44:06,969 - INFO - [51200/436063]	Loss  : 1.2025
2024-05-28 15:44:46,878 - INFO - [102400/436063]	Loss  : 1.1952
2024-05-28 15:45:26,364 - INFO - [153600/436063]	Loss  : 1.1863
2024-05-28 15:46:06,210 - INFO - [204800/436063]	Loss  : 1.1769
2024-05-28 15:46:44,782 - INFO - [256000/436063]	Loss  : 1.1654
2024-05-28 15:46:48,851 - INFO - [262144/436063]	Loss  : 1.1640
2024-05-28 15:47:12,054 - INFO - Test loss   : 0.6284
2024-05-28 15:47:12,054 - INFO - 
Epoch	3
2024-05-28 15:48:05,908 - INFO - [51200/436063]	Loss  : 1.0834
2024-05-28 15:48:58,666 - INFO - [102400/436063]	Loss  : 1.0760
2024-05-28 15:49:50,482 - INFO - [153600/436063]	Loss  : 1.0709
2024-05-28 15:50:43,025 - INFO - [204800/436063]	Loss  : 1.0632
2024-05-28 15:51:32,052 - INFO - [256000/436063]	Loss  : 1.0567
2024-05-28 15:51:35,028 - INFO - [262144/436063]	Loss  : 1.0561
2024-05-28 15:51:47,364 - INFO - Test loss   : 0.6177
2024-05-28 15:51:47,364 - INFO - 
Epoch	4
2024-05-28 15:52:23,852 - INFO - [51200/436063]	Loss  : 1.0109
2024-05-28 15:52:58,150 - INFO - [102400/436063]	Loss  : 1.0044
2024-05-28 15:53:51,584 - INFO - [153600/436063]	Loss  : 1.0018
2024-05-28 15:54:46,683 - INFO - [204800/436063]	Loss  : 0.9984
2024-05-28 15:55:39,728 - INFO - [256000/436063]	Loss  : 0.9959
2024-05-28 15:55:45,792 - INFO - [262144/436063]	Loss  : 0.9954
2024-05-28 15:56:09,910 - INFO - Test loss   : 0.5366
2024-05-28 15:56:09,910 - INFO - 
Epoch	5
2024-05-28 15:57:04,565 - INFO - [51200/436063]	Loss  : 0.9633
2024-05-28 15:57:56,711 - INFO - [102400/436063]	Loss  : 0.9625
2024-05-28 15:58:51,334 - INFO - [153600/436063]	Loss  : 0.9587
2024-05-28 15:59:44,479 - INFO - [204800/436063]	Loss  : 0.9571
2024-05-28 16:00:37,830 - INFO - [256000/436063]	Loss  : 0.9557
2024-05-28 16:00:43,718 - INFO - [262144/436063]	Loss  : 0.9554
2024-05-28 16:01:08,010 - INFO - Test loss   : 0.4958
2024-05-28 16:01:08,010 - INFO - 
Epoch	6
2024-05-28 16:02:02,402 - INFO - [51200/436063]	Loss  : 0.9296
2024-05-28 16:02:55,536 - INFO - [102400/436063]	Loss  : 0.9281
2024-05-28 16:03:49,023 - INFO - [153600/436063]	Loss  : 0.9276
2024-05-28 16:04:42,247 - INFO - [204800/436063]	Loss  : 0.9266
2024-05-28 16:05:35,176 - INFO - [256000/436063]	Loss  : 0.9259
2024-05-28 16:05:41,080 - INFO - [262144/436063]	Loss  : 0.9259
2024-05-28 16:06:05,424 - INFO - Test loss   : 0.4716
2024-05-28 16:06:05,424 - INFO - 
Epoch	7
2024-05-28 16:07:00,060 - INFO - [51200/436063]	Loss  : 0.9075
2024-05-28 16:07:53,068 - INFO - [102400/436063]	Loss  : 0.9065
2024-05-28 16:08:46,755 - INFO - [153600/436063]	Loss  : 0.9084
2024-05-28 16:09:40,434 - INFO - [204800/436063]	Loss  : 0.9082
2024-05-28 16:10:34,063 - INFO - [256000/436063]	Loss  : 0.9082
2024-05-28 16:10:40,041 - INFO - [262144/436063]	Loss  : 0.9080
2024-05-28 16:11:03,909 - INFO - Test loss   : 0.4614
2024-05-28 16:11:03,909 - INFO - 
Epoch	8
2024-05-28 16:11:58,568 - INFO - [51200/436063]	Loss  : 0.8900
2024-05-28 16:12:51,776 - INFO - [102400/436063]	Loss  : 0.8923
2024-05-28 16:13:45,092 - INFO - [153600/436063]	Loss  : 0.8929
2024-05-28 16:14:38,373 - INFO - [204800/436063]	Loss  : 0.8932
2024-05-28 16:15:31,677 - INFO - [256000/436063]	Loss  : 0.8939
2024-05-28 16:15:37,654 - INFO - [262144/436063]	Loss  : 0.8938
2024-05-28 16:16:01,517 - INFO - Test loss   : 0.4515
2024-05-28 16:16:01,517 - INFO - 
Epoch	9
2024-05-28 16:16:55,795 - INFO - [51200/436063]	Loss  : 0.8838
2024-05-28 16:17:48,907 - INFO - [102400/436063]	Loss  : 0.8844
2024-05-28 16:18:42,012 - INFO - [153600/436063]	Loss  : 0.8829
2024-05-28 16:19:34,878 - INFO - [204800/436063]	Loss  : 0.8823
2024-05-28 16:20:27,871 - INFO - [256000/436063]	Loss  : 0.8820
2024-05-28 16:20:34,234 - INFO - [262144/436063]	Loss  : 0.8818
2024-05-28 16:20:59,091 - INFO - Test loss   : 0.4567
2024-05-28 16:20:59,091 - INFO - 
Epoch	10
2024-05-28 16:21:53,487 - INFO - [51200/436063]	Loss  : 0.8671
2024-05-28 16:22:46,309 - INFO - [102400/436063]	Loss  : 0.8675
2024-05-28 16:23:39,232 - INFO - [153600/436063]	Loss  : 0.8674
2024-05-28 16:24:32,058 - INFO - [204800/436063]	Loss  : 0.8661
2024-05-28 16:25:23,769 - INFO - [256000/436063]	Loss  : 0.8650
2024-05-28 16:25:29,644 - INFO - [262144/436063]	Loss  : 0.8646
2024-05-28 16:25:50,945 - INFO - Test loss   : 0.4369
2024-05-28 16:25:50,945 - INFO - 
Epoch	11
2024-05-28 16:26:42,095 - INFO - [51200/436063]	Loss  : 0.8508
2024-05-28 16:27:34,900 - INFO - [102400/436063]	Loss  : 0.8501
2024-05-28 16:28:28,410 - INFO - [153600/436063]	Loss  : 0.8489
2024-05-28 16:29:21,752 - INFO - [204800/436063]	Loss  : 0.8463
2024-05-28 16:30:14,973 - INFO - [256000/436063]	Loss  : 0.8454
2024-05-28 16:30:20,865 - INFO - [262144/436063]	Loss  : 0.8456
2024-05-28 16:30:45,041 - INFO - Test loss   : 0.4550
2024-05-28 16:30:45,041 - INFO - 
Epoch	12
2024-05-28 16:31:38,117 - INFO - [51200/436063]	Loss  : 0.8309
2024-05-28 16:32:33,506 - INFO - [102400/436063]	Loss  : 0.8326
2024-05-28 16:33:26,970 - INFO - [153600/436063]	Loss  : 0.8316
2024-05-28 16:34:20,335 - INFO - [204800/436063]	Loss  : 0.8304
2024-05-28 16:35:13,439 - INFO - [256000/436063]	Loss  : 0.8308
2024-05-28 16:35:19,270 - INFO - [262144/436063]	Loss  : 0.8308
2024-05-28 16:35:43,357 - INFO - Test loss   : 0.4539
2024-05-28 16:35:43,357 - INFO - 
Epoch	13
2024-05-28 16:36:37,793 - INFO - [51200/436063]	Loss  : 0.8158
2024-05-28 16:37:30,872 - INFO - [102400/436063]	Loss  : 0.8189
2024-05-28 16:38:23,869 - INFO - [153600/436063]	Loss  : 0.8191
2024-05-28 16:39:26,327 - INFO - [204800/436063]	Loss  : 0.8205
2024-05-28 16:40:32,878 - INFO - [256000/436063]	Loss  : 0.8212
2024-05-28 16:40:40,432 - INFO - [262144/436063]	Loss  : 0.8213
2024-05-28 16:41:10,829 - INFO - Test loss   : 0.4202
2024-05-28 16:41:10,829 - INFO - 
Epoch	14
2024-05-28 16:42:19,218 - INFO - [51200/436063]	Loss  : 0.8098
2024-05-28 16:43:25,660 - INFO - [102400/436063]	Loss  : 0.8110
2024-05-28 16:44:35,246 - INFO - [153600/436063]	Loss  : 0.8116
2024-05-28 16:45:41,827 - INFO - [204800/436063]	Loss  : 0.8115
2024-05-28 16:46:48,266 - INFO - [256000/436063]	Loss  : 0.8119
2024-05-28 16:46:55,828 - INFO - [262144/436063]	Loss  : 0.8119
2024-05-28 16:47:26,263 - INFO - Test loss   : 0.4214
2024-05-28 16:47:26,263 - INFO - 
Epoch	15
2024-05-28 16:48:34,318 - INFO - [51200/436063]	Loss  : 0.8054
2024-05-28 16:49:40,928 - INFO - [102400/436063]	Loss  : 0.8047
2024-05-28 16:50:47,000 - INFO - [153600/436063]	Loss  : 0.8045
2024-05-28 16:51:53,373 - INFO - [204800/436063]	Loss  : 0.8051
2024-05-28 16:52:58,835 - INFO - [256000/436063]	Loss  : 0.8052
2024-05-28 16:53:04,988 - INFO - [262144/436063]	Loss  : 0.8054
2024-05-28 16:53:29,101 - INFO - Test loss   : 0.4042
2024-05-28 16:53:29,101 - INFO - 
Epoch	16
2024-05-28 16:54:25,166 - INFO - [51200/436063]	Loss  : 0.7948
2024-05-28 16:55:36,148 - INFO - [102400/436063]	Loss  : 0.7967
2024-05-28 16:56:43,318 - INFO - [153600/436063]	Loss  : 0.7985
2024-05-28 16:57:51,951 - INFO - [204800/436063]	Loss  : 0.8001
2024-05-28 16:58:59,266 - INFO - [256000/436063]	Loss  : 0.8015
2024-05-28 16:59:06,780 - INFO - [262144/436063]	Loss  : 0.8015
2024-05-28 16:59:37,435 - INFO - Test loss   : 0.4389
2024-05-28 16:59:37,436 - INFO - 
Epoch	17
2024-05-28 17:00:45,433 - INFO - [51200/436063]	Loss  : 0.7978
2024-05-28 17:01:51,981 - INFO - [102400/436063]	Loss  : 0.7996
2024-05-28 17:02:58,237 - INFO - [153600/436063]	Loss  : 0.7979
2024-05-28 17:04:04,991 - INFO - [204800/436063]	Loss  : 0.7980
2024-05-28 17:05:11,737 - INFO - [256000/436063]	Loss  : 0.7987
2024-05-28 17:05:19,136 - INFO - [262144/436063]	Loss  : 0.7989
2024-05-28 17:05:49,603 - INFO - Test loss   : 0.4370
2024-05-28 17:05:49,603 - INFO - 
Epoch	18
2024-05-28 17:06:56,791 - INFO - [51200/436063]	Loss  : 0.7939
2024-05-28 17:08:03,240 - INFO - [102400/436063]	Loss  : 0.7926
2024-05-28 17:09:09,800 - INFO - [153600/436063]	Loss  : 0.7913
2024-05-28 17:10:16,073 - INFO - [204800/436063]	Loss  : 0.7924
2024-05-28 17:11:24,626 - INFO - [256000/436063]	Loss  : 0.7932
2024-05-28 17:11:32,832 - INFO - [262144/436063]	Loss  : 0.7934
2024-05-28 17:12:04,067 - INFO - Test loss   : 0.4023
2024-05-28 17:12:04,067 - INFO - 
Epoch	19
2024-05-28 17:13:10,990 - INFO - [51200/436063]	Loss  : 0.7877
2024-05-28 17:14:17,376 - INFO - [102400/436063]	Loss  : 0.7895
2024-05-28 17:15:23,551 - INFO - [153600/436063]	Loss  : 0.7902
2024-05-28 17:16:27,943 - INFO - [204800/436063]	Loss  : 0.7900
2024-05-28 17:17:32,608 - INFO - [256000/436063]	Loss  : 0.7903
2024-05-28 17:17:39,720 - INFO - [262144/436063]	Loss  : 0.7903
2024-05-28 17:18:10,119 - INFO - Test loss   : 0.4141
2024-05-28 17:18:10,119 - INFO - 
Epoch	20
2024-05-28 17:19:18,246 - INFO - [51200/436063]	Loss  : 0.7862
2024-05-28 17:20:24,339 - INFO - [102400/436063]	Loss  : 0.7878
2024-05-28 17:21:30,308 - INFO - [153600/436063]	Loss  : 0.7881
2024-05-28 17:22:35,807 - INFO - [204800/436063]	Loss  : 0.7874
2024-05-28 17:23:40,786 - INFO - [256000/436063]	Loss  : 0.7872
2024-05-28 17:23:48,336 - INFO - [262144/436063]	Loss  : 0.7872
2024-05-28 17:24:18,599 - INFO - Test loss   : 0.4380
2024-05-28 17:24:18,599 - INFO - 
Epoch	21
2024-05-28 17:25:26,669 - INFO - [51200/436063]	Loss  : 0.7858
2024-05-28 17:26:36,547 - INFO - [102400/436063]	Loss  : 0.7838
2024-05-28 17:27:43,150 - INFO - [153600/436063]	Loss  : 0.7839
2024-05-28 17:28:50,889 - INFO - [204800/436063]	Loss  : 0.7848
2024-05-28 17:29:57,963 - INFO - [256000/436063]	Loss  : 0.7847
2024-05-28 17:30:04,690 - INFO - [262144/436063]	Loss  : 0.7846
2024-05-28 17:30:34,988 - INFO - Test loss   : 0.4228
2024-05-28 17:30:34,989 - INFO - 
Epoch	22
2024-05-28 17:31:42,702 - INFO - [51200/436063]	Loss  : 0.7832
2024-05-28 17:32:49,257 - INFO - [102400/436063]	Loss  : 0.7832
2024-05-28 17:33:55,757 - INFO - [153600/436063]	Loss  : 0.7821
2024-05-28 17:35:02,323 - INFO - [204800/436063]	Loss  : 0.7819
2024-05-28 17:36:08,894 - INFO - [256000/436063]	Loss  : 0.7819
2024-05-28 17:36:16,555 - INFO - [262144/436063]	Loss  : 0.7819
2024-05-28 17:36:52,700 - INFO - Test loss   : 0.4046
2024-05-28 17:36:52,701 - INFO - 
Epoch	23
2024-05-28 17:38:13,337 - INFO - [51200/436063]	Loss  : 0.7770
2024-05-28 17:39:32,277 - INFO - [102400/436063]	Loss  : 0.7784
2024-05-28 17:40:54,849 - INFO - [153600/436063]	Loss  : 0.7791
2024-05-28 17:42:19,302 - INFO - [204800/436063]	Loss  : 0.7798
2024-05-28 17:43:51,299 - INFO - [256000/436063]	Loss  : 0.7812
2024-05-28 17:44:01,598 - INFO - [262144/436063]	Loss  : 0.7814
2024-05-28 17:44:45,823 - INFO - Test loss   : 0.4022
2024-05-28 17:44:45,823 - INFO - 
Epoch	24
2024-05-28 17:46:32,788 - INFO - [51200/436063]	Loss  : 0.7749
2024-05-28 17:48:16,988 - INFO - [102400/436063]	Loss  : 0.7752
2024-05-28 17:50:01,115 - INFO - [153600/436063]	Loss  : 0.7759
2024-05-28 17:51:44,655 - INFO - [204800/436063]	Loss  : 0.7778
2024-05-28 17:53:29,056 - INFO - [256000/436063]	Loss  : 0.7779
2024-05-28 17:53:40,927 - INFO - [262144/436063]	Loss  : 0.7780
2024-05-28 17:54:29,496 - INFO - Test loss   : 0.4413
2024-05-28 17:54:29,498 - INFO - 
Epoch	25
2024-05-28 17:56:16,599 - INFO - [51200/436063]	Loss  : 0.7736
2024-05-28 17:58:01,480 - INFO - [102400/436063]	Loss  : 0.7732
2024-05-28 17:59:48,212 - INFO - [153600/436063]	Loss  : 0.7748
2024-05-28 18:01:33,307 - INFO - [204800/436063]	Loss  : 0.7767
2024-05-28 18:03:18,480 - INFO - [256000/436063]	Loss  : 0.7770
2024-05-28 18:03:30,298 - INFO - [262144/436063]	Loss  : 0.7772
2024-05-28 18:04:19,310 - INFO - Test loss   : 0.4048
2024-05-28 18:04:19,310 - INFO - 
Epoch	26
2024-05-28 18:06:07,107 - INFO - [51200/436063]	Loss  : 0.7734
2024-05-28 18:07:52,511 - INFO - [102400/436063]	Loss  : 0.7738
2024-05-28 18:09:37,223 - INFO - [153600/436063]	Loss  : 0.7732
2024-05-28 18:11:22,142 - INFO - [204800/436063]	Loss  : 0.7734
2024-05-28 18:13:06,965 - INFO - [256000/436063]	Loss  : 0.7742
2024-05-28 18:13:18,900 - INFO - [262144/436063]	Loss  : 0.7743
2024-05-28 18:14:07,699 - INFO - Test loss   : 0.4252
2024-05-28 18:14:07,700 - INFO - 
Epoch	27
2024-05-28 18:15:55,008 - INFO - [51200/436063]	Loss  : 0.7705
2024-05-28 18:17:39,956 - INFO - [102400/436063]	Loss  : 0.7694
2024-05-28 18:19:24,990 - INFO - [153600/436063]	Loss  : 0.7708
2024-05-28 18:21:12,719 - INFO - [204800/436063]	Loss  : 0.7721
2024-05-28 18:23:01,660 - INFO - [256000/436063]	Loss  : 0.7720
2024-05-28 18:23:13,843 - INFO - [262144/436063]	Loss  : 0.7721
2024-05-28 18:24:02,893 - INFO - Test loss   : 0.4176
2024-05-28 18:24:02,893 - INFO - 
Epoch	28
2024-05-28 18:25:42,326 - INFO - [51200/436063]	Loss  : 0.7639
2024-05-28 18:27:28,060 - INFO - [102400/436063]	Loss  : 0.7659
2024-05-28 18:29:15,246 - INFO - [153600/436063]	Loss  : 0.7673
2024-05-28 18:31:00,163 - INFO - [204800/436063]	Loss  : 0.7682
2024-05-28 18:32:45,078 - INFO - [256000/436063]	Loss  : 0.7694
2024-05-28 18:32:56,954 - INFO - [262144/436063]	Loss  : 0.7695
2024-05-28 18:33:45,663 - INFO - Test loss   : 0.4321
2024-05-28 18:33:45,664 - INFO - 
Epoch	29
2024-05-28 18:35:32,844 - INFO - [51200/436063]	Loss  : 0.7700
2024-05-28 18:37:17,442 - INFO - [102400/436063]	Loss  : 0.7695
2024-05-28 18:39:01,920 - INFO - [153600/436063]	Loss  : 0.7717
2024-05-28 18:40:46,632 - INFO - [204800/436063]	Loss  : 0.7707
2024-05-28 18:42:31,902 - INFO - [256000/436063]	Loss  : 0.7712
2024-05-28 18:42:43,805 - INFO - [262144/436063]	Loss  : 0.7713
2024-05-28 18:43:33,152 - INFO - Test loss   : 0.4166
2024-05-28 18:43:33,152 - INFO - 
Epoch	30
2024-05-28 18:45:20,459 - INFO - [51200/436063]	Loss  : 0.7666
2024-05-28 18:47:05,162 - INFO - [102400/436063]	Loss  : 0.7689
2024-05-28 18:48:50,074 - INFO - [153600/436063]	Loss  : 0.7684
2024-05-28 18:50:34,648 - INFO - [204800/436063]	Loss  : 0.7688
2024-05-28 18:52:19,413 - INFO - [256000/436063]	Loss  : 0.7689
2024-05-28 18:52:31,299 - INFO - [262144/436063]	Loss  : 0.7688
2024-05-28 18:53:20,074 - INFO - Test loss   : 0.4111
2024-05-28 18:53:20,074 - INFO - 
Epoch	31
2024-05-28 18:55:07,301 - INFO - [51200/436063]	Loss  : 0.7614
2024-05-28 18:56:51,989 - INFO - [102400/436063]	Loss  : 0.7635
2024-05-28 18:58:36,802 - INFO - [153600/436063]	Loss  : 0.7649
2024-05-28 19:00:21,720 - INFO - [204800/436063]	Loss  : 0.7651
2024-05-28 19:02:06,327 - INFO - [256000/436063]	Loss  : 0.7660
2024-05-28 19:02:18,116 - INFO - [262144/436063]	Loss  : 0.7661
2024-05-28 19:03:06,744 - INFO - Test loss   : 0.4372
2024-05-28 19:03:06,744 - INFO - 
Epoch	32
2024-05-28 19:04:54,710 - INFO - [51200/436063]	Loss  : 0.7610
2024-05-28 19:06:39,638 - INFO - [102400/436063]	Loss  : 0.7608
2024-05-28 19:08:24,619 - INFO - [153600/436063]	Loss  : 0.7619
2024-05-28 19:10:09,747 - INFO - [204800/436063]	Loss  : 0.7635
2024-05-28 19:11:54,741 - INFO - [256000/436063]	Loss  : 0.7648
2024-05-28 19:12:06,645 - INFO - [262144/436063]	Loss  : 0.7648
2024-05-28 19:12:55,312 - INFO - Test loss   : 0.3986
2024-05-28 19:12:55,313 - INFO - 
Epoch	33
2024-05-28 19:14:42,005 - INFO - [51200/436063]	Loss  : 0.7630
2024-05-28 19:16:27,152 - INFO - [102400/436063]	Loss  : 0.7644
2024-05-28 19:18:11,571 - INFO - [153600/436063]	Loss  : 0.7650
2024-05-28 19:19:54,129 - INFO - [204800/436063]	Loss  : 0.7648
2024-05-28 19:21:39,646 - INFO - [256000/436063]	Loss  : 0.7650
2024-05-28 19:21:51,517 - INFO - [262144/436063]	Loss  : 0.7651
2024-05-28 19:22:40,354 - INFO - Test loss   : 0.4237
2024-05-28 19:22:40,354 - INFO - 
Epoch	34
2024-05-28 19:24:27,386 - INFO - [51200/436063]	Loss  : 0.7628
2024-05-28 19:26:08,455 - INFO - [102400/436063]	Loss  : 0.7647
2024-05-28 19:27:54,917 - INFO - [153600/436063]	Loss  : 0.7651
2024-05-28 19:29:35,589 - INFO - [204800/436063]	Loss  : 0.7654
2024-05-28 19:31:21,993 - INFO - [256000/436063]	Loss  : 0.7652
2024-05-28 19:31:33,863 - INFO - [262144/436063]	Loss  : 0.7652
2024-05-28 19:32:22,658 - INFO - Test loss   : 0.4311
2024-05-28 19:32:22,659 - INFO - 
Epoch	35
2024-05-28 19:34:09,727 - INFO - [51200/436063]	Loss  : 0.7595
2024-05-28 19:35:54,711 - INFO - [102400/436063]	Loss  : 0.7603
2024-05-28 19:37:39,357 - INFO - [153600/436063]	Loss  : 0.7627
2024-05-28 19:39:24,159 - INFO - [204800/436063]	Loss  : 0.7636
2024-05-28 19:41:09,142 - INFO - [256000/436063]	Loss  : 0.7640
2024-05-28 19:41:20,948 - INFO - [262144/436063]	Loss  : 0.7637
2024-05-28 19:42:09,688 - INFO - Test loss   : 0.4395
2024-05-28 19:42:09,688 - INFO - 
Epoch	36
2024-05-28 19:43:56,766 - INFO - [51200/436063]	Loss  : 0.7611
2024-05-28 19:45:42,088 - INFO - [102400/436063]	Loss  : 0.7614
2024-05-28 19:47:27,733 - INFO - [153600/436063]	Loss  : 0.7617
2024-05-28 19:49:12,888 - INFO - [204800/436063]	Loss  : 0.7613
2024-05-28 19:50:57,605 - INFO - [256000/436063]	Loss  : 0.7613
2024-05-28 19:51:09,488 - INFO - [262144/436063]	Loss  : 0.7612
2024-05-28 19:51:58,122 - INFO - Test loss   : 0.4238
2024-05-28 19:51:58,122 - INFO - 
Epoch	37
2024-05-28 19:53:45,483 - INFO - [51200/436063]	Loss  : 0.7604
2024-05-28 19:55:30,444 - INFO - [102400/436063]	Loss  : 0.7606
2024-05-28 19:57:15,508 - INFO - [153600/436063]	Loss  : 0.7614
2024-05-28 19:59:00,424 - INFO - [204800/436063]	Loss  : 0.7616
2024-05-28 20:00:45,182 - INFO - [256000/436063]	Loss  : 0.7613
2024-05-28 20:00:57,017 - INFO - [262144/436063]	Loss  : 0.7614
2024-05-28 20:01:45,785 - INFO - Test loss   : 0.4085
2024-05-28 20:01:45,785 - INFO - 
Epoch	38
2024-05-28 20:03:32,847 - INFO - [51200/436063]	Loss  : 0.7625
2024-05-28 20:05:17,823 - INFO - [102400/436063]	Loss  : 0.7597
2024-05-28 20:07:03,309 - INFO - [153600/436063]	Loss  : 0.7593
2024-05-28 20:08:48,644 - INFO - [204800/436063]	Loss  : 0.7592
2024-05-28 20:10:33,650 - INFO - [256000/436063]	Loss  : 0.7593
2024-05-28 20:10:45,495 - INFO - [262144/436063]	Loss  : 0.7593
2024-05-28 20:11:34,312 - INFO - Test loss   : 0.4289
2024-05-28 20:11:34,313 - INFO - 
Epoch	39
2024-05-28 20:13:21,414 - INFO - [51200/436063]	Loss  : 0.7558
2024-05-28 20:15:06,437 - INFO - [102400/436063]	Loss  : 0.7565
2024-05-28 20:16:51,628 - INFO - [153600/436063]	Loss  : 0.7566
2024-05-28 20:18:36,882 - INFO - [204800/436063]	Loss  : 0.7584
2024-05-28 20:20:22,090 - INFO - [256000/436063]	Loss  : 0.7588
2024-05-28 20:20:33,874 - INFO - [262144/436063]	Loss  : 0.7590
2024-05-28 20:21:22,773 - INFO - Test loss   : 0.4216
2024-05-28 20:21:22,773 - INFO - 
Epoch	40
2024-05-28 20:23:10,524 - INFO - [51200/436063]	Loss  : 0.7551
2024-05-28 20:24:55,524 - INFO - [102400/436063]	Loss  : 0.7575
2024-05-28 20:26:33,467 - INFO - [153600/436063]	Loss  : 0.7568
2024-05-28 20:28:18,064 - INFO - [204800/436063]	Loss  : 0.7578
2024-05-28 20:30:05,815 - INFO - [256000/436063]	Loss  : 0.7581
2024-05-28 20:30:17,759 - INFO - [262144/436063]	Loss  : 0.7582
2024-05-28 20:31:06,603 - INFO - Test loss   : 0.4301
2024-05-28 20:31:06,603 - INFO - 
Epoch	41
2024-05-28 20:32:54,103 - INFO - [51200/436063]	Loss  : 0.7559
2024-05-28 20:34:39,163 - INFO - [102400/436063]	Loss  : 0.7576
2024-05-28 20:36:24,719 - INFO - [153600/436063]	Loss  : 0.7576
2024-05-28 20:38:10,198 - INFO - [204800/436063]	Loss  : 0.7577
2024-05-28 20:39:56,696 - INFO - [256000/436063]	Loss  : 0.7574
2024-05-28 20:40:08,629 - INFO - [262144/436063]	Loss  : 0.7571
2024-05-28 20:40:58,076 - INFO - Test loss   : 0.4180
2024-05-28 20:40:58,076 - INFO - 
Epoch	42
2024-05-28 20:42:44,886 - INFO - [51200/436063]	Loss  : 0.7560
2024-05-28 20:44:30,125 - INFO - [102400/436063]	Loss  : 0.7548
2024-05-28 20:46:15,624 - INFO - [153600/436063]	Loss  : 0.7544
2024-05-28 20:48:00,607 - INFO - [204800/436063]	Loss  : 0.7543
2024-05-28 20:49:47,438 - INFO - [256000/436063]	Loss  : 0.7548
2024-05-28 20:49:59,395 - INFO - [262144/436063]	Loss  : 0.7552
2024-05-28 20:50:48,059 - INFO - Test loss   : 0.4221
2024-05-28 20:50:48,060 - INFO - 
Epoch	43
2024-05-28 20:52:35,204 - INFO - [51200/436063]	Loss  : 0.7514
2024-05-28 20:54:20,196 - INFO - [102400/436063]	Loss  : 0.7514
2024-05-28 20:56:00,676 - INFO - [153600/436063]	Loss  : 0.7526
2024-05-28 20:57:47,025 - INFO - [204800/436063]	Loss  : 0.7540
2024-05-28 20:59:31,940 - INFO - [256000/436063]	Loss  : 0.7542
2024-05-28 20:59:43,815 - INFO - [262144/436063]	Loss  : 0.7543
2024-05-28 21:00:32,575 - INFO - Test loss   : 0.4327
2024-05-28 21:00:32,575 - INFO - 
Epoch	44
2024-05-28 21:02:17,558 - INFO - [51200/436063]	Loss  : 0.7525
2024-05-28 21:04:01,389 - INFO - [102400/436063]	Loss  : 0.7523
2024-05-28 21:05:45,036 - INFO - [153600/436063]	Loss  : 0.7534
2024-05-28 21:07:27,670 - INFO - [204800/436063]	Loss  : 0.7537
2024-05-28 21:09:13,362 - INFO - [256000/436063]	Loss  : 0.7538
2024-05-28 21:09:25,362 - INFO - [262144/436063]	Loss  : 0.7538
2024-05-28 21:10:14,774 - INFO - Test loss   : 0.4522
2024-05-28 21:10:14,774 - INFO - 
Epoch	45
2024-05-28 21:12:02,537 - INFO - [51200/436063]	Loss  : 0.7513
2024-05-28 21:13:47,200 - INFO - [102400/436063]	Loss  : 0.7530
2024-05-28 21:15:32,033 - INFO - [153600/436063]	Loss  : 0.7537
2024-05-28 21:17:19,879 - INFO - [204800/436063]	Loss  : 0.7531
2024-05-28 21:19:17,506 - INFO - [256000/436063]	Loss  : 0.7535
2024-05-28 21:19:30,760 - INFO - [262144/436063]	Loss  : 0.7535
2024-05-28 21:20:25,738 - INFO - Test loss   : 0.4355
2024-05-28 21:20:25,738 - INFO - 
Epoch	46
2024-05-28 21:22:26,248 - INFO - [51200/436063]	Loss  : 0.7502
2024-05-28 21:24:23,948 - INFO - [102400/436063]	Loss  : 0.7510
2024-05-28 21:26:21,468 - INFO - [153600/436063]	Loss  : 0.7512
2024-05-28 21:28:18,692 - INFO - [204800/436063]	Loss  : 0.7520
2024-05-28 21:30:16,504 - INFO - [256000/436063]	Loss  : 0.7524
2024-05-28 21:30:29,856 - INFO - [262144/436063]	Loss  : 0.7523
2024-05-28 21:31:24,612 - INFO - Test loss   : 0.4353
2024-05-28 21:31:24,612 - INFO - 
Epoch	47
2024-05-28 21:33:26,147 - INFO - [51200/436063]	Loss  : 0.7558
2024-05-28 21:35:24,000 - INFO - [102400/436063]	Loss  : 0.7522
2024-05-28 21:37:22,394 - INFO - [153600/436063]	Loss  : 0.7516
2024-05-28 21:39:22,447 - INFO - [204800/436063]	Loss  : 0.7519
2024-05-28 21:41:19,403 - INFO - [256000/436063]	Loss  : 0.7529
2024-05-28 21:41:32,603 - INFO - [262144/436063]	Loss  : 0.7531
2024-05-28 21:42:27,547 - INFO - Test loss   : 0.4366
2024-05-28 21:42:27,548 - INFO - 
Epoch	48
2024-05-28 21:44:27,552 - INFO - [51200/436063]	Loss  : 0.7462
2024-05-28 21:46:34,040 - INFO - [102400/436063]	Loss  : 0.7509
2024-05-28 21:48:44,044 - INFO - [153600/436063]	Loss  : 0.7513
2024-05-28 21:50:49,047 - INFO - [204800/436063]	Loss  : 0.7508
2024-05-28 21:52:47,055 - INFO - [256000/436063]	Loss  : 0.7508
2024-05-28 21:53:00,448 - INFO - [262144/436063]	Loss  : 0.7508
2024-05-28 21:53:55,284 - INFO - Test loss   : 0.4347
2024-05-28 21:53:55,284 - INFO - 
Epoch	49
2024-05-28 21:55:55,270 - INFO - [51200/436063]	Loss  : 0.7511
2024-05-28 21:57:53,886 - INFO - [102400/436063]	Loss  : 0.7513
2024-05-28 21:59:51,628 - INFO - [153600/436063]	Loss  : 0.7504
2024-05-28 22:01:48,966 - INFO - [204800/436063]	Loss  : 0.7507
2024-05-28 22:03:47,223 - INFO - [256000/436063]	Loss  : 0.7512
2024-05-28 22:04:00,487 - INFO - [262144/436063]	Loss  : 0.7512
2024-05-28 22:04:55,241 - INFO - Test loss   : 0.4261
2024-05-28 22:04:55,241 - INFO - 
Epoch	50
2024-05-28 22:06:55,412 - INFO - [51200/436063]	Loss  : 0.7485
2024-05-28 22:08:52,679 - INFO - [102400/436063]	Loss  : 0.7488
2024-05-28 22:10:50,220 - INFO - [153600/436063]	Loss  : 0.7485
2024-05-28 22:12:47,975 - INFO - [204800/436063]	Loss  : 0.7498
2024-05-28 22:14:45,889 - INFO - [256000/436063]	Loss  : 0.7511
2024-05-28 22:14:59,193 - INFO - [262144/436063]	Loss  : 0.7512
2024-05-28 22:15:54,081 - INFO - Test loss   : 0.4487
2024-05-28 22:15:54,082 - INFO - 
Epoch	51
2024-05-28 22:17:56,688 - INFO - [51200/436063]	Loss  : 0.7471
2024-05-28 22:20:06,135 - INFO - [102400/436063]	Loss  : 0.7491
2024-05-28 22:22:15,888 - INFO - [153600/436063]	Loss  : 0.7503
2024-05-28 22:24:23,220 - INFO - [204800/436063]	Loss  : 0.7507
2024-05-28 22:26:38,539 - INFO - [256000/436063]	Loss  : 0.7505
2024-05-28 22:26:51,838 - INFO - [262144/436063]	Loss  : 0.7505
2024-05-28 22:27:46,311 - INFO - Test loss   : 0.4444
2024-05-28 22:27:46,315 - INFO - 
Epoch	52
2024-05-28 22:29:57,564 - INFO - [51200/436063]	Loss  : 0.7457
2024-05-28 22:32:09,277 - INFO - [102400/436063]	Loss  : 0.7462
2024-05-28 22:34:20,087 - INFO - [153600/436063]	Loss  : 0.7461
2024-05-28 22:36:30,410 - INFO - [204800/436063]	Loss  : 0.7471
2024-05-28 22:38:40,897 - INFO - [256000/436063]	Loss  : 0.7477
2024-05-28 22:38:55,628 - INFO - [262144/436063]	Loss  : 0.7477
2024-05-28 22:39:56,371 - INFO - Test loss   : 0.4361
2024-05-28 22:39:56,371 - INFO - 
Epoch	53
2024-05-28 22:42:08,701 - INFO - [51200/436063]	Loss  : 0.7487
2024-05-28 22:44:17,270 - INFO - [102400/436063]	Loss  : 0.7476
2024-05-28 22:46:27,289 - INFO - [153600/436063]	Loss  : 0.7470
2024-05-28 22:48:39,447 - INFO - [204800/436063]	Loss  : 0.7472
2024-05-28 22:50:49,825 - INFO - [256000/436063]	Loss  : 0.7484
2024-05-28 22:51:04,496 - INFO - [262144/436063]	Loss  : 0.7488
2024-05-28 22:52:05,226 - INFO - Test loss   : 0.4286
2024-05-28 22:52:05,226 - INFO - 
Epoch	54
2024-05-28 22:54:14,449 - INFO - [51200/436063]	Loss  : 0.7448
2024-05-28 22:56:26,517 - INFO - [102400/436063]	Loss  : 0.7461
2024-05-28 22:58:32,794 - INFO - [153600/436063]	Loss  : 0.7470
2024-05-28 23:00:45,088 - INFO - [204800/436063]	Loss  : 0.7474
2024-05-28 23:02:55,378 - INFO - [256000/436063]	Loss  : 0.7474
2024-05-28 23:03:10,111 - INFO - [262144/436063]	Loss  : 0.7476
2024-05-28 23:04:10,846 - INFO - Test loss   : 0.4226
2024-05-28 23:04:10,846 - INFO - 
Epoch	55
2024-05-28 23:06:23,484 - INFO - [51200/436063]	Loss  : 0.7430
2024-05-28 23:08:33,552 - INFO - [102400/436063]	Loss  : 0.7451
2024-05-28 23:10:43,558 - INFO - [153600/436063]	Loss  : 0.7466
2024-05-28 23:12:53,416 - INFO - [204800/436063]	Loss  : 0.7474
2024-05-28 23:15:05,002 - INFO - [256000/436063]	Loss  : 0.7475
2024-05-28 23:15:19,660 - INFO - [262144/436063]	Loss  : 0.7475
2024-05-28 23:16:20,539 - INFO - Test loss   : 0.4508
2024-05-28 23:16:20,539 - INFO - 
Epoch	56
2024-05-28 23:18:33,234 - INFO - [51200/436063]	Loss  : 0.7468
2024-05-28 23:20:43,327 - INFO - [102400/436063]	Loss  : 0.7481
2024-05-28 23:23:00,572 - INFO - [153600/436063]	Loss  : 0.7480
2024-05-28 23:25:23,062 - INFO - [204800/436063]	Loss  : 0.7481
2024-05-28 23:27:45,825 - INFO - [256000/436063]	Loss  : 0.7487
2024-05-28 23:28:01,967 - INFO - [262144/436063]	Loss  : 0.7488
2024-05-28 23:29:11,540 - INFO - Test loss   : 0.4536
2024-05-28 23:29:11,541 - INFO - 
Epoch	57
2024-05-28 23:31:50,027 - INFO - [51200/436063]	Loss  : 0.7427
2024-05-28 23:34:25,306 - INFO - [102400/436063]	Loss  : 0.7438
2024-05-28 23:37:00,421 - INFO - [153600/436063]	Loss  : 0.7468
2024-05-28 23:39:35,714 - INFO - [204800/436063]	Loss  : 0.7465
2024-05-28 23:42:10,941 - INFO - [256000/436063]	Loss  : 0.7479
2024-05-28 23:42:28,649 - INFO - [262144/436063]	Loss  : 0.7479
2024-05-28 23:43:41,879 - INFO - Test loss   : 0.4361
2024-05-28 23:43:41,879 - INFO - 
Epoch	58
2024-05-28 23:46:20,455 - INFO - [51200/436063]	Loss  : 0.7472
2024-05-28 23:48:55,752 - INFO - [102400/436063]	Loss  : 0.7457
2024-05-28 23:51:31,046 - INFO - [153600/436063]	Loss  : 0.7453
2024-05-28 23:54:06,223 - INFO - [204800/436063]	Loss  : 0.7461
2024-05-28 23:56:41,643 - INFO - [256000/436063]	Loss  : 0.7461
2024-05-28 23:56:59,245 - INFO - [262144/436063]	Loss  : 0.7461
2024-05-28 23:58:06,675 - INFO - Test loss   : 0.4527
2024-05-28 23:58:06,675 - INFO - 
Epoch	59
2024-05-29 00:00:19,211 - INFO - [51200/436063]	Loss  : 0.7470
2024-05-29 00:02:29,247 - INFO - [102400/436063]	Loss  : 0.7471
2024-05-29 00:04:39,369 - INFO - [153600/436063]	Loss  : 0.7466
2024-05-29 00:06:49,813 - INFO - [204800/436063]	Loss  : 0.7462
2024-05-29 00:08:57,474 - INFO - [256000/436063]	Loss  : 0.7467
2024-05-29 00:09:10,674 - INFO - [262144/436063]	Loss  : 0.7468
2024-05-29 00:10:05,378 - INFO - Test loss   : 0.4225
2024-05-29 00:10:05,378 - INFO - 
Epoch	60
2024-05-29 00:12:06,739 - INFO - [51200/436063]	Loss  : 0.7412
2024-05-29 00:14:04,377 - INFO - [102400/436063]	Loss  : 0.7431
2024-05-29 00:16:01,557 - INFO - [153600/436063]	Loss  : 0.7443
2024-05-29 00:17:59,320 - INFO - [204800/436063]	Loss  : 0.7440
2024-05-29 00:19:56,734 - INFO - [256000/436063]	Loss  : 0.7444
2024-05-29 00:20:10,053 - INFO - [262144/436063]	Loss  : 0.7443
2024-05-29 00:21:04,776 - INFO - Test loss   : 0.4410
2024-05-29 00:21:04,776 - INFO - 
Epoch	61
2024-05-29 00:23:04,936 - INFO - [51200/436063]	Loss  : 0.7445
2024-05-29 00:25:02,125 - INFO - [102400/436063]	Loss  : 0.7430
2024-05-29 00:26:59,560 - INFO - [153600/436063]	Loss  : 0.7438
2024-05-29 00:28:57,140 - INFO - [204800/436063]	Loss  : 0.7435
2024-05-29 00:30:54,702 - INFO - [256000/436063]	Loss  : 0.7442
2024-05-29 00:31:07,899 - INFO - [262144/436063]	Loss  : 0.7442
2024-05-29 00:32:03,007 - INFO - Test loss   : 0.4419
2024-05-29 00:32:03,007 - INFO - 
Epoch	62
2024-05-29 00:34:04,020 - INFO - [51200/436063]	Loss  : 0.7426
2024-05-29 00:36:03,385 - INFO - [102400/436063]	Loss  : 0.7421
2024-05-29 00:38:01,397 - INFO - [153600/436063]	Loss  : 0.7432
2024-05-29 00:39:59,115 - INFO - [204800/436063]	Loss  : 0.7432
2024-05-29 00:41:56,425 - INFO - [256000/436063]	Loss  : 0.7437
2024-05-29 00:42:09,663 - INFO - [262144/436063]	Loss  : 0.7437
2024-05-29 00:43:04,284 - INFO - Test loss   : 0.4506
2024-05-29 00:43:04,284 - INFO - 
Epoch	63
2024-05-29 00:45:04,567 - INFO - [51200/436063]	Loss  : 0.7404
2024-05-29 00:46:57,997 - INFO - [102400/436063]	Loss  : 0.7423
2024-05-29 00:48:57,521 - INFO - [153600/436063]	Loss  : 0.7430
2024-05-29 00:50:55,219 - INFO - [204800/436063]	Loss  : 0.7430
2024-05-29 00:52:52,753 - INFO - [256000/436063]	Loss  : 0.7437
2024-05-29 00:53:05,904 - INFO - [262144/436063]	Loss  : 0.7437
2024-05-29 00:54:00,456 - INFO - Test loss   : 0.4450
2024-05-29 00:54:00,457 - INFO - 
Epoch	64
2024-05-29 00:55:56,963 - INFO - [51200/436063]	Loss  : 0.7420
2024-05-29 00:57:55,413 - INFO - [102400/436063]	Loss  : 0.7419
2024-05-29 00:59:50,645 - INFO - [153600/436063]	Loss  : 0.7427
2024-05-29 01:01:49,651 - INFO - [204800/436063]	Loss  : 0.7426
2024-05-29 01:03:47,502 - INFO - [256000/436063]	Loss  : 0.7432
2024-05-29 01:04:00,872 - INFO - [262144/436063]	Loss  : 0.7431
2024-05-29 01:04:55,567 - INFO - Test loss   : 0.4445
2024-05-29 01:04:55,567 - INFO - 
Epoch	65
2024-05-29 01:06:55,267 - INFO - [51200/436063]	Loss  : 0.7446
2024-05-29 01:08:52,421 - INFO - [102400/436063]	Loss  : 0.7438
2024-05-29 01:10:49,899 - INFO - [153600/436063]	Loss  : 0.7436
2024-05-29 01:12:47,204 - INFO - [204800/436063]	Loss  : 0.7438
2024-05-29 01:14:44,471 - INFO - [256000/436063]	Loss  : 0.7432
2024-05-29 01:14:57,733 - INFO - [262144/436063]	Loss  : 0.7434
2024-05-29 01:15:52,532 - INFO - Test loss   : 0.4607
2024-05-29 01:15:52,532 - INFO - 
Epoch	66
2024-05-29 01:17:52,704 - INFO - [51200/436063]	Loss  : 0.7455
2024-05-29 01:19:50,131 - INFO - [102400/436063]	Loss  : 0.7440
2024-05-29 01:21:47,399 - INFO - [153600/436063]	Loss  : 0.7432
2024-05-29 01:23:46,402 - INFO - [204800/436063]	Loss  : 0.7436
2024-05-29 01:25:44,139 - INFO - [256000/436063]	Loss  : 0.7431
2024-05-29 01:25:57,407 - INFO - [262144/436063]	Loss  : 0.7431
2024-05-29 01:26:52,144 - INFO - Test loss   : 0.4589
2024-05-29 01:26:52,144 - INFO - 
Epoch	67
2024-05-29 01:28:52,511 - INFO - [51200/436063]	Loss  : 0.7420
2024-05-29 01:30:50,195 - INFO - [102400/436063]	Loss  : 0.7418
2024-05-29 01:32:47,611 - INFO - [153600/436063]	Loss  : 0.7418
2024-05-29 01:34:45,155 - INFO - [204800/436063]	Loss  : 0.7414
2024-05-29 01:36:43,084 - INFO - [256000/436063]	Loss  : 0.7413
2024-05-29 01:36:56,327 - INFO - [262144/436063]	Loss  : 0.7414
2024-05-29 01:37:51,258 - INFO - Test loss   : 0.4429
2024-05-29 01:37:51,258 - INFO - 
Epoch	68
2024-05-29 01:39:51,457 - INFO - [51200/436063]	Loss  : 0.7405
2024-05-29 01:41:49,275 - INFO - [102400/436063]	Loss  : 0.7425
2024-05-29 01:43:47,000 - INFO - [153600/436063]	Loss  : 0.7423
2024-05-29 01:45:44,455 - INFO - [204800/436063]	Loss  : 0.7423
2024-05-29 01:47:43,655 - INFO - [256000/436063]	Loss  : 0.7422
2024-05-29 01:47:56,935 - INFO - [262144/436063]	Loss  : 0.7423
2024-05-29 01:48:51,752 - INFO - Test loss   : 0.4437
2024-05-29 01:48:51,752 - INFO - 
Epoch	69
2024-05-29 01:50:51,587 - INFO - [51200/436063]	Loss  : 0.7391
2024-05-29 01:52:48,922 - INFO - [102400/436063]	Loss  : 0.7393
2024-05-29 01:54:46,080 - INFO - [153600/436063]	Loss  : 0.7388
2024-05-29 01:56:43,609 - INFO - [204800/436063]	Loss  : 0.7400
2024-05-29 01:58:41,256 - INFO - [256000/436063]	Loss  : 0.7395
2024-05-29 01:58:54,454 - INFO - [262144/436063]	Loss  : 0.7395
2024-05-29 01:59:49,181 - INFO - Test loss   : 0.4526
2024-05-29 01:59:49,181 - INFO - 
Epoch	70
2024-05-29 02:01:48,798 - INFO - [51200/436063]	Loss  : 0.7405
2024-05-29 02:03:46,248 - INFO - [102400/436063]	Loss  : 0.7409
2024-05-29 02:05:43,518 - INFO - [153600/436063]	Loss  : 0.7404
2024-05-29 02:07:41,157 - INFO - [204800/436063]	Loss  : 0.7404
2024-05-29 02:09:39,097 - INFO - [256000/436063]	Loss  : 0.7410
2024-05-29 02:09:52,577 - INFO - [262144/436063]	Loss  : 0.7408
2024-05-29 02:10:48,062 - INFO - Test loss   : 0.4550
2024-05-29 02:10:48,062 - INFO - 
Epoch	71
2024-05-29 02:12:48,241 - INFO - [51200/436063]	Loss  : 0.7416
2024-05-29 02:14:45,499 - INFO - [102400/436063]	Loss  : 0.7427
2024-05-29 02:16:42,665 - INFO - [153600/436063]	Loss  : 0.7412
2024-05-29 02:18:40,249 - INFO - [204800/436063]	Loss  : 0.7408
2024-05-29 02:20:37,773 - INFO - [256000/436063]	Loss  : 0.7403
2024-05-29 02:20:50,980 - INFO - [262144/436063]	Loss  : 0.7402
2024-05-29 02:21:45,744 - INFO - Test loss   : 0.4579
2024-05-29 02:21:45,744 - INFO - 
Epoch	72
2024-05-29 02:23:45,816 - INFO - [51200/436063]	Loss  : 0.7386
2024-05-29 02:25:43,221 - INFO - [102400/436063]	Loss  : 0.7391
2024-05-29 02:27:40,298 - INFO - [153600/436063]	Loss  : 0.7389
2024-05-29 02:29:37,800 - INFO - [204800/436063]	Loss  : 0.7397
2024-05-29 02:31:35,467 - INFO - [256000/436063]	Loss  : 0.7405
2024-05-29 02:31:48,720 - INFO - [262144/436063]	Loss  : 0.7404
2024-05-29 02:32:43,376 - INFO - Test loss   : 0.4481
2024-05-29 02:32:43,376 - INFO - 
Epoch	73
2024-05-29 02:34:44,955 - INFO - [51200/436063]	Loss  : 0.7398
2024-05-29 02:36:39,171 - INFO - [102400/436063]	Loss  : 0.7385
2024-05-29 02:38:37,189 - INFO - [153600/436063]	Loss  : 0.7385
2024-05-29 02:40:34,575 - INFO - [204800/436063]	Loss  : 0.7389
2024-05-29 02:42:32,145 - INFO - [256000/436063]	Loss  : 0.7387
2024-05-29 02:42:45,362 - INFO - [262144/436063]	Loss  : 0.7390
2024-05-29 02:43:37,584 - INFO - Test loss   : 0.4619
2024-05-29 02:43:37,584 - INFO - 
Epoch	74
2024-05-29 02:45:37,850 - INFO - [51200/436063]	Loss  : 0.7368
2024-05-29 02:47:35,305 - INFO - [102400/436063]	Loss  : 0.7376
2024-05-29 02:49:29,784 - INFO - [153600/436063]	Loss  : 0.7374
2024-05-29 02:51:28,528 - INFO - [204800/436063]	Loss  : 0.7371
2024-05-29 02:53:26,754 - INFO - [256000/436063]	Loss  : 0.7378
2024-05-29 02:53:40,213 - INFO - [262144/436063]	Loss  : 0.7378
2024-05-29 02:54:35,214 - INFO - Test loss   : 0.4515
2024-05-29 02:54:35,214 - INFO - 
Epoch	75
2024-05-29 02:56:36,092 - INFO - [51200/436063]	Loss  : 0.7368
2024-05-29 02:58:35,670 - INFO - [102400/436063]	Loss  : 0.7371
2024-05-29 03:00:33,801 - INFO - [153600/436063]	Loss  : 0.7371
2024-05-29 03:02:32,046 - INFO - [204800/436063]	Loss  : 0.7373
2024-05-29 03:04:30,466 - INFO - [256000/436063]	Loss  : 0.7376
2024-05-29 03:04:43,752 - INFO - [262144/436063]	Loss  : 0.7376
2024-05-29 03:05:38,759 - INFO - Test loss   : 0.4601
2024-05-29 03:05:38,759 - INFO - 
Epoch	76
2024-05-29 03:07:39,137 - INFO - [51200/436063]	Loss  : 0.7317
2024-05-29 03:09:37,235 - INFO - [102400/436063]	Loss  : 0.7357
2024-05-29 03:11:35,324 - INFO - [153600/436063]	Loss  : 0.7354
2024-05-29 03:13:33,451 - INFO - [204800/436063]	Loss  : 0.7362
2024-05-29 03:15:31,696 - INFO - [256000/436063]	Loss  : 0.7369
2024-05-29 03:15:44,962 - INFO - [262144/436063]	Loss  : 0.7369
2024-05-29 03:16:39,927 - INFO - Test loss   : 0.4469
2024-05-29 03:16:39,927 - INFO - 
Epoch	77
2024-05-29 03:18:40,543 - INFO - [51200/436063]	Loss  : 0.7345
2024-05-29 03:20:38,434 - INFO - [102400/436063]	Loss  : 0.7351
2024-05-29 03:22:35,889 - INFO - [153600/436063]	Loss  : 0.7363
2024-05-29 03:24:34,307 - INFO - [204800/436063]	Loss  : 0.7367
2024-05-29 03:26:32,445 - INFO - [256000/436063]	Loss  : 0.7370
2024-05-29 03:26:45,706 - INFO - [262144/436063]	Loss  : 0.7372
2024-05-29 03:27:40,873 - INFO - Test loss   : 0.4475
2024-05-29 03:27:40,873 - INFO - 
Epoch	78
2024-05-29 03:29:41,298 - INFO - [51200/436063]	Loss  : 0.7370
2024-05-29 03:31:39,314 - INFO - [102400/436063]	Loss  : 0.7367
2024-05-29 03:33:37,139 - INFO - [153600/436063]	Loss  : 0.7374
2024-05-29 03:35:35,301 - INFO - [204800/436063]	Loss  : 0.7383
2024-05-29 03:37:33,544 - INFO - [256000/436063]	Loss  : 0.7376
2024-05-29 03:37:47,055 - INFO - [262144/436063]	Loss  : 0.7376
2024-05-29 03:38:42,079 - INFO - Test loss   : 0.4461
2024-05-29 03:38:42,079 - INFO - 
Epoch	79
2024-05-29 03:40:42,477 - INFO - [51200/436063]	Loss  : 0.7379
2024-05-29 03:42:40,413 - INFO - [102400/436063]	Loss  : 0.7365
2024-05-29 03:44:38,347 - INFO - [153600/436063]	Loss  : 0.7363
2024-05-29 03:46:38,211 - INFO - [204800/436063]	Loss  : 0.7366
2024-05-29 03:48:36,672 - INFO - [256000/436063]	Loss  : 0.7369
2024-05-29 03:48:49,986 - INFO - [262144/436063]	Loss  : 0.7369
2024-05-29 03:49:44,981 - INFO - Test loss   : 0.4542
2024-05-29 03:49:44,986 - INFO - 
Epoch	80
2024-05-29 03:51:45,701 - INFO - [51200/436063]	Loss  : 0.7362
2024-05-29 03:53:43,545 - INFO - [102400/436063]	Loss  : 0.7347
2024-05-29 03:55:41,586 - INFO - [153600/436063]	Loss  : 0.7362
2024-05-29 03:57:39,490 - INFO - [204800/436063]	Loss  : 0.7367
2024-05-29 03:59:37,402 - INFO - [256000/436063]	Loss  : 0.7366
2024-05-29 03:59:50,750 - INFO - [262144/436063]	Loss  : 0.7366
2024-05-29 04:00:45,376 - INFO - Test loss   : 0.4381
2024-05-29 04:00:45,376 - INFO - 
Epoch	81
2024-05-29 04:02:45,925 - INFO - [51200/436063]	Loss  : 0.7364
2024-05-29 04:04:44,188 - INFO - [102400/436063]	Loss  : 0.7357
2024-05-29 04:06:42,303 - INFO - [153600/436063]	Loss  : 0.7348
2024-05-29 04:08:40,603 - INFO - [204800/436063]	Loss  : 0.7348
2024-05-29 04:10:40,455 - INFO - [256000/436063]	Loss  : 0.7351
2024-05-29 04:10:53,813 - INFO - [262144/436063]	Loss  : 0.7353
2024-05-29 04:11:48,592 - INFO - Test loss   : 0.4526
2024-05-29 04:11:48,592 - INFO - 
Epoch	82
2024-05-29 04:13:48,698 - INFO - [51200/436063]	Loss  : 0.7348
2024-05-29 04:15:47,463 - INFO - [102400/436063]	Loss  : 0.7333
2024-05-29 04:17:46,820 - INFO - [153600/436063]	Loss  : 0.7331
2024-05-29 04:19:37,010 - INFO - [204800/436063]	Loss  : 0.7337
2024-05-29 04:21:22,368 - INFO - [256000/436063]	Loss  : 0.7354
2024-05-29 04:21:34,233 - INFO - [262144/436063]	Loss  : 0.7355
2024-05-29 04:22:23,167 - INFO - Test loss   : 0.4559
2024-05-29 04:22:23,167 - INFO - 
Epoch	83
2024-05-29 04:24:07,369 - INFO - [51200/436063]	Loss  : 0.7353
2024-05-29 04:25:53,023 - INFO - [102400/436063]	Loss  : 0.7351
2024-05-29 04:27:38,638 - INFO - [153600/436063]	Loss  : 0.7356
2024-05-29 04:29:24,480 - INFO - [204800/436063]	Loss  : 0.7353
2024-05-29 04:31:09,119 - INFO - [256000/436063]	Loss  : 0.7349
2024-05-29 04:31:19,460 - INFO - [262144/436063]	Loss  : 0.7349
2024-05-29 04:32:07,294 - INFO - Test loss   : 0.4640
2024-05-29 04:32:07,294 - INFO - 
Epoch	84
2024-05-29 04:33:57,522 - INFO - [51200/436063]	Loss  : 0.7298
2024-05-29 04:35:39,871 - INFO - [102400/436063]	Loss  : 0.7341
2024-05-29 04:37:24,915 - INFO - [153600/436063]	Loss  : 0.7347
2024-05-29 04:39:10,628 - INFO - [204800/436063]	Loss  : 0.7355
2024-05-29 04:40:56,180 - INFO - [256000/436063]	Loss  : 0.7359
2024-05-29 04:41:08,077 - INFO - [262144/436063]	Loss  : 0.7357
2024-05-29 04:41:57,206 - INFO - Test loss   : 0.4582
2024-05-29 04:41:57,206 - INFO - 
Epoch	85
2024-05-29 04:43:44,961 - INFO - [51200/436063]	Loss  : 0.7332
2024-05-29 04:45:30,063 - INFO - [102400/436063]	Loss  : 0.7344
2024-05-29 04:47:15,531 - INFO - [153600/436063]	Loss  : 0.7345
2024-05-29 04:49:01,005 - INFO - [204800/436063]	Loss  : 0.7341
2024-05-29 04:50:46,591 - INFO - [256000/436063]	Loss  : 0.7347
2024-05-29 04:50:58,581 - INFO - [262144/436063]	Loss  : 0.7348
2024-05-29 04:51:47,668 - INFO - Test loss   : 0.4560
2024-05-29 04:51:47,668 - INFO - 
Epoch	86
2024-05-29 04:53:36,680 - INFO - [51200/436063]	Loss  : 0.7337
2024-05-29 04:55:23,155 - INFO - [102400/436063]	Loss  : 0.7349
2024-05-29 04:57:08,375 - INFO - [153600/436063]	Loss  : 0.7342
2024-05-29 04:58:53,963 - INFO - [204800/436063]	Loss  : 0.7335
2024-05-29 05:00:39,255 - INFO - [256000/436063]	Loss  : 0.7337
2024-05-29 05:00:51,164 - INFO - [262144/436063]	Loss  : 0.7335
2024-05-29 05:01:40,011 - INFO - Test loss   : 0.4641
2024-05-29 05:01:40,011 - INFO - 
Epoch	87
2024-05-29 05:03:27,686 - INFO - [51200/436063]	Loss  : 0.7321
2024-05-29 05:05:13,181 - INFO - [102400/436063]	Loss  : 0.7324
2024-05-29 05:06:58,550 - INFO - [153600/436063]	Loss  : 0.7335
2024-05-29 05:08:44,127 - INFO - [204800/436063]	Loss  : 0.7335
2024-05-29 05:10:29,714 - INFO - [256000/436063]	Loss  : 0.7335
2024-05-29 05:10:41,574 - INFO - [262144/436063]	Loss  : 0.7336
2024-05-29 05:11:30,566 - INFO - Test loss   : 0.4545
2024-05-29 05:11:30,566 - INFO - 
Epoch	88
2024-05-29 05:13:18,123 - INFO - [51200/436063]	Loss  : 0.7354
2024-05-29 05:15:04,658 - INFO - [102400/436063]	Loss  : 0.7333
2024-05-29 05:16:50,772 - INFO - [153600/436063]	Loss  : 0.7338
2024-05-29 05:18:35,930 - INFO - [204800/436063]	Loss  : 0.7345
2024-05-29 05:20:21,229 - INFO - [256000/436063]	Loss  : 0.7345
2024-05-29 05:20:33,184 - INFO - [262144/436063]	Loss  : 0.7343
2024-05-29 05:21:22,162 - INFO - Test loss   : 0.4607
2024-05-29 05:21:22,162 - INFO - 
Epoch	89
2024-05-29 05:23:09,668 - INFO - [51200/436063]	Loss  : 0.7325
2024-05-29 05:24:54,622 - INFO - [102400/436063]	Loss  : 0.7315
2024-05-29 05:26:39,485 - INFO - [153600/436063]	Loss  : 0.7313
2024-05-29 05:28:24,678 - INFO - [204800/436063]	Loss  : 0.7319
2024-05-29 05:30:09,744 - INFO - [256000/436063]	Loss  : 0.7328
2024-05-29 05:30:21,600 - INFO - [262144/436063]	Loss  : 0.7328
2024-05-29 05:31:10,576 - INFO - Test loss   : 0.4576
2024-05-29 05:31:10,576 - INFO - 
Epoch	90
2024-05-29 05:32:58,036 - INFO - [51200/436063]	Loss  : 0.7288
2024-05-29 05:34:43,302 - INFO - [102400/436063]	Loss  : 0.7315
2024-05-29 05:36:29,470 - INFO - [153600/436063]	Loss  : 0.7327
2024-05-29 05:38:15,436 - INFO - [204800/436063]	Loss  : 0.7326
2024-05-29 05:40:00,489 - INFO - [256000/436063]	Loss  : 0.7328
2024-05-29 05:40:12,423 - INFO - [262144/436063]	Loss  : 0.7331
2024-05-29 05:40:59,352 - INFO - Test loss   : 0.4475
2024-05-29 05:40:59,352 - INFO - 
Epoch	91
2024-05-29 05:42:34,089 - INFO - [51200/436063]	Loss  : 0.7355
2024-05-29 05:44:06,924 - INFO - [102400/436063]	Loss  : 0.7356
2024-05-29 05:45:39,389 - INFO - [153600/436063]	Loss  : 0.7342
2024-05-29 05:47:11,911 - INFO - [204800/436063]	Loss  : 0.7342
2024-05-29 05:48:44,518 - INFO - [256000/436063]	Loss  : 0.7340
2024-05-29 05:48:54,953 - INFO - [262144/436063]	Loss  : 0.7340
2024-05-29 05:49:37,948 - INFO - Test loss   : 0.4571
2024-05-29 05:49:37,948 - INFO - 
Epoch	92
2024-05-29 05:51:12,570 - INFO - [51200/436063]	Loss  : 0.7304
2024-05-29 05:52:45,022 - INFO - [102400/436063]	Loss  : 0.7293
2024-05-29 05:54:17,441 - INFO - [153600/436063]	Loss  : 0.7295
2024-05-29 05:55:51,325 - INFO - [204800/436063]	Loss  : 0.7301
2024-05-29 05:57:24,650 - INFO - [256000/436063]	Loss  : 0.7301
2024-05-29 05:57:35,122 - INFO - [262144/436063]	Loss  : 0.7300
2024-05-29 05:58:17,853 - INFO - Test loss   : 0.4476
2024-05-29 05:58:17,853 - INFO - 
Epoch	93
2024-05-29 05:59:47,337 - INFO - [51200/436063]	Loss  : 0.7296
2024-05-29 06:01:20,574 - INFO - [102400/436063]	Loss  : 0.7282
2024-05-29 06:02:52,888 - INFO - [153600/436063]	Loss  : 0.7296
2024-05-29 06:04:25,471 - INFO - [204800/436063]	Loss  : 0.7301
2024-05-29 06:05:52,943 - INFO - [256000/436063]	Loss  : 0.7303
2024-05-29 06:06:03,602 - INFO - [262144/436063]	Loss  : 0.7302
2024-05-29 06:06:47,430 - INFO - Test loss   : 0.4586
2024-05-29 06:06:47,430 - INFO - 
Epoch	94
2024-05-29 06:08:22,002 - INFO - [51200/436063]	Loss  : 0.7296
2024-05-29 06:09:49,333 - INFO - [102400/436063]	Loss  : 0.7306
2024-05-29 06:11:23,124 - INFO - [153600/436063]	Loss  : 0.7319
2024-05-29 06:12:55,722 - INFO - [204800/436063]	Loss  : 0.7323
2024-05-29 06:14:29,526 - INFO - [256000/436063]	Loss  : 0.7317
2024-05-29 06:14:40,239 - INFO - [262144/436063]	Loss  : 0.7317
2024-05-29 06:15:23,495 - INFO - Test loss   : 0.4585
2024-05-29 06:15:23,496 - INFO - 
Epoch	95
2024-05-29 06:16:58,074 - INFO - [51200/436063]	Loss  : 0.7321
2024-05-29 06:18:30,409 - INFO - [102400/436063]	Loss  : 0.7310
2024-05-29 06:20:02,853 - INFO - [153600/436063]	Loss  : 0.7311
2024-05-29 06:21:35,533 - INFO - [204800/436063]	Loss  : 0.7302
2024-05-29 06:23:08,188 - INFO - [256000/436063]	Loss  : 0.7305
2024-05-29 06:23:18,599 - INFO - [262144/436063]	Loss  : 0.7307
2024-05-29 06:24:01,600 - INFO - Test loss   : 0.4561
2024-05-29 06:24:01,600 - INFO - 
Epoch	96
2024-05-29 06:25:35,930 - INFO - [51200/436063]	Loss  : 0.7269
2024-05-29 06:27:08,274 - INFO - [102400/436063]	Loss  : 0.7295
2024-05-29 06:28:40,691 - INFO - [153600/436063]	Loss  : 0.7299
2024-05-29 06:30:13,028 - INFO - [204800/436063]	Loss  : 0.7297
2024-05-29 06:31:45,546 - INFO - [256000/436063]	Loss  : 0.7289
2024-05-29 06:31:55,972 - INFO - [262144/436063]	Loss  : 0.7290
2024-05-29 06:32:39,381 - INFO - Test loss   : 0.4525
2024-05-29 06:32:39,381 - INFO - 
Epoch	97
2024-05-29 06:34:15,481 - INFO - [51200/436063]	Loss  : 0.7289
2024-05-29 06:35:48,057 - INFO - [102400/436063]	Loss  : 0.7307
2024-05-29 06:37:20,912 - INFO - [153600/436063]	Loss  : 0.7302
2024-05-29 06:38:53,550 - INFO - [204800/436063]	Loss  : 0.7298
2024-05-29 06:40:25,948 - INFO - [256000/436063]	Loss  : 0.7304
2024-05-29 06:40:36,358 - INFO - [262144/436063]	Loss  : 0.7306
2024-05-29 06:41:19,399 - INFO - Test loss   : 0.4510
2024-05-29 06:41:19,405 - INFO - 
Epoch	98
2024-05-29 06:42:53,683 - INFO - [51200/436063]	Loss  : 0.7302
2024-05-29 06:44:26,237 - INFO - [102400/436063]	Loss  : 0.7292
2024-05-29 06:45:58,705 - INFO - [153600/436063]	Loss  : 0.7291
2024-05-29 06:47:31,326 - INFO - [204800/436063]	Loss  : 0.7291
2024-05-29 06:49:03,484 - INFO - [256000/436063]	Loss  : 0.7290
2024-05-29 06:49:13,980 - INFO - [262144/436063]	Loss  : 0.7290
2024-05-29 06:49:56,833 - INFO - Test loss   : 0.4550
2024-05-29 06:49:56,838 - INFO - 
Epoch	99
2024-05-29 06:51:32,168 - INFO - [51200/436063]	Loss  : 0.7291
2024-05-29 06:53:06,071 - INFO - [102400/436063]	Loss  : 0.7281
2024-05-29 06:54:39,045 - INFO - [153600/436063]	Loss  : 0.7290
2024-05-29 06:56:12,063 - INFO - [204800/436063]	Loss  : 0.7281
2024-05-29 06:57:44,714 - INFO - [256000/436063]	Loss  : 0.7288
2024-05-29 06:57:55,118 - INFO - [262144/436063]	Loss  : 0.7288
2024-05-29 06:58:37,924 - INFO - Test loss   : 0.4490
2024-05-29 06:58:37,925 - INFO - Saving output model to ../models/rbf/model_inat_2018_rbf_0.0100_64_0.0010000_1_512_500_2.0.pth.tar
2024-05-29 06:58:38,028 - INFO - Saving output model to ../models/rbf/model_inat_2018_rbf_0.0100_64_0.0010000_1_512_500_2.0.pth.tar
2024-05-29 06:58:38,374 - INFO - 
No prior
2024-05-29 06:58:38,616 - INFO - (24426,)
2024-05-29 06:58:49,865 - INFO -  Split ID: 0
2024-05-29 06:58:49,865 - INFO -  Top 1	acc (%):   60.2
2024-05-29 06:58:49,865 - INFO -  Top 3	acc (%):   77.9
2024-05-29 06:58:49,865 - INFO -  Top 5	acc (%):   83.29
2024-05-29 06:58:49,865 - INFO -  Top 10	acc (%):   88.5
2024-05-29 06:59:43,998 - INFO -  Split ID: 0
2024-05-29 06:59:43,998 - INFO -  Top 1	acc (%):   70.03
2024-05-29 06:59:43,998 - INFO -  Top 3	acc (%):   85.3
2024-05-29 06:59:43,998 - INFO -  Top 5	acc (%):   89.02
2024-05-29 06:59:43,998 - INFO -  Top 10	acc (%):   92.41
2024-05-29 06:59:44,005 - INFO - 
Only rbf
2024-05-29 06:59:44,005 - INFO -  Model :	model_inat_2018_rbf_0.0100_64_0.0010000_1_512_500_2.0.pth.tar
2024-05-29 06:59:45,643 - INFO - (24343,)
2024-05-29 07:00:08,487 - INFO -  Split ID: 0
2024-05-29 07:00:08,500 - INFO -  Top 1	LocEnc acc (%):   0.3
2024-05-29 07:00:08,501 - INFO -  Top 3	LocEnc acc (%):   0.85
2024-05-29 07:00:08,502 - INFO -  Top 5	LocEnc acc (%):   1.4
2024-05-29 07:00:08,503 - INFO -  Top 10	LocEnc acc (%):   2.67
2024-06-01 11:35:43,248 - INFO - 
num_classes	8142
2024-06-01 11:35:43,269 - INFO - num train    	436063
2024-06-01 11:35:43,269 - INFO - num val      	24343
2024-06-01 11:35:43,269 - INFO - train loss   	full_loss
2024-06-01 11:35:43,269 - INFO - model name   	../models/rbf/model_inat_2018_rbf_0.0100_64_0.0010000_1_512_500_2.0.pth.tar
2024-06-01 11:35:43,269 - INFO - num users    	18643
2024-06-01 11:35:43,592 - INFO - 
Epoch	0
2024-06-01 11:36:25,414 - INFO - [51200/436063]	Loss  : 1.6364
2024-06-01 11:37:06,255 - INFO - [102400/436063]	Loss  : 1.5927
2024-06-01 11:37:47,066 - INFO - [153600/436063]	Loss  : 1.5685
2024-06-01 11:38:40,493 - INFO - [204800/436063]	Loss  : 1.5516
2024-06-01 11:39:34,088 - INFO - [256000/436063]	Loss  : 1.5384
2024-06-01 11:39:40,126 - INFO - [262144/436063]	Loss  : 1.5372
2024-06-01 11:40:04,638 - INFO - Test loss   : 0.8711
2024-06-01 11:40:04,639 - INFO - 
Epoch	1
2024-06-01 11:40:59,224 - INFO - [51200/436063]	Loss  : 1.4655
2024-06-01 11:41:52,925 - INFO - [102400/436063]	Loss  : 1.4627
2024-06-01 11:42:46,448 - INFO - [153600/436063]	Loss  : 1.4594
2024-06-01 11:43:40,177 - INFO - [204800/436063]	Loss  : 1.4570
2024-06-01 11:44:33,845 - INFO - [256000/436063]	Loss  : 1.4546
2024-06-01 11:44:39,910 - INFO - [262144/436063]	Loss  : 1.4545
2024-06-01 11:45:04,382 - INFO - Test loss   : 0.7461
2024-06-01 11:45:04,383 - INFO - 
Epoch	2
2024-06-01 11:45:59,075 - INFO - [51200/436063]	Loss  : 1.4338
2024-06-01 11:46:54,134 - INFO - [102400/436063]	Loss  : 1.4351
2024-06-01 11:48:00,454 - INFO - [153600/436063]	Loss  : 1.4344
2024-06-01 11:49:06,873 - INFO - [204800/436063]	Loss  : 1.4341
2024-06-01 11:50:19,734 - INFO - [256000/436063]	Loss  : 1.4339
2024-06-01 11:50:28,709 - INFO - [262144/436063]	Loss  : 1.4338
2024-06-01 11:50:59,348 - INFO - Test loss   : 0.7629
2024-06-01 11:50:59,348 - INFO - 
Epoch	3
2024-06-01 11:52:07,271 - INFO - [51200/436063]	Loss  : 1.4248
2024-06-01 11:53:13,246 - INFO - [102400/436063]	Loss  : 1.4244
2024-06-01 11:54:19,488 - INFO - [153600/436063]	Loss  : 1.4250
2024-06-01 11:55:25,866 - INFO - [204800/436063]	Loss  : 1.4236
2024-06-01 11:56:32,218 - INFO - [256000/436063]	Loss  : 1.4233
2024-06-01 11:56:39,640 - INFO - [262144/436063]	Loss  : 1.4232
2024-06-01 11:57:10,281 - INFO - Test loss   : 0.7257
2024-06-01 11:57:10,281 - INFO - 
Epoch	4
2024-06-01 11:58:18,103 - INFO - [51200/436063]	Loss  : 1.4172
2024-06-01 11:59:24,260 - INFO - [102400/436063]	Loss  : 1.4162
2024-06-01 12:00:30,591 - INFO - [153600/436063]	Loss  : 1.4172
2024-06-01 12:01:36,809 - INFO - [204800/436063]	Loss  : 1.4175
2024-06-01 12:02:43,117 - INFO - [256000/436063]	Loss  : 1.4167
2024-06-01 12:02:50,617 - INFO - [262144/436063]	Loss  : 1.4166
2024-06-01 12:03:21,184 - INFO - Test loss   : 0.7180
2024-06-01 12:03:21,184 - INFO - 
Epoch	5
2024-06-01 12:04:28,884 - INFO - [51200/436063]	Loss  : 1.4104
2024-06-01 12:05:35,228 - INFO - [102400/436063]	Loss  : 1.4103
2024-06-01 12:06:41,643 - INFO - [153600/436063]	Loss  : 1.4096
2024-06-01 12:07:47,923 - INFO - [204800/436063]	Loss  : 1.4091
2024-06-01 12:08:54,085 - INFO - [256000/436063]	Loss  : 1.4087
2024-06-01 12:09:01,509 - INFO - [262144/436063]	Loss  : 1.4086
2024-06-01 12:09:32,164 - INFO - Test loss   : 0.7140
2024-06-01 12:09:32,164 - INFO - 
Epoch	6
2024-06-01 12:10:39,736 - INFO - [51200/436063]	Loss  : 1.4049
2024-06-01 12:11:46,138 - INFO - [102400/436063]	Loss  : 1.4051
2024-06-01 12:12:52,547 - INFO - [153600/436063]	Loss  : 1.4045
2024-06-01 12:13:58,955 - INFO - [204800/436063]	Loss  : 1.4045
2024-06-01 12:15:05,204 - INFO - [256000/436063]	Loss  : 1.4046
2024-06-01 12:15:12,632 - INFO - [262144/436063]	Loss  : 1.4044
2024-06-01 12:15:43,163 - INFO - Test loss   : 0.7501
2024-06-01 12:15:43,164 - INFO - 
Epoch	7
2024-06-01 12:16:50,710 - INFO - [51200/436063]	Loss  : 1.4002
2024-06-01 12:17:57,085 - INFO - [102400/436063]	Loss  : 1.4012
2024-06-01 12:19:03,473 - INFO - [153600/436063]	Loss  : 1.4005
2024-06-01 12:20:09,745 - INFO - [204800/436063]	Loss  : 1.4006
2024-06-01 12:21:16,161 - INFO - [256000/436063]	Loss  : 1.4005
2024-06-01 12:21:23,698 - INFO - [262144/436063]	Loss  : 1.4006
2024-06-01 12:21:54,157 - INFO - Test loss   : 0.7209
2024-06-01 12:21:54,157 - INFO - 
Epoch	8
2024-06-01 12:23:01,703 - INFO - [51200/436063]	Loss  : 1.3954
2024-06-01 12:24:07,975 - INFO - [102400/436063]	Loss  : 1.3936
2024-06-01 12:25:14,397 - INFO - [153600/436063]	Loss  : 1.3942
2024-06-01 12:26:20,722 - INFO - [204800/436063]	Loss  : 1.3949
2024-06-01 12:27:27,057 - INFO - [256000/436063]	Loss  : 1.3955
2024-06-01 12:27:34,515 - INFO - [262144/436063]	Loss  : 1.3957
2024-06-01 12:28:04,930 - INFO - Test loss   : 0.6933
2024-06-01 12:28:04,931 - INFO - 
Epoch	9
2024-06-01 12:29:12,734 - INFO - [51200/436063]	Loss  : 1.3959
2024-06-01 12:30:18,989 - INFO - [102400/436063]	Loss  : 1.3930
2024-06-01 12:31:25,311 - INFO - [153600/436063]	Loss  : 1.3922
2024-06-01 12:32:31,628 - INFO - [204800/436063]	Loss  : 1.3914
2024-06-01 12:33:37,867 - INFO - [256000/436063]	Loss  : 1.3921
2024-06-01 12:33:45,312 - INFO - [262144/436063]	Loss  : 1.3920
2024-06-01 12:34:15,829 - INFO - Test loss   : 0.7528
2024-06-01 12:34:15,829 - INFO - 
Epoch	10
2024-06-01 12:35:23,717 - INFO - [51200/436063]	Loss  : 1.3865
2024-06-01 12:36:30,126 - INFO - [102400/436063]	Loss  : 1.3857
2024-06-01 12:37:36,303 - INFO - [153600/436063]	Loss  : 1.3854
2024-06-01 12:38:42,462 - INFO - [204800/436063]	Loss  : 1.3863
2024-06-01 12:39:48,571 - INFO - [256000/436063]	Loss  : 1.3866
2024-06-01 12:39:56,068 - INFO - [262144/436063]	Loss  : 1.3865
2024-06-01 12:40:26,730 - INFO - Test loss   : 0.7453
2024-06-01 12:40:26,730 - INFO - 
Epoch	11
2024-06-01 12:41:34,580 - INFO - [51200/436063]	Loss  : 1.3793
2024-06-01 12:42:41,006 - INFO - [102400/436063]	Loss  : 1.3813
2024-06-01 12:43:47,310 - INFO - [153600/436063]	Loss  : 1.3818
2024-06-01 12:44:53,633 - INFO - [204800/436063]	Loss  : 1.3817
2024-06-01 12:45:59,622 - INFO - [256000/436063]	Loss  : 1.3824
2024-06-01 12:46:07,126 - INFO - [262144/436063]	Loss  : 1.3824
2024-06-01 12:46:37,709 - INFO - Test loss   : 0.7363
2024-06-01 12:46:37,710 - INFO - 
Epoch	12
2024-06-01 12:47:45,518 - INFO - [51200/436063]	Loss  : 1.3805
2024-06-01 12:48:51,911 - INFO - [102400/436063]	Loss  : 1.3798
2024-06-01 12:49:58,206 - INFO - [153600/436063]	Loss  : 1.3798
2024-06-01 12:51:04,503 - INFO - [204800/436063]	Loss  : 1.3801
2024-06-01 12:52:10,593 - INFO - [256000/436063]	Loss  : 1.3806
2024-06-01 12:52:18,057 - INFO - [262144/436063]	Loss  : 1.3807
2024-06-01 12:52:48,582 - INFO - Test loss   : 0.7510
2024-06-01 12:52:48,582 - INFO - 
Epoch	13
2024-06-01 12:53:56,396 - INFO - [51200/436063]	Loss  : 1.3756
2024-06-01 12:55:02,751 - INFO - [102400/436063]	Loss  : 1.3770
2024-06-01 12:56:09,050 - INFO - [153600/436063]	Loss  : 1.3772
2024-06-01 12:57:15,234 - INFO - [204800/436063]	Loss  : 1.3775
2024-06-01 12:58:21,580 - INFO - [256000/436063]	Loss  : 1.3776
2024-06-01 12:58:29,039 - INFO - [262144/436063]	Loss  : 1.3775
2024-06-01 12:58:59,633 - INFO - Test loss   : 0.7484
2024-06-01 12:58:59,633 - INFO - 
Epoch	14
2024-06-01 13:00:07,351 - INFO - [51200/436063]	Loss  : 1.3748
2024-06-01 13:01:13,524 - INFO - [102400/436063]	Loss  : 1.3745
2024-06-01 13:02:19,931 - INFO - [153600/436063]	Loss  : 1.3745
2024-06-01 13:03:26,075 - INFO - [204800/436063]	Loss  : 1.3756
2024-06-01 13:04:32,469 - INFO - [256000/436063]	Loss  : 1.3755
2024-06-01 13:04:39,948 - INFO - [262144/436063]	Loss  : 1.3756
2024-06-01 13:05:10,529 - INFO - Test loss   : 0.7308
2024-06-01 13:05:10,530 - INFO - 
Epoch	15
2024-06-01 13:06:18,370 - INFO - [51200/436063]	Loss  : 1.3705
2024-06-01 13:07:24,525 - INFO - [102400/436063]	Loss  : 1.3725
2024-06-01 13:08:30,806 - INFO - [153600/436063]	Loss  : 1.3745
2024-06-01 13:09:37,056 - INFO - [204800/436063]	Loss  : 1.3753
2024-06-01 13:10:43,470 - INFO - [256000/436063]	Loss  : 1.3754
2024-06-01 13:10:50,942 - INFO - [262144/436063]	Loss  : 1.3754
2024-06-01 13:11:21,538 - INFO - Test loss   : 0.7030
2024-06-01 13:11:21,538 - INFO - 
Epoch	16
2024-06-01 13:12:29,455 - INFO - [51200/436063]	Loss  : 1.3697
2024-06-01 13:13:35,704 - INFO - [102400/436063]	Loss  : 1.3703
2024-06-01 13:14:41,735 - INFO - [153600/436063]	Loss  : 1.3702
2024-06-01 13:15:47,966 - INFO - [204800/436063]	Loss  : 1.3714
2024-06-01 13:16:54,363 - INFO - [256000/436063]	Loss  : 1.3713
2024-06-01 13:17:01,861 - INFO - [262144/436063]	Loss  : 1.3713
2024-06-01 13:17:32,501 - INFO - Test loss   : 0.7300
2024-06-01 13:17:32,501 - INFO - 
Epoch	17
2024-06-01 13:18:40,286 - INFO - [51200/436063]	Loss  : 1.3687
2024-06-01 13:19:46,624 - INFO - [102400/436063]	Loss  : 1.3708
2024-06-01 13:20:52,785 - INFO - [153600/436063]	Loss  : 1.3713
2024-06-01 13:21:59,094 - INFO - [204800/436063]	Loss  : 1.3709
2024-06-01 13:23:05,378 - INFO - [256000/436063]	Loss  : 1.3709
2024-06-01 13:23:12,825 - INFO - [262144/436063]	Loss  : 1.3707
2024-06-01 13:23:43,389 - INFO - Test loss   : 0.7169
2024-06-01 13:23:43,390 - INFO - 
Epoch	18
2024-06-01 13:24:51,159 - INFO - [51200/436063]	Loss  : 1.3695
2024-06-01 13:25:57,469 - INFO - [102400/436063]	Loss  : 1.3691
2024-06-01 13:27:03,726 - INFO - [153600/436063]	Loss  : 1.3697
2024-06-01 13:28:10,073 - INFO - [204800/436063]	Loss  : 1.3698
2024-06-01 13:29:16,324 - INFO - [256000/436063]	Loss  : 1.3702
2024-06-01 13:29:23,792 - INFO - [262144/436063]	Loss  : 1.3702
2024-06-01 13:29:54,283 - INFO - Test loss   : 0.7276
2024-06-01 13:29:54,283 - INFO - 
Epoch	19
2024-06-01 13:31:02,100 - INFO - [51200/436063]	Loss  : 1.3663
2024-06-01 13:32:08,298 - INFO - [102400/436063]	Loss  : 1.3665
2024-06-01 13:33:14,602 - INFO - [153600/436063]	Loss  : 1.3662
2024-06-01 13:34:21,059 - INFO - [204800/436063]	Loss  : 1.3675
2024-06-01 13:35:27,474 - INFO - [256000/436063]	Loss  : 1.3681
2024-06-01 13:35:34,924 - INFO - [262144/436063]	Loss  : 1.3683
2024-06-01 13:36:05,481 - INFO - Test loss   : 0.7314
2024-06-01 13:36:05,482 - INFO - 
Epoch	20
2024-06-01 13:37:13,149 - INFO - [51200/436063]	Loss  : 1.3664
2024-06-01 13:38:19,206 - INFO - [102400/436063]	Loss  : 1.3662
2024-06-01 13:39:25,593 - INFO - [153600/436063]	Loss  : 1.3662
2024-06-01 13:40:32,091 - INFO - [204800/436063]	Loss  : 1.3661
2024-06-01 13:41:38,469 - INFO - [256000/436063]	Loss  : 1.3666
2024-06-01 13:41:45,923 - INFO - [262144/436063]	Loss  : 1.3666
2024-06-01 13:42:16,431 - INFO - Test loss   : 0.7411
2024-06-01 13:42:16,431 - INFO - 
Epoch	21
2024-06-01 13:43:24,178 - INFO - [51200/436063]	Loss  : 1.3605
2024-06-01 13:44:30,167 - INFO - [102400/436063]	Loss  : 1.3628
2024-06-01 13:45:36,598 - INFO - [153600/436063]	Loss  : 1.3639
2024-06-01 13:46:43,026 - INFO - [204800/436063]	Loss  : 1.3645
2024-06-01 13:47:49,327 - INFO - [256000/436063]	Loss  : 1.3652
2024-06-01 13:47:56,791 - INFO - [262144/436063]	Loss  : 1.3655
2024-06-01 13:48:27,355 - INFO - Test loss   : 0.7239
2024-06-01 13:48:27,356 - INFO - 
Epoch	22
2024-06-01 13:49:35,044 - INFO - [51200/436063]	Loss  : 1.3622
2024-06-01 13:50:41,270 - INFO - [102400/436063]	Loss  : 1.3648
2024-06-01 13:51:47,530 - INFO - [153600/436063]	Loss  : 1.3649
2024-06-01 13:52:53,900 - INFO - [204800/436063]	Loss  : 1.3647
2024-06-01 13:54:00,211 - INFO - [256000/436063]	Loss  : 1.3650
2024-06-01 13:54:07,694 - INFO - [262144/436063]	Loss  : 1.3652
2024-06-01 13:54:38,364 - INFO - Test loss   : 0.7073
2024-06-01 13:54:38,365 - INFO - 
Epoch	23
2024-06-01 13:55:45,927 - INFO - [51200/436063]	Loss  : 1.3627
2024-06-01 13:56:52,336 - INFO - [102400/436063]	Loss  : 1.3626
2024-06-01 13:57:58,665 - INFO - [153600/436063]	Loss  : 1.3627
2024-06-01 13:59:05,003 - INFO - [204800/436063]	Loss  : 1.3633
2024-06-01 14:00:11,219 - INFO - [256000/436063]	Loss  : 1.3635
2024-06-01 14:00:18,673 - INFO - [262144/436063]	Loss  : 1.3635
2024-06-01 14:00:49,226 - INFO - Test loss   : 0.7859
2024-06-01 14:00:49,227 - INFO - 
Epoch	24
2024-06-01 14:01:56,826 - INFO - [51200/436063]	Loss  : 1.3667
2024-06-01 14:03:03,245 - INFO - [102400/436063]	Loss  : 1.3643
2024-06-01 14:04:09,709 - INFO - [153600/436063]	Loss  : 1.3640
2024-06-01 14:05:16,005 - INFO - [204800/436063]	Loss  : 1.3638
2024-06-01 14:06:22,173 - INFO - [256000/436063]	Loss  : 1.3641
2024-06-01 14:06:29,653 - INFO - [262144/436063]	Loss  : 1.3639
2024-06-01 14:07:00,038 - INFO - Test loss   : 0.7388
2024-06-01 14:07:00,038 - INFO - 
Epoch	25
2024-06-01 14:08:07,877 - INFO - [51200/436063]	Loss  : 1.3619
2024-06-01 14:09:14,259 - INFO - [102400/436063]	Loss  : 1.3619
2024-06-01 14:10:20,684 - INFO - [153600/436063]	Loss  : 1.3626
2024-06-01 14:11:27,021 - INFO - [204800/436063]	Loss  : 1.3628
2024-06-01 14:12:33,290 - INFO - [256000/436063]	Loss  : 1.3631
2024-06-01 14:12:40,722 - INFO - [262144/436063]	Loss  : 1.3629
2024-06-01 14:13:11,080 - INFO - Test loss   : 0.7308
2024-06-01 14:13:11,080 - INFO - 
Epoch	26
2024-06-01 14:14:18,779 - INFO - [51200/436063]	Loss  : 1.3573
2024-06-01 14:15:25,211 - INFO - [102400/436063]	Loss  : 1.3593
2024-06-01 14:16:31,595 - INFO - [153600/436063]	Loss  : 1.3609
2024-06-01 14:17:37,952 - INFO - [204800/436063]	Loss  : 1.3607
2024-06-01 14:18:44,174 - INFO - [256000/436063]	Loss  : 1.3610
2024-06-01 14:18:51,625 - INFO - [262144/436063]	Loss  : 1.3612
2024-06-01 14:19:22,157 - INFO - Test loss   : 0.7280
2024-06-01 14:19:22,157 - INFO - 
Epoch	27
2024-06-01 14:20:29,823 - INFO - [51200/436063]	Loss  : 1.3611
2024-06-01 14:21:36,099 - INFO - [102400/436063]	Loss  : 1.3600
2024-06-01 14:22:42,540 - INFO - [153600/436063]	Loss  : 1.3599
2024-06-01 14:23:48,844 - INFO - [204800/436063]	Loss  : 1.3607
2024-06-01 14:24:55,058 - INFO - [256000/436063]	Loss  : 1.3605
2024-06-01 14:25:02,520 - INFO - [262144/436063]	Loss  : 1.3603
2024-06-01 14:25:33,122 - INFO - Test loss   : 0.7255
2024-06-01 14:25:33,122 - INFO - 
Epoch	28
2024-06-01 14:26:41,054 - INFO - [51200/436063]	Loss  : 1.3610
2024-06-01 14:27:47,359 - INFO - [102400/436063]	Loss  : 1.3591
2024-06-01 14:28:53,565 - INFO - [153600/436063]	Loss  : 1.3597
2024-06-01 14:29:59,885 - INFO - [204800/436063]	Loss  : 1.3595
2024-06-01 14:31:06,046 - INFO - [256000/436063]	Loss  : 1.3598
2024-06-01 14:31:13,539 - INFO - [262144/436063]	Loss  : 1.3599
2024-06-01 14:31:44,201 - INFO - Test loss   : 0.7172
2024-06-01 14:31:44,202 - INFO - 
Epoch	29
2024-06-01 14:32:52,022 - INFO - [51200/436063]	Loss  : 1.3585
2024-06-01 14:33:58,394 - INFO - [102400/436063]	Loss  : 1.3596
2024-06-01 14:35:04,578 - INFO - [153600/436063]	Loss  : 1.3599
2024-06-01 14:36:10,770 - INFO - [204800/436063]	Loss  : 1.3603
2024-06-01 14:37:17,016 - INFO - [256000/436063]	Loss  : 1.3602
2024-06-01 14:37:24,502 - INFO - [262144/436063]	Loss  : 1.3602
2024-06-01 14:37:55,122 - INFO - Test loss   : 0.7221
2024-06-01 14:37:55,123 - INFO - 
Epoch	30
2024-06-01 14:39:02,949 - INFO - [51200/436063]	Loss  : 1.3587
2024-06-01 14:40:09,391 - INFO - [102400/436063]	Loss  : 1.3574
2024-06-01 14:41:15,701 - INFO - [153600/436063]	Loss  : 1.3583
2024-06-01 14:42:21,694 - INFO - [204800/436063]	Loss  : 1.3580
2024-06-01 14:43:27,919 - INFO - [256000/436063]	Loss  : 1.3586
2024-06-01 14:43:35,416 - INFO - [262144/436063]	Loss  : 1.3586
2024-06-01 14:44:06,019 - INFO - Test loss   : 0.7252
2024-06-01 14:44:06,019 - INFO - 
Epoch	31
2024-06-01 14:45:13,943 - INFO - [51200/436063]	Loss  : 1.3578
2024-06-01 14:46:20,311 - INFO - [102400/436063]	Loss  : 1.3625
2024-06-01 14:47:26,628 - INFO - [153600/436063]	Loss  : 1.3623
2024-06-01 14:48:32,788 - INFO - [204800/436063]	Loss  : 1.3619
2024-06-01 14:49:39,095 - INFO - [256000/436063]	Loss  : 1.3612
2024-06-01 14:49:46,547 - INFO - [262144/436063]	Loss  : 1.3611
2024-06-01 14:50:17,133 - INFO - Test loss   : 0.7075
2024-06-01 14:50:17,133 - INFO - 
Epoch	32
2024-06-01 14:51:24,910 - INFO - [51200/436063]	Loss  : 1.3569
2024-06-01 14:52:31,161 - INFO - [102400/436063]	Loss  : 1.3573
2024-06-01 14:53:37,439 - INFO - [153600/436063]	Loss  : 1.3572
2024-06-01 14:54:43,770 - INFO - [204800/436063]	Loss  : 1.3573
2024-06-01 14:55:50,173 - INFO - [256000/436063]	Loss  : 1.3580
2024-06-01 14:55:57,645 - INFO - [262144/436063]	Loss  : 1.3579
2024-06-01 14:56:28,208 - INFO - Test loss   : 0.7135
2024-06-01 14:56:28,209 - INFO - 
Epoch	33
2024-06-01 14:57:35,933 - INFO - [51200/436063]	Loss  : 1.3569
2024-06-01 14:58:42,117 - INFO - [102400/436063]	Loss  : 1.3572
2024-06-01 14:59:48,327 - INFO - [153600/436063]	Loss  : 1.3572
2024-06-01 15:00:54,706 - INFO - [204800/436063]	Loss  : 1.3577
2024-06-01 15:02:01,130 - INFO - [256000/436063]	Loss  : 1.3577
2024-06-01 15:02:08,599 - INFO - [262144/436063]	Loss  : 1.3577
2024-06-01 15:02:39,192 - INFO - Test loss   : 0.7195
2024-06-01 15:02:39,192 - INFO - 
Epoch	34
2024-06-01 15:03:47,092 - INFO - [51200/436063]	Loss  : 1.3540
2024-06-01 15:04:53,230 - INFO - [102400/436063]	Loss  : 1.3557
2024-06-01 15:05:59,310 - INFO - [153600/436063]	Loss  : 1.3562
2024-06-01 15:07:05,677 - INFO - [204800/436063]	Loss  : 1.3563
2024-06-01 15:08:12,077 - INFO - [256000/436063]	Loss  : 1.3572
2024-06-01 15:08:19,556 - INFO - [262144/436063]	Loss  : 1.3569
2024-06-01 15:08:50,204 - INFO - Test loss   : 0.7288
2024-06-01 15:08:50,205 - INFO - 
Epoch	35
2024-06-01 15:09:57,991 - INFO - [51200/436063]	Loss  : 1.3568
2024-06-01 15:11:04,237 - INFO - [102400/436063]	Loss  : 1.3561
2024-06-01 15:12:10,323 - INFO - [153600/436063]	Loss  : 1.3561
2024-06-01 15:13:16,631 - INFO - [204800/436063]	Loss  : 1.3565
2024-06-01 15:14:22,981 - INFO - [256000/436063]	Loss  : 1.3563
2024-06-01 15:14:30,474 - INFO - [262144/436063]	Loss  : 1.3564
2024-06-01 15:15:01,101 - INFO - Test loss   : 0.7072
2024-06-01 15:15:01,101 - INFO - 
Epoch	36
2024-06-01 15:16:08,814 - INFO - [51200/436063]	Loss  : 1.3555
2024-06-01 15:17:15,696 - INFO - [102400/436063]	Loss  : 1.3554
2024-06-01 15:18:22,895 - INFO - [153600/436063]	Loss  : 1.3548
2024-06-01 15:19:30,024 - INFO - [204800/436063]	Loss  : 1.3554
2024-06-01 15:20:37,142 - INFO - [256000/436063]	Loss  : 1.3552
2024-06-01 15:20:44,709 - INFO - [262144/436063]	Loss  : 1.3553
2024-06-01 15:21:15,685 - INFO - Test loss   : 0.7163
2024-06-01 15:21:15,686 - INFO - 
Epoch	37
2024-06-01 15:22:24,318 - INFO - [51200/436063]	Loss  : 1.3562
2024-06-01 15:23:31,292 - INFO - [102400/436063]	Loss  : 1.3558
2024-06-01 15:24:38,512 - INFO - [153600/436063]	Loss  : 1.3554
2024-06-01 15:25:45,727 - INFO - [204800/436063]	Loss  : 1.3556
2024-06-01 15:26:52,770 - INFO - [256000/436063]	Loss  : 1.3554
2024-06-01 15:27:00,332 - INFO - [262144/436063]	Loss  : 1.3555
2024-06-01 15:27:31,238 - INFO - Test loss   : 0.7181
2024-06-01 15:27:31,239 - INFO - 
Epoch	38
2024-06-01 15:28:39,711 - INFO - [51200/436063]	Loss  : 1.3543
2024-06-01 15:29:46,719 - INFO - [102400/436063]	Loss  : 1.3546
2024-06-01 15:30:53,994 - INFO - [153600/436063]	Loss  : 1.3555
2024-06-01 15:32:01,335 - INFO - [204800/436063]	Loss  : 1.3556
2024-06-01 15:33:08,580 - INFO - [256000/436063]	Loss  : 1.3558
2024-06-01 15:33:16,109 - INFO - [262144/436063]	Loss  : 1.3558
2024-06-01 15:33:46,928 - INFO - Test loss   : 0.7178
2024-06-01 15:33:46,930 - INFO - 
Epoch	39
2024-06-01 15:34:55,415 - INFO - [51200/436063]	Loss  : 1.3547
2024-06-01 15:36:02,582 - INFO - [102400/436063]	Loss  : 1.3546
2024-06-01 15:37:09,990 - INFO - [153600/436063]	Loss  : 1.3545
2024-06-01 15:38:17,333 - INFO - [204800/436063]	Loss  : 1.3549
2024-06-01 15:39:24,753 - INFO - [256000/436063]	Loss  : 1.3553
2024-06-01 15:39:32,341 - INFO - [262144/436063]	Loss  : 1.3552
2024-06-01 15:40:03,370 - INFO - Test loss   : 0.7189
2024-06-01 15:40:03,370 - INFO - 
Epoch	40
2024-06-01 15:41:11,958 - INFO - [51200/436063]	Loss  : 1.3563
2024-06-01 15:42:19,229 - INFO - [102400/436063]	Loss  : 1.3538
2024-06-01 15:43:26,524 - INFO - [153600/436063]	Loss  : 1.3540
2024-06-01 15:44:33,852 - INFO - [204800/436063]	Loss  : 1.3535
2024-06-01 15:45:40,921 - INFO - [256000/436063]	Loss  : 1.3533
2024-06-01 15:45:48,495 - INFO - [262144/436063]	Loss  : 1.3532
2024-06-01 15:46:19,478 - INFO - Test loss   : 0.7287
2024-06-01 15:46:19,478 - INFO - 
Epoch	41
2024-06-01 15:47:28,006 - INFO - [51200/436063]	Loss  : 1.3496
2024-06-01 15:48:35,211 - INFO - [102400/436063]	Loss  : 1.3520
2024-06-01 15:49:42,340 - INFO - [153600/436063]	Loss  : 1.3530
2024-06-01 15:50:49,596 - INFO - [204800/436063]	Loss  : 1.3531
2024-06-01 15:51:56,797 - INFO - [256000/436063]	Loss  : 1.3539
2024-06-01 15:52:04,353 - INFO - [262144/436063]	Loss  : 1.3536
2024-06-01 15:52:35,196 - INFO - Test loss   : 0.7514
2024-06-01 15:52:35,196 - INFO - 
Epoch	42
2024-06-01 15:53:43,970 - INFO - [51200/436063]	Loss  : 1.3520
2024-06-01 15:54:51,377 - INFO - [102400/436063]	Loss  : 1.3539
2024-06-01 15:55:58,736 - INFO - [153600/436063]	Loss  : 1.3533
2024-06-01 15:57:05,981 - INFO - [204800/436063]	Loss  : 1.3531
2024-06-01 15:58:13,056 - INFO - [256000/436063]	Loss  : 1.3536
2024-06-01 15:58:20,581 - INFO - [262144/436063]	Loss  : 1.3535
2024-06-01 15:58:51,398 - INFO - Test loss   : 0.7277
2024-06-01 15:58:51,398 - INFO - 
Epoch	43
2024-06-01 16:00:00,191 - INFO - [51200/436063]	Loss  : 1.3494
2024-06-01 16:01:07,616 - INFO - [102400/436063]	Loss  : 1.3516
2024-06-01 16:02:15,019 - INFO - [153600/436063]	Loss  : 1.3520
2024-06-01 16:03:22,197 - INFO - [204800/436063]	Loss  : 1.3527
2024-06-01 16:04:29,169 - INFO - [256000/436063]	Loss  : 1.3535
2024-06-01 16:04:36,708 - INFO - [262144/436063]	Loss  : 1.3534
2024-06-01 16:05:07,695 - INFO - Test loss   : 0.7213
2024-06-01 16:05:07,695 - INFO - 
Epoch	44
2024-06-01 16:06:16,608 - INFO - [51200/436063]	Loss  : 1.3477
2024-06-01 16:07:24,034 - INFO - [102400/436063]	Loss  : 1.3500
2024-06-01 16:08:31,445 - INFO - [153600/436063]	Loss  : 1.3516
2024-06-01 16:09:38,830 - INFO - [204800/436063]	Loss  : 1.3520
2024-06-01 16:10:45,897 - INFO - [256000/436063]	Loss  : 1.3517
2024-06-01 16:10:53,481 - INFO - [262144/436063]	Loss  : 1.3519
2024-06-01 16:11:24,466 - INFO - Test loss   : 0.7253
2024-06-01 16:11:24,466 - INFO - 
Epoch	45
2024-06-01 16:12:33,201 - INFO - [51200/436063]	Loss  : 1.3522
2024-06-01 16:13:40,673 - INFO - [102400/436063]	Loss  : 1.3510
2024-06-01 16:14:48,147 - INFO - [153600/436063]	Loss  : 1.3506
2024-06-01 16:15:55,374 - INFO - [204800/436063]	Loss  : 1.3509
2024-06-01 16:17:02,585 - INFO - [256000/436063]	Loss  : 1.3514
2024-06-01 16:17:10,162 - INFO - [262144/436063]	Loss  : 1.3515
2024-06-01 16:17:41,259 - INFO - Test loss   : 0.7171
2024-06-01 16:17:41,259 - INFO - 
Epoch	46
2024-06-01 16:18:50,105 - INFO - [51200/436063]	Loss  : 1.3518
2024-06-01 16:19:57,329 - INFO - [102400/436063]	Loss  : 1.3518
2024-06-01 16:21:04,708 - INFO - [153600/436063]	Loss  : 1.3517
2024-06-01 16:22:11,862 - INFO - [204800/436063]	Loss  : 1.3519
2024-06-01 16:23:19,285 - INFO - [256000/436063]	Loss  : 1.3517
2024-06-01 16:23:26,895 - INFO - [262144/436063]	Loss  : 1.3517
2024-06-01 16:23:58,014 - INFO - Test loss   : 0.7288
2024-06-01 16:23:58,014 - INFO - 
Epoch	47
2024-06-01 16:25:06,879 - INFO - [51200/436063]	Loss  : 1.3511
2024-06-01 16:26:14,109 - INFO - [102400/436063]	Loss  : 1.3514
2024-06-01 16:27:21,251 - INFO - [153600/436063]	Loss  : 1.3507
2024-06-01 16:28:28,397 - INFO - [204800/436063]	Loss  : 1.3519
2024-06-01 16:29:35,725 - INFO - [256000/436063]	Loss  : 1.3518
2024-06-01 16:29:43,288 - INFO - [262144/436063]	Loss  : 1.3521
2024-06-01 16:30:14,347 - INFO - Test loss   : 0.7255
2024-06-01 16:30:14,347 - INFO - 
Epoch	48
2024-06-01 16:31:23,227 - INFO - [51200/436063]	Loss  : 1.3500
2024-06-01 16:32:30,647 - INFO - [102400/436063]	Loss  : 1.3502
2024-06-01 16:33:37,853 - INFO - [153600/436063]	Loss  : 1.3500
2024-06-01 16:34:44,870 - INFO - [204800/436063]	Loss  : 1.3498
2024-06-01 16:35:52,263 - INFO - [256000/436063]	Loss  : 1.3504
2024-06-01 16:35:59,861 - INFO - [262144/436063]	Loss  : 1.3504
2024-06-01 16:36:30,942 - INFO - Test loss   : 0.7101
2024-06-01 16:36:30,942 - INFO - 
Epoch	49
2024-06-01 16:37:39,964 - INFO - [51200/436063]	Loss  : 1.3500
2024-06-01 16:38:47,371 - INFO - [102400/436063]	Loss  : 1.3505
2024-06-01 16:39:54,547 - INFO - [153600/436063]	Loss  : 1.3499
2024-06-01 16:41:01,757 - INFO - [204800/436063]	Loss  : 1.3503
2024-06-01 16:42:09,028 - INFO - [256000/436063]	Loss  : 1.3500
2024-06-01 16:42:16,578 - INFO - [262144/436063]	Loss  : 1.3501
2024-06-01 16:42:47,713 - INFO - Test loss   : 0.7315
2024-06-01 16:42:47,713 - INFO - 
Epoch	50
2024-06-01 16:43:56,694 - INFO - [51200/436063]	Loss  : 1.3492
2024-06-01 16:45:03,884 - INFO - [102400/436063]	Loss  : 1.3503
2024-06-01 16:46:10,928 - INFO - [153600/436063]	Loss  : 1.3505
2024-06-01 16:47:18,324 - INFO - [204800/436063]	Loss  : 1.3499
2024-06-01 16:48:25,573 - INFO - [256000/436063]	Loss  : 1.3504
2024-06-01 16:48:33,136 - INFO - [262144/436063]	Loss  : 1.3504
2024-06-01 16:49:04,060 - INFO - Test loss   : 0.7785
2024-06-01 16:49:04,060 - INFO - 
Epoch	51
2024-06-01 16:50:12,806 - INFO - [51200/436063]	Loss  : 1.3407
2024-06-01 16:51:19,948 - INFO - [102400/436063]	Loss  : 1.3332
2024-06-01 16:52:27,100 - INFO - [153600/436063]	Loss  : 1.3240
2024-06-01 16:53:34,450 - INFO - [204800/436063]	Loss  : 1.3172
2024-06-01 16:54:41,766 - INFO - [256000/436063]	Loss  : 1.3111
2024-06-01 16:54:49,367 - INFO - [262144/436063]	Loss  : 1.3105
2024-06-01 16:55:20,372 - INFO - Test loss   : 0.8628
2024-06-01 16:55:20,373 - INFO - 
Epoch	52
2024-06-01 16:56:29,069 - INFO - [51200/436063]	Loss  : 1.2767
2024-06-01 16:57:31,330 - INFO - [102400/436063]	Loss  : 1.2697
2024-06-01 16:58:33,696 - INFO - [153600/436063]	Loss  : 1.2670
2024-06-01 16:59:41,018 - INFO - [204800/436063]	Loss  : 1.2643
2024-06-01 17:00:48,378 - INFO - [256000/436063]	Loss  : 1.2620
2024-06-01 17:00:55,940 - INFO - [262144/436063]	Loss  : 1.2617
2024-06-01 17:01:27,019 - INFO - Test loss   : 0.8308
2024-06-01 17:01:27,020 - INFO - 
Epoch	53
2024-06-01 17:02:35,837 - INFO - [51200/436063]	Loss  : 1.2500
2024-06-01 17:03:42,677 - INFO - [102400/436063]	Loss  : 1.2458
2024-06-01 17:04:49,824 - INFO - [153600/436063]	Loss  : 1.2425
2024-06-01 17:05:57,212 - INFO - [204800/436063]	Loss  : 1.2414
2024-06-01 17:07:04,578 - INFO - [256000/436063]	Loss  : 1.2401
2024-06-01 17:07:12,152 - INFO - [262144/436063]	Loss  : 1.2399
2024-06-01 17:07:43,138 - INFO - Test loss   : 0.8108
2024-06-01 17:07:43,138 - INFO - 
Epoch	54
2024-06-01 17:08:51,942 - INFO - [51200/436063]	Loss  : 1.2320
2024-06-01 17:09:58,921 - INFO - [102400/436063]	Loss  : 1.2323
2024-06-01 17:11:06,096 - INFO - [153600/436063]	Loss  : 1.2314
2024-06-01 17:12:13,324 - INFO - [204800/436063]	Loss  : 1.2307
2024-06-01 17:13:20,603 - INFO - [256000/436063]	Loss  : 1.2301
2024-06-01 17:13:28,203 - INFO - [262144/436063]	Loss  : 1.2299
2024-06-01 17:13:59,272 - INFO - Test loss   : 0.8085
2024-06-01 17:13:59,272 - INFO - 
Epoch	55
2024-06-01 17:15:07,980 - INFO - [51200/436063]	Loss  : 1.2237
2024-06-01 17:16:15,083 - INFO - [102400/436063]	Loss  : 1.2250
2024-06-01 17:17:22,371 - INFO - [153600/436063]	Loss  : 1.2245
2024-06-01 17:18:29,512 - INFO - [204800/436063]	Loss  : 1.2243
2024-06-01 17:19:36,703 - INFO - [256000/436063]	Loss  : 1.2241
2024-06-01 17:19:44,289 - INFO - [262144/436063]	Loss  : 1.2242
2024-06-01 17:20:15,336 - INFO - Test loss   : 0.7846
2024-06-01 17:20:15,336 - INFO - 
Epoch	56
2024-06-01 17:21:23,883 - INFO - [51200/436063]	Loss  : 1.2228
2024-06-01 17:22:31,036 - INFO - [102400/436063]	Loss  : 1.2213
2024-06-01 17:23:38,326 - INFO - [153600/436063]	Loss  : 1.2221
2024-06-01 17:24:45,754 - INFO - [204800/436063]	Loss  : 1.2220
2024-06-01 17:25:52,850 - INFO - [256000/436063]	Loss  : 1.2212
2024-06-01 17:26:00,375 - INFO - [262144/436063]	Loss  : 1.2212
2024-06-01 17:26:31,315 - INFO - Test loss   : 0.7579
2024-06-01 17:26:31,316 - INFO - 
Epoch	57
2024-06-01 17:27:39,856 - INFO - [51200/436063]	Loss  : 1.2188
2024-06-01 17:28:47,222 - INFO - [102400/436063]	Loss  : 1.2172
2024-06-01 17:29:54,649 - INFO - [153600/436063]	Loss  : 1.2169
2024-06-01 17:31:02,051 - INFO - [204800/436063]	Loss  : 1.2164
2024-06-01 17:32:09,418 - INFO - [256000/436063]	Loss  : 1.2162
2024-06-01 17:32:16,989 - INFO - [262144/436063]	Loss  : 1.2161
2024-06-01 17:32:47,812 - INFO - Test loss   : 0.7716
2024-06-01 17:32:47,812 - INFO - 
Epoch	58
2024-06-01 17:33:56,349 - INFO - [51200/436063]	Loss  : 1.2157
2024-06-01 17:35:03,676 - INFO - [102400/436063]	Loss  : 1.2154
2024-06-01 17:36:10,990 - INFO - [153600/436063]	Loss  : 1.2142
2024-06-01 17:37:18,516 - INFO - [204800/436063]	Loss  : 1.2145
2024-06-01 17:38:26,146 - INFO - [256000/436063]	Loss  : 1.2150
2024-06-01 17:38:33,730 - INFO - [262144/436063]	Loss  : 1.2149
2024-06-01 17:39:04,597 - INFO - Test loss   : 0.7606
2024-06-01 17:39:04,597 - INFO - 
Epoch	59
2024-06-01 17:40:13,290 - INFO - [51200/436063]	Loss  : 1.2117
2024-06-01 17:41:20,531 - INFO - [102400/436063]	Loss  : 1.2121
2024-06-01 17:42:27,834 - INFO - [153600/436063]	Loss  : 1.2119
2024-06-01 17:43:35,282 - INFO - [204800/436063]	Loss  : 1.2123
2024-06-01 17:44:42,411 - INFO - [256000/436063]	Loss  : 1.2117
2024-06-01 17:44:49,960 - INFO - [262144/436063]	Loss  : 1.2119
2024-06-01 17:45:20,855 - INFO - Test loss   : 0.7405
2024-06-01 17:45:20,855 - INFO - 
Epoch	60
2024-06-01 17:46:29,583 - INFO - [51200/436063]	Loss  : 1.2092
2024-06-01 17:47:36,795 - INFO - [102400/436063]	Loss  : 1.2098
2024-06-01 17:48:44,043 - INFO - [153600/436063]	Loss  : 1.2101
2024-06-01 17:49:51,292 - INFO - [204800/436063]	Loss  : 1.2105
2024-06-01 17:50:58,410 - INFO - [256000/436063]	Loss  : 1.2102
2024-06-01 17:51:05,944 - INFO - [262144/436063]	Loss  : 1.2103
2024-06-01 17:51:36,857 - INFO - Test loss   : 0.7431
2024-06-01 17:51:36,858 - INFO - 
Epoch	61
2024-06-01 17:52:45,769 - INFO - [51200/436063]	Loss  : 1.2089
2024-06-01 17:53:53,096 - INFO - [102400/436063]	Loss  : 1.2095
2024-06-01 17:55:00,451 - INFO - [153600/436063]	Loss  : 1.2099
2024-06-01 17:56:07,632 - INFO - [204800/436063]	Loss  : 1.2097
2024-06-01 17:57:14,615 - INFO - [256000/436063]	Loss  : 1.2100
2024-06-01 17:57:22,168 - INFO - [262144/436063]	Loss  : 1.2102
2024-06-01 17:57:53,034 - INFO - Test loss   : 0.7395
2024-06-01 17:57:53,034 - INFO - 
Epoch	62
2024-06-01 17:59:01,787 - INFO - [51200/436063]	Loss  : 1.2044
2024-06-01 18:00:09,085 - INFO - [102400/436063]	Loss  : 1.2048
2024-06-01 18:01:16,370 - INFO - [153600/436063]	Loss  : 1.2067
2024-06-01 18:02:23,503 - INFO - [204800/436063]	Loss  : 1.2067
2024-06-01 18:03:30,435 - INFO - [256000/436063]	Loss  : 1.2080
2024-06-01 18:03:37,987 - INFO - [262144/436063]	Loss  : 1.2077
2024-06-01 18:04:08,928 - INFO - Test loss   : 0.7526
2024-06-01 18:04:08,929 - INFO - 
Epoch	63
2024-06-01 18:05:17,653 - INFO - [51200/436063]	Loss  : 1.2063
2024-06-01 18:06:25,045 - INFO - [102400/436063]	Loss  : 1.2069
2024-06-01 18:07:32,403 - INFO - [153600/436063]	Loss  : 1.2070
2024-06-01 18:08:39,468 - INFO - [204800/436063]	Loss  : 1.2078
2024-06-01 18:09:46,618 - INFO - [256000/436063]	Loss  : 1.2082
2024-06-01 18:09:54,149 - INFO - [262144/436063]	Loss  : 1.2083
2024-06-01 18:10:25,121 - INFO - Test loss   : 0.7334
2024-06-01 18:10:25,121 - INFO - 
Epoch	64
2024-06-01 18:11:33,898 - INFO - [51200/436063]	Loss  : 1.2052
2024-06-01 18:12:41,234 - INFO - [102400/436063]	Loss  : 1.2070
2024-06-01 18:13:48,503 - INFO - [153600/436063]	Loss  : 1.2068
2024-06-01 18:14:55,590 - INFO - [204800/436063]	Loss  : 1.2065
2024-06-01 18:16:02,876 - INFO - [256000/436063]	Loss  : 1.2065
2024-06-01 18:16:10,449 - INFO - [262144/436063]	Loss  : 1.2065
2024-06-01 18:16:41,528 - INFO - Test loss   : 0.7519
2024-06-01 18:16:41,528 - INFO - 
Epoch	65
2024-06-01 18:17:50,235 - INFO - [51200/436063]	Loss  : 1.2062
2024-06-01 18:18:57,447 - INFO - [102400/436063]	Loss  : 1.2072
2024-06-01 18:20:05,808 - INFO - [153600/436063]	Loss  : 1.2067
2024-06-01 18:21:12,984 - INFO - [204800/436063]	Loss  : 1.2069
2024-06-01 18:22:20,377 - INFO - [256000/436063]	Loss  : 1.2063
2024-06-01 18:22:28,054 - INFO - [262144/436063]	Loss  : 1.2061
2024-06-01 18:22:59,102 - INFO - Test loss   : 0.7419
2024-06-01 18:22:59,103 - INFO - 
Epoch	66
2024-06-01 18:24:08,046 - INFO - [51200/436063]	Loss  : 1.2032
2024-06-01 18:25:15,255 - INFO - [102400/436063]	Loss  : 1.2036
2024-06-01 18:26:22,310 - INFO - [153600/436063]	Loss  : 1.2052
2024-06-01 18:27:29,613 - INFO - [204800/436063]	Loss  : 1.2051
2024-06-01 18:28:37,023 - INFO - [256000/436063]	Loss  : 1.2052
2024-06-01 18:28:44,633 - INFO - [262144/436063]	Loss  : 1.2052
2024-06-01 18:29:15,656 - INFO - Test loss   : 0.7328
2024-06-01 18:29:15,656 - INFO - 
Epoch	67
2024-06-01 18:30:24,542 - INFO - [51200/436063]	Loss  : 1.2022
2024-06-01 18:31:31,918 - INFO - [102400/436063]	Loss  : 1.2028
2024-06-01 18:32:38,895 - INFO - [153600/436063]	Loss  : 1.2037
2024-06-01 18:33:46,041 - INFO - [204800/436063]	Loss  : 1.2044
2024-06-01 18:34:53,448 - INFO - [256000/436063]	Loss  : 1.2045
2024-06-01 18:35:01,010 - INFO - [262144/436063]	Loss  : 1.2046
2024-06-01 18:35:32,084 - INFO - Test loss   : 0.7310
2024-06-01 18:35:32,084 - INFO - 
Epoch	68
2024-06-01 18:36:40,935 - INFO - [51200/436063]	Loss  : 1.2013
2024-06-01 18:37:48,248 - INFO - [102400/436063]	Loss  : 1.2036
2024-06-01 18:38:55,438 - INFO - [153600/436063]	Loss  : 1.2052
2024-06-01 18:40:02,724 - INFO - [204800/436063]	Loss  : 1.2043
2024-06-01 18:41:09,947 - INFO - [256000/436063]	Loss  : 1.2044
2024-06-01 18:41:17,525 - INFO - [262144/436063]	Loss  : 1.2045
2024-06-01 18:41:48,558 - INFO - Test loss   : 0.7395
2024-06-01 18:41:48,558 - INFO - 
Epoch	69
2024-06-01 18:42:57,431 - INFO - [51200/436063]	Loss  : 1.2040
2024-06-01 18:44:04,544 - INFO - [102400/436063]	Loss  : 1.2032
2024-06-01 18:45:11,882 - INFO - [153600/436063]	Loss  : 1.2038
2024-06-01 18:46:19,317 - INFO - [204800/436063]	Loss  : 1.2040
2024-06-01 18:47:26,532 - INFO - [256000/436063]	Loss  : 1.2041
2024-06-01 18:47:34,115 - INFO - [262144/436063]	Loss  : 1.2041
2024-06-01 18:48:05,032 - INFO - Test loss   : 0.7336
2024-06-01 18:48:05,033 - INFO - 
Epoch	70
2024-06-01 18:49:13,836 - INFO - [51200/436063]	Loss  : 1.2044
2024-06-01 18:50:20,845 - INFO - [102400/436063]	Loss  : 1.2047
2024-06-01 18:51:28,001 - INFO - [153600/436063]	Loss  : 1.2041
2024-06-01 18:52:35,339 - INFO - [204800/436063]	Loss  : 1.2041
2024-06-01 18:53:42,592 - INFO - [256000/436063]	Loss  : 1.2044
2024-06-01 18:53:50,197 - INFO - [262144/436063]	Loss  : 1.2044
2024-06-01 18:54:21,274 - INFO - Test loss   : 0.7232
2024-06-01 18:54:21,274 - INFO - 
Epoch	71
2024-06-01 18:55:29,835 - INFO - [51200/436063]	Loss  : 1.2037
2024-06-01 18:56:36,943 - INFO - [102400/436063]	Loss  : 1.2016
2024-06-01 18:57:44,275 - INFO - [153600/436063]	Loss  : 1.2026
2024-06-01 18:58:51,747 - INFO - [204800/436063]	Loss  : 1.2037
2024-06-01 18:59:59,140 - INFO - [256000/436063]	Loss  : 1.2034
2024-06-01 19:00:06,723 - INFO - [262144/436063]	Loss  : 1.2033
2024-06-01 19:00:37,738 - INFO - Test loss   : 0.7365
2024-06-01 19:00:37,738 - INFO - 
Epoch	72
2024-06-01 19:01:46,280 - INFO - [51200/436063]	Loss  : 1.2029
2024-06-01 19:02:53,338 - INFO - [102400/436063]	Loss  : 1.2014
2024-06-01 19:04:00,622 - INFO - [153600/436063]	Loss  : 1.2022
2024-06-01 19:05:07,937 - INFO - [204800/436063]	Loss  : 1.2024
2024-06-01 19:06:15,256 - INFO - [256000/436063]	Loss  : 1.2022
2024-06-01 19:06:22,859 - INFO - [262144/436063]	Loss  : 1.2020
2024-06-01 19:06:53,872 - INFO - Test loss   : 0.7299
2024-06-01 19:06:53,872 - INFO - 
Epoch	73
2024-06-01 19:08:02,550 - INFO - [51200/436063]	Loss  : 1.1983
2024-06-01 19:09:09,681 - INFO - [102400/436063]	Loss  : 1.1999
2024-06-01 19:10:16,742 - INFO - [153600/436063]	Loss  : 1.2000
2024-06-01 19:11:23,843 - INFO - [204800/436063]	Loss  : 1.2014
2024-06-01 19:12:31,116 - INFO - [256000/436063]	Loss  : 1.2020
2024-06-01 19:12:38,713 - INFO - [262144/436063]	Loss  : 1.2017
2024-06-01 19:13:09,629 - INFO - Test loss   : 0.7256
2024-06-01 19:13:09,629 - INFO - 
Epoch	74
2024-06-01 19:14:18,234 - INFO - [51200/436063]	Loss  : 1.1996
2024-06-01 19:15:25,554 - INFO - [102400/436063]	Loss  : 1.1990
2024-06-01 19:16:32,931 - INFO - [153600/436063]	Loss  : 1.1991
2024-06-01 19:17:40,274 - INFO - [204800/436063]	Loss  : 1.2004
2024-06-01 19:18:47,589 - INFO - [256000/436063]	Loss  : 1.2007
2024-06-01 19:18:55,149 - INFO - [262144/436063]	Loss  : 1.2007
2024-06-01 19:19:25,997 - INFO - Test loss   : 0.7161
2024-06-01 19:19:25,997 - INFO - 
Epoch	75
2024-06-01 19:20:34,826 - INFO - [51200/436063]	Loss  : 1.2009
2024-06-01 19:21:42,181 - INFO - [102400/436063]	Loss  : 1.1992
2024-06-01 19:22:49,699 - INFO - [153600/436063]	Loss  : 1.1995
2024-06-01 19:23:57,101 - INFO - [204800/436063]	Loss  : 1.2002
2024-06-01 19:25:04,209 - INFO - [256000/436063]	Loss  : 1.2003
2024-06-01 19:25:11,705 - INFO - [262144/436063]	Loss  : 1.2003
2024-06-01 19:25:42,612 - INFO - Test loss   : 0.7270
2024-06-01 19:25:42,612 - INFO - 
Epoch	76
2024-06-01 19:26:51,429 - INFO - [51200/436063]	Loss  : 1.1969
2024-06-01 19:27:58,713 - INFO - [102400/436063]	Loss  : 1.1999
2024-06-01 19:29:06,089 - INFO - [153600/436063]	Loss  : 1.2001
2024-06-01 19:30:13,429 - INFO - [204800/436063]	Loss  : 1.2013
2024-06-01 19:31:20,653 - INFO - [256000/436063]	Loss  : 1.2016
2024-06-01 19:31:28,235 - INFO - [262144/436063]	Loss  : 1.2015
2024-06-01 19:31:59,268 - INFO - Test loss   : 0.7175
2024-06-01 19:31:59,268 - INFO - 
Epoch	77
2024-06-01 19:33:08,025 - INFO - [51200/436063]	Loss  : 1.2030
2024-06-01 19:34:15,440 - INFO - [102400/436063]	Loss  : 1.2003
2024-06-01 19:35:22,817 - INFO - [153600/436063]	Loss  : 1.2007
2024-06-01 19:36:30,223 - INFO - [204800/436063]	Loss  : 1.2005
2024-06-01 19:37:37,397 - INFO - [256000/436063]	Loss  : 1.2003
2024-06-01 19:37:45,018 - INFO - [262144/436063]	Loss  : 1.2003
2024-06-01 19:38:15,987 - INFO - Test loss   : 0.7343
2024-06-01 19:38:15,987 - INFO - 
Epoch	78
2024-06-01 19:39:24,790 - INFO - [51200/436063]	Loss  : 1.2002
2024-06-01 19:40:32,049 - INFO - [102400/436063]	Loss  : 1.2000
2024-06-01 19:41:39,545 - INFO - [153600/436063]	Loss  : 1.1997
2024-06-01 19:42:46,778 - INFO - [204800/436063]	Loss  : 1.1993
2024-06-01 19:43:54,014 - INFO - [256000/436063]	Loss  : 1.1996
2024-06-01 19:44:01,602 - INFO - [262144/436063]	Loss  : 1.1997
2024-06-01 19:44:32,572 - INFO - Test loss   : 0.7342
2024-06-01 19:44:32,573 - INFO - 
Epoch	79
2024-06-01 19:45:41,487 - INFO - [51200/436063]	Loss  : 1.1960
2024-06-01 19:46:48,841 - INFO - [102400/436063]	Loss  : 1.1970
2024-06-01 19:47:56,281 - INFO - [153600/436063]	Loss  : 1.1977
2024-06-01 19:49:03,544 - INFO - [204800/436063]	Loss  : 1.1979
2024-06-01 19:50:11,096 - INFO - [256000/436063]	Loss  : 1.1982
2024-06-01 19:50:18,587 - INFO - [262144/436063]	Loss  : 1.1982
2024-06-01 19:50:49,720 - INFO - Test loss   : 0.7307
2024-06-01 19:50:49,720 - INFO - 
Epoch	80
2024-06-01 19:51:58,629 - INFO - [51200/436063]	Loss  : 1.1995
2024-06-01 19:53:05,846 - INFO - [102400/436063]	Loss  : 1.1981
2024-06-01 19:54:13,004 - INFO - [153600/436063]	Loss  : 1.1983
2024-06-01 19:55:19,885 - INFO - [204800/436063]	Loss  : 1.1987
2024-06-01 19:56:26,956 - INFO - [256000/436063]	Loss  : 1.1983
2024-06-01 19:56:34,539 - INFO - [262144/436063]	Loss  : 1.1983
2024-06-01 19:57:05,542 - INFO - Test loss   : 0.7159
2024-06-01 19:57:05,542 - INFO - 
Epoch	81
2024-06-01 19:58:14,211 - INFO - [51200/436063]	Loss  : 1.1994
2024-06-01 19:59:21,436 - INFO - [102400/436063]	Loss  : 1.1984
2024-06-01 20:00:28,714 - INFO - [153600/436063]	Loss  : 1.1983
2024-06-01 20:01:35,781 - INFO - [204800/436063]	Loss  : 1.1976
2024-06-01 20:02:42,815 - INFO - [256000/436063]	Loss  : 1.1978
2024-06-01 20:02:50,394 - INFO - [262144/436063]	Loss  : 1.1977
2024-06-01 20:03:21,374 - INFO - Test loss   : 0.7262
2024-06-01 20:03:21,374 - INFO - 
Epoch	82
2024-06-01 20:04:30,606 - INFO - [51200/436063]	Loss  : 1.1959
2024-06-01 20:05:43,016 - INFO - [102400/436063]	Loss  : 1.1968
2024-06-01 20:06:58,716 - INFO - [153600/436063]	Loss  : 1.1965
2024-06-01 20:08:06,351 - INFO - [204800/436063]	Loss  : 1.1970
2024-06-01 20:09:13,462 - INFO - [256000/436063]	Loss  : 1.1968
2024-06-01 20:09:21,015 - INFO - [262144/436063]	Loss  : 1.1968
2024-06-01 20:09:51,946 - INFO - Test loss   : 0.7262
2024-06-01 20:09:51,946 - INFO - 
Epoch	83
2024-06-01 20:11:00,550 - INFO - [51200/436063]	Loss  : 1.1937
2024-06-01 20:12:07,696 - INFO - [102400/436063]	Loss  : 1.1954
2024-06-01 20:13:14,720 - INFO - [153600/436063]	Loss  : 1.1964
2024-06-01 20:14:21,915 - INFO - [204800/436063]	Loss  : 1.1961
2024-06-01 20:15:29,126 - INFO - [256000/436063]	Loss  : 1.1962
2024-06-01 20:15:36,699 - INFO - [262144/436063]	Loss  : 1.1962
2024-06-01 20:16:07,698 - INFO - Test loss   : 0.7160
2024-06-01 20:16:07,698 - INFO - 
Epoch	84
2024-06-01 20:17:16,269 - INFO - [51200/436063]	Loss  : 1.1975
2024-06-01 20:18:23,235 - INFO - [102400/436063]	Loss  : 1.1962
2024-06-01 20:19:30,480 - INFO - [153600/436063]	Loss  : 1.1967
2024-06-01 20:20:37,666 - INFO - [204800/436063]	Loss  : 1.1963
2024-06-01 20:21:44,888 - INFO - [256000/436063]	Loss  : 1.1967
2024-06-01 20:21:52,460 - INFO - [262144/436063]	Loss  : 1.1968
2024-06-01 20:22:23,454 - INFO - Test loss   : 0.7228
2024-06-01 20:22:23,454 - INFO - 
Epoch	85
2024-06-01 20:23:32,173 - INFO - [51200/436063]	Loss  : 1.1959
2024-06-01 20:24:38,966 - INFO - [102400/436063]	Loss  : 1.1958
2024-06-01 20:25:45,954 - INFO - [153600/436063]	Loss  : 1.1956
2024-06-01 20:26:53,170 - INFO - [204800/436063]	Loss  : 1.1966
2024-06-01 20:28:00,410 - INFO - [256000/436063]	Loss  : 1.1964
2024-06-01 20:28:07,946 - INFO - [262144/436063]	Loss  : 1.1965
2024-06-01 20:28:38,998 - INFO - Test loss   : 0.7253
2024-06-01 20:28:38,998 - INFO - 
Epoch	86
2024-06-01 20:29:47,673 - INFO - [51200/436063]	Loss  : 1.1960
2024-06-01 20:30:54,591 - INFO - [102400/436063]	Loss  : 1.1948
2024-06-01 20:32:01,549 - INFO - [153600/436063]	Loss  : 1.1949
2024-06-01 20:33:08,706 - INFO - [204800/436063]	Loss  : 1.1955
2024-06-01 20:34:15,909 - INFO - [256000/436063]	Loss  : 1.1959
2024-06-01 20:34:23,461 - INFO - [262144/436063]	Loss  : 1.1960
2024-06-01 20:34:54,479 - INFO - Test loss   : 0.7281
2024-06-01 20:34:54,479 - INFO - 
Epoch	87
2024-06-01 20:36:03,025 - INFO - [51200/436063]	Loss  : 1.1953
2024-06-01 20:37:10,836 - INFO - [102400/436063]	Loss  : 1.1966
2024-06-01 20:38:19,532 - INFO - [153600/436063]	Loss  : 1.1962
2024-06-01 20:39:27,626 - INFO - [204800/436063]	Loss  : 1.1950
2024-06-01 20:40:36,048 - INFO - [256000/436063]	Loss  : 1.1957
2024-06-01 20:40:43,618 - INFO - [262144/436063]	Loss  : 1.1956
2024-06-01 20:41:14,624 - INFO - Test loss   : 0.7257
2024-06-01 20:41:14,624 - INFO - 
Epoch	88
2024-06-01 20:42:23,830 - INFO - [51200/436063]	Loss  : 1.1946
2024-06-01 20:43:31,821 - INFO - [102400/436063]	Loss  : 1.1950
2024-06-01 20:44:39,381 - INFO - [153600/436063]	Loss  : 1.1945
2024-06-01 20:45:47,876 - INFO - [204800/436063]	Loss  : 1.1959
2024-06-01 20:46:54,969 - INFO - [256000/436063]	Loss  : 1.1950
2024-06-01 20:47:02,530 - INFO - [262144/436063]	Loss  : 1.1948
2024-06-01 20:47:33,476 - INFO - Test loss   : 0.7155
2024-06-01 20:47:33,476 - INFO - 
Epoch	89
2024-06-01 20:48:41,946 - INFO - [51200/436063]	Loss  : 1.1970
2024-06-01 20:49:49,100 - INFO - [102400/436063]	Loss  : 1.1944
2024-06-01 20:50:56,305 - INFO - [153600/436063]	Loss  : 1.1948
2024-06-01 20:52:03,981 - INFO - [204800/436063]	Loss  : 1.1951
2024-06-01 20:53:12,082 - INFO - [256000/436063]	Loss  : 1.1955
2024-06-01 20:53:19,640 - INFO - [262144/436063]	Loss  : 1.1954
2024-06-01 20:53:50,372 - INFO - Test loss   : 0.7246
2024-06-01 20:53:50,373 - INFO - 
Epoch	90
2024-06-01 20:54:59,256 - INFO - [51200/436063]	Loss  : 1.1953
2024-06-01 20:56:06,361 - INFO - [102400/436063]	Loss  : 1.1931
2024-06-01 20:57:13,699 - INFO - [153600/436063]	Loss  : 1.1931
2024-06-01 20:58:20,901 - INFO - [204800/436063]	Loss  : 1.1940
2024-06-01 20:59:28,067 - INFO - [256000/436063]	Loss  : 1.1945
2024-06-01 20:59:35,597 - INFO - [262144/436063]	Loss  : 1.1944
2024-06-01 21:00:06,472 - INFO - Test loss   : 0.7200
2024-06-01 21:00:06,472 - INFO - 
Epoch	91
2024-06-01 21:01:15,087 - INFO - [51200/436063]	Loss  : 1.1905
2024-06-01 21:02:22,149 - INFO - [102400/436063]	Loss  : 1.1927
2024-06-01 21:03:29,341 - INFO - [153600/436063]	Loss  : 1.1937
2024-06-01 21:04:37,582 - INFO - [204800/436063]	Loss  : 1.1938
2024-06-01 21:05:44,618 - INFO - [256000/436063]	Loss  : 1.1939
2024-06-01 21:05:52,159 - INFO - [262144/436063]	Loss  : 1.1939
2024-06-01 21:06:23,200 - INFO - Test loss   : 0.7292
2024-06-01 21:06:23,200 - INFO - 
Epoch	92
2024-06-01 21:07:31,765 - INFO - [51200/436063]	Loss  : 1.1937
2024-06-01 21:08:38,892 - INFO - [102400/436063]	Loss  : 1.1953
2024-06-01 21:09:45,974 - INFO - [153600/436063]	Loss  : 1.1945
2024-06-01 21:10:53,198 - INFO - [204800/436063]	Loss  : 1.1944
2024-06-01 21:12:00,090 - INFO - [256000/436063]	Loss  : 1.1941
2024-06-01 21:12:07,667 - INFO - [262144/436063]	Loss  : 1.1939
2024-06-01 21:12:38,676 - INFO - Test loss   : 0.7306
2024-06-01 21:12:38,676 - INFO - 
Epoch	93
2024-06-01 21:13:47,245 - INFO - [51200/436063]	Loss  : 1.1947
2024-06-01 21:14:54,463 - INFO - [102400/436063]	Loss  : 1.1934
2024-06-01 21:16:01,684 - INFO - [153600/436063]	Loss  : 1.1918
2024-06-01 21:17:12,161 - INFO - [204800/436063]	Loss  : 1.1918
2024-06-01 21:18:19,220 - INFO - [256000/436063]	Loss  : 1.1926
2024-06-01 21:18:26,790 - INFO - [262144/436063]	Loss  : 1.1927
2024-06-01 21:18:57,714 - INFO - Test loss   : 0.7350
2024-06-01 21:18:57,715 - INFO - 
Epoch	94
2024-06-01 21:20:07,007 - INFO - [51200/436063]	Loss  : 1.1941
2024-06-01 21:21:18,100 - INFO - [102400/436063]	Loss  : 1.1943
2024-06-01 21:22:29,310 - INFO - [153600/436063]	Loss  : 1.1941
2024-06-01 21:23:40,254 - INFO - [204800/436063]	Loss  : 1.1938
2024-06-01 21:24:45,367 - INFO - [256000/436063]	Loss  : 1.1935
2024-06-01 21:24:51,934 - INFO - [262144/436063]	Loss  : 1.1934
2024-06-01 21:25:18,388 - INFO - Test loss   : 0.7271
2024-06-01 21:25:18,389 - INFO - 
Epoch	95
2024-06-01 21:26:17,482 - INFO - [51200/436063]	Loss  : 1.1928
2024-06-01 21:27:15,265 - INFO - [102400/436063]	Loss  : 1.1925
2024-06-01 21:28:13,136 - INFO - [153600/436063]	Loss  : 1.1935
2024-06-01 21:29:10,935 - INFO - [204800/436063]	Loss  : 1.1934
2024-06-01 21:30:08,645 - INFO - [256000/436063]	Loss  : 1.1931
2024-06-01 21:30:15,130 - INFO - [262144/436063]	Loss  : 1.1929
2024-06-01 21:30:41,544 - INFO - Test loss   : 0.7294
2024-06-01 21:30:41,545 - INFO - 
Epoch	96
2024-06-01 21:31:37,169 - INFO - [51200/436063]	Loss  : 1.1890
2024-06-01 21:32:31,568 - INFO - [102400/436063]	Loss  : 1.1895
2024-06-01 21:33:25,994 - INFO - [153600/436063]	Loss  : 1.1915
2024-06-01 21:34:12,411 - INFO - [204800/436063]	Loss  : 1.1917
2024-06-01 21:34:55,394 - INFO - [256000/436063]	Loss  : 1.1921
2024-06-01 21:35:00,065 - INFO - [262144/436063]	Loss  : 1.1923
2024-06-01 21:35:18,722 - INFO - Test loss   : 0.7217
2024-06-01 21:35:18,722 - INFO - 
Epoch	97
2024-06-01 21:36:00,980 - INFO - [51200/436063]	Loss  : 1.1926
2024-06-01 21:36:42,239 - INFO - [102400/436063]	Loss  : 1.1917
2024-06-01 21:37:23,496 - INFO - [153600/436063]	Loss  : 1.1922
2024-06-01 21:38:04,864 - INFO - [204800/436063]	Loss  : 1.1917
2024-06-01 21:38:45,995 - INFO - [256000/436063]	Loss  : 1.1915
2024-06-01 21:38:50,677 - INFO - [262144/436063]	Loss  : 1.1915
2024-06-01 21:39:09,443 - INFO - Test loss   : 0.7272
2024-06-01 21:39:09,443 - INFO - 
Epoch	98
2024-06-01 21:39:51,678 - INFO - [51200/436063]	Loss  : 1.1907
2024-06-01 21:40:32,923 - INFO - [102400/436063]	Loss  : 1.1915
2024-06-01 21:41:14,441 - INFO - [153600/436063]	Loss  : 1.1913
2024-06-01 21:41:55,803 - INFO - [204800/436063]	Loss  : 1.1911
2024-06-01 21:42:37,168 - INFO - [256000/436063]	Loss  : 1.1916
2024-06-01 21:42:41,849 - INFO - [262144/436063]	Loss  : 1.1916
2024-06-01 21:43:00,505 - INFO - Test loss   : 0.7282
2024-06-01 21:43:00,505 - INFO - 
Epoch	99
2024-06-01 21:43:42,711 - INFO - [51200/436063]	Loss  : 1.1919
2024-06-01 21:44:24,117 - INFO - [102400/436063]	Loss  : 1.1928
2024-06-01 21:45:05,411 - INFO - [153600/436063]	Loss  : 1.1918
2024-06-01 21:45:46,858 - INFO - [204800/436063]	Loss  : 1.1914
2024-06-01 21:46:28,232 - INFO - [256000/436063]	Loss  : 1.1912
2024-06-01 21:46:32,892 - INFO - [262144/436063]	Loss  : 1.1912
2024-06-01 21:46:51,678 - INFO - Test loss   : 0.7250
2024-06-01 21:46:51,678 - INFO - Saving output model to ../models/rbf/model_inat_2018_rbf_0.0100_64_0.0010000_1_512_500_2.0.pth.tar
2024-06-01 21:46:52,103 - INFO - Saving output model to ../models/rbf/model_inat_2018_rbf_0.0100_64_0.0010000_1_512_500_2.0.pth.tar
2024-06-01 21:46:52,604 - INFO - 
No prior
2024-06-01 21:46:52,834 - INFO - (24426,)
2024-06-01 21:47:10,237 - INFO - Save results to ../eval_results/eval_inat_2018__val_no_prior.csv
2024-06-01 21:47:10,237 - INFO -  Split ID: 0
2024-06-01 21:47:10,237 - INFO -  Top 1	acc (%):   60.2
2024-06-01 21:47:10,237 - INFO -  Top 3	acc (%):   77.9
2024-06-01 21:47:10,237 - INFO -  Top 5	acc (%):   83.29
2024-06-01 21:47:10,237 - INFO -  Top 10	acc (%):   88.5
2024-06-01 21:47:41,959 - INFO -  Split ID: 0
2024-06-01 21:47:41,959 - INFO -  Top 1	hit (%):   63.89
2024-06-01 21:47:41,959 - INFO -  Top 3	hit (%):   80.73
2024-06-01 21:47:41,959 - INFO -  Top 5	hit (%):   85.45
2024-06-01 21:47:41,959 - INFO -  Top 10	hit (%):   90.09
2024-06-01 21:47:41,965 - INFO - 
Only rbf
2024-06-01 21:47:41,965 - INFO -  Model :	model_inat_2018_rbf_0.0100_64_0.0010000_1_512_500_2.0.pth.tar
2024-06-01 21:47:43,255 - INFO - (24343,)
2024-06-01 21:48:00,144 - INFO -  Split ID: 0
2024-06-01 21:48:00,152 - INFO -  Top 1	LocEnc acc (%):   0.16
2024-06-01 21:48:00,153 - INFO -  Top 3	LocEnc acc (%):   0.44
2024-06-01 21:48:00,154 - INFO -  Top 5	LocEnc acc (%):   0.74
2024-06-01 21:48:00,155 - INFO -  Top 10	LocEnc acc (%):   1.36
