2024-05-19 15:31:34,738 - INFO - 
num_classes	500
2024-05-19 15:31:34,738 - INFO - num train    	19133
2024-05-19 15:31:34,738 - INFO - num val      	443
2024-05-19 15:31:34,738 - INFO - train loss   	full_loss
2024-05-19 15:31:34,738 - INFO - model name   	../models/rbf/model_birdsnap_orig_meta_rbf_inception_v3_0.0005_64_0.0005000_1_512_200_2.0.pth.tar
2024-05-19 15:31:34,738 - INFO - num users    	2872
2024-05-19 15:31:34,738 - INFO - meta data    	orig_meta
2024-05-19 15:31:34,912 - INFO - 
Epoch	0
2024-05-19 15:31:48,465 - INFO - [18432/19133]	Loss  : 2.0704
2024-05-19 15:31:48,769 - INFO - Test loss   : 0.9152
2024-05-19 15:31:48,770 - INFO - 
Epoch	1
2024-05-19 15:32:01,949 - INFO - [18432/19133]	Loss  : 1.8201
2024-05-19 15:32:02,266 - INFO - Test loss   : 1.1615
2024-05-19 15:32:02,266 - INFO - 
Epoch	2
2024-05-19 15:32:16,255 - INFO - [18432/19133]	Loss  : 1.6670
2024-05-19 15:32:16,575 - INFO - Test loss   : 1.0065
2024-05-19 15:32:16,575 - INFO - 
Epoch	3
2024-05-19 15:32:30,264 - INFO - [18432/19133]	Loss  : 1.5736
2024-05-19 15:32:30,579 - INFO - Test loss   : 0.9322
2024-05-19 15:32:30,579 - INFO - 
Epoch	4
2024-05-19 15:32:44,476 - INFO - [18432/19133]	Loss  : 1.5049
2024-05-19 15:32:44,783 - INFO - Test loss   : 0.8897
2024-05-19 15:32:44,784 - INFO - 
Epoch	5
2024-05-19 15:32:58,124 - INFO - [18432/19133]	Loss  : 1.4511
2024-05-19 15:32:58,428 - INFO - Test loss   : 0.8529
2024-05-19 15:32:58,428 - INFO - 
Epoch	6
2024-05-19 15:33:12,317 - INFO - [18432/19133]	Loss  : 1.3975
2024-05-19 15:33:12,640 - INFO - Test loss   : 0.8277
2024-05-19 15:33:12,640 - INFO - 
Epoch	7
2024-05-19 15:33:26,001 - INFO - [18432/19133]	Loss  : 1.3633
2024-05-19 15:33:26,306 - INFO - Test loss   : 0.8110
2024-05-19 15:33:26,306 - INFO - 
Epoch	8
2024-05-19 15:33:40,234 - INFO - [18432/19133]	Loss  : 1.3323
2024-05-19 15:33:40,548 - INFO - Test loss   : 0.7866
2024-05-19 15:33:40,548 - INFO - 
Epoch	9
2024-05-19 15:33:54,224 - INFO - [18432/19133]	Loss  : 1.2983
2024-05-19 15:33:54,531 - INFO - Test loss   : 0.7706
2024-05-19 15:33:54,532 - INFO - 
Epoch	10
2024-05-19 15:34:08,071 - INFO - [18432/19133]	Loss  : 1.2684
2024-05-19 15:34:08,397 - INFO - Test loss   : 0.7662
2024-05-19 15:34:08,407 - INFO - (443,)
2024-05-19 15:34:08,422 - INFO -  Split ID: 0
2024-05-19 15:34:08,422 - INFO -  Top 1	LocEnc (Epoch 10)acc (%):   1.81
2024-05-19 15:34:08,422 - INFO -  Top 3	LocEnc (Epoch 10)acc (%):   4.51
2024-05-19 15:34:08,422 - INFO -  Top 5	LocEnc (Epoch 10)acc (%):   8.58
2024-05-19 15:34:08,422 - INFO -  Top 10	LocEnc (Epoch 10)acc (%):   15.35
2024-05-19 15:34:08,422 - INFO - 
No prior
2024-05-19 15:34:08,423 - INFO - (2262,)
2024-05-19 15:34:08,474 - INFO -  Split ID: 0
2024-05-19 15:34:08,474 - INFO -  Top 1	(Epoch 10)acc (%):   70.07
2024-05-19 15:34:08,474 - INFO -  Top 3	(Epoch 10)acc (%):   86.6
2024-05-19 15:34:08,474 - INFO -  Top 5	(Epoch 10)acc (%):   90.05
2024-05-19 15:34:08,474 - INFO -  Top 10	(Epoch 10)acc (%):   92.88
2024-05-19 15:34:09,597 - INFO -  Split ID: 0
2024-05-19 15:34:09,597 - INFO -  Top 1	(Epoch 10)acc (%):   71.57
2024-05-19 15:34:09,597 - INFO -  Top 3	(Epoch 10)acc (%):   86.74
2024-05-19 15:34:09,597 - INFO -  Top 5	(Epoch 10)acc (%):   90.01
2024-05-19 15:34:09,597 - INFO -  Top 10	(Epoch 10)acc (%):   93.28
2024-05-19 15:34:09,597 - INFO - 
Epoch	11
2024-05-19 15:34:23,350 - INFO - [18432/19133]	Loss  : 1.2494
2024-05-19 15:34:23,657 - INFO - Test loss   : 0.7421
2024-05-19 15:34:23,657 - INFO - 
Epoch	12
2024-05-19 15:34:37,311 - INFO - [18432/19133]	Loss  : 1.2245
2024-05-19 15:34:37,638 - INFO - Test loss   : 0.7433
2024-05-19 15:34:37,638 - INFO - 
Epoch	13
2024-05-19 15:34:51,425 - INFO - [18432/19133]	Loss  : 1.2076
2024-05-19 15:34:51,752 - INFO - Test loss   : 0.7311
2024-05-19 15:34:51,752 - INFO - 
Epoch	14
2024-05-19 15:35:05,435 - INFO - [18432/19133]	Loss  : 1.1935
2024-05-19 15:35:05,759 - INFO - Test loss   : 0.7135
2024-05-19 15:35:05,759 - INFO - 
Epoch	15
2024-05-19 15:35:18,393 - INFO - [18432/19133]	Loss  : 1.1831
2024-05-19 15:35:18,758 - INFO - Test loss   : 0.7068
2024-05-19 15:35:18,758 - INFO - 
Epoch	16
2024-05-19 15:35:32,675 - INFO - [18432/19133]	Loss  : 1.1683
2024-05-19 15:35:32,990 - INFO - Test loss   : 0.7004
2024-05-19 15:35:32,990 - INFO - 
Epoch	17
2024-05-19 15:35:46,285 - INFO - [18432/19133]	Loss  : 1.1521
2024-05-19 15:35:46,588 - INFO - Test loss   : 0.6941
2024-05-19 15:35:46,588 - INFO - 
Epoch	18
2024-05-19 15:36:00,416 - INFO - [18432/19133]	Loss  : 1.1467
2024-05-19 15:36:00,721 - INFO - Test loss   : 0.6875
2024-05-19 15:36:00,721 - INFO - 
Epoch	19
2024-05-19 15:36:14,037 - INFO - [18432/19133]	Loss  : 1.1341
2024-05-19 15:36:14,341 - INFO - Test loss   : 0.6863
2024-05-19 15:36:14,341 - INFO - 
Epoch	20
2024-05-19 15:36:28,315 - INFO - [18432/19133]	Loss  : 1.1243
2024-05-19 15:36:28,444 - INFO - Test loss   : 0.6808
2024-05-19 15:36:28,451 - INFO - (443,)
2024-05-19 15:36:28,466 - INFO -  Split ID: 0
2024-05-19 15:36:28,467 - INFO -  Top 1	LocEnc (Epoch 20)acc (%):   2.48
2024-05-19 15:36:28,467 - INFO -  Top 3	LocEnc (Epoch 20)acc (%):   5.87
2024-05-19 15:36:28,467 - INFO -  Top 5	LocEnc (Epoch 20)acc (%):   9.48
2024-05-19 15:36:28,467 - INFO -  Top 10	LocEnc (Epoch 20)acc (%):   16.03
2024-05-19 15:36:28,467 - INFO - 
No prior
2024-05-19 15:36:28,468 - INFO - (2262,)
2024-05-19 15:36:28,516 - INFO -  Split ID: 0
2024-05-19 15:36:28,517 - INFO -  Top 1	(Epoch 20)acc (%):   70.07
2024-05-19 15:36:28,517 - INFO -  Top 3	(Epoch 20)acc (%):   86.6
2024-05-19 15:36:28,517 - INFO -  Top 5	(Epoch 20)acc (%):   90.05
2024-05-19 15:36:28,517 - INFO -  Top 10	(Epoch 20)acc (%):   92.88
2024-05-19 15:36:29,645 - INFO -  Split ID: 0
2024-05-19 15:36:29,645 - INFO -  Top 1	(Epoch 20)acc (%):   71.57
2024-05-19 15:36:29,646 - INFO -  Top 3	(Epoch 20)acc (%):   86.87
2024-05-19 15:36:29,646 - INFO -  Top 5	(Epoch 20)acc (%):   90.1
2024-05-19 15:36:29,646 - INFO -  Top 10	(Epoch 20)acc (%):   93.28
2024-05-19 15:36:29,646 - INFO - 
Epoch	21
2024-05-19 15:36:43,686 - INFO - [18432/19133]	Loss  : 1.1178
2024-05-19 15:36:44,018 - INFO - Test loss   : 0.6691
2024-05-19 15:36:44,018 - INFO - 
Epoch	22
2024-05-19 15:36:57,412 - INFO - [18432/19133]	Loss  : 1.1131
2024-05-19 15:36:57,719 - INFO - Test loss   : 0.6769
2024-05-19 15:36:57,719 - INFO - 
Epoch	23
2024-05-19 15:37:10,337 - INFO - [18432/19133]	Loss  : 1.1050
2024-05-19 15:37:10,639 - INFO - Test loss   : 0.6746
2024-05-19 15:37:10,639 - INFO - 
Epoch	24
2024-05-19 15:37:24,572 - INFO - [18432/19133]	Loss  : 1.0996
2024-05-19 15:37:24,888 - INFO - Test loss   : 0.6666
2024-05-19 15:37:24,888 - INFO - 
Epoch	25
2024-05-19 15:37:38,668 - INFO - [18432/19133]	Loss  : 1.0919
2024-05-19 15:37:38,982 - INFO - Test loss   : 0.6822
2024-05-19 15:37:38,982 - INFO - 
Epoch	26
2024-05-19 15:37:51,794 - INFO - [18432/19133]	Loss  : 1.0833
2024-05-19 15:37:52,121 - INFO - Test loss   : 0.6663
2024-05-19 15:37:52,121 - INFO - 
Epoch	27
2024-05-19 15:38:05,644 - INFO - [18432/19133]	Loss  : 1.0807
2024-05-19 15:38:05,959 - INFO - Test loss   : 0.6541
2024-05-19 15:38:05,959 - INFO - 
Epoch	28
2024-05-19 15:38:19,977 - INFO - [18432/19133]	Loss  : 1.0747
2024-05-19 15:38:20,287 - INFO - Test loss   : 0.6685
2024-05-19 15:38:20,287 - INFO - 
Epoch	29
2024-05-19 15:38:33,889 - INFO - [18432/19133]	Loss  : 1.0721
2024-05-19 15:38:34,210 - INFO - Test loss   : 0.6746
2024-05-19 15:38:34,210 - INFO - Saving output model to ../models/rbf/model_birdsnap_orig_meta_rbf_inception_v3_0.0005_64_0.0005000_1_512_200_2.0.pth.tar
2024-05-19 15:38:34,223 - INFO - Saving output model to ../models/rbf/model_birdsnap_orig_meta_rbf_inception_v3_0.0005_64_0.0005000_1_512_200_2.0.pth.tar
2024-05-19 15:38:34,249 - INFO - 
No prior
2024-05-19 15:38:34,250 - INFO - (2262,)
2024-05-19 15:38:34,298 - INFO -  Split ID: 0
2024-05-19 15:38:34,298 - INFO -  Top 1	acc (%):   70.07
2024-05-19 15:38:34,298 - INFO -  Top 3	acc (%):   86.6
2024-05-19 15:38:34,298 - INFO -  Top 5	acc (%):   90.05
2024-05-19 15:38:34,298 - INFO -  Top 10	acc (%):   92.88
2024-05-19 15:38:35,409 - INFO -  Split ID: 0
2024-05-19 15:38:35,409 - INFO -  Top 1	acc (%):   71.79
2024-05-19 15:38:35,409 - INFO -  Top 3	acc (%):   86.91
2024-05-19 15:38:35,409 - INFO -  Top 5	acc (%):   90.14
2024-05-19 15:38:35,409 - INFO -  Top 10	acc (%):   93.24
2024-05-19 15:38:35,409 - INFO - 
rbf
2024-05-19 15:38:35,409 - INFO -  Model :	model_birdsnap_orig_meta_rbf_inception_v3_0.0005_64_0.0005000_1_512_200_2.0.pth.tar
2024-05-19 15:38:35,426 - INFO - (443,)
2024-05-19 15:38:35,440 - INFO -  Split ID: 0
2024-05-19 15:38:35,441 - INFO -  Top 1	LocEnc acc (%):   2.26
2024-05-19 15:38:35,441 - INFO -  Top 3	LocEnc acc (%):   6.55
2024-05-19 15:38:35,441 - INFO -  Top 5	LocEnc acc (%):   9.48
2024-05-19 15:38:35,441 - INFO -  Top 10	LocEnc acc (%):   16.7
