2024-05-19 22:04:40,899 - INFO - 
num_classes	100
2024-05-19 22:04:40,899 - INFO - num train    	66739
2024-05-19 22:04:40,899 - INFO - num val      	4449
2024-05-19 22:04:40,899 - INFO - train loss   	full_loss
2024-05-19 22:04:40,899 - INFO - model name   	../models/rbf/model_yfcc_rbf_inception_v3_0.0010_64_0.0005000_1_512_200_2.0.pth.tar
2024-05-19 22:04:40,899 - INFO - num users    	1
2024-05-19 22:04:41,070 - INFO - 
Epoch	0
2024-05-19 22:05:01,409 - INFO - [51200/66739]	Loss  : 1.4881
2024-05-19 22:05:06,301 - INFO - [66560/66739]	Loss  : 1.4424
2024-05-19 22:05:08,084 - INFO - Test loss   : 0.6311
2024-05-19 22:05:08,084 - INFO - 
Epoch	1
2024-05-19 22:05:28,894 - INFO - [51200/66739]	Loss  : 1.2424
2024-05-19 22:05:34,459 - INFO - [66560/66739]	Loss  : 1.2376
2024-05-19 22:05:35,758 - INFO - Test loss   : 0.5950
2024-05-19 22:05:35,758 - INFO - 
Epoch	2
2024-05-19 22:05:58,318 - INFO - [51200/66739]	Loss  : 1.2039
2024-05-19 22:06:03,672 - INFO - [66560/66739]	Loss  : 1.2021
2024-05-19 22:06:05,162 - INFO - Test loss   : 0.5926
2024-05-19 22:06:05,162 - INFO - 
Epoch	3
2024-05-19 22:06:26,153 - INFO - [51200/66739]	Loss  : 1.1874
2024-05-19 22:06:31,930 - INFO - [66560/66739]	Loss  : 1.1867
2024-05-19 22:06:33,448 - INFO - Test loss   : 0.5888
2024-05-19 22:06:33,448 - INFO - 
Epoch	4
2024-05-19 22:06:52,865 - INFO - [51200/66739]	Loss  : 1.1747
2024-05-19 22:06:59,114 - INFO - [66560/66739]	Loss  : 1.1727
2024-05-19 22:07:00,676 - INFO - Test loss   : 0.5840
2024-05-19 22:07:00,676 - INFO - 
Epoch	5
2024-05-19 22:07:19,338 - INFO - [51200/66739]	Loss  : 1.1646
2024-05-19 22:07:24,884 - INFO - [66560/66739]	Loss  : 1.1648
2024-05-19 22:07:26,420 - INFO - Test loss   : 0.5762
2024-05-19 22:07:26,420 - INFO - 
Epoch	6
2024-05-19 22:07:46,691 - INFO - [51200/66739]	Loss  : 1.1564
2024-05-19 22:07:52,078 - INFO - [66560/66739]	Loss  : 1.1553
2024-05-19 22:07:53,492 - INFO - Test loss   : 0.5719
2024-05-19 22:07:53,492 - INFO - 
Epoch	7
2024-05-19 22:08:12,403 - INFO - [51200/66739]	Loss  : 1.1484
2024-05-19 22:08:18,616 - INFO - [66560/66739]	Loss  : 1.1494
2024-05-19 22:08:20,144 - INFO - Test loss   : 0.5619
2024-05-19 22:08:20,145 - INFO - 
Epoch	8
2024-05-19 22:08:38,437 - INFO - [51200/66739]	Loss  : 1.1425
2024-05-19 22:08:44,539 - INFO - [66560/66739]	Loss  : 1.1423
2024-05-19 22:08:45,803 - INFO - Test loss   : 0.5699
2024-05-19 22:08:45,803 - INFO - 
Epoch	9
2024-05-19 22:09:07,162 - INFO - [51200/66739]	Loss  : 1.1366
2024-05-19 22:09:12,806 - INFO - [66560/66739]	Loss  : 1.1364
2024-05-19 22:09:14,292 - INFO - Test loss   : 0.5721
2024-05-19 22:09:14,292 - INFO - 
Epoch	10
2024-05-19 22:09:34,057 - INFO - [51200/66739]	Loss  : 1.1305
2024-05-19 22:09:39,608 - INFO - [66560/66739]	Loss  : 1.1319
2024-05-19 22:09:41,139 - INFO - Test loss   : 0.5617
2024-05-19 22:09:41,203 - INFO - (4449,)
2024-05-19 22:09:41,225 - INFO -  Split ID: 0
2024-05-19 22:09:41,226 - INFO -  Top 1	LocEnc (Epoch 10)acc (%):   8.9
2024-05-19 22:09:41,226 - INFO -  Top 3	LocEnc (Epoch 10)acc (%):   19.55
2024-05-19 22:09:41,227 - INFO -  Top 5	LocEnc (Epoch 10)acc (%):   26.9
2024-05-19 22:09:41,227 - INFO -  Top 10	LocEnc (Epoch 10)acc (%):   40.37
2024-05-19 22:09:41,227 - INFO - 
No prior
2024-05-19 22:09:41,229 - INFO - (17798,)
2024-05-19 22:09:41,321 - INFO -  Split ID: 0
2024-05-19 22:09:41,321 - INFO -  Top 1	(Epoch 10)acc (%):   50.15
2024-05-19 22:09:41,321 - INFO -  Top 3	(Epoch 10)acc (%):   73.9
2024-05-19 22:09:41,321 - INFO -  Top 5	(Epoch 10)acc (%):   82.45
2024-05-19 22:09:41,321 - INFO -  Top 10	(Epoch 10)acc (%):   91.06
2024-05-19 22:09:52,859 - INFO -  Split ID: 0
2024-05-19 22:09:52,859 - INFO -  Top 1	(Epoch 10)acc (%):   50.94
2024-05-19 22:09:52,859 - INFO -  Top 3	(Epoch 10)acc (%):   74.89
2024-05-19 22:09:52,859 - INFO -  Top 5	(Epoch 10)acc (%):   83.58
2024-05-19 22:09:52,859 - INFO -  Top 10	(Epoch 10)acc (%):   91.94
2024-05-19 22:09:52,859 - INFO - 
Epoch	11
2024-05-19 22:10:12,878 - INFO - [51200/66739]	Loss  : 1.1268
2024-05-19 22:10:19,235 - INFO - [66560/66739]	Loss  : 1.1274
2024-05-19 22:10:20,661 - INFO - Test loss   : 0.5697
2024-05-19 22:10:20,661 - INFO - 
Epoch	12
2024-05-19 22:10:41,445 - INFO - [51200/66739]	Loss  : 1.1237
2024-05-19 22:10:47,052 - INFO - [66560/66739]	Loss  : 1.1238
2024-05-19 22:10:48,515 - INFO - Test loss   : 0.5609
2024-05-19 22:10:48,515 - INFO - 
Epoch	13
2024-05-19 22:11:07,903 - INFO - [51200/66739]	Loss  : 1.1205
2024-05-19 22:11:14,226 - INFO - [66560/66739]	Loss  : 1.1217
2024-05-19 22:11:15,692 - INFO - Test loss   : 0.5637
2024-05-19 22:11:15,692 - INFO - 
Epoch	14
2024-05-19 22:11:35,431 - INFO - [51200/66739]	Loss  : 1.1173
2024-05-19 22:11:41,419 - INFO - [66560/66739]	Loss  : 1.1171
2024-05-19 22:11:42,856 - INFO - Test loss   : 0.5646
2024-05-19 22:11:42,856 - INFO - 
Epoch	15
2024-05-19 22:12:02,746 - INFO - [51200/66739]	Loss  : 1.1123
2024-05-19 22:12:08,564 - INFO - [66560/66739]	Loss  : 1.1132
2024-05-19 22:12:10,103 - INFO - Test loss   : 0.5659
2024-05-19 22:12:10,103 - INFO - 
Epoch	16
2024-05-19 22:12:30,610 - INFO - [51200/66739]	Loss  : 1.1121
2024-05-19 22:12:37,342 - INFO - [66560/66739]	Loss  : 1.1116
2024-05-19 22:12:38,814 - INFO - Test loss   : 0.5652
2024-05-19 22:12:38,814 - INFO - 
Epoch	17
2024-05-19 22:12:58,847 - INFO - [51200/66739]	Loss  : 1.1090
2024-05-19 22:13:04,948 - INFO - [66560/66739]	Loss  : 1.1083
2024-05-19 22:13:06,409 - INFO - Test loss   : 0.5665
2024-05-19 22:13:06,410 - INFO - 
Epoch	18
2024-05-19 22:13:27,764 - INFO - [51200/66739]	Loss  : 1.1070
2024-05-19 22:13:34,248 - INFO - [66560/66739]	Loss  : 1.1066
2024-05-19 22:13:35,717 - INFO - Test loss   : 0.5729
2024-05-19 22:13:35,717 - INFO - 
Epoch	19
2024-05-19 22:13:56,636 - INFO - [51200/66739]	Loss  : 1.1032
2024-05-19 22:14:03,279 - INFO - [66560/66739]	Loss  : 1.1041
2024-05-19 22:14:04,782 - INFO - Test loss   : 0.5601
2024-05-19 22:14:04,782 - INFO - 
Epoch	20
2024-05-19 22:14:24,315 - INFO - [51200/66739]	Loss  : 1.1027
2024-05-19 22:14:29,909 - INFO - [66560/66739]	Loss  : 1.1026
2024-05-19 22:14:31,550 - INFO - Test loss   : 0.5677
2024-05-19 22:14:31,612 - INFO - (4449,)
2024-05-19 22:14:31,633 - INFO -  Split ID: 0
2024-05-19 22:14:31,635 - INFO -  Top 1	LocEnc (Epoch 20)acc (%):   9.89
2024-05-19 22:14:31,635 - INFO -  Top 3	LocEnc (Epoch 20)acc (%):   20.36
2024-05-19 22:14:31,635 - INFO -  Top 5	LocEnc (Epoch 20)acc (%):   28.28
2024-05-19 22:14:31,635 - INFO -  Top 10	LocEnc (Epoch 20)acc (%):   42.1
2024-05-19 22:14:31,636 - INFO - 
No prior
2024-05-19 22:14:31,638 - INFO - (17798,)
2024-05-19 22:14:31,727 - INFO -  Split ID: 0
2024-05-19 22:14:31,727 - INFO -  Top 1	(Epoch 20)acc (%):   50.15
2024-05-19 22:14:31,727 - INFO -  Top 3	(Epoch 20)acc (%):   73.9
2024-05-19 22:14:31,728 - INFO -  Top 5	(Epoch 20)acc (%):   82.45
2024-05-19 22:14:31,728 - INFO -  Top 10	(Epoch 20)acc (%):   91.06
2024-05-19 22:14:43,100 - INFO -  Split ID: 0
2024-05-19 22:14:43,101 - INFO -  Top 1	(Epoch 20)acc (%):   51.01
2024-05-19 22:14:43,101 - INFO -  Top 3	(Epoch 20)acc (%):   74.89
2024-05-19 22:14:43,101 - INFO -  Top 5	(Epoch 20)acc (%):   83.66
2024-05-19 22:14:43,101 - INFO -  Top 10	(Epoch 20)acc (%):   91.94
2024-05-19 22:14:43,103 - INFO - 
Epoch	21
2024-05-19 22:15:02,240 - INFO - [51200/66739]	Loss  : 1.1002
2024-05-19 22:15:08,269 - INFO - [66560/66739]	Loss  : 1.1013
2024-05-19 22:15:09,634 - INFO - Test loss   : 0.5639
2024-05-19 22:15:09,634 - INFO - 
Epoch	22
2024-05-19 22:15:28,727 - INFO - [51200/66739]	Loss  : 1.1005
2024-05-19 22:15:34,127 - INFO - [66560/66739]	Loss  : 1.1000
2024-05-19 22:15:35,623 - INFO - Test loss   : 0.5705
2024-05-19 22:15:35,624 - INFO - 
Epoch	23
2024-05-19 22:15:53,484 - INFO - [51200/66739]	Loss  : 1.0955
2024-05-19 22:15:59,885 - INFO - [66560/66739]	Loss  : 1.0967
2024-05-19 22:16:01,396 - INFO - Test loss   : 0.5683
2024-05-19 22:16:01,396 - INFO - 
Epoch	24
2024-05-19 22:16:21,961 - INFO - [51200/66739]	Loss  : 1.0943
2024-05-19 22:16:27,499 - INFO - [66560/66739]	Loss  : 1.0951
2024-05-19 22:16:29,155 - INFO - Test loss   : 0.5639
2024-05-19 22:16:29,156 - INFO - 
Epoch	25
2024-05-19 22:16:49,318 - INFO - [51200/66739]	Loss  : 1.0931
2024-05-19 22:16:55,619 - INFO - [66560/66739]	Loss  : 1.0937
2024-05-19 22:16:57,128 - INFO - Test loss   : 0.5675
2024-05-19 22:16:57,128 - INFO - 
Epoch	26
2024-05-19 22:17:15,939 - INFO - [51200/66739]	Loss  : 1.0911
2024-05-19 22:17:21,967 - INFO - [66560/66739]	Loss  : 1.0928
2024-05-19 22:17:23,419 - INFO - Test loss   : 0.5665
2024-05-19 22:17:23,419 - INFO - 
Epoch	27
2024-05-19 22:17:44,088 - INFO - [51200/66739]	Loss  : 1.0905
2024-05-19 22:17:50,225 - INFO - [66560/66739]	Loss  : 1.0907
2024-05-19 22:17:51,701 - INFO - Test loss   : 0.5703
2024-05-19 22:17:51,701 - INFO - 
Epoch	28
2024-05-19 22:18:10,901 - INFO - [51200/66739]	Loss  : 1.0902
2024-05-19 22:18:17,152 - INFO - [66560/66739]	Loss  : 1.0905
2024-05-19 22:18:18,398 - INFO - Test loss   : 0.5662
2024-05-19 22:18:18,398 - INFO - 
Epoch	29
2024-05-19 22:18:39,207 - INFO - [51200/66739]	Loss  : 1.0874
2024-05-19 22:18:45,002 - INFO - [66560/66739]	Loss  : 1.0891
2024-05-19 22:18:46,693 - INFO - Test loss   : 0.5667
2024-05-19 22:18:46,693 - INFO - 
Epoch	30
2024-05-19 22:18:59,399 - INFO - [51200/66739]	Loss  : 1.0867
2024-05-19 22:19:00,461 - INFO - [66560/66739]	Loss  : 1.0874
2024-05-19 22:19:00,696 - INFO - Test loss   : 0.5690
2024-05-19 22:19:00,755 - INFO - (4449,)
2024-05-19 22:19:00,775 - INFO -  Split ID: 0
2024-05-19 22:19:00,777 - INFO -  Top 1	LocEnc (Epoch 30)acc (%):   10.09
2024-05-19 22:19:00,777 - INFO -  Top 3	LocEnc (Epoch 30)acc (%):   20.95
2024-05-19 22:19:00,777 - INFO -  Top 5	LocEnc (Epoch 30)acc (%):   28.73
2024-05-19 22:19:00,777 - INFO -  Top 10	LocEnc (Epoch 30)acc (%):   43.36
2024-05-19 22:19:00,778 - INFO - 
No prior
2024-05-19 22:19:00,780 - INFO - (17798,)
2024-05-19 22:19:00,871 - INFO -  Split ID: 0
2024-05-19 22:19:00,871 - INFO -  Top 1	(Epoch 30)acc (%):   50.15
2024-05-19 22:19:00,871 - INFO -  Top 3	(Epoch 30)acc (%):   73.9
2024-05-19 22:19:00,871 - INFO -  Top 5	(Epoch 30)acc (%):   82.45
2024-05-19 22:19:00,871 - INFO -  Top 10	(Epoch 30)acc (%):   91.06
2024-05-19 22:19:07,216 - INFO -  Split ID: 0
2024-05-19 22:19:07,216 - INFO -  Top 1	(Epoch 30)acc (%):   51.06
2024-05-19 22:19:07,216 - INFO -  Top 3	(Epoch 30)acc (%):   75.01
2024-05-19 22:19:07,216 - INFO -  Top 5	(Epoch 30)acc (%):   83.67
2024-05-19 22:19:07,216 - INFO -  Top 10	(Epoch 30)acc (%):   92.01
2024-05-19 22:19:07,217 - INFO - 
Epoch	31
2024-05-19 22:19:10,802 - INFO - [51200/66739]	Loss  : 1.0847
2024-05-19 22:19:11,794 - INFO - [66560/66739]	Loss  : 1.0864
2024-05-19 22:19:12,029 - INFO - Test loss   : 0.5701
2024-05-19 22:19:12,029 - INFO - 
Epoch	32
2024-05-19 22:19:15,669 - INFO - [51200/66739]	Loss  : 1.0852
2024-05-19 22:19:16,661 - INFO - [66560/66739]	Loss  : 1.0855
2024-05-19 22:19:16,896 - INFO - Test loss   : 0.5778
2024-05-19 22:19:16,896 - INFO - 
Epoch	33
2024-05-19 22:19:20,483 - INFO - [51200/66739]	Loss  : 1.0852
2024-05-19 22:19:21,514 - INFO - [66560/66739]	Loss  : 1.0849
2024-05-19 22:19:21,746 - INFO - Test loss   : 0.5745
2024-05-19 22:19:21,747 - INFO - 
Epoch	34
2024-05-19 22:19:25,335 - INFO - [51200/66739]	Loss  : 1.0839
2024-05-19 22:19:26,325 - INFO - [66560/66739]	Loss  : 1.0828
2024-05-19 22:19:26,559 - INFO - Test loss   : 0.5699
2024-05-19 22:19:26,559 - INFO - 
Epoch	35
2024-05-19 22:19:30,190 - INFO - [51200/66739]	Loss  : 1.0830
2024-05-19 22:19:31,181 - INFO - [66560/66739]	Loss  : 1.0828
2024-05-19 22:19:31,415 - INFO - Test loss   : 0.5735
2024-05-19 22:19:31,415 - INFO - 
Epoch	36
2024-05-19 22:19:35,014 - INFO - [51200/66739]	Loss  : 1.0807
2024-05-19 22:19:36,048 - INFO - [66560/66739]	Loss  : 1.0816
2024-05-19 22:19:36,283 - INFO - Test loss   : 0.5747
2024-05-19 22:19:36,283 - INFO - 
Epoch	37
2024-05-19 22:19:39,907 - INFO - [51200/66739]	Loss  : 1.0800
2024-05-19 22:19:40,908 - INFO - [66560/66739]	Loss  : 1.0811
2024-05-19 22:19:41,150 - INFO - Test loss   : 0.5723
2024-05-19 22:19:41,150 - INFO - 
Epoch	38
2024-05-19 22:19:44,825 - INFO - [51200/66739]	Loss  : 1.0805
2024-05-19 22:19:45,828 - INFO - [66560/66739]	Loss  : 1.0803
2024-05-19 22:19:46,066 - INFO - Test loss   : 0.5767
2024-05-19 22:19:46,066 - INFO - 
Epoch	39
2024-05-19 22:19:49,682 - INFO - [51200/66739]	Loss  : 1.0792
2024-05-19 22:19:50,736 - INFO - [66560/66739]	Loss  : 1.0791
2024-05-19 22:19:51,285 - INFO - Test loss   : 0.5680
2024-05-19 22:19:51,285 - INFO - 
Epoch	40
2024-05-19 22:20:03,035 - INFO - [51200/66739]	Loss  : 1.0777
2024-05-19 22:20:06,326 - INFO - [66560/66739]	Loss  : 1.0775
2024-05-19 22:20:07,271 - INFO - Test loss   : 0.5711
2024-05-19 22:20:07,326 - INFO - (4449,)
2024-05-19 22:20:07,346 - INFO -  Split ID: 0
2024-05-19 22:20:07,348 - INFO -  Top 1	LocEnc (Epoch 40)acc (%):   9.87
2024-05-19 22:20:07,348 - INFO -  Top 3	LocEnc (Epoch 40)acc (%):   20.7
2024-05-19 22:20:07,348 - INFO -  Top 5	LocEnc (Epoch 40)acc (%):   29.24
2024-05-19 22:20:07,348 - INFO -  Top 10	LocEnc (Epoch 40)acc (%):   43.45
2024-05-19 22:20:07,349 - INFO - 
No prior
2024-05-19 22:20:07,351 - INFO - (17798,)
2024-05-19 22:20:07,441 - INFO -  Split ID: 0
2024-05-19 22:20:07,441 - INFO -  Top 1	(Epoch 40)acc (%):   50.15
2024-05-19 22:20:07,441 - INFO -  Top 3	(Epoch 40)acc (%):   73.9
2024-05-19 22:20:07,441 - INFO -  Top 5	(Epoch 40)acc (%):   82.45
2024-05-19 22:20:07,441 - INFO -  Top 10	(Epoch 40)acc (%):   91.06
2024-05-19 22:20:18,342 - INFO -  Split ID: 0
2024-05-19 22:20:18,342 - INFO -  Top 1	(Epoch 40)acc (%):   51.13
2024-05-19 22:20:18,342 - INFO -  Top 3	(Epoch 40)acc (%):   75.1
2024-05-19 22:20:18,342 - INFO -  Top 5	(Epoch 40)acc (%):   83.59
2024-05-19 22:20:18,342 - INFO -  Top 10	(Epoch 40)acc (%):   92.04
2024-05-19 22:20:18,344 - INFO - 
Epoch	41
2024-05-19 22:20:30,297 - INFO - [51200/66739]	Loss  : 1.0752
2024-05-19 22:20:33,602 - INFO - [66560/66739]	Loss  : 1.0753
2024-05-19 22:20:34,536 - INFO - Test loss   : 0.5718
2024-05-19 22:20:34,536 - INFO - 
Epoch	42
2024-05-19 22:20:46,486 - INFO - [51200/66739]	Loss  : 1.0737
2024-05-19 22:20:50,939 - INFO - [66560/66739]	Loss  : 1.0735
2024-05-19 22:20:52,184 - INFO - Test loss   : 0.5721
2024-05-19 22:20:52,184 - INFO - 
Epoch	43
2024-05-19 22:21:13,460 - INFO - [51200/66739]	Loss  : 1.0752
2024-05-19 22:21:19,879 - INFO - [66560/66739]	Loss  : 1.0733
2024-05-19 22:21:21,368 - INFO - Test loss   : 0.5791
2024-05-19 22:21:21,368 - INFO - 
Epoch	44
2024-05-19 22:21:41,103 - INFO - [51200/66739]	Loss  : 1.0730
2024-05-19 22:21:46,925 - INFO - [66560/66739]	Loss  : 1.0736
2024-05-19 22:21:48,420 - INFO - Test loss   : 0.5742
2024-05-19 22:21:48,421 - INFO - 
Epoch	45
2024-05-19 22:22:08,832 - INFO - [51200/66739]	Loss  : 1.0716
2024-05-19 22:22:14,926 - INFO - [66560/66739]	Loss  : 1.0724
2024-05-19 22:22:16,283 - INFO - Test loss   : 0.5747
2024-05-19 22:22:16,283 - INFO - 
Epoch	46
2024-05-19 22:22:36,626 - INFO - [51200/66739]	Loss  : 1.0698
2024-05-19 22:22:42,282 - INFO - [66560/66739]	Loss  : 1.0717
2024-05-19 22:22:43,850 - INFO - Test loss   : 0.5695
2024-05-19 22:22:43,850 - INFO - 
Epoch	47
2024-05-19 22:23:03,243 - INFO - [51200/66739]	Loss  : 1.0717
2024-05-19 22:23:08,343 - INFO - [66560/66739]	Loss  : 1.0706
2024-05-19 22:23:09,847 - INFO - Test loss   : 0.5761
2024-05-19 22:23:09,847 - INFO - 
Epoch	48
2024-05-19 22:23:29,591 - INFO - [51200/66739]	Loss  : 1.0705
2024-05-19 22:23:36,335 - INFO - [66560/66739]	Loss  : 1.0706
2024-05-19 22:23:37,885 - INFO - Test loss   : 0.5751
2024-05-19 22:23:37,886 - INFO - 
Epoch	49
2024-05-19 22:23:57,295 - INFO - [51200/66739]	Loss  : 1.0712
2024-05-19 22:24:04,014 - INFO - [66560/66739]	Loss  : 1.0712
2024-05-19 22:24:05,464 - INFO - Test loss   : 0.5739
2024-05-19 22:24:05,464 - INFO - 
Epoch	50
2024-05-19 22:24:23,892 - INFO - [51200/66739]	Loss  : 1.0710
2024-05-19 22:24:29,001 - INFO - [66560/66739]	Loss  : 1.0706
2024-05-19 22:24:30,513 - INFO - Test loss   : 0.5756
2024-05-19 22:24:30,577 - INFO - (4449,)
2024-05-19 22:24:30,598 - INFO -  Split ID: 0
2024-05-19 22:24:30,600 - INFO -  Top 1	LocEnc (Epoch 50)acc (%):   10.09
2024-05-19 22:24:30,600 - INFO -  Top 3	LocEnc (Epoch 50)acc (%):   21.26
2024-05-19 22:24:30,600 - INFO -  Top 5	LocEnc (Epoch 50)acc (%):   29.06
2024-05-19 22:24:30,600 - INFO -  Top 10	LocEnc (Epoch 50)acc (%):   43.81
2024-05-19 22:24:30,601 - INFO - 
No prior
2024-05-19 22:24:30,603 - INFO - (17798,)
2024-05-19 22:24:30,721 - INFO -  Split ID: 0
2024-05-19 22:24:30,721 - INFO -  Top 1	(Epoch 50)acc (%):   50.15
2024-05-19 22:24:30,721 - INFO -  Top 3	(Epoch 50)acc (%):   73.9
2024-05-19 22:24:30,721 - INFO -  Top 5	(Epoch 50)acc (%):   82.45
2024-05-19 22:24:30,721 - INFO -  Top 10	(Epoch 50)acc (%):   91.06
2024-05-19 22:24:42,169 - INFO -  Split ID: 0
2024-05-19 22:24:42,169 - INFO -  Top 1	(Epoch 50)acc (%):   51.16
2024-05-19 22:24:42,169 - INFO -  Top 3	(Epoch 50)acc (%):   75.14
2024-05-19 22:24:42,169 - INFO -  Top 5	(Epoch 50)acc (%):   83.66
2024-05-19 22:24:42,169 - INFO -  Top 10	(Epoch 50)acc (%):   92.13
2024-05-19 22:24:42,171 - INFO - 
Epoch	51
2024-05-19 22:25:02,611 - INFO - [51200/66739]	Loss  : 1.0697
2024-05-19 22:25:07,963 - INFO - [66560/66739]	Loss  : 1.0699
2024-05-19 22:25:08,943 - INFO - Test loss   : 0.5718
2024-05-19 22:25:08,943 - INFO - 
Epoch	52
2024-05-19 22:25:29,022 - INFO - [51200/66739]	Loss  : 1.0679
2024-05-19 22:25:35,237 - INFO - [66560/66739]	Loss  : 1.0692
2024-05-19 22:25:36,663 - INFO - Test loss   : 0.5749
2024-05-19 22:25:36,664 - INFO - 
Epoch	53
2024-05-19 22:25:58,269 - INFO - [51200/66739]	Loss  : 1.0664
2024-05-19 22:26:05,099 - INFO - [66560/66739]	Loss  : 1.0674
2024-05-19 22:26:06,437 - INFO - Test loss   : 0.5773
2024-05-19 22:26:06,437 - INFO - 
Epoch	54
2024-05-19 22:26:24,493 - INFO - [51200/66739]	Loss  : 1.0672
2024-05-19 22:26:29,616 - INFO - [66560/66739]	Loss  : 1.0676
2024-05-19 22:26:31,086 - INFO - Test loss   : 0.5766
2024-05-19 22:26:31,086 - INFO - 
Epoch	55
2024-05-19 22:26:51,472 - INFO - [51200/66739]	Loss  : 1.0656
2024-05-19 22:26:57,382 - INFO - [66560/66739]	Loss  : 1.0652
2024-05-19 22:26:58,787 - INFO - Test loss   : 0.5745
2024-05-19 22:26:58,787 - INFO - 
Epoch	56
2024-05-19 22:27:17,846 - INFO - [51200/66739]	Loss  : 1.0620
2024-05-19 22:27:23,197 - INFO - [66560/66739]	Loss  : 1.0634
2024-05-19 22:27:24,708 - INFO - Test loss   : 0.5753
2024-05-19 22:27:24,708 - INFO - 
Epoch	57
2024-05-19 22:27:44,041 - INFO - [51200/66739]	Loss  : 1.0614
2024-05-19 22:27:49,848 - INFO - [66560/66739]	Loss  : 1.0634
2024-05-19 22:27:51,230 - INFO - Test loss   : 0.5753
2024-05-19 22:27:51,230 - INFO - 
Epoch	58
2024-05-19 22:28:10,225 - INFO - [51200/66739]	Loss  : 1.0616
2024-05-19 22:28:16,260 - INFO - [66560/66739]	Loss  : 1.0624
2024-05-19 22:28:17,716 - INFO - Test loss   : 0.5766
2024-05-19 22:28:17,716 - INFO - 
Epoch	59
2024-05-19 22:28:33,696 - INFO - [51200/66739]	Loss  : 1.0617
2024-05-19 22:28:38,503 - INFO - [66560/66739]	Loss  : 1.0623
2024-05-19 22:28:39,966 - INFO - Test loss   : 0.5762
2024-05-19 22:28:39,966 - INFO - 
Epoch	60
2024-05-19 22:29:00,189 - INFO - [51200/66739]	Loss  : 1.0642
2024-05-19 22:29:05,965 - INFO - [66560/66739]	Loss  : 1.0622
2024-05-19 22:29:07,346 - INFO - Test loss   : 0.5772
2024-05-19 22:29:07,409 - INFO - (4449,)
2024-05-19 22:29:07,430 - INFO -  Split ID: 0
2024-05-19 22:29:07,432 - INFO -  Top 1	LocEnc (Epoch 60)acc (%):   10.18
2024-05-19 22:29:07,432 - INFO -  Top 3	LocEnc (Epoch 60)acc (%):   21.51
2024-05-19 22:29:07,432 - INFO -  Top 5	LocEnc (Epoch 60)acc (%):   29.58
2024-05-19 22:29:07,432 - INFO -  Top 10	LocEnc (Epoch 60)acc (%):   44.37
2024-05-19 22:29:07,433 - INFO - 
No prior
2024-05-19 22:29:07,435 - INFO - (17798,)
2024-05-19 22:29:08,256 - INFO -  Split ID: 0
2024-05-19 22:29:08,256 - INFO -  Top 1	(Epoch 60)acc (%):   50.15
2024-05-19 22:29:08,256 - INFO -  Top 3	(Epoch 60)acc (%):   73.9
2024-05-19 22:29:08,256 - INFO -  Top 5	(Epoch 60)acc (%):   82.45
2024-05-19 22:29:08,256 - INFO -  Top 10	(Epoch 60)acc (%):   91.06
2024-05-19 22:29:19,880 - INFO -  Split ID: 0
2024-05-19 22:29:19,880 - INFO -  Top 1	(Epoch 60)acc (%):   51.16
2024-05-19 22:29:19,880 - INFO -  Top 3	(Epoch 60)acc (%):   75.09
2024-05-19 22:29:19,880 - INFO -  Top 5	(Epoch 60)acc (%):   83.71
2024-05-19 22:29:19,880 - INFO -  Top 10	(Epoch 60)acc (%):   92.08
2024-05-19 22:29:19,885 - INFO - 
Epoch	61
2024-05-19 22:29:36,854 - INFO - [51200/66739]	Loss  : 1.0615
2024-05-19 22:29:41,420 - INFO - [66560/66739]	Loss  : 1.0610
2024-05-19 22:29:42,664 - INFO - Test loss   : 0.5771
2024-05-19 22:29:42,664 - INFO - 
Epoch	62
2024-05-19 22:30:00,202 - INFO - [51200/66739]	Loss  : 1.0614
2024-05-19 22:30:06,042 - INFO - [66560/66739]	Loss  : 1.0612
2024-05-19 22:30:07,473 - INFO - Test loss   : 0.5801
2024-05-19 22:30:07,474 - INFO - 
Epoch	63
2024-05-19 22:30:26,520 - INFO - [51200/66739]	Loss  : 1.0588
2024-05-19 22:30:32,245 - INFO - [66560/66739]	Loss  : 1.0591
2024-05-19 22:30:33,395 - INFO - Test loss   : 0.5749
2024-05-19 22:30:33,395 - INFO - 
Epoch	64
2024-05-19 22:30:52,950 - INFO - [51200/66739]	Loss  : 1.0601
2024-05-19 22:30:58,662 - INFO - [66560/66739]	Loss  : 1.0610
2024-05-19 22:31:00,240 - INFO - Test loss   : 0.5785
2024-05-19 22:31:00,240 - INFO - 
Epoch	65
2024-05-19 22:31:20,725 - INFO - [51200/66739]	Loss  : 1.0597
2024-05-19 22:31:26,294 - INFO - [66560/66739]	Loss  : 1.0594
2024-05-19 22:31:27,798 - INFO - Test loss   : 0.5752
2024-05-19 22:31:27,798 - INFO - 
Epoch	66
2024-05-19 22:31:47,709 - INFO - [51200/66739]	Loss  : 1.0576
2024-05-19 22:31:53,009 - INFO - [66560/66739]	Loss  : 1.0584
2024-05-19 22:31:54,044 - INFO - Test loss   : 0.5754
2024-05-19 22:31:54,044 - INFO - 
Epoch	67
2024-05-19 22:32:14,668 - INFO - [51200/66739]	Loss  : 1.0575
2024-05-19 22:32:20,283 - INFO - [66560/66739]	Loss  : 1.0573
2024-05-19 22:32:21,748 - INFO - Test loss   : 0.5766
2024-05-19 22:32:21,749 - INFO - 
Epoch	68
2024-05-19 22:32:38,360 - INFO - [51200/66739]	Loss  : 1.0564
2024-05-19 22:32:42,827 - INFO - [66560/66739]	Loss  : 1.0587
2024-05-19 22:32:44,276 - INFO - Test loss   : 0.5739
2024-05-19 22:32:44,277 - INFO - 
Epoch	69
2024-05-19 22:33:02,550 - INFO - [51200/66739]	Loss  : 1.0577
2024-05-19 22:33:08,242 - INFO - [66560/66739]	Loss  : 1.0580
2024-05-19 22:33:09,633 - INFO - Test loss   : 0.5736
2024-05-19 22:33:09,634 - INFO - 
Epoch	70
2024-05-19 22:33:29,664 - INFO - [51200/66739]	Loss  : 1.0558
2024-05-19 22:33:35,023 - INFO - [66560/66739]	Loss  : 1.0555
2024-05-19 22:33:36,322 - INFO - Test loss   : 0.5802
2024-05-19 22:33:36,377 - INFO - (4449,)
2024-05-19 22:33:36,398 - INFO -  Split ID: 0
2024-05-19 22:33:36,400 - INFO -  Top 1	LocEnc (Epoch 70)acc (%):   10.36
2024-05-19 22:33:36,400 - INFO -  Top 3	LocEnc (Epoch 70)acc (%):   21.65
2024-05-19 22:33:36,400 - INFO -  Top 5	LocEnc (Epoch 70)acc (%):   30.14
2024-05-19 22:33:36,400 - INFO -  Top 10	LocEnc (Epoch 70)acc (%):   44.64
2024-05-19 22:33:36,401 - INFO - 
No prior
2024-05-19 22:33:36,403 - INFO - (17798,)
2024-05-19 22:33:36,512 - INFO -  Split ID: 0
2024-05-19 22:33:36,512 - INFO -  Top 1	(Epoch 70)acc (%):   50.15
2024-05-19 22:33:36,512 - INFO -  Top 3	(Epoch 70)acc (%):   73.9
2024-05-19 22:33:36,512 - INFO -  Top 5	(Epoch 70)acc (%):   82.45
2024-05-19 22:33:36,512 - INFO -  Top 10	(Epoch 70)acc (%):   91.06
2024-05-19 22:33:47,850 - INFO -  Split ID: 0
2024-05-19 22:33:47,850 - INFO -  Top 1	(Epoch 70)acc (%):   51.19
2024-05-19 22:33:47,850 - INFO -  Top 3	(Epoch 70)acc (%):   75.17
2024-05-19 22:33:47,850 - INFO -  Top 5	(Epoch 70)acc (%):   83.8
2024-05-19 22:33:47,851 - INFO -  Top 10	(Epoch 70)acc (%):   92.11
2024-05-19 22:33:47,855 - INFO - 
Epoch	71
2024-05-19 22:34:03,021 - INFO - [51200/66739]	Loss  : 1.0545
2024-05-19 22:34:07,456 - INFO - [66560/66739]	Loss  : 1.0559
2024-05-19 22:34:08,640 - INFO - Test loss   : 0.5774
2024-05-19 22:34:08,640 - INFO - 
Epoch	72
2024-05-19 22:34:25,591 - INFO - [51200/66739]	Loss  : 1.0537
2024-05-19 22:34:29,877 - INFO - [66560/66739]	Loss  : 1.0555
2024-05-19 22:34:31,167 - INFO - Test loss   : 0.5770
2024-05-19 22:34:31,168 - INFO - 
Epoch	73
2024-05-19 22:34:47,654 - INFO - [51200/66739]	Loss  : 1.0511
2024-05-19 22:34:53,244 - INFO - [66560/66739]	Loss  : 1.0521
2024-05-19 22:34:54,750 - INFO - Test loss   : 0.5767
2024-05-19 22:34:54,750 - INFO - 
Epoch	74
2024-05-19 22:35:14,248 - INFO - [51200/66739]	Loss  : 1.0562
2024-05-19 22:35:19,937 - INFO - [66560/66739]	Loss  : 1.0560
2024-05-19 22:35:21,718 - INFO - Test loss   : 0.5771
2024-05-19 22:35:21,718 - INFO - 
Epoch	75
2024-05-19 22:35:40,440 - INFO - [51200/66739]	Loss  : 1.0547
2024-05-19 22:35:45,939 - INFO - [66560/66739]	Loss  : 1.0544
2024-05-19 22:35:47,200 - INFO - Test loss   : 0.5776
2024-05-19 22:35:47,200 - INFO - 
Epoch	76
2024-05-19 22:36:07,743 - INFO - [51200/66739]	Loss  : 1.0513
2024-05-19 22:36:13,729 - INFO - [66560/66739]	Loss  : 1.0540
2024-05-19 22:36:15,212 - INFO - Test loss   : 0.5739
2024-05-19 22:36:15,212 - INFO - 
Epoch	77
2024-05-19 22:36:33,837 - INFO - [51200/66739]	Loss  : 1.0533
2024-05-19 22:36:36,928 - INFO - [66560/66739]	Loss  : 1.0530
2024-05-19 22:36:38,284 - INFO - Test loss   : 0.5773
2024-05-19 22:36:38,284 - INFO - 
Epoch	78
2024-05-19 22:36:57,072 - INFO - [51200/66739]	Loss  : 1.0512
2024-05-19 22:37:03,327 - INFO - [66560/66739]	Loss  : 1.0532
2024-05-19 22:37:04,731 - INFO - Test loss   : 0.5772
2024-05-19 22:37:04,731 - INFO - 
Epoch	79
2024-05-19 22:37:24,103 - INFO - [51200/66739]	Loss  : 1.0531
2024-05-19 22:37:29,672 - INFO - [66560/66739]	Loss  : 1.0534
2024-05-19 22:37:31,403 - INFO - Test loss   : 0.5774
2024-05-19 22:37:31,403 - INFO - 
Epoch	80
2024-05-19 22:37:49,720 - INFO - [51200/66739]	Loss  : 1.0523
2024-05-19 22:37:53,101 - INFO - [66560/66739]	Loss  : 1.0526
2024-05-19 22:37:54,341 - INFO - Test loss   : 0.5768
2024-05-19 22:37:54,406 - INFO - (4449,)
2024-05-19 22:37:54,426 - INFO -  Split ID: 0
2024-05-19 22:37:54,428 - INFO -  Top 1	LocEnc (Epoch 80)acc (%):   10.32
2024-05-19 22:37:54,428 - INFO -  Top 3	LocEnc (Epoch 80)acc (%):   21.71
2024-05-19 22:37:54,428 - INFO -  Top 5	LocEnc (Epoch 80)acc (%):   29.94
2024-05-19 22:37:54,428 - INFO -  Top 10	LocEnc (Epoch 80)acc (%):   44.57
2024-05-19 22:37:54,429 - INFO - 
No prior
2024-05-19 22:37:54,431 - INFO - (17798,)
2024-05-19 22:37:54,522 - INFO -  Split ID: 0
2024-05-19 22:37:54,522 - INFO -  Top 1	(Epoch 80)acc (%):   50.15
2024-05-19 22:37:54,522 - INFO -  Top 3	(Epoch 80)acc (%):   73.9
2024-05-19 22:37:54,522 - INFO -  Top 5	(Epoch 80)acc (%):   82.45
2024-05-19 22:37:54,522 - INFO -  Top 10	(Epoch 80)acc (%):   91.06
2024-05-19 22:38:05,955 - INFO -  Split ID: 0
2024-05-19 22:38:05,955 - INFO -  Top 1	(Epoch 80)acc (%):   51.21
2024-05-19 22:38:05,955 - INFO -  Top 3	(Epoch 80)acc (%):   75.19
2024-05-19 22:38:05,956 - INFO -  Top 5	(Epoch 80)acc (%):   83.76
2024-05-19 22:38:05,956 - INFO -  Top 10	(Epoch 80)acc (%):   92.11
2024-05-19 22:38:05,958 - INFO - 
Epoch	81
2024-05-19 22:38:27,281 - INFO - [51200/66739]	Loss  : 1.0521
2024-05-19 22:38:32,973 - INFO - [66560/66739]	Loss  : 1.0520
2024-05-19 22:38:34,444 - INFO - Test loss   : 0.5775
2024-05-19 22:38:34,445 - INFO - 
Epoch	82
2024-05-19 22:38:55,708 - INFO - [51200/66739]	Loss  : 1.0531
2024-05-19 22:39:02,209 - INFO - [66560/66739]	Loss  : 1.0529
2024-05-19 22:39:03,707 - INFO - Test loss   : 0.5775
2024-05-19 22:39:03,707 - INFO - 
Epoch	83
2024-05-19 22:39:22,316 - INFO - [51200/66739]	Loss  : 1.0524
2024-05-19 22:39:27,775 - INFO - [66560/66739]	Loss  : 1.0505
2024-05-19 22:39:29,552 - INFO - Test loss   : 0.5769
2024-05-19 22:39:29,552 - INFO - 
Epoch	84
2024-05-19 22:39:49,495 - INFO - [51200/66739]	Loss  : 1.0521
2024-05-19 22:39:55,178 - INFO - [66560/66739]	Loss  : 1.0503
2024-05-19 22:39:56,473 - INFO - Test loss   : 0.5772
2024-05-19 22:39:56,473 - INFO - 
Epoch	85
2024-05-19 22:40:15,302 - INFO - [51200/66739]	Loss  : 1.0498
2024-05-19 22:40:21,707 - INFO - [66560/66739]	Loss  : 1.0496
2024-05-19 22:40:23,254 - INFO - Test loss   : 0.5786
2024-05-19 22:40:23,254 - INFO - 
Epoch	86
2024-05-19 22:40:41,065 - INFO - [51200/66739]	Loss  : 1.0517
2024-05-19 22:40:46,257 - INFO - [66560/66739]	Loss  : 1.0495
2024-05-19 22:40:47,572 - INFO - Test loss   : 0.5779
2024-05-19 22:40:47,572 - INFO - 
Epoch	87
2024-05-19 22:41:05,064 - INFO - [51200/66739]	Loss  : 1.0476
2024-05-19 22:41:08,663 - INFO - [66560/66739]	Loss  : 1.0484
2024-05-19 22:41:09,799 - INFO - Test loss   : 0.5777
2024-05-19 22:41:09,799 - INFO - 
Epoch	88
2024-05-19 22:41:31,484 - INFO - [51200/66739]	Loss  : 1.0482
2024-05-19 22:41:37,213 - INFO - [66560/66739]	Loss  : 1.0501
2024-05-19 22:41:38,761 - INFO - Test loss   : 0.5748
2024-05-19 22:41:38,761 - INFO - 
Epoch	89
2024-05-19 22:41:51,418 - INFO - [51200/66739]	Loss  : 1.0518
2024-05-19 22:41:52,434 - INFO - [66560/66739]	Loss  : 1.0501
2024-05-19 22:41:52,671 - INFO - Test loss   : 0.5758
2024-05-19 22:41:52,671 - INFO - 
Epoch	90
2024-05-19 22:41:56,342 - INFO - [51200/66739]	Loss  : 1.0501
2024-05-19 22:41:57,411 - INFO - [66560/66739]	Loss  : 1.0487
2024-05-19 22:41:57,650 - INFO - Test loss   : 0.5771
2024-05-19 22:41:57,718 - INFO - (4449,)
2024-05-19 22:41:57,738 - INFO -  Split ID: 0
2024-05-19 22:41:57,739 - INFO -  Top 1	LocEnc (Epoch 90)acc (%):   10.5
2024-05-19 22:41:57,740 - INFO -  Top 3	LocEnc (Epoch 90)acc (%):   21.87
2024-05-19 22:41:57,740 - INFO -  Top 5	LocEnc (Epoch 90)acc (%):   30.39
2024-05-19 22:41:57,740 - INFO -  Top 10	LocEnc (Epoch 90)acc (%):   45.29
2024-05-19 22:41:57,741 - INFO - 
No prior
2024-05-19 22:41:57,743 - INFO - (17798,)
2024-05-19 22:41:57,873 - INFO -  Split ID: 0
2024-05-19 22:41:57,873 - INFO -  Top 1	(Epoch 90)acc (%):   50.15
2024-05-19 22:41:57,873 - INFO -  Top 3	(Epoch 90)acc (%):   73.9
2024-05-19 22:41:57,873 - INFO -  Top 5	(Epoch 90)acc (%):   82.45
2024-05-19 22:41:57,873 - INFO -  Top 10	(Epoch 90)acc (%):   91.06
2024-05-19 22:42:04,292 - INFO -  Split ID: 0
2024-05-19 22:42:04,292 - INFO -  Top 1	(Epoch 90)acc (%):   51.18
2024-05-19 22:42:04,292 - INFO -  Top 3	(Epoch 90)acc (%):   75.14
2024-05-19 22:42:04,292 - INFO -  Top 5	(Epoch 90)acc (%):   83.73
2024-05-19 22:42:04,292 - INFO -  Top 10	(Epoch 90)acc (%):   92.08
2024-05-19 22:42:04,295 - INFO - 
Epoch	91
2024-05-19 22:42:08,140 - INFO - [51200/66739]	Loss  : 1.0452
2024-05-19 22:42:09,140 - INFO - [66560/66739]	Loss  : 1.0475
2024-05-19 22:42:09,376 - INFO - Test loss   : 0.5769
2024-05-19 22:42:09,376 - INFO - 
Epoch	92
2024-05-19 22:42:13,071 - INFO - [51200/66739]	Loss  : 1.0484
2024-05-19 22:42:14,074 - INFO - [66560/66739]	Loss  : 1.0484
2024-05-19 22:42:14,312 - INFO - Test loss   : 0.5759
2024-05-19 22:42:14,312 - INFO - 
Epoch	93
2024-05-19 22:42:17,951 - INFO - [51200/66739]	Loss  : 1.0471
2024-05-19 22:42:18,997 - INFO - [66560/66739]	Loss  : 1.0478
2024-05-19 22:42:19,234 - INFO - Test loss   : 0.5761
2024-05-19 22:42:19,234 - INFO - 
Epoch	94
2024-05-19 22:42:22,863 - INFO - [51200/66739]	Loss  : 1.0465
2024-05-19 22:42:23,873 - INFO - [66560/66739]	Loss  : 1.0478
2024-05-19 22:42:24,107 - INFO - Test loss   : 0.5786
2024-05-19 22:42:24,107 - INFO - 
Epoch	95
2024-05-19 22:42:27,779 - INFO - [51200/66739]	Loss  : 1.0484
2024-05-19 22:42:28,782 - INFO - [66560/66739]	Loss  : 1.0483
2024-05-19 22:42:29,020 - INFO - Test loss   : 0.5781
2024-05-19 22:42:29,020 - INFO - 
Epoch	96
2024-05-19 22:42:32,646 - INFO - [51200/66739]	Loss  : 1.0475
2024-05-19 22:42:33,692 - INFO - [66560/66739]	Loss  : 1.0460
2024-05-19 22:42:33,929 - INFO - Test loss   : 0.5802
2024-05-19 22:42:33,929 - INFO - 
Epoch	97
2024-05-19 22:42:37,516 - INFO - [51200/66739]	Loss  : 1.0456
2024-05-19 22:42:38,499 - INFO - [66560/66739]	Loss  : 1.0454
2024-05-19 22:42:38,733 - INFO - Test loss   : 0.5776
2024-05-19 22:42:38,733 - INFO - 
Epoch	98
2024-05-19 22:42:42,361 - INFO - [51200/66739]	Loss  : 1.0458
2024-05-19 22:42:43,366 - INFO - [66560/66739]	Loss  : 1.0455
2024-05-19 22:42:43,604 - INFO - Test loss   : 0.5762
2024-05-19 22:42:43,604 - INFO - 
Epoch	99
2024-05-19 22:42:47,234 - INFO - [51200/66739]	Loss  : 1.0442
2024-05-19 22:42:48,277 - INFO - [66560/66739]	Loss  : 1.0446
2024-05-19 22:42:48,515 - INFO - Test loss   : 0.5784
2024-05-19 22:42:48,515 - INFO - Saving output model to ../models/rbf/model_yfcc_rbf_inception_v3_0.0010_64_0.0005000_1_512_200_2.0.pth.tar
2024-05-19 22:42:48,522 - INFO - Saving output model to ../models/rbf/model_yfcc_rbf_inception_v3_0.0010_64_0.0005000_1_512_200_2.0.pth.tar
2024-05-19 22:42:48,540 - INFO - 
No prior
2024-05-19 22:42:48,542 - INFO - (17798,)
2024-05-19 22:42:48,634 - INFO -  Split ID: 0
2024-05-19 22:42:48,634 - INFO -  Top 1	acc (%):   50.15
2024-05-19 22:42:48,634 - INFO -  Top 3	acc (%):   73.9
2024-05-19 22:42:48,634 - INFO -  Top 5	acc (%):   82.45
2024-05-19 22:42:48,634 - INFO -  Top 10	acc (%):   91.06
2024-05-19 22:42:54,963 - INFO -  Split ID: 0
2024-05-19 22:42:54,963 - INFO -  Top 1	acc (%):   51.22
2024-05-19 22:42:54,964 - INFO -  Top 3	acc (%):   75.24
2024-05-19 22:42:54,964 - INFO -  Top 5	acc (%):   83.82
2024-05-19 22:42:54,964 - INFO -  Top 10	acc (%):   92.15
2024-05-19 22:42:54,967 - INFO - 
rbf
2024-05-19 22:42:54,967 - INFO -  Model :	model_yfcc_rbf_inception_v3_0.0010_64_0.0005000_1_512_200_2.0.pth.tar
2024-05-19 22:42:55,034 - INFO - (4449,)
2024-05-19 22:42:55,056 - INFO -  Split ID: 0
2024-05-19 22:42:55,057 - INFO -  Top 1	LocEnc acc (%):   10.56
2024-05-19 22:42:55,057 - INFO -  Top 3	LocEnc acc (%):   21.6
2024-05-19 22:42:55,058 - INFO -  Top 5	LocEnc acc (%):   30.39
2024-05-19 22:42:55,058 - INFO -  Top 10	LocEnc acc (%):   45.09
2024-05-27 13:23:53,732 - INFO - 
num_classes	100
2024-05-27 13:23:53,767 - INFO - num train    	66739
2024-05-27 13:23:53,767 - INFO - num val      	4449
2024-05-27 13:23:53,767 - INFO - train loss   	full_loss
2024-05-27 13:23:53,767 - INFO - model name   	../models/rbf/model_yfcc_rbf_inception_v3_0.0010_64_0.0005000_1_512_200_2.0.pth.tar
2024-05-27 13:23:53,768 - INFO - num users    	1
2024-05-27 13:23:54,032 - INFO - 
Epoch	0
2024-05-27 13:25:12,454 - INFO - [51200/66739]	Loss  : 1.5041
2024-05-27 13:25:34,309 - INFO - [66560/66739]	Loss  : 1.4589
2024-05-27 13:25:40,846 - INFO - Test loss   : 0.6495
2024-05-27 13:25:40,846 - INFO - 
Epoch	1
2024-05-27 13:26:59,305 - INFO - [51200/66739]	Loss  : 1.2548
2024-05-27 13:27:21,073 - INFO - [66560/66739]	Loss  : 1.2490
2024-05-27 13:27:27,544 - INFO - Test loss   : 0.5933
2024-05-27 13:27:27,544 - INFO - 
Epoch	2
2024-05-27 13:28:48,263 - INFO - [51200/66739]	Loss  : 1.2156
2024-05-27 13:29:10,119 - INFO - [66560/66739]	Loss  : 1.2128
2024-05-27 13:29:16,585 - INFO - Test loss   : 0.5878
2024-05-27 13:29:16,585 - INFO - 
Epoch	3
2024-05-27 13:30:34,982 - INFO - [51200/66739]	Loss  : 1.1966
2024-05-27 13:30:56,865 - INFO - [66560/66739]	Loss  : 1.1940
2024-05-27 13:31:03,344 - INFO - Test loss   : 0.5954
2024-05-27 13:31:03,344 - INFO - 
Epoch	4
2024-05-27 13:32:20,569 - INFO - [51200/66739]	Loss  : 1.1837
2024-05-27 13:32:41,509 - INFO - [66560/66739]	Loss  : 1.1819
2024-05-27 13:32:48,045 - INFO - Test loss   : 0.5841
2024-05-27 13:32:48,045 - INFO - 
Epoch	5
2024-05-27 13:34:18,444 - INFO - [51200/66739]	Loss  : 1.1737
2024-05-27 13:34:44,639 - INFO - [66560/66739]	Loss  : 1.1718
2024-05-27 13:34:52,642 - INFO - Test loss   : 0.5963
2024-05-27 13:34:52,642 - INFO - 
Epoch	6
2024-05-27 13:36:23,042 - INFO - [51200/66739]	Loss  : 1.1669
2024-05-27 13:36:48,280 - INFO - [66560/66739]	Loss  : 1.1650
2024-05-27 13:36:55,881 - INFO - Test loss   : 0.5761
2024-05-27 13:36:55,881 - INFO - 
Epoch	7
2024-05-27 13:38:26,818 - INFO - [51200/66739]	Loss  : 1.1580
2024-05-27 13:38:51,961 - INFO - [66560/66739]	Loss  : 1.1589
2024-05-27 13:38:59,677 - INFO - Test loss   : 0.5839
2024-05-27 13:38:59,677 - INFO - 
Epoch	8
2024-05-27 13:40:30,742 - INFO - [51200/66739]	Loss  : 1.1548
2024-05-27 13:40:55,882 - INFO - [66560/66739]	Loss  : 1.1540
2024-05-27 13:41:03,503 - INFO - Test loss   : 0.5816
2024-05-27 13:41:03,503 - INFO - 
Epoch	9
2024-05-27 13:42:34,910 - INFO - [51200/66739]	Loss  : 1.1489
2024-05-27 13:42:58,044 - INFO - [66560/66739]	Loss  : 1.1486
2024-05-27 13:43:04,610 - INFO - Test loss   : 0.5751
2024-05-27 13:43:04,611 - INFO - 
Epoch	10
2024-05-27 13:44:25,106 - INFO - [51200/66739]	Loss  : 1.1446
2024-05-27 13:44:46,897 - INFO - [66560/66739]	Loss  : 1.1426
2024-05-27 13:44:53,480 - INFO - Test loss   : 0.5793
2024-05-27 13:44:53,480 - INFO - 
Epoch	11
2024-05-27 13:46:12,934 - INFO - [51200/66739]	Loss  : 1.1390
2024-05-27 13:46:34,708 - INFO - [66560/66739]	Loss  : 1.1398
2024-05-27 13:46:41,156 - INFO - Test loss   : 0.5844
2024-05-27 13:46:41,156 - INFO - 
Epoch	12
2024-05-27 13:47:59,162 - INFO - [51200/66739]	Loss  : 1.1347
2024-05-27 13:48:20,634 - INFO - [66560/66739]	Loss  : 1.1365
2024-05-27 13:48:27,284 - INFO - Test loss   : 0.5769
2024-05-27 13:48:27,284 - INFO - 
Epoch	13
2024-05-27 13:49:45,335 - INFO - [51200/66739]	Loss  : 1.1297
2024-05-27 13:50:06,976 - INFO - [66560/66739]	Loss  : 1.1326
2024-05-27 13:50:13,585 - INFO - Test loss   : 0.5739
2024-05-27 13:50:13,585 - INFO - 
Epoch	14
2024-05-27 13:51:34,622 - INFO - [51200/66739]	Loss  : 1.1284
2024-05-27 13:52:00,050 - INFO - [66560/66739]	Loss  : 1.1308
2024-05-27 13:52:07,716 - INFO - Test loss   : 0.5762
2024-05-27 13:52:07,716 - INFO - 
Epoch	15
2024-05-27 13:53:38,898 - INFO - [51200/66739]	Loss  : 1.1255
2024-05-27 13:54:04,216 - INFO - [66560/66739]	Loss  : 1.1266
2024-05-27 13:54:11,947 - INFO - Test loss   : 0.5838
2024-05-27 13:54:11,947 - INFO - 
Epoch	16
2024-05-27 13:55:43,054 - INFO - [51200/66739]	Loss  : 1.1232
2024-05-27 13:56:08,506 - INFO - [66560/66739]	Loss  : 1.1239
2024-05-27 13:56:16,225 - INFO - Test loss   : 0.5765
2024-05-27 13:56:16,225 - INFO - 
Epoch	17
2024-05-27 13:57:48,475 - INFO - [51200/66739]	Loss  : 1.1232
2024-05-27 13:58:14,105 - INFO - [66560/66739]	Loss  : 1.1224
2024-05-27 13:58:21,784 - INFO - Test loss   : 0.5835
2024-05-27 13:58:21,784 - INFO - 
Epoch	18
2024-05-27 13:59:53,674 - INFO - [51200/66739]	Loss  : 1.1188
2024-05-27 14:00:19,271 - INFO - [66560/66739]	Loss  : 1.1200
2024-05-27 14:00:26,936 - INFO - Test loss   : 0.5772
2024-05-27 14:00:26,936 - INFO - 
Epoch	19
2024-05-27 14:01:58,690 - INFO - [51200/66739]	Loss  : 1.1179
2024-05-27 14:02:24,538 - INFO - [66560/66739]	Loss  : 1.1180
2024-05-27 14:02:32,307 - INFO - Test loss   : 0.5838
2024-05-27 14:02:32,307 - INFO - 
Epoch	20
2024-05-27 14:04:04,876 - INFO - [51200/66739]	Loss  : 1.1145
2024-05-27 14:04:30,392 - INFO - [66560/66739]	Loss  : 1.1148
2024-05-27 14:04:38,090 - INFO - Test loss   : 0.5834
2024-05-27 14:04:38,090 - INFO - 
Epoch	21
2024-05-27 14:06:10,206 - INFO - [51200/66739]	Loss  : 1.1151
2024-05-27 14:06:36,295 - INFO - [66560/66739]	Loss  : 1.1140
2024-05-27 14:06:44,019 - INFO - Test loss   : 0.5834
2024-05-27 14:06:44,019 - INFO - 
Epoch	22
2024-05-27 14:08:15,953 - INFO - [51200/66739]	Loss  : 1.1131
2024-05-27 14:08:41,534 - INFO - [66560/66739]	Loss  : 1.1118
2024-05-27 14:08:49,332 - INFO - Test loss   : 0.5859
2024-05-27 14:08:49,332 - INFO - 
Epoch	23
2024-05-27 14:10:21,407 - INFO - [51200/66739]	Loss  : 1.1088
2024-05-27 14:10:46,889 - INFO - [66560/66739]	Loss  : 1.1091
2024-05-27 14:10:54,661 - INFO - Test loss   : 0.5798
2024-05-27 14:10:54,662 - INFO - 
Epoch	24
2024-05-27 14:12:26,294 - INFO - [51200/66739]	Loss  : 1.1037
2024-05-27 14:12:52,140 - INFO - [66560/66739]	Loss  : 1.1066
2024-05-27 14:12:59,883 - INFO - Test loss   : 0.5853
2024-05-27 14:12:59,883 - INFO - 
Epoch	25
2024-05-27 14:14:20,920 - INFO - [51200/66739]	Loss  : 1.1056
2024-05-27 14:14:43,001 - INFO - [66560/66739]	Loss  : 1.1061
2024-05-27 14:14:49,657 - INFO - Test loss   : 0.5849
2024-05-27 14:14:49,657 - INFO - 
Epoch	26
2024-05-27 14:16:08,503 - INFO - [51200/66739]	Loss  : 1.1027
2024-05-27 14:16:30,482 - INFO - [66560/66739]	Loss  : 1.1045
2024-05-27 14:16:37,157 - INFO - Test loss   : 0.5833
2024-05-27 14:16:37,157 - INFO - 
Epoch	27
2024-05-27 14:17:56,350 - INFO - [51200/66739]	Loss  : 1.1069
2024-05-27 14:18:18,389 - INFO - [66560/66739]	Loss  : 1.1064
2024-05-27 14:18:24,991 - INFO - Test loss   : 0.5907
2024-05-27 14:18:24,991 - INFO - 
Epoch	28
2024-05-27 14:19:44,134 - INFO - [51200/66739]	Loss  : 1.1013
2024-05-27 14:20:06,798 - INFO - [66560/66739]	Loss  : 1.1012
2024-05-27 14:20:13,659 - INFO - Test loss   : 0.5826
2024-05-27 14:20:13,659 - INFO - 
Epoch	29
2024-05-27 14:21:32,130 - INFO - [51200/66739]	Loss  : 1.1002
2024-05-27 14:21:53,932 - INFO - [66560/66739]	Loss  : 1.1006
2024-05-27 14:22:00,705 - INFO - Test loss   : 0.5834
2024-05-27 14:22:00,705 - INFO - 
Epoch	30
2024-05-27 14:23:19,544 - INFO - [51200/66739]	Loss  : 1.1015
2024-05-27 14:23:41,458 - INFO - [66560/66739]	Loss  : 1.1022
2024-05-27 14:23:48,034 - INFO - Test loss   : 0.5858
2024-05-27 14:23:48,035 - INFO - 
Epoch	31
2024-05-27 14:25:19,732 - INFO - [51200/66739]	Loss  : 1.0997
2024-05-27 14:25:45,223 - INFO - [66560/66739]	Loss  : 1.0994
2024-05-27 14:25:52,899 - INFO - Test loss   : 0.5869
2024-05-27 14:25:52,899 - INFO - 
Epoch	32
2024-05-27 14:27:24,089 - INFO - [51200/66739]	Loss  : 1.0972
2024-05-27 14:27:49,680 - INFO - [66560/66739]	Loss  : 1.0979
2024-05-27 14:27:57,504 - INFO - Test loss   : 0.5881
2024-05-27 14:27:57,504 - INFO - 
Epoch	33
2024-05-27 14:29:29,174 - INFO - [51200/66739]	Loss  : 1.0976
2024-05-27 14:29:54,576 - INFO - [66560/66739]	Loss  : 1.0983
2024-05-27 14:30:02,374 - INFO - Test loss   : 0.5798
2024-05-27 14:30:02,374 - INFO - 
Epoch	34
2024-05-27 14:31:33,803 - INFO - [51200/66739]	Loss  : 1.0948
2024-05-27 14:31:59,308 - INFO - [66560/66739]	Loss  : 1.0955
2024-05-27 14:32:06,986 - INFO - Test loss   : 0.5804
2024-05-27 14:32:06,986 - INFO - 
Epoch	35
2024-05-27 14:33:38,497 - INFO - [51200/66739]	Loss  : 1.0964
2024-05-27 14:34:03,849 - INFO - [66560/66739]	Loss  : 1.0957
2024-05-27 14:34:11,566 - INFO - Test loss   : 0.5846
2024-05-27 14:34:11,566 - INFO - 
Epoch	36
2024-05-27 14:35:43,533 - INFO - [51200/66739]	Loss  : 1.0900
2024-05-27 14:36:09,538 - INFO - [66560/66739]	Loss  : 1.0922
2024-05-27 14:36:17,392 - INFO - Test loss   : 0.5773
2024-05-27 14:36:17,392 - INFO - 
Epoch	37
2024-05-27 14:37:49,314 - INFO - [51200/66739]	Loss  : 1.0955
2024-05-27 14:38:15,045 - INFO - [66560/66739]	Loss  : 1.0938
2024-05-27 14:38:22,805 - INFO - Test loss   : 0.5847
2024-05-27 14:38:22,805 - INFO - 
Epoch	38
2024-05-27 14:39:54,326 - INFO - [51200/66739]	Loss  : 1.0933
2024-05-27 14:40:19,818 - INFO - [66560/66739]	Loss  : 1.0924
2024-05-27 14:40:27,599 - INFO - Test loss   : 0.5854
2024-05-27 14:40:27,599 - INFO - 
Epoch	39
2024-05-27 14:41:59,044 - INFO - [51200/66739]	Loss  : 1.0908
2024-05-27 14:42:24,563 - INFO - [66560/66739]	Loss  : 1.0903
2024-05-27 14:42:32,391 - INFO - Test loss   : 0.5920
2024-05-27 14:42:32,391 - INFO - 
Epoch	40
2024-05-27 14:44:03,551 - INFO - [51200/66739]	Loss  : 1.0899
2024-05-27 14:44:28,940 - INFO - [66560/66739]	Loss  : 1.0897
2024-05-27 14:44:36,614 - INFO - Test loss   : 0.5845
2024-05-27 14:44:36,614 - INFO - 
Epoch	41
2024-05-27 14:46:07,717 - INFO - [51200/66739]	Loss  : 1.0876
2024-05-27 14:46:33,180 - INFO - [66560/66739]	Loss  : 1.0892
2024-05-27 14:46:40,864 - INFO - Test loss   : 0.5891
2024-05-27 14:46:40,864 - INFO - 
Epoch	42
2024-05-27 14:48:12,177 - INFO - [51200/66739]	Loss  : 1.0864
2024-05-27 14:48:37,568 - INFO - [66560/66739]	Loss  : 1.0870
2024-05-27 14:48:45,263 - INFO - Test loss   : 0.5800
2024-05-27 14:48:45,263 - INFO - 
Epoch	43
2024-05-27 14:50:16,487 - INFO - [51200/66739]	Loss  : 1.0870
2024-05-27 14:50:41,863 - INFO - [66560/66739]	Loss  : 1.0880
2024-05-27 14:50:49,580 - INFO - Test loss   : 0.5859
2024-05-27 14:50:49,580 - INFO - 
Epoch	44
2024-05-27 14:52:16,413 - INFO - [51200/66739]	Loss  : 1.0863
2024-05-27 14:52:37,406 - INFO - [66560/66739]	Loss  : 1.0863
2024-05-27 14:52:43,596 - INFO - Test loss   : 0.5857
2024-05-27 14:52:43,596 - INFO - 
Epoch	45
2024-05-27 14:54:08,788 - INFO - [51200/66739]	Loss  : 1.0827
2024-05-27 14:54:34,668 - INFO - [66560/66739]	Loss  : 1.0838
2024-05-27 14:54:42,580 - INFO - Test loss   : 0.5872
2024-05-27 14:54:42,581 - INFO - 
Epoch	46
2024-05-27 14:56:16,285 - INFO - [51200/66739]	Loss  : 1.0817
2024-05-27 14:56:42,137 - INFO - [66560/66739]	Loss  : 1.0822
2024-05-27 14:56:49,992 - INFO - Test loss   : 0.5845
2024-05-27 14:56:49,992 - INFO - 
Epoch	47
2024-05-27 14:58:21,490 - INFO - [51200/66739]	Loss  : 1.0807
2024-05-27 14:58:46,800 - INFO - [66560/66739]	Loss  : 1.0819
2024-05-27 14:58:54,483 - INFO - Test loss   : 0.5778
2024-05-27 14:58:54,483 - INFO - 
Epoch	48
2024-05-27 15:00:27,442 - INFO - [51200/66739]	Loss  : 1.0815
2024-05-27 15:00:52,972 - INFO - [66560/66739]	Loss  : 1.0813
2024-05-27 15:01:00,681 - INFO - Test loss   : 0.5853
2024-05-27 15:01:00,682 - INFO - 
Epoch	49
2024-05-27 15:02:22,231 - INFO - [51200/66739]	Loss  : 1.0802
2024-05-27 15:02:44,122 - INFO - [66560/66739]	Loss  : 1.0808
2024-05-27 15:02:50,759 - INFO - Test loss   : 0.5866
2024-05-27 15:02:50,759 - INFO - 
Epoch	50
2024-05-27 15:04:09,404 - INFO - [51200/66739]	Loss  : 1.0792
2024-05-27 15:04:31,212 - INFO - [66560/66739]	Loss  : 1.0797
2024-05-27 15:04:37,872 - INFO - Test loss   : 0.5895
2024-05-27 15:04:37,872 - INFO - 
Epoch	51
2024-05-27 15:05:57,226 - INFO - [51200/66739]	Loss  : 1.0825
2024-05-27 15:06:18,592 - INFO - [66560/66739]	Loss  : 1.0817
2024-05-27 15:06:25,097 - INFO - Test loss   : 0.5867
2024-05-27 15:06:25,097 - INFO - 
Epoch	52
2024-05-27 15:07:43,107 - INFO - [51200/66739]	Loss  : 1.0782
2024-05-27 15:08:04,869 - INFO - [66560/66739]	Loss  : 1.0796
2024-05-27 15:08:11,436 - INFO - Test loss   : 0.5861
2024-05-27 15:08:11,436 - INFO - 
Epoch	53
2024-05-27 15:09:29,498 - INFO - [51200/66739]	Loss  : 1.0801
2024-05-27 15:09:51,185 - INFO - [66560/66739]	Loss  : 1.0787
2024-05-27 15:09:57,790 - INFO - Test loss   : 0.5887
2024-05-27 15:09:57,790 - INFO - 
Epoch	54
2024-05-27 15:11:16,051 - INFO - [51200/66739]	Loss  : 1.0771
2024-05-27 15:11:37,826 - INFO - [66560/66739]	Loss  : 1.0772
2024-05-27 15:11:44,418 - INFO - Test loss   : 0.5887
2024-05-27 15:11:44,418 - INFO - 
Epoch	55
2024-05-27 15:13:03,528 - INFO - [51200/66739]	Loss  : 1.0763
2024-05-27 15:13:25,401 - INFO - [66560/66739]	Loss  : 1.0763
2024-05-27 15:13:32,348 - INFO - Test loss   : 0.5837
2024-05-27 15:13:32,348 - INFO - 
Epoch	56
2024-05-27 15:14:52,095 - INFO - [51200/66739]	Loss  : 1.0765
2024-05-27 15:15:13,869 - INFO - [66560/66739]	Loss  : 1.0772
2024-05-27 15:15:20,345 - INFO - Test loss   : 0.5918
2024-05-27 15:15:20,345 - INFO - 
Epoch	57
2024-05-27 15:16:38,427 - INFO - [51200/66739]	Loss  : 1.0717
2024-05-27 15:17:00,158 - INFO - [66560/66739]	Loss  : 1.0737
2024-05-27 15:17:06,689 - INFO - Test loss   : 0.5858
2024-05-27 15:17:06,689 - INFO - 
Epoch	58
2024-05-27 15:18:24,679 - INFO - [51200/66739]	Loss  : 1.0741
2024-05-27 15:18:46,375 - INFO - [66560/66739]	Loss  : 1.0746
2024-05-27 15:18:52,923 - INFO - Test loss   : 0.5868
2024-05-27 15:18:52,923 - INFO - 
Epoch	59
2024-05-27 15:20:17,201 - INFO - [51200/66739]	Loss  : 1.0725
2024-05-27 15:20:43,246 - INFO - [66560/66739]	Loss  : 1.0728
2024-05-27 15:20:51,317 - INFO - Test loss   : 0.5928
2024-05-27 15:20:51,317 - INFO - 
Epoch	60
2024-05-27 15:22:23,794 - INFO - [51200/66739]	Loss  : 1.0712
2024-05-27 15:22:49,145 - INFO - [66560/66739]	Loss  : 1.0724
2024-05-27 15:22:56,720 - INFO - Test loss   : 0.5920
2024-05-27 15:22:56,720 - INFO - 
Epoch	61
2024-05-27 15:24:27,726 - INFO - [51200/66739]	Loss  : 1.0711
2024-05-27 15:24:52,869 - INFO - [66560/66739]	Loss  : 1.0731
2024-05-27 15:25:00,555 - INFO - Test loss   : 0.5841
2024-05-27 15:25:00,555 - INFO - 
Epoch	62
2024-05-27 15:26:31,520 - INFO - [51200/66739]	Loss  : 1.0701
2024-05-27 15:26:56,827 - INFO - [66560/66739]	Loss  : 1.0712
2024-05-27 15:27:04,419 - INFO - Test loss   : 0.5884
2024-05-27 15:27:04,420 - INFO - 
Epoch	63
2024-05-27 15:28:37,667 - INFO - [51200/66739]	Loss  : 1.0718
2024-05-27 15:29:02,258 - INFO - [66560/66739]	Loss  : 1.0721
2024-05-27 15:29:09,763 - INFO - Test loss   : 0.5909
2024-05-27 15:29:09,763 - INFO - 
Epoch	64
2024-05-27 15:30:42,654 - INFO - [51200/66739]	Loss  : 1.0690
2024-05-27 15:31:08,179 - INFO - [66560/66739]	Loss  : 1.0709
2024-05-27 15:31:16,016 - INFO - Test loss   : 0.5901
2024-05-27 15:31:16,016 - INFO - 
Epoch	65
2024-05-27 15:32:47,831 - INFO - [51200/66739]	Loss  : 1.0719
2024-05-27 15:33:13,668 - INFO - [66560/66739]	Loss  : 1.0707
2024-05-27 15:33:21,445 - INFO - Test loss   : 0.5926
2024-05-27 15:33:21,445 - INFO - 
Epoch	66
2024-05-27 15:34:54,466 - INFO - [51200/66739]	Loss  : 1.0684
2024-05-27 15:35:19,726 - INFO - [66560/66739]	Loss  : 1.0687
2024-05-27 15:35:27,357 - INFO - Test loss   : 0.5870
2024-05-27 15:35:27,357 - INFO - 
Epoch	67
2024-05-27 15:36:57,921 - INFO - [51200/66739]	Loss  : 1.0677
2024-05-27 15:37:23,915 - INFO - [66560/66739]	Loss  : 1.0675
2024-05-27 15:37:31,664 - INFO - Test loss   : 0.5923
2024-05-27 15:37:31,664 - INFO - 
Epoch	68
2024-05-27 15:39:03,572 - INFO - [51200/66739]	Loss  : 1.0650
2024-05-27 15:39:29,153 - INFO - [66560/66739]	Loss  : 1.0665
2024-05-27 15:39:36,964 - INFO - Test loss   : 0.5877
2024-05-27 15:39:36,964 - INFO - 
Epoch	69
2024-05-27 15:41:08,856 - INFO - [51200/66739]	Loss  : 1.0668
2024-05-27 15:41:34,283 - INFO - [66560/66739]	Loss  : 1.0685
2024-05-27 15:41:42,046 - INFO - Test loss   : 0.5860
2024-05-27 15:41:42,046 - INFO - 
Epoch	70
2024-05-27 15:43:14,019 - INFO - [51200/66739]	Loss  : 1.0654
2024-05-27 15:43:39,487 - INFO - [66560/66739]	Loss  : 1.0669
2024-05-27 15:43:47,154 - INFO - Test loss   : 0.5842
2024-05-27 15:43:47,155 - INFO - 
Epoch	71
2024-05-27 15:45:19,759 - INFO - [51200/66739]	Loss  : 1.0667
2024-05-27 15:45:45,180 - INFO - [66560/66739]	Loss  : 1.0667
2024-05-27 15:45:52,992 - INFO - Test loss   : 0.5879
2024-05-27 15:45:52,992 - INFO - 
Epoch	72
2024-05-27 15:47:24,909 - INFO - [51200/66739]	Loss  : 1.0659
2024-05-27 15:47:48,515 - INFO - [66560/66739]	Loss  : 1.0658
2024-05-27 15:47:56,223 - INFO - Test loss   : 0.5907
2024-05-27 15:47:56,223 - INFO - 
Epoch	73
2024-05-27 15:49:28,017 - INFO - [51200/66739]	Loss  : 1.0633
2024-05-27 15:49:53,562 - INFO - [66560/66739]	Loss  : 1.0654
2024-05-27 15:50:01,324 - INFO - Test loss   : 0.5885
2024-05-27 15:50:01,324 - INFO - 
Epoch	74
2024-05-27 15:51:33,218 - INFO - [51200/66739]	Loss  : 1.0643
2024-05-27 15:51:59,289 - INFO - [66560/66739]	Loss  : 1.0645
2024-05-27 15:52:07,082 - INFO - Test loss   : 0.5906
2024-05-27 15:52:07,082 - INFO - 
Epoch	75
2024-05-27 15:53:38,076 - INFO - [51200/66739]	Loss  : 1.0629
2024-05-27 15:54:03,630 - INFO - [66560/66739]	Loss  : 1.0645
2024-05-27 15:54:11,305 - INFO - Test loss   : 0.5870
2024-05-27 15:54:11,305 - INFO - 
Epoch	76
2024-05-27 15:55:42,962 - INFO - [51200/66739]	Loss  : 1.0643
2024-05-27 15:56:08,434 - INFO - [66560/66739]	Loss  : 1.0651
2024-05-27 15:56:16,164 - INFO - Test loss   : 0.5932
2024-05-27 15:56:16,164 - INFO - 
Epoch	77
2024-05-27 15:57:46,110 - INFO - [51200/66739]	Loss  : 1.0648
2024-05-27 15:58:08,011 - INFO - [66560/66739]	Loss  : 1.0633
2024-05-27 15:58:14,706 - INFO - Test loss   : 0.5913
2024-05-27 15:58:14,706 - INFO - 
Epoch	78
2024-05-27 15:59:33,498 - INFO - [51200/66739]	Loss  : 1.0643
2024-05-27 15:59:56,069 - INFO - [66560/66739]	Loss  : 1.0638
2024-05-27 16:00:02,775 - INFO - Test loss   : 0.5916
2024-05-27 16:00:02,775 - INFO - 
Epoch	79
2024-05-27 16:01:22,190 - INFO - [51200/66739]	Loss  : 1.0602
2024-05-27 16:01:44,165 - INFO - [66560/66739]	Loss  : 1.0623
2024-05-27 16:01:50,740 - INFO - Test loss   : 0.5898
2024-05-27 16:01:50,740 - INFO - 
Epoch	80
2024-05-27 16:03:09,403 - INFO - [51200/66739]	Loss  : 1.0611
2024-05-27 16:03:31,863 - INFO - [66560/66739]	Loss  : 1.0620
2024-05-27 16:03:38,550 - INFO - Test loss   : 0.5906
2024-05-27 16:03:38,550 - INFO - 
Epoch	81
2024-05-27 16:04:53,501 - INFO - [51200/66739]	Loss  : 1.0621
2024-05-27 16:05:11,699 - INFO - [66560/66739]	Loss  : 1.0622
2024-05-27 16:05:17,316 - INFO - Test loss   : 0.5904
2024-05-27 16:05:17,316 - INFO - 
Epoch	82
2024-05-27 16:06:24,642 - INFO - [51200/66739]	Loss  : 1.0633
2024-05-27 16:06:43,397 - INFO - [66560/66739]	Loss  : 1.0614
2024-05-27 16:06:48,844 - INFO - Test loss   : 0.5910
2024-05-27 16:06:48,844 - INFO - 
Epoch	83
2024-05-27 16:07:54,996 - INFO - [51200/66739]	Loss  : 1.0597
2024-05-27 16:08:13,309 - INFO - [66560/66739]	Loss  : 1.0607
2024-05-27 16:08:18,877 - INFO - Test loss   : 0.5902
2024-05-27 16:08:18,877 - INFO - 
Epoch	84
2024-05-27 16:09:24,804 - INFO - [51200/66739]	Loss  : 1.0582
2024-05-27 16:09:43,238 - INFO - [66560/66739]	Loss  : 1.0598
2024-05-27 16:09:48,730 - INFO - Test loss   : 0.5902
2024-05-27 16:09:48,731 - INFO - 
Epoch	85
2024-05-27 16:10:54,988 - INFO - [51200/66739]	Loss  : 1.0591
2024-05-27 16:11:13,291 - INFO - [66560/66739]	Loss  : 1.0591
2024-05-27 16:11:19,053 - INFO - Test loss   : 0.5917
2024-05-27 16:11:19,053 - INFO - 
Epoch	86
2024-05-27 16:12:24,415 - INFO - [51200/66739]	Loss  : 1.0594
2024-05-27 16:12:42,578 - INFO - [66560/66739]	Loss  : 1.0603
2024-05-27 16:12:48,175 - INFO - Test loss   : 0.5883
2024-05-27 16:12:48,176 - INFO - 
Epoch	87
2024-05-27 16:13:53,988 - INFO - [51200/66739]	Loss  : 1.0578
2024-05-27 16:14:12,125 - INFO - [66560/66739]	Loss  : 1.0597
2024-05-27 16:14:17,616 - INFO - Test loss   : 0.5888
2024-05-27 16:14:17,616 - INFO - 
Epoch	88
2024-05-27 16:15:23,445 - INFO - [51200/66739]	Loss  : 1.0573
2024-05-27 16:15:41,818 - INFO - [66560/66739]	Loss  : 1.0581
2024-05-27 16:15:47,272 - INFO - Test loss   : 0.5971
2024-05-27 16:15:47,272 - INFO - 
Epoch	89
2024-05-27 16:16:52,986 - INFO - [51200/66739]	Loss  : 1.0578
2024-05-27 16:17:11,307 - INFO - [66560/66739]	Loss  : 1.0590
2024-05-27 16:17:16,900 - INFO - Test loss   : 0.5931
2024-05-27 16:17:16,900 - INFO - 
Epoch	90
2024-05-27 16:18:23,690 - INFO - [51200/66739]	Loss  : 1.0582
2024-05-27 16:18:42,367 - INFO - [66560/66739]	Loss  : 1.0570
2024-05-27 16:18:47,965 - INFO - Test loss   : 0.5926
2024-05-27 16:18:47,965 - INFO - 
Epoch	91
2024-05-27 16:19:54,421 - INFO - [51200/66739]	Loss  : 1.0555
2024-05-27 16:20:12,671 - INFO - [66560/66739]	Loss  : 1.0562
2024-05-27 16:20:18,295 - INFO - Test loss   : 0.5916
2024-05-27 16:20:18,296 - INFO - 
Epoch	92
2024-05-27 16:21:24,081 - INFO - [51200/66739]	Loss  : 1.0551
2024-05-27 16:21:42,283 - INFO - [66560/66739]	Loss  : 1.0557
2024-05-27 16:21:47,746 - INFO - Test loss   : 0.5954
2024-05-27 16:21:47,747 - INFO - 
Epoch	93
2024-05-27 16:22:53,807 - INFO - [51200/66739]	Loss  : 1.0554
2024-05-27 16:23:15,941 - INFO - [66560/66739]	Loss  : 1.0566
2024-05-27 16:23:22,785 - INFO - Test loss   : 0.5942
2024-05-27 16:23:22,785 - INFO - 
Epoch	94
2024-05-27 16:24:42,651 - INFO - [51200/66739]	Loss  : 1.0553
2024-05-27 16:25:04,550 - INFO - [66560/66739]	Loss  : 1.0576
2024-05-27 16:25:11,180 - INFO - Test loss   : 0.5907
2024-05-27 16:25:11,180 - INFO - 
Epoch	95
2024-05-27 16:26:30,104 - INFO - [51200/66739]	Loss  : 1.0562
2024-05-27 16:26:51,925 - INFO - [66560/66739]	Loss  : 1.0573
2024-05-27 16:26:58,477 - INFO - Test loss   : 0.5908
2024-05-27 16:26:58,478 - INFO - 
Epoch	96
2024-05-27 16:28:16,967 - INFO - [51200/66739]	Loss  : 1.0574
2024-05-27 16:28:38,929 - INFO - [66560/66739]	Loss  : 1.0567
2024-05-27 16:28:45,483 - INFO - Test loss   : 0.5896
2024-05-27 16:28:45,483 - INFO - 
Epoch	97
2024-05-27 16:29:53,432 - INFO - [51200/66739]	Loss  : 1.0541
2024-05-27 16:30:10,234 - INFO - [66560/66739]	Loss  : 1.0563
2024-05-27 16:30:14,256 - INFO - Test loss   : 0.5897
2024-05-27 16:30:14,257 - INFO - 
Epoch	98
2024-05-27 16:31:20,141 - INFO - [51200/66739]	Loss  : 1.0566
2024-05-27 16:31:42,483 - INFO - [66560/66739]	Loss  : 1.0555
2024-05-27 16:31:49,173 - INFO - Test loss   : 0.5931
2024-05-27 16:31:49,174 - INFO - 
Epoch	99
2024-05-27 16:33:09,494 - INFO - [51200/66739]	Loss  : 1.0544
2024-05-27 16:33:31,616 - INFO - [66560/66739]	Loss  : 1.0544
2024-05-27 16:33:38,380 - INFO - Test loss   : 0.5917
2024-05-27 16:33:38,380 - INFO - Saving output model to ../models/rbf/model_yfcc_rbf_inception_v3_0.0010_64_0.0005000_1_512_200_2.0.pth.tar
2024-05-27 16:33:38,471 - INFO - Saving output model to ../models/rbf/model_yfcc_rbf_inception_v3_0.0010_64_0.0005000_1_512_200_2.0.pth.tar
2024-05-27 16:33:38,490 - INFO - 
No prior
2024-05-27 16:33:38,494 - INFO - (17798,)
2024-05-27 16:33:38,614 - INFO -  Split ID: 0
2024-05-27 16:33:38,614 - INFO -  Top 1	acc (%):   50.15
2024-05-27 16:33:38,614 - INFO -  Top 3	acc (%):   73.9
2024-05-27 16:33:38,614 - INFO -  Top 5	acc (%):   82.45
2024-05-27 16:33:38,615 - INFO -  Top 10	acc (%):   91.06
2024-05-27 16:34:13,756 - INFO -  Split ID: 0
2024-05-27 16:34:13,756 - INFO -  Top 1	acc (%):   51.21
2024-05-27 16:34:13,756 - INFO -  Top 3	acc (%):   75.3
2024-05-27 16:34:13,756 - INFO -  Top 5	acc (%):   83.76
2024-05-27 16:34:13,756 - INFO -  Top 10	acc (%):   92.12
2024-05-27 16:34:13,761 - INFO - 
Only rbf
2024-05-27 16:34:13,761 - INFO -  Model :	model_yfcc_rbf_inception_v3_0.0010_64_0.0005000_1_512_200_2.0.pth.tar
2024-05-27 16:34:13,879 - INFO - (4449,)
2024-05-27 16:34:13,904 - INFO -  Split ID: 0
2024-05-27 16:34:13,906 - INFO -  Top 1	LocEnc acc (%):   10.5
2024-05-27 16:34:13,906 - INFO -  Top 3	LocEnc acc (%):   21.76
2024-05-27 16:34:13,907 - INFO -  Top 5	LocEnc acc (%):   29.94
2024-05-27 16:34:13,907 - INFO -  Top 10	LocEnc acc (%):   44.75
