2024-05-20 19:26:02,816 - INFO - 
num_classes	555
2024-05-20 19:26:02,816 - INFO - num train    	22599
2024-05-20 19:26:02,816 - INFO - num val      	1100
2024-05-20 19:26:02,816 - INFO - train loss   	full_loss
2024-05-20 19:26:02,816 - INFO - model name   	../models/rbf/model_nabirds_ebird_meta_rbf_inception_v3_0.0005_64_0.0005000_1_512_200_2.0.pth.tar
2024-05-20 19:26:02,816 - INFO - num users    	5331
2024-05-20 19:26:02,816 - INFO - meta data    	ebird_meta
2024-05-20 19:26:02,992 - INFO - 
Epoch	0
2024-05-20 19:26:20,214 - INFO - [22528/22599]	Loss  : 2.0251
2024-05-20 19:26:21,026 - INFO - Test loss   : 0.9891
2024-05-20 19:26:21,026 - INFO - 
Epoch	1
2024-05-20 19:26:38,017 - INFO - [22528/22599]	Loss  : 1.6968
2024-05-20 19:26:38,831 - INFO - Test loss   : 1.1061
2024-05-20 19:26:38,831 - INFO - 
Epoch	2
2024-05-20 19:26:55,919 - INFO - [22528/22599]	Loss  : 1.5300
2024-05-20 19:26:56,732 - INFO - Test loss   : 0.9760
2024-05-20 19:26:56,732 - INFO - 
Epoch	3
2024-05-20 19:27:13,699 - INFO - [22528/22599]	Loss  : 1.4354
2024-05-20 19:27:14,511 - INFO - Test loss   : 0.9198
2024-05-20 19:27:14,512 - INFO - 
Epoch	4
2024-05-20 19:27:31,518 - INFO - [22528/22599]	Loss  : 1.3520
2024-05-20 19:27:32,331 - INFO - Test loss   : 0.8631
2024-05-20 19:27:32,331 - INFO - 
Epoch	5
2024-05-20 19:27:49,385 - INFO - [22528/22599]	Loss  : 1.2807
2024-05-20 19:27:50,197 - INFO - Test loss   : 0.8315
2024-05-20 19:27:50,198 - INFO - 
Epoch	6
2024-05-20 19:28:07,200 - INFO - [22528/22599]	Loss  : 1.2314
2024-05-20 19:28:08,013 - INFO - Test loss   : 0.7956
2024-05-20 19:28:08,014 - INFO - 
Epoch	7
2024-05-20 19:28:25,096 - INFO - [22528/22599]	Loss  : 1.1907
2024-05-20 19:28:25,908 - INFO - Test loss   : 0.7737
2024-05-20 19:28:25,908 - INFO - 
Epoch	8
2024-05-20 19:28:42,866 - INFO - [22528/22599]	Loss  : 1.1729
2024-05-20 19:28:43,684 - INFO - Test loss   : 0.7456
2024-05-20 19:28:43,684 - INFO - 
Epoch	9
2024-05-20 19:29:00,776 - INFO - [22528/22599]	Loss  : 1.1435
2024-05-20 19:29:01,589 - INFO - Test loss   : 0.7454
2024-05-20 19:29:01,589 - INFO - 
Epoch	10
2024-05-20 19:29:18,572 - INFO - [22528/22599]	Loss  : 1.1238
2024-05-20 19:29:19,384 - INFO - Test loss   : 0.7320
2024-05-20 19:29:19,404 - INFO - (1100,)
2024-05-20 19:29:19,448 - INFO -  Split ID: 0
2024-05-20 19:29:19,449 - INFO -  Top 1	LocEnc (Epoch 10)acc (%):   2.09
2024-05-20 19:29:19,449 - INFO -  Top 3	LocEnc (Epoch 10)acc (%):   5.18
2024-05-20 19:29:19,449 - INFO -  Top 5	LocEnc (Epoch 10)acc (%):   8.0
2024-05-20 19:29:19,449 - INFO -  Top 10	LocEnc (Epoch 10)acc (%):   13.64
2024-05-20 19:29:19,449 - INFO - 
No prior
2024-05-20 19:29:19,476 - INFO - (24633,)
2024-05-20 19:29:20,135 - INFO -  Split ID: 0
2024-05-20 19:29:20,135 - INFO -  Top 1	(Epoch 10)acc (%):   76.08
2024-05-20 19:29:20,136 - INFO -  Top 3	(Epoch 10)acc (%):   90.98
2024-05-20 19:29:20,136 - INFO -  Top 5	(Epoch 10)acc (%):   94.06
2024-05-20 19:29:20,136 - INFO -  Top 10	(Epoch 10)acc (%):   96.83
2024-05-20 19:29:44,199 - INFO -  Split ID: 0
2024-05-20 19:29:44,199 - INFO -  Top 1	(Epoch 10)acc (%):   80.78
2024-05-20 19:29:44,199 - INFO -  Top 3	(Epoch 10)acc (%):   93.04
2024-05-20 19:29:44,200 - INFO -  Top 5	(Epoch 10)acc (%):   95.6
2024-05-20 19:29:44,200 - INFO -  Top 10	(Epoch 10)acc (%):   97.68
2024-05-20 19:29:44,204 - INFO - 
Epoch	11
2024-05-20 19:30:01,300 - INFO - [22528/22599]	Loss  : 1.1065
2024-05-20 19:30:02,112 - INFO - Test loss   : 0.7276
2024-05-20 19:30:02,113 - INFO - 
Epoch	12
2024-05-20 19:30:18,091 - INFO - [22528/22599]	Loss  : 1.0949
2024-05-20 19:30:18,633 - INFO - Test loss   : 0.7071
2024-05-20 19:30:18,633 - INFO - 
Epoch	13
2024-05-20 19:30:35,088 - INFO - [22528/22599]	Loss  : 1.0840
2024-05-20 19:30:35,901 - INFO - Test loss   : 0.7097
2024-05-20 19:30:35,901 - INFO - 
Epoch	14
2024-05-20 19:30:52,951 - INFO - [22528/22599]	Loss  : 1.0728
2024-05-20 19:30:53,764 - INFO - Test loss   : 0.7056
2024-05-20 19:30:53,764 - INFO - 
Epoch	15
2024-05-20 19:31:10,766 - INFO - [22528/22599]	Loss  : 1.0628
2024-05-20 19:31:11,580 - INFO - Test loss   : 0.6858
2024-05-20 19:31:11,580 - INFO - 
Epoch	16
2024-05-20 19:31:28,642 - INFO - [22528/22599]	Loss  : 1.0555
2024-05-20 19:31:29,454 - INFO - Test loss   : 0.6945
2024-05-20 19:31:29,454 - INFO - 
Epoch	17
2024-05-20 19:31:46,457 - INFO - [22528/22599]	Loss  : 1.0447
2024-05-20 19:31:47,224 - INFO - Test loss   : 0.6705
2024-05-20 19:31:47,224 - INFO - 
Epoch	18
2024-05-20 19:32:02,415 - INFO - [22528/22599]	Loss  : 1.0436
2024-05-20 19:32:03,227 - INFO - Test loss   : 0.6758
2024-05-20 19:32:03,227 - INFO - 
Epoch	19
2024-05-20 19:32:20,264 - INFO - [22528/22599]	Loss  : 1.0315
2024-05-20 19:32:21,076 - INFO - Test loss   : 0.6700
2024-05-20 19:32:21,077 - INFO - 
Epoch	20
2024-05-20 19:32:38,123 - INFO - [22528/22599]	Loss  : 1.0255
2024-05-20 19:32:38,935 - INFO - Test loss   : 0.6626
2024-05-20 19:32:38,952 - INFO - (1100,)
2024-05-20 19:32:38,995 - INFO -  Split ID: 0
2024-05-20 19:32:38,995 - INFO -  Top 1	LocEnc (Epoch 20)acc (%):   2.27
2024-05-20 19:32:38,996 - INFO -  Top 3	LocEnc (Epoch 20)acc (%):   5.64
2024-05-20 19:32:38,996 - INFO -  Top 5	LocEnc (Epoch 20)acc (%):   8.73
2024-05-20 19:32:38,996 - INFO -  Top 10	LocEnc (Epoch 20)acc (%):   16.0
2024-05-20 19:32:38,996 - INFO - 
No prior
2024-05-20 19:32:39,023 - INFO - (24633,)
2024-05-20 19:32:39,677 - INFO -  Split ID: 0
2024-05-20 19:32:39,677 - INFO -  Top 1	(Epoch 20)acc (%):   76.08
2024-05-20 19:32:39,677 - INFO -  Top 3	(Epoch 20)acc (%):   90.98
2024-05-20 19:32:39,677 - INFO -  Top 5	(Epoch 20)acc (%):   94.06
2024-05-20 19:32:39,677 - INFO -  Top 10	(Epoch 20)acc (%):   96.83
2024-05-20 19:33:03,737 - INFO -  Split ID: 0
2024-05-20 19:33:03,737 - INFO -  Top 1	(Epoch 20)acc (%):   81.49
2024-05-20 19:33:03,737 - INFO -  Top 3	(Epoch 20)acc (%):   93.45
2024-05-20 19:33:03,738 - INFO -  Top 5	(Epoch 20)acc (%):   95.75
2024-05-20 19:33:03,738 - INFO -  Top 10	(Epoch 20)acc (%):   97.8
2024-05-20 19:33:03,742 - INFO - 
Epoch	21
2024-05-20 19:33:20,786 - INFO - [22528/22599]	Loss  : 1.0227
2024-05-20 19:33:21,593 - INFO - Test loss   : 0.6532
2024-05-20 19:33:21,593 - INFO - 
Epoch	22
2024-05-20 19:33:38,611 - INFO - [22528/22599]	Loss  : 1.0153
2024-05-20 19:33:39,420 - INFO - Test loss   : 0.6653
2024-05-20 19:33:39,420 - INFO - 
Epoch	23
2024-05-20 19:33:56,528 - INFO - [22528/22599]	Loss  : 1.0084
2024-05-20 19:33:57,341 - INFO - Test loss   : 0.6744
2024-05-20 19:33:57,341 - INFO - 
Epoch	24
2024-05-20 19:34:14,341 - INFO - [22528/22599]	Loss  : 1.0041
2024-05-20 19:34:15,160 - INFO - Test loss   : 0.6706
2024-05-20 19:34:15,161 - INFO - 
Epoch	25
2024-05-20 19:34:32,217 - INFO - [22528/22599]	Loss  : 1.0012
2024-05-20 19:34:33,031 - INFO - Test loss   : 0.6529
2024-05-20 19:34:33,031 - INFO - 
Epoch	26
2024-05-20 19:34:50,023 - INFO - [22528/22599]	Loss  : 0.9973
2024-05-20 19:34:50,835 - INFO - Test loss   : 0.6671
2024-05-20 19:34:50,835 - INFO - 
Epoch	27
2024-05-20 19:35:07,880 - INFO - [22528/22599]	Loss  : 0.9922
2024-05-20 19:35:08,695 - INFO - Test loss   : 0.6532
2024-05-20 19:35:08,695 - INFO - 
Epoch	28
2024-05-20 19:35:25,737 - INFO - [22528/22599]	Loss  : 0.9915
2024-05-20 19:35:26,545 - INFO - Test loss   : 0.6600
2024-05-20 19:35:26,545 - INFO - 
Epoch	29
2024-05-20 19:35:43,587 - INFO - [22528/22599]	Loss  : 0.9822
2024-05-20 19:35:44,400 - INFO - Test loss   : 0.6626
2024-05-20 19:35:44,400 - INFO - Saving output model to ../models/rbf/model_nabirds_ebird_meta_rbf_inception_v3_0.0005_64_0.0005000_1_512_200_2.0.pth.tar
2024-05-20 19:35:44,417 - INFO - Saving output model to ../models/rbf/model_nabirds_ebird_meta_rbf_inception_v3_0.0005_64_0.0005000_1_512_200_2.0.pth.tar
2024-05-20 19:35:44,464 - INFO - 
No prior
2024-05-20 19:35:44,493 - INFO - (24633,)
2024-05-20 19:35:45,149 - INFO -  Split ID: 0
2024-05-20 19:35:45,150 - INFO -  Top 1	acc (%):   76.08
2024-05-20 19:35:45,151 - INFO -  Top 3	acc (%):   90.98
2024-05-20 19:35:45,152 - INFO -  Top 5	acc (%):   94.06
2024-05-20 19:35:45,152 - INFO -  Top 10	acc (%):   96.83
2024-05-20 19:36:09,202 - INFO -  Split ID: 0
2024-05-20 19:36:09,202 - INFO -  Top 1	acc (%):   81.63
2024-05-20 19:36:09,202 - INFO -  Top 3	acc (%):   93.48
2024-05-20 19:36:09,202 - INFO -  Top 5	acc (%):   95.82
2024-05-20 19:36:09,203 - INFO -  Top 10	acc (%):   97.81
2024-05-20 19:36:09,207 - INFO - 
rbf
2024-05-20 19:36:09,207 - INFO -  Model :	model_nabirds_ebird_meta_rbf_inception_v3_0.0005_64_0.0005000_1_512_200_2.0.pth.tar
2024-05-20 19:36:09,239 - INFO - (1100,)
2024-05-20 19:36:09,283 - INFO -  Split ID: 0
2024-05-20 19:36:09,283 - INFO -  Top 1	LocEnc acc (%):   2.0
2024-05-20 19:36:09,284 - INFO -  Top 3	LocEnc acc (%):   6.36
2024-05-20 19:36:09,284 - INFO -  Top 5	LocEnc acc (%):   9.73
2024-05-20 19:36:09,284 - INFO -  Top 10	LocEnc acc (%):   17.27
2024-05-27 13:22:58,254 - INFO - 
num_classes	555
2024-05-27 13:22:58,316 - INFO - num train    	22599
2024-05-27 13:22:58,316 - INFO - num val      	1100
2024-05-27 13:22:58,316 - INFO - train loss   	full_loss
2024-05-27 13:22:58,316 - INFO - model name   	../models/rbf/model_nabirds_ebird_meta_rbf_inception_v3_0.0005_64_0.0005000_1_512_200_2.0.pth.tar
2024-05-27 13:22:58,316 - INFO - num users    	5331
2024-05-27 13:22:58,316 - INFO - meta data    	ebird_meta
2024-05-27 13:22:58,547 - INFO - 
Epoch	0
2024-05-27 13:23:27,205 - INFO - [22528/22599]	Loss  : 2.0265
2024-05-27 13:23:28,544 - INFO - Test loss   : 1.0133
2024-05-27 13:23:28,545 - INFO - 
Epoch	1
2024-05-27 13:23:57,458 - INFO - [22528/22599]	Loss  : 1.6968
2024-05-27 13:23:59,087 - INFO - Test loss   : 1.0961
2024-05-27 13:23:59,087 - INFO - 
Epoch	2
2024-05-27 13:24:32,956 - INFO - [22528/22599]	Loss  : 1.5047
2024-05-27 13:24:34,579 - INFO - Test loss   : 0.9307
2024-05-27 13:24:34,579 - INFO - 
Epoch	3
2024-05-27 13:25:08,549 - INFO - [22528/22599]	Loss  : 1.3978
2024-05-27 13:25:10,162 - INFO - Test loss   : 0.8509
2024-05-27 13:25:10,162 - INFO - 
Epoch	4
2024-05-27 13:25:43,857 - INFO - [22528/22599]	Loss  : 1.3087
2024-05-27 13:25:45,581 - INFO - Test loss   : 0.8115
2024-05-27 13:25:45,581 - INFO - 
Epoch	5
2024-05-27 13:26:19,512 - INFO - [22528/22599]	Loss  : 1.2460
2024-05-27 13:26:21,140 - INFO - Test loss   : 0.7775
2024-05-27 13:26:21,141 - INFO - 
Epoch	6
2024-05-27 13:26:54,903 - INFO - [22528/22599]	Loss  : 1.2052
2024-05-27 13:26:56,529 - INFO - Test loss   : 0.7508
2024-05-27 13:26:56,529 - INFO - 
Epoch	7
2024-05-27 13:27:30,169 - INFO - [22528/22599]	Loss  : 1.1629
2024-05-27 13:27:31,844 - INFO - Test loss   : 0.7356
2024-05-27 13:27:31,844 - INFO - 
Epoch	8
2024-05-27 13:28:07,502 - INFO - [22528/22599]	Loss  : 1.1326
2024-05-27 13:28:09,228 - INFO - Test loss   : 0.7141
2024-05-27 13:28:09,228 - INFO - 
Epoch	9
2024-05-27 13:28:44,068 - INFO - [22528/22599]	Loss  : 1.1110
2024-05-27 13:28:45,670 - INFO - Test loss   : 0.6942
2024-05-27 13:28:45,670 - INFO - 
Epoch	10
2024-05-27 13:29:19,674 - INFO - [22528/22599]	Loss  : 1.0958
2024-05-27 13:29:21,225 - INFO - Test loss   : 0.6812
2024-05-27 13:29:21,225 - INFO - 
Epoch	11
2024-05-27 13:29:55,014 - INFO - [22528/22599]	Loss  : 1.0717
2024-05-27 13:29:56,595 - INFO - Test loss   : 0.6570
2024-05-27 13:29:56,595 - INFO - 
Epoch	12
2024-05-27 13:30:30,563 - INFO - [22528/22599]	Loss  : 1.0603
2024-05-27 13:30:32,176 - INFO - Test loss   : 0.6596
2024-05-27 13:30:32,176 - INFO - 
Epoch	13
2024-05-27 13:31:05,995 - INFO - [22528/22599]	Loss  : 1.0454
2024-05-27 13:31:07,609 - INFO - Test loss   : 0.6553
2024-05-27 13:31:07,609 - INFO - 
Epoch	14
2024-05-27 13:31:41,465 - INFO - [22528/22599]	Loss  : 1.0353
2024-05-27 13:31:43,115 - INFO - Test loss   : 0.6410
2024-05-27 13:31:43,115 - INFO - 
Epoch	15
2024-05-27 13:32:16,092 - INFO - [22528/22599]	Loss  : 1.0249
2024-05-27 13:32:17,444 - INFO - Test loss   : 0.6350
2024-05-27 13:32:17,444 - INFO - 
Epoch	16
2024-05-27 13:32:50,468 - INFO - [22528/22599]	Loss  : 1.0170
2024-05-27 13:32:52,187 - INFO - Test loss   : 0.6271
2024-05-27 13:32:52,187 - INFO - 
Epoch	17
2024-05-27 13:33:31,222 - INFO - [22528/22599]	Loss  : 1.0085
2024-05-27 13:33:33,114 - INFO - Test loss   : 0.6165
2024-05-27 13:33:33,114 - INFO - 
Epoch	18
2024-05-27 13:34:13,020 - INFO - [22528/22599]	Loss  : 1.0008
2024-05-27 13:34:14,958 - INFO - Test loss   : 0.6204
2024-05-27 13:34:14,959 - INFO - 
Epoch	19
2024-05-27 13:34:55,756 - INFO - [22528/22599]	Loss  : 0.9912
2024-05-27 13:34:57,444 - INFO - Test loss   : 0.6122
2024-05-27 13:34:57,444 - INFO - 
Epoch	20
2024-05-27 13:35:36,123 - INFO - [22528/22599]	Loss  : 0.9885
2024-05-27 13:35:38,016 - INFO - Test loss   : 0.6102
2024-05-27 13:35:38,017 - INFO - 
Epoch	21
2024-05-27 13:36:17,318 - INFO - [22528/22599]	Loss  : 0.9810
2024-05-27 13:36:19,324 - INFO - Test loss   : 0.6178
2024-05-27 13:36:19,324 - INFO - 
Epoch	22
2024-05-27 13:36:58,640 - INFO - [22528/22599]	Loss  : 0.9770
2024-05-27 13:37:00,580 - INFO - Test loss   : 0.6173
2024-05-27 13:37:00,580 - INFO - 
Epoch	23
2024-05-27 13:37:39,785 - INFO - [22528/22599]	Loss  : 0.9671
2024-05-27 13:37:41,769 - INFO - Test loss   : 0.6063
2024-05-27 13:37:41,769 - INFO - 
Epoch	24
2024-05-27 13:38:20,885 - INFO - [22528/22599]	Loss  : 0.9675
2024-05-27 13:38:22,793 - INFO - Test loss   : 0.6227
2024-05-27 13:38:22,793 - INFO - 
Epoch	25
2024-05-27 13:39:02,235 - INFO - [22528/22599]	Loss  : 0.9629
2024-05-27 13:39:04,136 - INFO - Test loss   : 0.6170
2024-05-27 13:39:04,136 - INFO - 
Epoch	26
2024-05-27 13:39:43,474 - INFO - [22528/22599]	Loss  : 0.9596
2024-05-27 13:39:45,406 - INFO - Test loss   : 0.6063
2024-05-27 13:39:45,406 - INFO - 
Epoch	27
2024-05-27 13:40:24,655 - INFO - [22528/22599]	Loss  : 0.9529
2024-05-27 13:40:26,498 - INFO - Test loss   : 0.6126
2024-05-27 13:40:26,498 - INFO - 
Epoch	28
2024-05-27 13:41:06,024 - INFO - [22528/22599]	Loss  : 0.9518
2024-05-27 13:41:07,944 - INFO - Test loss   : 0.6122
2024-05-27 13:41:07,944 - INFO - 
Epoch	29
2024-05-27 13:41:47,114 - INFO - [22528/22599]	Loss  : 0.9451
2024-05-27 13:41:49,017 - INFO - Test loss   : 0.6193
2024-05-27 13:41:49,018 - INFO - Saving output model to ../models/rbf/model_nabirds_ebird_meta_rbf_inception_v3_0.0005_64_0.0005000_1_512_200_2.0.pth.tar
2024-05-27 13:41:49,065 - INFO - Saving output model to ../models/rbf/model_nabirds_ebird_meta_rbf_inception_v3_0.0005_64_0.0005000_1_512_200_2.0.pth.tar
2024-05-27 13:41:49,128 - INFO - 
No prior
2024-05-27 13:41:49,158 - INFO - (24633,)
2024-05-27 13:41:49,929 - INFO -  Split ID: 0
2024-05-27 13:41:49,929 - INFO -  Top 1	acc (%):   76.08
2024-05-27 13:41:49,929 - INFO -  Top 3	acc (%):   90.98
2024-05-27 13:41:49,929 - INFO -  Top 5	acc (%):   94.06
2024-05-27 13:41:49,929 - INFO -  Top 10	acc (%):   96.83
2024-05-27 13:42:45,709 - INFO -  Split ID: 0
2024-05-27 13:42:45,710 - INFO -  Top 1	acc (%):   81.61
2024-05-27 13:42:45,710 - INFO -  Top 3	acc (%):   93.57
2024-05-27 13:42:45,710 - INFO -  Top 5	acc (%):   95.83
2024-05-27 13:42:45,710 - INFO -  Top 10	acc (%):   97.83
2024-05-27 13:42:45,717 - INFO - 
Only rbf
2024-05-27 13:42:45,717 - INFO -  Model :	model_nabirds_ebird_meta_rbf_inception_v3_0.0005_64_0.0005000_1_512_200_2.0.pth.tar
2024-05-27 13:42:45,781 - INFO - (1100,)
2024-05-27 13:42:45,849 - INFO -  Split ID: 0
2024-05-27 13:42:45,850 - INFO -  Top 1	LocEnc acc (%):   2.27
2024-05-27 13:42:45,850 - INFO -  Top 3	LocEnc acc (%):   6.55
2024-05-27 13:42:45,850 - INFO -  Top 5	LocEnc acc (%):   9.18
2024-05-27 13:42:45,850 - INFO -  Top 10	LocEnc acc (%):   16.27
