2024-05-20 01:45:07,298 - INFO - 
num_classes	62
2024-05-20 01:45:07,298 - INFO - num train    	363571
2024-05-20 01:45:07,298 - INFO - num val      	53041
2024-05-20 01:45:07,298 - INFO - train loss   	full_loss
2024-05-20 01:45:07,298 - INFO - model name   	../models/rbf/model_fmow_rbf_inception_v3_0.0050_64_0.0005000_1_512_200_2.0.pth.tar
2024-05-20 01:45:07,298 - INFO - num users    	1
2024-05-20 01:45:07,517 - INFO - 
Epoch	0
2024-05-20 01:45:09,968 - INFO - [6144/363571]	Loss  : 1.9496
2024-05-20 01:45:28,545 - INFO - Test loss   : 1.0445
2024-05-20 01:45:28,545 - INFO - 
Epoch	1
2024-05-20 01:45:31,029 - INFO - [6144/363571]	Loss  : 1.7489
2024-05-20 01:45:51,215 - INFO - Test loss   : 1.0270
2024-05-20 01:45:51,215 - INFO - 
Epoch	2
2024-05-20 01:45:53,079 - INFO - [6144/363571]	Loss  : 1.6748
2024-05-20 01:46:09,154 - INFO - Test loss   : 0.8900
2024-05-20 01:46:09,154 - INFO - 
Epoch	3
2024-05-20 01:46:10,620 - INFO - [6144/363571]	Loss  : 1.6440
2024-05-20 01:46:26,348 - INFO - Test loss   : 0.9128
2024-05-20 01:46:26,349 - INFO - 
Epoch	4
2024-05-20 01:46:27,560 - INFO - [6144/363571]	Loss  : 1.6128
2024-05-20 01:46:43,577 - INFO - Test loss   : 0.9201
2024-05-20 01:46:43,577 - INFO - 
Epoch	5
2024-05-20 01:46:46,260 - INFO - [6144/363571]	Loss  : 1.5863
2024-05-20 01:47:02,272 - INFO - Test loss   : 0.8238
2024-05-20 01:47:02,272 - INFO - 
Epoch	6
2024-05-20 01:47:04,051 - INFO - [6144/363571]	Loss  : 1.5711
2024-05-20 01:47:20,448 - INFO - Test loss   : 0.8322
2024-05-20 01:47:20,448 - INFO - 
Epoch	7
2024-05-20 01:47:22,371 - INFO - [6144/363571]	Loss  : 1.5631
2024-05-20 01:47:39,491 - INFO - Test loss   : 0.8910
2024-05-20 01:47:39,491 - INFO - 
Epoch	8
2024-05-20 01:47:41,600 - INFO - [6144/363571]	Loss  : 1.5729
2024-05-20 01:48:00,986 - INFO - Test loss   : 0.8578
2024-05-20 01:48:00,986 - INFO - 
Epoch	9
2024-05-20 01:48:02,736 - INFO - [6144/363571]	Loss  : 1.5584
2024-05-20 01:48:18,404 - INFO - Test loss   : 0.9012
2024-05-20 01:48:18,405 - INFO - 
Epoch	10
2024-05-20 01:48:19,854 - INFO - [6144/363571]	Loss  : 1.5376
2024-05-20 01:48:35,704 - INFO - Test loss   : 0.9314
2024-05-20 01:48:36,549 - INFO - (53041,)
2024-05-20 01:48:36,687 - INFO -  Split ID: 0
2024-05-20 01:48:36,708 - INFO -  Top 1	LocEnc (Epoch 10)acc (%):   14.77
2024-05-20 01:48:36,710 - INFO -  Top 3	LocEnc (Epoch 10)acc (%):   26.05
2024-05-20 01:48:36,711 - INFO -  Top 5	LocEnc (Epoch 10)acc (%):   33.13
2024-05-20 01:48:36,713 - INFO -  Top 10	LocEnc (Epoch 10)acc (%):   44.63
2024-05-20 01:48:36,719 - INFO - 
No prior
2024-05-20 01:48:36,725 - INFO - (53041,)
2024-05-20 01:48:36,878 - INFO -  Split ID: 0
2024-05-20 01:48:36,878 - INFO -  Top 1	(Epoch 10)acc (%):   69.83
2024-05-20 01:48:36,878 - INFO -  Top 3	(Epoch 10)acc (%):   84.61
2024-05-20 01:48:36,878 - INFO -  Top 5	(Epoch 10)acc (%):   89.23
2024-05-20 01:48:36,878 - INFO -  Top 10	(Epoch 10)acc (%):   94.29
2024-05-20 01:49:04,330 - INFO -  Split ID: 0
2024-05-20 01:49:04,330 - INFO -  Top 1	(Epoch 10)acc (%):   70.31
2024-05-20 01:49:04,331 - INFO -  Top 3	(Epoch 10)acc (%):   85.0
2024-05-20 01:49:04,331 - INFO -  Top 5	(Epoch 10)acc (%):   89.64
2024-05-20 01:49:04,331 - INFO -  Top 10	(Epoch 10)acc (%):   94.53
2024-05-20 01:49:04,331 - INFO - 
Epoch	11
2024-05-20 01:49:05,854 - INFO - [6144/363571]	Loss  : 1.5413
2024-05-20 01:49:21,819 - INFO - Test loss   : 0.8961
2024-05-20 01:49:21,819 - INFO - 
Epoch	12
2024-05-20 01:49:23,891 - INFO - [6144/363571]	Loss  : 1.5291
2024-05-20 01:49:41,039 - INFO - Test loss   : 0.8720
2024-05-20 01:49:41,040 - INFO - 
Epoch	13
2024-05-20 01:49:43,521 - INFO - [6144/363571]	Loss  : 1.5265
2024-05-20 01:50:03,452 - INFO - Test loss   : 0.7824
2024-05-20 01:50:03,452 - INFO - 
Epoch	14
2024-05-20 01:50:05,082 - INFO - [6144/363571]	Loss  : 1.5282
2024-05-20 01:50:21,254 - INFO - Test loss   : 0.7546
2024-05-20 01:50:21,254 - INFO - 
Epoch	15
2024-05-20 01:50:24,104 - INFO - [6144/363571]	Loss  : 1.5312
2024-05-20 01:50:40,244 - INFO - Test loss   : 0.9878
2024-05-20 01:50:40,244 - INFO - 
Epoch	16
2024-05-20 01:50:42,939 - INFO - [6144/363571]	Loss  : 1.5364
2024-05-20 01:50:59,030 - INFO - Test loss   : 0.9667
2024-05-20 01:50:59,030 - INFO - 
Epoch	17
2024-05-20 01:51:02,002 - INFO - [6144/363571]	Loss  : 1.5255
2024-05-20 01:51:18,053 - INFO - Test loss   : 0.8318
2024-05-20 01:51:18,053 - INFO - 
Epoch	18
2024-05-20 01:51:20,528 - INFO - [6144/363571]	Loss  : 1.5216
2024-05-20 01:51:36,783 - INFO - Test loss   : 0.7706
2024-05-20 01:51:36,784 - INFO - 
Epoch	19
2024-05-20 01:51:38,976 - INFO - [6144/363571]	Loss  : 1.5227
2024-05-20 01:51:56,198 - INFO - Test loss   : 0.9944
2024-05-20 01:51:56,198 - INFO - 
Epoch	20
2024-05-20 01:51:58,701 - INFO - [6144/363571]	Loss  : 1.5173
2024-05-20 01:52:18,822 - INFO - Test loss   : 0.8544
2024-05-20 01:52:19,650 - INFO - (53041,)
2024-05-20 01:52:19,784 - INFO -  Split ID: 0
2024-05-20 01:52:19,802 - INFO -  Top 1	LocEnc (Epoch 20)acc (%):   15.33
2024-05-20 01:52:19,804 - INFO -  Top 3	LocEnc (Epoch 20)acc (%):   27.39
2024-05-20 01:52:19,806 - INFO -  Top 5	LocEnc (Epoch 20)acc (%):   33.87
2024-05-20 01:52:19,808 - INFO -  Top 10	LocEnc (Epoch 20)acc (%):   47.22
2024-05-20 01:52:19,815 - INFO - 
No prior
2024-05-20 01:52:19,821 - INFO - (53041,)
2024-05-20 01:52:19,971 - INFO -  Split ID: 0
2024-05-20 01:52:19,972 - INFO -  Top 1	(Epoch 20)acc (%):   69.83
2024-05-20 01:52:19,972 - INFO -  Top 3	(Epoch 20)acc (%):   84.61
2024-05-20 01:52:19,972 - INFO -  Top 5	(Epoch 20)acc (%):   89.23
2024-05-20 01:52:19,972 - INFO -  Top 10	(Epoch 20)acc (%):   94.29
2024-05-20 01:52:47,401 - INFO -  Split ID: 0
2024-05-20 01:52:47,401 - INFO -  Top 1	(Epoch 20)acc (%):   70.41
2024-05-20 01:52:47,401 - INFO -  Top 3	(Epoch 20)acc (%):   85.16
2024-05-20 01:52:47,401 - INFO -  Top 5	(Epoch 20)acc (%):   89.75
2024-05-20 01:52:47,402 - INFO -  Top 10	(Epoch 20)acc (%):   94.62
2024-05-20 01:52:47,402 - INFO - 
Epoch	21
2024-05-20 01:52:50,077 - INFO - [6144/363571]	Loss  : 1.4942
2024-05-20 01:53:06,182 - INFO - Test loss   : 0.8277
2024-05-20 01:53:06,182 - INFO - 
Epoch	22
2024-05-20 01:53:08,665 - INFO - [6144/363571]	Loss  : 1.4885
2024-05-20 01:53:25,071 - INFO - Test loss   : 0.9140
2024-05-20 01:53:25,071 - INFO - 
Epoch	23
2024-05-20 01:53:27,594 - INFO - [6144/363571]	Loss  : 1.4988
2024-05-20 01:53:43,806 - INFO - Test loss   : 0.8216
2024-05-20 01:53:43,806 - INFO - 
Epoch	24
2024-05-20 01:53:46,701 - INFO - [6144/363571]	Loss  : 1.4962
2024-05-20 01:54:04,309 - INFO - Test loss   : 0.8755
2024-05-20 01:54:04,309 - INFO - 
Epoch	25
2024-05-20 01:54:06,836 - INFO - [6144/363571]	Loss  : 1.4800
2024-05-20 01:54:26,557 - INFO - Test loss   : 0.8367
2024-05-20 01:54:26,557 - INFO - 
Epoch	26
2024-05-20 01:54:27,670 - INFO - [6144/363571]	Loss  : 1.4915
2024-05-20 01:54:43,606 - INFO - Test loss   : 0.8540
2024-05-20 01:54:43,606 - INFO - 
Epoch	27
2024-05-20 01:54:46,564 - INFO - [6144/363571]	Loss  : 1.4857
2024-05-20 01:55:02,773 - INFO - Test loss   : 0.8691
2024-05-20 01:55:02,774 - INFO - 
Epoch	28
2024-05-20 01:55:05,693 - INFO - [6144/363571]	Loss  : 1.4858
2024-05-20 01:55:21,989 - INFO - Test loss   : 0.8578
2024-05-20 01:55:21,989 - INFO - 
Epoch	29
2024-05-20 01:55:23,626 - INFO - [6144/363571]	Loss  : 1.4842
2024-05-20 01:55:39,607 - INFO - Test loss   : 0.8065
2024-05-20 01:55:39,607 - INFO - 
Epoch	30
2024-05-20 01:55:41,907 - INFO - [6144/363571]	Loss  : 1.4858
2024-05-20 01:55:58,188 - INFO - Test loss   : 0.8683
2024-05-20 01:55:59,026 - INFO - (53041,)
2024-05-20 01:55:59,165 - INFO -  Split ID: 0
2024-05-20 01:55:59,184 - INFO -  Top 1	LocEnc (Epoch 30)acc (%):   15.43
2024-05-20 01:55:59,185 - INFO -  Top 3	LocEnc (Epoch 30)acc (%):   27.73
2024-05-20 01:55:59,187 - INFO -  Top 5	LocEnc (Epoch 30)acc (%):   34.59
2024-05-20 01:55:59,189 - INFO -  Top 10	LocEnc (Epoch 30)acc (%):   48.22
2024-05-20 01:55:59,196 - INFO - 
No prior
2024-05-20 01:55:59,202 - INFO - (53041,)
2024-05-20 01:55:59,355 - INFO -  Split ID: 0
2024-05-20 01:55:59,355 - INFO -  Top 1	(Epoch 30)acc (%):   69.83
2024-05-20 01:55:59,355 - INFO -  Top 3	(Epoch 30)acc (%):   84.61
2024-05-20 01:55:59,355 - INFO -  Top 5	(Epoch 30)acc (%):   89.23
2024-05-20 01:55:59,355 - INFO -  Top 10	(Epoch 30)acc (%):   94.29
2024-05-20 01:56:26,970 - INFO -  Split ID: 0
2024-05-20 01:56:26,971 - INFO -  Top 1	(Epoch 30)acc (%):   70.47
2024-05-20 01:56:26,971 - INFO -  Top 3	(Epoch 30)acc (%):   85.2
2024-05-20 01:56:26,971 - INFO -  Top 5	(Epoch 30)acc (%):   89.76
2024-05-20 01:56:26,971 - INFO -  Top 10	(Epoch 30)acc (%):   94.71
2024-05-20 01:56:26,972 - INFO - 
Epoch	31
2024-05-20 01:56:29,467 - INFO - [6144/363571]	Loss  : 1.4778
2024-05-20 01:56:32,559 - INFO - Test loss   : 0.9368
2024-05-20 01:56:32,559 - INFO - 
Epoch	32
2024-05-20 01:56:33,003 - INFO - [6144/363571]	Loss  : 1.4865
2024-05-20 01:56:35,760 - INFO - Test loss   : 0.8962
2024-05-20 01:56:35,760 - INFO - 
Epoch	33
2024-05-20 01:56:36,201 - INFO - [6144/363571]	Loss  : 1.4776
2024-05-20 01:56:38,851 - INFO - Test loss   : 0.8235
2024-05-20 01:56:38,851 - INFO - 
Epoch	34
2024-05-20 01:56:39,340 - INFO - [6144/363571]	Loss  : 1.4667
2024-05-20 01:56:42,047 - INFO - Test loss   : 0.8026
2024-05-20 01:56:42,047 - INFO - 
Epoch	35
2024-05-20 01:56:42,491 - INFO - [6144/363571]	Loss  : 1.4601
2024-05-20 01:56:45,169 - INFO - Test loss   : 0.8559
2024-05-20 01:56:45,169 - INFO - 
Epoch	36
2024-05-20 01:56:45,613 - INFO - [6144/363571]	Loss  : 1.4585
2024-05-20 01:56:48,381 - INFO - Test loss   : 0.8992
2024-05-20 01:56:48,382 - INFO - 
Epoch	37
2024-05-20 01:56:48,825 - INFO - [6144/363571]	Loss  : 1.4505
2024-05-20 01:56:51,495 - INFO - Test loss   : 0.8997
2024-05-20 01:56:51,495 - INFO - 
Epoch	38
2024-05-20 01:56:51,939 - INFO - [6144/363571]	Loss  : 1.4615
2024-05-20 01:56:54,732 - INFO - Test loss   : 0.8405
2024-05-20 01:56:54,732 - INFO - 
Epoch	39
2024-05-20 01:56:55,177 - INFO - [6144/363571]	Loss  : 1.4591
2024-05-20 01:56:57,856 - INFO - Test loss   : 0.8630
2024-05-20 01:56:57,856 - INFO - 
Epoch	40
2024-05-20 01:56:58,352 - INFO - [6144/363571]	Loss  : 1.4612
2024-05-20 01:57:01,067 - INFO - Test loss   : 0.8169
2024-05-20 01:57:01,829 - INFO - (53041,)
2024-05-20 01:57:02,061 - INFO -  Split ID: 0
2024-05-20 01:57:02,080 - INFO -  Top 1	LocEnc (Epoch 40)acc (%):   15.64
2024-05-20 01:57:02,081 - INFO -  Top 3	LocEnc (Epoch 40)acc (%):   27.37
2024-05-20 01:57:02,083 - INFO -  Top 5	LocEnc (Epoch 40)acc (%):   35.46
2024-05-20 01:57:02,085 - INFO -  Top 10	LocEnc (Epoch 40)acc (%):   49.31
2024-05-20 01:57:02,095 - INFO - 
No prior
2024-05-20 01:57:02,102 - INFO - (53041,)
2024-05-20 01:57:02,276 - INFO -  Split ID: 0
2024-05-20 01:57:02,277 - INFO -  Top 1	(Epoch 40)acc (%):   69.83
2024-05-20 01:57:02,277 - INFO -  Top 3	(Epoch 40)acc (%):   84.61
2024-05-20 01:57:02,277 - INFO -  Top 5	(Epoch 40)acc (%):   89.23
2024-05-20 01:57:02,277 - INFO -  Top 10	(Epoch 40)acc (%):   94.29
2024-05-20 01:57:21,042 - INFO -  Split ID: 0
2024-05-20 01:57:21,042 - INFO -  Top 1	(Epoch 40)acc (%):   70.55
2024-05-20 01:57:21,042 - INFO -  Top 3	(Epoch 40)acc (%):   85.23
2024-05-20 01:57:21,042 - INFO -  Top 5	(Epoch 40)acc (%):   89.85
2024-05-20 01:57:21,042 - INFO -  Top 10	(Epoch 40)acc (%):   94.7
2024-05-20 01:57:21,043 - INFO - 
Epoch	41
2024-05-20 01:57:21,481 - INFO - [6144/363571]	Loss  : 1.4514
2024-05-20 01:57:24,141 - INFO - Test loss   : 0.8508
2024-05-20 01:57:24,141 - INFO - 
Epoch	42
2024-05-20 01:57:24,584 - INFO - [6144/363571]	Loss  : 1.4433
2024-05-20 01:57:27,331 - INFO - Test loss   : 0.8440
2024-05-20 01:57:27,331 - INFO - 
Epoch	43
2024-05-20 01:57:27,774 - INFO - [6144/363571]	Loss  : 1.4382
2024-05-20 01:57:30,443 - INFO - Test loss   : 0.9251
2024-05-20 01:57:30,443 - INFO - 
Epoch	44
2024-05-20 01:57:30,890 - INFO - [6144/363571]	Loss  : 1.4424
2024-05-20 01:57:33,664 - INFO - Test loss   : 0.8599
2024-05-20 01:57:33,664 - INFO - 
Epoch	45
2024-05-20 01:57:34,108 - INFO - [6144/363571]	Loss  : 1.4495
2024-05-20 01:57:36,781 - INFO - Test loss   : 0.8369
2024-05-20 01:57:36,781 - INFO - 
Epoch	46
2024-05-20 01:57:37,271 - INFO - [6144/363571]	Loss  : 1.4396
2024-05-20 01:57:39,993 - INFO - Test loss   : 0.8390
2024-05-20 01:57:39,994 - INFO - 
Epoch	47
2024-05-20 01:57:40,437 - INFO - [6144/363571]	Loss  : 1.4459
2024-05-20 01:57:43,153 - INFO - Test loss   : 0.7876
2024-05-20 01:57:43,154 - INFO - 
Epoch	48
2024-05-20 01:57:43,595 - INFO - [6144/363571]	Loss  : 1.4402
2024-05-20 01:57:46,353 - INFO - Test loss   : 0.8483
2024-05-20 01:57:46,353 - INFO - 
Epoch	49
2024-05-20 01:57:47,125 - INFO - [6144/363571]	Loss  : 1.4423
2024-05-20 01:57:57,267 - INFO - Test loss   : 0.8791
2024-05-20 01:57:57,267 - INFO - 
Epoch	50
2024-05-20 01:57:58,598 - INFO - [6144/363571]	Loss  : 1.4343
2024-05-20 01:58:08,910 - INFO - Test loss   : 0.8636
2024-05-20 01:58:09,667 - INFO - (53041,)
2024-05-20 01:58:09,804 - INFO -  Split ID: 0
2024-05-20 01:58:09,823 - INFO -  Top 1	LocEnc (Epoch 50)acc (%):   16.17
2024-05-20 01:58:09,824 - INFO -  Top 3	LocEnc (Epoch 50)acc (%):   29.4
2024-05-20 01:58:09,826 - INFO -  Top 5	LocEnc (Epoch 50)acc (%):   35.73
2024-05-20 01:58:09,828 - INFO -  Top 10	LocEnc (Epoch 50)acc (%):   49.41
2024-05-20 01:58:09,836 - INFO - 
No prior
2024-05-20 01:58:09,842 - INFO - (53041,)
2024-05-20 01:58:09,992 - INFO -  Split ID: 0
2024-05-20 01:58:09,993 - INFO -  Top 1	(Epoch 50)acc (%):   69.83
2024-05-20 01:58:09,993 - INFO -  Top 3	(Epoch 50)acc (%):   84.61
2024-05-20 01:58:09,993 - INFO -  Top 5	(Epoch 50)acc (%):   89.23
2024-05-20 01:58:09,993 - INFO -  Top 10	(Epoch 50)acc (%):   94.29
2024-05-20 01:58:41,176 - INFO -  Split ID: 0
2024-05-20 01:58:41,177 - INFO -  Top 1	(Epoch 50)acc (%):   70.54
2024-05-20 01:58:41,177 - INFO -  Top 3	(Epoch 50)acc (%):   85.27
2024-05-20 01:58:41,177 - INFO -  Top 5	(Epoch 50)acc (%):   89.89
2024-05-20 01:58:41,177 - INFO -  Top 10	(Epoch 50)acc (%):   94.73
2024-05-20 01:58:41,178 - INFO - 
Epoch	51
2024-05-20 01:58:43,031 - INFO - [6144/363571]	Loss  : 1.4315
2024-05-20 01:58:59,356 - INFO - Test loss   : 0.8582
2024-05-20 01:58:59,356 - INFO - 
Epoch	52
2024-05-20 01:59:02,073 - INFO - [6144/363571]	Loss  : 1.4292
2024-05-20 01:59:17,981 - INFO - Test loss   : 0.8216
2024-05-20 01:59:17,981 - INFO - 
Epoch	53
2024-05-20 01:59:20,046 - INFO - [6144/363571]	Loss  : 1.4357
2024-05-20 01:59:36,291 - INFO - Test loss   : 0.8640
2024-05-20 01:59:36,291 - INFO - 
Epoch	54
2024-05-20 01:59:39,235 - INFO - [6144/363571]	Loss  : 1.4385
2024-05-20 01:59:55,609 - INFO - Test loss   : 0.8889
2024-05-20 01:59:55,609 - INFO - 
Epoch	55
2024-05-20 01:59:57,988 - INFO - [6144/363571]	Loss  : 1.4382
2024-05-20 02:00:14,383 - INFO - Test loss   : 0.8710
2024-05-20 02:00:14,383 - INFO - 
Epoch	56
2024-05-20 02:00:17,315 - INFO - [6144/363571]	Loss  : 1.4285
2024-05-20 02:00:34,081 - INFO - Test loss   : 0.7661
2024-05-20 02:00:34,082 - INFO - 
Epoch	57
2024-05-20 02:00:36,586 - INFO - [6144/363571]	Loss  : 1.4349
2024-05-20 02:00:54,358 - INFO - Test loss   : 0.8916
2024-05-20 02:00:54,358 - INFO - 
Epoch	58
2024-05-20 02:00:56,490 - INFO - [6144/363571]	Loss  : 1.4213
2024-05-20 02:01:12,496 - INFO - Test loss   : 0.8774
2024-05-20 02:01:12,497 - INFO - 
Epoch	59
2024-05-20 02:01:13,673 - INFO - [6144/363571]	Loss  : 1.4379
2024-05-20 02:01:29,317 - INFO - Test loss   : 0.8125
2024-05-20 02:01:29,317 - INFO - 
Epoch	60
2024-05-20 02:01:30,571 - INFO - [6144/363571]	Loss  : 1.4240
2024-05-20 02:01:46,531 - INFO - Test loss   : 0.8148
2024-05-20 02:01:47,297 - INFO - (53041,)
2024-05-20 02:01:47,435 - INFO -  Split ID: 0
2024-05-20 02:01:47,456 - INFO -  Top 1	LocEnc (Epoch 60)acc (%):   16.39
2024-05-20 02:01:47,458 - INFO -  Top 3	LocEnc (Epoch 60)acc (%):   29.54
2024-05-20 02:01:47,460 - INFO -  Top 5	LocEnc (Epoch 60)acc (%):   36.72
2024-05-20 02:01:47,462 - INFO -  Top 10	LocEnc (Epoch 60)acc (%):   49.01
2024-05-20 02:01:47,467 - INFO - 
No prior
2024-05-20 02:01:47,472 - INFO - (53041,)
2024-05-20 02:01:47,624 - INFO -  Split ID: 0
2024-05-20 02:01:47,624 - INFO -  Top 1	(Epoch 60)acc (%):   69.83
2024-05-20 02:01:47,624 - INFO -  Top 3	(Epoch 60)acc (%):   84.61
2024-05-20 02:01:47,624 - INFO -  Top 5	(Epoch 60)acc (%):   89.23
2024-05-20 02:01:47,624 - INFO -  Top 10	(Epoch 60)acc (%):   94.29
2024-05-20 02:02:15,080 - INFO -  Split ID: 0
2024-05-20 02:02:15,080 - INFO -  Top 1	(Epoch 60)acc (%):   70.61
2024-05-20 02:02:15,080 - INFO -  Top 3	(Epoch 60)acc (%):   85.28
2024-05-20 02:02:15,080 - INFO -  Top 5	(Epoch 60)acc (%):   89.93
2024-05-20 02:02:15,081 - INFO -  Top 10	(Epoch 60)acc (%):   94.76
2024-05-20 02:02:15,081 - INFO - 
Epoch	61
2024-05-20 02:02:16,315 - INFO - [6144/363571]	Loss  : 1.4258
2024-05-20 02:02:33,813 - INFO - Test loss   : 0.9028
2024-05-20 02:02:33,814 - INFO - 
Epoch	62
2024-05-20 02:02:36,348 - INFO - [6144/363571]	Loss  : 1.4333
2024-05-20 02:02:56,514 - INFO - Test loss   : 0.8219
2024-05-20 02:02:56,514 - INFO - 
Epoch	63
2024-05-20 02:02:59,457 - INFO - [6144/363571]	Loss  : 1.4214
2024-05-20 02:03:15,508 - INFO - Test loss   : 0.8046
2024-05-20 02:03:15,508 - INFO - 
Epoch	64
2024-05-20 02:03:18,058 - INFO - [6144/363571]	Loss  : 1.4260
2024-05-20 02:03:34,149 - INFO - Test loss   : 0.8742
2024-05-20 02:03:34,149 - INFO - 
Epoch	65
2024-05-20 02:03:37,007 - INFO - [6144/363571]	Loss  : 1.4329
2024-05-20 02:03:53,011 - INFO - Test loss   : 0.8481
2024-05-20 02:03:53,011 - INFO - 
Epoch	66
2024-05-20 02:03:56,132 - INFO - [6144/363571]	Loss  : 1.4161
2024-05-20 02:04:12,164 - INFO - Test loss   : 0.8349
2024-05-20 02:04:12,165 - INFO - 
Epoch	67
2024-05-20 02:04:14,001 - INFO - [6144/363571]	Loss  : 1.4012
2024-05-20 02:04:30,151 - INFO - Test loss   : 0.7964
2024-05-20 02:04:30,151 - INFO - 
Epoch	68
2024-05-20 02:04:33,042 - INFO - [6144/363571]	Loss  : 1.4240
2024-05-20 02:04:50,852 - INFO - Test loss   : 0.7539
2024-05-20 02:04:50,852 - INFO - 
Epoch	69
2024-05-20 02:04:53,300 - INFO - [6144/363571]	Loss  : 1.4079
2024-05-20 02:05:12,172 - INFO - Test loss   : 0.9241
2024-05-20 02:05:12,172 - INFO - 
Epoch	70
2024-05-20 02:05:13,734 - INFO - [6144/363571]	Loss  : 1.4219
2024-05-20 02:05:29,784 - INFO - Test loss   : 0.8596
2024-05-20 02:05:30,621 - INFO - (53041,)
2024-05-20 02:05:30,756 - INFO -  Split ID: 0
2024-05-20 02:05:30,776 - INFO -  Top 1	LocEnc (Epoch 70)acc (%):   16.71
2024-05-20 02:05:30,778 - INFO -  Top 3	LocEnc (Epoch 70)acc (%):   28.67
2024-05-20 02:05:30,780 - INFO -  Top 5	LocEnc (Epoch 70)acc (%):   35.84
2024-05-20 02:05:30,782 - INFO -  Top 10	LocEnc (Epoch 70)acc (%):   49.54
2024-05-20 02:05:30,789 - INFO - 
No prior
2024-05-20 02:05:30,795 - INFO - (53041,)
2024-05-20 02:05:30,946 - INFO -  Split ID: 0
2024-05-20 02:05:30,947 - INFO -  Top 1	(Epoch 70)acc (%):   69.83
2024-05-20 02:05:30,947 - INFO -  Top 3	(Epoch 70)acc (%):   84.61
2024-05-20 02:05:30,947 - INFO -  Top 5	(Epoch 70)acc (%):   89.23
2024-05-20 02:05:30,947 - INFO -  Top 10	(Epoch 70)acc (%):   94.29
2024-05-20 02:05:58,389 - INFO -  Split ID: 0
2024-05-20 02:05:58,389 - INFO -  Top 1	(Epoch 70)acc (%):   70.61
2024-05-20 02:05:58,390 - INFO -  Top 3	(Epoch 70)acc (%):   85.26
2024-05-20 02:05:58,390 - INFO -  Top 5	(Epoch 70)acc (%):   89.92
2024-05-20 02:05:58,390 - INFO -  Top 10	(Epoch 70)acc (%):   94.76
2024-05-20 02:05:58,391 - INFO - 
Epoch	71
2024-05-20 02:06:00,572 - INFO - [6144/363571]	Loss  : 1.4255
2024-05-20 02:06:16,540 - INFO - Test loss   : 0.7925
2024-05-20 02:06:16,540 - INFO - 
Epoch	72
2024-05-20 02:06:18,227 - INFO - [6144/363571]	Loss  : 1.4003
2024-05-20 02:06:34,293 - INFO - Test loss   : 0.8432
2024-05-20 02:06:34,294 - INFO - 
Epoch	73
2024-05-20 02:06:37,143 - INFO - [6144/363571]	Loss  : 1.4279
2024-05-20 02:06:54,564 - INFO - Test loss   : 0.8315
2024-05-20 02:06:54,564 - INFO - 
Epoch	74
2024-05-20 02:06:57,096 - INFO - [6144/363571]	Loss  : 1.4129
2024-05-20 02:07:15,674 - INFO - Test loss   : 0.8303
2024-05-20 02:07:15,674 - INFO - 
Epoch	75
2024-05-20 02:07:18,683 - INFO - [6144/363571]	Loss  : 1.4203
2024-05-20 02:07:34,808 - INFO - Test loss   : 0.8224
2024-05-20 02:07:34,808 - INFO - 
Epoch	76
2024-05-20 02:07:37,821 - INFO - [6144/363571]	Loss  : 1.4010
2024-05-20 02:07:53,990 - INFO - Test loss   : 0.7897
2024-05-20 02:07:53,991 - INFO - 
Epoch	77
2024-05-20 02:07:56,955 - INFO - [6144/363571]	Loss  : 1.4112
2024-05-20 02:08:12,855 - INFO - Test loss   : 0.8891
2024-05-20 02:08:12,856 - INFO - 
Epoch	78
2024-05-20 02:08:14,910 - INFO - [6144/363571]	Loss  : 1.3977
2024-05-20 02:08:31,054 - INFO - Test loss   : 0.8069
2024-05-20 02:08:31,054 - INFO - 
Epoch	79
2024-05-20 02:08:32,342 - INFO - [6144/363571]	Loss  : 1.3934
2024-05-20 02:08:48,197 - INFO - Test loss   : 0.8067
2024-05-20 02:08:48,197 - INFO - 
Epoch	80
2024-05-20 02:08:49,623 - INFO - [6144/363571]	Loss  : 1.4022
2024-05-20 02:09:08,879 - INFO - Test loss   : 0.8244
2024-05-20 02:09:09,719 - INFO - (53041,)
2024-05-20 02:09:09,857 - INFO -  Split ID: 0
2024-05-20 02:09:09,876 - INFO -  Top 1	LocEnc (Epoch 80)acc (%):   17.49
2024-05-20 02:09:09,878 - INFO -  Top 3	LocEnc (Epoch 80)acc (%):   29.97
2024-05-20 02:09:09,880 - INFO -  Top 5	LocEnc (Epoch 80)acc (%):   36.16
2024-05-20 02:09:09,882 - INFO -  Top 10	LocEnc (Epoch 80)acc (%):   50.55
2024-05-20 02:09:09,890 - INFO - 
No prior
2024-05-20 02:09:09,896 - INFO - (53041,)
2024-05-20 02:09:10,048 - INFO -  Split ID: 0
2024-05-20 02:09:10,048 - INFO -  Top 1	(Epoch 80)acc (%):   69.83
2024-05-20 02:09:10,048 - INFO -  Top 3	(Epoch 80)acc (%):   84.61
2024-05-20 02:09:10,048 - INFO -  Top 5	(Epoch 80)acc (%):   89.23
2024-05-20 02:09:10,048 - INFO -  Top 10	(Epoch 80)acc (%):   94.29
2024-05-20 02:09:37,620 - INFO -  Split ID: 0
2024-05-20 02:09:37,620 - INFO -  Top 1	(Epoch 80)acc (%):   70.68
2024-05-20 02:09:37,621 - INFO -  Top 3	(Epoch 80)acc (%):   85.3
2024-05-20 02:09:37,621 - INFO -  Top 5	(Epoch 80)acc (%):   89.96
2024-05-20 02:09:37,621 - INFO -  Top 10	(Epoch 80)acc (%):   94.78
2024-05-20 02:09:37,621 - INFO - 
Epoch	81
2024-05-20 02:09:40,377 - INFO - [6144/363571]	Loss  : 1.4026
2024-05-20 02:09:56,580 - INFO - Test loss   : 0.8392
2024-05-20 02:09:56,580 - INFO - 
Epoch	82
2024-05-20 02:09:59,135 - INFO - [6144/363571]	Loss  : 1.4001
2024-05-20 02:10:15,636 - INFO - Test loss   : 0.8100
2024-05-20 02:10:15,636 - INFO - 
Epoch	83
2024-05-20 02:10:17,662 - INFO - [6144/363571]	Loss  : 1.3978
2024-05-20 02:10:33,750 - INFO - Test loss   : 0.8179
2024-05-20 02:10:33,751 - INFO - 
Epoch	84
2024-05-20 02:10:36,673 - INFO - [6144/363571]	Loss  : 1.3992
2024-05-20 02:10:52,894 - INFO - Test loss   : 0.7732
2024-05-20 02:10:52,894 - INFO - 
Epoch	85
2024-05-20 02:10:54,542 - INFO - [6144/363571]	Loss  : 1.3955
2024-05-20 02:11:12,953 - INFO - Test loss   : 0.7985
2024-05-20 02:11:12,953 - INFO - 
Epoch	86
2024-05-20 02:11:15,426 - INFO - [6144/363571]	Loss  : 1.4003
2024-05-20 02:11:34,029 - INFO - Test loss   : 0.8278
2024-05-20 02:11:34,029 - INFO - 
Epoch	87
2024-05-20 02:11:36,919 - INFO - [6144/363571]	Loss  : 1.4047
2024-05-20 02:11:52,899 - INFO - Test loss   : 0.7683
2024-05-20 02:11:52,900 - INFO - 
Epoch	88
2024-05-20 02:11:55,888 - INFO - [6144/363571]	Loss  : 1.3896
2024-05-20 02:12:11,842 - INFO - Test loss   : 0.8383
2024-05-20 02:12:11,842 - INFO - 
Epoch	89
2024-05-20 02:12:14,451 - INFO - [6144/363571]	Loss  : 1.3755
2024-05-20 02:12:30,310 - INFO - Test loss   : 0.8096
2024-05-20 02:12:30,310 - INFO - 
Epoch	90
2024-05-20 02:12:31,788 - INFO - [6144/363571]	Loss  : 1.3958
2024-05-20 02:12:47,824 - INFO - Test loss   : 0.7349
2024-05-20 02:12:48,655 - INFO - (53041,)
2024-05-20 02:12:48,793 - INFO -  Split ID: 0
2024-05-20 02:12:48,812 - INFO -  Top 1	LocEnc (Epoch 90)acc (%):   16.78
2024-05-20 02:12:48,814 - INFO -  Top 3	LocEnc (Epoch 90)acc (%):   29.05
2024-05-20 02:12:48,816 - INFO -  Top 5	LocEnc (Epoch 90)acc (%):   36.07
2024-05-20 02:12:48,817 - INFO -  Top 10	LocEnc (Epoch 90)acc (%):   51.78
2024-05-20 02:12:48,824 - INFO - 
No prior
2024-05-20 02:12:48,830 - INFO - (53041,)
2024-05-20 02:12:48,981 - INFO -  Split ID: 0
2024-05-20 02:12:48,981 - INFO -  Top 1	(Epoch 90)acc (%):   69.83
2024-05-20 02:12:48,981 - INFO -  Top 3	(Epoch 90)acc (%):   84.61
2024-05-20 02:12:48,981 - INFO -  Top 5	(Epoch 90)acc (%):   89.23
2024-05-20 02:12:48,981 - INFO -  Top 10	(Epoch 90)acc (%):   94.29
2024-05-20 02:13:16,487 - INFO -  Split ID: 0
2024-05-20 02:13:16,487 - INFO -  Top 1	(Epoch 90)acc (%):   70.65
2024-05-20 02:13:16,487 - INFO -  Top 3	(Epoch 90)acc (%):   85.32
2024-05-20 02:13:16,487 - INFO -  Top 5	(Epoch 90)acc (%):   89.93
2024-05-20 02:13:16,487 - INFO -  Top 10	(Epoch 90)acc (%):   94.8
2024-05-20 02:13:16,488 - INFO - 
Epoch	91
2024-05-20 02:13:18,974 - INFO - [6144/363571]	Loss  : 1.3932
2024-05-20 02:13:36,912 - INFO - Test loss   : 0.8318
2024-05-20 02:13:36,912 - INFO - 
Epoch	92
2024-05-20 02:13:39,803 - INFO - [6144/363571]	Loss  : 1.3955
2024-05-20 02:13:56,063 - INFO - Test loss   : 0.8082
2024-05-20 02:13:56,063 - INFO - 
Epoch	93
2024-05-20 02:13:57,531 - INFO - [6144/363571]	Loss  : 1.3895
2024-05-20 02:14:13,446 - INFO - Test loss   : 0.8027
2024-05-20 02:14:13,446 - INFO - 
Epoch	94
2024-05-20 02:14:14,996 - INFO - [6144/363571]	Loss  : 1.3869
2024-05-20 02:14:30,862 - INFO - Test loss   : 0.7987
2024-05-20 02:14:30,862 - INFO - 
Epoch	95
2024-05-20 02:14:33,375 - INFO - [6144/363571]	Loss  : 1.4040
2024-05-20 02:14:49,508 - INFO - Test loss   : 0.8088
2024-05-20 02:14:49,509 - INFO - 
Epoch	96
2024-05-20 02:14:51,894 - INFO - [6144/363571]	Loss  : 1.3884
2024-05-20 02:15:08,176 - INFO - Test loss   : 0.7524
2024-05-20 02:15:08,176 - INFO - 
Epoch	97
2024-05-20 02:15:09,913 - INFO - [6144/363571]	Loss  : 1.3906
2024-05-20 02:15:27,073 - INFO - Test loss   : 0.7885
2024-05-20 02:15:27,074 - INFO - 
Epoch	98
2024-05-20 02:15:29,609 - INFO - [6144/363571]	Loss  : 1.3809
2024-05-20 02:15:48,870 - INFO - Test loss   : 0.8263
2024-05-20 02:15:48,870 - INFO - 
Epoch	99
2024-05-20 02:15:50,835 - INFO - [6144/363571]	Loss  : 1.3812
2024-05-20 02:16:06,966 - INFO - Test loss   : 0.7424
2024-05-20 02:16:06,966 - INFO - Saving output model to ../models/rbf/model_fmow_rbf_inception_v3_0.0050_64_0.0005000_1_512_200_2.0.pth.tar
2024-05-20 02:16:06,973 - INFO - Saving output model to ../models/rbf/model_fmow_rbf_inception_v3_0.0050_64_0.0005000_1_512_200_2.0.pth.tar
2024-05-20 02:16:06,981 - INFO - 
No prior
2024-05-20 02:16:06,986 - INFO - (53041,)
2024-05-20 02:16:07,139 - INFO -  Split ID: 0
2024-05-20 02:16:07,139 - INFO -  Top 1	acc (%):   69.83
2024-05-20 02:16:07,139 - INFO -  Top 3	acc (%):   84.61
2024-05-20 02:16:07,139 - INFO -  Top 5	acc (%):   89.23
2024-05-20 02:16:07,140 - INFO -  Top 10	acc (%):   94.29
2024-05-20 02:16:34,598 - INFO -  Split ID: 0
2024-05-20 02:16:34,598 - INFO -  Top 1	acc (%):   70.68
2024-05-20 02:16:34,598 - INFO -  Top 3	acc (%):   85.31
2024-05-20 02:16:34,598 - INFO -  Top 5	acc (%):   89.95
2024-05-20 02:16:34,598 - INFO -  Top 10	acc (%):   94.79
2024-05-20 02:16:34,599 - INFO - 
rbf
2024-05-20 02:16:34,599 - INFO -  Model :	model_fmow_rbf_inception_v3_0.0050_64_0.0005000_1_512_200_2.0.pth.tar
2024-05-20 02:16:35,434 - INFO - (53041,)
2024-05-20 02:16:35,572 - INFO -  Split ID: 0
2024-05-20 02:16:35,590 - INFO -  Top 1	LocEnc acc (%):   17.16
2024-05-20 02:16:35,592 - INFO -  Top 3	LocEnc acc (%):   29.87
2024-05-20 02:16:35,593 - INFO -  Top 5	LocEnc acc (%):   36.75
2024-05-20 02:16:35,595 - INFO -  Top 10	LocEnc acc (%):   51.89
2024-05-27 13:21:37,257 - INFO - 
num_classes	62
2024-05-27 13:21:37,338 - INFO - num train    	363571
2024-05-27 13:21:37,338 - INFO - num val      	53041
2024-05-27 13:21:37,338 - INFO - train loss   	full_loss
2024-05-27 13:21:37,338 - INFO - model name   	../models/rbf/model_fmow_rbf_inception_v3_0.0050_64_0.0005000_1_512_200_2.0.pth.tar
2024-05-27 13:21:37,338 - INFO - num users    	1
2024-05-27 13:21:37,601 - INFO - 
Epoch	0
2024-05-27 13:21:44,364 - INFO - [6144/363571]	Loss  : 1.9602
2024-05-27 13:22:37,899 - INFO - Test loss   : 1.0248
2024-05-27 13:22:37,900 - INFO - 
Epoch	1
2024-05-27 13:22:44,122 - INFO - [6144/363571]	Loss  : 1.7527
2024-05-27 13:23:46,025 - INFO - Test loss   : 0.9457
2024-05-27 13:23:46,025 - INFO - 
Epoch	2
2024-05-27 13:23:53,854 - INFO - [6144/363571]	Loss  : 1.6855
2024-05-27 13:25:12,537 - INFO - Test loss   : 0.9334
2024-05-27 13:25:12,538 - INFO - 
Epoch	3
2024-05-27 13:25:21,990 - INFO - [6144/363571]	Loss  : 1.6565
2024-05-27 13:26:40,636 - INFO - Test loss   : 0.9030
2024-05-27 13:26:40,636 - INFO - 
Epoch	4
2024-05-27 13:26:49,964 - INFO - [6144/363571]	Loss  : 1.6320
2024-05-27 13:28:09,760 - INFO - Test loss   : 0.9233
2024-05-27 13:28:09,760 - INFO - 
Epoch	5
2024-05-27 13:28:19,617 - INFO - [6144/363571]	Loss  : 1.6207
2024-05-27 13:29:38,777 - INFO - Test loss   : 0.9310
2024-05-27 13:29:38,777 - INFO - 
Epoch	6
2024-05-27 13:29:48,212 - INFO - [6144/363571]	Loss  : 1.6032
2024-05-27 13:31:06,770 - INFO - Test loss   : 0.9082
2024-05-27 13:31:06,770 - INFO - 
Epoch	7
2024-05-27 13:31:16,078 - INFO - [6144/363571]	Loss  : 1.5717
2024-05-27 13:32:32,496 - INFO - Test loss   : 0.9459
2024-05-27 13:32:32,505 - INFO - 
Epoch	8
2024-05-27 13:32:41,814 - INFO - [6144/363571]	Loss  : 1.5711
2024-05-27 13:34:11,720 - INFO - Test loss   : 0.8321
2024-05-27 13:34:11,720 - INFO - 
Epoch	9
2024-05-27 13:34:22,933 - INFO - [6144/363571]	Loss  : 1.5712
2024-05-27 13:35:54,660 - INFO - Test loss   : 0.9184
2024-05-27 13:35:54,660 - INFO - 
Epoch	10
2024-05-27 13:36:05,436 - INFO - [6144/363571]	Loss  : 1.5728
2024-05-27 13:37:36,703 - INFO - Test loss   : 0.8173
2024-05-27 13:37:36,704 - INFO - 
Epoch	11
2024-05-27 13:37:47,739 - INFO - [6144/363571]	Loss  : 1.5544
2024-05-27 13:39:19,241 - INFO - Test loss   : 0.7897
2024-05-27 13:39:19,241 - INFO - 
Epoch	12
2024-05-27 13:39:30,211 - INFO - [6144/363571]	Loss  : 1.5719
2024-05-27 13:41:01,896 - INFO - Test loss   : 0.9104
2024-05-27 13:41:01,907 - INFO - 
Epoch	13
2024-05-27 13:41:12,844 - INFO - [6144/363571]	Loss  : 1.5649
2024-05-27 13:42:44,656 - INFO - Test loss   : 0.9694
2024-05-27 13:42:44,656 - INFO - 
Epoch	14
2024-05-27 13:42:54,089 - INFO - [6144/363571]	Loss  : 1.5460
2024-05-27 13:44:15,105 - INFO - Test loss   : 0.8631
2024-05-27 13:44:15,106 - INFO - 
Epoch	15
2024-05-27 13:44:24,386 - INFO - [6144/363571]	Loss  : 1.5640
2024-05-27 13:45:43,292 - INFO - Test loss   : 0.9039
2024-05-27 13:45:43,293 - INFO - 
Epoch	16
2024-05-27 13:45:52,955 - INFO - [6144/363571]	Loss  : 1.5487
2024-05-27 13:47:11,353 - INFO - Test loss   : 0.8757
2024-05-27 13:47:11,353 - INFO - 
Epoch	17
2024-05-27 13:47:20,831 - INFO - [6144/363571]	Loss  : 1.5390
2024-05-27 13:48:38,884 - INFO - Test loss   : 0.8668
2024-05-27 13:48:38,884 - INFO - 
Epoch	18
2024-05-27 13:48:48,164 - INFO - [6144/363571]	Loss  : 1.5320
2024-05-27 13:50:06,144 - INFO - Test loss   : 0.8507
2024-05-27 13:50:06,144 - INFO - 
Epoch	19
2024-05-27 13:50:15,715 - INFO - [6144/363571]	Loss  : 1.5237
2024-05-27 13:51:36,772 - INFO - Test loss   : 0.8575
2024-05-27 13:51:36,772 - INFO - 
Epoch	20
2024-05-27 13:51:47,605 - INFO - [6144/363571]	Loss  : 1.5336
2024-05-27 13:53:19,011 - INFO - Test loss   : 0.9112
2024-05-27 13:53:19,012 - INFO - 
Epoch	21
2024-05-27 13:53:29,899 - INFO - [6144/363571]	Loss  : 1.5297
2024-05-27 13:55:01,482 - INFO - Test loss   : 0.9330
2024-05-27 13:55:01,482 - INFO - 
Epoch	22
2024-05-27 13:55:12,428 - INFO - [6144/363571]	Loss  : 1.5357
2024-05-27 13:56:43,837 - INFO - Test loss   : 0.8863
2024-05-27 13:56:43,837 - INFO - 
Epoch	23
2024-05-27 13:56:54,799 - INFO - [6144/363571]	Loss  : 1.5161
2024-05-27 13:58:27,852 - INFO - Test loss   : 0.8373
2024-05-27 13:58:27,853 - INFO - 
Epoch	24
2024-05-27 13:58:38,790 - INFO - [6144/363571]	Loss  : 1.5126
2024-05-27 14:00:11,162 - INFO - Test loss   : 0.8920
2024-05-27 14:00:11,162 - INFO - 
Epoch	25
2024-05-27 14:00:22,222 - INFO - [6144/363571]	Loss  : 1.5086
2024-05-27 14:01:54,444 - INFO - Test loss   : 0.8893
2024-05-27 14:01:54,444 - INFO - 
Epoch	26
2024-05-27 14:02:05,425 - INFO - [6144/363571]	Loss  : 1.5069
2024-05-27 14:03:38,801 - INFO - Test loss   : 0.8828
2024-05-27 14:03:38,801 - INFO - 
Epoch	27
2024-05-27 14:03:49,790 - INFO - [6144/363571]	Loss  : 1.5129
2024-05-27 14:05:22,122 - INFO - Test loss   : 0.9448
2024-05-27 14:05:22,122 - INFO - 
Epoch	28
2024-05-27 14:05:33,103 - INFO - [6144/363571]	Loss  : 1.5121
2024-05-27 14:07:06,181 - INFO - Test loss   : 0.7895
2024-05-27 14:07:06,181 - INFO - 
Epoch	29
2024-05-27 14:07:17,177 - INFO - [6144/363571]	Loss  : 1.5126
2024-05-27 14:08:49,494 - INFO - Test loss   : 0.8357
2024-05-27 14:08:49,494 - INFO - 
Epoch	30
2024-05-27 14:09:00,470 - INFO - [6144/363571]	Loss  : 1.5082
2024-05-27 14:10:32,894 - INFO - Test loss   : 0.9117
2024-05-27 14:10:32,894 - INFO - 
Epoch	31
2024-05-27 14:10:43,878 - INFO - [6144/363571]	Loss  : 1.5035
2024-05-27 14:12:16,025 - INFO - Test loss   : 0.8369
2024-05-27 14:12:16,026 - INFO - 
Epoch	32
2024-05-27 14:12:27,092 - INFO - [6144/363571]	Loss  : 1.4989
2024-05-27 14:13:52,648 - INFO - Test loss   : 0.9096
2024-05-27 14:13:52,649 - INFO - 
Epoch	33
2024-05-27 14:14:02,191 - INFO - [6144/363571]	Loss  : 1.4849
2024-05-27 14:15:21,735 - INFO - Test loss   : 0.8429
2024-05-27 14:15:21,735 - INFO - 
Epoch	34
2024-05-27 14:15:31,110 - INFO - [6144/363571]	Loss  : 1.4922
2024-05-27 14:16:50,243 - INFO - Test loss   : 0.8725
2024-05-27 14:16:50,243 - INFO - 
Epoch	35
2024-05-27 14:16:59,758 - INFO - [6144/363571]	Loss  : 1.5077
2024-05-27 14:18:18,793 - INFO - Test loss   : 0.8341
2024-05-27 14:18:18,794 - INFO - 
Epoch	36
2024-05-27 14:18:28,287 - INFO - [6144/363571]	Loss  : 1.4874
2024-05-27 14:19:47,614 - INFO - Test loss   : 0.8327
2024-05-27 14:19:47,614 - INFO - 
Epoch	37
2024-05-27 14:19:57,478 - INFO - [6144/363571]	Loss  : 1.4853
2024-05-27 14:21:16,820 - INFO - Test loss   : 0.9087
2024-05-27 14:21:16,820 - INFO - 
Epoch	38
2024-05-27 14:21:26,305 - INFO - [6144/363571]	Loss  : 1.4911
2024-05-27 14:22:45,689 - INFO - Test loss   : 0.9054
2024-05-27 14:22:45,689 - INFO - 
Epoch	39
2024-05-27 14:22:55,176 - INFO - [6144/363571]	Loss  : 1.5002
2024-05-27 14:24:18,501 - INFO - Test loss   : 0.8471
2024-05-27 14:24:18,501 - INFO - 
Epoch	40
2024-05-27 14:24:29,492 - INFO - [6144/363571]	Loss  : 1.4837
2024-05-27 14:26:01,989 - INFO - Test loss   : 0.8154
2024-05-27 14:26:01,989 - INFO - 
Epoch	41
2024-05-27 14:26:13,013 - INFO - [6144/363571]	Loss  : 1.4912
2024-05-27 14:27:44,494 - INFO - Test loss   : 0.8003
2024-05-27 14:27:44,494 - INFO - 
Epoch	42
2024-05-27 14:27:55,601 - INFO - [6144/363571]	Loss  : 1.4966
2024-05-27 14:29:27,794 - INFO - Test loss   : 0.9028
2024-05-27 14:29:27,803 - INFO - 
Epoch	43
2024-05-27 14:29:38,718 - INFO - [6144/363571]	Loss  : 1.5017
2024-05-27 14:31:10,508 - INFO - Test loss   : 0.8482
2024-05-27 14:31:10,508 - INFO - 
Epoch	44
2024-05-27 14:31:21,374 - INFO - [6144/363571]	Loss  : 1.4705
2024-05-27 14:32:53,327 - INFO - Test loss   : 0.8158
2024-05-27 14:32:53,327 - INFO - 
Epoch	45
2024-05-27 14:33:04,184 - INFO - [6144/363571]	Loss  : 1.4806
2024-05-27 14:34:35,964 - INFO - Test loss   : 0.9718
2024-05-27 14:34:35,965 - INFO - 
Epoch	46
2024-05-27 14:34:46,968 - INFO - [6144/363571]	Loss  : 1.4711
2024-05-27 14:36:19,877 - INFO - Test loss   : 0.8252
2024-05-27 14:36:19,877 - INFO - 
Epoch	47
2024-05-27 14:36:30,794 - INFO - [6144/363571]	Loss  : 1.4782
2024-05-27 14:38:03,148 - INFO - Test loss   : 0.8810
2024-05-27 14:38:03,148 - INFO - 
Epoch	48
2024-05-27 14:38:14,161 - INFO - [6144/363571]	Loss  : 1.4757
2024-05-27 14:39:46,280 - INFO - Test loss   : 0.8550
2024-05-27 14:39:46,280 - INFO - 
Epoch	49
2024-05-27 14:39:57,163 - INFO - [6144/363571]	Loss  : 1.4745
2024-05-27 14:41:28,928 - INFO - Test loss   : 0.8883
2024-05-27 14:41:28,928 - INFO - 
Epoch	50
2024-05-27 14:41:39,800 - INFO - [6144/363571]	Loss  : 1.4696
2024-05-27 14:43:12,654 - INFO - Test loss   : 0.8416
2024-05-27 14:43:12,655 - INFO - 
Epoch	51
2024-05-27 14:43:22,887 - INFO - [6144/363571]	Loss  : 1.4623
2024-05-27 14:44:54,495 - INFO - Test loss   : 0.9111
2024-05-27 14:44:54,495 - INFO - 
Epoch	52
2024-05-27 14:45:05,369 - INFO - [6144/363571]	Loss  : 1.4685
2024-05-27 14:46:36,777 - INFO - Test loss   : 0.8894
2024-05-27 14:46:36,778 - INFO - 
Epoch	53
2024-05-27 14:46:47,668 - INFO - [6144/363571]	Loss  : 1.4583
2024-05-27 14:48:19,377 - INFO - Test loss   : 0.7843
2024-05-27 14:48:19,378 - INFO - 
Epoch	54
2024-05-27 14:48:30,287 - INFO - [6144/363571]	Loss  : 1.4754
2024-05-27 14:50:01,812 - INFO - Test loss   : 0.8779
2024-05-27 14:50:01,813 - INFO - 
Epoch	55
2024-05-27 14:50:12,745 - INFO - [6144/363571]	Loss  : 1.4833
2024-05-27 14:51:44,918 - INFO - Test loss   : 0.8881
2024-05-27 14:51:44,919 - INFO - 
Epoch	56
2024-05-27 14:51:54,489 - INFO - [6144/363571]	Loss  : 1.4696
2024-05-27 14:53:10,896 - INFO - Test loss   : 0.8082
2024-05-27 14:53:10,896 - INFO - 
Epoch	57
2024-05-27 14:53:20,283 - INFO - [6144/363571]	Loss  : 1.4740
2024-05-27 14:54:53,926 - INFO - Test loss   : 0.9193
2024-05-27 14:54:53,926 - INFO - 
Epoch	58
2024-05-27 14:55:05,052 - INFO - [6144/363571]	Loss  : 1.4859
2024-05-27 14:56:39,097 - INFO - Test loss   : 0.7900
2024-05-27 14:56:39,097 - INFO - 
Epoch	59
2024-05-27 14:56:50,169 - INFO - [6144/363571]	Loss  : 1.4702
2024-05-27 14:58:22,137 - INFO - Test loss   : 0.8881
2024-05-27 14:58:22,137 - INFO - 
Epoch	60
2024-05-27 14:58:33,037 - INFO - [6144/363571]	Loss  : 1.4576
2024-05-27 15:00:06,591 - INFO - Test loss   : 0.8367
2024-05-27 15:00:06,591 - INFO - 
Epoch	61
2024-05-27 15:00:17,507 - INFO - [6144/363571]	Loss  : 1.4625
2024-05-27 15:01:45,707 - INFO - Test loss   : 0.8211
2024-05-27 15:01:45,708 - INFO - 
Epoch	62
2024-05-27 15:01:55,140 - INFO - [6144/363571]	Loss  : 1.4526
2024-05-27 15:03:14,309 - INFO - Test loss   : 0.8961
2024-05-27 15:03:14,310 - INFO - 
Epoch	63
2024-05-27 15:03:23,722 - INFO - [6144/363571]	Loss  : 1.4547
2024-05-27 15:04:42,843 - INFO - Test loss   : 0.8158
2024-05-27 15:04:42,843 - INFO - 
Epoch	64
2024-05-27 15:04:52,222 - INFO - [6144/363571]	Loss  : 1.4457
2024-05-27 15:06:12,507 - INFO - Test loss   : 0.8774
2024-05-27 15:06:12,507 - INFO - 
Epoch	65
2024-05-27 15:06:20,939 - INFO - [6144/363571]	Loss  : 1.4432
2024-05-27 15:07:39,082 - INFO - Test loss   : 0.8477
2024-05-27 15:07:39,083 - INFO - 
Epoch	66
2024-05-27 15:07:48,414 - INFO - [6144/363571]	Loss  : 1.4449
2024-05-27 15:09:06,367 - INFO - Test loss   : 0.8477
2024-05-27 15:09:06,367 - INFO - 
Epoch	67
2024-05-27 15:09:15,886 - INFO - [6144/363571]	Loss  : 1.4476
2024-05-27 15:10:34,254 - INFO - Test loss   : 0.8578
2024-05-27 15:10:34,254 - INFO - 
Epoch	68
2024-05-27 15:10:43,438 - INFO - [6144/363571]	Loss  : 1.4627
2024-05-27 15:12:01,509 - INFO - Test loss   : 0.7995
2024-05-27 15:12:01,510 - INFO - 
Epoch	69
2024-05-27 15:12:11,057 - INFO - [6144/363571]	Loss  : 1.4418
2024-05-27 15:13:31,071 - INFO - Test loss   : 0.9258
2024-05-27 15:13:31,071 - INFO - 
Epoch	70
2024-05-27 15:13:41,054 - INFO - [6144/363571]	Loss  : 1.4454
2024-05-27 15:15:00,599 - INFO - Test loss   : 0.8032
2024-05-27 15:15:00,599 - INFO - 
Epoch	71
2024-05-27 15:15:09,927 - INFO - [6144/363571]	Loss  : 1.4553
2024-05-27 15:16:27,952 - INFO - Test loss   : 0.8991
2024-05-27 15:16:27,952 - INFO - 
Epoch	72
2024-05-27 15:16:37,236 - INFO - [6144/363571]	Loss  : 1.4354
2024-05-27 15:17:55,536 - INFO - Test loss   : 0.8228
2024-05-27 15:17:55,536 - INFO - 
Epoch	73
2024-05-27 15:18:04,860 - INFO - [6144/363571]	Loss  : 1.4521
2024-05-27 15:19:23,288 - INFO - Test loss   : 0.8664
2024-05-27 15:19:23,288 - INFO - 
Epoch	74
2024-05-27 15:19:32,629 - INFO - [6144/363571]	Loss  : 1.4371
2024-05-27 15:21:05,086 - INFO - Test loss   : 0.8593
2024-05-27 15:21:05,091 - INFO - 
Epoch	75
2024-05-27 15:21:16,655 - INFO - [6144/363571]	Loss  : 1.4450
2024-05-27 15:22:48,293 - INFO - Test loss   : 0.8141
2024-05-27 15:22:48,293 - INFO - 
Epoch	76
2024-05-27 15:22:58,973 - INFO - [6144/363571]	Loss  : 1.4330
2024-05-27 15:24:30,505 - INFO - Test loss   : 0.8457
2024-05-27 15:24:30,506 - INFO - 
Epoch	77
2024-05-27 15:24:41,467 - INFO - [6144/363571]	Loss  : 1.4339
2024-05-27 15:26:13,027 - INFO - Test loss   : 0.8789
2024-05-27 15:26:13,027 - INFO - 
Epoch	78
2024-05-27 15:26:23,833 - INFO - [6144/363571]	Loss  : 1.4326
2024-05-27 15:27:55,159 - INFO - Test loss   : 0.8160
2024-05-27 15:27:55,159 - INFO - 
Epoch	79
2024-05-27 15:28:06,748 - INFO - [6144/363571]	Loss  : 1.4318
2024-05-27 15:29:40,254 - INFO - Test loss   : 0.8566
2024-05-27 15:29:40,254 - INFO - 
Epoch	80
2024-05-27 15:29:51,320 - INFO - [6144/363571]	Loss  : 1.4262
2024-05-27 15:31:24,221 - INFO - Test loss   : 0.8617
2024-05-27 15:31:24,221 - INFO - 
Epoch	81
2024-05-27 15:31:35,223 - INFO - [6144/363571]	Loss  : 1.4550
2024-05-27 15:33:07,756 - INFO - Test loss   : 0.8173
2024-05-27 15:33:07,757 - INFO - 
Epoch	82
2024-05-27 15:33:18,660 - INFO - [6144/363571]	Loss  : 1.4323
2024-05-27 15:34:52,202 - INFO - Test loss   : 0.8074
2024-05-27 15:34:52,202 - INFO - 
Epoch	83
2024-05-27 15:35:03,129 - INFO - [6144/363571]	Loss  : 1.4397
2024-05-27 15:36:33,623 - INFO - Test loss   : 0.8564
2024-05-27 15:36:33,635 - INFO - 
Epoch	84
2024-05-27 15:36:44,615 - INFO - [6144/363571]	Loss  : 1.4386
2024-05-27 15:38:17,118 - INFO - Test loss   : 0.8193
2024-05-27 15:38:17,118 - INFO - 
Epoch	85
2024-05-27 15:38:28,051 - INFO - [6144/363571]	Loss  : 1.4283
2024-05-27 15:40:00,121 - INFO - Test loss   : 0.8725
2024-05-27 15:40:00,121 - INFO - 
Epoch	86
2024-05-27 15:40:11,100 - INFO - [6144/363571]	Loss  : 1.4343
2024-05-27 15:41:43,281 - INFO - Test loss   : 0.8407
2024-05-27 15:41:43,282 - INFO - 
Epoch	87
2024-05-27 15:41:54,210 - INFO - [6144/363571]	Loss  : 1.4248
2024-05-27 15:43:26,178 - INFO - Test loss   : 0.8360
2024-05-27 15:43:26,178 - INFO - 
Epoch	88
2024-05-27 15:43:37,130 - INFO - [6144/363571]	Loss  : 1.4324
2024-05-27 15:45:10,062 - INFO - Test loss   : 0.8131
2024-05-27 15:45:10,062 - INFO - 
Epoch	89
2024-05-27 15:45:21,040 - INFO - [6144/363571]	Loss  : 1.4322
2024-05-27 15:46:52,848 - INFO - Test loss   : 0.8303
2024-05-27 15:46:52,863 - INFO - 
Epoch	90
2024-05-27 15:47:03,985 - INFO - [6144/363571]	Loss  : 1.4243
2024-05-27 15:48:34,588 - INFO - Test loss   : 0.8489
2024-05-27 15:48:34,624 - INFO - 
Epoch	91
2024-05-27 15:48:45,607 - INFO - [6144/363571]	Loss  : 1.4206
2024-05-27 15:50:17,804 - INFO - Test loss   : 0.8176
2024-05-27 15:50:17,804 - INFO - 
Epoch	92
2024-05-27 15:50:28,709 - INFO - [6144/363571]	Loss  : 1.4249
2024-05-27 15:52:01,674 - INFO - Test loss   : 0.8205
2024-05-27 15:52:01,674 - INFO - 
Epoch	93
2024-05-27 15:52:12,786 - INFO - [6144/363571]	Loss  : 1.4362
2024-05-27 15:53:44,103 - INFO - Test loss   : 0.8418
2024-05-27 15:53:44,104 - INFO - 
Epoch	94
2024-05-27 15:53:55,026 - INFO - [6144/363571]	Loss  : 1.4280
2024-05-27 15:55:27,378 - INFO - Test loss   : 0.8110
2024-05-27 15:55:27,378 - INFO - 
Epoch	95
2024-05-27 15:55:38,366 - INFO - [6144/363571]	Loss  : 1.4263
2024-05-27 15:57:10,488 - INFO - Test loss   : 0.8601
2024-05-27 15:57:10,488 - INFO - 
Epoch	96
2024-05-27 15:57:21,370 - INFO - [6144/363571]	Loss  : 1.4273
2024-05-27 15:58:42,533 - INFO - Test loss   : 0.8130
2024-05-27 15:58:42,533 - INFO - 
Epoch	97
2024-05-27 15:58:52,015 - INFO - [6144/363571]	Loss  : 1.4333
2024-05-27 16:00:12,037 - INFO - Test loss   : 0.8543
2024-05-27 16:00:12,038 - INFO - 
Epoch	98
2024-05-27 16:00:21,497 - INFO - [6144/363571]	Loss  : 1.4440
2024-05-27 16:01:40,688 - INFO - Test loss   : 0.8104
2024-05-27 16:01:40,688 - INFO - 
Epoch	99
2024-05-27 16:01:50,208 - INFO - [6144/363571]	Loss  : 1.4290
2024-05-27 16:03:09,390 - INFO - Test loss   : 0.8420
2024-05-27 16:03:09,391 - INFO - Saving output model to ../models/rbf/model_fmow_rbf_inception_v3_0.0050_64_0.0005000_1_512_200_2.0.pth.tar
2024-05-27 16:03:09,421 - INFO - Saving output model to ../models/rbf/model_fmow_rbf_inception_v3_0.0050_64_0.0005000_1_512_200_2.0.pth.tar
2024-05-27 16:03:09,445 - INFO - 
No prior
2024-05-27 16:03:09,453 - INFO - (53041,)
2024-05-27 16:03:09,627 - INFO -  Split ID: 0
2024-05-27 16:03:09,628 - INFO -  Top 1	acc (%):   69.83
2024-05-27 16:03:09,628 - INFO -  Top 3	acc (%):   84.61
2024-05-27 16:03:09,628 - INFO -  Top 5	acc (%):   89.23
2024-05-27 16:03:09,628 - INFO -  Top 10	acc (%):   94.29
2024-05-27 16:04:28,471 - INFO -  Split ID: 0
2024-05-27 16:04:28,472 - INFO -  Top 1	acc (%):   70.64
2024-05-27 16:04:28,472 - INFO -  Top 3	acc (%):   85.33
2024-05-27 16:04:28,472 - INFO -  Top 5	acc (%):   89.93
2024-05-27 16:04:28,472 - INFO -  Top 10	acc (%):   94.78
2024-05-27 16:04:28,487 - INFO - 
Only rbf
2024-05-27 16:04:28,488 - INFO -  Model :	model_fmow_rbf_inception_v3_0.0050_64_0.0005000_1_512_200_2.0.pth.tar
2024-05-27 16:04:29,818 - INFO - (53041,)
2024-05-27 16:04:29,982 - INFO -  Split ID: 0
2024-05-27 16:04:30,001 - INFO -  Top 1	LocEnc acc (%):   17.16
2024-05-27 16:04:30,003 - INFO -  Top 3	LocEnc acc (%):   29.94
2024-05-27 16:04:30,005 - INFO -  Top 5	LocEnc acc (%):   36.75
2024-05-27 16:04:30,007 - INFO -  Top 10	LocEnc acc (%):   49.95
