2024-05-25 13:46:49,914 - INFO - 
num_classes	8142
2024-05-25 13:46:49,914 - INFO - num train    	436063
2024-05-25 13:46:49,914 - INFO - num val      	24343
2024-05-25 13:46:49,914 - INFO - train loss   	full_loss
2024-05-25 13:46:49,914 - INFO - model name   	../models/space2vec_theory/model_inat_2018_Space2Vec-theory_0.0200_64_0.0500000_360.000_1_512_BATCH4096_leakyrelu.pth.tar
2024-05-25 13:46:49,914 - INFO - num users    	18643
2024-05-25 13:46:50,816 - INFO - 
Epoch	0
2024-05-25 13:47:24,357 - INFO - [204800/436063]	Loss  : 1.6830
2024-05-25 13:47:32,929 - INFO - [262144/436063]	Loss  : 1.4991
2024-05-25 13:47:36,399 - INFO - Test loss   : 0.2698
2024-05-25 13:47:36,399 - INFO - 
Epoch	1
2024-05-25 13:48:10,666 - INFO - [204800/436063]	Loss  : 0.6526
2024-05-25 13:48:19,416 - INFO - [262144/436063]	Loss  : 0.6402
2024-05-25 13:48:23,112 - INFO - Test loss   : 0.1556
2024-05-25 13:48:23,112 - INFO - 
Epoch	2
2024-05-25 13:48:56,707 - INFO - [204800/436063]	Loss  : 0.5398
2024-05-25 13:49:05,164 - INFO - [262144/436063]	Loss  : 0.5358
2024-05-25 13:49:08,727 - INFO - Test loss   : 0.1479
2024-05-25 13:49:08,727 - INFO - 
Epoch	3
2024-05-25 13:49:41,622 - INFO - [204800/436063]	Loss  : 0.4860
2024-05-25 13:49:49,839 - INFO - [262144/436063]	Loss  : 0.4837
2024-05-25 13:49:53,159 - INFO - Test loss   : 0.1327
2024-05-25 13:49:53,160 - INFO - 
Epoch	4
2024-05-25 13:50:26,408 - INFO - [204800/436063]	Loss  : 0.4521
2024-05-25 13:50:35,059 - INFO - [262144/436063]	Loss  : 0.4515
2024-05-25 13:50:38,828 - INFO - Test loss   : 0.1361
2024-05-25 13:50:38,828 - INFO - 
Epoch	5
2024-05-25 13:51:14,113 - INFO - [204800/436063]	Loss  : 0.4307
2024-05-25 13:51:22,723 - INFO - [262144/436063]	Loss  : 0.4303
2024-05-25 13:51:26,205 - INFO - Test loss   : 0.1489
2024-05-25 13:51:26,206 - INFO - 
Epoch	6
2024-05-25 13:51:58,102 - INFO - [204800/436063]	Loss  : 0.4122
2024-05-25 13:52:06,755 - INFO - [262144/436063]	Loss  : 0.4124
2024-05-25 13:52:10,383 - INFO - Test loss   : 0.1514
2024-05-25 13:52:10,383 - INFO - 
Epoch	7
2024-05-25 13:52:43,023 - INFO - [204800/436063]	Loss  : 0.3964
2024-05-25 13:52:51,837 - INFO - [262144/436063]	Loss  : 0.3975
2024-05-25 13:52:55,352 - INFO - Test loss   : 0.1469
2024-05-25 13:52:55,353 - INFO - 
Epoch	8
2024-05-25 13:53:30,343 - INFO - [204800/436063]	Loss  : 0.3861
2024-05-25 13:53:39,256 - INFO - [262144/436063]	Loss  : 0.3870
2024-05-25 13:53:42,906 - INFO - Test loss   : 0.1578
2024-05-25 13:53:42,906 - INFO - 
Epoch	9
2024-05-25 13:54:18,026 - INFO - [204800/436063]	Loss  : 0.3752
2024-05-25 13:54:27,456 - INFO - [262144/436063]	Loss  : 0.3766
2024-05-25 13:54:30,899 - INFO - Test loss   : 0.1752
2024-05-25 13:54:30,899 - INFO - 
Epoch	10
2024-05-25 13:55:04,518 - INFO - [204800/436063]	Loss  : 0.3682
2024-05-25 13:55:12,509 - INFO - [262144/436063]	Loss  : 0.3691
2024-05-25 13:55:15,967 - INFO - Test loss   : 0.1782
2024-05-25 13:55:16,730 - INFO - (24343,)
2024-05-25 13:55:42,133 - INFO -  Split ID: 0
2024-05-25 13:55:42,142 - INFO -  Top 1	LocEnc (Epoch 10)acc (%):   1.61
2024-05-25 13:55:42,143 - INFO -  Top 3	LocEnc (Epoch 10)acc (%):   4.3
2024-05-25 13:55:42,143 - INFO -  Top 5	LocEnc (Epoch 10)acc (%):   6.79
2024-05-25 13:55:42,144 - INFO -  Top 10	LocEnc (Epoch 10)acc (%):   12.18
2024-05-25 13:55:42,252 - INFO - 
No prior
2024-05-25 13:55:42,494 - INFO - (24426,)
2024-05-25 13:55:53,504 - INFO -  Split ID: 0
2024-05-25 13:55:53,504 - INFO -  Top 1	(Epoch 10)acc (%):   60.2
2024-05-25 13:55:53,504 - INFO -  Top 3	(Epoch 10)acc (%):   77.9
2024-05-25 13:55:53,504 - INFO -  Top 5	(Epoch 10)acc (%):   83.29
2024-05-25 13:55:53,504 - INFO -  Top 10	(Epoch 10)acc (%):   88.5
2024-05-25 13:56:16,339 - INFO -  Split ID: 0
2024-05-25 13:56:16,339 - INFO -  Top 1	(Epoch 10)acc (%):   72.24
2024-05-25 13:56:16,339 - INFO -  Top 3	(Epoch 10)acc (%):   87.2
2024-05-25 13:56:16,339 - INFO -  Top 5	(Epoch 10)acc (%):   90.72
2024-05-25 13:56:16,339 - INFO -  Top 10	(Epoch 10)acc (%):   93.88
2024-05-25 13:56:16,340 - INFO - 
Epoch	11
2024-05-25 13:56:50,719 - INFO - [204800/436063]	Loss  : 0.3588
2024-05-25 13:56:59,374 - INFO - [262144/436063]	Loss  : 0.3603
2024-05-25 13:57:02,645 - INFO - Test loss   : 0.1842
2024-05-25 13:57:02,646 - INFO - 
Epoch	12
2024-05-25 13:57:35,062 - INFO - [204800/436063]	Loss  : 0.3537
2024-05-25 13:57:43,286 - INFO - [262144/436063]	Loss  : 0.3547
2024-05-25 13:57:46,525 - INFO - Test loss   : 0.1814
2024-05-25 13:57:46,525 - INFO - 
Epoch	13
2024-05-25 13:58:20,527 - INFO - [204800/436063]	Loss  : 0.3484
2024-05-25 13:58:29,404 - INFO - [262144/436063]	Loss  : 0.3494
2024-05-25 13:58:33,079 - INFO - Test loss   : 0.1829
2024-05-25 13:58:33,080 - INFO - 
Epoch	14
2024-05-25 13:59:05,123 - INFO - [204800/436063]	Loss  : 0.3441
2024-05-25 13:59:13,478 - INFO - [262144/436063]	Loss  : 0.3447
2024-05-25 13:59:16,889 - INFO - Test loss   : 0.1869
2024-05-25 13:59:16,889 - INFO - 
Epoch	15
2024-05-25 13:59:50,640 - INFO - [204800/436063]	Loss  : 0.3384
2024-05-25 13:59:59,393 - INFO - [262144/436063]	Loss  : 0.3394
2024-05-25 14:00:02,872 - INFO - Test loss   : 0.1967
2024-05-25 14:00:02,872 - INFO - 
Epoch	16
2024-05-25 14:00:38,168 - INFO - [204800/436063]	Loss  : 0.3348
2024-05-25 14:00:50,238 - INFO - [262144/436063]	Loss  : 0.3361
2024-05-25 14:00:54,001 - INFO - Test loss   : 0.2114
2024-05-25 14:00:54,001 - INFO - 
Epoch	17
2024-05-25 14:01:30,426 - INFO - [204800/436063]	Loss  : 0.3291
2024-05-25 14:01:39,878 - INFO - [262144/436063]	Loss  : 0.3305
2024-05-25 14:01:43,625 - INFO - Test loss   : 0.2232
2024-05-25 14:01:43,625 - INFO - 
Epoch	18
2024-05-25 14:02:19,537 - INFO - [204800/436063]	Loss  : 0.3261
2024-05-25 14:02:27,795 - INFO - [262144/436063]	Loss  : 0.3273
2024-05-25 14:02:30,882 - INFO - Test loss   : 0.2113
2024-05-25 14:02:30,883 - INFO - 
Epoch	19
2024-05-25 14:03:02,330 - INFO - [204800/436063]	Loss  : 0.3221
2024-05-25 14:03:10,269 - INFO - [262144/436063]	Loss  : 0.3236
2024-05-25 14:03:13,411 - INFO - Test loss   : 0.2260
2024-05-25 14:03:13,411 - INFO - 
Epoch	20
2024-05-25 14:03:43,480 - INFO - [204800/436063]	Loss  : 0.3201
2024-05-25 14:03:51,372 - INFO - [262144/436063]	Loss  : 0.3214
2024-05-25 14:03:55,091 - INFO - Test loss   : 0.2203
2024-05-25 14:03:55,789 - INFO - (24343,)
2024-05-25 14:04:16,107 - INFO -  Split ID: 0
2024-05-25 14:04:16,116 - INFO -  Top 1	LocEnc (Epoch 20)acc (%):   2.8
2024-05-25 14:04:16,116 - INFO -  Top 3	LocEnc (Epoch 20)acc (%):   6.85
2024-05-25 14:04:16,117 - INFO -  Top 5	LocEnc (Epoch 20)acc (%):   10.09
2024-05-25 14:04:16,118 - INFO -  Top 10	LocEnc (Epoch 20)acc (%):   16.96
2024-05-25 14:04:16,224 - INFO - 
No prior
2024-05-25 14:04:16,448 - INFO - (24426,)
2024-05-25 14:04:26,012 - INFO -  Split ID: 0
2024-05-25 14:04:26,013 - INFO -  Top 1	(Epoch 20)acc (%):   60.2
2024-05-25 14:04:26,013 - INFO -  Top 3	(Epoch 20)acc (%):   77.9
2024-05-25 14:04:26,013 - INFO -  Top 5	(Epoch 20)acc (%):   83.29
2024-05-25 14:04:26,013 - INFO -  Top 10	(Epoch 20)acc (%):   88.5
2024-05-25 14:04:49,521 - INFO -  Split ID: 0
2024-05-25 14:04:49,521 - INFO -  Top 1	(Epoch 20)acc (%):   72.84
2024-05-25 14:04:49,521 - INFO -  Top 3	(Epoch 20)acc (%):   87.48
2024-05-25 14:04:49,521 - INFO -  Top 5	(Epoch 20)acc (%):   90.84
2024-05-25 14:04:49,521 - INFO -  Top 10	(Epoch 20)acc (%):   94.01
2024-05-25 14:04:49,522 - INFO - 
Epoch	21
2024-05-25 14:05:22,712 - INFO - [204800/436063]	Loss  : 0.3167
2024-05-25 14:05:31,573 - INFO - [262144/436063]	Loss  : 0.3182
2024-05-25 14:05:34,755 - INFO - Test loss   : 0.2460
2024-05-25 14:05:34,755 - INFO - 
Epoch	22
2024-05-25 14:06:08,812 - INFO - [204800/436063]	Loss  : 0.3146
2024-05-25 14:06:17,529 - INFO - [262144/436063]	Loss  : 0.3155
2024-05-25 14:06:21,020 - INFO - Test loss   : 0.2313
2024-05-25 14:06:21,020 - INFO - 
Epoch	23
2024-05-25 14:06:55,790 - INFO - [204800/436063]	Loss  : 0.3109
2024-05-25 14:07:04,096 - INFO - [262144/436063]	Loss  : 0.3127
2024-05-25 14:07:07,491 - INFO - Test loss   : 0.2331
2024-05-25 14:07:07,492 - INFO - 
Epoch	24
2024-05-25 14:07:41,000 - INFO - [204800/436063]	Loss  : 0.3108
2024-05-25 14:07:49,860 - INFO - [262144/436063]	Loss  : 0.3114
2024-05-25 14:07:53,371 - INFO - Test loss   : 0.2555
2024-05-25 14:07:53,371 - INFO - 
Epoch	25
2024-05-25 14:08:26,402 - INFO - [204800/436063]	Loss  : 0.3070
2024-05-25 14:08:34,839 - INFO - [262144/436063]	Loss  : 0.3079
2024-05-25 14:08:38,159 - INFO - Test loss   : 0.2531
2024-05-25 14:08:38,159 - INFO - 
Epoch	26
2024-05-25 14:09:10,065 - INFO - [204800/436063]	Loss  : 0.3049
2024-05-25 14:09:18,135 - INFO - [262144/436063]	Loss  : 0.3060
2024-05-25 14:09:21,559 - INFO - Test loss   : 0.2498
2024-05-25 14:09:21,560 - INFO - 
Epoch	27
2024-05-25 14:09:56,302 - INFO - [204800/436063]	Loss  : 0.3026
2024-05-25 14:10:04,545 - INFO - [262144/436063]	Loss  : 0.3041
2024-05-25 14:10:08,047 - INFO - Test loss   : 0.2438
2024-05-25 14:10:08,048 - INFO - 
Epoch	28
2024-05-25 14:10:40,986 - INFO - [204800/436063]	Loss  : 0.3005
2024-05-25 14:10:49,100 - INFO - [262144/436063]	Loss  : 0.3018
2024-05-25 14:10:52,294 - INFO - Test loss   : 0.2505
2024-05-25 14:10:52,294 - INFO - 
Epoch	29
2024-05-25 14:11:24,212 - INFO - [204800/436063]	Loss  : 0.2992
2024-05-25 14:11:32,278 - INFO - [262144/436063]	Loss  : 0.2997
2024-05-25 14:11:35,602 - INFO - Test loss   : 0.2768
2024-05-25 14:11:35,603 - INFO - 
Epoch	30
2024-05-25 14:12:07,177 - INFO - [204800/436063]	Loss  : 0.2967
2024-05-25 14:12:15,644 - INFO - [262144/436063]	Loss  : 0.2977
2024-05-25 14:12:19,276 - INFO - Test loss   : 0.2587
2024-05-25 14:12:19,976 - INFO - (24343,)
2024-05-25 14:12:40,314 - INFO -  Split ID: 0
2024-05-25 14:12:40,323 - INFO -  Top 1	LocEnc (Epoch 30)acc (%):   3.1
2024-05-25 14:12:40,323 - INFO -  Top 3	LocEnc (Epoch 30)acc (%):   7.77
2024-05-25 14:12:40,324 - INFO -  Top 5	LocEnc (Epoch 30)acc (%):   11.6
2024-05-25 14:12:40,325 - INFO -  Top 10	LocEnc (Epoch 30)acc (%):   19.37
2024-05-25 14:12:40,425 - INFO - 
No prior
2024-05-25 14:12:40,637 - INFO - (24426,)
2024-05-25 14:12:50,159 - INFO -  Split ID: 0
2024-05-25 14:12:50,160 - INFO -  Top 1	(Epoch 30)acc (%):   60.2
2024-05-25 14:12:50,160 - INFO -  Top 3	(Epoch 30)acc (%):   77.9
2024-05-25 14:12:50,160 - INFO -  Top 5	(Epoch 30)acc (%):   83.29
2024-05-25 14:12:50,160 - INFO -  Top 10	(Epoch 30)acc (%):   88.5
2024-05-25 14:13:14,446 - INFO -  Split ID: 0
2024-05-25 14:13:14,447 - INFO -  Top 1	(Epoch 30)acc (%):   73.0
2024-05-25 14:13:14,447 - INFO -  Top 3	(Epoch 30)acc (%):   87.55
2024-05-25 14:13:14,447 - INFO -  Top 5	(Epoch 30)acc (%):   90.93
2024-05-25 14:13:14,447 - INFO -  Top 10	(Epoch 30)acc (%):   94.05
2024-05-25 14:13:14,447 - INFO - 
Epoch	31
2024-05-25 14:13:53,037 - INFO - [204800/436063]	Loss  : 0.2955
2024-05-25 14:14:04,141 - INFO - [262144/436063]	Loss  : 0.2967
2024-05-25 14:14:08,257 - INFO - Test loss   : 0.2607
2024-05-25 14:14:08,257 - INFO - 
Epoch	32
2024-05-25 14:14:41,603 - INFO - [204800/436063]	Loss  : 0.2937
2024-05-25 14:14:50,237 - INFO - [262144/436063]	Loss  : 0.2945
2024-05-25 14:14:53,384 - INFO - Test loss   : 0.2871
2024-05-25 14:14:53,384 - INFO - 
Epoch	33
2024-05-25 14:15:24,249 - INFO - [204800/436063]	Loss  : 0.2905
2024-05-25 14:15:32,205 - INFO - [262144/436063]	Loss  : 0.2915
2024-05-25 14:15:35,298 - INFO - Test loss   : 0.2687
2024-05-25 14:15:35,298 - INFO - 
Epoch	34
2024-05-25 14:16:08,114 - INFO - [204800/436063]	Loss  : 0.2902
2024-05-25 14:16:16,345 - INFO - [262144/436063]	Loss  : 0.2913
2024-05-25 14:16:20,065 - INFO - Test loss   : 0.2996
2024-05-25 14:16:20,066 - INFO - 
Epoch	35
2024-05-25 14:16:52,863 - INFO - [204800/436063]	Loss  : 0.2885
2024-05-25 14:17:01,027 - INFO - [262144/436063]	Loss  : 0.2890
2024-05-25 14:17:04,408 - INFO - Test loss   : 0.2824
2024-05-25 14:17:04,408 - INFO - 
Epoch	36
2024-05-25 14:17:36,158 - INFO - [204800/436063]	Loss  : 0.2879
2024-05-25 14:17:44,229 - INFO - [262144/436063]	Loss  : 0.2887
2024-05-25 14:17:47,450 - INFO - Test loss   : 0.2986
2024-05-25 14:17:47,450 - INFO - 
Epoch	37
2024-05-25 14:18:19,214 - INFO - [204800/436063]	Loss  : 0.2854
2024-05-25 14:18:27,443 - INFO - [262144/436063]	Loss  : 0.2863
2024-05-25 14:18:30,648 - INFO - Test loss   : 0.3049
2024-05-25 14:18:30,648 - INFO - 
Epoch	38
2024-05-25 14:19:03,688 - INFO - [204800/436063]	Loss  : 0.2835
2024-05-25 14:19:12,481 - INFO - [262144/436063]	Loss  : 0.2847
2024-05-25 14:19:16,045 - INFO - Test loss   : 0.2744
2024-05-25 14:19:16,045 - INFO - 
Epoch	39
2024-05-25 14:19:51,684 - INFO - [204800/436063]	Loss  : 0.2825
2024-05-25 14:20:00,384 - INFO - [262144/436063]	Loss  : 0.2832
2024-05-25 14:20:03,860 - INFO - Test loss   : 0.3075
2024-05-25 14:20:03,860 - INFO - 
Epoch	40
2024-05-25 14:20:35,403 - INFO - [204800/436063]	Loss  : 0.2819
2024-05-25 14:20:43,261 - INFO - [262144/436063]	Loss  : 0.2823
2024-05-25 14:20:46,693 - INFO - Test loss   : 0.2933
2024-05-25 14:20:47,392 - INFO - (24343,)
2024-05-25 14:21:07,841 - INFO -  Split ID: 0
2024-05-25 14:21:07,850 - INFO -  Top 1	LocEnc (Epoch 40)acc (%):   3.74
2024-05-25 14:21:07,851 - INFO -  Top 3	LocEnc (Epoch 40)acc (%):   8.92
2024-05-25 14:21:07,852 - INFO -  Top 5	LocEnc (Epoch 40)acc (%):   13.15
2024-05-25 14:21:07,853 - INFO -  Top 10	LocEnc (Epoch 40)acc (%):   21.02
2024-05-25 14:21:07,953 - INFO - 
No prior
2024-05-25 14:21:08,175 - INFO - (24426,)
2024-05-25 14:21:17,739 - INFO -  Split ID: 0
2024-05-25 14:21:17,740 - INFO -  Top 1	(Epoch 40)acc (%):   60.2
2024-05-25 14:21:17,740 - INFO -  Top 3	(Epoch 40)acc (%):   77.9
2024-05-25 14:21:17,740 - INFO -  Top 5	(Epoch 40)acc (%):   83.29
2024-05-25 14:21:17,740 - INFO -  Top 10	(Epoch 40)acc (%):   88.5
2024-05-25 14:21:41,087 - INFO -  Split ID: 0
2024-05-25 14:21:41,087 - INFO -  Top 1	(Epoch 40)acc (%):   73.23
2024-05-25 14:21:41,087 - INFO -  Top 3	(Epoch 40)acc (%):   87.6
2024-05-25 14:21:41,087 - INFO -  Top 5	(Epoch 40)acc (%):   90.95
2024-05-25 14:21:41,087 - INFO -  Top 10	(Epoch 40)acc (%):   94.03
2024-05-25 14:21:41,088 - INFO - 
Epoch	41
2024-05-25 14:22:12,432 - INFO - [204800/436063]	Loss  : 0.2801
2024-05-25 14:22:20,650 - INFO - [262144/436063]	Loss  : 0.2810
2024-05-25 14:22:23,964 - INFO - Test loss   : 0.3059
2024-05-25 14:22:23,964 - INFO - 
Epoch	42
2024-05-25 14:22:58,406 - INFO - [204800/436063]	Loss  : 0.2782
2024-05-25 14:23:07,072 - INFO - [262144/436063]	Loss  : 0.2792
2024-05-25 14:23:10,652 - INFO - Test loss   : 0.3069
2024-05-25 14:23:10,652 - INFO - 
Epoch	43
2024-05-25 14:23:43,823 - INFO - [204800/436063]	Loss  : 0.2776
2024-05-25 14:23:52,033 - INFO - [262144/436063]	Loss  : 0.2786
2024-05-25 14:23:55,673 - INFO - Test loss   : 0.3212
2024-05-25 14:23:55,673 - INFO - 
Epoch	44
2024-05-25 14:24:29,075 - INFO - [204800/436063]	Loss  : 0.2773
2024-05-25 14:24:37,696 - INFO - [262144/436063]	Loss  : 0.2780
2024-05-25 14:24:40,795 - INFO - Test loss   : 0.3054
2024-05-25 14:24:40,795 - INFO - 
Epoch	45
2024-05-25 14:25:14,175 - INFO - [204800/436063]	Loss  : 0.2752
2024-05-25 14:25:22,937 - INFO - [262144/436063]	Loss  : 0.2760
2024-05-25 14:25:26,609 - INFO - Test loss   : 0.3236
2024-05-25 14:25:26,610 - INFO - 
Epoch	46
2024-05-25 14:26:00,650 - INFO - [204800/436063]	Loss  : 0.2744
2024-05-25 14:26:09,207 - INFO - [262144/436063]	Loss  : 0.2750
2024-05-25 14:26:12,277 - INFO - Test loss   : 0.3202
2024-05-25 14:26:12,277 - INFO - 
Epoch	47
2024-05-25 14:26:46,225 - INFO - [204800/436063]	Loss  : 0.2729
2024-05-25 14:26:55,321 - INFO - [262144/436063]	Loss  : 0.2735
2024-05-25 14:26:58,923 - INFO - Test loss   : 0.3192
2024-05-25 14:26:58,923 - INFO - 
Epoch	48
2024-05-25 14:27:34,471 - INFO - [204800/436063]	Loss  : 0.2721
2024-05-25 14:27:43,236 - INFO - [262144/436063]	Loss  : 0.2728
2024-05-25 14:27:46,307 - INFO - Test loss   : 0.3309
2024-05-25 14:27:46,307 - INFO - 
Epoch	49
2024-05-25 14:28:19,132 - INFO - [204800/436063]	Loss  : 0.2719
2024-05-25 14:28:27,335 - INFO - [262144/436063]	Loss  : 0.2726
2024-05-25 14:28:30,586 - INFO - Test loss   : 0.3131
2024-05-25 14:28:30,587 - INFO - 
Epoch	50
2024-05-25 14:29:03,772 - INFO - [204800/436063]	Loss  : 0.2697
2024-05-25 14:29:12,591 - INFO - [262144/436063]	Loss  : 0.2706
2024-05-25 14:29:16,273 - INFO - Test loss   : 0.3216
2024-05-25 14:29:16,981 - INFO - (24343,)
2024-05-25 14:29:37,369 - INFO -  Split ID: 0
2024-05-25 14:29:37,378 - INFO -  Top 1	LocEnc (Epoch 50)acc (%):   3.87
2024-05-25 14:29:37,379 - INFO -  Top 3	LocEnc (Epoch 50)acc (%):   9.29
2024-05-25 14:29:37,380 - INFO -  Top 5	LocEnc (Epoch 50)acc (%):   13.69
2024-05-25 14:29:37,381 - INFO -  Top 10	LocEnc (Epoch 50)acc (%):   21.77
2024-05-25 14:29:37,481 - INFO - 
No prior
2024-05-25 14:29:37,690 - INFO - (24426,)
2024-05-25 14:29:47,242 - INFO -  Split ID: 0
2024-05-25 14:29:47,242 - INFO -  Top 1	(Epoch 50)acc (%):   60.2
2024-05-25 14:29:47,242 - INFO -  Top 3	(Epoch 50)acc (%):   77.9
2024-05-25 14:29:47,242 - INFO -  Top 5	(Epoch 50)acc (%):   83.29
2024-05-25 14:29:47,242 - INFO -  Top 10	(Epoch 50)acc (%):   88.5
2024-05-25 14:30:10,876 - INFO -  Split ID: 0
2024-05-25 14:30:10,877 - INFO -  Top 1	(Epoch 50)acc (%):   73.29
2024-05-25 14:30:10,877 - INFO -  Top 3	(Epoch 50)acc (%):   87.61
2024-05-25 14:30:10,877 - INFO -  Top 5	(Epoch 50)acc (%):   90.94
2024-05-25 14:30:10,877 - INFO -  Top 10	(Epoch 50)acc (%):   93.95
2024-05-25 14:30:10,877 - INFO - 
Epoch	51
2024-05-25 14:30:44,417 - INFO - [204800/436063]	Loss  : 0.2695
2024-05-25 14:30:53,279 - INFO - [262144/436063]	Loss  : 0.2699
2024-05-25 14:30:56,886 - INFO - Test loss   : 0.3333
2024-05-25 14:30:56,886 - INFO - 
Epoch	52
2024-05-25 14:31:30,398 - INFO - [204800/436063]	Loss  : 0.2682
2024-05-25 14:31:38,986 - INFO - [262144/436063]	Loss  : 0.2690
2024-05-25 14:31:42,576 - INFO - Test loss   : 0.3269
2024-05-25 14:31:42,578 - INFO - 
Epoch	53
2024-05-25 14:32:15,478 - INFO - [204800/436063]	Loss  : 0.2679
2024-05-25 14:32:23,847 - INFO - [262144/436063]	Loss  : 0.2683
2024-05-25 14:32:27,314 - INFO - Test loss   : 0.3471
2024-05-25 14:32:27,314 - INFO - 
Epoch	54
2024-05-25 14:33:00,614 - INFO - [204800/436063]	Loss  : 0.2663
2024-05-25 14:33:09,789 - INFO - [262144/436063]	Loss  : 0.2674
2024-05-25 14:33:13,276 - INFO - Test loss   : 0.3280
2024-05-25 14:33:13,276 - INFO - 
Epoch	55
2024-05-25 14:33:46,228 - INFO - [204800/436063]	Loss  : 0.2651
2024-05-25 14:33:54,999 - INFO - [262144/436063]	Loss  : 0.2653
2024-05-25 14:33:58,454 - INFO - Test loss   : 0.3448
2024-05-25 14:33:58,454 - INFO - 
Epoch	56
2024-05-25 14:34:31,201 - INFO - [204800/436063]	Loss  : 0.2650
2024-05-25 14:34:39,646 - INFO - [262144/436063]	Loss  : 0.2654
2024-05-25 14:34:43,346 - INFO - Test loss   : 0.3485
2024-05-25 14:34:43,346 - INFO - 
Epoch	57
2024-05-25 14:35:15,673 - INFO - [204800/436063]	Loss  : 0.2632
2024-05-25 14:35:23,929 - INFO - [262144/436063]	Loss  : 0.2640
2024-05-25 14:35:27,090 - INFO - Test loss   : 0.3628
2024-05-25 14:35:27,090 - INFO - 
Epoch	58
2024-05-25 14:36:01,364 - INFO - [204800/436063]	Loss  : 0.2625
2024-05-25 14:36:10,465 - INFO - [262144/436063]	Loss  : 0.2636
2024-05-25 14:36:14,000 - INFO - Test loss   : 0.3654
2024-05-25 14:36:14,000 - INFO - 
Epoch	59
2024-05-25 14:36:49,126 - INFO - [204800/436063]	Loss  : 0.2635
2024-05-25 14:36:57,904 - INFO - [262144/436063]	Loss  : 0.2637
2024-05-25 14:37:01,231 - INFO - Test loss   : 0.3590
2024-05-25 14:37:01,231 - INFO - 
Epoch	60
2024-05-25 14:37:32,911 - INFO - [204800/436063]	Loss  : 0.2614
2024-05-25 14:37:41,178 - INFO - [262144/436063]	Loss  : 0.2615
2024-05-25 14:37:44,352 - INFO - Test loss   : 0.3781
2024-05-25 14:37:45,070 - INFO - (24343,)
2024-05-25 14:38:05,460 - INFO -  Split ID: 0
2024-05-25 14:38:05,469 - INFO -  Top 1	LocEnc (Epoch 60)acc (%):   4.54
2024-05-25 14:38:05,470 - INFO -  Top 3	LocEnc (Epoch 60)acc (%):   10.28
2024-05-25 14:38:05,471 - INFO -  Top 5	LocEnc (Epoch 60)acc (%):   14.64
2024-05-25 14:38:05,472 - INFO -  Top 10	LocEnc (Epoch 60)acc (%):   23.11
2024-05-25 14:38:05,577 - INFO - 
No prior
2024-05-25 14:38:05,799 - INFO - (24426,)
2024-05-25 14:38:15,360 - INFO -  Split ID: 0
2024-05-25 14:38:15,360 - INFO -  Top 1	(Epoch 60)acc (%):   60.2
2024-05-25 14:38:15,360 - INFO -  Top 3	(Epoch 60)acc (%):   77.9
2024-05-25 14:38:15,360 - INFO -  Top 5	(Epoch 60)acc (%):   83.29
2024-05-25 14:38:15,360 - INFO -  Top 10	(Epoch 60)acc (%):   88.5
2024-05-25 14:38:39,115 - INFO -  Split ID: 0
2024-05-25 14:38:39,116 - INFO -  Top 1	(Epoch 60)acc (%):   73.57
2024-05-25 14:38:39,116 - INFO -  Top 3	(Epoch 60)acc (%):   87.65
2024-05-25 14:38:39,116 - INFO -  Top 5	(Epoch 60)acc (%):   90.87
2024-05-25 14:38:39,116 - INFO -  Top 10	(Epoch 60)acc (%):   93.85
2024-05-25 14:38:39,116 - INFO - 
Epoch	61
2024-05-25 14:39:11,950 - INFO - [204800/436063]	Loss  : 0.2602
2024-05-25 14:39:20,269 - INFO - [262144/436063]	Loss  : 0.2606
2024-05-25 14:39:23,383 - INFO - Test loss   : 0.3661
2024-05-25 14:39:23,384 - INFO - 
Epoch	62
2024-05-25 14:39:57,023 - INFO - [204800/436063]	Loss  : 0.2600
2024-05-25 14:40:06,086 - INFO - [262144/436063]	Loss  : 0.2606
2024-05-25 14:40:09,653 - INFO - Test loss   : 0.3538
2024-05-25 14:40:09,654 - INFO - 
Epoch	63
2024-05-25 14:40:44,325 - INFO - [204800/436063]	Loss  : 0.2587
2024-05-25 14:40:53,226 - INFO - [262144/436063]	Loss  : 0.2596
2024-05-25 14:40:56,827 - INFO - Test loss   : 0.3623
2024-05-25 14:40:56,827 - INFO - 
Epoch	64
2024-05-25 14:41:32,169 - INFO - [204800/436063]	Loss  : 0.2585
2024-05-25 14:41:40,671 - INFO - [262144/436063]	Loss  : 0.2592
2024-05-25 14:41:44,199 - INFO - Test loss   : 0.3705
2024-05-25 14:41:44,199 - INFO - 
Epoch	65
2024-05-25 14:42:17,164 - INFO - [204800/436063]	Loss  : 0.2576
2024-05-25 14:42:25,363 - INFO - [262144/436063]	Loss  : 0.2581
2024-05-25 14:42:28,495 - INFO - Test loss   : 0.3615
2024-05-25 14:42:28,495 - INFO - 
Epoch	66
2024-05-25 14:43:00,600 - INFO - [204800/436063]	Loss  : 0.2565
2024-05-25 14:43:09,127 - INFO - [262144/436063]	Loss  : 0.2567
2024-05-25 14:43:12,665 - INFO - Test loss   : 0.3717
2024-05-25 14:43:12,665 - INFO - 
Epoch	67
2024-05-25 14:43:46,965 - INFO - [204800/436063]	Loss  : 0.2560
2024-05-25 14:43:55,309 - INFO - [262144/436063]	Loss  : 0.2566
2024-05-25 14:43:58,641 - INFO - Test loss   : 0.3782
2024-05-25 14:43:58,642 - INFO - 
Epoch	68
2024-05-25 14:44:30,515 - INFO - [204800/436063]	Loss  : 0.2551
2024-05-25 14:44:39,731 - INFO - [262144/436063]	Loss  : 0.2556
2024-05-25 14:44:43,040 - INFO - Test loss   : 0.3730
2024-05-25 14:44:43,040 - INFO - 
Epoch	69
2024-05-25 14:45:15,553 - INFO - [204800/436063]	Loss  : 0.2537
2024-05-25 14:45:23,526 - INFO - [262144/436063]	Loss  : 0.2544
2024-05-25 14:45:26,662 - INFO - Test loss   : 0.3568
2024-05-25 14:45:26,662 - INFO - 
Epoch	70
2024-05-25 14:45:59,063 - INFO - [204800/436063]	Loss  : 0.2542
2024-05-25 14:46:07,468 - INFO - [262144/436063]	Loss  : 0.2547
2024-05-25 14:46:10,840 - INFO - Test loss   : 0.3791
2024-05-25 14:46:11,541 - INFO - (24343,)
2024-05-25 14:46:31,917 - INFO -  Split ID: 0
2024-05-25 14:46:31,926 - INFO -  Top 1	LocEnc (Epoch 70)acc (%):   4.94
2024-05-25 14:46:31,927 - INFO -  Top 3	LocEnc (Epoch 70)acc (%):   11.06
2024-05-25 14:46:31,928 - INFO -  Top 5	LocEnc (Epoch 70)acc (%):   15.59
2024-05-25 14:46:31,929 - INFO -  Top 10	LocEnc (Epoch 70)acc (%):   24.01
2024-05-25 14:46:32,036 - INFO - 
No prior
2024-05-25 14:46:32,259 - INFO - (24426,)
2024-05-25 14:46:41,839 - INFO -  Split ID: 0
2024-05-25 14:46:41,840 - INFO -  Top 1	(Epoch 70)acc (%):   60.2
2024-05-25 14:46:41,840 - INFO -  Top 3	(Epoch 70)acc (%):   77.9
2024-05-25 14:46:41,840 - INFO -  Top 5	(Epoch 70)acc (%):   83.29
2024-05-25 14:46:41,840 - INFO -  Top 10	(Epoch 70)acc (%):   88.5
2024-05-25 14:47:05,280 - INFO -  Split ID: 0
2024-05-25 14:47:05,280 - INFO -  Top 1	(Epoch 70)acc (%):   73.53
2024-05-25 14:47:05,281 - INFO -  Top 3	(Epoch 70)acc (%):   87.58
2024-05-25 14:47:05,281 - INFO -  Top 5	(Epoch 70)acc (%):   90.83
2024-05-25 14:47:05,281 - INFO -  Top 10	(Epoch 70)acc (%):   93.87
2024-05-25 14:47:05,281 - INFO - 
Epoch	71
2024-05-25 14:47:39,395 - INFO - [204800/436063]	Loss  : 0.2537
2024-05-25 14:47:47,625 - INFO - [262144/436063]	Loss  : 0.2540
2024-05-25 14:47:50,961 - INFO - Test loss   : 0.3797
2024-05-25 14:47:50,961 - INFO - 
Epoch	72
2024-05-25 14:48:24,263 - INFO - [204800/436063]	Loss  : 0.2525
2024-05-25 14:48:32,658 - INFO - [262144/436063]	Loss  : 0.2536
2024-05-25 14:48:36,058 - INFO - Test loss   : 0.3802
2024-05-25 14:48:36,058 - INFO - 
Epoch	73
2024-05-25 14:49:08,132 - INFO - [204800/436063]	Loss  : 0.2518
2024-05-25 14:49:16,423 - INFO - [262144/436063]	Loss  : 0.2524
2024-05-25 14:49:19,761 - INFO - Test loss   : 0.3866
2024-05-25 14:49:19,761 - INFO - 
Epoch	74
2024-05-25 14:49:53,610 - INFO - [204800/436063]	Loss  : 0.2513
2024-05-25 14:50:02,227 - INFO - [262144/436063]	Loss  : 0.2519
2024-05-25 14:50:05,552 - INFO - Test loss   : 0.3902
2024-05-25 14:50:05,552 - INFO - 
Epoch	75
2024-05-25 14:50:37,490 - INFO - [204800/436063]	Loss  : 0.2514
2024-05-25 14:50:46,177 - INFO - [262144/436063]	Loss  : 0.2515
2024-05-25 14:50:49,664 - INFO - Test loss   : 0.3887
2024-05-25 14:50:49,664 - INFO - 
Epoch	76
2024-05-25 14:51:22,500 - INFO - [204800/436063]	Loss  : 0.2503
2024-05-25 14:51:30,719 - INFO - [262144/436063]	Loss  : 0.2507
2024-05-25 14:51:34,039 - INFO - Test loss   : 0.3757
2024-05-25 14:51:34,039 - INFO - 
Epoch	77
2024-05-25 14:52:05,547 - INFO - [204800/436063]	Loss  : 0.2498
2024-05-25 14:52:13,513 - INFO - [262144/436063]	Loss  : 0.2503
2024-05-25 14:52:16,957 - INFO - Test loss   : 0.3947
2024-05-25 14:52:16,958 - INFO - 
Epoch	78
2024-05-25 14:52:51,375 - INFO - [204800/436063]	Loss  : 0.2484
2024-05-25 14:53:00,916 - INFO - [262144/436063]	Loss  : 0.2486
2024-05-25 14:53:04,521 - INFO - Test loss   : 0.3967
2024-05-25 14:53:04,521 - INFO - 
Epoch	79
2024-05-25 14:53:37,546 - INFO - [204800/436063]	Loss  : 0.2481
2024-05-25 14:53:45,793 - INFO - [262144/436063]	Loss  : 0.2485
2024-05-25 14:53:49,088 - INFO - Test loss   : 0.4166
2024-05-25 14:53:49,088 - INFO - 
Epoch	80
2024-05-25 14:54:22,087 - INFO - [204800/436063]	Loss  : 0.2473
2024-05-25 14:54:30,978 - INFO - [262144/436063]	Loss  : 0.2480
2024-05-25 14:54:34,660 - INFO - Test loss   : 0.3973
2024-05-25 14:54:35,381 - INFO - (24343,)
2024-05-25 14:54:55,882 - INFO -  Split ID: 0
2024-05-25 14:54:55,891 - INFO -  Top 1	LocEnc (Epoch 80)acc (%):   4.9
2024-05-25 14:54:55,892 - INFO -  Top 3	LocEnc (Epoch 80)acc (%):   11.22
2024-05-25 14:54:55,893 - INFO -  Top 5	LocEnc (Epoch 80)acc (%):   16.02
2024-05-25 14:54:55,894 - INFO -  Top 10	LocEnc (Epoch 80)acc (%):   24.33
2024-05-25 14:54:55,993 - INFO - 
No prior
2024-05-25 14:54:56,202 - INFO - (24426,)
2024-05-25 14:55:05,841 - INFO -  Split ID: 0
2024-05-25 14:55:05,841 - INFO -  Top 1	(Epoch 80)acc (%):   60.2
2024-05-25 14:55:05,842 - INFO -  Top 3	(Epoch 80)acc (%):   77.9
2024-05-25 14:55:05,842 - INFO -  Top 5	(Epoch 80)acc (%):   83.29
2024-05-25 14:55:05,842 - INFO -  Top 10	(Epoch 80)acc (%):   88.5
2024-05-25 14:55:29,604 - INFO -  Split ID: 0
2024-05-25 14:55:29,604 - INFO -  Top 1	(Epoch 80)acc (%):   73.47
2024-05-25 14:55:29,604 - INFO -  Top 3	(Epoch 80)acc (%):   87.58
2024-05-25 14:55:29,604 - INFO -  Top 5	(Epoch 80)acc (%):   90.8
2024-05-25 14:55:29,604 - INFO -  Top 10	(Epoch 80)acc (%):   93.83
2024-05-25 14:55:29,605 - INFO - 
Epoch	81
2024-05-25 14:56:03,149 - INFO - [204800/436063]	Loss  : 0.2479
2024-05-25 14:56:11,248 - INFO - [262144/436063]	Loss  : 0.2483
2024-05-25 14:56:14,611 - INFO - Test loss   : 0.3979
2024-05-25 14:56:14,611 - INFO - 
Epoch	82
2024-05-25 14:56:46,207 - INFO - [204800/436063]	Loss  : 0.2461
2024-05-25 14:56:54,373 - INFO - [262144/436063]	Loss  : 0.2468
2024-05-25 14:56:57,651 - INFO - Test loss   : 0.4113
2024-05-25 14:56:57,652 - INFO - 
Epoch	83
2024-05-25 14:57:32,463 - INFO - [204800/436063]	Loss  : 0.2461
2024-05-25 14:57:41,224 - INFO - [262144/436063]	Loss  : 0.2464
2024-05-25 14:57:44,468 - INFO - Test loss   : 0.3978
2024-05-25 14:57:44,469 - INFO - 
Epoch	84
2024-05-25 14:58:18,307 - INFO - [204800/436063]	Loss  : 0.2456
2024-05-25 14:58:27,110 - INFO - [262144/436063]	Loss  : 0.2458
2024-05-25 14:58:30,732 - INFO - Test loss   : 0.4110
2024-05-25 14:58:30,733 - INFO - 
Epoch	85
2024-05-25 14:59:03,476 - INFO - [204800/436063]	Loss  : 0.2446
2024-05-25 14:59:11,696 - INFO - [262144/436063]	Loss  : 0.2448
2024-05-25 14:59:15,165 - INFO - Test loss   : 0.4138
2024-05-25 14:59:15,165 - INFO - 
Epoch	86
2024-05-25 14:59:49,290 - INFO - [204800/436063]	Loss  : 0.2441
2024-05-25 14:59:58,205 - INFO - [262144/436063]	Loss  : 0.2448
2024-05-25 15:00:01,933 - INFO - Test loss   : 0.4054
2024-05-25 15:00:01,933 - INFO - 
Epoch	87
2024-05-25 15:00:36,625 - INFO - [204800/436063]	Loss  : 0.2443
2024-05-25 15:00:44,894 - INFO - [262144/436063]	Loss  : 0.2444
2024-05-25 15:00:48,373 - INFO - Test loss   : 0.4172
2024-05-25 15:00:48,374 - INFO - 
Epoch	88
2024-05-25 15:01:20,600 - INFO - [204800/436063]	Loss  : 0.2440
2024-05-25 15:01:28,761 - INFO - [262144/436063]	Loss  : 0.2443
2024-05-25 15:01:31,994 - INFO - Test loss   : 0.4135
2024-05-25 15:01:31,994 - INFO - 
Epoch	89
2024-05-25 15:02:05,725 - INFO - [204800/436063]	Loss  : 0.2433
2024-05-25 15:02:13,800 - INFO - [262144/436063]	Loss  : 0.2435
2024-05-25 15:02:16,996 - INFO - Test loss   : 0.4212
2024-05-25 15:02:16,996 - INFO - 
Epoch	90
2024-05-25 15:02:52,270 - INFO - [204800/436063]	Loss  : 0.2422
2024-05-25 15:03:01,121 - INFO - [262144/436063]	Loss  : 0.2424
2024-05-25 15:03:04,225 - INFO - Test loss   : 0.4274
2024-05-25 15:03:04,927 - INFO - (24343,)
2024-05-25 15:03:25,333 - INFO -  Split ID: 0
2024-05-25 15:03:25,342 - INFO -  Top 1	LocEnc (Epoch 90)acc (%):   5.02
2024-05-25 15:03:25,343 - INFO -  Top 3	LocEnc (Epoch 90)acc (%):   11.41
2024-05-25 15:03:25,344 - INFO -  Top 5	LocEnc (Epoch 90)acc (%):   16.19
2024-05-25 15:03:25,345 - INFO -  Top 10	LocEnc (Epoch 90)acc (%):   24.89
2024-05-25 15:03:25,446 - INFO - 
No prior
2024-05-25 15:03:25,660 - INFO - (24426,)
2024-05-25 15:03:35,211 - INFO -  Split ID: 0
2024-05-25 15:03:35,211 - INFO -  Top 1	(Epoch 90)acc (%):   60.2
2024-05-25 15:03:35,211 - INFO -  Top 3	(Epoch 90)acc (%):   77.9
2024-05-25 15:03:35,211 - INFO -  Top 5	(Epoch 90)acc (%):   83.29
2024-05-25 15:03:35,211 - INFO -  Top 10	(Epoch 90)acc (%):   88.5
2024-05-25 15:03:58,789 - INFO -  Split ID: 0
2024-05-25 15:03:58,790 - INFO -  Top 1	(Epoch 90)acc (%):   73.45
2024-05-25 15:03:58,790 - INFO -  Top 3	(Epoch 90)acc (%):   87.42
2024-05-25 15:03:58,790 - INFO -  Top 5	(Epoch 90)acc (%):   90.63
2024-05-25 15:03:58,790 - INFO -  Top 10	(Epoch 90)acc (%):   93.67
2024-05-25 15:03:58,790 - INFO - 
Epoch	91
2024-05-25 15:04:31,688 - INFO - [204800/436063]	Loss  : 0.2420
2024-05-25 15:04:40,293 - INFO - [262144/436063]	Loss  : 0.2420
2024-05-25 15:04:43,773 - INFO - Test loss   : 0.4089
2024-05-25 15:04:43,773 - INFO - 
Epoch	92
2024-05-25 15:05:16,475 - INFO - [204800/436063]	Loss  : 0.2419
2024-05-25 15:05:24,762 - INFO - [262144/436063]	Loss  : 0.2423
2024-05-25 15:05:28,094 - INFO - Test loss   : 0.4181
2024-05-25 15:05:28,095 - INFO - 
Epoch	93
2024-05-25 15:06:01,407 - INFO - [204800/436063]	Loss  : 0.2415
2024-05-25 15:06:09,505 - INFO - [262144/436063]	Loss  : 0.2417
2024-05-25 15:06:12,709 - INFO - Test loss   : 0.4223
2024-05-25 15:06:12,710 - INFO - 
Epoch	94
2024-05-25 15:06:46,420 - INFO - [204800/436063]	Loss  : 0.2402
2024-05-25 15:06:54,867 - INFO - [262144/436063]	Loss  : 0.2408
2024-05-25 15:06:58,132 - INFO - Test loss   : 0.4275
2024-05-25 15:06:58,132 - INFO - 
Epoch	95
2024-05-25 15:07:30,039 - INFO - [204800/436063]	Loss  : 0.2404
2024-05-25 15:07:38,033 - INFO - [262144/436063]	Loss  : 0.2408
2024-05-25 15:07:41,278 - INFO - Test loss   : 0.4326
2024-05-25 15:07:41,278 - INFO - 
Epoch	96
2024-05-25 15:08:13,601 - INFO - [204800/436063]	Loss  : 0.2392
2024-05-25 15:08:22,422 - INFO - [262144/436063]	Loss  : 0.2396
2024-05-25 15:08:26,021 - INFO - Test loss   : 0.4290
2024-05-25 15:08:26,021 - INFO - 
Epoch	97
2024-05-25 15:09:01,012 - INFO - [204800/436063]	Loss  : 0.2394
2024-05-25 15:09:09,826 - INFO - [262144/436063]	Loss  : 0.2396
2024-05-25 15:09:13,338 - INFO - Test loss   : 0.4290
2024-05-25 15:09:13,338 - INFO - 
Epoch	98
2024-05-25 15:09:45,685 - INFO - [204800/436063]	Loss  : 0.2397
2024-05-25 15:09:53,791 - INFO - [262144/436063]	Loss  : 0.2398
2024-05-25 15:09:57,253 - INFO - Test loss   : 0.4344
2024-05-25 15:09:57,253 - INFO - 
Epoch	99
2024-05-25 15:10:30,197 - INFO - [204800/436063]	Loss  : 0.2389
2024-05-25 15:10:40,564 - INFO - [262144/436063]	Loss  : 0.2394
2024-05-25 15:10:44,879 - INFO - Test loss   : 0.4375
2024-05-25 15:10:44,879 - INFO - Saving output model to ../models/space2vec_theory/model_inat_2018_Space2Vec-theory_0.0200_64_0.0500000_360.000_1_512_BATCH4096_leakyrelu.pth.tar
2024-05-25 15:10:44,943 - INFO - Saving output model to ../models/space2vec_theory/model_inat_2018_Space2Vec-theory_0.0200_64_0.0500000_360.000_1_512_BATCH4096_leakyrelu.pth.tar
2024-05-25 15:10:46,959 - INFO - 
No prior
2024-05-25 15:10:53,403 - INFO - (24426,)
2024-05-25 15:11:16,449 - INFO -  Split ID: 0
2024-05-25 15:11:16,450 - INFO -  Top 1	acc (%):   60.2
2024-05-25 15:11:16,450 - INFO -  Top 3	acc (%):   77.9
2024-05-25 15:11:16,450 - INFO -  Top 5	acc (%):   83.29
2024-05-25 15:11:16,450 - INFO -  Top 10	acc (%):   88.5
2024-05-25 15:11:40,945 - INFO -  Split ID: 0
2024-05-25 15:11:40,945 - INFO -  Top 1	acc (%):   73.52
2024-05-25 15:11:40,945 - INFO -  Top 3	acc (%):   87.37
2024-05-25 15:11:40,945 - INFO -  Top 5	acc (%):   90.62
2024-05-25 15:11:40,945 - INFO -  Top 10	acc (%):   93.64
2024-05-25 15:11:40,946 - INFO - 
Space2Vec-theory
2024-05-25 15:11:40,946 - INFO -  Model :	model_inat_2018_Space2Vec-theory_0.0200_64_0.0500000_360.000_1_512_BATCH4096_leakyrelu.pth.tar
2024-05-25 15:11:41,717 - INFO - (24343,)
2024-05-25 15:12:02,123 - INFO -  Split ID: 0
2024-05-25 15:12:02,132 - INFO -  Top 1	LocEnc acc (%):   5.4
2024-05-25 15:12:02,133 - INFO -  Top 3	LocEnc acc (%):   11.91
2024-05-25 15:12:02,134 - INFO -  Top 5	LocEnc acc (%):   16.67
2024-05-25 15:12:02,135 - INFO -  Top 10	LocEnc acc (%):   25.42
2024-05-31 01:53:00,293 - INFO - 
num_classes	8142
2024-05-31 01:53:00,293 - INFO - num train    	436063
2024-05-31 01:53:00,293 - INFO - num val      	24343
2024-05-31 01:53:00,293 - INFO - train loss   	full_loss
2024-05-31 01:53:00,293 - INFO - model name   	../models/space2vec_theory/model_inat_2018_Space2Vec-theory_0.0200_64_0.0500000_360.000_1_512_BATCH4096_leakyrelu.pth.tar
2024-05-31 01:53:00,293 - INFO - num users    	18643
2024-05-31 01:53:01,186 - INFO - 
Only Space2Vec-theory
2024-05-31 01:53:01,187 - INFO -  Model :	model_inat_2018_Space2Vec-theory_0.0200_64_0.0500000_360.000_1_512_BATCH4096_leakyrelu.pth.tar
2024-05-31 01:53:01,501 - INFO - Saving output model to ../models/space2vec_theory/model_inat_2018_Space2Vec-theory_0.0200_64_0.0500000_360.000_1_512_BATCH4096_leakyrelu.pth.tar
2024-05-31 01:53:01,712 - INFO - Saving output model to ../models/space2vec_theory/model_inat_2018_Space2Vec-theory_0.0200_64_0.0500000_360.000_1_512_BATCH4096_leakyrelu.pth.tar
2024-05-31 01:53:02,046 - INFO - 
No prior
2024-05-31 01:53:02,277 - INFO - (24426,)
2024-05-31 01:53:19,462 - INFO - Save results to ../eval_results/eval_inat_2018__val_no_prior.csv
2024-05-31 01:53:19,462 - INFO -  Split ID: 0
2024-05-31 01:53:19,462 - INFO -  Top 1	acc (%):   60.2
2024-05-31 01:53:19,462 - INFO -  Top 3	acc (%):   77.9
2024-05-31 01:53:19,462 - INFO -  Top 5	acc (%):   83.29
2024-05-31 01:53:19,463 - INFO -  Top 10	acc (%):   88.5
2024-05-31 01:53:45,419 - INFO -  Split ID: 0
2024-05-31 01:53:45,419 - INFO -  Top 1	hit (%):   73.52
2024-05-31 01:53:45,419 - INFO -  Top 3	hit (%):   87.37
2024-05-31 01:53:45,419 - INFO -  Top 5	hit (%):   90.62
2024-05-31 01:53:45,419 - INFO -  Top 10	hit (%):   93.64
2024-05-31 01:53:45,426 - INFO - 
Only Space2Vec-theory
2024-05-31 01:53:45,426 - INFO -  Model :	model_inat_2018_Space2Vec-theory_0.0200_64_0.0500000_360.000_1_512_BATCH4096_leakyrelu.pth.tar
2024-05-31 01:53:46,187 - INFO - (24343,)
2024-05-31 01:54:06,271 - INFO -  Split ID: 0
2024-05-31 01:54:06,279 - INFO -  Top 1	LocEnc acc (%):   5.4
2024-05-31 01:54:06,280 - INFO -  Top 3	LocEnc acc (%):   11.91
2024-05-31 01:54:06,281 - INFO -  Top 5	LocEnc acc (%):   16.67
2024-05-31 01:54:06,282 - INFO -  Top 10	LocEnc acc (%):   25.42
