2024-05-23 20:08:30,812 - INFO - 
num_classes	100
2024-05-23 20:08:30,812 - INFO - num train    	66739
2024-05-23 20:08:30,812 - INFO - num val      	4449
2024-05-23 20:08:30,812 - INFO - train loss   	full_loss
2024-05-23 20:08:30,812 - INFO - model name   	../models/space2vec_theory/model_yfcc_Space2Vec-theory_inception_v3_0.0100_64_0.0500000_360.000_1_256_BATCH4096_leakyrelu.pth.tar
2024-05-23 20:08:30,812 - INFO - num users    	1
2024-05-23 20:08:31,572 - INFO - 
Epoch	0
2024-05-23 20:08:37,801 - INFO - [65536/66739]	Loss  : 1.3735
2024-05-23 20:08:38,139 - INFO - Test loss   : 0.4356
2024-05-23 20:08:38,139 - INFO - 
Epoch	1
2024-05-23 20:08:43,289 - INFO - [65536/66739]	Loss  : 1.1711
2024-05-23 20:08:43,549 - INFO - Test loss   : 0.4522
2024-05-23 20:08:43,549 - INFO - 
Epoch	2
2024-05-23 20:08:49,041 - INFO - [65536/66739]	Loss  : 1.1240
2024-05-23 20:08:49,412 - INFO - Test loss   : 0.4382
2024-05-23 20:08:49,412 - INFO - 
Epoch	3
2024-05-23 20:08:54,689 - INFO - [65536/66739]	Loss  : 1.0996
2024-05-23 20:08:55,056 - INFO - Test loss   : 0.4427
2024-05-23 20:08:55,056 - INFO - 
Epoch	4
2024-05-23 20:09:00,514 - INFO - [65536/66739]	Loss  : 1.0861
2024-05-23 20:09:00,856 - INFO - Test loss   : 0.4538
2024-05-23 20:09:00,856 - INFO - 
Epoch	5
2024-05-23 20:09:06,331 - INFO - [65536/66739]	Loss  : 1.0735
2024-05-23 20:09:06,599 - INFO - Test loss   : 0.4564
2024-05-23 20:09:06,599 - INFO - 
Epoch	6
2024-05-23 20:09:11,978 - INFO - [65536/66739]	Loss  : 1.0660
2024-05-23 20:09:12,243 - INFO - Test loss   : 0.4761
2024-05-23 20:09:12,243 - INFO - 
Epoch	7
2024-05-23 20:09:17,689 - INFO - [65536/66739]	Loss  : 1.0606
2024-05-23 20:09:17,949 - INFO - Test loss   : 0.4655
2024-05-23 20:09:17,950 - INFO - 
Epoch	8
2024-05-23 20:09:23,296 - INFO - [65536/66739]	Loss  : 1.0541
2024-05-23 20:09:23,629 - INFO - Test loss   : 0.4654
2024-05-23 20:09:23,629 - INFO - 
Epoch	9
2024-05-23 20:09:28,924 - INFO - [65536/66739]	Loss  : 1.0496
2024-05-23 20:09:29,405 - INFO - Test loss   : 0.4817
2024-05-23 20:09:29,406 - INFO - 
Epoch	10
2024-05-23 20:09:34,681 - INFO - [65536/66739]	Loss  : 1.0430
2024-05-23 20:09:35,046 - INFO - Test loss   : 0.4689
2024-05-23 20:09:35,090 - INFO - (4449,)
2024-05-23 20:09:35,114 - INFO -  Split ID: 0
2024-05-23 20:09:35,116 - INFO -  Top 1	LocEnc (Epoch 10)acc (%):   10.79
2024-05-23 20:09:35,116 - INFO -  Top 3	LocEnc (Epoch 10)acc (%):   21.87
2024-05-23 20:09:35,116 - INFO -  Top 5	LocEnc (Epoch 10)acc (%):   30.1
2024-05-23 20:09:35,116 - INFO -  Top 10	LocEnc (Epoch 10)acc (%):   45.49
2024-05-23 20:09:35,117 - INFO - 
No prior
2024-05-23 20:09:35,119 - INFO - (17798,)
2024-05-23 20:09:35,217 - INFO -  Split ID: 0
2024-05-23 20:09:35,217 - INFO -  Top 1	(Epoch 10)acc (%):   50.15
2024-05-23 20:09:35,217 - INFO -  Top 3	(Epoch 10)acc (%):   73.9
2024-05-23 20:09:35,217 - INFO -  Top 5	(Epoch 10)acc (%):   82.45
2024-05-23 20:09:35,217 - INFO -  Top 10	(Epoch 10)acc (%):   91.06
2024-05-23 20:09:43,961 - INFO -  Split ID: 0
2024-05-23 20:09:43,961 - INFO -  Top 1	(Epoch 10)acc (%):   51.13
2024-05-23 20:09:43,961 - INFO -  Top 3	(Epoch 10)acc (%):   75.29
2024-05-23 20:09:43,961 - INFO -  Top 5	(Epoch 10)acc (%):   83.75
2024-05-23 20:09:43,961 - INFO -  Top 10	(Epoch 10)acc (%):   92.06
2024-05-23 20:09:43,961 - INFO - 
Epoch	11
2024-05-23 20:09:49,341 - INFO - [65536/66739]	Loss  : 1.0398
2024-05-23 20:09:49,600 - INFO - Test loss   : 0.4705
2024-05-23 20:09:49,600 - INFO - 
Epoch	12
2024-05-23 20:09:54,859 - INFO - [65536/66739]	Loss  : 1.0386
2024-05-23 20:09:55,122 - INFO - Test loss   : 0.5050
2024-05-23 20:09:55,122 - INFO - 
Epoch	13
2024-05-23 20:10:00,762 - INFO - [65536/66739]	Loss  : 1.0334
2024-05-23 20:10:01,021 - INFO - Test loss   : 0.5060
2024-05-23 20:10:01,021 - INFO - 
Epoch	14
2024-05-23 20:10:06,465 - INFO - [65536/66739]	Loss  : 1.0324
2024-05-23 20:10:06,733 - INFO - Test loss   : 0.4919
2024-05-23 20:10:06,734 - INFO - 
Epoch	15
2024-05-23 20:10:12,050 - INFO - [65536/66739]	Loss  : 1.0275
2024-05-23 20:10:12,523 - INFO - Test loss   : 0.5110
2024-05-23 20:10:12,523 - INFO - 
Epoch	16
2024-05-23 20:10:17,825 - INFO - [65536/66739]	Loss  : 1.0264
2024-05-23 20:10:18,085 - INFO - Test loss   : 0.5174
2024-05-23 20:10:18,085 - INFO - 
Epoch	17
2024-05-23 20:10:23,786 - INFO - [65536/66739]	Loss  : 1.0231
2024-05-23 20:10:24,150 - INFO - Test loss   : 0.5043
2024-05-23 20:10:24,150 - INFO - 
Epoch	18
2024-05-23 20:10:29,260 - INFO - [65536/66739]	Loss  : 1.0214
2024-05-23 20:10:29,526 - INFO - Test loss   : 0.5042
2024-05-23 20:10:29,526 - INFO - 
Epoch	19
2024-05-23 20:10:35,122 - INFO - [65536/66739]	Loss  : 1.0217
2024-05-23 20:10:35,384 - INFO - Test loss   : 0.5255
2024-05-23 20:10:35,384 - INFO - 
Epoch	20
2024-05-23 20:10:41,025 - INFO - [65536/66739]	Loss  : 1.0162
2024-05-23 20:10:41,283 - INFO - Test loss   : 0.5148
2024-05-23 20:10:41,317 - INFO - (4449,)
2024-05-23 20:10:41,339 - INFO -  Split ID: 0
2024-05-23 20:10:41,341 - INFO -  Top 1	LocEnc (Epoch 20)acc (%):   11.46
2024-05-23 20:10:41,341 - INFO -  Top 3	LocEnc (Epoch 20)acc (%):   22.93
2024-05-23 20:10:41,341 - INFO -  Top 5	LocEnc (Epoch 20)acc (%):   31.02
2024-05-23 20:10:41,342 - INFO -  Top 10	LocEnc (Epoch 20)acc (%):   47.34
2024-05-23 20:10:41,342 - INFO - 
No prior
2024-05-23 20:10:41,344 - INFO - (17798,)
2024-05-23 20:10:41,441 - INFO -  Split ID: 0
2024-05-23 20:10:41,441 - INFO -  Top 1	(Epoch 20)acc (%):   50.15
2024-05-23 20:10:41,441 - INFO -  Top 3	(Epoch 20)acc (%):   73.9
2024-05-23 20:10:41,441 - INFO -  Top 5	(Epoch 20)acc (%):   82.45
2024-05-23 20:10:41,441 - INFO -  Top 10	(Epoch 20)acc (%):   91.06
2024-05-23 20:10:50,276 - INFO -  Split ID: 0
2024-05-23 20:10:50,276 - INFO -  Top 1	(Epoch 20)acc (%):   51.09
2024-05-23 20:10:50,276 - INFO -  Top 3	(Epoch 20)acc (%):   75.36
2024-05-23 20:10:50,276 - INFO -  Top 5	(Epoch 20)acc (%):   83.95
2024-05-23 20:10:50,276 - INFO -  Top 10	(Epoch 20)acc (%):   92.23
2024-05-23 20:10:50,277 - INFO - 
Epoch	21
2024-05-23 20:10:55,565 - INFO - [65536/66739]	Loss  : 1.0140
2024-05-23 20:10:55,822 - INFO - Test loss   : 0.5257
2024-05-23 20:10:55,823 - INFO - 
Epoch	22
2024-05-23 20:11:01,237 - INFO - [65536/66739]	Loss  : 1.0135
2024-05-23 20:11:01,601 - INFO - Test loss   : 0.5216
2024-05-23 20:11:01,601 - INFO - 
Epoch	23
2024-05-23 20:11:07,033 - INFO - [65536/66739]	Loss  : 1.0113
2024-05-23 20:11:07,294 - INFO - Test loss   : 0.5313
2024-05-23 20:11:07,294 - INFO - 
Epoch	24
2024-05-23 20:11:12,653 - INFO - [65536/66739]	Loss  : 1.0064
2024-05-23 20:11:12,913 - INFO - Test loss   : 0.5348
2024-05-23 20:11:12,913 - INFO - 
Epoch	25
2024-05-23 20:11:18,247 - INFO - [65536/66739]	Loss  : 1.0058
2024-05-23 20:11:18,506 - INFO - Test loss   : 0.5691
2024-05-23 20:11:18,506 - INFO - 
Epoch	26
2024-05-23 20:11:23,840 - INFO - [65536/66739]	Loss  : 1.0045
2024-05-23 20:11:24,296 - INFO - Test loss   : 0.5317
2024-05-23 20:11:24,296 - INFO - 
Epoch	27
2024-05-23 20:11:29,492 - INFO - [65536/66739]	Loss  : 1.0046
2024-05-23 20:11:29,964 - INFO - Test loss   : 0.5575
2024-05-23 20:11:29,964 - INFO - 
Epoch	28
2024-05-23 20:11:35,712 - INFO - [65536/66739]	Loss  : 1.0025
2024-05-23 20:11:35,973 - INFO - Test loss   : 0.5494
2024-05-23 20:11:35,973 - INFO - 
Epoch	29
2024-05-23 20:11:41,424 - INFO - [65536/66739]	Loss  : 1.0013
2024-05-23 20:11:41,683 - INFO - Test loss   : 0.5467
2024-05-23 20:11:41,683 - INFO - Saving output model to ../models/space2vec_theory/model_yfcc_Space2Vec-theory_inception_v3_0.0100_64_0.0500000_360.000_1_256_BATCH4096_leakyrelu.pth.tar
2024-05-23 20:11:41,688 - INFO - Saving output model to ../models/space2vec_theory/model_yfcc_Space2Vec-theory_inception_v3_0.0100_64_0.0500000_360.000_1_256_BATCH4096_leakyrelu.pth.tar
2024-05-23 20:11:41,697 - INFO - 
No prior
2024-05-23 20:11:41,699 - INFO - (17798,)
2024-05-23 20:11:41,797 - INFO -  Split ID: 0
2024-05-23 20:11:41,797 - INFO -  Top 1	acc (%):   50.15
2024-05-23 20:11:41,797 - INFO -  Top 3	acc (%):   73.9
2024-05-23 20:11:41,797 - INFO -  Top 5	acc (%):   82.45
2024-05-23 20:11:41,797 - INFO -  Top 10	acc (%):   91.06
2024-05-23 20:11:50,509 - INFO -  Split ID: 0
2024-05-23 20:11:50,509 - INFO -  Top 1	acc (%):   51.24
2024-05-23 20:11:50,509 - INFO -  Top 3	acc (%):   75.44
2024-05-23 20:11:50,509 - INFO -  Top 5	acc (%):   83.94
2024-05-23 20:11:50,509 - INFO -  Top 10	acc (%):   92.18
2024-05-23 20:11:50,510 - INFO - 
Space2Vec-theory
2024-05-23 20:11:50,510 - INFO -  Model :	model_yfcc_Space2Vec-theory_inception_v3_0.0100_64_0.0500000_360.000_1_256_BATCH4096_leakyrelu.pth.tar
2024-05-23 20:11:50,547 - INFO - (4449,)
2024-05-23 20:11:50,570 - INFO -  Split ID: 0
2024-05-23 20:11:50,571 - INFO -  Top 1	LocEnc acc (%):   11.8
2024-05-23 20:11:50,572 - INFO -  Top 3	LocEnc acc (%):   23.67
2024-05-23 20:11:50,572 - INFO -  Top 5	LocEnc acc (%):   32.23
2024-05-23 20:11:50,572 - INFO -  Top 10	LocEnc acc (%):   47.76
2024-05-31 01:55:41,579 - INFO - 
num_classes	100
2024-05-31 01:55:41,579 - INFO - num train    	66739
2024-05-31 01:55:41,579 - INFO - num val      	4449
2024-05-31 01:55:41,579 - INFO - train loss   	full_loss
2024-05-31 01:55:41,579 - INFO - model name   	../models/space2vec_theory/model_yfcc_Space2Vec-theory_inception_v3_0.0100_64_0.0500000_360.000_1_256_BATCH4096_leakyrelu.pth.tar
2024-05-31 01:55:41,579 - INFO - num users    	1
2024-05-31 01:55:42,321 - INFO - 
Only Space2Vec-theory
2024-05-31 01:55:42,321 - INFO -  Model :	model_yfcc_Space2Vec-theory_inception_v3_0.0100_64_0.0500000_360.000_1_256_BATCH4096_leakyrelu.pth.tar
2024-05-31 01:55:42,376 - INFO - Saving output model to ../models/space2vec_theory/model_yfcc_Space2Vec-theory_inception_v3_0.0100_64_0.0500000_360.000_1_256_BATCH4096_leakyrelu.pth.tar
2024-05-31 01:55:42,397 - INFO - Saving output model to ../models/space2vec_theory/model_yfcc_Space2Vec-theory_inception_v3_0.0100_64_0.0500000_360.000_1_256_BATCH4096_leakyrelu.pth.tar
2024-05-31 01:55:42,408 - INFO - 
No prior
2024-05-31 01:55:42,413 - INFO - (17798,)
2024-05-31 01:55:42,840 - INFO - Save results to ../eval_results/eval_yfcc__test_no_prior.csv
2024-05-31 01:55:42,840 - INFO -  Split ID: 0
2024-05-31 01:55:42,841 - INFO -  Top 1	acc (%):   50.15
2024-05-31 01:55:42,841 - INFO -  Top 3	acc (%):   73.9
2024-05-31 01:55:42,841 - INFO -  Top 5	acc (%):   82.45
2024-05-31 01:55:42,841 - INFO -  Top 10	acc (%):   91.06
2024-05-31 01:55:55,130 - INFO -  Split ID: 0
2024-05-31 01:55:55,130 - INFO -  Top 1	hit (%):   51.24
2024-05-31 01:55:55,130 - INFO -  Top 3	hit (%):   75.44
2024-05-31 01:55:55,130 - INFO -  Top 5	hit (%):   83.94
2024-05-31 01:55:55,130 - INFO -  Top 10	hit (%):   92.18
2024-05-31 01:55:55,136 - INFO - 
Only Space2Vec-theory
2024-05-31 01:55:55,136 - INFO -  Model :	model_yfcc_Space2Vec-theory_inception_v3_0.0100_64_0.0500000_360.000_1_256_BATCH4096_leakyrelu.pth.tar
2024-05-31 01:55:55,224 - INFO - (4449,)
2024-05-31 01:55:55,249 - INFO -  Split ID: 0
2024-05-31 01:55:55,250 - INFO -  Top 1	LocEnc acc (%):   11.8
2024-05-31 01:55:55,250 - INFO -  Top 3	LocEnc acc (%):   23.67
2024-05-31 01:55:55,251 - INFO -  Top 5	LocEnc acc (%):   32.23
2024-05-31 01:55:55,251 - INFO -  Top 10	LocEnc acc (%):   47.76
