2024-05-26 10:41:08,820 - INFO - 
num_classes	5089
2024-05-26 10:41:08,820 - INFO - num train    	569465
2024-05-26 10:41:08,820 - INFO - num val      	93622
2024-05-26 10:41:08,820 - INFO - train loss   	full_loss
2024-05-26 10:41:08,820 - INFO - model name   	../models/space2vec_theory/model_inat_2017_Space2Vec-theory_inception_v3_0.0200_64_0.1000000_360.000_1_256_BATCH4096_leakyrelu.pth.tar
2024-05-26 10:41:08,820 - INFO - num users    	17302
2024-05-26 10:41:10,004 - INFO - 
Epoch	0
2024-05-26 10:42:28,665 - INFO - [204800/569465]	Loss  : 1.3245
2024-05-26 10:42:50,819 - INFO - [266240/569465]	Loss  : 1.2199
2024-05-26 10:43:24,732 - INFO - Test loss   : 0.3533
2024-05-26 10:43:24,732 - INFO - 
Epoch	1
2024-05-26 10:44:42,775 - INFO - [204800/569465]	Loss  : 0.7504
2024-05-26 10:44:57,783 - INFO - [266240/569465]	Loss  : 0.7387
2024-05-26 10:45:31,118 - INFO - Test loss   : 0.3341
2024-05-26 10:45:31,118 - INFO - 
Epoch	2
2024-05-26 10:46:53,326 - INFO - [204800/569465]	Loss  : 0.6585
2024-05-26 10:47:15,792 - INFO - [266240/569465]	Loss  : 0.6551
2024-05-26 10:47:53,086 - INFO - Test loss   : 0.3614
2024-05-26 10:47:53,086 - INFO - 
Epoch	3
2024-05-26 10:49:09,242 - INFO - [204800/569465]	Loss  : 0.6119
2024-05-26 10:49:31,097 - INFO - [266240/569465]	Loss  : 0.6099
2024-05-26 10:50:05,721 - INFO - Test loss   : 0.3907
2024-05-26 10:50:05,721 - INFO - 
Epoch	4
2024-05-26 10:51:08,069 - INFO - [204800/569465]	Loss  : 0.5803
2024-05-26 10:51:19,608 - INFO - [266240/569465]	Loss  : 0.5796
2024-05-26 10:51:52,449 - INFO - Test loss   : 0.4171
2024-05-26 10:51:52,449 - INFO - 
Epoch	5
2024-05-26 10:53:02,547 - INFO - [204800/569465]	Loss  : 0.5590
2024-05-26 10:53:25,796 - INFO - [266240/569465]	Loss  : 0.5592
2024-05-26 10:53:56,219 - INFO - Test loss   : 0.4333
2024-05-26 10:53:56,219 - INFO - 
Epoch	6
2024-05-26 10:55:11,558 - INFO - [204800/569465]	Loss  : 0.5412
2024-05-26 10:55:30,430 - INFO - [266240/569465]	Loss  : 0.5422
2024-05-26 10:56:03,868 - INFO - Test loss   : 0.4722
2024-05-26 10:56:03,868 - INFO - 
Epoch	7
2024-05-26 10:57:15,530 - INFO - [204800/569465]	Loss  : 0.5276
2024-05-26 10:57:37,517 - INFO - [266240/569465]	Loss  : 0.5288
2024-05-26 10:58:05,768 - INFO - Test loss   : 0.5176
2024-05-26 10:58:05,768 - INFO - 
Epoch	8
2024-05-26 10:59:14,106 - INFO - [204800/569465]	Loss  : 0.5163
2024-05-26 10:59:37,886 - INFO - [266240/569465]	Loss  : 0.5172
2024-05-26 11:00:05,773 - INFO - Test loss   : 0.5314
2024-05-26 11:00:05,773 - INFO - 
Epoch	9
2024-05-26 11:01:18,706 - INFO - [204800/569465]	Loss  : 0.5077
2024-05-26 11:01:37,150 - INFO - [266240/569465]	Loss  : 0.5086
2024-05-26 11:02:05,876 - INFO - Test loss   : 0.5378
2024-05-26 11:02:05,876 - INFO - 
Epoch	10
2024-05-26 11:03:24,483 - INFO - [204800/569465]	Loss  : 0.4991
2024-05-26 11:03:45,139 - INFO - [266240/569465]	Loss  : 0.5002
2024-05-26 11:04:18,216 - INFO - Test loss   : 0.5503
2024-05-26 11:04:21,880 - INFO - (93622,)
2024-05-26 11:05:17,339 - INFO -  Split ID: 0
2024-05-26 11:05:17,385 - INFO -  Top 1	LocEnc (Epoch 10)acc (%):   0.99
2024-05-26 11:05:17,389 - INFO -  Top 3	LocEnc (Epoch 10)acc (%):   2.57
2024-05-26 11:05:17,392 - INFO -  Top 5	LocEnc (Epoch 10)acc (%):   3.94
2024-05-26 11:05:17,396 - INFO -  Top 10	LocEnc (Epoch 10)acc (%):   7.08
2024-05-26 11:05:17,676 - INFO - 
No prior
2024-05-26 11:05:18,303 - INFO - (95986,)
2024-05-26 11:05:41,704 - INFO -  Split ID: 0
2024-05-26 11:05:41,705 - INFO -  Top 1	(Epoch 10)acc (%):   63.27
2024-05-26 11:05:41,705 - INFO -  Top 3	(Epoch 10)acc (%):   79.82
2024-05-26 11:05:41,705 - INFO -  Top 5	(Epoch 10)acc (%):   84.51
2024-05-26 11:05:41,706 - INFO -  Top 10	(Epoch 10)acc (%):   88.99
2024-05-26 11:06:58,730 - INFO -  Split ID: 0
2024-05-26 11:06:58,730 - INFO -  Top 1	(Epoch 10)acc (%):   69.41
2024-05-26 11:06:58,731 - INFO -  Top 3	(Epoch 10)acc (%):   84.57
2024-05-26 11:06:58,731 - INFO -  Top 5	(Epoch 10)acc (%):   88.28
2024-05-26 11:06:58,731 - INFO -  Top 10	(Epoch 10)acc (%):   91.86
2024-05-26 11:06:58,734 - INFO - 
Epoch	11
2024-05-26 11:08:15,336 - INFO - [204800/569465]	Loss  : 0.4910
2024-05-26 11:08:37,600 - INFO - [266240/569465]	Loss  : 0.4919
2024-05-26 11:09:14,437 - INFO - Test loss   : 0.5816
2024-05-26 11:09:14,437 - INFO - 
Epoch	12
2024-05-26 11:10:33,396 - INFO - [204800/569465]	Loss  : 0.4848
2024-05-26 11:10:53,132 - INFO - [266240/569465]	Loss  : 0.4862
2024-05-26 11:11:27,517 - INFO - Test loss   : 0.5938
2024-05-26 11:11:27,517 - INFO - 
Epoch	13
2024-05-26 11:12:44,489 - INFO - [204800/569465]	Loss  : 0.4783
2024-05-26 11:13:04,291 - INFO - [266240/569465]	Loss  : 0.4798
2024-05-26 11:13:31,122 - INFO - Test loss   : 0.6317
2024-05-26 11:13:31,122 - INFO - 
Epoch	14
2024-05-26 11:14:28,062 - INFO - [204800/569465]	Loss  : 0.4745
2024-05-26 11:14:51,791 - INFO - [266240/569465]	Loss  : 0.4755
2024-05-26 11:15:24,223 - INFO - Test loss   : 0.6254
2024-05-26 11:15:24,223 - INFO - 
Epoch	15
2024-05-26 11:16:37,165 - INFO - [204800/569465]	Loss  : 0.4686
2024-05-26 11:16:56,260 - INFO - [266240/569465]	Loss  : 0.4701
2024-05-26 11:17:22,728 - INFO - Test loss   : 0.6403
2024-05-26 11:17:22,729 - INFO - 
Epoch	16
2024-05-26 11:18:39,881 - INFO - [204800/569465]	Loss  : 0.4652
2024-05-26 11:19:03,283 - INFO - [266240/569465]	Loss  : 0.4671
2024-05-26 11:19:35,072 - INFO - Test loss   : 0.6421
2024-05-26 11:19:35,072 - INFO - 
Epoch	17
2024-05-26 11:20:53,141 - INFO - [204800/569465]	Loss  : 0.4611
2024-05-26 11:21:15,339 - INFO - [266240/569465]	Loss  : 0.4624
2024-05-26 11:21:50,603 - INFO - Test loss   : 0.6684
2024-05-26 11:21:50,603 - INFO - 
Epoch	18
2024-05-26 11:23:05,649 - INFO - [204800/569465]	Loss  : 0.4562
2024-05-26 11:23:24,580 - INFO - [266240/569465]	Loss  : 0.4575
2024-05-26 11:23:57,424 - INFO - Test loss   : 0.6571
2024-05-26 11:23:57,424 - INFO - 
Epoch	19
2024-05-26 11:25:19,064 - INFO - [204800/569465]	Loss  : 0.4533
2024-05-26 11:25:40,572 - INFO - [266240/569465]	Loss  : 0.4545
2024-05-26 11:26:10,294 - INFO - Test loss   : 0.7156
2024-05-26 11:26:10,294 - INFO - 
Epoch	20
2024-05-26 11:27:20,964 - INFO - [204800/569465]	Loss  : 0.4502
2024-05-26 11:27:43,515 - INFO - [266240/569465]	Loss  : 0.4518
2024-05-26 11:27:57,052 - INFO - Test loss   : 0.6976
2024-05-26 11:28:00,598 - INFO - (93622,)
2024-05-26 11:28:58,073 - INFO -  Split ID: 0
2024-05-26 11:28:58,119 - INFO -  Top 1	LocEnc (Epoch 20)acc (%):   1.17
2024-05-26 11:28:58,122 - INFO -  Top 3	LocEnc (Epoch 20)acc (%):   2.94
2024-05-26 11:28:58,126 - INFO -  Top 5	LocEnc (Epoch 20)acc (%):   4.47
2024-05-26 11:28:58,129 - INFO -  Top 10	LocEnc (Epoch 20)acc (%):   7.73
2024-05-26 11:28:58,392 - INFO - 
No prior
2024-05-26 11:28:59,064 - INFO - (95986,)
2024-05-26 11:29:20,712 - INFO -  Split ID: 0
2024-05-26 11:29:20,713 - INFO -  Top 1	(Epoch 20)acc (%):   63.27
2024-05-26 11:29:20,713 - INFO -  Top 3	(Epoch 20)acc (%):   79.82
2024-05-26 11:29:20,713 - INFO -  Top 5	(Epoch 20)acc (%):   84.51
2024-05-26 11:29:20,713 - INFO -  Top 10	(Epoch 20)acc (%):   88.99
2024-05-26 11:30:38,819 - INFO -  Split ID: 0
2024-05-26 11:30:38,819 - INFO -  Top 1	(Epoch 20)acc (%):   69.26
2024-05-26 11:30:38,819 - INFO -  Top 3	(Epoch 20)acc (%):   84.31
2024-05-26 11:30:38,819 - INFO -  Top 5	(Epoch 20)acc (%):   88.1
2024-05-26 11:30:38,819 - INFO -  Top 10	(Epoch 20)acc (%):   91.63
2024-05-26 11:30:38,848 - INFO - 
Epoch	21
2024-05-26 11:32:03,009 - INFO - [204800/569465]	Loss  : 0.4460
2024-05-26 11:32:26,504 - INFO - [266240/569465]	Loss  : 0.4475
2024-05-26 11:32:59,149 - INFO - Test loss   : 0.7104
2024-05-26 11:32:59,150 - INFO - 
Epoch	22
2024-05-26 11:34:14,657 - INFO - [204800/569465]	Loss  : 0.4435
2024-05-26 11:34:37,276 - INFO - [266240/569465]	Loss  : 0.4447
2024-05-26 11:35:03,604 - INFO - Test loss   : 0.7193
2024-05-26 11:35:03,604 - INFO - 
Epoch	23
2024-05-26 11:36:13,473 - INFO - [204800/569465]	Loss  : 0.4410
2024-05-26 11:36:21,477 - INFO - [266240/569465]	Loss  : 0.4426
2024-05-26 11:36:55,236 - INFO - Test loss   : 0.7298
2024-05-26 11:36:55,236 - INFO - 
Epoch	24
2024-05-26 11:38:10,859 - INFO - [204800/569465]	Loss  : 0.4378
2024-05-26 11:38:33,252 - INFO - [266240/569465]	Loss  : 0.4387
2024-05-26 11:39:04,740 - INFO - Test loss   : 0.7635
2024-05-26 11:39:04,740 - INFO - 
Epoch	25
2024-05-26 11:40:21,033 - INFO - [204800/569465]	Loss  : 0.4348
2024-05-26 11:40:44,535 - INFO - [266240/569465]	Loss  : 0.4367
2024-05-26 11:41:20,002 - INFO - Test loss   : 0.7585
2024-05-26 11:41:20,002 - INFO - 
Epoch	26
2024-05-26 11:42:32,127 - INFO - [204800/569465]	Loss  : 0.4336
2024-05-26 11:42:54,824 - INFO - [266240/569465]	Loss  : 0.4350
2024-05-26 11:43:25,019 - INFO - Test loss   : 0.7718
2024-05-26 11:43:25,019 - INFO - 
Epoch	27
2024-05-26 11:44:37,238 - INFO - [204800/569465]	Loss  : 0.4329
2024-05-26 11:44:57,812 - INFO - [266240/569465]	Loss  : 0.4339
2024-05-26 11:45:28,988 - INFO - Test loss   : 0.7379
2024-05-26 11:45:28,988 - INFO - 
Epoch	28
2024-05-26 11:47:00,109 - INFO - [204800/569465]	Loss  : 0.4296
2024-05-26 11:47:23,065 - INFO - [266240/569465]	Loss  : 0.4309
2024-05-26 11:47:54,315 - INFO - Test loss   : 0.7771
2024-05-26 11:47:54,315 - INFO - 
Epoch	29
2024-05-26 11:49:11,183 - INFO - [204800/569465]	Loss  : 0.4283
2024-05-26 11:49:34,056 - INFO - [266240/569465]	Loss  : 0.4293
2024-05-26 11:49:44,644 - INFO - Test loss   : 0.7846
2024-05-26 11:49:44,645 - INFO - 
Epoch	30
2024-05-26 11:51:03,096 - INFO - [204800/569465]	Loss  : 0.4247
2024-05-26 11:51:27,311 - INFO - [266240/569465]	Loss  : 0.4261
2024-05-26 11:51:54,853 - INFO - Test loss   : 0.7739
2024-05-26 11:51:58,494 - INFO - (93622,)
2024-05-26 11:52:54,510 - INFO -  Split ID: 0
2024-05-26 11:52:54,566 - INFO -  Top 1	LocEnc (Epoch 30)acc (%):   1.21
2024-05-26 11:52:54,571 - INFO -  Top 3	LocEnc (Epoch 30)acc (%):   3.07
2024-05-26 11:52:54,576 - INFO -  Top 5	LocEnc (Epoch 30)acc (%):   4.65
2024-05-26 11:52:54,581 - INFO -  Top 10	LocEnc (Epoch 30)acc (%):   8.05
2024-05-26 11:52:54,909 - INFO - 
No prior
2024-05-26 11:52:55,600 - INFO - (95986,)
2024-05-26 11:53:19,013 - INFO -  Split ID: 0
2024-05-26 11:53:19,014 - INFO -  Top 1	(Epoch 30)acc (%):   63.27
2024-05-26 11:53:19,014 - INFO -  Top 3	(Epoch 30)acc (%):   79.82
2024-05-26 11:53:19,014 - INFO -  Top 5	(Epoch 30)acc (%):   84.51
2024-05-26 11:53:19,014 - INFO -  Top 10	(Epoch 30)acc (%):   88.99
2024-05-26 11:54:36,451 - INFO -  Split ID: 0
2024-05-26 11:54:36,451 - INFO -  Top 1	(Epoch 30)acc (%):   69.1
2024-05-26 11:54:36,451 - INFO -  Top 3	(Epoch 30)acc (%):   84.08
2024-05-26 11:54:36,452 - INFO -  Top 5	(Epoch 30)acc (%):   87.87
2024-05-26 11:54:36,452 - INFO -  Top 10	(Epoch 30)acc (%):   91.49
2024-05-26 11:54:36,489 - INFO - 
Epoch	31
2024-05-26 11:55:52,739 - INFO - [204800/569465]	Loss  : 0.4232
2024-05-26 11:56:13,511 - INFO - [266240/569465]	Loss  : 0.4244
2024-05-26 11:56:47,567 - INFO - Test loss   : 0.7945
2024-05-26 11:56:47,567 - INFO - 
Epoch	32
2024-05-26 11:58:03,768 - INFO - [204800/569465]	Loss  : 0.4216
2024-05-26 11:58:13,448 - INFO - [266240/569465]	Loss  : 0.4221
2024-05-26 11:58:38,867 - INFO - Test loss   : 0.8227
2024-05-26 11:58:38,868 - INFO - 
Epoch	33
2024-05-26 11:59:52,899 - INFO - [204800/569465]	Loss  : 0.4197
2024-05-26 12:00:16,740 - INFO - [266240/569465]	Loss  : 0.4207
2024-05-26 12:00:49,837 - INFO - Test loss   : 0.8285
2024-05-26 12:00:49,837 - INFO - 
Epoch	34
2024-05-26 12:02:05,313 - INFO - [204800/569465]	Loss  : 0.4184
2024-05-26 12:02:27,994 - INFO - [266240/569465]	Loss  : 0.4193
2024-05-26 12:03:00,545 - INFO - Test loss   : 0.8514
2024-05-26 12:03:00,545 - INFO - 
Epoch	35
2024-05-26 12:04:11,323 - INFO - [204800/569465]	Loss  : 0.4159
2024-05-26 12:04:34,798 - INFO - [266240/569465]	Loss  : 0.4173
2024-05-26 12:05:05,132 - INFO - Test loss   : 0.8235
2024-05-26 12:05:05,133 - INFO - 
Epoch	36
2024-05-26 12:06:20,341 - INFO - [204800/569465]	Loss  : 0.4145
2024-05-26 12:06:37,426 - INFO - [266240/569465]	Loss  : 0.4157
2024-05-26 12:07:11,539 - INFO - Test loss   : 0.8296
2024-05-26 12:07:11,540 - INFO - 
Epoch	37
2024-05-26 12:08:25,253 - INFO - [204800/569465]	Loss  : 0.4128
2024-05-26 12:08:46,104 - INFO - [266240/569465]	Loss  : 0.4140
2024-05-26 12:09:16,492 - INFO - Test loss   : 0.8486
2024-05-26 12:09:16,492 - INFO - 
Epoch	38
2024-05-26 12:10:36,239 - INFO - [204800/569465]	Loss  : 0.4111
2024-05-26 12:10:52,767 - INFO - [266240/569465]	Loss  : 0.4127
2024-05-26 12:11:25,310 - INFO - Test loss   : 0.8520
2024-05-26 12:11:25,311 - INFO - 
Epoch	39
2024-05-26 12:12:27,745 - INFO - [204800/569465]	Loss  : 0.4109
2024-05-26 12:12:50,935 - INFO - [266240/569465]	Loss  : 0.4116
2024-05-26 12:13:25,557 - INFO - Test loss   : 0.8784
2024-05-26 12:13:25,557 - INFO - 
Epoch	40
2024-05-26 12:14:45,915 - INFO - [204800/569465]	Loss  : 0.4086
2024-05-26 12:15:07,673 - INFO - [266240/569465]	Loss  : 0.4095
2024-05-26 12:15:39,846 - INFO - Test loss   : 0.8613
2024-05-26 12:15:43,719 - INFO - (93622,)
2024-05-26 12:16:40,778 - INFO -  Split ID: 0
2024-05-26 12:16:40,836 - INFO -  Top 1	LocEnc (Epoch 40)acc (%):   1.22
2024-05-26 12:16:40,841 - INFO -  Top 3	LocEnc (Epoch 40)acc (%):   3.06
2024-05-26 12:16:40,845 - INFO -  Top 5	LocEnc (Epoch 40)acc (%):   4.59
2024-05-26 12:16:40,850 - INFO -  Top 10	LocEnc (Epoch 40)acc (%):   8.11
2024-05-26 12:16:41,173 - INFO - 
No prior
2024-05-26 12:16:41,878 - INFO - (95986,)
2024-05-26 12:17:05,534 - INFO -  Split ID: 0
2024-05-26 12:17:05,534 - INFO -  Top 1	(Epoch 40)acc (%):   63.27
2024-05-26 12:17:05,534 - INFO -  Top 3	(Epoch 40)acc (%):   79.82
2024-05-26 12:17:05,535 - INFO -  Top 5	(Epoch 40)acc (%):   84.51
2024-05-26 12:17:05,535 - INFO -  Top 10	(Epoch 40)acc (%):   88.99
2024-05-26 12:18:23,546 - INFO -  Split ID: 0
2024-05-26 12:18:23,546 - INFO -  Top 1	(Epoch 40)acc (%):   68.89
2024-05-26 12:18:23,546 - INFO -  Top 3	(Epoch 40)acc (%):   83.83
2024-05-26 12:18:23,547 - INFO -  Top 5	(Epoch 40)acc (%):   87.7
2024-05-26 12:18:23,547 - INFO -  Top 10	(Epoch 40)acc (%):   91.33
2024-05-26 12:18:23,549 - INFO - 
Epoch	41
2024-05-26 12:19:39,963 - INFO - [204800/569465]	Loss  : 0.4066
2024-05-26 12:19:57,446 - INFO - [266240/569465]	Loss  : 0.4079
2024-05-26 12:20:30,946 - INFO - Test loss   : 0.8620
2024-05-26 12:20:30,946 - INFO - 
Epoch	42
2024-05-26 12:21:37,026 - INFO - [204800/569465]	Loss  : 0.4077
2024-05-26 12:21:58,878 - INFO - [266240/569465]	Loss  : 0.4083
2024-05-26 12:22:30,973 - INFO - Test loss   : 0.8653
2024-05-26 12:22:30,973 - INFO - 
Epoch	43
2024-05-26 12:23:46,797 - INFO - [204800/569465]	Loss  : 0.4055
2024-05-26 12:24:06,996 - INFO - [266240/569465]	Loss  : 0.4063
2024-05-26 12:24:32,709 - INFO - Test loss   : 0.9154
2024-05-26 12:24:32,709 - INFO - 
Epoch	44
2024-05-26 12:25:49,653 - INFO - [204800/569465]	Loss  : 0.4043
2024-05-26 12:26:09,383 - INFO - [266240/569465]	Loss  : 0.4050
2024-05-26 12:26:37,428 - INFO - Test loss   : 0.8978
2024-05-26 12:26:37,428 - INFO - 
Epoch	45
2024-05-26 12:27:49,556 - INFO - [204800/569465]	Loss  : 0.4027
2024-05-26 12:28:10,532 - INFO - [266240/569465]	Loss  : 0.4038
2024-05-26 12:28:42,737 - INFO - Test loss   : 0.8688
2024-05-26 12:28:42,737 - INFO - 
Epoch	46
2024-05-26 12:29:55,748 - INFO - [204800/569465]	Loss  : 0.4021
2024-05-26 12:30:17,804 - INFO - [266240/569465]	Loss  : 0.4027
2024-05-26 12:30:50,028 - INFO - Test loss   : 0.9131
2024-05-26 12:30:50,029 - INFO - 
Epoch	47
2024-05-26 12:32:02,448 - INFO - [204800/569465]	Loss  : 0.4006
2024-05-26 12:32:26,262 - INFO - [266240/569465]	Loss  : 0.4016
2024-05-26 12:32:56,165 - INFO - Test loss   : 0.8744
2024-05-26 12:32:56,165 - INFO - 
Epoch	48
2024-05-26 12:34:12,087 - INFO - [204800/569465]	Loss  : 0.3996
2024-05-26 12:34:33,627 - INFO - [266240/569465]	Loss  : 0.4003
2024-05-26 12:34:47,429 - INFO - Test loss   : 0.9192
2024-05-26 12:34:47,429 - INFO - 
Epoch	49
2024-05-26 12:36:00,920 - INFO - [204800/569465]	Loss  : 0.3980
2024-05-26 12:36:20,533 - INFO - [266240/569465]	Loss  : 0.3989
2024-05-26 12:36:51,121 - INFO - Test loss   : 0.9346
2024-05-26 12:36:51,121 - INFO - 
Epoch	50
2024-05-26 12:38:08,587 - INFO - [204800/569465]	Loss  : 0.3968
2024-05-26 12:38:29,419 - INFO - [266240/569465]	Loss  : 0.3977
2024-05-26 12:38:56,925 - INFO - Test loss   : 0.9194
2024-05-26 12:39:00,567 - INFO - (93622,)
2024-05-26 12:39:56,846 - INFO -  Split ID: 0
2024-05-26 12:39:56,908 - INFO -  Top 1	LocEnc (Epoch 50)acc (%):   1.26
2024-05-26 12:39:56,913 - INFO -  Top 3	LocEnc (Epoch 50)acc (%):   3.29
2024-05-26 12:39:56,918 - INFO -  Top 5	LocEnc (Epoch 50)acc (%):   4.87
2024-05-26 12:39:56,923 - INFO -  Top 10	LocEnc (Epoch 50)acc (%):   8.35
2024-05-26 12:39:57,221 - INFO - 
No prior
2024-05-26 12:39:57,894 - INFO - (95986,)
2024-05-26 12:40:20,809 - INFO -  Split ID: 0
2024-05-26 12:40:20,810 - INFO -  Top 1	(Epoch 50)acc (%):   63.27
2024-05-26 12:40:20,810 - INFO -  Top 3	(Epoch 50)acc (%):   79.82
2024-05-26 12:40:20,811 - INFO -  Top 5	(Epoch 50)acc (%):   84.51
2024-05-26 12:40:20,811 - INFO -  Top 10	(Epoch 50)acc (%):   88.99
2024-05-26 12:41:39,044 - INFO -  Split ID: 0
2024-05-26 12:41:39,044 - INFO -  Top 1	(Epoch 50)acc (%):   68.79
2024-05-26 12:41:39,044 - INFO -  Top 3	(Epoch 50)acc (%):   83.7
2024-05-26 12:41:39,045 - INFO -  Top 5	(Epoch 50)acc (%):   87.56
2024-05-26 12:41:39,045 - INFO -  Top 10	(Epoch 50)acc (%):   91.21
2024-05-26 12:41:39,078 - INFO - 
Epoch	51
2024-05-26 12:42:49,152 - INFO - [204800/569465]	Loss  : 0.3956
2024-05-26 12:43:05,574 - INFO - [266240/569465]	Loss  : 0.3965
2024-05-26 12:43:22,275 - INFO - Test loss   : 0.9476
2024-05-26 12:43:22,276 - INFO - 
Epoch	52
2024-05-26 12:44:40,037 - INFO - [204800/569465]	Loss  : 0.3944
2024-05-26 12:44:58,572 - INFO - [266240/569465]	Loss  : 0.3954
2024-05-26 12:45:30,837 - INFO - Test loss   : 0.9188
2024-05-26 12:45:30,837 - INFO - 
Epoch	53
2024-05-26 12:46:43,099 - INFO - [204800/569465]	Loss  : 0.3946
2024-05-26 12:47:05,292 - INFO - [266240/569465]	Loss  : 0.3951
2024-05-26 12:47:34,250 - INFO - Test loss   : 0.9156
2024-05-26 12:47:34,251 - INFO - 
Epoch	54
2024-05-26 12:48:52,249 - INFO - [204800/569465]	Loss  : 0.3932
2024-05-26 12:49:14,305 - INFO - [266240/569465]	Loss  : 0.3938
2024-05-26 12:49:48,954 - INFO - Test loss   : 0.9369
2024-05-26 12:49:48,955 - INFO - 
Epoch	55
2024-05-26 12:51:05,167 - INFO - [204800/569465]	Loss  : 0.3930
2024-05-26 12:51:22,895 - INFO - [266240/569465]	Loss  : 0.3937
2024-05-26 12:51:55,218 - INFO - Test loss   : 0.9726
2024-05-26 12:51:55,219 - INFO - 
Epoch	56
2024-05-26 12:53:13,784 - INFO - [204800/569465]	Loss  : 0.3909
2024-05-26 12:53:34,039 - INFO - [266240/569465]	Loss  : 0.3915
2024-05-26 12:54:01,337 - INFO - Test loss   : 0.9569
2024-05-26 12:54:01,337 - INFO - 
Epoch	57
2024-05-26 12:55:10,189 - INFO - [204800/569465]	Loss  : 0.3893
2024-05-26 12:55:32,397 - INFO - [266240/569465]	Loss  : 0.3907
2024-05-26 12:56:00,981 - INFO - Test loss   : 0.9518
2024-05-26 12:56:00,982 - INFO - 
Epoch	58
2024-05-26 12:57:01,925 - INFO - [204800/569465]	Loss  : 0.3901
2024-05-26 12:57:22,286 - INFO - [266240/569465]	Loss  : 0.3909
2024-05-26 12:57:53,639 - INFO - Test loss   : 0.9654
2024-05-26 12:57:53,640 - INFO - 
Epoch	59
2024-05-26 12:59:10,814 - INFO - [204800/569465]	Loss  : 0.3897
2024-05-26 12:59:32,976 - INFO - [266240/569465]	Loss  : 0.3898
2024-05-26 13:00:02,905 - INFO - Test loss   : 0.9592
2024-05-26 13:00:02,905 - INFO - 
Epoch	60
2024-05-26 13:01:19,426 - INFO - [204800/569465]	Loss  : 0.3893
2024-05-26 13:01:39,839 - INFO - [266240/569465]	Loss  : 0.3897
2024-05-26 13:02:17,158 - INFO - Test loss   : 0.9581
2024-05-26 13:02:20,864 - INFO - (93622,)
2024-05-26 13:03:43,929 - INFO -  Split ID: 0
2024-05-26 13:03:43,987 - INFO -  Top 1	LocEnc (Epoch 60)acc (%):   1.33
2024-05-26 13:03:43,992 - INFO -  Top 3	LocEnc (Epoch 60)acc (%):   3.27
2024-05-26 13:03:43,997 - INFO -  Top 5	LocEnc (Epoch 60)acc (%):   4.99
2024-05-26 13:03:44,001 - INFO -  Top 10	LocEnc (Epoch 60)acc (%):   8.39
2024-05-26 13:03:44,305 - INFO - 
No prior
2024-05-26 13:03:44,998 - INFO - (95986,)
2024-05-26 13:04:08,760 - INFO -  Split ID: 0
2024-05-26 13:04:08,761 - INFO -  Top 1	(Epoch 60)acc (%):   63.27
2024-05-26 13:04:08,761 - INFO -  Top 3	(Epoch 60)acc (%):   79.82
2024-05-26 13:04:08,761 - INFO -  Top 5	(Epoch 60)acc (%):   84.51
2024-05-26 13:04:08,761 - INFO -  Top 10	(Epoch 60)acc (%):   88.99
2024-05-26 13:05:22,694 - INFO -  Split ID: 0
2024-05-26 13:05:22,695 - INFO -  Top 1	(Epoch 60)acc (%):   68.59
2024-05-26 13:05:22,695 - INFO -  Top 3	(Epoch 60)acc (%):   83.57
2024-05-26 13:05:22,695 - INFO -  Top 5	(Epoch 60)acc (%):   87.44
2024-05-26 13:05:22,695 - INFO -  Top 10	(Epoch 60)acc (%):   91.1
2024-05-26 13:05:22,732 - INFO - 
Epoch	61
2024-05-26 13:06:42,831 - INFO - [204800/569465]	Loss  : 0.3858
2024-05-26 13:07:00,537 - INFO - [266240/569465]	Loss  : 0.3870
2024-05-26 13:07:29,722 - INFO - Test loss   : 0.9717
2024-05-26 13:07:29,723 - INFO - 
Epoch	62
2024-05-26 13:08:48,369 - INFO - [204800/569465]	Loss  : 0.3870
2024-05-26 13:09:11,272 - INFO - [266240/569465]	Loss  : 0.3871
2024-05-26 13:09:42,164 - INFO - Test loss   : 0.9908
2024-05-26 13:09:42,164 - INFO - 
Epoch	63
2024-05-26 13:10:59,952 - INFO - [204800/569465]	Loss  : 0.3852
2024-05-26 13:11:22,135 - INFO - [266240/569465]	Loss  : 0.3856
2024-05-26 13:11:54,487 - INFO - Test loss   : 1.0096
2024-05-26 13:11:54,488 - INFO - 
Epoch	64
2024-05-26 13:13:07,698 - INFO - [204800/569465]	Loss  : 0.3846
2024-05-26 13:13:31,596 - INFO - [266240/569465]	Loss  : 0.3856
2024-05-26 13:14:02,071 - INFO - Test loss   : 0.9782
2024-05-26 13:14:02,071 - INFO - 
Epoch	65
2024-05-26 13:15:19,129 - INFO - [204800/569465]	Loss  : 0.3834
2024-05-26 13:15:41,970 - INFO - [266240/569465]	Loss  : 0.3846
2024-05-26 13:16:11,271 - INFO - Test loss   : 0.9957
2024-05-26 13:16:11,272 - INFO - 
Epoch	66
2024-05-26 13:17:20,072 - INFO - [204800/569465]	Loss  : 0.3829
2024-05-26 13:17:37,430 - INFO - [266240/569465]	Loss  : 0.3836
2024-05-26 13:17:56,747 - INFO - Test loss   : 1.0046
2024-05-26 13:17:56,747 - INFO - 
Epoch	67
2024-05-26 13:19:15,910 - INFO - [204800/569465]	Loss  : 0.3828
2024-05-26 13:19:36,751 - INFO - [266240/569465]	Loss  : 0.3834
2024-05-26 13:20:06,004 - INFO - Test loss   : 1.0221
2024-05-26 13:20:06,005 - INFO - 
Epoch	68
2024-05-26 13:21:16,843 - INFO - [204800/569465]	Loss  : 0.3825
2024-05-26 13:21:39,327 - INFO - [266240/569465]	Loss  : 0.3825
2024-05-26 13:22:08,127 - INFO - Test loss   : 1.0254
2024-05-26 13:22:08,127 - INFO - 
Epoch	69
2024-05-26 13:23:17,038 - INFO - [204800/569465]	Loss  : 0.3820
2024-05-26 13:23:36,379 - INFO - [266240/569465]	Loss  : 0.3828
2024-05-26 13:24:03,554 - INFO - Test loss   : 1.0358
2024-05-26 13:24:03,555 - INFO - 
Epoch	70
2024-05-26 13:25:17,109 - INFO - [204800/569465]	Loss  : 0.3801
2024-05-26 13:25:36,835 - INFO - [266240/569465]	Loss  : 0.3809
2024-05-26 13:26:04,558 - INFO - Test loss   : 1.0303
2024-05-26 13:26:08,427 - INFO - (93622,)
2024-05-26 13:27:04,047 - INFO -  Split ID: 0
2024-05-26 13:27:04,105 - INFO -  Top 1	LocEnc (Epoch 70)acc (%):   1.31
2024-05-26 13:27:04,110 - INFO -  Top 3	LocEnc (Epoch 70)acc (%):   3.36
2024-05-26 13:27:04,115 - INFO -  Top 5	LocEnc (Epoch 70)acc (%):   4.98
2024-05-26 13:27:04,120 - INFO -  Top 10	LocEnc (Epoch 70)acc (%):   8.54
2024-05-26 13:27:04,445 - INFO - 
No prior
2024-05-26 13:27:05,143 - INFO - (95986,)
2024-05-26 13:27:28,187 - INFO -  Split ID: 0
2024-05-26 13:27:28,188 - INFO -  Top 1	(Epoch 70)acc (%):   63.27
2024-05-26 13:27:28,188 - INFO -  Top 3	(Epoch 70)acc (%):   79.82
2024-05-26 13:27:28,189 - INFO -  Top 5	(Epoch 70)acc (%):   84.51
2024-05-26 13:27:28,189 - INFO -  Top 10	(Epoch 70)acc (%):   88.99
2024-05-26 13:28:41,893 - INFO -  Split ID: 0
2024-05-26 13:28:41,893 - INFO -  Top 1	(Epoch 70)acc (%):   68.46
2024-05-26 13:28:41,893 - INFO -  Top 3	(Epoch 70)acc (%):   83.35
2024-05-26 13:28:41,894 - INFO -  Top 5	(Epoch 70)acc (%):   87.25
2024-05-26 13:28:41,894 - INFO -  Top 10	(Epoch 70)acc (%):   90.96
2024-05-26 13:28:41,923 - INFO - 
Epoch	71
2024-05-26 13:29:55,904 - INFO - [204800/569465]	Loss  : 0.3795
2024-05-26 13:30:14,278 - INFO - [266240/569465]	Loss  : 0.3799
2024-05-26 13:30:46,275 - INFO - Test loss   : 1.0290
2024-05-26 13:30:46,275 - INFO - 
Epoch	72
2024-05-26 13:31:56,234 - INFO - [204800/569465]	Loss  : 0.3790
2024-05-26 13:32:19,735 - INFO - [266240/569465]	Loss  : 0.3794
2024-05-26 13:32:51,243 - INFO - Test loss   : 1.0482
2024-05-26 13:32:51,243 - INFO - 
Epoch	73
2024-05-26 13:34:01,420 - INFO - [204800/569465]	Loss  : 0.3786
2024-05-26 13:34:20,280 - INFO - [266240/569465]	Loss  : 0.3790
2024-05-26 13:34:52,129 - INFO - Test loss   : 1.0509
2024-05-26 13:34:52,129 - INFO - 
Epoch	74
2024-05-26 13:35:57,924 - INFO - [204800/569465]	Loss  : 0.3764
2024-05-26 13:36:20,122 - INFO - [266240/569465]	Loss  : 0.3772
2024-05-26 13:36:51,766 - INFO - Test loss   : 1.0405
2024-05-26 13:36:51,766 - INFO - 
Epoch	75
2024-05-26 13:38:07,654 - INFO - [204800/569465]	Loss  : 0.3777
2024-05-26 13:38:28,149 - INFO - [266240/569465]	Loss  : 0.3785
2024-05-26 13:38:54,998 - INFO - Test loss   : 1.0355
2024-05-26 13:38:54,999 - INFO - 
Epoch	76
2024-05-26 13:40:08,278 - INFO - [204800/569465]	Loss  : 0.3763
2024-05-26 13:40:29,361 - INFO - [266240/569465]	Loss  : 0.3776
2024-05-26 13:40:55,331 - INFO - Test loss   : 1.0109
2024-05-26 13:40:55,331 - INFO - 
Epoch	77
2024-05-26 13:41:56,846 - INFO - [204800/569465]	Loss  : 0.3763
2024-05-26 13:42:16,116 - INFO - [266240/569465]	Loss  : 0.3768
2024-05-26 13:42:45,038 - INFO - Test loss   : 1.0454
2024-05-26 13:42:45,038 - INFO - 
Epoch	78
2024-05-26 13:43:54,342 - INFO - [204800/569465]	Loss  : 0.3757
2024-05-26 13:44:13,862 - INFO - [266240/569465]	Loss  : 0.3764
2024-05-26 13:44:43,512 - INFO - Test loss   : 1.0678
2024-05-26 13:44:43,512 - INFO - 
Epoch	79
2024-05-26 13:45:52,536 - INFO - [204800/569465]	Loss  : 0.3746
2024-05-26 13:46:13,704 - INFO - [266240/569465]	Loss  : 0.3749
2024-05-26 13:46:43,542 - INFO - Test loss   : 1.0401
2024-05-26 13:46:43,543 - INFO - 
Epoch	80
2024-05-26 13:47:54,027 - INFO - [204800/569465]	Loss  : 0.3749
2024-05-26 13:48:20,207 - INFO - [266240/569465]	Loss  : 0.3754
2024-05-26 13:48:51,609 - INFO - Test loss   : 1.0671
2024-05-26 13:49:14,538 - INFO - (93622,)
2024-05-26 13:50:11,399 - INFO -  Split ID: 0
2024-05-26 13:50:11,443 - INFO -  Top 1	LocEnc (Epoch 80)acc (%):   1.35
2024-05-26 13:50:11,446 - INFO -  Top 3	LocEnc (Epoch 80)acc (%):   3.37
2024-05-26 13:50:11,449 - INFO -  Top 5	LocEnc (Epoch 80)acc (%):   5.07
2024-05-26 13:50:11,454 - INFO -  Top 10	LocEnc (Epoch 80)acc (%):   8.62
2024-05-26 13:50:11,856 - INFO - 
No prior
2024-05-26 13:50:12,556 - INFO - (95986,)
2024-05-26 13:50:34,888 - INFO -  Split ID: 0
2024-05-26 13:50:34,889 - INFO -  Top 1	(Epoch 80)acc (%):   63.27
2024-05-26 13:50:34,889 - INFO -  Top 3	(Epoch 80)acc (%):   79.82
2024-05-26 13:50:34,889 - INFO -  Top 5	(Epoch 80)acc (%):   84.51
2024-05-26 13:50:34,889 - INFO -  Top 10	(Epoch 80)acc (%):   88.99
2024-05-26 13:51:50,793 - INFO -  Split ID: 0
2024-05-26 13:51:50,793 - INFO -  Top 1	(Epoch 80)acc (%):   68.4
2024-05-26 13:51:50,793 - INFO -  Top 3	(Epoch 80)acc (%):   83.28
2024-05-26 13:51:50,794 - INFO -  Top 5	(Epoch 80)acc (%):   87.15
2024-05-26 13:51:50,794 - INFO -  Top 10	(Epoch 80)acc (%):   90.85
2024-05-26 13:51:50,827 - INFO - 
Epoch	81
2024-05-26 13:53:01,312 - INFO - [204800/569465]	Loss  : 0.3734
2024-05-26 13:53:20,970 - INFO - [266240/569465]	Loss  : 0.3744
2024-05-26 13:53:48,808 - INFO - Test loss   : 1.0547
2024-05-26 13:53:48,808 - INFO - 
Epoch	82
2024-05-26 13:55:02,539 - INFO - [204800/569465]	Loss  : 0.3728
2024-05-26 13:55:23,843 - INFO - [266240/569465]	Loss  : 0.3738
2024-05-26 13:55:51,895 - INFO - Test loss   : 1.0545
2024-05-26 13:55:51,895 - INFO - 
Epoch	83
2024-05-26 13:57:05,076 - INFO - [204800/569465]	Loss  : 0.3718
2024-05-26 13:57:24,099 - INFO - [266240/569465]	Loss  : 0.3730
2024-05-26 13:57:50,969 - INFO - Test loss   : 1.0435
2024-05-26 13:57:50,969 - INFO - 
Epoch	84
2024-05-26 13:59:01,136 - INFO - [204800/569465]	Loss  : 0.3729
2024-05-26 13:59:19,103 - INFO - [266240/569465]	Loss  : 0.3731
2024-05-26 13:59:49,036 - INFO - Test loss   : 1.0745
2024-05-26 13:59:49,037 - INFO - 
Epoch	85
2024-05-26 14:01:01,528 - INFO - [204800/569465]	Loss  : 0.3727
2024-05-26 14:01:21,334 - INFO - [266240/569465]	Loss  : 0.3736
2024-05-26 14:01:53,050 - INFO - Test loss   : 1.0566
2024-05-26 14:01:53,050 - INFO - 
Epoch	86
2024-05-26 14:02:51,739 - INFO - [204800/569465]	Loss  : 0.3710
2024-05-26 14:03:09,452 - INFO - [266240/569465]	Loss  : 0.3716
2024-05-26 14:03:36,823 - INFO - Test loss   : 1.0834
2024-05-26 14:03:36,824 - INFO - 
Epoch	87
2024-05-26 14:04:52,209 - INFO - [204800/569465]	Loss  : 0.3702
2024-05-26 14:05:12,896 - INFO - [266240/569465]	Loss  : 0.3711
2024-05-26 14:05:47,409 - INFO - Test loss   : 1.0979
2024-05-26 14:05:47,410 - INFO - 
Epoch	88
2024-05-26 14:07:02,128 - INFO - [204800/569465]	Loss  : 0.3707
2024-05-26 14:07:23,181 - INFO - [266240/569465]	Loss  : 0.3713
2024-05-26 14:07:58,438 - INFO - Test loss   : 1.0727
2024-05-26 14:07:58,438 - INFO - 
Epoch	89
2024-05-26 14:09:14,244 - INFO - [204800/569465]	Loss  : 0.3702
2024-05-26 14:09:34,821 - INFO - [266240/569465]	Loss  : 0.3708
2024-05-26 14:10:08,898 - INFO - Test loss   : 1.0963
2024-05-26 14:10:08,898 - INFO - 
Epoch	90
2024-05-26 14:11:26,997 - INFO - [204800/569465]	Loss  : 0.3695
2024-05-26 14:11:49,046 - INFO - [266240/569465]	Loss  : 0.3701
2024-05-26 14:12:23,655 - INFO - Test loss   : 1.0931
2024-05-26 14:12:26,256 - INFO - (93622,)
2024-05-26 14:13:22,501 - INFO -  Split ID: 0
2024-05-26 14:13:22,541 - INFO -  Top 1	LocEnc (Epoch 90)acc (%):   1.38
2024-05-26 14:13:22,544 - INFO -  Top 3	LocEnc (Epoch 90)acc (%):   3.41
2024-05-26 14:13:22,547 - INFO -  Top 5	LocEnc (Epoch 90)acc (%):   5.1
2024-05-26 14:13:22,551 - INFO -  Top 10	LocEnc (Epoch 90)acc (%):   8.63
2024-05-26 14:13:22,833 - INFO - 
No prior
2024-05-26 14:13:23,429 - INFO - (95986,)
2024-05-26 14:13:44,940 - INFO -  Split ID: 0
2024-05-26 14:13:44,940 - INFO -  Top 1	(Epoch 90)acc (%):   63.27
2024-05-26 14:13:44,941 - INFO -  Top 3	(Epoch 90)acc (%):   79.82
2024-05-26 14:13:44,941 - INFO -  Top 5	(Epoch 90)acc (%):   84.51
2024-05-26 14:13:44,941 - INFO -  Top 10	(Epoch 90)acc (%):   88.99
2024-05-26 14:15:02,084 - INFO -  Split ID: 0
2024-05-26 14:15:02,085 - INFO -  Top 1	(Epoch 90)acc (%):   68.31
2024-05-26 14:15:02,085 - INFO -  Top 3	(Epoch 90)acc (%):   83.2
2024-05-26 14:15:02,085 - INFO -  Top 5	(Epoch 90)acc (%):   87.1
2024-05-26 14:15:02,085 - INFO -  Top 10	(Epoch 90)acc (%):   90.8
2024-05-26 14:15:02,087 - INFO - 
Epoch	91
2024-05-26 14:16:19,963 - INFO - [204800/569465]	Loss  : 0.3682
2024-05-26 14:16:40,320 - INFO - [266240/569465]	Loss  : 0.3694
2024-05-26 14:17:15,045 - INFO - Test loss   : 1.0954
2024-05-26 14:17:15,045 - INFO - 
Epoch	92
2024-05-26 14:18:33,525 - INFO - [204800/569465]	Loss  : 0.3699
2024-05-26 14:18:54,615 - INFO - [266240/569465]	Loss  : 0.3702
2024-05-26 14:19:26,797 - INFO - Test loss   : 1.1040
2024-05-26 14:19:26,797 - INFO - 
Epoch	93
2024-05-26 14:20:43,651 - INFO - [204800/569465]	Loss  : 0.3675
2024-05-26 14:21:06,634 - INFO - [266240/569465]	Loss  : 0.3687
2024-05-26 14:21:39,202 - INFO - Test loss   : 1.0894
2024-05-26 14:21:39,202 - INFO - 
Epoch	94
2024-05-26 14:22:59,644 - INFO - [204800/569465]	Loss  : 0.3676
2024-05-26 14:23:22,105 - INFO - [266240/569465]	Loss  : 0.3680
2024-05-26 14:23:54,186 - INFO - Test loss   : 1.1030
2024-05-26 14:23:54,186 - INFO - 
Epoch	95
2024-05-26 14:25:12,652 - INFO - [204800/569465]	Loss  : 0.3678
2024-05-26 14:25:35,402 - INFO - [266240/569465]	Loss  : 0.3682
2024-05-26 14:25:47,574 - INFO - Test loss   : 1.1011
2024-05-26 14:25:47,574 - INFO - 
Epoch	96
2024-05-26 14:27:02,709 - INFO - [204800/569465]	Loss  : 0.3670
2024-05-26 14:27:25,707 - INFO - [266240/569465]	Loss  : 0.3675
2024-05-26 14:27:57,883 - INFO - Test loss   : 1.1310
2024-05-26 14:27:57,883 - INFO - 
Epoch	97
2024-05-26 14:29:13,930 - INFO - [204800/569465]	Loss  : 0.3668
2024-05-26 14:29:35,050 - INFO - [266240/569465]	Loss  : 0.3668
2024-05-26 14:30:06,908 - INFO - Test loss   : 1.1422
2024-05-26 14:30:06,909 - INFO - 
Epoch	98
2024-05-26 14:31:23,621 - INFO - [204800/569465]	Loss  : 0.3658
2024-05-26 14:31:45,700 - INFO - [266240/569465]	Loss  : 0.3668
2024-05-26 14:32:19,632 - INFO - Test loss   : 1.1048
2024-05-26 14:32:19,632 - INFO - 
Epoch	99
2024-05-26 14:33:35,257 - INFO - [204800/569465]	Loss  : 0.3656
2024-05-26 14:33:59,152 - INFO - [266240/569465]	Loss  : 0.3663
2024-05-26 14:34:29,378 - INFO - Test loss   : 1.1180
2024-05-26 14:34:29,379 - INFO - Saving output model to ../models/space2vec_theory/model_inat_2017_Space2Vec-theory_inception_v3_0.0200_64_0.1000000_360.000_1_256_BATCH4096_leakyrelu.pth.tar
2024-05-26 14:34:29,448 - INFO - Saving output model to ../models/space2vec_theory/model_inat_2017_Space2Vec-theory_inception_v3_0.0200_64_0.1000000_360.000_1_256_BATCH4096_leakyrelu.pth.tar
2024-05-26 14:34:29,615 - INFO - 
No prior
2024-05-26 14:34:30,298 - INFO - (95986,)
2024-05-26 14:34:51,900 - INFO -  Split ID: 0
2024-05-26 14:34:51,901 - INFO -  Top 1	acc (%):   63.27
2024-05-26 14:34:51,901 - INFO -  Top 3	acc (%):   79.82
2024-05-26 14:34:51,902 - INFO -  Top 5	acc (%):   84.51
2024-05-26 14:34:51,902 - INFO -  Top 10	acc (%):   88.99
2024-05-26 14:36:08,245 - INFO -  Split ID: 0
2024-05-26 14:36:08,245 - INFO -  Top 1	acc (%):   68.3
2024-05-26 14:36:08,245 - INFO -  Top 3	acc (%):   83.16
2024-05-26 14:36:08,246 - INFO -  Top 5	acc (%):   87.04
2024-05-26 14:36:08,246 - INFO -  Top 10	acc (%):   90.75
2024-05-26 14:36:08,274 - INFO - 
Space2Vec-theory
2024-05-26 14:36:08,274 - INFO -  Model :	model_inat_2017_Space2Vec-theory_inception_v3_0.0200_64_0.1000000_360.000_1_256_BATCH4096_leakyrelu.pth.tar
2024-05-26 14:36:11,712 - INFO - (93622,)
2024-05-26 14:37:05,866 - INFO -  Split ID: 0
2024-05-26 14:37:05,919 - INFO -  Top 1	LocEnc acc (%):   1.41
2024-05-26 14:37:05,922 - INFO -  Top 3	LocEnc acc (%):   3.46
2024-05-26 14:37:05,926 - INFO -  Top 5	LocEnc acc (%):   5.23
2024-05-26 14:37:05,931 - INFO -  Top 10	LocEnc acc (%):   8.81
2024-05-31 01:58:48,099 - INFO - 
num_classes	5089
2024-05-31 01:58:48,099 - INFO - num train    	569465
2024-05-31 01:58:48,099 - INFO - num val      	93622
2024-05-31 01:58:48,099 - INFO - train loss   	full_loss
2024-05-31 01:58:48,099 - INFO - model name   	../models/space2vec_theory/model_inat_2017_Space2Vec-theory_inception_v3_0.0200_64_0.1000000_360.000_1_256_BATCH4096_leakyrelu.pth.tar
2024-05-31 01:58:48,099 - INFO - num users    	17302
2024-05-31 01:58:48,979 - INFO - 
Only Space2Vec-theory
2024-05-31 01:58:48,979 - INFO -  Model :	model_inat_2017_Space2Vec-theory_inception_v3_0.0200_64_0.1000000_360.000_1_256_BATCH4096_leakyrelu.pth.tar
2024-05-31 01:58:49,239 - INFO - Saving output model to ../models/space2vec_theory/model_inat_2017_Space2Vec-theory_inception_v3_0.0200_64_0.1000000_360.000_1_256_BATCH4096_leakyrelu.pth.tar
2024-05-31 01:58:49,416 - INFO - Saving output model to ../models/space2vec_theory/model_inat_2017_Space2Vec-theory_inception_v3_0.0200_64_0.1000000_360.000_1_256_BATCH4096_leakyrelu.pth.tar
2024-05-31 01:58:49,608 - INFO - 
No prior
2024-05-31 01:58:50,259 - INFO - (95986,)
2024-05-31 01:59:21,696 - INFO - Save results to ../eval_results/eval_inat_2017__val_no_prior.csv
2024-05-31 01:59:21,697 - INFO -  Split ID: 0
2024-05-31 01:59:21,697 - INFO -  Top 1	acc (%):   63.27
2024-05-31 01:59:21,697 - INFO -  Top 3	acc (%):   79.82
2024-05-31 01:59:21,697 - INFO -  Top 5	acc (%):   84.51
2024-05-31 01:59:21,697 - INFO -  Top 10	acc (%):   88.99
2024-05-31 02:00:49,976 - INFO -  Split ID: 0
2024-05-31 02:00:49,977 - INFO -  Top 1	hit (%):   68.3
2024-05-31 02:00:49,977 - INFO -  Top 3	hit (%):   83.16
2024-05-31 02:00:49,977 - INFO -  Top 5	hit (%):   87.04
2024-05-31 02:00:49,977 - INFO -  Top 10	hit (%):   90.75
2024-05-31 02:00:50,022 - INFO - 
Only Space2Vec-theory
2024-05-31 02:00:50,022 - INFO -  Model :	model_inat_2017_Space2Vec-theory_inception_v3_0.0200_64_0.1000000_360.000_1_256_BATCH4096_leakyrelu.pth.tar
2024-05-31 02:00:52,131 - INFO - (93622,)
2024-05-31 02:01:38,448 - INFO -  Split ID: 0
2024-05-31 02:01:38,480 - INFO -  Top 1	LocEnc acc (%):   1.41
2024-05-31 02:01:38,483 - INFO -  Top 3	LocEnc acc (%):   3.46
2024-05-31 02:01:38,486 - INFO -  Top 5	LocEnc acc (%):   5.23
2024-05-31 02:01:38,489 - INFO -  Top 10	LocEnc acc (%):   8.81
