2024-05-27 20:06:05,158 - INFO - 
num_classes	62
2024-05-27 20:06:05,158 - INFO - num train    	363571
2024-05-27 20:06:05,159 - INFO - num val      	53041
2024-05-27 20:06:05,159 - INFO - train loss   	full_loss
2024-05-27 20:06:05,159 - INFO - model name   	../models/space2vec_theory/model_fmow_Space2Vec-theory_inception_v3_0.0200_64_0.0001000_360.000_1_512_BATCH8192_leakyrelu.pth.tar
2024-05-27 20:06:05,159 - INFO - num users    	1
2024-05-27 20:06:06,186 - INFO - 
Epoch	0
2024-05-27 20:06:11,439 - INFO - [0/363571]	Loss  : 2.2314
2024-05-27 20:06:49,156 - INFO - Test loss   : 1.4377
2024-05-27 20:06:49,156 - INFO - 
Epoch	1
2024-05-27 20:06:54,138 - INFO - [0/363571]	Loss  : 1.9264
2024-05-27 20:07:31,342 - INFO - Test loss   : 0.0055
2024-05-27 20:07:31,342 - INFO - 
Epoch	2
2024-05-27 20:07:35,648 - INFO - [0/363571]	Loss  : 7.4665
2024-05-27 20:08:13,525 - INFO - Test loss   : 4.2835
2024-05-27 20:08:13,526 - INFO - 
Epoch	3
2024-05-27 20:08:17,404 - INFO - [0/363571]	Loss  : 3.5183
2024-05-27 20:08:55,697 - INFO - Test loss   : 0.8571
2024-05-27 20:08:55,697 - INFO - 
Epoch	4
2024-05-27 20:09:00,211 - INFO - [0/363571]	Loss  : 1.8578
2024-05-27 20:09:35,997 - INFO - Test loss   : 0.4170
2024-05-27 20:09:35,997 - INFO - 
Epoch	5
2024-05-27 20:09:40,559 - INFO - [0/363571]	Loss  : 2.5701
2024-05-27 20:10:18,812 - INFO - Test loss   : 0.6623
2024-05-27 20:10:18,812 - INFO - 
Epoch	6
2024-05-27 20:10:23,573 - INFO - [0/363571]	Loss  : 2.1876
2024-05-27 20:11:01,049 - INFO - Test loss   : 1.0405
2024-05-27 20:11:01,049 - INFO - 
Epoch	7
2024-05-27 20:11:05,573 - INFO - [0/363571]	Loss  : 1.7983
2024-05-27 20:11:43,912 - INFO - Test loss   : 1.3891
2024-05-27 20:11:43,913 - INFO - 
Epoch	8
2024-05-27 20:11:48,736 - INFO - [0/363571]	Loss  : 1.8244
2024-05-27 20:12:27,176 - INFO - Test loss   : 1.4946
2024-05-27 20:12:27,177 - INFO - 
Epoch	9
2024-05-27 20:12:31,741 - INFO - [0/363571]	Loss  : 1.8530
2024-05-27 20:13:09,058 - INFO - Test loss   : 1.3219
2024-05-27 20:13:09,059 - INFO - 
Epoch	10
2024-05-27 20:13:13,736 - INFO - [0/363571]	Loss  : 1.7448
2024-05-27 20:13:52,337 - INFO - Test loss   : 1.0610
2024-05-27 20:13:53,320 - INFO - (53041,)
2024-05-27 20:13:53,498 - INFO -  Split ID: 0
2024-05-27 20:13:53,519 - INFO -  Top 1	LocEnc (Epoch 10)acc (%):   12.54
2024-05-27 20:13:53,521 - INFO -  Top 3	LocEnc (Epoch 10)acc (%):   21.08
2024-05-27 20:13:53,523 - INFO -  Top 5	LocEnc (Epoch 10)acc (%):   27.23
2024-05-27 20:13:53,525 - INFO -  Top 10	LocEnc (Epoch 10)acc (%):   37.63
2024-05-27 20:13:53,532 - INFO - 
No prior
2024-05-27 20:13:53,537 - INFO - (53041,)
2024-05-27 20:13:53,702 - INFO -  Split ID: 0
2024-05-27 20:13:53,702 - INFO -  Top 1	(Epoch 10)acc (%):   69.83
2024-05-27 20:13:53,702 - INFO -  Top 3	(Epoch 10)acc (%):   84.61
2024-05-27 20:13:53,702 - INFO -  Top 5	(Epoch 10)acc (%):   89.23
2024-05-27 20:13:53,702 - INFO -  Top 10	(Epoch 10)acc (%):   94.29
2024-05-27 20:14:36,179 - INFO -  Split ID: 0
2024-05-27 20:14:36,180 - INFO -  Top 1	(Epoch 10)acc (%):   70.03
2024-05-27 20:14:36,180 - INFO -  Top 3	(Epoch 10)acc (%):   84.76
2024-05-27 20:14:36,180 - INFO -  Top 5	(Epoch 10)acc (%):   89.43
2024-05-27 20:14:36,180 - INFO -  Top 10	(Epoch 10)acc (%):   94.38
2024-05-27 20:14:36,181 - INFO - 
Epoch	11
2024-05-27 20:14:40,763 - INFO - [0/363571]	Loss  : 1.6631
2024-05-27 20:15:19,292 - INFO - Test loss   : 0.8803
2024-05-27 20:15:19,292 - INFO - 
Epoch	12
2024-05-27 20:15:23,786 - INFO - [0/363571]	Loss  : 1.6547
2024-05-27 20:16:01,519 - INFO - Test loss   : 0.8364
2024-05-27 20:16:01,519 - INFO - 
Epoch	13
2024-05-27 20:16:06,233 - INFO - [0/363571]	Loss  : 1.6808
2024-05-27 20:16:44,212 - INFO - Test loss   : 0.8908
2024-05-27 20:16:44,212 - INFO - 
Epoch	14
2024-05-27 20:16:48,810 - INFO - [0/363571]	Loss  : 1.6710
2024-05-27 20:17:25,789 - INFO - Test loss   : 0.9804
2024-05-27 20:17:25,790 - INFO - 
Epoch	15
2024-05-27 20:17:30,489 - INFO - [0/363571]	Loss  : 1.6446
2024-05-27 20:18:08,852 - INFO - Test loss   : 1.0363
2024-05-27 20:18:08,853 - INFO - 
Epoch	16
2024-05-27 20:18:13,421 - INFO - [0/363571]	Loss  : 1.6061
2024-05-27 20:18:50,179 - INFO - Test loss   : 1.0269
2024-05-27 20:18:50,181 - INFO - 
Epoch	17
2024-05-27 20:18:54,801 - INFO - [0/363571]	Loss  : 1.5861
2024-05-27 20:19:32,306 - INFO - Test loss   : 0.9761
2024-05-27 20:19:32,306 - INFO - 
Epoch	18
2024-05-27 20:19:36,929 - INFO - [0/363571]	Loss  : 1.5843
2024-05-27 20:20:10,605 - INFO - Test loss   : 0.9219
2024-05-27 20:20:10,605 - INFO - 
Epoch	19
2024-05-27 20:20:14,974 - INFO - [0/363571]	Loss  : 1.5708
2024-05-27 20:20:48,140 - INFO - Test loss   : 0.9007
2024-05-27 20:20:48,140 - INFO - 
Epoch	20
2024-05-27 20:20:50,599 - INFO - [0/363571]	Loss  : 1.5553
2024-05-27 20:21:25,280 - INFO - Test loss   : 0.9228
2024-05-27 20:21:26,298 - INFO - (53041,)
2024-05-27 20:21:26,460 - INFO -  Split ID: 0
2024-05-27 20:21:26,480 - INFO -  Top 1	LocEnc (Epoch 20)acc (%):   11.72
2024-05-27 20:21:26,482 - INFO -  Top 3	LocEnc (Epoch 20)acc (%):   22.13
2024-05-27 20:21:26,484 - INFO -  Top 5	LocEnc (Epoch 20)acc (%):   29.6
2024-05-27 20:21:26,485 - INFO -  Top 10	LocEnc (Epoch 20)acc (%):   42.44
2024-05-27 20:21:26,493 - INFO - 
No prior
2024-05-27 20:21:26,500 - INFO - (53041,)
2024-05-27 20:21:26,665 - INFO -  Split ID: 0
2024-05-27 20:21:26,665 - INFO -  Top 1	(Epoch 20)acc (%):   69.83
2024-05-27 20:21:26,666 - INFO -  Top 3	(Epoch 20)acc (%):   84.61
2024-05-27 20:21:26,666 - INFO -  Top 5	(Epoch 20)acc (%):   89.23
2024-05-27 20:21:26,666 - INFO -  Top 10	(Epoch 20)acc (%):   94.29
2024-05-27 20:22:09,111 - INFO -  Split ID: 0
2024-05-27 20:22:09,112 - INFO -  Top 1	(Epoch 20)acc (%):   70.19
2024-05-27 20:22:09,112 - INFO -  Top 3	(Epoch 20)acc (%):   84.89
2024-05-27 20:22:09,112 - INFO -  Top 5	(Epoch 20)acc (%):   89.49
2024-05-27 20:22:09,112 - INFO -  Top 10	(Epoch 20)acc (%):   94.43
2024-05-27 20:22:09,113 - INFO - 
Epoch	21
2024-05-27 20:22:12,745 - INFO - [0/363571]	Loss  : 1.5548
2024-05-27 20:22:47,565 - INFO - Test loss   : 0.9621
2024-05-27 20:22:47,565 - INFO - 
Epoch	22
2024-05-27 20:22:51,961 - INFO - [0/363571]	Loss  : 1.5281
2024-05-27 20:23:27,786 - INFO - Test loss   : 0.9817
2024-05-27 20:23:27,786 - INFO - 
Epoch	23
2024-05-27 20:23:31,871 - INFO - [0/363571]	Loss  : 1.5174
2024-05-27 20:24:04,803 - INFO - Test loss   : 0.9595
2024-05-27 20:24:04,804 - INFO - 
Epoch	24
2024-05-27 20:24:09,388 - INFO - [0/363571]	Loss  : 1.5033
2024-05-27 20:24:44,192 - INFO - Test loss   : 0.9105
2024-05-27 20:24:44,192 - INFO - 
Epoch	25
2024-05-27 20:24:48,687 - INFO - [0/363571]	Loss  : 1.4934
2024-05-27 20:25:23,454 - INFO - Test loss   : 0.8590
2024-05-27 20:25:23,454 - INFO - 
Epoch	26
2024-05-27 20:25:27,736 - INFO - [0/363571]	Loss  : 1.4893
2024-05-27 20:26:01,492 - INFO - Test loss   : 0.8268
2024-05-27 20:26:01,493 - INFO - 
Epoch	27
2024-05-27 20:26:05,664 - INFO - [0/363571]	Loss  : 1.4646
2024-05-27 20:26:40,320 - INFO - Test loss   : 0.8228
2024-05-27 20:26:40,320 - INFO - 
Epoch	28
2024-05-27 20:26:44,686 - INFO - [0/363571]	Loss  : 1.4612
2024-05-27 20:27:18,704 - INFO - Test loss   : 0.8392
2024-05-27 20:27:18,704 - INFO - 
Epoch	29
2024-05-27 20:27:23,055 - INFO - [0/363571]	Loss  : 1.4617
2024-05-27 20:27:57,613 - INFO - Test loss   : 0.8586
2024-05-27 20:27:57,613 - INFO - 
Epoch	30
2024-05-27 20:28:02,012 - INFO - [0/363571]	Loss  : 1.4497
2024-05-27 20:28:37,305 - INFO - Test loss   : 0.8608
2024-05-27 20:28:38,376 - INFO - (53041,)
2024-05-27 20:28:38,539 - INFO -  Split ID: 0
2024-05-27 20:28:38,561 - INFO -  Top 1	LocEnc (Epoch 30)acc (%):   15.73
2024-05-27 20:28:38,563 - INFO -  Top 3	LocEnc (Epoch 30)acc (%):   27.19
2024-05-27 20:28:38,565 - INFO -  Top 5	LocEnc (Epoch 30)acc (%):   34.39
2024-05-27 20:28:38,566 - INFO -  Top 10	LocEnc (Epoch 30)acc (%):   47.75
2024-05-27 20:28:38,573 - INFO - 
No prior
2024-05-27 20:28:38,578 - INFO - (53041,)
2024-05-27 20:28:38,740 - INFO -  Split ID: 0
2024-05-27 20:28:38,740 - INFO -  Top 1	(Epoch 30)acc (%):   69.83
2024-05-27 20:28:38,740 - INFO -  Top 3	(Epoch 30)acc (%):   84.61
2024-05-27 20:28:38,740 - INFO -  Top 5	(Epoch 30)acc (%):   89.23
2024-05-27 20:28:38,740 - INFO -  Top 10	(Epoch 30)acc (%):   94.29
2024-05-27 20:29:20,776 - INFO -  Split ID: 0
2024-05-27 20:29:20,776 - INFO -  Top 1	(Epoch 30)acc (%):   70.29
2024-05-27 20:29:20,776 - INFO -  Top 3	(Epoch 30)acc (%):   84.98
2024-05-27 20:29:20,777 - INFO -  Top 5	(Epoch 30)acc (%):   89.58
2024-05-27 20:29:20,777 - INFO -  Top 10	(Epoch 30)acc (%):   94.52
2024-05-27 20:29:20,777 - INFO - 
Epoch	31
2024-05-27 20:29:25,087 - INFO - [0/363571]	Loss  : 1.4370
2024-05-27 20:29:59,482 - INFO - Test loss   : 0.8477
2024-05-27 20:29:59,483 - INFO - 
Epoch	32
2024-05-27 20:30:03,921 - INFO - [0/363571]	Loss  : 1.4480
2024-05-27 20:30:37,311 - INFO - Test loss   : 0.8212
2024-05-27 20:30:37,311 - INFO - 
Epoch	33
2024-05-27 20:30:41,875 - INFO - [0/363571]	Loss  : 1.4147
2024-05-27 20:31:16,430 - INFO - Test loss   : 0.8026
2024-05-27 20:31:16,430 - INFO - 
Epoch	34
2024-05-27 20:31:20,674 - INFO - [0/363571]	Loss  : 1.4281
2024-05-27 20:31:33,953 - INFO - Test loss   : 0.7965
2024-05-27 20:31:33,953 - INFO - 
Epoch	35
2024-05-27 20:31:34,480 - INFO - [0/363571]	Loss  : 1.4137
2024-05-27 20:31:38,096 - INFO - Test loss   : 0.8074
2024-05-27 20:31:38,096 - INFO - 
Epoch	36
2024-05-27 20:31:38,602 - INFO - [0/363571]	Loss  : 1.4113
2024-05-27 20:31:55,134 - INFO - Test loss   : 0.8230
2024-05-27 20:31:55,135 - INFO - 
Epoch	37
2024-05-27 20:31:57,746 - INFO - [0/363571]	Loss  : 1.4041
2024-05-27 20:32:14,081 - INFO - Test loss   : 0.8340
2024-05-27 20:32:14,081 - INFO - 
Epoch	38
2024-05-27 20:32:15,796 - INFO - [0/363571]	Loss  : 1.4164
2024-05-27 20:32:33,562 - INFO - Test loss   : 0.8268
2024-05-27 20:32:33,562 - INFO - 
Epoch	39
2024-05-27 20:32:35,821 - INFO - [0/363571]	Loss  : 1.3905
2024-05-27 20:32:57,692 - INFO - Test loss   : 0.8114
2024-05-27 20:32:57,693 - INFO - 
Epoch	40
2024-05-27 20:33:02,148 - INFO - [0/363571]	Loss  : 1.3922
2024-05-27 20:33:38,743 - INFO - Test loss   : 0.7931
2024-05-27 20:33:39,525 - INFO - (53041,)
2024-05-27 20:33:39,688 - INFO -  Split ID: 0
2024-05-27 20:33:39,712 - INFO -  Top 1	LocEnc (Epoch 40)acc (%):   16.29
2024-05-27 20:33:39,714 - INFO -  Top 3	LocEnc (Epoch 40)acc (%):   27.11
2024-05-27 20:33:39,716 - INFO -  Top 5	LocEnc (Epoch 40)acc (%):   33.93
2024-05-27 20:33:39,718 - INFO -  Top 10	LocEnc (Epoch 40)acc (%):   46.71
2024-05-27 20:33:39,724 - INFO - 
No prior
2024-05-27 20:33:39,729 - INFO - (53041,)
2024-05-27 20:33:39,913 - INFO -  Split ID: 0
2024-05-27 20:33:39,913 - INFO -  Top 1	(Epoch 40)acc (%):   69.83
2024-05-27 20:33:39,913 - INFO -  Top 3	(Epoch 40)acc (%):   84.61
2024-05-27 20:33:39,913 - INFO -  Top 5	(Epoch 40)acc (%):   89.23
2024-05-27 20:33:39,914 - INFO -  Top 10	(Epoch 40)acc (%):   94.29
2024-05-27 20:34:24,387 - INFO -  Split ID: 0
2024-05-27 20:34:24,387 - INFO -  Top 1	(Epoch 40)acc (%):   70.33
2024-05-27 20:34:24,387 - INFO -  Top 3	(Epoch 40)acc (%):   85.06
2024-05-27 20:34:24,387 - INFO -  Top 5	(Epoch 40)acc (%):   89.6
2024-05-27 20:34:24,388 - INFO -  Top 10	(Epoch 40)acc (%):   94.57
2024-05-27 20:34:24,388 - INFO - 
Epoch	41
2024-05-27 20:34:28,957 - INFO - [0/363571]	Loss  : 1.3843
2024-05-27 20:35:07,789 - INFO - Test loss   : 0.7775
2024-05-27 20:35:07,789 - INFO - 
Epoch	42
2024-05-27 20:35:12,412 - INFO - [0/363571]	Loss  : 1.3674
2024-05-27 20:35:50,752 - INFO - Test loss   : 0.7714
2024-05-27 20:35:50,752 - INFO - 
Epoch	43
2024-05-27 20:35:55,346 - INFO - [0/363571]	Loss  : 1.3619
2024-05-27 20:36:34,167 - INFO - Test loss   : 0.7758
2024-05-27 20:36:34,168 - INFO - 
Epoch	44
2024-05-27 20:36:38,786 - INFO - [0/363571]	Loss  : 1.3607
2024-05-27 20:37:15,488 - INFO - Test loss   : 0.7864
2024-05-27 20:37:15,488 - INFO - 
Epoch	45
2024-05-27 20:37:20,152 - INFO - [0/363571]	Loss  : 1.3740
2024-05-27 20:37:59,009 - INFO - Test loss   : 0.7897
2024-05-27 20:37:59,009 - INFO - 
Epoch	46
2024-05-27 20:38:03,656 - INFO - [0/363571]	Loss  : 1.3605
2024-05-27 20:38:42,450 - INFO - Test loss   : 0.7883
2024-05-27 20:38:42,451 - INFO - 
Epoch	47
2024-05-27 20:38:46,944 - INFO - [0/363571]	Loss  : 1.3687
2024-05-27 20:39:23,603 - INFO - Test loss   : 0.7788
2024-05-27 20:39:23,603 - INFO - 
Epoch	48
2024-05-27 20:39:28,237 - INFO - [0/363571]	Loss  : 1.3516
2024-05-27 20:40:07,198 - INFO - Test loss   : 0.7681
2024-05-27 20:40:07,198 - INFO - 
Epoch	49
2024-05-27 20:40:11,069 - INFO - [0/363571]	Loss  : 1.3552
2024-05-27 20:40:46,392 - INFO - Test loss   : 0.7590
2024-05-27 20:40:46,402 - INFO - 
Epoch	50
2024-05-27 20:40:50,547 - INFO - [0/363571]	Loss  : 1.3521
2024-05-27 20:41:28,728 - INFO - Test loss   : 0.7542
2024-05-27 20:41:29,449 - INFO - (53041,)
2024-05-27 20:41:29,633 - INFO -  Split ID: 0
2024-05-27 20:41:29,661 - INFO -  Top 1	LocEnc (Epoch 50)acc (%):   16.3
2024-05-27 20:41:29,664 - INFO -  Top 3	LocEnc (Epoch 50)acc (%):   28.59
2024-05-27 20:41:29,667 - INFO -  Top 5	LocEnc (Epoch 50)acc (%):   35.88
2024-05-27 20:41:29,669 - INFO -  Top 10	LocEnc (Epoch 50)acc (%):   49.63
2024-05-27 20:41:29,677 - INFO - 
No prior
2024-05-27 20:41:29,684 - INFO - (53041,)
2024-05-27 20:41:29,848 - INFO -  Split ID: 0
2024-05-27 20:41:29,848 - INFO -  Top 1	(Epoch 50)acc (%):   69.83
2024-05-27 20:41:29,848 - INFO -  Top 3	(Epoch 50)acc (%):   84.61
2024-05-27 20:41:29,848 - INFO -  Top 5	(Epoch 50)acc (%):   89.23
2024-05-27 20:41:29,848 - INFO -  Top 10	(Epoch 50)acc (%):   94.29
2024-05-27 20:42:12,464 - INFO -  Split ID: 0
2024-05-27 20:42:12,464 - INFO -  Top 1	(Epoch 50)acc (%):   70.37
2024-05-27 20:42:12,464 - INFO -  Top 3	(Epoch 50)acc (%):   85.09
2024-05-27 20:42:12,464 - INFO -  Top 5	(Epoch 50)acc (%):   89.69
2024-05-27 20:42:12,464 - INFO -  Top 10	(Epoch 50)acc (%):   94.6
2024-05-27 20:42:12,465 - INFO - 
Epoch	51
2024-05-27 20:42:16,725 - INFO - [0/363571]	Loss  : 1.3381
2024-05-27 20:42:54,201 - INFO - Test loss   : 0.7556
2024-05-27 20:42:54,201 - INFO - 
Epoch	52
2024-05-27 20:42:58,696 - INFO - [0/363571]	Loss  : 1.3489
2024-05-27 20:43:36,087 - INFO - Test loss   : 0.7596
2024-05-27 20:43:36,087 - INFO - 
Epoch	53
2024-05-27 20:43:40,666 - INFO - [0/363571]	Loss  : 1.3358
2024-05-27 20:44:17,267 - INFO - Test loss   : 0.7604
2024-05-27 20:44:17,267 - INFO - 
Epoch	54
2024-05-27 20:44:21,956 - INFO - [0/363571]	Loss  : 1.3363
2024-05-27 20:45:00,804 - INFO - Test loss   : 0.7621
2024-05-27 20:45:00,804 - INFO - 
Epoch	55
2024-05-27 20:45:05,501 - INFO - [0/363571]	Loss  : 1.3346
2024-05-27 20:45:41,776 - INFO - Test loss   : 0.7601
2024-05-27 20:45:41,776 - INFO - 
Epoch	56
2024-05-27 20:45:46,479 - INFO - [0/363571]	Loss  : 1.3288
2024-05-27 20:46:24,498 - INFO - Test loss   : 0.7590
2024-05-27 20:46:24,498 - INFO - 
Epoch	57
2024-05-27 20:46:29,082 - INFO - [0/363571]	Loss  : 1.3299
2024-05-27 20:47:07,754 - INFO - Test loss   : 0.7579
2024-05-27 20:47:07,755 - INFO - 
Epoch	58
2024-05-27 20:47:12,351 - INFO - [0/363571]	Loss  : 1.3217
2024-05-27 20:47:50,695 - INFO - Test loss   : 0.7549
2024-05-27 20:47:50,696 - INFO - 
Epoch	59
2024-05-27 20:47:55,318 - INFO - [0/363571]	Loss  : 1.3151
2024-05-27 20:48:33,365 - INFO - Test loss   : 0.7525
2024-05-27 20:48:33,365 - INFO - 
Epoch	60
2024-05-27 20:48:38,036 - INFO - [0/363571]	Loss  : 1.3228
2024-05-27 20:49:14,534 - INFO - Test loss   : 0.7485
2024-05-27 20:49:15,275 - INFO - (53041,)
2024-05-27 20:49:15,435 - INFO -  Split ID: 0
2024-05-27 20:49:15,455 - INFO -  Top 1	LocEnc (Epoch 60)acc (%):   17.04
2024-05-27 20:49:15,457 - INFO -  Top 3	LocEnc (Epoch 60)acc (%):   29.33
2024-05-27 20:49:15,459 - INFO -  Top 5	LocEnc (Epoch 60)acc (%):   36.97
2024-05-27 20:49:15,461 - INFO -  Top 10	LocEnc (Epoch 60)acc (%):   50.53
2024-05-27 20:49:15,468 - INFO - 
No prior
2024-05-27 20:49:15,475 - INFO - (53041,)
2024-05-27 20:49:15,649 - INFO -  Split ID: 0
2024-05-27 20:49:15,649 - INFO -  Top 1	(Epoch 60)acc (%):   69.83
2024-05-27 20:49:15,650 - INFO -  Top 3	(Epoch 60)acc (%):   84.61
2024-05-27 20:49:15,650 - INFO -  Top 5	(Epoch 60)acc (%):   89.23
2024-05-27 20:49:15,650 - INFO -  Top 10	(Epoch 60)acc (%):   94.29
2024-05-27 20:49:58,872 - INFO -  Split ID: 0
2024-05-27 20:49:58,873 - INFO -  Top 1	(Epoch 60)acc (%):   70.41
2024-05-27 20:49:58,873 - INFO -  Top 3	(Epoch 60)acc (%):   85.15
2024-05-27 20:49:58,873 - INFO -  Top 5	(Epoch 60)acc (%):   89.7
2024-05-27 20:49:58,873 - INFO -  Top 10	(Epoch 60)acc (%):   94.6
2024-05-27 20:49:58,874 - INFO - 
Epoch	61
2024-05-27 20:50:03,456 - INFO - [0/363571]	Loss  : 1.3225
2024-05-27 20:50:40,683 - INFO - Test loss   : 0.7436
2024-05-27 20:50:40,683 - INFO - 
Epoch	62
2024-05-27 20:50:45,325 - INFO - [0/363571]	Loss  : 1.3136
2024-05-27 20:51:18,836 - INFO - Test loss   : 0.7419
2024-05-27 20:51:18,836 - INFO - 
Epoch	63
2024-05-27 20:51:23,481 - INFO - [0/363571]	Loss  : 1.3133
2024-05-27 20:52:00,980 - INFO - Test loss   : 0.7430
2024-05-27 20:52:00,980 - INFO - 
Epoch	64
2024-05-27 20:52:05,514 - INFO - [0/363571]	Loss  : 1.3134
2024-05-27 20:52:42,855 - INFO - Test loss   : 0.7449
2024-05-27 20:52:42,855 - INFO - 
Epoch	65
2024-05-27 20:52:47,626 - INFO - [0/363571]	Loss  : 1.3121
2024-05-27 20:53:25,511 - INFO - Test loss   : 0.7480
2024-05-27 20:53:25,511 - INFO - 
Epoch	66
2024-05-27 20:53:30,093 - INFO - [0/363571]	Loss  : 1.3006
2024-05-27 20:54:05,673 - INFO - Test loss   : 0.7493
2024-05-27 20:54:05,673 - INFO - 
Epoch	67
2024-05-27 20:54:10,263 - INFO - [0/363571]	Loss  : 1.3202
2024-05-27 20:54:48,436 - INFO - Test loss   : 0.7464
2024-05-27 20:54:48,436 - INFO - 
Epoch	68
2024-05-27 20:54:53,183 - INFO - [0/363571]	Loss  : 1.2955
2024-05-27 20:55:31,287 - INFO - Test loss   : 0.7423
2024-05-27 20:55:31,289 - INFO - 
Epoch	69
2024-05-27 20:55:34,796 - INFO - [0/363571]	Loss  : 1.2953
2024-05-27 20:56:11,627 - INFO - Test loss   : 0.7371
2024-05-27 20:56:11,627 - INFO - 
Epoch	70
2024-05-27 20:56:16,336 - INFO - [0/363571]	Loss  : 1.2963
2024-05-27 20:56:53,712 - INFO - Test loss   : 0.7332
2024-05-27 20:56:54,701 - INFO - (53041,)
2024-05-27 20:56:54,862 - INFO -  Split ID: 0
2024-05-27 20:56:54,885 - INFO -  Top 1	LocEnc (Epoch 70)acc (%):   16.69
2024-05-27 20:56:54,887 - INFO -  Top 3	LocEnc (Epoch 70)acc (%):   29.52
2024-05-27 20:56:54,889 - INFO -  Top 5	LocEnc (Epoch 70)acc (%):   36.96
2024-05-27 20:56:54,890 - INFO -  Top 10	LocEnc (Epoch 70)acc (%):   50.46
2024-05-27 20:56:54,897 - INFO - 
No prior
2024-05-27 20:56:54,902 - INFO - (53041,)
2024-05-27 20:56:55,068 - INFO -  Split ID: 0
2024-05-27 20:56:55,068 - INFO -  Top 1	(Epoch 70)acc (%):   69.83
2024-05-27 20:56:55,068 - INFO -  Top 3	(Epoch 70)acc (%):   84.61
2024-05-27 20:56:55,068 - INFO -  Top 5	(Epoch 70)acc (%):   89.23
2024-05-27 20:56:55,069 - INFO -  Top 10	(Epoch 70)acc (%):   94.29
2024-05-27 20:57:38,218 - INFO -  Split ID: 0
2024-05-27 20:57:38,219 - INFO -  Top 1	(Epoch 70)acc (%):   70.43
2024-05-27 20:57:38,219 - INFO -  Top 3	(Epoch 70)acc (%):   85.15
2024-05-27 20:57:38,219 - INFO -  Top 5	(Epoch 70)acc (%):   89.72
2024-05-27 20:57:38,219 - INFO -  Top 10	(Epoch 70)acc (%):   94.63
2024-05-27 20:57:38,220 - INFO - 
Epoch	71
2024-05-27 20:57:42,678 - INFO - [0/363571]	Loss  : 1.3081
2024-05-27 20:58:18,604 - INFO - Test loss   : 0.7290
2024-05-27 20:58:18,604 - INFO - 
Epoch	72
2024-05-27 20:58:23,330 - INFO - [0/363571]	Loss  : 1.3074
2024-05-27 20:59:00,148 - INFO - Test loss   : 0.7250
2024-05-27 20:59:00,148 - INFO - 
Epoch	73
2024-05-27 20:59:04,484 - INFO - [0/363571]	Loss  : 1.3077
2024-05-27 20:59:42,150 - INFO - Test loss   : 0.7199
2024-05-27 20:59:42,151 - INFO - 
Epoch	74
2024-05-27 20:59:46,689 - INFO - [0/363571]	Loss  : 1.3012
2024-05-27 21:00:24,933 - INFO - Test loss   : 0.7159
2024-05-27 21:00:24,934 - INFO - 
Epoch	75
2024-05-27 21:00:29,499 - INFO - [0/363571]	Loss  : 1.3013
2024-05-27 21:01:04,841 - INFO - Test loss   : 0.7155
2024-05-27 21:01:04,841 - INFO - 
Epoch	76
2024-05-27 21:01:09,365 - INFO - [0/363571]	Loss  : 1.2896
2024-05-27 21:01:47,397 - INFO - Test loss   : 0.7193
2024-05-27 21:01:47,397 - INFO - 
Epoch	77
2024-05-27 21:01:51,651 - INFO - [0/363571]	Loss  : 1.2886
2024-05-27 21:02:23,216 - INFO - Test loss   : 0.7264
2024-05-27 21:02:23,216 - INFO - 
Epoch	78
2024-05-27 21:02:26,252 - INFO - [0/363571]	Loss  : 1.2888
2024-05-27 21:03:00,182 - INFO - Test loss   : 0.7313
2024-05-27 21:03:00,187 - INFO - 
Epoch	79
2024-05-27 21:03:04,663 - INFO - [0/363571]	Loss  : 1.2879
2024-05-27 21:03:40,281 - INFO - Test loss   : 0.7338
2024-05-27 21:03:40,281 - INFO - 
Epoch	80
2024-05-27 21:03:44,618 - INFO - [0/363571]	Loss  : 1.2797
2024-05-27 21:04:20,270 - INFO - Test loss   : 0.7334
2024-05-27 21:04:21,062 - INFO - (53041,)
2024-05-27 21:04:21,235 - INFO -  Split ID: 0
2024-05-27 21:04:21,256 - INFO -  Top 1	LocEnc (Epoch 80)acc (%):   17.04
2024-05-27 21:04:21,259 - INFO -  Top 3	LocEnc (Epoch 80)acc (%):   29.68
2024-05-27 21:04:21,262 - INFO -  Top 5	LocEnc (Epoch 80)acc (%):   36.83
2024-05-27 21:04:21,265 - INFO -  Top 10	LocEnc (Epoch 80)acc (%):   51.0
2024-05-27 21:04:21,274 - INFO - 
No prior
2024-05-27 21:04:21,291 - INFO - (53041,)
2024-05-27 21:04:21,478 - INFO -  Split ID: 0
2024-05-27 21:04:21,478 - INFO -  Top 1	(Epoch 80)acc (%):   69.83
2024-05-27 21:04:21,478 - INFO -  Top 3	(Epoch 80)acc (%):   84.61
2024-05-27 21:04:21,479 - INFO -  Top 5	(Epoch 80)acc (%):   89.23
2024-05-27 21:04:21,479 - INFO -  Top 10	(Epoch 80)acc (%):   94.29
2024-05-27 21:05:03,658 - INFO -  Split ID: 0
2024-05-27 21:05:03,658 - INFO -  Top 1	(Epoch 80)acc (%):   70.44
2024-05-27 21:05:03,658 - INFO -  Top 3	(Epoch 80)acc (%):   85.21
2024-05-27 21:05:03,659 - INFO -  Top 5	(Epoch 80)acc (%):   89.72
2024-05-27 21:05:03,659 - INFO -  Top 10	(Epoch 80)acc (%):   94.65
2024-05-27 21:05:03,659 - INFO - 
Epoch	81
2024-05-27 21:05:07,311 - INFO - [0/363571]	Loss  : 1.2806
2024-05-27 21:05:42,991 - INFO - Test loss   : 0.7309
2024-05-27 21:05:42,991 - INFO - 
Epoch	82
2024-05-27 21:05:47,226 - INFO - [0/363571]	Loss  : 1.2818
2024-05-27 21:06:22,128 - INFO - Test loss   : 0.7272
2024-05-27 21:06:22,128 - INFO - 
Epoch	83
2024-05-27 21:06:26,511 - INFO - [0/363571]	Loss  : 1.2841
2024-05-27 21:07:01,169 - INFO - Test loss   : 0.7221
2024-05-27 21:07:01,169 - INFO - 
Epoch	84
2024-05-27 21:07:05,523 - INFO - [0/363571]	Loss  : 1.2971
2024-05-27 21:07:38,653 - INFO - Test loss   : 0.7171
2024-05-27 21:07:38,653 - INFO - 
Epoch	85
2024-05-27 21:07:40,994 - INFO - [0/363571]	Loss  : 1.2835
2024-05-27 21:08:15,764 - INFO - Test loss   : 0.7148
2024-05-27 21:08:15,764 - INFO - 
Epoch	86
2024-05-27 21:08:19,751 - INFO - [0/363571]	Loss  : 1.2756
2024-05-27 21:08:54,328 - INFO - Test loss   : 0.7160
2024-05-27 21:08:54,328 - INFO - 
Epoch	87
2024-05-27 21:08:57,768 - INFO - [0/363571]	Loss  : 1.2697
2024-05-27 21:09:19,458 - INFO - Test loss   : 0.7180
2024-05-27 21:09:19,458 - INFO - 
Epoch	88
2024-05-27 21:09:22,997 - INFO - [0/363571]	Loss  : 1.2759
2024-05-27 21:09:52,146 - INFO - Test loss   : 0.7202
2024-05-27 21:09:52,147 - INFO - 
Epoch	89
2024-05-27 21:09:55,717 - INFO - [0/363571]	Loss  : 1.2875
2024-05-27 21:10:26,939 - INFO - Test loss   : 0.7217
2024-05-27 21:10:26,939 - INFO - 
Epoch	90
2024-05-27 21:10:31,552 - INFO - [0/363571]	Loss  : 1.2789
2024-05-27 21:11:05,786 - INFO - Test loss   : 0.7217
2024-05-27 21:11:06,525 - INFO - (53041,)
2024-05-27 21:11:06,704 - INFO -  Split ID: 0
2024-05-27 21:11:06,731 - INFO -  Top 1	LocEnc (Epoch 90)acc (%):   17.12
2024-05-27 21:11:06,733 - INFO -  Top 3	LocEnc (Epoch 90)acc (%):   30.36
2024-05-27 21:11:06,736 - INFO -  Top 5	LocEnc (Epoch 90)acc (%):   37.51
2024-05-27 21:11:06,739 - INFO -  Top 10	LocEnc (Epoch 90)acc (%):   51.53
2024-05-27 21:11:06,746 - INFO - 
No prior
2024-05-27 21:11:06,753 - INFO - (53041,)
2024-05-27 21:11:06,920 - INFO -  Split ID: 0
2024-05-27 21:11:06,921 - INFO -  Top 1	(Epoch 90)acc (%):   69.83
2024-05-27 21:11:06,921 - INFO -  Top 3	(Epoch 90)acc (%):   84.61
2024-05-27 21:11:06,921 - INFO -  Top 5	(Epoch 90)acc (%):   89.23
2024-05-27 21:11:06,921 - INFO -  Top 10	(Epoch 90)acc (%):   94.29
2024-05-27 21:11:49,204 - INFO -  Split ID: 0
2024-05-27 21:11:49,205 - INFO -  Top 1	(Epoch 90)acc (%):   70.48
2024-05-27 21:11:49,205 - INFO -  Top 3	(Epoch 90)acc (%):   85.21
2024-05-27 21:11:49,205 - INFO -  Top 5	(Epoch 90)acc (%):   89.75
2024-05-27 21:11:49,205 - INFO -  Top 10	(Epoch 90)acc (%):   94.66
2024-05-27 21:11:49,206 - INFO - 
Epoch	91
2024-05-27 21:11:53,039 - INFO - [0/363571]	Loss  : 1.2675
2024-05-27 21:12:28,797 - INFO - Test loss   : 0.7212
2024-05-27 21:12:28,798 - INFO - 
Epoch	92
2024-05-27 21:12:32,736 - INFO - [0/363571]	Loss  : 1.2723
2024-05-27 21:13:07,780 - INFO - Test loss   : 0.7200
2024-05-27 21:13:07,781 - INFO - 
Epoch	93
2024-05-27 21:13:11,337 - INFO - [0/363571]	Loss  : 1.2765
2024-05-27 21:13:42,772 - INFO - Test loss   : 0.7176
2024-05-27 21:13:42,773 - INFO - 
Epoch	94
2024-05-27 21:13:47,118 - INFO - [0/363571]	Loss  : 1.2771
2024-05-27 21:14:20,786 - INFO - Test loss   : 0.7140
2024-05-27 21:14:20,786 - INFO - 
Epoch	95
2024-05-27 21:14:25,536 - INFO - [0/363571]	Loss  : 1.2695
2024-05-27 21:14:54,028 - INFO - Test loss   : 0.7109
2024-05-27 21:14:54,028 - INFO - 
Epoch	96
2024-05-27 21:14:56,764 - INFO - [0/363571]	Loss  : 1.2695
2024-05-27 21:15:17,545 - INFO - Test loss   : 0.7084
2024-05-27 21:15:17,546 - INFO - 
Epoch	97
2024-05-27 21:15:20,207 - INFO - [0/363571]	Loss  : 1.2668
2024-05-27 21:15:35,160 - INFO - Test loss   : 0.7076
2024-05-27 21:15:35,160 - INFO - 
Epoch	98
2024-05-27 21:15:37,616 - INFO - [0/363571]	Loss  : 1.2733
2024-05-27 21:15:56,172 - INFO - Test loss   : 0.7068
2024-05-27 21:15:56,172 - INFO - 
Epoch	99
2024-05-27 21:15:58,747 - INFO - [0/363571]	Loss  : 1.2636
2024-05-27 21:16:14,274 - INFO - Test loss   : 0.7065
2024-05-27 21:16:14,274 - INFO - 
Epoch	100
2024-05-27 21:16:18,775 - INFO - [0/363571]	Loss  : 1.2647
2024-05-27 21:16:56,515 - INFO - Test loss   : 0.7082
2024-05-27 21:16:57,224 - INFO - (53041,)
2024-05-27 21:16:57,404 - INFO -  Split ID: 0
2024-05-27 21:16:57,423 - INFO -  Top 1	LocEnc (Epoch 100)acc (%):   16.95
2024-05-27 21:16:57,425 - INFO -  Top 3	LocEnc (Epoch 100)acc (%):   30.57
2024-05-27 21:16:57,427 - INFO -  Top 5	LocEnc (Epoch 100)acc (%):   37.54
2024-05-27 21:16:57,429 - INFO -  Top 10	LocEnc (Epoch 100)acc (%):   51.65
2024-05-27 21:16:57,436 - INFO - 
No prior
2024-05-27 21:16:57,443 - INFO - (53041,)
2024-05-27 21:16:57,610 - INFO -  Split ID: 0
2024-05-27 21:16:57,611 - INFO -  Top 1	(Epoch 100)acc (%):   69.83
2024-05-27 21:16:57,611 - INFO -  Top 3	(Epoch 100)acc (%):   84.61
2024-05-27 21:16:57,611 - INFO -  Top 5	(Epoch 100)acc (%):   89.23
2024-05-27 21:16:57,611 - INFO -  Top 10	(Epoch 100)acc (%):   94.29
2024-05-27 21:17:41,686 - INFO -  Split ID: 0
2024-05-27 21:17:41,687 - INFO -  Top 1	(Epoch 100)acc (%):   70.49
2024-05-27 21:17:41,687 - INFO -  Top 3	(Epoch 100)acc (%):   85.2
2024-05-27 21:17:41,687 - INFO -  Top 5	(Epoch 100)acc (%):   89.75
2024-05-27 21:17:41,687 - INFO -  Top 10	(Epoch 100)acc (%):   94.66
2024-05-27 21:17:41,688 - INFO - 
Epoch	101
2024-05-27 21:17:46,342 - INFO - [0/363571]	Loss  : 1.2664
2024-05-27 21:18:24,145 - INFO - Test loss   : 0.7103
2024-05-27 21:18:24,146 - INFO - 
Epoch	102
2024-05-27 21:18:28,833 - INFO - [0/363571]	Loss  : 1.2578
2024-05-27 21:19:07,637 - INFO - Test loss   : 0.7127
2024-05-27 21:19:07,637 - INFO - 
Epoch	103
2024-05-27 21:19:12,204 - INFO - [0/363571]	Loss  : 1.2671
2024-05-27 21:19:50,553 - INFO - Test loss   : 0.7136
2024-05-27 21:19:50,553 - INFO - 
Epoch	104
2024-05-27 21:19:55,220 - INFO - [0/363571]	Loss  : 1.2524
2024-05-27 21:20:34,207 - INFO - Test loss   : 0.7127
2024-05-27 21:20:34,207 - INFO - 
Epoch	105
2024-05-27 21:20:38,962 - INFO - [0/363571]	Loss  : 1.2732
2024-05-27 21:21:17,560 - INFO - Test loss   : 0.7092
2024-05-27 21:21:17,560 - INFO - 
Epoch	106
2024-05-27 21:21:22,282 - INFO - [0/363571]	Loss  : 1.2566
2024-05-27 21:22:01,309 - INFO - Test loss   : 0.7069
2024-05-27 21:22:01,309 - INFO - 
Epoch	107
2024-05-27 21:22:05,975 - INFO - [0/363571]	Loss  : 1.2590
2024-05-27 21:22:43,540 - INFO - Test loss   : 0.7051
2024-05-27 21:22:43,540 - INFO - 
Epoch	108
2024-05-27 21:22:48,187 - INFO - [0/363571]	Loss  : 1.2600
2024-05-27 21:23:22,208 - INFO - Test loss   : 0.7049
2024-05-27 21:23:22,208 - INFO - 
Epoch	109
2024-05-27 21:23:26,805 - INFO - [0/363571]	Loss  : 1.2602
2024-05-27 21:24:05,410 - INFO - Test loss   : 0.7055
2024-05-27 21:24:05,410 - INFO - 
Epoch	110
2024-05-27 21:24:10,022 - INFO - [0/363571]	Loss  : 1.2634
2024-05-27 21:24:48,422 - INFO - Test loss   : 0.7049
2024-05-27 21:24:49,324 - INFO - (53041,)
2024-05-27 21:24:49,502 - INFO -  Split ID: 0
2024-05-27 21:24:49,524 - INFO -  Top 1	LocEnc (Epoch 110)acc (%):   17.12
2024-05-27 21:24:49,526 - INFO -  Top 3	LocEnc (Epoch 110)acc (%):   30.49
2024-05-27 21:24:49,528 - INFO -  Top 5	LocEnc (Epoch 110)acc (%):   37.68
2024-05-27 21:24:49,530 - INFO -  Top 10	LocEnc (Epoch 110)acc (%):   52.08
2024-05-27 21:24:49,538 - INFO - 
No prior
2024-05-27 21:24:49,545 - INFO - (53041,)
2024-05-27 21:24:49,711 - INFO -  Split ID: 0
2024-05-27 21:24:49,711 - INFO -  Top 1	(Epoch 110)acc (%):   69.83
2024-05-27 21:24:49,711 - INFO -  Top 3	(Epoch 110)acc (%):   84.61
2024-05-27 21:24:49,711 - INFO -  Top 5	(Epoch 110)acc (%):   89.23
2024-05-27 21:24:49,711 - INFO -  Top 10	(Epoch 110)acc (%):   94.29
2024-05-27 21:25:32,054 - INFO -  Split ID: 0
2024-05-27 21:25:32,055 - INFO -  Top 1	(Epoch 110)acc (%):   70.48
2024-05-27 21:25:32,055 - INFO -  Top 3	(Epoch 110)acc (%):   85.2
2024-05-27 21:25:32,055 - INFO -  Top 5	(Epoch 110)acc (%):   89.74
2024-05-27 21:25:32,055 - INFO -  Top 10	(Epoch 110)acc (%):   94.66
2024-05-27 21:25:32,056 - INFO - 
Epoch	111
2024-05-27 21:25:36,841 - INFO - [0/363571]	Loss  : 1.2592
2024-05-27 21:26:15,776 - INFO - Test loss   : 0.7041
2024-05-27 21:26:15,776 - INFO - 
Epoch	112
2024-05-27 21:26:20,348 - INFO - [0/363571]	Loss  : 1.2448
2024-05-27 21:26:59,238 - INFO - Test loss   : 0.7041
2024-05-27 21:26:59,238 - INFO - 
Epoch	113
2024-05-27 21:27:03,926 - INFO - [0/363571]	Loss  : 1.2457
2024-05-27 21:27:42,245 - INFO - Test loss   : 0.7049
2024-05-27 21:27:42,245 - INFO - 
Epoch	114
2024-05-27 21:27:46,882 - INFO - [0/363571]	Loss  : 1.2649
2024-05-27 21:28:23,688 - INFO - Test loss   : 0.7046
2024-05-27 21:28:23,688 - INFO - 
Epoch	115
2024-05-27 21:28:28,352 - INFO - [0/363571]	Loss  : 1.2477
2024-05-27 21:29:07,186 - INFO - Test loss   : 0.7046
2024-05-27 21:29:07,186 - INFO - 
Epoch	116
2024-05-27 21:29:11,869 - INFO - [0/363571]	Loss  : 1.2548
2024-05-27 21:29:50,104 - INFO - Test loss   : 0.7048
2024-05-27 21:29:50,104 - INFO - 
Epoch	117
2024-05-27 21:29:54,298 - INFO - [0/363571]	Loss  : 1.2566
2024-05-27 21:30:33,229 - INFO - Test loss   : 0.7054
2024-05-27 21:30:33,229 - INFO - 
Epoch	118
2024-05-27 21:30:38,031 - INFO - [0/363571]	Loss  : 1.2570
2024-05-27 21:31:15,902 - INFO - Test loss   : 0.7059
2024-05-27 21:31:15,902 - INFO - 
Epoch	119
2024-05-27 21:31:20,502 - INFO - [0/363571]	Loss  : 1.2498
2024-05-27 21:31:58,864 - INFO - Test loss   : 0.7061
2024-05-27 21:31:58,864 - INFO - Saving output model to ../models/space2vec_theory/model_fmow_Space2Vec-theory_inception_v3_0.0200_64_0.0001000_360.000_1_512_BATCH8192_leakyrelu.pth.tar
2024-05-27 21:31:58,878 - INFO - Saving output model to ../models/space2vec_theory/model_fmow_Space2Vec-theory_inception_v3_0.0200_64_0.0001000_360.000_1_512_BATCH8192_leakyrelu.pth.tar
2024-05-27 21:31:58,898 - INFO - 
No prior
2024-05-27 21:31:58,903 - INFO - (53041,)
2024-05-27 21:31:59,070 - INFO -  Split ID: 0
2024-05-27 21:31:59,070 - INFO -  Top 1	acc (%):   69.83
2024-05-27 21:31:59,074 - INFO -  Top 3	acc (%):   84.61
2024-05-27 21:31:59,074 - INFO -  Top 5	acc (%):   89.23
2024-05-27 21:31:59,074 - INFO -  Top 10	acc (%):   94.29
2024-05-27 21:32:41,398 - INFO -  Split ID: 0
2024-05-27 21:32:41,399 - INFO -  Top 1	acc (%):   70.49
2024-05-27 21:32:41,399 - INFO -  Top 3	acc (%):   85.2
2024-05-27 21:32:41,399 - INFO -  Top 5	acc (%):   89.76
2024-05-27 21:32:41,399 - INFO -  Top 10	acc (%):   94.66
2024-05-27 21:32:41,400 - INFO - 
Space2Vec-theory
2024-05-27 21:32:41,400 - INFO -  Model :	model_fmow_Space2Vec-theory_inception_v3_0.0200_64_0.0001000_360.000_1_512_BATCH8192_leakyrelu.pth.tar
2024-05-27 21:32:42,384 - INFO - (53041,)
2024-05-27 21:32:42,548 - INFO -  Split ID: 0
2024-05-27 21:32:42,572 - INFO -  Top 1	LocEnc acc (%):   17.18
2024-05-27 21:32:42,574 - INFO -  Top 3	LocEnc acc (%):   30.3
2024-05-27 21:32:42,576 - INFO -  Top 5	LocEnc acc (%):   38.01
2024-05-27 21:32:42,578 - INFO -  Top 10	LocEnc acc (%):   52.16
2024-05-31 01:56:28,297 - INFO - 
num_classes	62
2024-05-31 01:56:28,315 - INFO - num train    	363571
2024-05-31 01:56:28,315 - INFO - num val      	53041
2024-05-31 01:56:28,315 - INFO - train loss   	full_loss
2024-05-31 01:56:28,315 - INFO - model name   	../models/space2vec_theory/model_fmow_Space2Vec-theory_inception_v3_0.0200_64_0.0001000_360.000_1_512_BATCH8192_leakyrelu.pth.tar
2024-05-31 01:56:28,315 - INFO - num users    	1
2024-05-31 01:56:29,213 - INFO - 
Only Space2Vec-theory
2024-05-31 01:56:29,213 - INFO -  Model :	model_fmow_Space2Vec-theory_inception_v3_0.0200_64_0.0001000_360.000_1_512_BATCH8192_leakyrelu.pth.tar
2024-05-31 01:56:29,268 - INFO - Saving output model to ../models/space2vec_theory/model_fmow_Space2Vec-theory_inception_v3_0.0200_64_0.0001000_360.000_1_512_BATCH8192_leakyrelu.pth.tar
2024-05-31 01:56:29,298 - INFO - Saving output model to ../models/space2vec_theory/model_fmow_Space2Vec-theory_inception_v3_0.0200_64_0.0001000_360.000_1_512_BATCH8192_leakyrelu.pth.tar
2024-05-31 01:56:29,317 - INFO - 
No prior
2024-05-31 01:56:29,327 - INFO - (53041,)
2024-05-31 01:56:30,251 - INFO - Save results to ../eval_results/eval_fmow__val_no_prior.csv
2024-05-31 01:56:30,251 - INFO -  Split ID: 0
2024-05-31 01:56:30,251 - INFO -  Top 1	acc (%):   69.83
2024-05-31 01:56:30,251 - INFO -  Top 3	acc (%):   84.61
2024-05-31 01:56:30,252 - INFO -  Top 5	acc (%):   89.23
2024-05-31 01:56:30,252 - INFO -  Top 10	acc (%):   94.29
2024-05-31 01:56:55,361 - INFO -  Split ID: 0
2024-05-31 01:56:55,361 - INFO -  Top 1	hit (%):   70.49
2024-05-31 01:56:55,362 - INFO -  Top 3	hit (%):   85.2
2024-05-31 01:56:55,362 - INFO -  Top 5	hit (%):   89.76
2024-05-31 01:56:55,362 - INFO -  Top 10	hit (%):   94.66
2024-05-31 01:56:55,375 - INFO - 
Only Space2Vec-theory
2024-05-31 01:56:55,375 - INFO -  Model :	model_fmow_Space2Vec-theory_inception_v3_0.0200_64_0.0001000_360.000_1_512_BATCH8192_leakyrelu.pth.tar
2024-05-31 01:56:55,908 - INFO - (53041,)
2024-05-31 01:56:56,069 - INFO -  Split ID: 0
2024-05-31 01:56:56,086 - INFO -  Top 1	LocEnc acc (%):   17.18
2024-05-31 01:56:56,088 - INFO -  Top 3	LocEnc acc (%):   30.3
2024-05-31 01:56:56,089 - INFO -  Top 5	LocEnc acc (%):   38.01
2024-05-31 01:56:56,091 - INFO -  Top 10	LocEnc acc (%):   52.16
