2024-05-24 05:33:18,212 - INFO - 
num_classes	555
2024-05-24 05:33:18,212 - INFO - num train    	22599
2024-05-24 05:33:18,212 - INFO - num val      	1100
2024-05-24 05:33:18,212 - INFO - train loss   	full_loss
2024-05-24 05:33:18,212 - INFO - model name   	../models/sphere2vec_sphereM/model_nabirds_ebird_meta_Sphere2Vec-sphereM_inception_v3_0.0010_32_0.0010000_1_512.pth.tar
2024-05-24 05:33:18,212 - INFO - num users    	5331
2024-05-24 05:33:18,212 - INFO - meta data    	ebird_meta
2024-05-24 05:33:18,468 - INFO - 
Epoch	0
2024-05-24 05:33:27,844 - INFO - [22528/22599]	Loss  : 1.9045
2024-05-24 05:33:28,514 - INFO - Test loss   : 0.7827
2024-05-24 05:33:28,514 - INFO - 
Epoch	1
2024-05-24 05:33:38,155 - INFO - [22528/22599]	Loss  : 1.4307
2024-05-24 05:33:38,527 - INFO - Test loss   : 0.7593
2024-05-24 05:33:38,527 - INFO - 
Epoch	2
2024-05-24 05:33:48,211 - INFO - [22528/22599]	Loss  : 1.2592
2024-05-24 05:33:48,520 - INFO - Test loss   : 0.7286
2024-05-24 05:33:48,520 - INFO - 
Epoch	3
2024-05-24 05:33:58,389 - INFO - [22528/22599]	Loss  : 1.1521
2024-05-24 05:33:58,717 - INFO - Test loss   : 0.6304
2024-05-24 05:33:58,717 - INFO - 
Epoch	4
2024-05-24 05:34:08,179 - INFO - [22528/22599]	Loss  : 1.0854
2024-05-24 05:34:08,619 - INFO - Test loss   : 0.5708
2024-05-24 05:34:08,619 - INFO - 
Epoch	5
2024-05-24 05:34:18,051 - INFO - [22528/22599]	Loss  : 1.0481
2024-05-24 05:34:18,532 - INFO - Test loss   : 0.5385
2024-05-24 05:34:18,533 - INFO - 
Epoch	6
2024-05-24 05:34:28,259 - INFO - [22528/22599]	Loss  : 1.0197
2024-05-24 05:34:28,971 - INFO - Test loss   : 0.5233
2024-05-24 05:34:28,971 - INFO - 
Epoch	7
2024-05-24 05:34:37,922 - INFO - [22528/22599]	Loss  : 0.9999
2024-05-24 05:34:38,548 - INFO - Test loss   : 0.5129
2024-05-24 05:34:38,548 - INFO - 
Epoch	8
2024-05-24 05:34:48,162 - INFO - [22528/22599]	Loss  : 0.9779
2024-05-24 05:34:48,747 - INFO - Test loss   : 0.5070
2024-05-24 05:34:48,747 - INFO - 
Epoch	9
2024-05-24 05:34:58,817 - INFO - [22528/22599]	Loss  : 0.9568
2024-05-24 05:34:59,254 - INFO - Test loss   : 0.5116
2024-05-24 05:34:59,254 - INFO - 
Epoch	10
2024-05-24 05:35:08,936 - INFO - [22528/22599]	Loss  : 0.9437
2024-05-24 05:35:09,547 - INFO - Test loss   : 0.4990
2024-05-24 05:35:09,558 - INFO - (1100,)
2024-05-24 05:35:09,605 - INFO -  Split ID: 0
2024-05-24 05:35:09,606 - INFO -  Top 1	LocEnc (Epoch 10)acc (%):   1.45
2024-05-24 05:35:09,606 - INFO -  Top 3	LocEnc (Epoch 10)acc (%):   5.18
2024-05-24 05:35:09,606 - INFO -  Top 5	LocEnc (Epoch 10)acc (%):   8.18
2024-05-24 05:35:09,606 - INFO -  Top 10	LocEnc (Epoch 10)acc (%):   13.18
2024-05-24 05:35:09,606 - INFO - 
No prior
2024-05-24 05:35:09,634 - INFO - (24633,)
2024-05-24 05:35:10,327 - INFO -  Split ID: 0
2024-05-24 05:35:10,327 - INFO -  Top 1	(Epoch 10)acc (%):   76.08
2024-05-24 05:35:10,327 - INFO -  Top 3	(Epoch 10)acc (%):   90.98
2024-05-24 05:35:10,327 - INFO -  Top 5	(Epoch 10)acc (%):   94.06
2024-05-24 05:35:10,327 - INFO -  Top 10	(Epoch 10)acc (%):   96.83
2024-05-24 05:35:29,442 - INFO -  Split ID: 0
2024-05-24 05:35:29,443 - INFO -  Top 1	(Epoch 10)acc (%):   81.18
2024-05-24 05:35:29,443 - INFO -  Top 3	(Epoch 10)acc (%):   93.3
2024-05-24 05:35:29,443 - INFO -  Top 5	(Epoch 10)acc (%):   95.76
2024-05-24 05:35:29,443 - INFO -  Top 10	(Epoch 10)acc (%):   97.87
2024-05-24 05:35:29,443 - INFO - 
Epoch	11
2024-05-24 05:35:39,487 - INFO - [22528/22599]	Loss  : 0.9275
2024-05-24 05:35:39,918 - INFO - Test loss   : 0.5097
2024-05-24 05:35:39,918 - INFO - 
Epoch	12
2024-05-24 05:35:49,542 - INFO - [22528/22599]	Loss  : 0.9161
2024-05-24 05:35:49,868 - INFO - Test loss   : 0.5094
2024-05-24 05:35:49,868 - INFO - 
Epoch	13
2024-05-24 05:35:59,551 - INFO - [22528/22599]	Loss  : 0.9035
2024-05-24 05:35:59,882 - INFO - Test loss   : 0.5122
2024-05-24 05:35:59,882 - INFO - 
Epoch	14
2024-05-24 05:36:10,318 - INFO - [22528/22599]	Loss  : 0.8986
2024-05-24 05:36:10,893 - INFO - Test loss   : 0.5144
2024-05-24 05:36:10,893 - INFO - 
Epoch	15
2024-05-24 05:36:20,486 - INFO - [22528/22599]	Loss  : 0.8862
2024-05-24 05:36:20,917 - INFO - Test loss   : 0.5209
2024-05-24 05:36:20,917 - INFO - 
Epoch	16
2024-05-24 05:36:30,807 - INFO - [22528/22599]	Loss  : 0.8787
2024-05-24 05:36:31,225 - INFO - Test loss   : 0.5296
2024-05-24 05:36:31,225 - INFO - 
Epoch	17
2024-05-24 05:36:41,087 - INFO - [22528/22599]	Loss  : 0.8699
2024-05-24 05:36:41,463 - INFO - Test loss   : 0.5366
2024-05-24 05:36:41,463 - INFO - 
Epoch	18
2024-05-24 05:36:50,851 - INFO - [22528/22599]	Loss  : 0.8646
2024-05-24 05:36:51,237 - INFO - Test loss   : 0.5357
2024-05-24 05:36:51,237 - INFO - 
Epoch	19
2024-05-24 05:37:00,686 - INFO - [22528/22599]	Loss  : 0.8523
2024-05-24 05:37:01,073 - INFO - Test loss   : 0.5439
2024-05-24 05:37:01,073 - INFO - 
Epoch	20
2024-05-24 05:37:11,243 - INFO - [22528/22599]	Loss  : 0.8445
2024-05-24 05:37:11,723 - INFO - Test loss   : 0.5594
2024-05-24 05:37:11,742 - INFO - (1100,)
2024-05-24 05:37:12,148 - INFO -  Split ID: 0
2024-05-24 05:37:12,149 - INFO -  Top 1	LocEnc (Epoch 20)acc (%):   2.55
2024-05-24 05:37:12,149 - INFO -  Top 3	LocEnc (Epoch 20)acc (%):   7.09
2024-05-24 05:37:12,149 - INFO -  Top 5	LocEnc (Epoch 20)acc (%):   9.64
2024-05-24 05:37:12,149 - INFO -  Top 10	LocEnc (Epoch 20)acc (%):   15.82
2024-05-24 05:37:12,149 - INFO - 
No prior
2024-05-24 05:37:12,310 - INFO - (24633,)
2024-05-24 05:37:15,181 - INFO -  Split ID: 0
2024-05-24 05:37:15,182 - INFO -  Top 1	(Epoch 20)acc (%):   76.08
2024-05-24 05:37:15,182 - INFO -  Top 3	(Epoch 20)acc (%):   90.98
2024-05-24 05:37:15,182 - INFO -  Top 5	(Epoch 20)acc (%):   94.06
2024-05-24 05:37:15,182 - INFO -  Top 10	(Epoch 20)acc (%):   96.83
2024-05-24 05:37:34,455 - INFO -  Split ID: 0
2024-05-24 05:37:34,455 - INFO -  Top 1	(Epoch 20)acc (%):   81.71
2024-05-24 05:37:34,455 - INFO -  Top 3	(Epoch 20)acc (%):   93.6
2024-05-24 05:37:34,455 - INFO -  Top 5	(Epoch 20)acc (%):   95.85
2024-05-24 05:37:34,455 - INFO -  Top 10	(Epoch 20)acc (%):   97.84
2024-05-24 05:37:34,461 - INFO - 
Epoch	21
2024-05-24 05:37:43,785 - INFO - [22528/22599]	Loss  : 0.8389
2024-05-24 05:37:44,248 - INFO - Test loss   : 0.5643
2024-05-24 05:37:44,248 - INFO - 
Epoch	22
2024-05-24 05:37:54,287 - INFO - [22528/22599]	Loss  : 0.8366
2024-05-24 05:37:54,951 - INFO - Test loss   : 0.5788
2024-05-24 05:37:54,951 - INFO - 
Epoch	23
2024-05-24 05:38:04,565 - INFO - [22528/22599]	Loss  : 0.8296
2024-05-24 05:38:05,035 - INFO - Test loss   : 0.5826
2024-05-24 05:38:05,035 - INFO - 
Epoch	24
2024-05-24 05:38:14,164 - INFO - [22528/22599]	Loss  : 0.8195
2024-05-24 05:38:14,794 - INFO - Test loss   : 0.5902
2024-05-24 05:38:14,794 - INFO - 
Epoch	25
2024-05-24 05:38:23,964 - INFO - [22528/22599]	Loss  : 0.8161
2024-05-24 05:38:24,682 - INFO - Test loss   : 0.6070
2024-05-24 05:38:24,682 - INFO - 
Epoch	26
2024-05-24 05:38:34,188 - INFO - [22528/22599]	Loss  : 0.8102
2024-05-24 05:38:34,730 - INFO - Test loss   : 0.6010
2024-05-24 05:38:34,730 - INFO - 
Epoch	27
2024-05-24 05:38:44,387 - INFO - [22528/22599]	Loss  : 0.8059
2024-05-24 05:38:44,796 - INFO - Test loss   : 0.6238
2024-05-24 05:38:44,796 - INFO - 
Epoch	28
2024-05-24 05:38:54,752 - INFO - [22528/22599]	Loss  : 0.8007
2024-05-24 05:38:55,183 - INFO - Test loss   : 0.6210
2024-05-24 05:38:55,183 - INFO - 
Epoch	29
2024-05-24 05:39:05,141 - INFO - [22528/22599]	Loss  : 0.7989
2024-05-24 05:39:05,300 - INFO - Test loss   : 0.6279
2024-05-24 05:39:05,300 - INFO - Saving output model to ../models/sphere2vec_sphereM/model_nabirds_ebird_meta_Sphere2Vec-sphereM_inception_v3_0.0010_32_0.0010000_1_512.pth.tar
2024-05-24 05:39:05,319 - INFO - Saving output model to ../models/sphere2vec_sphereM/model_nabirds_ebird_meta_Sphere2Vec-sphereM_inception_v3_0.0010_32_0.0010000_1_512.pth.tar
2024-05-24 05:39:05,383 - INFO - 
No prior
2024-05-24 05:39:05,413 - INFO - (24633,)
2024-05-24 05:39:06,097 - INFO -  Split ID: 0
2024-05-24 05:39:06,097 - INFO -  Top 1	acc (%):   76.08
2024-05-24 05:39:06,097 - INFO -  Top 3	acc (%):   90.98
2024-05-24 05:39:06,097 - INFO -  Top 5	acc (%):   94.06
2024-05-24 05:39:06,097 - INFO -  Top 10	acc (%):   96.83
2024-05-24 05:39:25,181 - INFO -  Split ID: 0
2024-05-24 05:39:25,181 - INFO -  Top 1	acc (%):   81.86
2024-05-24 05:39:25,181 - INFO -  Top 3	acc (%):   93.55
2024-05-24 05:39:25,181 - INFO -  Top 5	acc (%):   95.89
2024-05-24 05:39:25,181 - INFO -  Top 10	acc (%):   97.83
2024-05-24 05:39:25,187 - INFO - 
Sphere2Vec-sphereM
2024-05-24 05:39:25,187 - INFO -  Model :	model_nabirds_ebird_meta_Sphere2Vec-sphereM_inception_v3_0.0010_32_0.0010000_1_512.pth.tar
2024-05-24 05:39:25,207 - INFO - (1100,)
2024-05-24 05:39:25,253 - INFO -  Split ID: 0
2024-05-24 05:39:25,253 - INFO -  Top 1	LocEnc acc (%):   2.91
2024-05-24 05:39:25,253 - INFO -  Top 3	LocEnc acc (%):   7.18
2024-05-24 05:39:25,253 - INFO -  Top 5	LocEnc acc (%):   10.0
2024-05-24 05:39:25,254 - INFO -  Top 10	LocEnc acc (%):   17.09
