2024-05-24 02:08:38,416 - INFO - 
num_classes	500
2024-05-24 02:08:38,416 - INFO - num train    	42490
2024-05-24 02:08:38,416 - INFO - num val      	980
2024-05-24 02:08:38,416 - INFO - train loss   	full_loss
2024-05-24 02:08:38,416 - INFO - model name   	../models/sphere2vec_sphereM/model_birdsnap_ebird_meta_Sphere2Vec-sphereM_inception_v3_0.0010_64_0.0010000_1_512.pth.tar
2024-05-24 02:08:38,416 - INFO - num users    	5763
2024-05-24 02:08:38,416 - INFO - meta data    	ebird_meta
2024-05-24 02:08:38,625 - INFO - 
Epoch	0
2024-05-24 02:08:58,652 - INFO - [41984/42490]	Loss  : 1.6865
2024-05-24 02:08:58,932 - INFO - Test loss   : 0.7063
2024-05-24 02:08:58,933 - INFO - 
Epoch	1
2024-05-24 02:09:18,894 - INFO - [41984/42490]	Loss  : 1.1828
2024-05-24 02:09:19,183 - INFO - Test loss   : 0.4485
2024-05-24 02:09:19,183 - INFO - 
Epoch	2
2024-05-24 02:09:34,039 - INFO - [41984/42490]	Loss  : 1.0067
2024-05-24 02:09:34,504 - INFO - Test loss   : 0.3591
2024-05-24 02:09:34,504 - INFO - 
Epoch	3
2024-05-24 02:09:53,745 - INFO - [41984/42490]	Loss  : 0.9406
2024-05-24 02:09:54,011 - INFO - Test loss   : 0.3311
2024-05-24 02:09:54,012 - INFO - 
Epoch	4
2024-05-24 02:10:11,893 - INFO - [41984/42490]	Loss  : 0.8945
2024-05-24 02:10:12,316 - INFO - Test loss   : 0.3194
2024-05-24 02:10:12,317 - INFO - 
Epoch	5
2024-05-24 02:10:31,636 - INFO - [41984/42490]	Loss  : 0.8648
2024-05-24 02:10:31,903 - INFO - Test loss   : 0.3127
2024-05-24 02:10:31,903 - INFO - 
Epoch	6
2024-05-24 02:10:50,666 - INFO - [41984/42490]	Loss  : 0.8430
2024-05-24 02:10:51,041 - INFO - Test loss   : 0.3076
2024-05-24 02:10:51,041 - INFO - 
Epoch	7
2024-05-24 02:11:08,326 - INFO - [41984/42490]	Loss  : 0.8253
2024-05-24 02:11:08,568 - INFO - Test loss   : 0.3091
2024-05-24 02:11:08,568 - INFO - 
Epoch	8
2024-05-24 02:11:27,966 - INFO - [41984/42490]	Loss  : 0.8094
2024-05-24 02:11:28,291 - INFO - Test loss   : 0.3071
2024-05-24 02:11:28,291 - INFO - 
Epoch	9
2024-05-24 02:11:47,971 - INFO - [41984/42490]	Loss  : 0.7975
2024-05-24 02:11:48,247 - INFO - Test loss   : 0.3136
2024-05-24 02:11:48,247 - INFO - 
Epoch	10
2024-05-24 02:12:07,582 - INFO - [41984/42490]	Loss  : 0.7855
2024-05-24 02:12:07,851 - INFO - Test loss   : 0.3146
2024-05-24 02:12:07,863 - INFO - (980,)
2024-05-24 02:12:07,901 - INFO -  Split ID: 0
2024-05-24 02:12:07,901 - INFO -  Top 1	LocEnc (Epoch 10)acc (%):   4.9
2024-05-24 02:12:07,902 - INFO -  Top 3	LocEnc (Epoch 10)acc (%):   11.43
2024-05-24 02:12:07,902 - INFO -  Top 5	LocEnc (Epoch 10)acc (%):   17.35
2024-05-24 02:12:07,902 - INFO -  Top 10	LocEnc (Epoch 10)acc (%):   28.06
2024-05-24 02:12:07,902 - INFO - 
No prior
2024-05-24 02:12:07,903 - INFO - (2262,)
2024-05-24 02:12:08,040 - INFO -  Split ID: 0
2024-05-24 02:12:08,040 - INFO -  Top 1	(Epoch 10)acc (%):   70.07
2024-05-24 02:12:08,040 - INFO -  Top 3	(Epoch 10)acc (%):   86.6
2024-05-24 02:12:08,040 - INFO -  Top 5	(Epoch 10)acc (%):   90.05
2024-05-24 02:12:08,040 - INFO -  Top 10	(Epoch 10)acc (%):   92.88
2024-05-24 02:12:09,953 - INFO -  Split ID: 0
2024-05-24 02:12:09,954 - INFO -  Top 1	(Epoch 10)acc (%):   79.0
2024-05-24 02:12:09,954 - INFO -  Top 3	(Epoch 10)acc (%):   91.29
2024-05-24 02:12:09,954 - INFO -  Top 5	(Epoch 10)acc (%):   93.41
2024-05-24 02:12:09,954 - INFO -  Top 10	(Epoch 10)acc (%):   95.89
2024-05-24 02:12:09,954 - INFO - 
Epoch	11
2024-05-24 02:12:27,109 - INFO - [41984/42490]	Loss  : 0.7759
2024-05-24 02:12:27,776 - INFO - Test loss   : 0.3144
2024-05-24 02:12:27,776 - INFO - 
Epoch	12
2024-05-24 02:12:45,035 - INFO - [41984/42490]	Loss  : 0.7673
2024-05-24 02:12:45,291 - INFO - Test loss   : 0.3151
2024-05-24 02:12:45,292 - INFO - 
Epoch	13
2024-05-24 02:13:04,036 - INFO - [41984/42490]	Loss  : 0.7586
2024-05-24 02:13:04,334 - INFO - Test loss   : 0.3214
2024-05-24 02:13:04,334 - INFO - 
Epoch	14
2024-05-24 02:13:23,192 - INFO - [41984/42490]	Loss  : 0.7483
2024-05-24 02:13:23,415 - INFO - Test loss   : 0.3270
2024-05-24 02:13:23,416 - INFO - 
Epoch	15
2024-05-24 02:13:41,890 - INFO - [41984/42490]	Loss  : 0.7426
2024-05-24 02:13:42,155 - INFO - Test loss   : 0.3348
2024-05-24 02:13:42,156 - INFO - 
Epoch	16
2024-05-24 02:14:01,166 - INFO - [41984/42490]	Loss  : 0.7340
2024-05-24 02:14:01,429 - INFO - Test loss   : 0.3401
2024-05-24 02:14:01,429 - INFO - 
Epoch	17
2024-05-24 02:14:21,601 - INFO - [41984/42490]	Loss  : 0.7282
2024-05-24 02:14:21,866 - INFO - Test loss   : 0.3454
2024-05-24 02:14:21,866 - INFO - 
Epoch	18
2024-05-24 02:14:41,760 - INFO - [41984/42490]	Loss  : 0.7229
2024-05-24 02:14:42,024 - INFO - Test loss   : 0.3527
2024-05-24 02:14:42,024 - INFO - 
Epoch	19
2024-05-24 02:15:00,076 - INFO - [41984/42490]	Loss  : 0.7149
2024-05-24 02:15:00,769 - INFO - Test loss   : 0.3486
2024-05-24 02:15:00,770 - INFO - 
Epoch	20
2024-05-24 02:15:17,938 - INFO - [41984/42490]	Loss  : 0.7103
2024-05-24 02:15:18,282 - INFO - Test loss   : 0.3614
2024-05-24 02:15:18,293 - INFO - (980,)
2024-05-24 02:15:18,329 - INFO -  Split ID: 0
2024-05-24 02:15:18,329 - INFO -  Top 1	LocEnc (Epoch 20)acc (%):   5.71
2024-05-24 02:15:18,330 - INFO -  Top 3	LocEnc (Epoch 20)acc (%):   13.47
2024-05-24 02:15:18,330 - INFO -  Top 5	LocEnc (Epoch 20)acc (%):   18.67
2024-05-24 02:15:18,330 - INFO -  Top 10	LocEnc (Epoch 20)acc (%):   28.16
2024-05-24 02:15:18,330 - INFO - 
No prior
2024-05-24 02:15:18,331 - INFO - (2262,)
2024-05-24 02:15:18,384 - INFO -  Split ID: 0
2024-05-24 02:15:18,384 - INFO -  Top 1	(Epoch 20)acc (%):   70.07
2024-05-24 02:15:18,385 - INFO -  Top 3	(Epoch 20)acc (%):   86.6
2024-05-24 02:15:18,385 - INFO -  Top 5	(Epoch 20)acc (%):   90.05
2024-05-24 02:15:18,385 - INFO -  Top 10	(Epoch 20)acc (%):   92.88
2024-05-24 02:15:20,230 - INFO -  Split ID: 0
2024-05-24 02:15:20,230 - INFO -  Top 1	(Epoch 20)acc (%):   79.71
2024-05-24 02:15:20,231 - INFO -  Top 3	(Epoch 20)acc (%):   91.42
2024-05-24 02:15:20,231 - INFO -  Top 5	(Epoch 20)acc (%):   94.03
2024-05-24 02:15:20,231 - INFO -  Top 10	(Epoch 20)acc (%):   96.11
2024-05-24 02:15:20,231 - INFO - 
Epoch	21
2024-05-24 02:15:39,202 - INFO - [41984/42490]	Loss  : 0.7057
2024-05-24 02:15:39,465 - INFO - Test loss   : 0.3655
2024-05-24 02:15:39,465 - INFO - 
Epoch	22
2024-05-24 02:15:58,372 - INFO - [41984/42490]	Loss  : 0.6996
2024-05-24 02:15:58,787 - INFO - Test loss   : 0.3785
2024-05-24 02:15:58,787 - INFO - 
Epoch	23
2024-05-24 02:16:18,493 - INFO - [41984/42490]	Loss  : 0.6928
2024-05-24 02:16:18,768 - INFO - Test loss   : 0.3802
2024-05-24 02:16:18,768 - INFO - 
Epoch	24
2024-05-24 02:16:39,867 - INFO - [41984/42490]	Loss  : 0.6906
2024-05-24 02:16:40,182 - INFO - Test loss   : 0.3881
2024-05-24 02:16:40,182 - INFO - 
Epoch	25
2024-05-24 02:16:58,419 - INFO - [41984/42490]	Loss  : 0.6881
2024-05-24 02:16:58,817 - INFO - Test loss   : 0.3829
2024-05-24 02:16:58,817 - INFO - 
Epoch	26
2024-05-24 02:17:17,852 - INFO - [41984/42490]	Loss  : 0.6818
2024-05-24 02:17:18,136 - INFO - Test loss   : 0.3899
2024-05-24 02:17:18,136 - INFO - 
Epoch	27
2024-05-24 02:17:35,757 - INFO - [41984/42490]	Loss  : 0.6795
2024-05-24 02:17:36,051 - INFO - Test loss   : 0.3934
2024-05-24 02:17:36,051 - INFO - 
Epoch	28
2024-05-24 02:17:55,125 - INFO - [41984/42490]	Loss  : 0.6730
2024-05-24 02:17:55,547 - INFO - Test loss   : 0.4129
2024-05-24 02:17:55,547 - INFO - 
Epoch	29
2024-05-24 02:18:16,478 - INFO - [41984/42490]	Loss  : 0.6709
2024-05-24 02:18:16,984 - INFO - Test loss   : 0.4111
2024-05-24 02:18:16,984 - INFO - Saving output model to ../models/sphere2vec_sphereM/model_birdsnap_ebird_meta_Sphere2Vec-sphereM_inception_v3_0.0010_64_0.0010000_1_512.pth.tar
2024-05-24 02:18:17,002 - INFO - Saving output model to ../models/sphere2vec_sphereM/model_birdsnap_ebird_meta_Sphere2Vec-sphereM_inception_v3_0.0010_64_0.0010000_1_512.pth.tar
2024-05-24 02:18:17,049 - INFO - 
No prior
2024-05-24 02:18:17,050 - INFO - (2262,)
2024-05-24 02:18:17,102 - INFO -  Split ID: 0
2024-05-24 02:18:17,103 - INFO -  Top 1	acc (%):   70.07
2024-05-24 02:18:17,103 - INFO -  Top 3	acc (%):   86.6
2024-05-24 02:18:17,103 - INFO -  Top 5	acc (%):   90.05
2024-05-24 02:18:17,103 - INFO -  Top 10	acc (%):   92.88
2024-05-24 02:18:18,764 - INFO -  Split ID: 0
2024-05-24 02:18:18,764 - INFO -  Top 1	acc (%):   79.93
2024-05-24 02:18:18,765 - INFO -  Top 3	acc (%):   91.47
2024-05-24 02:18:18,765 - INFO -  Top 5	acc (%):   94.16
2024-05-24 02:18:18,765 - INFO -  Top 10	acc (%):   96.37
2024-05-24 02:18:18,765 - INFO - 
Sphere2Vec-sphereM
2024-05-24 02:18:18,765 - INFO -  Model :	model_birdsnap_ebird_meta_Sphere2Vec-sphereM_inception_v3_0.0010_64_0.0010000_1_512.pth.tar
2024-05-24 02:18:18,781 - INFO - (980,)
2024-05-24 02:18:18,816 - INFO -  Split ID: 0
2024-05-24 02:18:18,816 - INFO -  Top 1	LocEnc acc (%):   5.82
2024-05-24 02:18:18,816 - INFO -  Top 3	LocEnc acc (%):   13.37
2024-05-24 02:18:18,817 - INFO -  Top 5	LocEnc acc (%):   18.88
2024-05-24 02:18:18,817 - INFO -  Top 10	LocEnc acc (%):   29.29
2024-05-27 15:19:34,756 - INFO - 
num_classes	500
2024-05-27 15:19:34,772 - INFO - num train    	42490
2024-05-27 15:19:34,772 - INFO - num val      	980
2024-05-27 15:19:34,772 - INFO - train loss   	full_loss
2024-05-27 15:19:34,772 - INFO - model name   	../models/sphere2vec_sphereM/model_birdsnap_ebird_meta_Sphere2Vec-sphereM_inception_v3_0.0010_64_0.0010000_1_512.pth.tar
2024-05-27 15:19:34,772 - INFO - num users    	5763
2024-05-27 15:19:34,772 - INFO - meta data    	ebird_meta
2024-05-27 15:19:35,014 - INFO - 
Epoch	0
2024-05-27 15:20:49,447 - INFO - [41984/42490]	Loss  : 1.6750
2024-05-27 15:20:51,227 - INFO - Test loss   : 0.6893
2024-05-27 15:20:51,227 - INFO - 
Epoch	1
2024-05-27 15:22:06,341 - INFO - [41984/42490]	Loss  : 1.1807
2024-05-27 15:22:07,945 - INFO - Test loss   : 0.4481
2024-05-27 15:22:07,945 - INFO - 
Epoch	2
2024-05-27 15:23:21,539 - INFO - [41984/42490]	Loss  : 1.0118
2024-05-27 15:23:23,208 - INFO - Test loss   : 0.3594
2024-05-27 15:23:23,209 - INFO - 
Epoch	3
2024-05-27 15:24:36,856 - INFO - [41984/42490]	Loss  : 0.9415
2024-05-27 15:24:38,539 - INFO - Test loss   : 0.3335
2024-05-27 15:24:38,539 - INFO - 
Epoch	4
2024-05-27 15:25:51,895 - INFO - [41984/42490]	Loss  : 0.8984
2024-05-27 15:25:53,567 - INFO - Test loss   : 0.3198
2024-05-27 15:25:53,568 - INFO - 
Epoch	5
2024-05-27 15:27:07,030 - INFO - [41984/42490]	Loss  : 0.8686
2024-05-27 15:27:08,706 - INFO - Test loss   : 0.3142
2024-05-27 15:27:08,706 - INFO - 
Epoch	6
2024-05-27 15:28:23,693 - INFO - [41984/42490]	Loss  : 0.8444
2024-05-27 15:28:25,467 - INFO - Test loss   : 0.3135
2024-05-27 15:28:25,467 - INFO - 
Epoch	7
2024-05-27 15:29:39,697 - INFO - [41984/42490]	Loss  : 0.8267
2024-05-27 15:29:41,492 - INFO - Test loss   : 0.3104
2024-05-27 15:29:41,492 - INFO - 
Epoch	8
2024-05-27 15:30:56,297 - INFO - [41984/42490]	Loss  : 0.8128
2024-05-27 15:30:57,982 - INFO - Test loss   : 0.3044
2024-05-27 15:30:57,982 - INFO - 
Epoch	9
2024-05-27 15:32:12,058 - INFO - [41984/42490]	Loss  : 0.7986
2024-05-27 15:32:13,744 - INFO - Test loss   : 0.3132
2024-05-27 15:32:13,744 - INFO - 
Epoch	10
2024-05-27 15:33:28,410 - INFO - [41984/42490]	Loss  : 0.7884
2024-05-27 15:33:30,093 - INFO - Test loss   : 0.3136
2024-05-27 15:33:30,093 - INFO - 
Epoch	11
2024-05-27 15:34:45,440 - INFO - [41984/42490]	Loss  : 0.7755
2024-05-27 15:34:47,144 - INFO - Test loss   : 0.3175
2024-05-27 15:34:47,144 - INFO - 
Epoch	12
2024-05-27 15:36:00,489 - INFO - [41984/42490]	Loss  : 0.7679
2024-05-27 15:36:02,149 - INFO - Test loss   : 0.3160
2024-05-27 15:36:02,149 - INFO - 
Epoch	13
2024-05-27 15:37:15,994 - INFO - [41984/42490]	Loss  : 0.7587
2024-05-27 15:37:17,711 - INFO - Test loss   : 0.3212
2024-05-27 15:37:17,712 - INFO - 
Epoch	14
2024-05-27 15:38:31,876 - INFO - [41984/42490]	Loss  : 0.7508
2024-05-27 15:38:33,657 - INFO - Test loss   : 0.3293
2024-05-27 15:38:33,657 - INFO - 
Epoch	15
2024-05-27 15:39:47,982 - INFO - [41984/42490]	Loss  : 0.7433
2024-05-27 15:39:49,666 - INFO - Test loss   : 0.3341
2024-05-27 15:39:49,666 - INFO - 
Epoch	16
2024-05-27 15:41:03,934 - INFO - [41984/42490]	Loss  : 0.7372
2024-05-27 15:41:05,619 - INFO - Test loss   : 0.3336
2024-05-27 15:41:05,619 - INFO - 
Epoch	17
2024-05-27 15:42:19,864 - INFO - [41984/42490]	Loss  : 0.7300
2024-05-27 15:42:21,572 - INFO - Test loss   : 0.3383
2024-05-27 15:42:21,578 - INFO - 
Epoch	18
2024-05-27 15:43:35,764 - INFO - [41984/42490]	Loss  : 0.7225
2024-05-27 15:43:37,534 - INFO - Test loss   : 0.3506
2024-05-27 15:43:37,534 - INFO - 
Epoch	19
2024-05-27 15:44:51,813 - INFO - [41984/42490]	Loss  : 0.7160
2024-05-27 15:44:53,523 - INFO - Test loss   : 0.3516
2024-05-27 15:44:53,523 - INFO - 
Epoch	20
2024-05-27 15:46:08,183 - INFO - [41984/42490]	Loss  : 0.7104
2024-05-27 15:46:09,908 - INFO - Test loss   : 0.3552
2024-05-27 15:46:09,908 - INFO - 
Epoch	21
2024-05-27 15:47:23,962 - INFO - [41984/42490]	Loss  : 0.7075
2024-05-27 15:47:25,644 - INFO - Test loss   : 0.3619
2024-05-27 15:47:25,644 - INFO - 
Epoch	22
2024-05-27 15:48:37,857 - INFO - [41984/42490]	Loss  : 0.7010
2024-05-27 15:48:39,514 - INFO - Test loss   : 0.3693
2024-05-27 15:48:39,515 - INFO - 
Epoch	23
2024-05-27 15:49:53,591 - INFO - [41984/42490]	Loss  : 0.6954
2024-05-27 15:49:55,274 - INFO - Test loss   : 0.3737
2024-05-27 15:49:55,275 - INFO - 
Epoch	24
2024-05-27 15:51:09,281 - INFO - [41984/42490]	Loss  : 0.6920
2024-05-27 15:51:10,959 - INFO - Test loss   : 0.3775
2024-05-27 15:51:10,959 - INFO - 
Epoch	25
2024-05-27 15:52:25,097 - INFO - [41984/42490]	Loss  : 0.6857
2024-05-27 15:52:26,689 - INFO - Test loss   : 0.3947
2024-05-27 15:52:26,695 - INFO - 
Epoch	26
2024-05-27 15:53:40,786 - INFO - [41984/42490]	Loss  : 0.6840
2024-05-27 15:53:42,454 - INFO - Test loss   : 0.3901
2024-05-27 15:53:42,454 - INFO - 
Epoch	27
2024-05-27 15:54:56,679 - INFO - [41984/42490]	Loss  : 0.6814
2024-05-27 15:54:58,358 - INFO - Test loss   : 0.3958
2024-05-27 15:54:58,358 - INFO - 
Epoch	28
2024-05-27 15:56:12,409 - INFO - [41984/42490]	Loss  : 0.6749
2024-05-27 15:56:14,182 - INFO - Test loss   : 0.4066
2024-05-27 15:56:14,182 - INFO - 
Epoch	29
2024-05-27 15:57:28,333 - INFO - [41984/42490]	Loss  : 0.6724
2024-05-27 15:57:29,998 - INFO - Test loss   : 0.4093
2024-05-27 15:57:29,998 - INFO - Saving output model to ../models/sphere2vec_sphereM/model_birdsnap_ebird_meta_Sphere2Vec-sphereM_inception_v3_0.0010_64_0.0010000_1_512.pth.tar
2024-05-27 15:57:30,067 - INFO - Saving output model to ../models/sphere2vec_sphereM/model_birdsnap_ebird_meta_Sphere2Vec-sphereM_inception_v3_0.0010_64_0.0010000_1_512.pth.tar
2024-05-27 15:57:30,141 - INFO - 
No prior
2024-05-27 15:57:30,142 - INFO - (2262,)
2024-05-27 15:57:30,223 - INFO -  Split ID: 0
2024-05-27 15:57:30,223 - INFO -  Top 1	acc (%):   70.07
2024-05-27 15:57:30,224 - INFO -  Top 3	acc (%):   86.6
2024-05-27 15:57:30,224 - INFO -  Top 5	acc (%):   90.05
2024-05-27 15:57:30,224 - INFO -  Top 10	acc (%):   92.88
2024-05-27 15:57:35,450 - INFO -  Split ID: 0
2024-05-27 15:57:35,451 - INFO -  Top 1	acc (%):   79.75
2024-05-27 15:57:35,451 - INFO -  Top 3	acc (%):   91.47
2024-05-27 15:57:35,451 - INFO -  Top 5	acc (%):   93.81
2024-05-27 15:57:35,451 - INFO -  Top 10	acc (%):   96.24
2024-05-27 15:57:35,451 - INFO - 
Only Sphere2Vec-sphereM
2024-05-27 15:57:35,451 - INFO -  Model :	model_birdsnap_ebird_meta_Sphere2Vec-sphereM_inception_v3_0.0010_64_0.0010000_1_512.pth.tar
2024-05-27 15:57:35,483 - INFO - (980,)
2024-05-27 15:57:35,523 - INFO -  Split ID: 0
2024-05-27 15:57:35,524 - INFO -  Top 1	LocEnc acc (%):   6.73
2024-05-27 15:57:35,524 - INFO -  Top 3	LocEnc acc (%):   15.31
2024-05-27 15:57:35,525 - INFO -  Top 5	LocEnc acc (%):   20.92
2024-05-27 15:57:35,525 - INFO -  Top 10	LocEnc acc (%):   30.41
2024-05-30 19:44:39,937 - INFO - 
num_classes	500
2024-05-30 19:44:39,944 - INFO - num train    	42490
2024-05-30 19:44:39,944 - INFO - num val      	980
2024-05-30 19:44:39,944 - INFO - train loss   	full_loss
2024-05-30 19:44:39,944 - INFO - model name   	../models/sphere2vec_sphereM/model_birdsnap_ebird_meta_Sphere2Vec-sphereM_inception_v3_0.0010_64_0.0010000_1_512.pth.tar
2024-05-30 19:44:39,944 - INFO - num users    	5763
2024-05-30 19:44:39,944 - INFO - meta data    	ebird_meta
2024-05-30 19:44:40,136 - INFO - 
Only Sphere2Vec-sphereM
2024-05-30 19:44:40,136 - INFO -  Model :	model_birdsnap_ebird_meta_Sphere2Vec-sphereM_inception_v3_0.0010_64_0.0010000_1_512.pth.tar
2024-05-30 19:44:40,236 - INFO - Saving output model to ../models/sphere2vec_sphereM/model_birdsnap_ebird_meta_Sphere2Vec-sphereM_inception_v3_0.0010_64_0.0010000_1_512.pth.tar
2024-05-30 19:44:40,287 - INFO - Saving output model to ../models/sphere2vec_sphereM/model_birdsnap_ebird_meta_Sphere2Vec-sphereM_inception_v3_0.0010_64_0.0010000_1_512.pth.tar
2024-05-30 19:44:40,336 - INFO - 
No prior
2024-05-30 19:44:40,337 - INFO - (2262,)
2024-05-30 19:44:40,454 - INFO - Save results to ../eval_results/eval_birdsnap_ebird_meta_test_no_prior.csv
2024-05-30 19:44:40,454 - INFO -  Split ID: 0
2024-05-30 19:44:40,454 - INFO -  Top 1	acc (%):   70.07
2024-05-30 19:44:40,454 - INFO -  Top 3	acc (%):   86.6
2024-05-30 19:44:40,454 - INFO -  Top 5	acc (%):   90.05
2024-05-30 19:44:40,454 - INFO -  Top 10	acc (%):   92.88
2024-05-30 19:44:42,097 - INFO -  Split ID: 0
2024-05-30 19:44:42,097 - INFO -  Top 1	hit (%):   79.75
2024-05-30 19:44:42,097 - INFO -  Top 3	hit (%):   91.47
2024-05-30 19:44:42,097 - INFO -  Top 5	hit (%):   93.81
2024-05-30 19:44:42,097 - INFO -  Top 10	hit (%):   96.24
2024-05-30 19:44:42,097 - INFO - 
Only Sphere2Vec-sphereM
2024-05-30 19:44:42,098 - INFO -  Model :	model_birdsnap_ebird_meta_Sphere2Vec-sphereM_inception_v3_0.0010_64_0.0010000_1_512.pth.tar
2024-05-30 19:44:42,134 - INFO - (980,)
2024-05-30 19:44:42,170 - INFO -  Split ID: 0
2024-05-30 19:44:42,171 - INFO -  Top 1	LocEnc acc (%):   6.73
2024-05-30 19:44:42,171 - INFO -  Top 3	LocEnc acc (%):   15.31
2024-05-30 19:44:42,171 - INFO -  Top 5	LocEnc acc (%):   20.92
2024-05-30 19:44:42,171 - INFO -  Top 10	LocEnc acc (%):   30.41
