2024-05-24 07:54:11,857 - INFO - 
num_classes	62
2024-05-24 07:54:11,857 - INFO - num train    	363571
2024-05-24 07:54:11,857 - INFO - num val      	53041
2024-05-24 07:54:11,857 - INFO - train loss   	full_loss
2024-05-24 07:54:11,857 - INFO - model name   	../models/sphere2vec_sphereM/model_fmow_Sphere2Vec-sphereM_inception_v3_0.0050_64_0.0001000_1_512.pth.tar
2024-05-24 07:54:11,857 - INFO - num users    	1
2024-05-24 07:54:12,100 - INFO - 
Epoch	0
2024-05-24 07:54:12,720 - INFO - [6144/363571]	Loss  : 1.9495
2024-05-24 07:54:15,416 - INFO - Test loss   : 1.0055
2024-05-24 07:54:15,417 - INFO - 
Epoch	1
2024-05-24 07:54:15,797 - INFO - [6144/363571]	Loss  : 1.6553
2024-05-24 07:54:18,880 - INFO - Test loss   : 0.7944
2024-05-24 07:54:18,880 - INFO - 
Epoch	2
2024-05-24 07:54:19,264 - INFO - [6144/363571]	Loss  : 1.5030
2024-05-24 07:54:22,381 - INFO - Test loss   : 0.7358
2024-05-24 07:54:22,381 - INFO - 
Epoch	3
2024-05-24 07:54:22,973 - INFO - [6144/363571]	Loss  : 1.4497
2024-05-24 07:54:25,626 - INFO - Test loss   : 0.7153
2024-05-24 07:54:25,626 - INFO - 
Epoch	4
2024-05-24 07:54:26,221 - INFO - [6144/363571]	Loss  : 1.4257
2024-05-24 07:54:29,132 - INFO - Test loss   : 0.6870
2024-05-24 07:54:29,132 - INFO - 
Epoch	5
2024-05-24 07:54:29,721 - INFO - [6144/363571]	Loss  : 1.4051
2024-05-24 07:54:32,576 - INFO - Test loss   : 0.6955
2024-05-24 07:54:32,576 - INFO - 
Epoch	6
2024-05-24 07:54:33,200 - INFO - [6144/363571]	Loss  : 1.3778
2024-05-24 07:54:35,839 - INFO - Test loss   : 0.7016
2024-05-24 07:54:35,839 - INFO - 
Epoch	7
2024-05-24 07:54:36,437 - INFO - [6144/363571]	Loss  : 1.3458
2024-05-24 07:54:39,614 - INFO - Test loss   : 0.7049
2024-05-24 07:54:39,615 - INFO - 
Epoch	8
2024-05-24 07:54:40,008 - INFO - [6144/363571]	Loss  : 1.3369
2024-05-24 07:54:43,181 - INFO - Test loss   : 0.7134
2024-05-24 07:54:43,181 - INFO - 
Epoch	9
2024-05-24 07:54:43,787 - INFO - [6144/363571]	Loss  : 1.3457
2024-05-24 07:54:46,454 - INFO - Test loss   : 0.6939
2024-05-24 07:54:46,455 - INFO - 
Epoch	10
2024-05-24 07:54:47,043 - INFO - [6144/363571]	Loss  : 1.3273
2024-05-24 07:54:50,186 - INFO - Test loss   : 0.6781
2024-05-24 07:54:50,785 - INFO - (53041,)
2024-05-24 07:54:50,941 - INFO -  Split ID: 0
2024-05-24 07:54:50,960 - INFO -  Top 1	LocEnc (Epoch 10)acc (%):   17.26
2024-05-24 07:54:50,962 - INFO -  Top 3	LocEnc (Epoch 10)acc (%):   28.4
2024-05-24 07:54:50,964 - INFO -  Top 5	LocEnc (Epoch 10)acc (%):   35.5
2024-05-24 07:54:50,965 - INFO -  Top 10	LocEnc (Epoch 10)acc (%):   49.21
2024-05-24 07:54:50,972 - INFO - 
No prior
2024-05-24 07:54:50,977 - INFO - (53041,)
2024-05-24 07:54:51,135 - INFO -  Split ID: 0
2024-05-24 07:54:51,135 - INFO -  Top 1	(Epoch 10)acc (%):   69.83
2024-05-24 07:54:51,135 - INFO -  Top 3	(Epoch 10)acc (%):   84.61
2024-05-24 07:54:51,135 - INFO -  Top 5	(Epoch 10)acc (%):   89.23
2024-05-24 07:54:51,135 - INFO -  Top 10	(Epoch 10)acc (%):   94.29
2024-05-24 07:55:14,782 - INFO -  Split ID: 0
2024-05-24 07:55:14,782 - INFO -  Top 1	(Epoch 10)acc (%):   70.43
2024-05-24 07:55:14,783 - INFO -  Top 3	(Epoch 10)acc (%):   85.13
2024-05-24 07:55:14,783 - INFO -  Top 5	(Epoch 10)acc (%):   89.7
2024-05-24 07:55:14,783 - INFO -  Top 10	(Epoch 10)acc (%):   94.58
2024-05-24 07:55:14,784 - INFO - 
Epoch	11
2024-05-24 07:55:15,165 - INFO - [6144/363571]	Loss  : 1.3205
2024-05-24 07:55:17,989 - INFO - Test loss   : 0.7015
2024-05-24 07:55:17,989 - INFO - 
Epoch	12
2024-05-24 07:55:18,587 - INFO - [6144/363571]	Loss  : 1.3237
2024-05-24 07:55:21,570 - INFO - Test loss   : 0.6806
2024-05-24 07:55:21,570 - INFO - 
Epoch	13
2024-05-24 07:55:22,175 - INFO - [6144/363571]	Loss  : 1.2918
2024-05-24 07:55:25,232 - INFO - Test loss   : 0.6800
2024-05-24 07:55:25,232 - INFO - 
Epoch	14
2024-05-24 07:55:25,627 - INFO - [6144/363571]	Loss  : 1.2941
2024-05-24 07:55:28,623 - INFO - Test loss   : 0.6866
2024-05-24 07:55:28,624 - INFO - 
Epoch	15
2024-05-24 07:55:29,020 - INFO - [6144/363571]	Loss  : 1.2917
2024-05-24 07:55:32,071 - INFO - Test loss   : 0.6703
2024-05-24 07:55:32,071 - INFO - 
Epoch	16
2024-05-24 07:55:32,725 - INFO - [6144/363571]	Loss  : 1.2942
2024-05-24 07:55:35,612 - INFO - Test loss   : 0.7069
2024-05-24 07:55:35,612 - INFO - 
Epoch	17
2024-05-24 07:55:35,991 - INFO - [6144/363571]	Loss  : 1.2696
2024-05-24 07:55:39,038 - INFO - Test loss   : 0.7033
2024-05-24 07:55:39,038 - INFO - 
Epoch	18
2024-05-24 07:55:39,413 - INFO - [6144/363571]	Loss  : 1.2601
2024-05-24 07:55:42,542 - INFO - Test loss   : 0.6832
2024-05-24 07:55:42,542 - INFO - 
Epoch	19
2024-05-24 07:55:42,916 - INFO - [6144/363571]	Loss  : 1.2697
2024-05-24 07:55:45,737 - INFO - Test loss   : 0.6920
2024-05-24 07:55:45,737 - INFO - 
Epoch	20
2024-05-24 07:55:46,116 - INFO - [6144/363571]	Loss  : 1.2659
2024-05-24 07:55:49,049 - INFO - Test loss   : 0.6861
2024-05-24 07:55:49,651 - INFO - (53041,)
2024-05-24 07:55:49,808 - INFO -  Split ID: 0
2024-05-24 07:55:49,827 - INFO -  Top 1	LocEnc (Epoch 20)acc (%):   18.91
2024-05-24 07:55:49,829 - INFO -  Top 3	LocEnc (Epoch 20)acc (%):   30.15
2024-05-24 07:55:49,831 - INFO -  Top 5	LocEnc (Epoch 20)acc (%):   37.62
2024-05-24 07:55:49,832 - INFO -  Top 10	LocEnc (Epoch 20)acc (%):   51.64
2024-05-24 07:55:49,840 - INFO - 
No prior
2024-05-24 07:55:49,847 - INFO - (53041,)
2024-05-24 07:55:50,003 - INFO -  Split ID: 0
2024-05-24 07:55:50,003 - INFO -  Top 1	(Epoch 20)acc (%):   69.83
2024-05-24 07:55:50,003 - INFO -  Top 3	(Epoch 20)acc (%):   84.61
2024-05-24 07:55:50,003 - INFO -  Top 5	(Epoch 20)acc (%):   89.23
2024-05-24 07:55:50,003 - INFO -  Top 10	(Epoch 20)acc (%):   94.29
2024-05-24 07:56:13,947 - INFO -  Split ID: 0
2024-05-24 07:56:13,947 - INFO -  Top 1	(Epoch 20)acc (%):   70.56
2024-05-24 07:56:13,947 - INFO -  Top 3	(Epoch 20)acc (%):   85.3
2024-05-24 07:56:13,947 - INFO -  Top 5	(Epoch 20)acc (%):   89.86
2024-05-24 07:56:13,947 - INFO -  Top 10	(Epoch 20)acc (%):   94.66
2024-05-24 07:56:13,948 - INFO - 
Epoch	21
2024-05-24 07:56:14,322 - INFO - [6144/363571]	Loss  : 1.2707
2024-05-24 07:56:17,142 - INFO - Test loss   : 0.6765
2024-05-24 07:56:17,142 - INFO - 
Epoch	22
2024-05-24 07:56:17,742 - INFO - [6144/363571]	Loss  : 1.2567
2024-05-24 07:56:20,796 - INFO - Test loss   : 0.6622
2024-05-24 07:56:20,796 - INFO - 
Epoch	23
2024-05-24 07:56:21,375 - INFO - [6144/363571]	Loss  : 1.2476
2024-05-24 07:56:24,223 - INFO - Test loss   : 0.6871
2024-05-24 07:56:24,224 - INFO - 
Epoch	24
2024-05-24 07:56:24,615 - INFO - [6144/363571]	Loss  : 1.2452
2024-05-24 07:56:27,592 - INFO - Test loss   : 0.6887
2024-05-24 07:56:27,593 - INFO - 
Epoch	25
2024-05-24 07:56:27,972 - INFO - [6144/363571]	Loss  : 1.2476
2024-05-24 07:56:30,810 - INFO - Test loss   : 0.6765
2024-05-24 07:56:30,810 - INFO - 
Epoch	26
2024-05-24 07:56:31,412 - INFO - [6144/363571]	Loss  : 1.2377
2024-05-24 07:56:34,571 - INFO - Test loss   : 0.6763
2024-05-24 07:56:34,571 - INFO - 
Epoch	27
2024-05-24 07:56:35,162 - INFO - [6144/363571]	Loss  : 1.2287
2024-05-24 07:56:38,013 - INFO - Test loss   : 0.6941
2024-05-24 07:56:38,014 - INFO - 
Epoch	28
2024-05-24 07:56:38,443 - INFO - [6144/363571]	Loss  : 1.2268
2024-05-24 07:56:41,573 - INFO - Test loss   : 0.6786
2024-05-24 07:56:41,573 - INFO - 
Epoch	29
2024-05-24 07:56:42,163 - INFO - [6144/363571]	Loss  : 1.2042
2024-05-24 07:56:45,198 - INFO - Test loss   : 0.6767
2024-05-24 07:56:45,198 - INFO - 
Epoch	30
2024-05-24 07:56:45,584 - INFO - [6144/363571]	Loss  : 1.2182
2024-05-24 07:56:48,527 - INFO - Test loss   : 0.6576
2024-05-24 07:56:49,055 - INFO - (53041,)
2024-05-24 07:56:49,208 - INFO -  Split ID: 0
2024-05-24 07:56:49,229 - INFO -  Top 1	LocEnc (Epoch 30)acc (%):   18.0
2024-05-24 07:56:49,230 - INFO -  Top 3	LocEnc (Epoch 30)acc (%):   32.03
2024-05-24 07:56:49,232 - INFO -  Top 5	LocEnc (Epoch 30)acc (%):   40.1
2024-05-24 07:56:49,234 - INFO -  Top 10	LocEnc (Epoch 30)acc (%):   53.96
2024-05-24 07:56:49,241 - INFO - 
No prior
2024-05-24 07:56:49,248 - INFO - (53041,)
2024-05-24 07:56:49,403 - INFO -  Split ID: 0
2024-05-24 07:56:49,404 - INFO -  Top 1	(Epoch 30)acc (%):   69.83
2024-05-24 07:56:49,404 - INFO -  Top 3	(Epoch 30)acc (%):   84.61
2024-05-24 07:56:49,404 - INFO -  Top 5	(Epoch 30)acc (%):   89.23
2024-05-24 07:56:49,404 - INFO -  Top 10	(Epoch 30)acc (%):   94.29
2024-05-24 07:57:13,436 - INFO -  Split ID: 0
2024-05-24 07:57:13,436 - INFO -  Top 1	(Epoch 30)acc (%):   70.67
2024-05-24 07:57:13,436 - INFO -  Top 3	(Epoch 30)acc (%):   85.39
2024-05-24 07:57:13,436 - INFO -  Top 5	(Epoch 30)acc (%):   89.95
2024-05-24 07:57:13,436 - INFO -  Top 10	(Epoch 30)acc (%):   94.76
2024-05-24 07:57:13,437 - INFO - 
Epoch	31
2024-05-24 07:57:13,817 - INFO - [6144/363571]	Loss  : 1.2213
2024-05-24 07:57:16,699 - INFO - Test loss   : 0.6757
2024-05-24 07:57:16,699 - INFO - 
Epoch	32
2024-05-24 07:57:17,291 - INFO - [6144/363571]	Loss  : 1.2257
2024-05-24 07:57:20,034 - INFO - Test loss   : 0.6850
2024-05-24 07:57:20,034 - INFO - 
Epoch	33
2024-05-24 07:57:20,413 - INFO - [6144/363571]	Loss  : 1.2133
2024-05-24 07:57:23,503 - INFO - Test loss   : 0.6643
2024-05-24 07:57:23,503 - INFO - 
Epoch	34
2024-05-24 07:57:23,943 - INFO - [6144/363571]	Loss  : 1.2104
2024-05-24 07:57:27,095 - INFO - Test loss   : 0.6876
2024-05-24 07:57:27,095 - INFO - 
Epoch	35
2024-05-24 07:57:27,689 - INFO - [6144/363571]	Loss  : 1.1967
2024-05-24 07:57:30,558 - INFO - Test loss   : 0.6884
2024-05-24 07:57:30,558 - INFO - 
Epoch	36
2024-05-24 07:57:30,953 - INFO - [6144/363571]	Loss  : 1.2031
2024-05-24 07:57:34,125 - INFO - Test loss   : 0.6520
2024-05-24 07:57:34,125 - INFO - 
Epoch	37
2024-05-24 07:57:34,722 - INFO - [6144/363571]	Loss  : 1.2046
2024-05-24 07:57:37,794 - INFO - Test loss   : 0.6731
2024-05-24 07:57:37,794 - INFO - 
Epoch	38
2024-05-24 07:57:38,172 - INFO - [6144/363571]	Loss  : 1.2086
2024-05-24 07:57:41,089 - INFO - Test loss   : 0.6741
2024-05-24 07:57:41,089 - INFO - 
Epoch	39
2024-05-24 07:57:41,691 - INFO - [6144/363571]	Loss  : 1.1861
2024-05-24 07:57:44,784 - INFO - Test loss   : 0.6609
2024-05-24 07:57:44,784 - INFO - 
Epoch	40
2024-05-24 07:57:45,215 - INFO - [6144/363571]	Loss  : 1.2040
2024-05-24 07:57:48,315 - INFO - Test loss   : 0.6750
2024-05-24 07:57:48,827 - INFO - (53041,)
2024-05-24 07:57:48,979 - INFO -  Split ID: 0
2024-05-24 07:57:48,999 - INFO -  Top 1	LocEnc (Epoch 40)acc (%):   18.96
2024-05-24 07:57:49,001 - INFO -  Top 3	LocEnc (Epoch 40)acc (%):   32.01
2024-05-24 07:57:49,003 - INFO -  Top 5	LocEnc (Epoch 40)acc (%):   39.79
2024-05-24 07:57:49,004 - INFO -  Top 10	LocEnc (Epoch 40)acc (%):   53.89
2024-05-24 07:57:49,012 - INFO - 
No prior
2024-05-24 07:57:49,018 - INFO - (53041,)
2024-05-24 07:57:49,174 - INFO -  Split ID: 0
2024-05-24 07:57:49,174 - INFO -  Top 1	(Epoch 40)acc (%):   69.83
2024-05-24 07:57:49,174 - INFO -  Top 3	(Epoch 40)acc (%):   84.61
2024-05-24 07:57:49,174 - INFO -  Top 5	(Epoch 40)acc (%):   89.23
2024-05-24 07:57:49,174 - INFO -  Top 10	(Epoch 40)acc (%):   94.29
2024-05-24 07:58:12,868 - INFO -  Split ID: 0
2024-05-24 07:58:12,868 - INFO -  Top 1	(Epoch 40)acc (%):   70.75
2024-05-24 07:58:12,868 - INFO -  Top 3	(Epoch 40)acc (%):   85.44
2024-05-24 07:58:12,868 - INFO -  Top 5	(Epoch 40)acc (%):   89.96
2024-05-24 07:58:12,868 - INFO -  Top 10	(Epoch 40)acc (%):   94.79
2024-05-24 07:58:12,869 - INFO - 
Epoch	41
2024-05-24 07:58:13,244 - INFO - [6144/363571]	Loss  : 1.1932
2024-05-24 07:58:16,313 - INFO - Test loss   : 0.6722
2024-05-24 07:58:16,313 - INFO - 
Epoch	42
2024-05-24 07:58:16,906 - INFO - [6144/363571]	Loss  : 1.1821
2024-05-24 07:58:20,049 - INFO - Test loss   : 0.6843
2024-05-24 07:58:20,049 - INFO - 
Epoch	43
2024-05-24 07:58:20,659 - INFO - [6144/363571]	Loss  : 1.1887
2024-05-24 07:58:23,313 - INFO - Test loss   : 0.6660
2024-05-24 07:58:23,313 - INFO - 
Epoch	44
2024-05-24 07:58:23,907 - INFO - [6144/363571]	Loss  : 1.1894
2024-05-24 07:58:27,056 - INFO - Test loss   : 0.6338
2024-05-24 07:58:27,056 - INFO - 
Epoch	45
2024-05-24 07:58:27,440 - INFO - [6144/363571]	Loss  : 1.1789
2024-05-24 07:58:30,475 - INFO - Test loss   : 0.6576
2024-05-24 07:58:30,475 - INFO - 
Epoch	46
2024-05-24 07:58:31,091 - INFO - [6144/363571]	Loss  : 1.1882
2024-05-24 07:58:33,823 - INFO - Test loss   : 0.6559
2024-05-24 07:58:33,823 - INFO - 
Epoch	47
2024-05-24 07:58:34,460 - INFO - [6144/363571]	Loss  : 1.1872
2024-05-24 07:58:37,541 - INFO - Test loss   : 0.6631
2024-05-24 07:58:37,541 - INFO - 
Epoch	48
2024-05-24 07:58:37,931 - INFO - [6144/363571]	Loss  : 1.1881
2024-05-24 07:58:41,095 - INFO - Test loss   : 0.6731
2024-05-24 07:58:41,095 - INFO - 
Epoch	49
2024-05-24 07:58:41,690 - INFO - [6144/363571]	Loss  : 1.1583
2024-05-24 07:58:44,414 - INFO - Test loss   : 0.6808
2024-05-24 07:58:44,415 - INFO - 
Epoch	50
2024-05-24 07:58:44,808 - INFO - [6144/363571]	Loss  : 1.1721
2024-05-24 07:58:48,171 - INFO - Test loss   : 0.6743
2024-05-24 07:58:48,700 - INFO - (53041,)
2024-05-24 07:58:48,853 - INFO -  Split ID: 0
2024-05-24 07:58:48,873 - INFO -  Top 1	LocEnc (Epoch 50)acc (%):   18.11
2024-05-24 07:58:48,875 - INFO -  Top 3	LocEnc (Epoch 50)acc (%):   32.21
2024-05-24 07:58:48,876 - INFO -  Top 5	LocEnc (Epoch 50)acc (%):   40.41
2024-05-24 07:58:48,878 - INFO -  Top 10	LocEnc (Epoch 50)acc (%):   53.73
2024-05-24 07:58:48,885 - INFO - 
No prior
2024-05-24 07:58:48,892 - INFO - (53041,)
2024-05-24 07:58:49,048 - INFO -  Split ID: 0
2024-05-24 07:58:49,048 - INFO -  Top 1	(Epoch 50)acc (%):   69.83
2024-05-24 07:58:49,048 - INFO -  Top 3	(Epoch 50)acc (%):   84.61
2024-05-24 07:58:49,048 - INFO -  Top 5	(Epoch 50)acc (%):   89.23
2024-05-24 07:58:49,048 - INFO -  Top 10	(Epoch 50)acc (%):   94.29
2024-05-24 07:59:12,752 - INFO -  Split ID: 0
2024-05-24 07:59:12,752 - INFO -  Top 1	(Epoch 50)acc (%):   70.76
2024-05-24 07:59:12,752 - INFO -  Top 3	(Epoch 50)acc (%):   85.48
2024-05-24 07:59:12,752 - INFO -  Top 5	(Epoch 50)acc (%):   90.0
2024-05-24 07:59:12,752 - INFO -  Top 10	(Epoch 50)acc (%):   94.83
2024-05-24 07:59:12,753 - INFO - 
Epoch	51
2024-05-24 07:59:13,130 - INFO - [6144/363571]	Loss  : 1.1763
2024-05-24 07:59:16,203 - INFO - Test loss   : 0.6756
2024-05-24 07:59:16,203 - INFO - 
Epoch	52
2024-05-24 07:59:16,849 - INFO - [6144/363571]	Loss  : 1.1724
2024-05-24 07:59:19,982 - INFO - Test loss   : 0.6853
2024-05-24 07:59:19,983 - INFO - 
Epoch	53
2024-05-24 07:59:20,363 - INFO - [6144/363571]	Loss  : 1.1702
2024-05-24 07:59:23,430 - INFO - Test loss   : 0.6804
2024-05-24 07:59:23,430 - INFO - 
Epoch	54
2024-05-24 07:59:23,813 - INFO - [6144/363571]	Loss  : 1.1654
2024-05-24 07:59:26,927 - INFO - Test loss   : 0.6589
2024-05-24 07:59:26,927 - INFO - 
Epoch	55
2024-05-24 07:59:27,411 - INFO - [6144/363571]	Loss  : 1.1655
2024-05-24 07:59:30,455 - INFO - Test loss   : 0.6587
2024-05-24 07:59:30,455 - INFO - 
Epoch	56
2024-05-24 07:59:30,825 - INFO - [6144/363571]	Loss  : 1.1539
2024-05-24 07:59:33,752 - INFO - Test loss   : 0.6603
2024-05-24 07:59:33,752 - INFO - 
Epoch	57
2024-05-24 07:59:34,140 - INFO - [6144/363571]	Loss  : 1.1635
2024-05-24 07:59:37,169 - INFO - Test loss   : 0.6556
2024-05-24 07:59:37,170 - INFO - 
Epoch	58
2024-05-24 07:59:37,699 - INFO - [6144/363571]	Loss  : 1.1732
2024-05-24 07:59:40,830 - INFO - Test loss   : 0.6577
2024-05-24 07:59:40,830 - INFO - 
Epoch	59
2024-05-24 07:59:41,225 - INFO - [6144/363571]	Loss  : 1.1395
2024-05-24 07:59:44,071 - INFO - Test loss   : 0.6738
2024-05-24 07:59:44,072 - INFO - 
Epoch	60
2024-05-24 07:59:44,546 - INFO - [6144/363571]	Loss  : 1.1671
2024-05-24 07:59:47,783 - INFO - Test loss   : 0.6804
2024-05-24 07:59:48,351 - INFO - (53041,)
2024-05-24 07:59:48,504 - INFO -  Split ID: 0
2024-05-24 07:59:48,523 - INFO -  Top 1	LocEnc (Epoch 60)acc (%):   19.23
2024-05-24 07:59:48,525 - INFO -  Top 3	LocEnc (Epoch 60)acc (%):   33.62
2024-05-24 07:59:48,527 - INFO -  Top 5	LocEnc (Epoch 60)acc (%):   41.17
2024-05-24 07:59:48,528 - INFO -  Top 10	LocEnc (Epoch 60)acc (%):   55.43
2024-05-24 07:59:48,536 - INFO - 
No prior
2024-05-24 07:59:48,542 - INFO - (53041,)
2024-05-24 07:59:48,697 - INFO -  Split ID: 0
2024-05-24 07:59:48,698 - INFO -  Top 1	(Epoch 60)acc (%):   69.83
2024-05-24 07:59:48,698 - INFO -  Top 3	(Epoch 60)acc (%):   84.61
2024-05-24 07:59:48,698 - INFO -  Top 5	(Epoch 60)acc (%):   89.23
2024-05-24 07:59:48,698 - INFO -  Top 10	(Epoch 60)acc (%):   94.29
2024-05-24 08:00:12,519 - INFO -  Split ID: 0
2024-05-24 08:00:12,519 - INFO -  Top 1	(Epoch 60)acc (%):   70.84
2024-05-24 08:00:12,519 - INFO -  Top 3	(Epoch 60)acc (%):   85.55
2024-05-24 08:00:12,519 - INFO -  Top 5	(Epoch 60)acc (%):   90.08
2024-05-24 08:00:12,519 - INFO -  Top 10	(Epoch 60)acc (%):   94.88
2024-05-24 08:00:12,520 - INFO - 
Epoch	61
2024-05-24 08:00:12,897 - INFO - [6144/363571]	Loss  : 1.1473
2024-05-24 08:00:15,967 - INFO - Test loss   : 0.6604
2024-05-24 08:00:15,967 - INFO - 
Epoch	62
2024-05-24 08:00:16,344 - INFO - [6144/363571]	Loss  : 1.1583
2024-05-24 08:00:19,295 - INFO - Test loss   : 0.6474
2024-05-24 08:00:19,295 - INFO - 
Epoch	63
2024-05-24 08:00:19,881 - INFO - [6144/363571]	Loss  : 1.1464
2024-05-24 08:00:22,938 - INFO - Test loss   : 0.6486
2024-05-24 08:00:22,938 - INFO - 
Epoch	64
2024-05-24 08:00:23,377 - INFO - [6144/363571]	Loss  : 1.1383
2024-05-24 08:00:26,504 - INFO - Test loss   : 0.6779
2024-05-24 08:00:26,504 - INFO - 
Epoch	65
2024-05-24 08:00:26,881 - INFO - [6144/363571]	Loss  : 1.1539
2024-05-24 08:00:29,954 - INFO - Test loss   : 0.6882
2024-05-24 08:00:29,954 - INFO - 
Epoch	66
2024-05-24 08:00:30,557 - INFO - [6144/363571]	Loss  : 1.1572
2024-05-24 08:00:33,652 - INFO - Test loss   : 0.6646
2024-05-24 08:00:33,653 - INFO - 
Epoch	67
2024-05-24 08:00:34,128 - INFO - [6144/363571]	Loss  : 1.1482
2024-05-24 08:00:36,927 - INFO - Test loss   : 0.6476
2024-05-24 08:00:36,928 - INFO - 
Epoch	68
2024-05-24 08:00:37,413 - INFO - [6144/363571]	Loss  : 1.1419
2024-05-24 08:00:40,547 - INFO - Test loss   : 0.6493
2024-05-24 08:00:40,548 - INFO - 
Epoch	69
2024-05-24 08:00:41,028 - INFO - [6144/363571]	Loss  : 1.1435
2024-05-24 08:00:43,970 - INFO - Test loss   : 0.6625
2024-05-24 08:00:43,970 - INFO - 
Epoch	70
2024-05-24 08:00:44,511 - INFO - [6144/363571]	Loss  : 1.1358
2024-05-24 08:00:47,345 - INFO - Test loss   : 0.6661
2024-05-24 08:00:47,950 - INFO - (53041,)
2024-05-24 08:00:48,104 - INFO -  Split ID: 0
2024-05-24 08:00:48,123 - INFO -  Top 1	LocEnc (Epoch 70)acc (%):   20.08
2024-05-24 08:00:48,124 - INFO -  Top 3	LocEnc (Epoch 70)acc (%):   33.56
2024-05-24 08:00:48,126 - INFO -  Top 5	LocEnc (Epoch 70)acc (%):   41.21
2024-05-24 08:00:48,128 - INFO -  Top 10	LocEnc (Epoch 70)acc (%):   55.57
2024-05-24 08:00:48,135 - INFO - 
No prior
2024-05-24 08:00:48,141 - INFO - (53041,)
2024-05-24 08:00:48,296 - INFO -  Split ID: 0
2024-05-24 08:00:48,296 - INFO -  Top 1	(Epoch 70)acc (%):   69.83
2024-05-24 08:00:48,297 - INFO -  Top 3	(Epoch 70)acc (%):   84.61
2024-05-24 08:00:48,297 - INFO -  Top 5	(Epoch 70)acc (%):   89.23
2024-05-24 08:00:48,297 - INFO -  Top 10	(Epoch 70)acc (%):   94.29
2024-05-24 08:01:12,126 - INFO -  Split ID: 0
2024-05-24 08:01:12,126 - INFO -  Top 1	(Epoch 70)acc (%):   70.86
2024-05-24 08:01:12,126 - INFO -  Top 3	(Epoch 70)acc (%):   85.55
2024-05-24 08:01:12,126 - INFO -  Top 5	(Epoch 70)acc (%):   90.07
2024-05-24 08:01:12,126 - INFO -  Top 10	(Epoch 70)acc (%):   94.86
2024-05-24 08:01:12,127 - INFO - 
Epoch	71
2024-05-24 08:01:12,502 - INFO - [6144/363571]	Loss  : 1.1405
2024-05-24 08:01:15,570 - INFO - Test loss   : 0.6725
2024-05-24 08:01:15,570 - INFO - 
Epoch	72
2024-05-24 08:01:16,164 - INFO - [6144/363571]	Loss  : 1.1298
2024-05-24 08:01:19,114 - INFO - Test loss   : 0.6688
2024-05-24 08:01:19,114 - INFO - 
Epoch	73
2024-05-24 08:01:19,503 - INFO - [6144/363571]	Loss  : 1.1302
2024-05-24 08:01:22,547 - INFO - Test loss   : 0.6766
2024-05-24 08:01:22,547 - INFO - 
Epoch	74
2024-05-24 08:01:23,054 - INFO - [6144/363571]	Loss  : 1.1475
2024-05-24 08:01:26,096 - INFO - Test loss   : 0.6765
2024-05-24 08:01:26,096 - INFO - 
Epoch	75
2024-05-24 08:01:26,668 - INFO - [6144/363571]	Loss  : 1.1241
2024-05-24 08:01:29,281 - INFO - Test loss   : 0.6652
2024-05-24 08:01:29,282 - INFO - 
Epoch	76
2024-05-24 08:01:29,710 - INFO - [6144/363571]	Loss  : 1.1253
2024-05-24 08:01:32,802 - INFO - Test loss   : 0.6555
2024-05-24 08:01:32,803 - INFO - 
Epoch	77
2024-05-24 08:01:33,408 - INFO - [6144/363571]	Loss  : 1.1240
2024-05-24 08:01:36,238 - INFO - Test loss   : 0.6635
2024-05-24 08:01:36,239 - INFO - 
Epoch	78
2024-05-24 08:01:36,844 - INFO - [6144/363571]	Loss  : 1.1310
2024-05-24 08:01:39,589 - INFO - Test loss   : 0.6650
2024-05-24 08:01:39,589 - INFO - 
Epoch	79
2024-05-24 08:01:40,191 - INFO - [6144/363571]	Loss  : 1.1282
2024-05-24 08:01:43,265 - INFO - Test loss   : 0.6677
2024-05-24 08:01:43,265 - INFO - 
Epoch	80
2024-05-24 08:01:43,644 - INFO - [6144/363571]	Loss  : 1.1177
2024-05-24 08:01:46,794 - INFO - Test loss   : 0.6694
2024-05-24 08:01:47,314 - INFO - (53041,)
2024-05-24 08:01:47,466 - INFO -  Split ID: 0
2024-05-24 08:01:47,485 - INFO -  Top 1	LocEnc (Epoch 80)acc (%):   19.68
2024-05-24 08:01:47,487 - INFO -  Top 3	LocEnc (Epoch 80)acc (%):   34.04
2024-05-24 08:01:47,489 - INFO -  Top 5	LocEnc (Epoch 80)acc (%):   41.45
2024-05-24 08:01:47,491 - INFO -  Top 10	LocEnc (Epoch 80)acc (%):   55.86
2024-05-24 08:01:47,498 - INFO - 
No prior
2024-05-24 08:01:47,504 - INFO - (53041,)
2024-05-24 08:01:47,658 - INFO -  Split ID: 0
2024-05-24 08:01:47,659 - INFO -  Top 1	(Epoch 80)acc (%):   69.83
2024-05-24 08:01:47,659 - INFO -  Top 3	(Epoch 80)acc (%):   84.61
2024-05-24 08:01:47,659 - INFO -  Top 5	(Epoch 80)acc (%):   89.23
2024-05-24 08:01:47,659 - INFO -  Top 10	(Epoch 80)acc (%):   94.29
2024-05-24 08:02:11,302 - INFO -  Split ID: 0
2024-05-24 08:02:11,302 - INFO -  Top 1	(Epoch 80)acc (%):   70.88
2024-05-24 08:02:11,302 - INFO -  Top 3	(Epoch 80)acc (%):   85.54
2024-05-24 08:02:11,302 - INFO -  Top 5	(Epoch 80)acc (%):   90.1
2024-05-24 08:02:11,302 - INFO -  Top 10	(Epoch 80)acc (%):   94.91
2024-05-24 08:02:11,303 - INFO - 
Epoch	81
2024-05-24 08:02:11,685 - INFO - [6144/363571]	Loss  : 1.1359
2024-05-24 08:02:14,717 - INFO - Test loss   : 0.6592
2024-05-24 08:02:14,717 - INFO - 
Epoch	82
2024-05-24 08:02:15,144 - INFO - [6144/363571]	Loss  : 1.1245
2024-05-24 08:02:18,224 - INFO - Test loss   : 0.6548
2024-05-24 08:02:18,224 - INFO - 
Epoch	83
2024-05-24 08:02:18,620 - INFO - [6144/363571]	Loss  : 1.1260
2024-05-24 08:02:21,504 - INFO - Test loss   : 0.6576
2024-05-24 08:02:21,505 - INFO - 
Epoch	84
2024-05-24 08:02:22,006 - INFO - [6144/363571]	Loss  : 1.1302
2024-05-24 08:02:25,053 - INFO - Test loss   : 0.6478
2024-05-24 08:02:25,053 - INFO - 
Epoch	85
2024-05-24 08:02:25,638 - INFO - [6144/363571]	Loss  : 1.1279
2024-05-24 08:02:28,705 - INFO - Test loss   : 0.6387
2024-05-24 08:02:28,706 - INFO - 
Epoch	86
2024-05-24 08:02:29,100 - INFO - [6144/363571]	Loss  : 1.1106
2024-05-24 08:02:32,040 - INFO - Test loss   : 0.6395
2024-05-24 08:02:32,040 - INFO - 
Epoch	87
2024-05-24 08:02:32,633 - INFO - [6144/363571]	Loss  : 1.1191
2024-05-24 08:02:35,662 - INFO - Test loss   : 0.6506
2024-05-24 08:02:35,662 - INFO - 
Epoch	88
2024-05-24 08:02:36,088 - INFO - [6144/363571]	Loss  : 1.1150
2024-05-24 08:02:39,293 - INFO - Test loss   : 0.6550
2024-05-24 08:02:39,294 - INFO - 
Epoch	89
2024-05-24 08:02:39,668 - INFO - [6144/363571]	Loss  : 1.1213
2024-05-24 08:02:42,528 - INFO - Test loss   : 0.6539
2024-05-24 08:02:42,529 - INFO - 
Epoch	90
2024-05-24 08:02:43,125 - INFO - [6144/363571]	Loss  : 1.1183
2024-05-24 08:02:46,356 - INFO - Test loss   : 0.6581
2024-05-24 08:02:46,929 - INFO - (53041,)
2024-05-24 08:02:47,081 - INFO -  Split ID: 0
2024-05-24 08:02:47,099 - INFO -  Top 1	LocEnc (Epoch 90)acc (%):   20.27
2024-05-24 08:02:47,101 - INFO -  Top 3	LocEnc (Epoch 90)acc (%):   34.67
2024-05-24 08:02:47,103 - INFO -  Top 5	LocEnc (Epoch 90)acc (%):   41.98
2024-05-24 08:02:47,105 - INFO -  Top 10	LocEnc (Epoch 90)acc (%):   56.49
2024-05-24 08:02:47,112 - INFO - 
No prior
2024-05-24 08:02:47,118 - INFO - (53041,)
2024-05-24 08:02:47,274 - INFO -  Split ID: 0
2024-05-24 08:02:47,274 - INFO -  Top 1	(Epoch 90)acc (%):   69.83
2024-05-24 08:02:47,274 - INFO -  Top 3	(Epoch 90)acc (%):   84.61
2024-05-24 08:02:47,274 - INFO -  Top 5	(Epoch 90)acc (%):   89.23
2024-05-24 08:02:47,274 - INFO -  Top 10	(Epoch 90)acc (%):   94.29
2024-05-24 08:03:10,950 - INFO -  Split ID: 0
2024-05-24 08:03:10,951 - INFO -  Top 1	(Epoch 90)acc (%):   70.89
2024-05-24 08:03:10,951 - INFO -  Top 3	(Epoch 90)acc (%):   85.55
2024-05-24 08:03:10,951 - INFO -  Top 5	(Epoch 90)acc (%):   90.09
2024-05-24 08:03:10,951 - INFO -  Top 10	(Epoch 90)acc (%):   94.9
2024-05-24 08:03:10,952 - INFO - 
Epoch	91
2024-05-24 08:03:11,436 - INFO - [6144/363571]	Loss  : 1.1171
2024-05-24 08:03:14,455 - INFO - Test loss   : 0.6626
2024-05-24 08:03:14,455 - INFO - 
Epoch	92
2024-05-24 08:03:14,927 - INFO - [6144/363571]	Loss  : 1.1110
2024-05-24 08:03:18,019 - INFO - Test loss   : 0.6705
2024-05-24 08:03:18,019 - INFO - 
Epoch	93
2024-05-24 08:03:18,494 - INFO - [6144/363571]	Loss  : 1.1155
2024-05-24 08:03:21,252 - INFO - Test loss   : 0.6597
2024-05-24 08:03:21,252 - INFO - 
Epoch	94
2024-05-24 08:03:21,796 - INFO - [6144/363571]	Loss  : 1.1108
2024-05-24 08:03:24,878 - INFO - Test loss   : 0.6569
2024-05-24 08:03:24,878 - INFO - 
Epoch	95
2024-05-24 08:03:25,404 - INFO - [6144/363571]	Loss  : 1.1138
2024-05-24 08:03:28,346 - INFO - Test loss   : 0.6612
2024-05-24 08:03:28,346 - INFO - 
Epoch	96
2024-05-24 08:03:28,832 - INFO - [6144/363571]	Loss  : 1.1150
2024-05-24 08:03:31,726 - INFO - Test loss   : 0.6628
2024-05-24 08:03:31,726 - INFO - 
Epoch	97
2024-05-24 08:03:32,209 - INFO - [6144/363571]	Loss  : 1.1004
2024-05-24 08:03:35,198 - INFO - Test loss   : 0.6620
2024-05-24 08:03:35,198 - INFO - 
Epoch	98
2024-05-24 08:03:35,687 - INFO - [6144/363571]	Loss  : 1.1154
2024-05-24 08:03:38,859 - INFO - Test loss   : 0.6598
2024-05-24 08:03:38,860 - INFO - 
Epoch	99
2024-05-24 08:03:39,455 - INFO - [6144/363571]	Loss  : 1.1100
2024-05-24 08:03:42,084 - INFO - Test loss   : 0.6540
2024-05-24 08:03:42,084 - INFO - Saving output model to ../models/sphere2vec_sphereM/model_fmow_Sphere2Vec-sphereM_inception_v3_0.0050_64_0.0001000_1_512.pth.tar
2024-05-24 08:03:42,156 - INFO - Saving output model to ../models/sphere2vec_sphereM/model_fmow_Sphere2Vec-sphereM_inception_v3_0.0050_64_0.0001000_1_512.pth.tar
2024-05-24 08:03:42,166 - INFO - 
No prior
2024-05-24 08:03:42,172 - INFO - (53041,)
2024-05-24 08:03:42,329 - INFO -  Split ID: 0
2024-05-24 08:03:42,329 - INFO -  Top 1	acc (%):   69.83
2024-05-24 08:03:42,329 - INFO -  Top 3	acc (%):   84.61
2024-05-24 08:03:42,329 - INFO -  Top 5	acc (%):   89.23
2024-05-24 08:03:42,329 - INFO -  Top 10	acc (%):   94.29
2024-05-24 08:04:06,188 - INFO -  Split ID: 0
2024-05-24 08:04:06,188 - INFO -  Top 1	acc (%):   70.93
2024-05-24 08:04:06,188 - INFO -  Top 3	acc (%):   85.59
2024-05-24 08:04:06,188 - INFO -  Top 5	acc (%):   90.14
2024-05-24 08:04:06,189 - INFO -  Top 10	acc (%):   94.93
2024-05-24 08:04:06,191 - INFO - 
Sphere2Vec-sphereM
2024-05-24 08:04:06,191 - INFO -  Model :	model_fmow_Sphere2Vec-sphereM_inception_v3_0.0050_64_0.0001000_1_512.pth.tar
2024-05-24 08:04:06,689 - INFO - (53041,)
2024-05-24 08:04:06,841 - INFO -  Split ID: 0
2024-05-24 08:04:06,859 - INFO -  Top 1	LocEnc acc (%):   20.09
2024-05-24 08:04:06,861 - INFO -  Top 3	LocEnc acc (%):   34.17
2024-05-24 08:04:06,863 - INFO -  Top 5	LocEnc acc (%):   42.22
2024-05-24 08:04:06,865 - INFO -  Top 10	LocEnc acc (%):   56.33
2024-05-30 19:31:29,010 - INFO - 
num_classes	62
2024-05-30 19:31:29,043 - INFO - num train    	363571
2024-05-30 19:31:29,043 - INFO - num val      	53041
2024-05-30 19:31:29,043 - INFO - train loss   	full_loss
2024-05-30 19:31:29,043 - INFO - model name   	../models/sphere2vec_sphereM/model_fmow_Sphere2Vec-sphereM_inception_v3_0.0050_64_0.0001000_1_512.pth.tar
2024-05-30 19:31:29,043 - INFO - num users    	1
2024-05-30 19:31:29,281 - INFO - 
Only Sphere2Vec-sphereM
2024-05-30 19:31:29,281 - INFO -  Model :	model_fmow_Sphere2Vec-sphereM_inception_v3_0.0050_64_0.0001000_1_512.pth.tar
2024-05-30 19:31:29,361 - INFO - Saving output model to ../models/sphere2vec_sphereM/model_fmow_Sphere2Vec-sphereM_inception_v3_0.0050_64_0.0001000_1_512.pth.tar
2024-05-30 19:31:29,402 - INFO - Saving output model to ../models/sphere2vec_sphereM/model_fmow_Sphere2Vec-sphereM_inception_v3_0.0050_64_0.0001000_1_512.pth.tar
2024-05-30 19:31:29,423 - INFO - 
No prior
2024-05-30 19:31:29,438 - INFO - (53041,)
2024-05-30 19:31:30,404 - INFO - Save results to ../eval_results/eval_fmow__val_no_prior.csv
2024-05-30 19:31:30,404 - INFO -  Split ID: 0
2024-05-30 19:31:30,405 - INFO -  Top 1	acc (%):   69.83
2024-05-30 19:31:30,405 - INFO -  Top 3	acc (%):   84.61
2024-05-30 19:31:30,405 - INFO -  Top 5	acc (%):   89.23
2024-05-30 19:31:30,405 - INFO -  Top 10	acc (%):   94.29
2024-05-30 19:32:02,049 - INFO -  Split ID: 0
2024-05-30 19:32:02,049 - INFO -  Top 1	hit (%):   70.93
2024-05-30 19:32:02,049 - INFO -  Top 3	hit (%):   85.59
2024-05-30 19:32:02,049 - INFO -  Top 5	hit (%):   90.14
2024-05-30 19:32:02,049 - INFO -  Top 10	hit (%):   94.93
2024-05-30 19:32:02,063 - INFO - 
Only Sphere2Vec-sphereM
2024-05-30 19:32:02,063 - INFO -  Model :	model_fmow_Sphere2Vec-sphereM_inception_v3_0.0050_64_0.0001000_1_512.pth.tar
2024-05-30 19:32:02,553 - INFO - (53041,)
2024-05-30 19:32:02,706 - INFO -  Split ID: 0
2024-05-30 19:32:02,726 - INFO -  Top 1	LocEnc acc (%):   20.09
2024-05-30 19:32:02,728 - INFO -  Top 3	LocEnc acc (%):   34.17
2024-05-30 19:32:02,731 - INFO -  Top 5	LocEnc acc (%):   42.22
2024-05-30 19:32:02,733 - INFO -  Top 10	LocEnc acc (%):   56.33
