2024-05-23 23:24:12,831 - INFO - 
num_classes	500
2024-05-23 23:24:12,831 - INFO - num train    	19133
2024-05-23 23:24:12,831 - INFO - num val      	443
2024-05-23 23:24:12,831 - INFO - train loss   	full_loss
2024-05-23 23:24:12,831 - INFO - model name   	../models/sphere2vec_sphereM/model_birdsnap_orig_meta_Sphere2Vec-sphereM_inception_v3_0.0010_64_0.0005000_1_512.pth.tar
2024-05-23 23:24:12,831 - INFO - num users    	2872
2024-05-23 23:24:12,831 - INFO - meta data    	orig_meta
2024-05-23 23:24:13,099 - INFO - 
Epoch	0
2024-05-23 23:24:21,194 - INFO - [18432/19133]	Loss  : 1.9787
2024-05-23 23:24:21,300 - INFO - Test loss   : 0.8170
2024-05-23 23:24:21,300 - INFO - 
Epoch	1
2024-05-23 23:24:28,742 - INFO - [18432/19133]	Loss  : 1.5663
2024-05-23 23:24:28,959 - INFO - Test loss   : 0.8097
2024-05-23 23:24:28,959 - INFO - 
Epoch	2
2024-05-23 23:24:35,170 - INFO - [18432/19133]	Loss  : 1.3737
2024-05-23 23:24:35,367 - INFO - Test loss   : 0.7321
2024-05-23 23:24:35,367 - INFO - 
Epoch	3
2024-05-23 23:24:42,074 - INFO - [18432/19133]	Loss  : 1.2710
2024-05-23 23:24:42,163 - INFO - Test loss   : 0.6700
2024-05-23 23:24:42,163 - INFO - 
Epoch	4
2024-05-23 23:24:49,612 - INFO - [18432/19133]	Loss  : 1.1863
2024-05-23 23:24:49,695 - INFO - Test loss   : 0.6041
2024-05-23 23:24:49,695 - INFO - 
Epoch	5
2024-05-23 23:24:57,862 - INFO - [18432/19133]	Loss  : 1.1220
2024-05-23 23:24:57,978 - INFO - Test loss   : 0.5668
2024-05-23 23:24:57,978 - INFO - 
Epoch	6
2024-05-23 23:25:06,260 - INFO - [18432/19133]	Loss  : 1.0715
2024-05-23 23:25:06,322 - INFO - Test loss   : 0.5549
2024-05-23 23:25:06,322 - INFO - 
Epoch	7
2024-05-23 23:25:13,009 - INFO - [18432/19133]	Loss  : 1.0345
2024-05-23 23:25:13,225 - INFO - Test loss   : 0.5310
2024-05-23 23:25:13,225 - INFO - 
Epoch	8
2024-05-23 23:25:19,249 - INFO - [18432/19133]	Loss  : 1.0037
2024-05-23 23:25:19,464 - INFO - Test loss   : 0.5384
2024-05-23 23:25:19,464 - INFO - 
Epoch	9
2024-05-23 23:25:27,176 - INFO - [18432/19133]	Loss  : 0.9776
2024-05-23 23:25:27,225 - INFO - Test loss   : 0.5256
2024-05-23 23:25:27,225 - INFO - 
Epoch	10
2024-05-23 23:25:35,688 - INFO - [18432/19133]	Loss  : 0.9488
2024-05-23 23:25:35,709 - INFO - Test loss   : 0.5295
2024-05-23 23:25:35,717 - INFO - (443,)
2024-05-23 23:25:35,733 - INFO -  Split ID: 0
2024-05-23 23:25:35,733 - INFO -  Top 1	LocEnc (Epoch 10)acc (%):   6.32
2024-05-23 23:25:35,733 - INFO -  Top 3	LocEnc (Epoch 10)acc (%):   10.84
2024-05-23 23:25:35,733 - INFO -  Top 5	LocEnc (Epoch 10)acc (%):   14.9
2024-05-23 23:25:35,733 - INFO -  Top 10	LocEnc (Epoch 10)acc (%):   20.09
2024-05-23 23:25:35,733 - INFO - 
No prior
2024-05-23 23:25:35,734 - INFO - (2262,)
2024-05-23 23:25:35,796 - INFO -  Split ID: 0
2024-05-23 23:25:35,796 - INFO -  Top 1	(Epoch 10)acc (%):   70.07
2024-05-23 23:25:35,796 - INFO -  Top 3	(Epoch 10)acc (%):   86.6
2024-05-23 23:25:35,796 - INFO -  Top 5	(Epoch 10)acc (%):   90.05
2024-05-23 23:25:35,796 - INFO -  Top 10	(Epoch 10)acc (%):   92.88
2024-05-23 23:25:36,570 - INFO -  Split ID: 0
2024-05-23 23:25:36,570 - INFO -  Top 1	(Epoch 10)acc (%):   71.53
2024-05-23 23:25:36,570 - INFO -  Top 3	(Epoch 10)acc (%):   86.83
2024-05-23 23:25:36,570 - INFO -  Top 5	(Epoch 10)acc (%):   90.01
2024-05-23 23:25:36,570 - INFO -  Top 10	(Epoch 10)acc (%):   93.46
2024-05-23 23:25:36,570 - INFO - 
Epoch	11
2024-05-23 23:25:43,757 - INFO - [18432/19133]	Loss  : 0.9327
2024-05-23 23:25:43,884 - INFO - Test loss   : 0.5351
2024-05-23 23:25:43,884 - INFO - 
Epoch	12
2024-05-23 23:25:51,987 - INFO - [18432/19133]	Loss  : 0.9057
2024-05-23 23:25:52,047 - INFO - Test loss   : 0.5508
2024-05-23 23:25:52,047 - INFO - 
Epoch	13
2024-05-23 23:25:58,513 - INFO - [18432/19133]	Loss  : 0.8910
2024-05-23 23:25:58,730 - INFO - Test loss   : 0.5501
2024-05-23 23:25:58,730 - INFO - 
Epoch	14
2024-05-23 23:26:05,641 - INFO - [18432/19133]	Loss  : 0.8758
2024-05-23 23:26:05,843 - INFO - Test loss   : 0.5584
2024-05-23 23:26:05,843 - INFO - 
Epoch	15
2024-05-23 23:26:11,791 - INFO - [18432/19133]	Loss  : 0.8598
2024-05-23 23:26:11,884 - INFO - Test loss   : 0.5639
2024-05-23 23:26:11,885 - INFO - 
Epoch	16
2024-05-23 23:26:19,024 - INFO - [18432/19133]	Loss  : 0.8465
2024-05-23 23:26:19,190 - INFO - Test loss   : 0.5682
2024-05-23 23:26:19,191 - INFO - 
Epoch	17
2024-05-23 23:26:26,643 - INFO - [18432/19133]	Loss  : 0.8347
2024-05-23 23:26:26,720 - INFO - Test loss   : 0.5867
2024-05-23 23:26:26,720 - INFO - 
Epoch	18
2024-05-23 23:26:34,782 - INFO - [18432/19133]	Loss  : 0.8177
2024-05-23 23:26:34,900 - INFO - Test loss   : 0.5996
2024-05-23 23:26:34,900 - INFO - 
Epoch	19
2024-05-23 23:26:41,277 - INFO - [18432/19133]	Loss  : 0.8070
2024-05-23 23:26:41,703 - INFO - Test loss   : 0.5978
2024-05-23 23:26:41,704 - INFO - 
Epoch	20
2024-05-23 23:26:48,444 - INFO - [18432/19133]	Loss  : 0.7988
2024-05-23 23:26:48,524 - INFO - Test loss   : 0.6042
2024-05-23 23:26:48,529 - INFO - (443,)
2024-05-23 23:26:48,546 - INFO -  Split ID: 0
2024-05-23 23:26:48,546 - INFO -  Top 1	LocEnc (Epoch 20)acc (%):   7.22
2024-05-23 23:26:48,546 - INFO -  Top 3	LocEnc (Epoch 20)acc (%):   12.42
2024-05-23 23:26:48,546 - INFO -  Top 5	LocEnc (Epoch 20)acc (%):   16.7
2024-05-23 23:26:48,546 - INFO -  Top 10	LocEnc (Epoch 20)acc (%):   23.02
2024-05-23 23:26:48,546 - INFO - 
No prior
2024-05-23 23:26:48,547 - INFO - (2262,)
2024-05-23 23:26:48,600 - INFO -  Split ID: 0
2024-05-23 23:26:48,600 - INFO -  Top 1	(Epoch 20)acc (%):   70.07
2024-05-23 23:26:48,600 - INFO -  Top 3	(Epoch 20)acc (%):   86.6
2024-05-23 23:26:48,600 - INFO -  Top 5	(Epoch 20)acc (%):   90.05
2024-05-23 23:26:48,600 - INFO -  Top 10	(Epoch 20)acc (%):   92.88
2024-05-23 23:26:49,385 - INFO -  Split ID: 0
2024-05-23 23:26:49,385 - INFO -  Top 1	(Epoch 20)acc (%):   71.93
2024-05-23 23:26:49,385 - INFO -  Top 3	(Epoch 20)acc (%):   86.78
2024-05-23 23:26:49,385 - INFO -  Top 5	(Epoch 20)acc (%):   90.01
2024-05-23 23:26:49,385 - INFO -  Top 10	(Epoch 20)acc (%):   93.19
2024-05-23 23:26:49,385 - INFO - 
Epoch	21
2024-05-23 23:26:57,370 - INFO - [18432/19133]	Loss  : 0.7839
2024-05-23 23:26:57,424 - INFO - Test loss   : 0.6152
2024-05-23 23:26:57,424 - INFO - 
Epoch	22
2024-05-23 23:27:05,958 - INFO - [18432/19133]	Loss  : 0.7780
2024-05-23 23:27:06,034 - INFO - Test loss   : 0.6206
2024-05-23 23:27:06,034 - INFO - 
Epoch	23
2024-05-23 23:27:13,463 - INFO - [18432/19133]	Loss  : 0.7644
2024-05-23 23:27:13,664 - INFO - Test loss   : 0.6361
2024-05-23 23:27:13,664 - INFO - 
Epoch	24
2024-05-23 23:27:20,857 - INFO - [18432/19133]	Loss  : 0.7615
2024-05-23 23:27:21,182 - INFO - Test loss   : 0.6477
2024-05-23 23:27:21,182 - INFO - 
Epoch	25
2024-05-23 23:27:27,486 - INFO - [18432/19133]	Loss  : 0.7514
2024-05-23 23:27:27,704 - INFO - Test loss   : 0.6587
2024-05-23 23:27:27,704 - INFO - 
Epoch	26
2024-05-23 23:27:34,341 - INFO - [18432/19133]	Loss  : 0.7426
2024-05-23 23:27:34,768 - INFO - Test loss   : 0.6729
2024-05-23 23:27:34,768 - INFO - 
Epoch	27
2024-05-23 23:27:40,983 - INFO - [18432/19133]	Loss  : 0.7330
2024-05-23 23:27:41,200 - INFO - Test loss   : 0.6713
2024-05-23 23:27:41,200 - INFO - 
Epoch	28
2024-05-23 23:27:47,819 - INFO - [18432/19133]	Loss  : 0.7256
2024-05-23 23:27:47,999 - INFO - Test loss   : 0.6871
2024-05-23 23:27:47,999 - INFO - 
Epoch	29
2024-05-23 23:27:54,827 - INFO - [18432/19133]	Loss  : 0.7192
2024-05-23 23:27:55,045 - INFO - Test loss   : 0.7053
2024-05-23 23:27:55,045 - INFO - Saving output model to ../models/sphere2vec_sphereM/model_birdsnap_orig_meta_Sphere2Vec-sphereM_inception_v3_0.0010_64_0.0005000_1_512.pth.tar
2024-05-23 23:27:55,058 - INFO - Saving output model to ../models/sphere2vec_sphereM/model_birdsnap_orig_meta_Sphere2Vec-sphereM_inception_v3_0.0010_64_0.0005000_1_512.pth.tar
2024-05-23 23:27:55,094 - INFO - 
No prior
2024-05-23 23:27:55,095 - INFO - (2262,)
2024-05-23 23:27:55,147 - INFO -  Split ID: 0
2024-05-23 23:27:55,147 - INFO -  Top 1	acc (%):   70.07
2024-05-23 23:27:55,147 - INFO -  Top 3	acc (%):   86.6
2024-05-23 23:27:55,147 - INFO -  Top 5	acc (%):   90.05
2024-05-23 23:27:55,147 - INFO -  Top 10	acc (%):   92.88
2024-05-23 23:27:55,918 - INFO -  Split ID: 0
2024-05-23 23:27:55,918 - INFO -  Top 1	acc (%):   71.88
2024-05-23 23:27:55,918 - INFO -  Top 3	acc (%):   86.87
2024-05-23 23:27:55,918 - INFO -  Top 5	acc (%):   90.01
2024-05-23 23:27:55,918 - INFO -  Top 10	acc (%):   93.06
2024-05-23 23:27:55,918 - INFO - 
Sphere2Vec-sphereM
2024-05-23 23:27:55,918 - INFO -  Model :	model_birdsnap_orig_meta_Sphere2Vec-sphereM_inception_v3_0.0010_64_0.0005000_1_512.pth.tar
2024-05-23 23:27:55,932 - INFO - (443,)
2024-05-23 23:27:55,948 - INFO -  Split ID: 0
2024-05-23 23:27:55,948 - INFO -  Top 1	LocEnc acc (%):   7.45
2024-05-23 23:27:55,948 - INFO -  Top 3	LocEnc acc (%):   14.0
2024-05-23 23:27:55,948 - INFO -  Top 5	LocEnc acc (%):   18.51
2024-05-23 23:27:55,948 - INFO -  Top 10	LocEnc acc (%):   24.38
