2024-05-23 23:44:31,173 - INFO - 
num_classes	100
2024-05-23 23:44:31,174 - INFO - num train    	66739
2024-05-23 23:44:31,174 - INFO - num val      	4449
2024-05-23 23:44:31,174 - INFO - train loss   	full_loss
2024-05-23 23:44:31,174 - INFO - model name   	../models/sphere2vec_sphereM/model_yfcc_Sphere2Vec-sphereM_inception_v3_0.0010_64_0.0005000_1_512.pth.tar
2024-05-23 23:44:31,174 - INFO - num users    	1
2024-05-23 23:44:31,397 - INFO - 
Epoch	0
2024-05-23 23:44:53,466 - INFO - [51200/66739]	Loss  : 1.4922
2024-05-23 23:44:58,677 - INFO - [66560/66739]	Loss  : 1.4342
2024-05-23 23:45:00,567 - INFO - Test loss   : 0.5363
2024-05-23 23:45:00,567 - INFO - 
Epoch	1
2024-05-23 23:45:23,045 - INFO - [51200/66739]	Loss  : 1.1846
2024-05-23 23:45:28,828 - INFO - [66560/66739]	Loss  : 1.1780
2024-05-23 23:45:30,533 - INFO - Test loss   : 0.5114
2024-05-23 23:45:30,533 - INFO - 
Epoch	2
2024-05-23 23:45:52,756 - INFO - [51200/66739]	Loss  : 1.1321
2024-05-23 23:45:59,117 - INFO - [66560/66739]	Loss  : 1.1288
2024-05-23 23:46:00,772 - INFO - Test loss   : 0.4918
2024-05-23 23:46:00,772 - INFO - 
Epoch	3
2024-05-23 23:46:07,157 - INFO - [51200/66739]	Loss  : 1.0999
2024-05-23 23:46:08,764 - INFO - [66560/66739]	Loss  : 1.0983
2024-05-23 23:46:10,205 - INFO - Test loss   : 0.4774
2024-05-23 23:46:10,205 - INFO - 
Epoch	4
2024-05-23 23:46:28,570 - INFO - [51200/66739]	Loss  : 1.0777
2024-05-23 23:46:33,550 - INFO - [66560/66739]	Loss  : 1.0779
2024-05-23 23:46:35,201 - INFO - Test loss   : 0.4816
2024-05-23 23:46:35,202 - INFO - 
Epoch	5
2024-05-23 23:46:55,665 - INFO - [51200/66739]	Loss  : 1.0627
2024-05-23 23:47:00,749 - INFO - [66560/66739]	Loss  : 1.0623
2024-05-23 23:47:02,419 - INFO - Test loss   : 0.4730
2024-05-23 23:47:02,419 - INFO - 
Epoch	6
2024-05-23 23:47:23,877 - INFO - [51200/66739]	Loss  : 1.0507
2024-05-23 23:47:29,933 - INFO - [66560/66739]	Loss  : 1.0497
2024-05-23 23:47:31,450 - INFO - Test loss   : 0.4757
2024-05-23 23:47:31,450 - INFO - 
Epoch	7
2024-05-23 23:47:51,146 - INFO - [51200/66739]	Loss  : 1.0394
2024-05-23 23:47:57,121 - INFO - [66560/66739]	Loss  : 1.0386
2024-05-23 23:47:58,932 - INFO - Test loss   : 0.4732
2024-05-23 23:47:58,932 - INFO - 
Epoch	8
2024-05-23 23:48:19,672 - INFO - [51200/66739]	Loss  : 1.0302
2024-05-23 23:48:25,330 - INFO - [66560/66739]	Loss  : 1.0305
2024-05-23 23:48:26,828 - INFO - Test loss   : 0.4736
2024-05-23 23:48:26,828 - INFO - 
Epoch	9
2024-05-23 23:48:47,667 - INFO - [51200/66739]	Loss  : 1.0218
2024-05-23 23:48:52,586 - INFO - [66560/66739]	Loss  : 1.0231
2024-05-23 23:48:54,069 - INFO - Test loss   : 0.4737
2024-05-23 23:48:54,069 - INFO - 
Epoch	10
2024-05-23 23:49:13,697 - INFO - [51200/66739]	Loss  : 1.0160
2024-05-23 23:49:19,301 - INFO - [66560/66739]	Loss  : 1.0159
2024-05-23 23:49:21,121 - INFO - Test loss   : 0.4763
2024-05-23 23:49:21,175 - INFO - (4449,)
2024-05-23 23:49:21,198 - INFO -  Split ID: 0
2024-05-23 23:49:21,199 - INFO -  Top 1	LocEnc (Epoch 10)acc (%):   11.19
2024-05-23 23:49:21,200 - INFO -  Top 3	LocEnc (Epoch 10)acc (%):   24.34
2024-05-23 23:49:21,200 - INFO -  Top 5	LocEnc (Epoch 10)acc (%):   33.49
2024-05-23 23:49:21,200 - INFO -  Top 10	LocEnc (Epoch 10)acc (%):   49.22
2024-05-23 23:49:21,200 - INFO - 
No prior
2024-05-23 23:49:21,203 - INFO - (17798,)
2024-05-23 23:49:21,308 - INFO -  Split ID: 0
2024-05-23 23:49:21,308 - INFO -  Top 1	(Epoch 10)acc (%):   50.15
2024-05-23 23:49:21,308 - INFO -  Top 3	(Epoch 10)acc (%):   73.9
2024-05-23 23:49:21,309 - INFO -  Top 5	(Epoch 10)acc (%):   82.45
2024-05-23 23:49:21,309 - INFO -  Top 10	(Epoch 10)acc (%):   91.06
2024-05-23 23:49:33,254 - INFO -  Split ID: 0
2024-05-23 23:49:33,254 - INFO -  Top 1	(Epoch 10)acc (%):   51.02
2024-05-23 23:49:33,254 - INFO -  Top 3	(Epoch 10)acc (%):   75.3
2024-05-23 23:49:33,254 - INFO -  Top 5	(Epoch 10)acc (%):   83.94
2024-05-23 23:49:33,254 - INFO -  Top 10	(Epoch 10)acc (%):   92.18
2024-05-23 23:49:33,255 - INFO - 
Epoch	11
2024-05-23 23:49:53,567 - INFO - [51200/66739]	Loss  : 1.0098
2024-05-23 23:49:54,506 - INFO - [66560/66739]	Loss  : 1.0095
2024-05-23 23:49:54,749 - INFO - Test loss   : 0.4818
2024-05-23 23:49:54,749 - INFO - 
Epoch	12
2024-05-23 23:50:04,807 - INFO - [51200/66739]	Loss  : 1.0018
2024-05-23 23:50:11,134 - INFO - [66560/66739]	Loss  : 1.0016
2024-05-23 23:50:12,859 - INFO - Test loss   : 0.4844
2024-05-23 23:50:12,859 - INFO - 
Epoch	13
2024-05-23 23:50:35,001 - INFO - [51200/66739]	Loss  : 0.9984
2024-05-23 23:50:40,915 - INFO - [66560/66739]	Loss  : 0.9992
2024-05-23 23:50:43,009 - INFO - Test loss   : 0.4808
2024-05-23 23:50:43,010 - INFO - 
Epoch	14
2024-05-23 23:51:05,256 - INFO - [51200/66739]	Loss  : 0.9922
2024-05-23 23:51:11,910 - INFO - [66560/66739]	Loss  : 0.9935
2024-05-23 23:51:13,597 - INFO - Test loss   : 0.4820
2024-05-23 23:51:13,597 - INFO - 
Epoch	15
2024-05-23 23:51:34,430 - INFO - [51200/66739]	Loss  : 0.9879
2024-05-23 23:51:40,758 - INFO - [66560/66739]	Loss  : 0.9869
2024-05-23 23:51:42,597 - INFO - Test loss   : 0.4841
2024-05-23 23:51:42,597 - INFO - 
Epoch	16
2024-05-23 23:52:04,058 - INFO - [51200/66739]	Loss  : 0.9852
2024-05-23 23:52:10,379 - INFO - [66560/66739]	Loss  : 0.9861
2024-05-23 23:52:11,779 - INFO - Test loss   : 0.4866
2024-05-23 23:52:11,779 - INFO - 
Epoch	17
2024-05-23 23:52:32,951 - INFO - [51200/66739]	Loss  : 0.9764
2024-05-23 23:52:39,280 - INFO - [66560/66739]	Loss  : 0.9782
2024-05-23 23:52:41,030 - INFO - Test loss   : 0.4891
2024-05-23 23:52:41,030 - INFO - 
Epoch	18
2024-05-23 23:53:03,159 - INFO - [51200/66739]	Loss  : 0.9779
2024-05-23 23:53:09,780 - INFO - [66560/66739]	Loss  : 0.9767
2024-05-23 23:53:11,585 - INFO - Test loss   : 0.4903
2024-05-23 23:53:11,585 - INFO - 
Epoch	19
2024-05-23 23:53:33,697 - INFO - [51200/66739]	Loss  : 0.9727
2024-05-23 23:53:38,894 - INFO - [66560/66739]	Loss  : 0.9738
2024-05-23 23:53:39,318 - INFO - Test loss   : 0.4917
2024-05-23 23:53:39,318 - INFO - 
Epoch	20
2024-05-23 23:53:43,006 - INFO - [51200/66739]	Loss  : 0.9676
2024-05-23 23:53:47,418 - INFO - [66560/66739]	Loss  : 0.9679
2024-05-23 23:53:49,181 - INFO - Test loss   : 0.4930
2024-05-23 23:53:49,226 - INFO - (4449,)
2024-05-23 23:53:49,250 - INFO -  Split ID: 0
2024-05-23 23:53:49,251 - INFO -  Top 1	LocEnc (Epoch 20)acc (%):   12.56
2024-05-23 23:53:49,252 - INFO -  Top 3	LocEnc (Epoch 20)acc (%):   26.01
2024-05-23 23:53:49,252 - INFO -  Top 5	LocEnc (Epoch 20)acc (%):   35.6
2024-05-23 23:53:49,252 - INFO -  Top 10	LocEnc (Epoch 20)acc (%):   50.6
2024-05-23 23:53:49,253 - INFO - 
No prior
2024-05-23 23:53:49,255 - INFO - (17798,)
2024-05-23 23:53:49,349 - INFO -  Split ID: 0
2024-05-23 23:53:49,350 - INFO -  Top 1	(Epoch 20)acc (%):   50.15
2024-05-23 23:53:49,350 - INFO -  Top 3	(Epoch 20)acc (%):   73.9
2024-05-23 23:53:49,350 - INFO -  Top 5	(Epoch 20)acc (%):   82.45
2024-05-23 23:53:49,350 - INFO -  Top 10	(Epoch 20)acc (%):   91.06
2024-05-23 23:54:01,461 - INFO -  Split ID: 0
2024-05-23 23:54:01,462 - INFO -  Top 1	(Epoch 20)acc (%):   51.27
2024-05-23 23:54:01,462 - INFO -  Top 3	(Epoch 20)acc (%):   75.51
2024-05-23 23:54:01,462 - INFO -  Top 5	(Epoch 20)acc (%):   84.03
2024-05-23 23:54:01,462 - INFO -  Top 10	(Epoch 20)acc (%):   92.25
2024-05-23 23:54:01,463 - INFO - 
Epoch	21
2024-05-23 23:54:20,663 - INFO - [51200/66739]	Loss  : 0.9615
2024-05-23 23:54:26,127 - INFO - [66560/66739]	Loss  : 0.9629
2024-05-23 23:54:27,900 - INFO - Test loss   : 0.4980
2024-05-23 23:54:27,900 - INFO - 
Epoch	22
2024-05-23 23:54:48,486 - INFO - [51200/66739]	Loss  : 0.9615
2024-05-23 23:54:54,050 - INFO - [66560/66739]	Loss  : 0.9617
2024-05-23 23:54:55,591 - INFO - Test loss   : 0.4999
2024-05-23 23:54:55,591 - INFO - 
Epoch	23
2024-05-23 23:55:15,047 - INFO - [51200/66739]	Loss  : 0.9567
2024-05-23 23:55:21,314 - INFO - [66560/66739]	Loss  : 0.9581
2024-05-23 23:55:22,940 - INFO - Test loss   : 0.4964
2024-05-23 23:55:22,940 - INFO - 
Epoch	24
2024-05-23 23:55:45,839 - INFO - [51200/66739]	Loss  : 0.9545
2024-05-23 23:55:52,407 - INFO - [66560/66739]	Loss  : 0.9554
2024-05-23 23:55:53,954 - INFO - Test loss   : 0.5003
2024-05-23 23:55:53,955 - INFO - 
Epoch	25
2024-05-23 23:56:15,232 - INFO - [51200/66739]	Loss  : 0.9539
2024-05-23 23:56:22,061 - INFO - [66560/66739]	Loss  : 0.9546
2024-05-23 23:56:23,463 - INFO - Test loss   : 0.4977
2024-05-23 23:56:23,463 - INFO - 
Epoch	26
2024-05-23 23:56:46,168 - INFO - [51200/66739]	Loss  : 0.9498
2024-05-23 23:56:51,360 - INFO - [66560/66739]	Loss  : 0.9506
2024-05-23 23:56:53,276 - INFO - Test loss   : 0.5054
2024-05-23 23:56:53,277 - INFO - 
Epoch	27
2024-05-23 23:57:17,003 - INFO - [51200/66739]	Loss  : 0.9499
2024-05-23 23:57:23,065 - INFO - [66560/66739]	Loss  : 0.9511
2024-05-23 23:57:24,937 - INFO - Test loss   : 0.5055
2024-05-23 23:57:24,937 - INFO - 
Epoch	28
2024-05-23 23:57:41,245 - INFO - [51200/66739]	Loss  : 0.9460
2024-05-23 23:57:42,379 - INFO - [66560/66739]	Loss  : 0.9475
2024-05-23 23:57:42,603 - INFO - Test loss   : 0.5097
2024-05-23 23:57:42,603 - INFO - 
Epoch	29
2024-05-23 23:57:58,208 - INFO - [51200/66739]	Loss  : 0.9433
2024-05-23 23:58:05,005 - INFO - [66560/66739]	Loss  : 0.9435
2024-05-23 23:58:06,750 - INFO - Test loss   : 0.5132
2024-05-23 23:58:06,751 - INFO - 
Epoch	30
2024-05-23 23:58:31,540 - INFO - [51200/66739]	Loss  : 0.9385
2024-05-23 23:58:38,048 - INFO - [66560/66739]	Loss  : 0.9402
2024-05-23 23:58:40,254 - INFO - Test loss   : 0.5120
2024-05-23 23:58:40,318 - INFO - (4449,)
2024-05-23 23:58:40,341 - INFO -  Split ID: 0
2024-05-23 23:58:40,343 - INFO -  Top 1	LocEnc (Epoch 30)acc (%):   13.06
2024-05-23 23:58:40,343 - INFO -  Top 3	LocEnc (Epoch 30)acc (%):   26.82
2024-05-23 23:58:40,347 - INFO -  Top 5	LocEnc (Epoch 30)acc (%):   36.66
2024-05-23 23:58:40,347 - INFO -  Top 10	LocEnc (Epoch 30)acc (%):   51.18
2024-05-23 23:58:40,348 - INFO - 
No prior
2024-05-23 23:58:40,350 - INFO - (17798,)
2024-05-23 23:58:40,445 - INFO -  Split ID: 0
2024-05-23 23:58:40,446 - INFO -  Top 1	(Epoch 30)acc (%):   50.15
2024-05-23 23:58:40,446 - INFO -  Top 3	(Epoch 30)acc (%):   73.9
2024-05-23 23:58:40,446 - INFO -  Top 5	(Epoch 30)acc (%):   82.45
2024-05-23 23:58:40,446 - INFO -  Top 10	(Epoch 30)acc (%):   91.06
2024-05-23 23:58:53,622 - INFO -  Split ID: 0
2024-05-23 23:58:53,622 - INFO -  Top 1	(Epoch 30)acc (%):   51.22
2024-05-23 23:58:53,622 - INFO -  Top 3	(Epoch 30)acc (%):   75.5
2024-05-23 23:58:53,622 - INFO -  Top 5	(Epoch 30)acc (%):   83.98
2024-05-23 23:58:53,622 - INFO -  Top 10	(Epoch 30)acc (%):   92.36
2024-05-23 23:58:53,625 - INFO - 
Epoch	31
2024-05-23 23:59:27,501 - INFO - [51200/66739]	Loss  : 0.9378
2024-05-23 23:59:39,713 - INFO - [66560/66739]	Loss  : 0.9383
2024-05-23 23:59:43,380 - INFO - Test loss   : 0.5165
2024-05-23 23:59:43,380 - INFO - 
Epoch	32
2024-05-24 00:00:27,357 - INFO - [51200/66739]	Loss  : 0.9337
2024-05-24 00:00:39,441 - INFO - [66560/66739]	Loss  : 0.9341
2024-05-24 00:00:43,088 - INFO - Test loss   : 0.5215
2024-05-24 00:00:43,089 - INFO - 
Epoch	33
2024-05-24 00:01:26,814 - INFO - [51200/66739]	Loss  : 0.9346
2024-05-24 00:01:38,928 - INFO - [66560/66739]	Loss  : 0.9339
2024-05-24 00:01:42,602 - INFO - Test loss   : 0.5204
2024-05-24 00:01:42,602 - INFO - 
Epoch	34
2024-05-24 00:02:26,476 - INFO - [51200/66739]	Loss  : 0.9299
2024-05-24 00:02:39,010 - INFO - [66560/66739]	Loss  : 0.9308
2024-05-24 00:02:42,791 - INFO - Test loss   : 0.5186
2024-05-24 00:02:42,791 - INFO - 
Epoch	35
2024-05-24 00:03:26,802 - INFO - [51200/66739]	Loss  : 0.9306
2024-05-24 00:03:39,177 - INFO - [66560/66739]	Loss  : 0.9299
2024-05-24 00:03:42,850 - INFO - Test loss   : 0.5218
2024-05-24 00:03:42,850 - INFO - 
Epoch	36
2024-05-24 00:04:26,714 - INFO - [51200/66739]	Loss  : 0.9273
2024-05-24 00:04:36,755 - INFO - [66560/66739]	Loss  : 0.9282
2024-05-24 00:04:40,380 - INFO - Test loss   : 0.5204
2024-05-24 00:04:40,380 - INFO - 
Epoch	37
2024-05-24 00:05:24,425 - INFO - [51200/66739]	Loss  : 0.9224
2024-05-24 00:05:36,810 - INFO - [66560/66739]	Loss  : 0.9241
2024-05-24 00:05:40,257 - INFO - Test loss   : 0.5251
2024-05-24 00:05:40,257 - INFO - 
Epoch	38
2024-05-24 00:06:24,129 - INFO - [51200/66739]	Loss  : 0.9220
2024-05-24 00:06:35,949 - INFO - [66560/66739]	Loss  : 0.9238
2024-05-24 00:06:39,838 - INFO - Test loss   : 0.5254
2024-05-24 00:06:39,838 - INFO - 
Epoch	39
2024-05-24 00:07:20,161 - INFO - [51200/66739]	Loss  : 0.9222
2024-05-24 00:07:32,332 - INFO - [66560/66739]	Loss  : 0.9209
2024-05-24 00:07:35,980 - INFO - Test loss   : 0.5286
2024-05-24 00:07:35,980 - INFO - 
Epoch	40
2024-05-24 00:08:19,847 - INFO - [51200/66739]	Loss  : 0.9207
2024-05-24 00:08:32,141 - INFO - [66560/66739]	Loss  : 0.9208
2024-05-24 00:08:35,817 - INFO - Test loss   : 0.5346
2024-05-24 00:08:35,863 - INFO - (4449,)
2024-05-24 00:08:35,886 - INFO -  Split ID: 0
2024-05-24 00:08:35,888 - INFO -  Top 1	LocEnc (Epoch 40)acc (%):   12.88
2024-05-24 00:08:35,888 - INFO -  Top 3	LocEnc (Epoch 40)acc (%):   27.4
2024-05-24 00:08:35,888 - INFO -  Top 5	LocEnc (Epoch 40)acc (%):   36.93
2024-05-24 00:08:35,888 - INFO -  Top 10	LocEnc (Epoch 40)acc (%):   51.72
2024-05-24 00:08:35,889 - INFO - 
No prior
2024-05-24 00:08:35,891 - INFO - (17798,)
2024-05-24 00:08:35,986 - INFO -  Split ID: 0
2024-05-24 00:08:35,987 - INFO -  Top 1	(Epoch 40)acc (%):   50.15
2024-05-24 00:08:35,987 - INFO -  Top 3	(Epoch 40)acc (%):   73.9
2024-05-24 00:08:35,987 - INFO -  Top 5	(Epoch 40)acc (%):   82.45
2024-05-24 00:08:35,987 - INFO -  Top 10	(Epoch 40)acc (%):   91.06
2024-05-24 00:08:55,919 - INFO -  Split ID: 0
2024-05-24 00:08:55,919 - INFO -  Top 1	(Epoch 40)acc (%):   51.23
2024-05-24 00:08:55,919 - INFO -  Top 3	(Epoch 40)acc (%):   75.58
2024-05-24 00:08:55,919 - INFO -  Top 5	(Epoch 40)acc (%):   84.07
2024-05-24 00:08:55,919 - INFO -  Top 10	(Epoch 40)acc (%):   92.41
2024-05-24 00:08:55,922 - INFO - 
Epoch	41
2024-05-24 00:09:39,962 - INFO - [51200/66739]	Loss  : 0.9184
2024-05-24 00:09:52,205 - INFO - [66560/66739]	Loss  : 0.9192
2024-05-24 00:09:55,846 - INFO - Test loss   : 0.5328
2024-05-24 00:09:55,846 - INFO - 
Epoch	42
2024-05-24 00:10:39,609 - INFO - [51200/66739]	Loss  : 0.9161
2024-05-24 00:10:51,812 - INFO - [66560/66739]	Loss  : 0.9182
2024-05-24 00:10:55,454 - INFO - Test loss   : 0.5298
2024-05-24 00:10:55,454 - INFO - 
Epoch	43
2024-05-24 00:11:39,452 - INFO - [51200/66739]	Loss  : 0.9147
2024-05-24 00:11:51,592 - INFO - [66560/66739]	Loss  : 0.9159
2024-05-24 00:11:55,360 - INFO - Test loss   : 0.5349
2024-05-24 00:11:55,360 - INFO - 
Epoch	44
2024-05-24 00:12:39,580 - INFO - [51200/66739]	Loss  : 0.9154
2024-05-24 00:12:51,331 - INFO - [66560/66739]	Loss  : 0.9144
2024-05-24 00:12:53,696 - INFO - Test loss   : 0.5341
2024-05-24 00:12:53,697 - INFO - 
Epoch	45
2024-05-24 00:13:37,329 - INFO - [51200/66739]	Loss  : 0.9116
2024-05-24 00:13:49,688 - INFO - [66560/66739]	Loss  : 0.9121
2024-05-24 00:13:53,404 - INFO - Test loss   : 0.5422
2024-05-24 00:13:53,404 - INFO - 
Epoch	46
2024-05-24 00:14:37,647 - INFO - [51200/66739]	Loss  : 0.9102
2024-05-24 00:14:50,009 - INFO - [66560/66739]	Loss  : 0.9109
2024-05-24 00:14:53,659 - INFO - Test loss   : 0.5446
2024-05-24 00:14:53,660 - INFO - 
Epoch	47
2024-05-24 00:15:23,606 - INFO - [51200/66739]	Loss  : 0.9080
2024-05-24 00:15:30,671 - INFO - [66560/66739]	Loss  : 0.9085
2024-05-24 00:15:31,915 - INFO - Test loss   : 0.5429
2024-05-24 00:15:31,915 - INFO - 
Epoch	48
2024-05-24 00:15:55,197 - INFO - [51200/66739]	Loss  : 0.9050
2024-05-24 00:16:02,222 - INFO - [66560/66739]	Loss  : 0.9047
2024-05-24 00:16:04,272 - INFO - Test loss   : 0.5431
2024-05-24 00:16:04,272 - INFO - 
Epoch	49
2024-05-24 00:16:28,881 - INFO - [51200/66739]	Loss  : 0.9046
2024-05-24 00:16:35,970 - INFO - [66560/66739]	Loss  : 0.9059
2024-05-24 00:16:37,903 - INFO - Test loss   : 0.5481
2024-05-24 00:16:37,903 - INFO - 
Epoch	50
2024-05-24 00:17:02,040 - INFO - [51200/66739]	Loss  : 0.9042
2024-05-24 00:17:08,805 - INFO - [66560/66739]	Loss  : 0.9046
2024-05-24 00:17:10,576 - INFO - Test loss   : 0.5459
2024-05-24 00:17:10,629 - INFO - (4449,)
2024-05-24 00:17:10,652 - INFO -  Split ID: 0
2024-05-24 00:17:10,653 - INFO -  Top 1	LocEnc (Epoch 50)acc (%):   13.15
2024-05-24 00:17:10,654 - INFO -  Top 3	LocEnc (Epoch 50)acc (%):   27.6
2024-05-24 00:17:10,654 - INFO -  Top 5	LocEnc (Epoch 50)acc (%):   37.2
2024-05-24 00:17:10,654 - INFO -  Top 10	LocEnc (Epoch 50)acc (%):   52.53
2024-05-24 00:17:10,654 - INFO - 
No prior
2024-05-24 00:17:10,657 - INFO - (17798,)
2024-05-24 00:17:10,752 - INFO -  Split ID: 0
2024-05-24 00:17:10,752 - INFO -  Top 1	(Epoch 50)acc (%):   50.15
2024-05-24 00:17:10,753 - INFO -  Top 3	(Epoch 50)acc (%):   73.9
2024-05-24 00:17:10,753 - INFO -  Top 5	(Epoch 50)acc (%):   82.45
2024-05-24 00:17:10,753 - INFO -  Top 10	(Epoch 50)acc (%):   91.06
2024-05-24 00:17:24,265 - INFO -  Split ID: 0
2024-05-24 00:17:24,265 - INFO -  Top 1	(Epoch 50)acc (%):   51.25
2024-05-24 00:17:24,266 - INFO -  Top 3	(Epoch 50)acc (%):   75.5
2024-05-24 00:17:24,266 - INFO -  Top 5	(Epoch 50)acc (%):   84.14
2024-05-24 00:17:24,266 - INFO -  Top 10	(Epoch 50)acc (%):   92.4
2024-05-24 00:17:24,268 - INFO - 
Epoch	51
2024-05-24 00:17:48,690 - INFO - [51200/66739]	Loss  : 0.9012
2024-05-24 00:17:56,087 - INFO - [66560/66739]	Loss  : 0.9035
2024-05-24 00:17:57,897 - INFO - Test loss   : 0.5449
2024-05-24 00:17:57,897 - INFO - 
Epoch	52
2024-05-24 00:18:09,120 - INFO - [51200/66739]	Loss  : 0.9015
2024-05-24 00:18:10,229 - INFO - [66560/66739]	Loss  : 0.9017
2024-05-24 00:18:10,455 - INFO - Test loss   : 0.5507
2024-05-24 00:18:10,456 - INFO - 
Epoch	53
2024-05-24 00:18:28,128 - INFO - [51200/66739]	Loss  : 0.8996
2024-05-24 00:18:34,049 - INFO - [66560/66739]	Loss  : 0.9013
2024-05-24 00:18:35,707 - INFO - Test loss   : 0.5502
2024-05-24 00:18:35,707 - INFO - 
Epoch	54
2024-05-24 00:18:59,510 - INFO - [51200/66739]	Loss  : 0.9002
2024-05-24 00:19:05,827 - INFO - [66560/66739]	Loss  : 0.9001
2024-05-24 00:19:07,727 - INFO - Test loss   : 0.5490
2024-05-24 00:19:07,728 - INFO - 
Epoch	55
2024-05-24 00:19:30,008 - INFO - [51200/66739]	Loss  : 0.8977
2024-05-24 00:19:37,238 - INFO - [66560/66739]	Loss  : 0.8987
2024-05-24 00:19:38,988 - INFO - Test loss   : 0.5488
2024-05-24 00:19:38,988 - INFO - 
Epoch	56
2024-05-24 00:20:02,701 - INFO - [51200/66739]	Loss  : 0.8988
2024-05-24 00:20:09,876 - INFO - [66560/66739]	Loss  : 0.8979
2024-05-24 00:20:11,529 - INFO - Test loss   : 0.5550
2024-05-24 00:20:11,529 - INFO - 
Epoch	57
2024-05-24 00:20:34,013 - INFO - [51200/66739]	Loss  : 0.8961
2024-05-24 00:20:40,993 - INFO - [66560/66739]	Loss  : 0.8967
2024-05-24 00:20:43,139 - INFO - Test loss   : 0.5544
2024-05-24 00:20:43,139 - INFO - 
Epoch	58
2024-05-24 00:21:05,687 - INFO - [51200/66739]	Loss  : 0.8940
2024-05-24 00:21:11,509 - INFO - [66560/66739]	Loss  : 0.8941
2024-05-24 00:21:13,305 - INFO - Test loss   : 0.5615
2024-05-24 00:21:13,305 - INFO - 
Epoch	59
2024-05-24 00:21:37,388 - INFO - [51200/66739]	Loss  : 0.8945
2024-05-24 00:21:43,893 - INFO - [66560/66739]	Loss  : 0.8952
2024-05-24 00:21:45,848 - INFO - Test loss   : 0.5586
2024-05-24 00:21:45,848 - INFO - 
Epoch	60
2024-05-24 00:22:09,942 - INFO - [51200/66739]	Loss  : 0.8943
2024-05-24 00:22:16,355 - INFO - [66560/66739]	Loss  : 0.8947
2024-05-24 00:22:17,912 - INFO - Test loss   : 0.5627
2024-05-24 00:22:18,006 - INFO - (4449,)
2024-05-24 00:22:18,029 - INFO -  Split ID: 0
2024-05-24 00:22:18,031 - INFO -  Top 1	LocEnc (Epoch 60)acc (%):   13.1
2024-05-24 00:22:18,031 - INFO -  Top 3	LocEnc (Epoch 60)acc (%):   27.92
2024-05-24 00:22:18,032 - INFO -  Top 5	LocEnc (Epoch 60)acc (%):   37.87
2024-05-24 00:22:18,032 - INFO -  Top 10	LocEnc (Epoch 60)acc (%):   52.46
2024-05-24 00:22:18,032 - INFO - 
No prior
2024-05-24 00:22:18,034 - INFO - (17798,)
2024-05-24 00:22:18,130 - INFO -  Split ID: 0
2024-05-24 00:22:18,130 - INFO -  Top 1	(Epoch 60)acc (%):   50.15
2024-05-24 00:22:18,130 - INFO -  Top 3	(Epoch 60)acc (%):   73.9
2024-05-24 00:22:18,130 - INFO -  Top 5	(Epoch 60)acc (%):   82.45
2024-05-24 00:22:18,130 - INFO -  Top 10	(Epoch 60)acc (%):   91.06
2024-05-24 00:22:31,587 - INFO -  Split ID: 0
2024-05-24 00:22:31,587 - INFO -  Top 1	(Epoch 60)acc (%):   51.18
2024-05-24 00:22:31,587 - INFO -  Top 3	(Epoch 60)acc (%):   75.45
2024-05-24 00:22:31,588 - INFO -  Top 5	(Epoch 60)acc (%):   84.05
2024-05-24 00:22:31,588 - INFO -  Top 10	(Epoch 60)acc (%):   92.3
2024-05-24 00:22:31,590 - INFO - 
Epoch	61
2024-05-24 00:22:38,183 - INFO - [51200/66739]	Loss  : 0.8897
2024-05-24 00:22:41,619 - INFO - [66560/66739]	Loss  : 0.8903
2024-05-24 00:22:43,270 - INFO - Test loss   : 0.5643
2024-05-24 00:22:43,270 - INFO - 
Epoch	62
2024-05-24 00:23:08,433 - INFO - [51200/66739]	Loss  : 0.8886
2024-05-24 00:23:15,620 - INFO - [66560/66739]	Loss  : 0.8890
2024-05-24 00:23:17,485 - INFO - Test loss   : 0.5614
2024-05-24 00:23:17,486 - INFO - 
Epoch	63
2024-05-24 00:23:42,063 - INFO - [51200/66739]	Loss  : 0.8915
2024-05-24 00:23:49,154 - INFO - [66560/66739]	Loss  : 0.8896
2024-05-24 00:23:51,307 - INFO - Test loss   : 0.5673
2024-05-24 00:23:51,307 - INFO - 
Epoch	64
2024-05-24 00:24:15,193 - INFO - [51200/66739]	Loss  : 0.8865
2024-05-24 00:24:22,080 - INFO - [66560/66739]	Loss  : 0.8877
2024-05-24 00:24:24,232 - INFO - Test loss   : 0.5658
2024-05-24 00:24:24,232 - INFO - 
Epoch	65
2024-05-24 00:24:48,770 - INFO - [51200/66739]	Loss  : 0.8891
2024-05-24 00:24:55,278 - INFO - [66560/66739]	Loss  : 0.8884
2024-05-24 00:24:57,191 - INFO - Test loss   : 0.5658
2024-05-24 00:24:57,192 - INFO - 
Epoch	66
2024-05-24 00:25:22,143 - INFO - [51200/66739]	Loss  : 0.8857
2024-05-24 00:25:28,912 - INFO - [66560/66739]	Loss  : 0.8857
2024-05-24 00:25:30,902 - INFO - Test loss   : 0.5715
2024-05-24 00:25:30,902 - INFO - 
Epoch	67
2024-05-24 00:25:55,107 - INFO - [51200/66739]	Loss  : 0.8847
2024-05-24 00:26:01,849 - INFO - [66560/66739]	Loss  : 0.8864
2024-05-24 00:26:03,825 - INFO - Test loss   : 0.5706
2024-05-24 00:26:03,826 - INFO - 
Epoch	68
2024-05-24 00:26:28,874 - INFO - [51200/66739]	Loss  : 0.8853
2024-05-24 00:26:35,741 - INFO - [66560/66739]	Loss  : 0.8858
2024-05-24 00:26:37,667 - INFO - Test loss   : 0.5657
2024-05-24 00:26:37,667 - INFO - 
Epoch	69
2024-05-24 00:26:48,474 - INFO - [51200/66739]	Loss  : 0.8815
2024-05-24 00:26:50,043 - INFO - [66560/66739]	Loss  : 0.8831
2024-05-24 00:26:51,241 - INFO - Test loss   : 0.5707
2024-05-24 00:26:51,241 - INFO - 
Epoch	70
2024-05-24 00:27:15,367 - INFO - [51200/66739]	Loss  : 0.8816
2024-05-24 00:27:21,656 - INFO - [66560/66739]	Loss  : 0.8841
2024-05-24 00:27:23,758 - INFO - Test loss   : 0.5675
2024-05-24 00:27:23,818 - INFO - (4449,)
2024-05-24 00:27:23,846 - INFO -  Split ID: 0
2024-05-24 00:27:23,848 - INFO -  Top 1	LocEnc (Epoch 70)acc (%):   13.35
2024-05-24 00:27:23,848 - INFO -  Top 3	LocEnc (Epoch 70)acc (%):   28.37
2024-05-24 00:27:23,849 - INFO -  Top 5	LocEnc (Epoch 70)acc (%):   38.03
2024-05-24 00:27:23,849 - INFO -  Top 10	LocEnc (Epoch 70)acc (%):   52.69
2024-05-24 00:27:23,849 - INFO - 
No prior
2024-05-24 00:27:23,852 - INFO - (17798,)
2024-05-24 00:27:23,952 - INFO -  Split ID: 0
2024-05-24 00:27:23,952 - INFO -  Top 1	(Epoch 70)acc (%):   50.15
2024-05-24 00:27:23,952 - INFO -  Top 3	(Epoch 70)acc (%):   73.9
2024-05-24 00:27:23,952 - INFO -  Top 5	(Epoch 70)acc (%):   82.45
2024-05-24 00:27:23,952 - INFO -  Top 10	(Epoch 70)acc (%):   91.06
2024-05-24 00:27:37,427 - INFO -  Split ID: 0
2024-05-24 00:27:37,427 - INFO -  Top 1	(Epoch 70)acc (%):   51.2
2024-05-24 00:27:37,427 - INFO -  Top 3	(Epoch 70)acc (%):   75.4
2024-05-24 00:27:37,427 - INFO -  Top 5	(Epoch 70)acc (%):   84.11
2024-05-24 00:27:37,428 - INFO -  Top 10	(Epoch 70)acc (%):   92.35
2024-05-24 00:27:37,430 - INFO - 
Epoch	71
2024-05-24 00:28:01,494 - INFO - [51200/66739]	Loss  : 0.8829
2024-05-24 00:28:08,944 - INFO - [66560/66739]	Loss  : 0.8837
2024-05-24 00:28:10,565 - INFO - Test loss   : 0.5735
2024-05-24 00:28:10,565 - INFO - 
Epoch	72
2024-05-24 00:28:32,727 - INFO - [51200/66739]	Loss  : 0.8799
2024-05-24 00:28:38,302 - INFO - [66560/66739]	Loss  : 0.8806
2024-05-24 00:28:39,770 - INFO - Test loss   : 0.5755
2024-05-24 00:28:39,771 - INFO - 
Epoch	73
2024-05-24 00:29:02,234 - INFO - [51200/66739]	Loss  : 0.8807
2024-05-24 00:29:07,904 - INFO - [66560/66739]	Loss  : 0.8813
2024-05-24 00:29:10,000 - INFO - Test loss   : 0.5758
2024-05-24 00:29:10,000 - INFO - 
Epoch	74
2024-05-24 00:29:33,435 - INFO - [51200/66739]	Loss  : 0.8802
2024-05-24 00:29:40,270 - INFO - [66560/66739]	Loss  : 0.8784
2024-05-24 00:29:42,314 - INFO - Test loss   : 0.5792
2024-05-24 00:29:42,314 - INFO - 
Epoch	75
2024-05-24 00:30:05,543 - INFO - [51200/66739]	Loss  : 0.8792
2024-05-24 00:30:11,653 - INFO - [66560/66739]	Loss  : 0.8792
2024-05-24 00:30:13,725 - INFO - Test loss   : 0.5784
2024-05-24 00:30:13,725 - INFO - 
Epoch	76
2024-05-24 00:30:35,451 - INFO - [51200/66739]	Loss  : 0.8800
2024-05-24 00:30:41,166 - INFO - [66560/66739]	Loss  : 0.8787
2024-05-24 00:30:42,605 - INFO - Test loss   : 0.5794
2024-05-24 00:30:42,605 - INFO - 
Epoch	77
2024-05-24 00:31:05,339 - INFO - [51200/66739]	Loss  : 0.8763
2024-05-24 00:31:06,516 - INFO - [66560/66739]	Loss  : 0.8781
2024-05-24 00:31:06,776 - INFO - Test loss   : 0.5752
2024-05-24 00:31:06,777 - INFO - 
Epoch	78
2024-05-24 00:31:20,126 - INFO - [51200/66739]	Loss  : 0.8780
2024-05-24 00:31:27,046 - INFO - [66560/66739]	Loss  : 0.8784
2024-05-24 00:31:29,055 - INFO - Test loss   : 0.5818
2024-05-24 00:31:29,055 - INFO - 
Epoch	79
2024-05-24 00:31:53,493 - INFO - [51200/66739]	Loss  : 0.8757
2024-05-24 00:32:00,382 - INFO - [66560/66739]	Loss  : 0.8761
2024-05-24 00:32:02,677 - INFO - Test loss   : 0.5786
2024-05-24 00:32:02,677 - INFO - 
Epoch	80
2024-05-24 00:32:27,184 - INFO - [51200/66739]	Loss  : 0.8752
2024-05-24 00:32:34,116 - INFO - [66560/66739]	Loss  : 0.8754
2024-05-24 00:32:36,000 - INFO - Test loss   : 0.5874
2024-05-24 00:32:36,043 - INFO - (4449,)
2024-05-24 00:32:36,066 - INFO -  Split ID: 0
2024-05-24 00:32:36,068 - INFO -  Top 1	LocEnc (Epoch 80)acc (%):   13.53
2024-05-24 00:32:36,068 - INFO -  Top 3	LocEnc (Epoch 80)acc (%):   28.93
2024-05-24 00:32:36,068 - INFO -  Top 5	LocEnc (Epoch 80)acc (%):   38.28
2024-05-24 00:32:36,069 - INFO -  Top 10	LocEnc (Epoch 80)acc (%):   53.25
2024-05-24 00:32:36,069 - INFO - 
No prior
2024-05-24 00:32:36,071 - INFO - (17798,)
2024-05-24 00:32:36,167 - INFO -  Split ID: 0
2024-05-24 00:32:36,167 - INFO -  Top 1	(Epoch 80)acc (%):   50.15
2024-05-24 00:32:36,167 - INFO -  Top 3	(Epoch 80)acc (%):   73.9
2024-05-24 00:32:36,167 - INFO -  Top 5	(Epoch 80)acc (%):   82.45
2024-05-24 00:32:36,167 - INFO -  Top 10	(Epoch 80)acc (%):   91.06
2024-05-24 00:32:49,628 - INFO -  Split ID: 0
2024-05-24 00:32:49,628 - INFO -  Top 1	(Epoch 80)acc (%):   51.15
2024-05-24 00:32:49,628 - INFO -  Top 3	(Epoch 80)acc (%):   75.38
2024-05-24 00:32:49,628 - INFO -  Top 5	(Epoch 80)acc (%):   84.13
2024-05-24 00:32:49,628 - INFO -  Top 10	(Epoch 80)acc (%):   92.3
2024-05-24 00:32:49,631 - INFO - 
Epoch	81
2024-05-24 00:33:14,683 - INFO - [51200/66739]	Loss  : 0.8744
2024-05-24 00:33:21,350 - INFO - [66560/66739]	Loss  : 0.8737
2024-05-24 00:33:23,664 - INFO - Test loss   : 0.5886
2024-05-24 00:33:23,664 - INFO - 
Epoch	82
2024-05-24 00:33:48,157 - INFO - [51200/66739]	Loss  : 0.8741
2024-05-24 00:33:55,235 - INFO - [66560/66739]	Loss  : 0.8744
2024-05-24 00:33:57,109 - INFO - Test loss   : 0.5836
2024-05-24 00:33:57,109 - INFO - 
Epoch	83
2024-05-24 00:34:20,192 - INFO - [51200/66739]	Loss  : 0.8752
2024-05-24 00:34:27,269 - INFO - [66560/66739]	Loss  : 0.8730
2024-05-24 00:34:29,345 - INFO - Test loss   : 0.5872
2024-05-24 00:34:29,345 - INFO - 
Epoch	84
2024-05-24 00:34:53,723 - INFO - [51200/66739]	Loss  : 0.8732
2024-05-24 00:35:00,913 - INFO - [66560/66739]	Loss  : 0.8731
2024-05-24 00:35:02,831 - INFO - Test loss   : 0.5852
2024-05-24 00:35:02,831 - INFO - 
Epoch	85
2024-05-24 00:35:17,560 - INFO - [51200/66739]	Loss  : 0.8734
2024-05-24 00:35:18,690 - INFO - [66560/66739]	Loss  : 0.8729
2024-05-24 00:35:18,919 - INFO - Test loss   : 0.5881
2024-05-24 00:35:18,919 - INFO - 
Epoch	86
2024-05-24 00:35:39,392 - INFO - [51200/66739]	Loss  : 0.8708
2024-05-24 00:35:45,493 - INFO - [66560/66739]	Loss  : 0.8714
2024-05-24 00:35:47,153 - INFO - Test loss   : 0.5900
2024-05-24 00:35:47,153 - INFO - 
Epoch	87
2024-05-24 00:36:07,748 - INFO - [51200/66739]	Loss  : 0.8723
2024-05-24 00:36:13,947 - INFO - [66560/66739]	Loss  : 0.8715
2024-05-24 00:36:16,000 - INFO - Test loss   : 0.5905
2024-05-24 00:36:16,000 - INFO - 
Epoch	88
2024-05-24 00:36:39,745 - INFO - [51200/66739]	Loss  : 0.8699
2024-05-24 00:36:45,141 - INFO - [66560/66739]	Loss  : 0.8704
2024-05-24 00:36:46,863 - INFO - Test loss   : 0.5866
2024-05-24 00:36:46,864 - INFO - 
Epoch	89
2024-05-24 00:37:09,683 - INFO - [51200/66739]	Loss  : 0.8703
2024-05-24 00:37:15,429 - INFO - [66560/66739]	Loss  : 0.8706
2024-05-24 00:37:17,391 - INFO - Test loss   : 0.5902
2024-05-24 00:37:17,391 - INFO - 
Epoch	90
2024-05-24 00:37:39,865 - INFO - [51200/66739]	Loss  : 0.8712
2024-05-24 00:37:46,248 - INFO - [66560/66739]	Loss  : 0.8702
2024-05-24 00:37:47,917 - INFO - Test loss   : 0.5955
2024-05-24 00:37:47,972 - INFO - (4449,)
2024-05-24 00:37:47,995 - INFO -  Split ID: 0
2024-05-24 00:37:47,997 - INFO -  Top 1	LocEnc (Epoch 90)acc (%):   13.46
2024-05-24 00:37:47,997 - INFO -  Top 3	LocEnc (Epoch 90)acc (%):   28.5
2024-05-24 00:37:47,997 - INFO -  Top 5	LocEnc (Epoch 90)acc (%):   38.55
2024-05-24 00:37:47,998 - INFO -  Top 10	LocEnc (Epoch 90)acc (%):   53.34
2024-05-24 00:37:47,998 - INFO - 
No prior
2024-05-24 00:37:48,000 - INFO - (17798,)
2024-05-24 00:37:48,096 - INFO -  Split ID: 0
2024-05-24 00:37:48,097 - INFO -  Top 1	(Epoch 90)acc (%):   50.15
2024-05-24 00:37:48,097 - INFO -  Top 3	(Epoch 90)acc (%):   73.9
2024-05-24 00:37:48,097 - INFO -  Top 5	(Epoch 90)acc (%):   82.45
2024-05-24 00:37:48,097 - INFO -  Top 10	(Epoch 90)acc (%):   91.06
2024-05-24 00:38:01,575 - INFO -  Split ID: 0
2024-05-24 00:38:01,575 - INFO -  Top 1	(Epoch 90)acc (%):   51.17
2024-05-24 00:38:01,575 - INFO -  Top 3	(Epoch 90)acc (%):   75.38
2024-05-24 00:38:01,576 - INFO -  Top 5	(Epoch 90)acc (%):   84.12
2024-05-24 00:38:01,576 - INFO -  Top 10	(Epoch 90)acc (%):   92.26
2024-05-24 00:38:01,579 - INFO - 
Epoch	91
2024-05-24 00:38:25,127 - INFO - [51200/66739]	Loss  : 0.8698
2024-05-24 00:38:31,373 - INFO - [66560/66739]	Loss  : 0.8705
2024-05-24 00:38:33,236 - INFO - Test loss   : 0.5891
2024-05-24 00:38:33,236 - INFO - 
Epoch	92
2024-05-24 00:38:55,997 - INFO - [51200/66739]	Loss  : 0.8668
2024-05-24 00:39:02,360 - INFO - [66560/66739]	Loss  : 0.8682
2024-05-24 00:39:04,234 - INFO - Test loss   : 0.5907
2024-05-24 00:39:04,234 - INFO - 
Epoch	93
2024-05-24 00:39:24,988 - INFO - [51200/66739]	Loss  : 0.8680
2024-05-24 00:39:32,625 - INFO - [66560/66739]	Loss  : 0.8681
2024-05-24 00:39:34,509 - INFO - Test loss   : 0.5921
2024-05-24 00:39:34,509 - INFO - 
Epoch	94
2024-05-24 00:39:54,940 - INFO - [51200/66739]	Loss  : 0.8670
2024-05-24 00:40:02,083 - INFO - [66560/66739]	Loss  : 0.8668
2024-05-24 00:40:03,585 - INFO - Test loss   : 0.5947
2024-05-24 00:40:03,586 - INFO - 
Epoch	95
2024-05-24 00:40:25,430 - INFO - [51200/66739]	Loss  : 0.8664
2024-05-24 00:40:31,627 - INFO - [66560/66739]	Loss  : 0.8658
2024-05-24 00:40:33,743 - INFO - Test loss   : 0.5949
2024-05-24 00:40:33,743 - INFO - 
Epoch	96
2024-05-24 00:40:57,534 - INFO - [51200/66739]	Loss  : 0.8666
2024-05-24 00:41:04,159 - INFO - [66560/66739]	Loss  : 0.8674
2024-05-24 00:41:05,924 - INFO - Test loss   : 0.5981
2024-05-24 00:41:05,924 - INFO - 
Epoch	97
2024-05-24 00:41:28,533 - INFO - [51200/66739]	Loss  : 0.8646
2024-05-24 00:41:35,763 - INFO - [66560/66739]	Loss  : 0.8651
2024-05-24 00:41:37,177 - INFO - Test loss   : 0.5946
2024-05-24 00:41:37,177 - INFO - 
Epoch	98
2024-05-24 00:41:59,855 - INFO - [51200/66739]	Loss  : 0.8644
2024-05-24 00:42:06,069 - INFO - [66560/66739]	Loss  : 0.8659
2024-05-24 00:42:07,909 - INFO - Test loss   : 0.5979
2024-05-24 00:42:07,909 - INFO - 
Epoch	99
2024-05-24 00:42:31,058 - INFO - [51200/66739]	Loss  : 0.8641
2024-05-24 00:42:36,820 - INFO - [66560/66739]	Loss  : 0.8653
2024-05-24 00:42:38,598 - INFO - Test loss   : 0.5944
2024-05-24 00:42:38,598 - INFO - Saving output model to ../models/sphere2vec_sphereM/model_yfcc_Sphere2Vec-sphereM_inception_v3_0.0010_64_0.0005000_1_512.pth.tar
2024-05-24 00:42:38,606 - INFO - Saving output model to ../models/sphere2vec_sphereM/model_yfcc_Sphere2Vec-sphereM_inception_v3_0.0010_64_0.0005000_1_512.pth.tar
2024-05-24 00:42:38,622 - INFO - 
No prior
2024-05-24 00:42:38,625 - INFO - (17798,)
2024-05-24 00:42:38,721 - INFO -  Split ID: 0
2024-05-24 00:42:38,722 - INFO -  Top 1	acc (%):   50.15
2024-05-24 00:42:38,722 - INFO -  Top 3	acc (%):   73.9
2024-05-24 00:42:38,722 - INFO -  Top 5	acc (%):   82.45
2024-05-24 00:42:38,722 - INFO -  Top 10	acc (%):   91.06
2024-05-24 00:42:52,292 - INFO -  Split ID: 0
2024-05-24 00:42:52,292 - INFO -  Top 1	acc (%):   51.18
2024-05-24 00:42:52,292 - INFO -  Top 3	acc (%):   75.36
2024-05-24 00:42:52,292 - INFO -  Top 5	acc (%):   84.12
2024-05-24 00:42:52,292 - INFO -  Top 10	acc (%):   92.22
2024-05-24 00:42:52,295 - INFO - 
Sphere2Vec-sphereM
2024-05-24 00:42:52,295 - INFO -  Model :	model_yfcc_Sphere2Vec-sphereM_inception_v3_0.0010_64_0.0005000_1_512.pth.tar
2024-05-24 00:42:52,364 - INFO - (4449,)
2024-05-24 00:42:52,388 - INFO -  Split ID: 0
2024-05-24 00:42:52,390 - INFO -  Top 1	LocEnc acc (%):   13.78
2024-05-24 00:42:52,390 - INFO -  Top 3	LocEnc acc (%):   29.4
2024-05-24 00:42:52,391 - INFO -  Top 5	LocEnc acc (%):   38.41
2024-05-24 00:42:52,391 - INFO -  Top 10	LocEnc acc (%):   53.74
2024-05-30 19:30:10,885 - INFO - 
num_classes	100
2024-05-30 19:30:10,911 - INFO - num train    	66739
2024-05-30 19:30:10,911 - INFO - num val      	4449
2024-05-30 19:30:10,911 - INFO - train loss   	full_loss
2024-05-30 19:30:10,911 - INFO - model name   	../models/sphere2vec_sphereM/model_yfcc_Sphere2Vec-sphereM_inception_v3_0.0010_64_0.0005000_1_512.pth.tar
2024-05-30 19:30:10,911 - INFO - num users    	1
2024-05-30 19:30:11,081 - INFO - 
Only Sphere2Vec-sphereM
2024-05-30 19:30:11,082 - INFO -  Model :	model_yfcc_Sphere2Vec-sphereM_inception_v3_0.0010_64_0.0005000_1_512.pth.tar
2024-05-30 19:30:11,194 - INFO - Saving output model to ../models/sphere2vec_sphereM/model_yfcc_Sphere2Vec-sphereM_inception_v3_0.0010_64_0.0005000_1_512.pth.tar
2024-05-30 19:30:11,213 - INFO - Saving output model to ../models/sphere2vec_sphereM/model_yfcc_Sphere2Vec-sphereM_inception_v3_0.0010_64_0.0005000_1_512.pth.tar
2024-05-30 19:30:11,228 - INFO - 
No prior
2024-05-30 19:30:11,231 - INFO - (17798,)
2024-05-30 19:30:11,620 - INFO - Save results to ../eval_results/eval_yfcc__test_no_prior.csv
2024-05-30 19:30:11,621 - INFO -  Split ID: 0
2024-05-30 19:30:11,621 - INFO -  Top 1	acc (%):   50.15
2024-05-30 19:30:11,621 - INFO -  Top 3	acc (%):   73.9
2024-05-30 19:30:11,621 - INFO -  Top 5	acc (%):   82.45
2024-05-30 19:30:11,621 - INFO -  Top 10	acc (%):   91.06
2024-05-30 19:30:25,851 - INFO -  Split ID: 0
2024-05-30 19:30:25,851 - INFO -  Top 1	hit (%):   51.18
2024-05-30 19:30:25,851 - INFO -  Top 3	hit (%):   75.36
2024-05-30 19:30:25,851 - INFO -  Top 5	hit (%):   84.12
2024-05-30 19:30:25,851 - INFO -  Top 10	hit (%):   92.22
2024-05-30 19:30:25,855 - INFO - 
Only Sphere2Vec-sphereM
2024-05-30 19:30:25,855 - INFO -  Model :	model_yfcc_Sphere2Vec-sphereM_inception_v3_0.0010_64_0.0005000_1_512.pth.tar
2024-05-30 19:30:25,923 - INFO - (4449,)
2024-05-30 19:30:25,949 - INFO -  Split ID: 0
2024-05-30 19:30:25,950 - INFO -  Top 1	LocEnc acc (%):   13.78
2024-05-30 19:30:25,950 - INFO -  Top 3	LocEnc acc (%):   29.4
2024-05-30 19:30:25,951 - INFO -  Top 5	LocEnc acc (%):   38.41
2024-05-30 19:30:25,951 - INFO -  Top 10	LocEnc acc (%):   53.74
