2024-05-29 15:58:11,712 - INFO - 
num_classes	5089
2024-05-29 15:58:11,712 - INFO - num train    	569465
2024-05-29 15:58:11,712 - INFO - num val      	93622
2024-05-29 15:58:11,712 - INFO - train loss   	full_loss
2024-05-29 15:58:11,712 - INFO - model name   	../models/sphere2vec_sphereM/model_inat_2017_Sphere2Vec-sphereM_inception_v3_0.0001_32_0.0100000_1_1024.pth.tar
2024-05-29 15:58:11,712 - INFO - num users    	17302
2024-05-29 15:58:12,141 - INFO - Cannot load model since it not exist - ../models/sphere2vec_sphereM/model_inat_2017_Sphere2Vec-sphereM_inception_v3_0.0001_32_0.0100000_1_1024.pth.tar
2024-05-29 15:58:12,141 - INFO - 
Epoch	0
2024-05-29 15:59:30,964 - INFO - [51200/569465]	Loss  : 2.1245
2024-05-29 16:00:48,635 - INFO - [102400/569465]	Loss  : 2.0375
2024-05-29 16:02:01,448 - INFO - [153600/569465]	Loss  : 1.9587
2024-05-29 16:03:13,483 - INFO - [204800/569465]	Loss  : 1.8766
2024-05-29 16:04:30,286 - INFO - [256000/569465]	Loss  : 1.8015
2024-05-29 16:04:47,432 - INFO - [268288/569465]	Loss  : 1.7863
2024-05-29 16:07:07,592 - INFO - Test loss   : 0.8194
2024-05-29 16:07:07,592 - INFO - 
Epoch	1
2024-05-29 16:08:26,374 - INFO - [51200/569465]	Loss  : 1.3991
2024-05-29 16:09:41,934 - INFO - [102400/569465]	Loss  : 1.3734
2024-05-29 16:10:59,044 - INFO - [153600/569465]	Loss  : 1.3474
2024-05-29 16:12:15,767 - INFO - [204800/569465]	Loss  : 1.3220
2024-05-29 16:13:33,023 - INFO - [256000/569465]	Loss  : 1.2975
2024-05-29 16:13:50,392 - INFO - [268288/569465]	Loss  : 1.2920
2024-05-29 16:16:09,222 - INFO - Test loss   : 0.7300
2024-05-29 16:16:09,222 - INFO - 
Epoch	2
2024-05-29 16:17:27,493 - INFO - [51200/569465]	Loss  : 1.1352
2024-05-29 16:18:44,860 - INFO - [102400/569465]	Loss  : 1.1168
2024-05-29 16:20:01,512 - INFO - [153600/569465]	Loss  : 1.0988
2024-05-29 16:21:18,496 - INFO - [204800/569465]	Loss  : 1.0832
2024-05-29 16:22:31,821 - INFO - [256000/569465]	Loss  : 1.0677
2024-05-29 16:22:46,261 - INFO - [268288/569465]	Loss  : 1.0642
2024-05-29 16:25:06,214 - INFO - Test loss   : 0.5973
2024-05-29 16:25:06,215 - INFO - 
Epoch	3
2024-05-29 16:26:24,564 - INFO - [51200/569465]	Loss  : 0.9683
2024-05-29 16:27:41,676 - INFO - [102400/569465]	Loss  : 0.9599
2024-05-29 16:28:58,284 - INFO - [153600/569465]	Loss  : 0.9514
2024-05-29 16:30:14,779 - INFO - [204800/569465]	Loss  : 0.9419
2024-05-29 16:31:32,241 - INFO - [256000/569465]	Loss  : 0.9330
2024-05-29 16:31:49,710 - INFO - [268288/569465]	Loss  : 0.9306
2024-05-29 16:34:09,279 - INFO - Test loss   : 0.5165
2024-05-29 16:34:09,279 - INFO - 
Epoch	4
2024-05-29 16:35:28,427 - INFO - [51200/569465]	Loss  : 0.8775
2024-05-29 16:36:45,736 - INFO - [102400/569465]	Loss  : 0.8699
2024-05-29 16:38:02,800 - INFO - [153600/569465]	Loss  : 0.8637
2024-05-29 16:39:19,601 - INFO - [204800/569465]	Loss  : 0.8577
2024-05-29 16:40:36,696 - INFO - [256000/569465]	Loss  : 0.8527
2024-05-29 16:40:54,035 - INFO - [268288/569465]	Loss  : 0.8514
2024-05-29 16:43:13,629 - INFO - Test loss   : 0.4686
2024-05-29 16:43:13,630 - INFO - 
Epoch	5
2024-05-29 16:44:32,475 - INFO - [51200/569465]	Loss  : 0.8124
2024-05-29 16:45:49,617 - INFO - [102400/569465]	Loss  : 0.8083
2024-05-29 16:47:06,500 - INFO - [153600/569465]	Loss  : 0.8055
2024-05-29 16:48:24,725 - INFO - [204800/569465]	Loss  : 0.8014
2024-05-29 16:49:39,763 - INFO - [256000/569465]	Loss  : 0.7977
2024-05-29 16:49:56,915 - INFO - [268288/569465]	Loss  : 0.7968
2024-05-29 16:52:14,391 - INFO - Test loss   : 0.4426
2024-05-29 16:52:14,391 - INFO - 
Epoch	6
2024-05-29 16:53:33,172 - INFO - [51200/569465]	Loss  : 0.7661
2024-05-29 16:54:50,191 - INFO - [102400/569465]	Loss  : 0.7659
2024-05-29 16:56:07,235 - INFO - [153600/569465]	Loss  : 0.7632
2024-05-29 16:57:24,621 - INFO - [204800/569465]	Loss  : 0.7596
2024-05-29 16:58:41,167 - INFO - [256000/569465]	Loss  : 0.7571
2024-05-29 16:58:57,571 - INFO - [268288/569465]	Loss  : 0.7567
2024-05-29 17:01:17,304 - INFO - Test loss   : 0.4279
2024-05-29 17:01:17,304 - INFO - 
Epoch	7
2024-05-29 17:02:36,182 - INFO - [51200/569465]	Loss  : 0.7362
2024-05-29 17:03:53,165 - INFO - [102400/569465]	Loss  : 0.7316
2024-05-29 17:05:10,704 - INFO - [153600/569465]	Loss  : 0.7299
2024-05-29 17:06:26,597 - INFO - [204800/569465]	Loss  : 0.7288
2024-05-29 17:07:43,778 - INFO - [256000/569465]	Loss  : 0.7272
2024-05-29 17:08:00,999 - INFO - [268288/569465]	Loss  : 0.7266
2024-05-29 17:10:20,837 - INFO - Test loss   : 0.4212
2024-05-29 17:10:20,837 - INFO - 
Epoch	8
2024-05-29 17:11:39,763 - INFO - [51200/569465]	Loss  : 0.7060
2024-05-29 17:12:56,854 - INFO - [102400/569465]	Loss  : 0.7055
2024-05-29 17:14:11,954 - INFO - [153600/569465]	Loss  : 0.7051
2024-05-29 17:15:29,027 - INFO - [204800/569465]	Loss  : 0.7036
2024-05-29 17:16:46,118 - INFO - [256000/569465]	Loss  : 0.7019
2024-05-29 17:17:03,782 - INFO - [268288/569465]	Loss  : 0.7018
2024-05-29 17:19:23,913 - INFO - Test loss   : 0.4179
2024-05-29 17:19:23,913 - INFO - 
Epoch	9
2024-05-29 17:20:41,928 - INFO - [51200/569465]	Loss  : 0.6865
2024-05-29 17:21:56,898 - INFO - [102400/569465]	Loss  : 0.6848
2024-05-29 17:23:13,654 - INFO - [153600/569465]	Loss  : 0.6833
2024-05-29 17:24:30,775 - INFO - [204800/569465]	Loss  : 0.6816
2024-05-29 17:25:47,856 - INFO - [256000/569465]	Loss  : 0.6803
2024-05-29 17:26:05,169 - INFO - [268288/569465]	Loss  : 0.6799
2024-05-29 17:28:25,060 - INFO - Test loss   : 0.4201
2024-05-29 17:28:25,060 - INFO - 
Epoch	10
2024-05-29 17:29:43,622 - INFO - [51200/569465]	Loss  : 0.6655
2024-05-29 17:31:00,760 - INFO - [102400/569465]	Loss  : 0.6666
2024-05-29 17:32:17,809 - INFO - [153600/569465]	Loss  : 0.6650
2024-05-29 17:33:34,827 - INFO - [204800/569465]	Loss  : 0.6632
2024-05-29 17:34:52,062 - INFO - [256000/569465]	Loss  : 0.6627
2024-05-29 17:35:09,605 - INFO - [268288/569465]	Loss  : 0.6625
2024-05-29 17:37:26,956 - INFO - Test loss   : 0.4212
2024-05-29 17:37:26,956 - INFO - 
Epoch	11
2024-05-29 17:38:38,912 - INFO - [51200/569465]	Loss  : 0.6480
2024-05-29 17:39:56,507 - INFO - [102400/569465]	Loss  : 0.6482
2024-05-29 17:41:14,177 - INFO - [153600/569465]	Loss  : 0.6477
2024-05-29 17:42:30,986 - INFO - [204800/569465]	Loss  : 0.6471
2024-05-29 17:43:47,852 - INFO - [256000/569465]	Loss  : 0.6468
2024-05-29 17:44:04,909 - INFO - [268288/569465]	Loss  : 0.6467
2024-05-29 17:46:25,122 - INFO - Test loss   : 0.4271
2024-05-29 17:46:25,122 - INFO - 
Epoch	12
2024-05-29 17:47:43,873 - INFO - [51200/569465]	Loss  : 0.6337
2024-05-29 17:49:01,112 - INFO - [102400/569465]	Loss  : 0.6341
2024-05-29 17:50:18,416 - INFO - [153600/569465]	Loss  : 0.6346
2024-05-29 17:51:35,211 - INFO - [204800/569465]	Loss  : 0.6345
2024-05-29 17:52:50,451 - INFO - [256000/569465]	Loss  : 0.6339
2024-05-29 17:53:06,808 - INFO - [268288/569465]	Loss  : 0.6335
2024-05-29 17:55:25,313 - INFO - Test loss   : 0.4337
2024-05-29 17:55:25,313 - INFO - 
Epoch	13
2024-05-29 17:56:44,125 - INFO - [51200/569465]	Loss  : 0.6213
2024-05-29 17:58:01,230 - INFO - [102400/569465]	Loss  : 0.6221
2024-05-29 17:59:18,409 - INFO - [153600/569465]	Loss  : 0.6214
2024-05-29 18:00:35,661 - INFO - [204800/569465]	Loss  : 0.6211
2024-05-29 18:01:52,105 - INFO - [256000/569465]	Loss  : 0.6205
2024-05-29 18:02:08,764 - INFO - [268288/569465]	Loss  : 0.6205
2024-05-29 18:04:27,356 - INFO - Test loss   : 0.4396
2024-05-29 18:04:27,356 - INFO - 
Epoch	14
2024-05-29 18:05:45,783 - INFO - [51200/569465]	Loss  : 0.6149
2024-05-29 18:07:02,958 - INFO - [102400/569465]	Loss  : 0.6135
2024-05-29 18:08:20,312 - INFO - [153600/569465]	Loss  : 0.6136
2024-05-29 18:09:37,224 - INFO - [204800/569465]	Loss  : 0.6118
2024-05-29 18:10:53,973 - INFO - [256000/569465]	Loss  : 0.6110
2024-05-29 18:11:10,708 - INFO - [268288/569465]	Loss  : 0.6109
2024-05-29 18:13:28,792 - INFO - Test loss   : 0.4458
2024-05-29 18:13:28,793 - INFO - 
Epoch	15
2024-05-29 18:14:35,418 - INFO - [51200/569465]	Loss  : 0.6029
2024-05-29 18:15:39,282 - INFO - [102400/569465]	Loss  : 0.6019
2024-05-29 18:16:43,552 - INFO - [153600/569465]	Loss  : 0.6009
2024-05-29 18:17:47,690 - INFO - [204800/569465]	Loss  : 0.6000
2024-05-29 18:18:51,671 - INFO - [256000/569465]	Loss  : 0.5997
2024-05-29 18:19:06,067 - INFO - [268288/569465]	Loss  : 0.5994
2024-05-29 18:21:02,027 - INFO - Test loss   : 0.4525
2024-05-29 18:21:02,027 - INFO - 
Epoch	16
2024-05-29 18:22:06,202 - INFO - [51200/569465]	Loss  : 0.5915
2024-05-29 18:23:10,299 - INFO - [102400/569465]	Loss  : 0.5918
2024-05-29 18:24:14,472 - INFO - [153600/569465]	Loss  : 0.5912
2024-05-29 18:25:18,654 - INFO - [204800/569465]	Loss  : 0.5906
2024-05-29 18:26:22,419 - INFO - [256000/569465]	Loss  : 0.5897
2024-05-29 18:26:36,789 - INFO - [268288/569465]	Loss  : 0.5894
2024-05-29 18:28:32,460 - INFO - Test loss   : 0.4652
2024-05-29 18:28:32,460 - INFO - 
Epoch	17
2024-05-29 18:29:37,591 - INFO - [51200/569465]	Loss  : 0.5829
2024-05-29 18:30:41,380 - INFO - [102400/569465]	Loss  : 0.5831
2024-05-29 18:31:45,479 - INFO - [153600/569465]	Loss  : 0.5830
2024-05-29 18:32:49,353 - INFO - [204800/569465]	Loss  : 0.5821
2024-05-29 18:33:52,820 - INFO - [256000/569465]	Loss  : 0.5817
2024-05-29 18:34:06,972 - INFO - [268288/569465]	Loss  : 0.5817
2024-05-29 18:36:02,411 - INFO - Test loss   : 0.4738
2024-05-29 18:36:02,411 - INFO - 
Epoch	18
2024-05-29 18:37:07,581 - INFO - [51200/569465]	Loss  : 0.5758
2024-05-29 18:38:11,537 - INFO - [102400/569465]	Loss  : 0.5758
2024-05-29 18:39:15,565 - INFO - [153600/569465]	Loss  : 0.5751
2024-05-29 18:40:19,981 - INFO - [204800/569465]	Loss  : 0.5744
2024-05-29 18:41:23,801 - INFO - [256000/569465]	Loss  : 0.5737
2024-05-29 18:41:38,166 - INFO - [268288/569465]	Loss  : 0.5738
2024-05-29 18:43:34,266 - INFO - Test loss   : 0.4831
2024-05-29 18:43:34,266 - INFO - 
Epoch	19
2024-05-29 18:44:39,859 - INFO - [51200/569465]	Loss  : 0.5673
2024-05-29 18:45:43,764 - INFO - [102400/569465]	Loss  : 0.5661
2024-05-29 18:46:40,463 - INFO - [153600/569465]	Loss  : 0.5666
2024-05-29 18:47:42,098 - INFO - [204800/569465]	Loss  : 0.5665
2024-05-29 18:48:45,507 - INFO - [256000/569465]	Loss  : 0.5664
2024-05-29 18:49:00,018 - INFO - [268288/569465]	Loss  : 0.5663
2024-05-29 18:50:55,371 - INFO - Test loss   : 0.4931
2024-05-29 18:50:55,372 - INFO - 
Epoch	20
2024-05-29 18:52:00,348 - INFO - [51200/569465]	Loss  : 0.5598
2024-05-29 18:53:03,959 - INFO - [102400/569465]	Loss  : 0.5589
2024-05-29 18:54:07,550 - INFO - [153600/569465]	Loss  : 0.5582
2024-05-29 18:55:09,767 - INFO - [204800/569465]	Loss  : 0.5576
2024-05-29 18:56:13,657 - INFO - [256000/569465]	Loss  : 0.5581
2024-05-29 18:56:28,006 - INFO - [268288/569465]	Loss  : 0.5584
2024-05-29 18:58:22,984 - INFO - Test loss   : 0.5028
2024-05-29 18:58:22,984 - INFO - 
Epoch	21
2024-05-29 18:59:28,191 - INFO - [51200/569465]	Loss  : 0.5514
2024-05-29 19:00:31,662 - INFO - [102400/569465]	Loss  : 0.5520
2024-05-29 19:01:33,621 - INFO - [153600/569465]	Loss  : 0.5516
2024-05-29 19:02:37,331 - INFO - [204800/569465]	Loss  : 0.5518
2024-05-29 19:03:41,124 - INFO - [256000/569465]	Loss  : 0.5523
2024-05-29 19:03:55,565 - INFO - [268288/569465]	Loss  : 0.5523
2024-05-29 19:05:51,629 - INFO - Test loss   : 0.5130
2024-05-29 19:05:51,629 - INFO - 
Epoch	22
2024-05-29 19:06:56,849 - INFO - [51200/569465]	Loss  : 0.5486
2024-05-29 19:08:01,539 - INFO - [102400/569465]	Loss  : 0.5475
2024-05-29 19:09:05,667 - INFO - [153600/569465]	Loss  : 0.5468
2024-05-29 19:10:09,475 - INFO - [204800/569465]	Loss  : 0.5461
2024-05-29 19:11:14,070 - INFO - [256000/569465]	Loss  : 0.5461
2024-05-29 19:11:28,639 - INFO - [268288/569465]	Loss  : 0.5461
2024-05-29 19:13:24,474 - INFO - Test loss   : 0.5267
2024-05-29 19:13:24,474 - INFO - 
Epoch	23
2024-05-29 19:14:30,524 - INFO - [51200/569465]	Loss  : 0.5413
2024-05-29 19:15:34,534 - INFO - [102400/569465]	Loss  : 0.5414
2024-05-29 19:16:38,839 - INFO - [153600/569465]	Loss  : 0.5406
2024-05-29 19:17:43,088 - INFO - [204800/569465]	Loss  : 0.5408
2024-05-29 19:18:47,023 - INFO - [256000/569465]	Loss  : 0.5408
2024-05-29 19:19:01,309 - INFO - [268288/569465]	Loss  : 0.5409
2024-05-29 19:20:57,448 - INFO - Test loss   : 0.5346
2024-05-29 19:20:57,448 - INFO - 
Epoch	24
2024-05-29 19:22:03,429 - INFO - [51200/569465]	Loss  : 0.5361
2024-05-29 19:23:09,225 - INFO - [102400/569465]	Loss  : 0.5354
2024-05-29 19:24:13,876 - INFO - [153600/569465]	Loss  : 0.5354
2024-05-29 19:25:17,949 - INFO - [204800/569465]	Loss  : 0.5359
2024-05-29 19:26:22,344 - INFO - [256000/569465]	Loss  : 0.5358
2024-05-29 19:26:36,691 - INFO - [268288/569465]	Loss  : 0.5355
2024-05-29 19:28:32,940 - INFO - Test loss   : 0.5472
2024-05-29 19:28:32,940 - INFO - 
Epoch	25
2024-05-29 19:29:38,560 - INFO - [51200/569465]	Loss  : 0.5300
2024-05-29 19:30:42,624 - INFO - [102400/569465]	Loss  : 0.5312
2024-05-29 19:31:46,701 - INFO - [153600/569465]	Loss  : 0.5309
2024-05-29 19:32:50,553 - INFO - [204800/569465]	Loss  : 0.5310
2024-05-29 19:33:54,429 - INFO - [256000/569465]	Loss  : 0.5308
2024-05-29 19:34:08,552 - INFO - [268288/569465]	Loss  : 0.5307
2024-05-29 19:36:04,170 - INFO - Test loss   : 0.5548
2024-05-29 19:36:04,170 - INFO - 
Epoch	26
2024-05-29 19:37:09,118 - INFO - [51200/569465]	Loss  : 0.5286
2024-05-29 19:38:14,408 - INFO - [102400/569465]	Loss  : 0.5260
2024-05-29 19:39:19,404 - INFO - [153600/569465]	Loss  : 0.5249
2024-05-29 19:40:22,855 - INFO - [204800/569465]	Loss  : 0.5250
2024-05-29 19:41:26,068 - INFO - [256000/569465]	Loss  : 0.5251
2024-05-29 19:41:40,145 - INFO - [268288/569465]	Loss  : 0.5250
2024-05-29 19:43:36,159 - INFO - Test loss   : 0.5682
2024-05-29 19:43:36,159 - INFO - 
Epoch	27
2024-05-29 19:44:41,387 - INFO - [51200/569465]	Loss  : 0.5221
2024-05-29 19:45:45,633 - INFO - [102400/569465]	Loss  : 0.5211
2024-05-29 19:46:49,113 - INFO - [153600/569465]	Loss  : 0.5210
2024-05-29 19:47:53,301 - INFO - [204800/569465]	Loss  : 0.5211
2024-05-29 19:48:53,596 - INFO - [256000/569465]	Loss  : 0.5205
2024-05-29 19:49:04,947 - INFO - [268288/569465]	Loss  : 0.5205
2024-05-29 19:50:57,896 - INFO - Test loss   : 0.5820
2024-05-29 19:50:57,896 - INFO - 
Epoch	28
2024-05-29 19:52:03,961 - INFO - [51200/569465]	Loss  : 0.5177
2024-05-29 19:53:09,530 - INFO - [102400/569465]	Loss  : 0.5175
2024-05-29 19:54:14,685 - INFO - [153600/569465]	Loss  : 0.5177
2024-05-29 19:55:19,095 - INFO - [204800/569465]	Loss  : 0.5174
2024-05-29 19:56:23,085 - INFO - [256000/569465]	Loss  : 0.5172
2024-05-29 19:56:37,233 - INFO - [268288/569465]	Loss  : 0.5170
2024-05-29 19:58:33,359 - INFO - Test loss   : 0.5885
2024-05-29 19:58:33,360 - INFO - 
Epoch	29
2024-05-29 19:59:38,989 - INFO - [51200/569465]	Loss  : 0.5150
2024-05-29 20:00:42,884 - INFO - [102400/569465]	Loss  : 0.5126
2024-05-29 20:01:46,715 - INFO - [153600/569465]	Loss  : 0.5121
2024-05-29 20:02:50,421 - INFO - [204800/569465]	Loss  : 0.5118
2024-05-29 20:03:54,066 - INFO - [256000/569465]	Loss  : 0.5120
2024-05-29 20:04:08,573 - INFO - [268288/569465]	Loss  : 0.5118
2024-05-29 20:06:04,312 - INFO - Test loss   : 0.6045
2024-05-29 20:06:04,312 - INFO - 
Epoch	30
2024-05-29 20:07:10,538 - INFO - [51200/569465]	Loss  : 0.5099
2024-05-29 20:08:15,523 - INFO - [102400/569465]	Loss  : 0.5098
2024-05-29 20:09:20,440 - INFO - [153600/569465]	Loss  : 0.5085
2024-05-29 20:10:24,585 - INFO - [204800/569465]	Loss  : 0.5082
2024-05-29 20:11:28,507 - INFO - [256000/569465]	Loss  : 0.5081
2024-05-29 20:11:43,124 - INFO - [268288/569465]	Loss  : 0.5079
2024-05-29 20:13:39,261 - INFO - Test loss   : 0.6157
2024-05-29 20:13:39,261 - INFO - 
Epoch	31
2024-05-29 20:14:44,405 - INFO - [51200/569465]	Loss  : 0.5055
2024-05-29 20:15:48,544 - INFO - [102400/569465]	Loss  : 0.5062
2024-05-29 20:16:52,469 - INFO - [153600/569465]	Loss  : 0.5054
2024-05-29 20:17:56,080 - INFO - [204800/569465]	Loss  : 0.5048
2024-05-29 20:19:00,208 - INFO - [256000/569465]	Loss  : 0.5041
2024-05-29 20:19:14,450 - INFO - [268288/569465]	Loss  : 0.5040
2024-05-29 20:21:08,820 - INFO - Test loss   : 0.6238
2024-05-29 20:21:08,820 - INFO - 
Epoch	32
2024-05-29 20:22:14,341 - INFO - [51200/569465]	Loss  : 0.4998
2024-05-29 20:23:18,910 - INFO - [102400/569465]	Loss  : 0.4993
2024-05-29 20:24:24,180 - INFO - [153600/569465]	Loss  : 0.4999
2024-05-29 20:25:27,819 - INFO - [204800/569465]	Loss  : 0.5003
2024-05-29 20:26:31,689 - INFO - [256000/569465]	Loss  : 0.5006
2024-05-29 20:26:45,884 - INFO - [268288/569465]	Loss  : 0.5005
2024-05-29 20:28:42,052 - INFO - Test loss   : 0.6334
2024-05-29 20:28:42,052 - INFO - 
Epoch	33
2024-05-29 20:29:47,799 - INFO - [51200/569465]	Loss  : 0.4977
2024-05-29 20:30:51,890 - INFO - [102400/569465]	Loss  : 0.4980
2024-05-29 20:31:55,935 - INFO - [153600/569465]	Loss  : 0.4975
2024-05-29 20:32:59,680 - INFO - [204800/569465]	Loss  : 0.4974
2024-05-29 20:34:03,493 - INFO - [256000/569465]	Loss  : 0.4976
2024-05-29 20:34:17,646 - INFO - [268288/569465]	Loss  : 0.4977
2024-05-29 20:36:13,713 - INFO - Test loss   : 0.6454
2024-05-29 20:36:13,715 - INFO - 
Epoch	34
2024-05-29 20:37:15,656 - INFO - [51200/569465]	Loss  : 0.4928
2024-05-29 20:38:17,499 - INFO - [102400/569465]	Loss  : 0.4925
2024-05-29 20:39:21,794 - INFO - [153600/569465]	Loss  : 0.4936
2024-05-29 20:40:25,412 - INFO - [204800/569465]	Loss  : 0.4934
2024-05-29 20:41:28,997 - INFO - [256000/569465]	Loss  : 0.4935
2024-05-29 20:41:43,510 - INFO - [268288/569465]	Loss  : 0.4935
2024-05-29 20:43:38,942 - INFO - Test loss   : 0.6575
2024-05-29 20:43:38,943 - INFO - 
Epoch	35
2024-05-29 20:44:43,603 - INFO - [51200/569465]	Loss  : 0.4902
2024-05-29 20:45:47,345 - INFO - [102400/569465]	Loss  : 0.4901
2024-05-29 20:46:51,185 - INFO - [153600/569465]	Loss  : 0.4909
2024-05-29 20:47:55,147 - INFO - [204800/569465]	Loss  : 0.4906
2024-05-29 20:48:59,225 - INFO - [256000/569465]	Loss  : 0.4907
2024-05-29 20:49:13,861 - INFO - [268288/569465]	Loss  : 0.4907
2024-05-29 20:51:06,325 - INFO - Test loss   : 0.6679
2024-05-29 20:51:06,325 - INFO - 
Epoch	36
2024-05-29 20:52:05,533 - INFO - [51200/569465]	Loss  : 0.4903
2024-05-29 20:53:09,389 - INFO - [102400/569465]	Loss  : 0.4892
2024-05-29 20:54:13,665 - INFO - [153600/569465]	Loss  : 0.4884
2024-05-29 20:55:17,235 - INFO - [204800/569465]	Loss  : 0.4883
2024-05-29 20:56:21,054 - INFO - [256000/569465]	Loss  : 0.4876
2024-05-29 20:56:35,270 - INFO - [268288/569465]	Loss  : 0.4876
2024-05-29 20:58:30,735 - INFO - Test loss   : 0.6805
2024-05-29 20:58:30,735 - INFO - 
Epoch	37
2024-05-29 20:59:37,321 - INFO - [51200/569465]	Loss  : 0.4862
2024-05-29 21:00:38,355 - INFO - [102400/569465]	Loss  : 0.4865
2024-05-29 21:01:42,416 - INFO - [153600/569465]	Loss  : 0.4857
2024-05-29 21:02:46,319 - INFO - [204800/569465]	Loss  : 0.4855
2024-05-29 21:03:49,811 - INFO - [256000/569465]	Loss  : 0.4857
2024-05-29 21:04:04,027 - INFO - [268288/569465]	Loss  : 0.4856
2024-05-29 21:05:59,296 - INFO - Test loss   : 0.6882
2024-05-29 21:05:59,297 - INFO - 
Epoch	38
2024-05-29 21:07:04,452 - INFO - [51200/569465]	Loss  : 0.4822
2024-05-29 21:08:07,961 - INFO - [102400/569465]	Loss  : 0.4816
2024-05-29 21:09:11,779 - INFO - [153600/569465]	Loss  : 0.4820
2024-05-29 21:10:16,827 - INFO - [204800/569465]	Loss  : 0.4821
2024-05-29 21:11:20,372 - INFO - [256000/569465]	Loss  : 0.4825
2024-05-29 21:11:34,733 - INFO - [268288/569465]	Loss  : 0.4823
2024-05-29 21:13:30,179 - INFO - Test loss   : 0.6979
2024-05-29 21:13:30,179 - INFO - 
Epoch	39
2024-05-29 21:14:35,569 - INFO - [51200/569465]	Loss  : 0.4809
2024-05-29 21:15:39,647 - INFO - [102400/569465]	Loss  : 0.4801
2024-05-29 21:16:43,341 - INFO - [153600/569465]	Loss  : 0.4804
2024-05-29 21:17:47,696 - INFO - [204800/569465]	Loss  : 0.4799
2024-05-29 21:18:51,620 - INFO - [256000/569465]	Loss  : 0.4796
2024-05-29 21:19:05,670 - INFO - [268288/569465]	Loss  : 0.4796
2024-05-29 21:21:02,236 - INFO - Test loss   : 0.7099
2024-05-29 21:21:02,236 - INFO - 
Epoch	40
2024-05-29 21:22:08,600 - INFO - [51200/569465]	Loss  : 0.4785
2024-05-29 21:23:12,878 - INFO - [102400/569465]	Loss  : 0.4783
2024-05-29 21:24:17,200 - INFO - [153600/569465]	Loss  : 0.4784
2024-05-29 21:25:22,726 - INFO - [204800/569465]	Loss  : 0.4782
2024-05-29 21:26:26,729 - INFO - [256000/569465]	Loss  : 0.4781
2024-05-29 21:26:41,103 - INFO - [268288/569465]	Loss  : 0.4777
2024-05-29 21:28:38,018 - INFO - Test loss   : 0.7199
2024-05-29 21:28:38,018 - INFO - 
Epoch	41
2024-05-29 21:29:43,677 - INFO - [51200/569465]	Loss  : 0.4742
2024-05-29 21:30:48,030 - INFO - [102400/569465]	Loss  : 0.4745
2024-05-29 21:31:52,323 - INFO - [153600/569465]	Loss  : 0.4745
2024-05-29 21:32:56,827 - INFO - [204800/569465]	Loss  : 0.4747
2024-05-29 21:34:00,881 - INFO - [256000/569465]	Loss  : 0.4750
2024-05-29 21:34:15,262 - INFO - [268288/569465]	Loss  : 0.4749
2024-05-29 21:36:11,075 - INFO - Test loss   : 0.7313
2024-05-29 21:36:11,076 - INFO - 
Epoch	42
2024-05-29 21:37:16,805 - INFO - [51200/569465]	Loss  : 0.4740
2024-05-29 21:38:21,058 - INFO - [102400/569465]	Loss  : 0.4744
2024-05-29 21:39:27,912 - INFO - [153600/569465]	Loss  : 0.4731
2024-05-29 21:40:30,036 - INFO - [204800/569465]	Loss  : 0.4729
2024-05-29 21:41:34,139 - INFO - [256000/569465]	Loss  : 0.4730
2024-05-29 21:41:48,459 - INFO - [268288/569465]	Loss  : 0.4729
2024-05-29 21:43:44,735 - INFO - Test loss   : 0.7427
2024-05-29 21:43:44,736 - INFO - 
Epoch	43
2024-05-29 21:44:49,853 - INFO - [51200/569465]	Loss  : 0.4713
2024-05-29 21:45:54,241 - INFO - [102400/569465]	Loss  : 0.4719
2024-05-29 21:46:58,664 - INFO - [153600/569465]	Loss  : 0.4715
2024-05-29 21:48:02,756 - INFO - [204800/569465]	Loss  : 0.4720
2024-05-29 21:49:06,723 - INFO - [256000/569465]	Loss  : 0.4713
2024-05-29 21:49:20,956 - INFO - [268288/569465]	Loss  : 0.4711
2024-05-29 21:51:17,226 - INFO - Test loss   : 0.7503
2024-05-29 21:51:17,226 - INFO - 
Epoch	44
2024-05-29 21:52:22,203 - INFO - [51200/569465]	Loss  : 0.4681
2024-05-29 21:53:23,848 - INFO - [102400/569465]	Loss  : 0.4675
2024-05-29 21:54:20,120 - INFO - [153600/569465]	Loss  : 0.4672
2024-05-29 21:55:23,950 - INFO - [204800/569465]	Loss  : 0.4676
2024-05-29 21:56:27,539 - INFO - [256000/569465]	Loss  : 0.4680
2024-05-29 21:56:41,829 - INFO - [268288/569465]	Loss  : 0.4680
2024-05-29 21:58:36,805 - INFO - Test loss   : 0.7602
2024-05-29 21:58:36,805 - INFO - 
Epoch	45
2024-05-29 21:59:41,726 - INFO - [51200/569465]	Loss  : 0.4652
2024-05-29 22:00:45,293 - INFO - [102400/569465]	Loss  : 0.4667
2024-05-29 22:01:48,878 - INFO - [153600/569465]	Loss  : 0.4659
2024-05-29 22:02:52,607 - INFO - [204800/569465]	Loss  : 0.4660
2024-05-29 22:03:55,827 - INFO - [256000/569465]	Loss  : 0.4662
2024-05-29 22:04:10,019 - INFO - [268288/569465]	Loss  : 0.4662
2024-05-29 22:06:04,971 - INFO - Test loss   : 0.7709
2024-05-29 22:06:04,971 - INFO - 
Epoch	46
2024-05-29 22:07:09,834 - INFO - [51200/569465]	Loss  : 0.4649
2024-05-29 22:08:13,386 - INFO - [102400/569465]	Loss  : 0.4648
2024-05-29 22:09:16,781 - INFO - [153600/569465]	Loss  : 0.4650
2024-05-29 22:10:20,760 - INFO - [204800/569465]	Loss  : 0.4647
2024-05-29 22:11:24,484 - INFO - [256000/569465]	Loss  : 0.4645
2024-05-29 22:11:38,817 - INFO - [268288/569465]	Loss  : 0.4643
2024-05-29 22:13:34,526 - INFO - Test loss   : 0.7819
2024-05-29 22:13:34,526 - INFO - 
Epoch	47
2024-05-29 22:14:39,653 - INFO - [51200/569465]	Loss  : 0.4639
2024-05-29 22:15:43,010 - INFO - [102400/569465]	Loss  : 0.4625
2024-05-29 22:16:46,693 - INFO - [153600/569465]	Loss  : 0.4623
2024-05-29 22:17:50,564 - INFO - [204800/569465]	Loss  : 0.4624
2024-05-29 22:18:55,546 - INFO - [256000/569465]	Loss  : 0.4623
2024-05-29 22:19:07,845 - INFO - [268288/569465]	Loss  : 0.4623
2024-05-29 22:21:03,113 - INFO - Test loss   : 0.7881
2024-05-29 22:21:03,113 - INFO - 
Epoch	48
2024-05-29 22:22:08,101 - INFO - [51200/569465]	Loss  : 0.4619
2024-05-29 22:23:11,467 - INFO - [102400/569465]	Loss  : 0.4604
2024-05-29 22:24:15,146 - INFO - [153600/569465]	Loss  : 0.4604
2024-05-29 22:25:18,807 - INFO - [204800/569465]	Loss  : 0.4604
2024-05-29 22:26:22,597 - INFO - [256000/569465]	Loss  : 0.4604
2024-05-29 22:26:36,950 - INFO - [268288/569465]	Loss  : 0.4604
2024-05-29 22:28:30,690 - INFO - Test loss   : 0.8021
2024-05-29 22:28:30,690 - INFO - 
Epoch	49
2024-05-29 22:29:35,521 - INFO - [51200/569465]	Loss  : 0.4596
2024-05-29 22:30:39,044 - INFO - [102400/569465]	Loss  : 0.4589
2024-05-29 22:31:42,619 - INFO - [153600/569465]	Loss  : 0.4594
2024-05-29 22:32:46,543 - INFO - [204800/569465]	Loss  : 0.4590
2024-05-29 22:33:50,236 - INFO - [256000/569465]	Loss  : 0.4593
2024-05-29 22:34:04,593 - INFO - [268288/569465]	Loss  : 0.4592
2024-05-29 22:35:59,615 - INFO - Test loss   : 0.8076
2024-05-29 22:35:59,615 - INFO - 
Epoch	50
2024-05-29 22:37:04,362 - INFO - [51200/569465]	Loss  : 0.4571
2024-05-29 22:38:07,896 - INFO - [102400/569465]	Loss  : 0.4566
2024-05-29 22:39:11,500 - INFO - [153600/569465]	Loss  : 0.4567
2024-05-29 22:40:15,317 - INFO - [204800/569465]	Loss  : 0.4569
2024-05-29 22:41:19,384 - INFO - [256000/569465]	Loss  : 0.4567
2024-05-29 22:41:33,643 - INFO - [268288/569465]	Loss  : 0.4568
2024-05-29 22:43:28,901 - INFO - Test loss   : 0.8216
2024-05-29 22:43:28,902 - INFO - 
Epoch	51
2024-05-29 22:44:33,851 - INFO - [51200/569465]	Loss  : 0.4552
2024-05-29 22:45:37,415 - INFO - [102400/569465]	Loss  : 0.4569
2024-05-29 22:46:41,081 - INFO - [153600/569465]	Loss  : 0.4564
2024-05-29 22:47:44,675 - INFO - [204800/569465]	Loss  : 0.4558
2024-05-29 22:48:48,334 - INFO - [256000/569465]	Loss  : 0.4558
2024-05-29 22:49:02,736 - INFO - [268288/569465]	Loss  : 0.4557
2024-05-29 22:50:58,156 - INFO - Test loss   : 0.8298
2024-05-29 22:50:58,156 - INFO - 
Epoch	52
2024-05-29 22:52:02,938 - INFO - [51200/569465]	Loss  : 0.4515
2024-05-29 22:53:06,630 - INFO - [102400/569465]	Loss  : 0.4522
2024-05-29 22:54:10,700 - INFO - [153600/569465]	Loss  : 0.4533
2024-05-29 22:55:14,433 - INFO - [204800/569465]	Loss  : 0.4533
2024-05-29 22:56:09,350 - INFO - [256000/569465]	Loss  : 0.4531
2024-05-29 22:56:20,654 - INFO - [268288/569465]	Loss  : 0.4533
2024-05-29 22:58:14,751 - INFO - Test loss   : 0.8360
2024-05-29 22:58:14,751 - INFO - 
Epoch	53
2024-05-29 22:59:19,703 - INFO - [51200/569465]	Loss  : 0.4521
2024-05-29 23:00:23,470 - INFO - [102400/569465]	Loss  : 0.4520
2024-05-29 23:01:27,474 - INFO - [153600/569465]	Loss  : 0.4524
2024-05-29 23:02:31,082 - INFO - [204800/569465]	Loss  : 0.4523
2024-05-29 23:03:34,796 - INFO - [256000/569465]	Loss  : 0.4522
2024-05-29 23:03:49,141 - INFO - [268288/569465]	Loss  : 0.4520
2024-05-29 23:05:44,530 - INFO - Test loss   : 0.8454
2024-05-29 23:05:44,530 - INFO - 
Epoch	54
2024-05-29 23:06:49,420 - INFO - [51200/569465]	Loss  : 0.4508
2024-05-29 23:07:52,815 - INFO - [102400/569465]	Loss  : 0.4503
2024-05-29 23:08:55,538 - INFO - [153600/569465]	Loss  : 0.4507
2024-05-29 23:09:56,860 - INFO - [204800/569465]	Loss  : 0.4506
2024-05-29 23:11:00,461 - INFO - [256000/569465]	Loss  : 0.4504
2024-05-29 23:11:14,948 - INFO - [268288/569465]	Loss  : 0.4507
2024-05-29 23:13:10,290 - INFO - Test loss   : 0.8526
2024-05-29 23:13:10,291 - INFO - 
Epoch	55
2024-05-29 23:14:15,165 - INFO - [51200/569465]	Loss  : 0.4492
2024-05-29 23:15:18,873 - INFO - [102400/569465]	Loss  : 0.4480
2024-05-29 23:16:22,452 - INFO - [153600/569465]	Loss  : 0.4486
2024-05-29 23:17:25,848 - INFO - [204800/569465]	Loss  : 0.4483
2024-05-29 23:18:29,650 - INFO - [256000/569465]	Loss  : 0.4484
2024-05-29 23:18:43,899 - INFO - [268288/569465]	Loss  : 0.4485
2024-05-29 23:20:38,799 - INFO - Test loss   : 0.8624
2024-05-29 23:20:38,799 - INFO - 
Epoch	56
2024-05-29 23:21:43,535 - INFO - [51200/569465]	Loss  : 0.4469
2024-05-29 23:22:47,289 - INFO - [102400/569465]	Loss  : 0.4477
2024-05-29 23:23:51,048 - INFO - [153600/569465]	Loss  : 0.4479
2024-05-29 23:24:55,071 - INFO - [204800/569465]	Loss  : 0.4477
2024-05-29 23:25:58,669 - INFO - [256000/569465]	Loss  : 0.4479
2024-05-29 23:26:13,040 - INFO - [268288/569465]	Loss  : 0.4481
2024-05-29 23:28:07,981 - INFO - Test loss   : 0.8695
2024-05-29 23:28:07,983 - INFO - 
Epoch	57
2024-05-29 23:29:12,749 - INFO - [51200/569465]	Loss  : 0.4452
2024-05-29 23:30:15,757 - INFO - [102400/569465]	Loss  : 0.4463
2024-05-29 23:31:19,300 - INFO - [153600/569465]	Loss  : 0.4464
2024-05-29 23:32:22,791 - INFO - [204800/569465]	Loss  : 0.4460
2024-05-29 23:33:26,725 - INFO - [256000/569465]	Loss  : 0.4460
2024-05-29 23:33:40,942 - INFO - [268288/569465]	Loss  : 0.4458
2024-05-29 23:35:37,245 - INFO - Test loss   : 0.8820
2024-05-29 23:35:37,245 - INFO - 
Epoch	58
2024-05-29 23:36:38,301 - INFO - [51200/569465]	Loss  : 0.4466
2024-05-29 23:37:40,155 - INFO - [102400/569465]	Loss  : 0.4458
2024-05-29 23:38:43,621 - INFO - [153600/569465]	Loss  : 0.4462
2024-05-29 23:39:47,525 - INFO - [204800/569465]	Loss  : 0.4458
2024-05-29 23:40:51,968 - INFO - [256000/569465]	Loss  : 0.4456
2024-05-29 23:41:06,291 - INFO - [268288/569465]	Loss  : 0.4455
2024-05-29 23:42:58,238 - INFO - Test loss   : 0.8891
2024-05-29 23:42:58,238 - INFO - 
Epoch	59
2024-05-29 23:44:01,071 - INFO - [51200/569465]	Loss  : 0.4455
2024-05-29 23:45:04,728 - INFO - [102400/569465]	Loss  : 0.4436
2024-05-29 23:46:07,610 - INFO - [153600/569465]	Loss  : 0.4441
2024-05-29 23:47:11,248 - INFO - [204800/569465]	Loss  : 0.4438
2024-05-29 23:48:15,623 - INFO - [256000/569465]	Loss  : 0.4438
2024-05-29 23:48:30,033 - INFO - [268288/569465]	Loss  : 0.4440
2024-05-29 23:50:24,547 - INFO - Test loss   : 0.8949
2024-05-29 23:50:24,547 - INFO - 
Epoch	60
2024-05-29 23:51:29,034 - INFO - [51200/569465]	Loss  : 0.4436
2024-05-29 23:52:31,056 - INFO - [102400/569465]	Loss  : 0.4436
2024-05-29 23:53:28,922 - INFO - [153600/569465]	Loss  : 0.4429
2024-05-29 23:54:21,451 - INFO - [204800/569465]	Loss  : 0.4424
2024-05-29 23:55:14,867 - INFO - [256000/569465]	Loss  : 0.4422
2024-05-29 23:55:28,922 - INFO - [268288/569465]	Loss  : 0.4422
2024-05-29 23:57:22,395 - INFO - Test loss   : 0.9017
2024-05-29 23:57:22,395 - INFO - 
Epoch	61
2024-05-29 23:58:26,181 - INFO - [51200/569465]	Loss  : 0.4417
2024-05-29 23:59:28,939 - INFO - [102400/569465]	Loss  : 0.4416
2024-05-30 00:00:32,070 - INFO - [153600/569465]	Loss  : 0.4415
2024-05-30 00:01:35,282 - INFO - [204800/569465]	Loss  : 0.4407
2024-05-30 00:02:34,378 - INFO - [256000/569465]	Loss  : 0.4412
2024-05-30 00:02:46,914 - INFO - [268288/569465]	Loss  : 0.4414
2024-05-30 00:04:35,480 - INFO - Test loss   : 0.9093
2024-05-30 00:04:35,480 - INFO - 
Epoch	62
2024-05-30 00:05:39,506 - INFO - [51200/569465]	Loss  : 0.4376
2024-05-30 00:06:41,996 - INFO - [102400/569465]	Loss  : 0.4387
2024-05-30 00:07:43,464 - INFO - [153600/569465]	Loss  : 0.4384
2024-05-30 00:08:44,721 - INFO - [204800/569465]	Loss  : 0.4391
2024-05-30 00:09:44,816 - INFO - [256000/569465]	Loss  : 0.4394
2024-05-30 00:09:58,093 - INFO - [268288/569465]	Loss  : 0.4395
2024-05-30 00:11:42,858 - INFO - Test loss   : 0.9172
2024-05-30 00:11:42,858 - INFO - 
Epoch	63
2024-05-30 00:12:41,947 - INFO - [51200/569465]	Loss  : 0.4380
2024-05-30 00:13:38,800 - INFO - [102400/569465]	Loss  : 0.4390
2024-05-30 00:14:28,646 - INFO - [153600/569465]	Loss  : 0.4387
2024-05-30 00:15:17,932 - INFO - [204800/569465]	Loss  : 0.4390
2024-05-30 00:16:04,649 - INFO - [256000/569465]	Loss  : 0.4391
2024-05-30 00:16:15,668 - INFO - [268288/569465]	Loss  : 0.4391
2024-05-30 00:17:41,734 - INFO - Test loss   : 0.9289
2024-05-30 00:17:41,734 - INFO - 
Epoch	64
2024-05-30 00:18:31,390 - INFO - [51200/569465]	Loss  : 0.4394
2024-05-30 00:19:20,437 - INFO - [102400/569465]	Loss  : 0.4383
2024-05-30 00:20:06,596 - INFO - [153600/569465]	Loss  : 0.4376
2024-05-30 00:20:53,981 - INFO - [204800/569465]	Loss  : 0.4377
2024-05-30 00:21:43,717 - INFO - [256000/569465]	Loss  : 0.4380
2024-05-30 00:21:54,964 - INFO - [268288/569465]	Loss  : 0.4378
2024-05-30 00:23:24,781 - INFO - Test loss   : 0.9337
2024-05-30 00:23:24,781 - INFO - 
Epoch	65
2024-05-30 00:24:15,594 - INFO - [51200/569465]	Loss  : 0.4357
2024-05-30 00:25:05,241 - INFO - [102400/569465]	Loss  : 0.4351
2024-05-30 00:25:54,956 - INFO - [153600/569465]	Loss  : 0.4355
2024-05-30 00:26:44,617 - INFO - [204800/569465]	Loss  : 0.4360
2024-05-30 00:27:34,337 - INFO - [256000/569465]	Loss  : 0.4366
2024-05-30 00:27:45,583 - INFO - [268288/569465]	Loss  : 0.4365
2024-05-30 00:29:15,707 - INFO - Test loss   : 0.9389
2024-05-30 00:29:15,707 - INFO - 
Epoch	66
2024-05-30 00:30:06,368 - INFO - [51200/569465]	Loss  : 0.4355
2024-05-30 00:30:56,172 - INFO - [102400/569465]	Loss  : 0.4361
2024-05-30 00:31:45,912 - INFO - [153600/569465]	Loss  : 0.4365
2024-05-30 00:32:35,581 - INFO - [204800/569465]	Loss  : 0.4362
2024-05-30 00:33:25,438 - INFO - [256000/569465]	Loss  : 0.4359
2024-05-30 00:33:36,576 - INFO - [268288/569465]	Loss  : 0.4359
2024-05-30 00:35:06,143 - INFO - Test loss   : 0.9463
2024-05-30 00:35:06,143 - INFO - 
Epoch	67
2024-05-30 00:35:57,071 - INFO - [51200/569465]	Loss  : 0.4360
2024-05-30 00:36:46,914 - INFO - [102400/569465]	Loss  : 0.4354
2024-05-30 00:37:36,574 - INFO - [153600/569465]	Loss  : 0.4348
2024-05-30 00:38:26,283 - INFO - [204800/569465]	Loss  : 0.4351
2024-05-30 00:39:15,943 - INFO - [256000/569465]	Loss  : 0.4350
2024-05-30 00:39:27,120 - INFO - [268288/569465]	Loss  : 0.4349
2024-05-30 00:40:56,912 - INFO - Test loss   : 0.9528
2024-05-30 00:40:56,912 - INFO - 
Epoch	68
2024-05-30 00:41:47,783 - INFO - [51200/569465]	Loss  : 0.4334
2024-05-30 00:42:37,651 - INFO - [102400/569465]	Loss  : 0.4331
2024-05-30 00:43:27,205 - INFO - [153600/569465]	Loss  : 0.4336
2024-05-30 00:44:17,066 - INFO - [204800/569465]	Loss  : 0.4337
2024-05-30 00:45:06,681 - INFO - [256000/569465]	Loss  : 0.4338
2024-05-30 00:45:17,692 - INFO - [268288/569465]	Loss  : 0.4339
2024-05-30 00:46:47,280 - INFO - Test loss   : 0.9598
2024-05-30 00:46:47,280 - INFO - 
Epoch	69
2024-05-30 00:47:37,948 - INFO - [51200/569465]	Loss  : 0.4341
2024-05-30 00:48:27,470 - INFO - [102400/569465]	Loss  : 0.4329
2024-05-30 00:49:17,366 - INFO - [153600/569465]	Loss  : 0.4329
2024-05-30 00:50:07,370 - INFO - [204800/569465]	Loss  : 0.4329
2024-05-30 00:50:57,019 - INFO - [256000/569465]	Loss  : 0.4329
2024-05-30 00:51:08,157 - INFO - [268288/569465]	Loss  : 0.4326
2024-05-30 00:52:37,862 - INFO - Test loss   : 0.9671
2024-05-30 00:52:37,863 - INFO - 
Epoch	70
2024-05-30 00:53:28,614 - INFO - [51200/569465]	Loss  : 0.4319
2024-05-30 00:54:18,362 - INFO - [102400/569465]	Loss  : 0.4313
2024-05-30 00:55:08,342 - INFO - [153600/569465]	Loss  : 0.4311
2024-05-30 00:55:58,169 - INFO - [204800/569465]	Loss  : 0.4318
2024-05-30 00:56:47,912 - INFO - [256000/569465]	Loss  : 0.4322
2024-05-30 00:56:59,110 - INFO - [268288/569465]	Loss  : 0.4322
2024-05-30 00:58:28,779 - INFO - Test loss   : 0.9714
2024-05-30 00:58:28,779 - INFO - 
Epoch	71
2024-05-30 00:59:19,561 - INFO - [51200/569465]	Loss  : 0.4326
2024-05-30 01:00:09,439 - INFO - [102400/569465]	Loss  : 0.4330
2024-05-30 01:00:51,100 - INFO - [153600/569465]	Loss  : 0.4321
2024-05-30 01:01:41,267 - INFO - [204800/569465]	Loss  : 0.4318
2024-05-30 01:02:30,881 - INFO - [256000/569465]	Loss  : 0.4320
2024-05-30 01:02:41,995 - INFO - [268288/569465]	Loss  : 0.4319
2024-05-30 01:04:12,172 - INFO - Test loss   : 0.9754
2024-05-30 01:04:12,173 - INFO - 
Epoch	72
2024-05-30 01:05:03,018 - INFO - [51200/569465]	Loss  : 0.4311
2024-05-30 01:05:52,862 - INFO - [102400/569465]	Loss  : 0.4309
2024-05-30 01:06:42,636 - INFO - [153600/569465]	Loss  : 0.4302
2024-05-30 01:07:32,371 - INFO - [204800/569465]	Loss  : 0.4303
2024-05-30 01:08:21,970 - INFO - [256000/569465]	Loss  : 0.4301
2024-05-30 01:08:33,210 - INFO - [268288/569465]	Loss  : 0.4299
2024-05-30 01:10:02,992 - INFO - Test loss   : 0.9887
2024-05-30 01:10:02,993 - INFO - 
Epoch	73
2024-05-30 01:10:53,707 - INFO - [51200/569465]	Loss  : 0.4311
2024-05-30 01:11:43,447 - INFO - [102400/569465]	Loss  : 0.4301
2024-05-30 01:12:33,442 - INFO - [153600/569465]	Loss  : 0.4294
2024-05-30 01:13:23,117 - INFO - [204800/569465]	Loss  : 0.4297
2024-05-30 01:14:12,725 - INFO - [256000/569465]	Loss  : 0.4297
2024-05-30 01:14:23,881 - INFO - [268288/569465]	Loss  : 0.4296
2024-05-30 01:15:53,641 - INFO - Test loss   : 0.9910
2024-05-30 01:15:53,641 - INFO - 
Epoch	74
2024-05-30 01:16:44,603 - INFO - [51200/569465]	Loss  : 0.4307
2024-05-30 01:17:34,611 - INFO - [102400/569465]	Loss  : 0.4297
2024-05-30 01:18:24,401 - INFO - [153600/569465]	Loss  : 0.4290
2024-05-30 01:19:14,168 - INFO - [204800/569465]	Loss  : 0.4289
2024-05-30 01:20:03,710 - INFO - [256000/569465]	Loss  : 0.4293
2024-05-30 01:20:14,664 - INFO - [268288/569465]	Loss  : 0.4291
2024-05-30 01:21:37,154 - INFO - Test loss   : 0.9974
2024-05-30 01:21:37,154 - INFO - 
Epoch	75
2024-05-30 01:22:28,902 - INFO - [51200/569465]	Loss  : 0.4268
2024-05-30 01:23:20,139 - INFO - [102400/569465]	Loss  : 0.4271
2024-05-30 01:24:10,986 - INFO - [153600/569465]	Loss  : 0.4276
2024-05-30 01:24:50,175 - INFO - [204800/569465]	Loss  : 0.4278
2024-05-30 01:25:25,816 - INFO - [256000/569465]	Loss  : 0.4281
2024-05-30 01:25:33,749 - INFO - [268288/569465]	Loss  : 0.4280
2024-05-30 01:26:38,574 - INFO - Test loss   : 1.0022
2024-05-30 01:26:38,574 - INFO - 
Epoch	76
2024-05-30 01:27:15,475 - INFO - [51200/569465]	Loss  : 0.4259
2024-05-30 01:27:49,670 - INFO - [102400/569465]	Loss  : 0.4262
2024-05-30 01:28:25,476 - INFO - [153600/569465]	Loss  : 0.4265
2024-05-30 01:29:01,383 - INFO - [204800/569465]	Loss  : 0.4269
2024-05-30 01:29:37,201 - INFO - [256000/569465]	Loss  : 0.4268
2024-05-30 01:29:45,093 - INFO - [268288/569465]	Loss  : 0.4268
2024-05-30 01:30:48,946 - INFO - Test loss   : 1.0134
2024-05-30 01:30:48,946 - INFO - 
Epoch	77
2024-05-30 01:31:23,976 - INFO - [51200/569465]	Loss  : 0.4255
2024-05-30 01:31:59,778 - INFO - [102400/569465]	Loss  : 0.4260
2024-05-30 01:32:35,387 - INFO - [153600/569465]	Loss  : 0.4261
2024-05-30 01:33:10,826 - INFO - [204800/569465]	Loss  : 0.4262
2024-05-30 01:33:46,531 - INFO - [256000/569465]	Loss  : 0.4259
2024-05-30 01:33:54,473 - INFO - [268288/569465]	Loss  : 0.4260
2024-05-30 01:34:58,440 - INFO - Test loss   : 1.0179
2024-05-30 01:34:58,441 - INFO - 
Epoch	78
2024-05-30 01:35:35,446 - INFO - [51200/569465]	Loss  : 0.4267
2024-05-30 01:36:10,085 - INFO - [102400/569465]	Loss  : 0.4257
2024-05-30 01:36:46,050 - INFO - [153600/569465]	Loss  : 0.4251
2024-05-30 01:37:21,784 - INFO - [204800/569465]	Loss  : 0.4256
2024-05-30 01:37:57,380 - INFO - [256000/569465]	Loss  : 0.4254
2024-05-30 01:38:05,556 - INFO - [268288/569465]	Loss  : 0.4255
2024-05-30 01:39:09,917 - INFO - Test loss   : 1.0230
2024-05-30 01:39:09,917 - INFO - 
Epoch	79
2024-05-30 01:39:47,104 - INFO - [51200/569465]	Loss  : 0.4233
2024-05-30 01:40:22,236 - INFO - [102400/569465]	Loss  : 0.4240
2024-05-30 01:40:58,138 - INFO - [153600/569465]	Loss  : 0.4249
2024-05-30 01:41:33,901 - INFO - [204800/569465]	Loss  : 0.4248
2024-05-30 01:42:09,561 - INFO - [256000/569465]	Loss  : 0.4251
2024-05-30 01:42:17,606 - INFO - [268288/569465]	Loss  : 0.4251
2024-05-30 01:43:22,259 - INFO - Test loss   : 1.0270
2024-05-30 01:43:22,259 - INFO - 
Epoch	80
2024-05-30 01:43:57,370 - INFO - [51200/569465]	Loss  : 0.4250
2024-05-30 01:44:32,249 - INFO - [102400/569465]	Loss  : 0.4244
2024-05-30 01:45:07,635 - INFO - [153600/569465]	Loss  : 0.4247
2024-05-30 01:45:43,337 - INFO - [204800/569465]	Loss  : 0.4247
2024-05-30 01:46:18,979 - INFO - [256000/569465]	Loss  : 0.4247
2024-05-30 01:46:26,988 - INFO - [268288/569465]	Loss  : 0.4248
2024-05-30 01:47:30,567 - INFO - Test loss   : 1.0337
2024-05-30 01:47:30,567 - INFO - 
Epoch	81
2024-05-30 01:48:07,393 - INFO - [51200/569465]	Loss  : 0.4212
2024-05-30 01:48:31,792 - INFO - [102400/569465]	Loss  : 0.4225
2024-05-30 01:49:01,267 - INFO - [153600/569465]	Loss  : 0.4235
2024-05-30 01:49:36,653 - INFO - [204800/569465]	Loss  : 0.4237
2024-05-30 01:50:10,559 - INFO - [256000/569465]	Loss  : 0.4238
2024-05-30 01:50:18,431 - INFO - [268288/569465]	Loss  : 0.4237
2024-05-30 01:51:23,476 - INFO - Test loss   : 1.0369
2024-05-30 01:51:23,477 - INFO - 
Epoch	82
2024-05-30 01:52:00,380 - INFO - [51200/569465]	Loss  : 0.4228
2024-05-30 01:52:36,382 - INFO - [102400/569465]	Loss  : 0.4227
2024-05-30 01:53:12,362 - INFO - [153600/569465]	Loss  : 0.4230
2024-05-30 01:53:47,970 - INFO - [204800/569465]	Loss  : 0.4232
2024-05-30 01:54:23,682 - INFO - [256000/569465]	Loss  : 0.4230
2024-05-30 01:54:31,547 - INFO - [268288/569465]	Loss  : 0.4229
2024-05-30 01:55:35,304 - INFO - Test loss   : 1.0441
2024-05-30 01:55:35,305 - INFO - 
Epoch	83
2024-05-30 01:56:11,640 - INFO - [51200/569465]	Loss  : 0.4219
2024-05-30 01:56:47,301 - INFO - [102400/569465]	Loss  : 0.4221
2024-05-30 01:57:23,357 - INFO - [153600/569465]	Loss  : 0.4221
2024-05-30 01:57:59,065 - INFO - [204800/569465]	Loss  : 0.4223
2024-05-30 01:58:34,763 - INFO - [256000/569465]	Loss  : 0.4220
2024-05-30 01:58:42,873 - INFO - [268288/569465]	Loss  : 0.4220
2024-05-30 01:59:46,651 - INFO - Test loss   : 1.0456
2024-05-30 01:59:46,651 - INFO - 
Epoch	84
2024-05-30 02:00:23,294 - INFO - [51200/569465]	Loss  : 0.4212
2024-05-30 02:00:59,035 - INFO - [102400/569465]	Loss  : 0.4202
2024-05-30 02:01:35,135 - INFO - [153600/569465]	Loss  : 0.4212
2024-05-30 02:02:10,953 - INFO - [204800/569465]	Loss  : 0.4216
2024-05-30 02:02:46,404 - INFO - [256000/569465]	Loss  : 0.4218
2024-05-30 02:02:54,205 - INFO - [268288/569465]	Loss  : 0.4217
2024-05-30 02:03:58,357 - INFO - Test loss   : 1.0546
2024-05-30 02:03:58,357 - INFO - 
Epoch	85
2024-05-30 02:04:35,004 - INFO - [51200/569465]	Loss  : 0.4216
2024-05-30 02:05:10,226 - INFO - [102400/569465]	Loss  : 0.4220
2024-05-30 02:05:45,631 - INFO - [153600/569465]	Loss  : 0.4214
2024-05-30 02:06:20,848 - INFO - [204800/569465]	Loss  : 0.4212
2024-05-30 02:06:56,430 - INFO - [256000/569465]	Loss  : 0.4211
2024-05-30 02:07:04,469 - INFO - [268288/569465]	Loss  : 0.4210
2024-05-30 02:08:08,917 - INFO - Test loss   : 1.0561
2024-05-30 02:08:08,917 - INFO - 
Epoch	86
2024-05-30 02:08:45,370 - INFO - [51200/569465]	Loss  : 0.4207
2024-05-30 02:09:21,062 - INFO - [102400/569465]	Loss  : 0.4212
2024-05-30 02:09:57,003 - INFO - [153600/569465]	Loss  : 0.4214
2024-05-30 02:10:32,790 - INFO - [204800/569465]	Loss  : 0.4211
2024-05-30 02:11:07,920 - INFO - [256000/569465]	Loss  : 0.4209
2024-05-30 02:11:15,914 - INFO - [268288/569465]	Loss  : 0.4208
2024-05-30 02:12:17,575 - INFO - Test loss   : 1.0639
2024-05-30 02:12:17,576 - INFO - 
Epoch	87
2024-05-30 02:12:54,037 - INFO - [51200/569465]	Loss  : 0.4207
2024-05-30 02:13:29,576 - INFO - [102400/569465]	Loss  : 0.4209
2024-05-30 02:14:05,819 - INFO - [153600/569465]	Loss  : 0.4208
2024-05-30 02:14:41,644 - INFO - [204800/569465]	Loss  : 0.4202
2024-05-30 02:15:17,253 - INFO - [256000/569465]	Loss  : 0.4204
2024-05-30 02:15:25,228 - INFO - [268288/569465]	Loss  : 0.4202
2024-05-30 02:16:30,269 - INFO - Test loss   : 1.0695
2024-05-30 02:16:30,269 - INFO - 
Epoch	88
2024-05-30 02:17:06,152 - INFO - [51200/569465]	Loss  : 0.4201
2024-05-30 02:17:41,686 - INFO - [102400/569465]	Loss  : 0.4194
2024-05-30 02:18:17,716 - INFO - [153600/569465]	Loss  : 0.4184
2024-05-30 02:18:51,715 - INFO - [204800/569465]	Loss  : 0.4189
2024-05-30 02:19:27,384 - INFO - [256000/569465]	Loss  : 0.4192
2024-05-30 02:19:35,505 - INFO - [268288/569465]	Loss  : 0.4193
2024-05-30 02:20:38,996 - INFO - Test loss   : 1.0716
2024-05-30 02:20:38,996 - INFO - 
Epoch	89
2024-05-30 02:21:13,693 - INFO - [51200/569465]	Loss  : 0.4197
2024-05-30 02:21:49,212 - INFO - [102400/569465]	Loss  : 0.4197
2024-05-30 02:22:25,144 - INFO - [153600/569465]	Loss  : 0.4191
2024-05-30 02:23:01,160 - INFO - [204800/569465]	Loss  : 0.4190
2024-05-30 02:23:36,842 - INFO - [256000/569465]	Loss  : 0.4190
2024-05-30 02:23:44,758 - INFO - [268288/569465]	Loss  : 0.4189
2024-05-30 02:24:46,759 - INFO - Test loss   : 1.0777
2024-05-30 02:24:46,759 - INFO - 
Epoch	90
2024-05-30 02:25:23,252 - INFO - [51200/569465]	Loss  : 0.4198
2024-05-30 02:25:58,926 - INFO - [102400/569465]	Loss  : 0.4197
2024-05-30 02:26:35,009 - INFO - [153600/569465]	Loss  : 0.4192
2024-05-30 02:27:10,874 - INFO - [204800/569465]	Loss  : 0.4190
2024-05-30 02:27:46,731 - INFO - [256000/569465]	Loss  : 0.4189
2024-05-30 02:27:54,809 - INFO - [268288/569465]	Loss  : 0.4190
2024-05-30 02:28:56,189 - INFO - Test loss   : 1.0799
2024-05-30 02:28:56,190 - INFO - 
Epoch	91
2024-05-30 02:29:32,714 - INFO - [51200/569465]	Loss  : 0.4171
2024-05-30 02:30:08,426 - INFO - [102400/569465]	Loss  : 0.4181
2024-05-30 02:30:43,594 - INFO - [153600/569465]	Loss  : 0.4177
2024-05-30 02:31:09,920 - INFO - [204800/569465]	Loss  : 0.4175
2024-05-30 02:31:36,696 - INFO - [256000/569465]	Loss  : 0.4175
2024-05-30 02:31:44,067 - INFO - [268288/569465]	Loss  : 0.4174
2024-05-30 02:32:48,079 - INFO - Test loss   : 1.0852
2024-05-30 02:32:48,079 - INFO - 
Epoch	92
2024-05-30 02:33:24,368 - INFO - [51200/569465]	Loss  : 0.4162
2024-05-30 02:33:59,941 - INFO - [102400/569465]	Loss  : 0.4172
2024-05-30 02:34:35,684 - INFO - [153600/569465]	Loss  : 0.4178
2024-05-30 02:35:11,354 - INFO - [204800/569465]	Loss  : 0.4175
2024-05-30 02:35:46,953 - INFO - [256000/569465]	Loss  : 0.4174
2024-05-30 02:35:55,115 - INFO - [268288/569465]	Loss  : 0.4172
2024-05-30 02:36:59,856 - INFO - Test loss   : 1.0874
2024-05-30 02:36:59,856 - INFO - 
Epoch	93
2024-05-30 02:37:34,720 - INFO - [51200/569465]	Loss  : 0.4164
2024-05-30 02:38:10,477 - INFO - [102400/569465]	Loss  : 0.4162
2024-05-30 02:38:46,350 - INFO - [153600/569465]	Loss  : 0.4165
2024-05-30 02:39:22,155 - INFO - [204800/569465]	Loss  : 0.4167
2024-05-30 02:39:57,937 - INFO - [256000/569465]	Loss  : 0.4169
2024-05-30 02:40:06,145 - INFO - [268288/569465]	Loss  : 0.4168
2024-05-30 02:41:09,893 - INFO - Test loss   : 1.0950
2024-05-30 02:41:09,893 - INFO - 
Epoch	94
2024-05-30 02:41:46,456 - INFO - [51200/569465]	Loss  : 0.4164
2024-05-30 02:42:22,178 - INFO - [102400/569465]	Loss  : 0.4169
2024-05-30 02:42:57,962 - INFO - [153600/569465]	Loss  : 0.4166
2024-05-30 02:43:33,591 - INFO - [204800/569465]	Loss  : 0.4165
2024-05-30 02:44:09,480 - INFO - [256000/569465]	Loss  : 0.4166
2024-05-30 02:44:17,688 - INFO - [268288/569465]	Loss  : 0.4168
2024-05-30 02:45:22,050 - INFO - Test loss   : 1.0935
2024-05-30 02:45:22,050 - INFO - 
Epoch	95
2024-05-30 02:45:57,958 - INFO - [51200/569465]	Loss  : 0.4145
2024-05-30 02:46:33,716 - INFO - [102400/569465]	Loss  : 0.4149
2024-05-30 02:47:09,172 - INFO - [153600/569465]	Loss  : 0.4154
2024-05-30 02:47:43,845 - INFO - [204800/569465]	Loss  : 0.4156
2024-05-30 02:48:19,690 - INFO - [256000/569465]	Loss  : 0.4159
2024-05-30 02:48:27,961 - INFO - [268288/569465]	Loss  : 0.4159
2024-05-30 02:49:32,626 - INFO - Test loss   : 1.0999
2024-05-30 02:49:32,626 - INFO - 
Epoch	96
2024-05-30 02:50:08,959 - INFO - [51200/569465]	Loss  : 0.4160
2024-05-30 02:50:44,624 - INFO - [102400/569465]	Loss  : 0.4154
2024-05-30 02:51:20,485 - INFO - [153600/569465]	Loss  : 0.4153
2024-05-30 02:51:56,387 - INFO - [204800/569465]	Loss  : 0.4154
2024-05-30 02:52:32,457 - INFO - [256000/569465]	Loss  : 0.4149
2024-05-30 02:52:40,834 - INFO - [268288/569465]	Loss  : 0.4151
2024-05-30 02:53:43,809 - INFO - Test loss   : 1.1059
2024-05-30 02:53:43,809 - INFO - 
Epoch	97
2024-05-30 02:54:20,221 - INFO - [51200/569465]	Loss  : 0.4159
2024-05-30 02:54:55,928 - INFO - [102400/569465]	Loss  : 0.4153
2024-05-30 02:55:31,489 - INFO - [153600/569465]	Loss  : 0.4151
2024-05-30 02:56:06,445 - INFO - [204800/569465]	Loss  : 0.4159
2024-05-30 02:56:42,065 - INFO - [256000/569465]	Loss  : 0.4160
2024-05-30 02:56:50,252 - INFO - [268288/569465]	Loss  : 0.4160
2024-05-30 02:57:54,535 - INFO - Test loss   : 1.1070
2024-05-30 02:57:54,536 - INFO - 
Epoch	98
2024-05-30 02:58:31,057 - INFO - [51200/569465]	Loss  : 0.4144
2024-05-30 02:59:05,669 - INFO - [102400/569465]	Loss  : 0.4154
2024-05-30 02:59:40,065 - INFO - [153600/569465]	Loss  : 0.4148
2024-05-30 03:00:15,629 - INFO - [204800/569465]	Loss  : 0.4149
2024-05-30 03:00:51,659 - INFO - [256000/569465]	Loss  : 0.4146
2024-05-30 03:00:59,929 - INFO - [268288/569465]	Loss  : 0.4144
2024-05-30 03:02:04,519 - INFO - Test loss   : 1.1132
2024-05-30 03:02:04,519 - INFO - 
Epoch	99
2024-05-30 03:02:41,446 - INFO - [51200/569465]	Loss  : 0.4142
2024-05-30 03:03:15,443 - INFO - [102400/569465]	Loss  : 0.4148
2024-05-30 03:03:50,705 - INFO - [153600/569465]	Loss  : 0.4149
2024-05-30 03:04:26,547 - INFO - [204800/569465]	Loss  : 0.4149
2024-05-30 03:05:01,897 - INFO - [256000/569465]	Loss  : 0.4150
2024-05-30 03:05:09,865 - INFO - [268288/569465]	Loss  : 0.4151
2024-05-30 03:06:13,599 - INFO - Test loss   : 1.1130
2024-05-30 03:06:13,600 - INFO - Saving output model to ../models/sphere2vec_sphereM/model_inat_2017_Sphere2Vec-sphereM_inception_v3_0.0001_32_0.0100000_1_1024.pth.tar
2024-05-30 03:06:13,676 - INFO - Saving output model to ../models/sphere2vec_sphereM/model_inat_2017_Sphere2Vec-sphereM_inception_v3_0.0001_32_0.0100000_1_1024.pth.tar
2024-05-30 03:06:13,885 - INFO - 
No prior
2024-05-30 03:06:14,483 - INFO - (95986,)
2024-05-30 03:06:33,019 - INFO -  Split ID: 0
2024-05-30 03:06:33,020 - INFO -  Top 1	acc (%):   63.27
2024-05-30 03:06:33,021 - INFO -  Top 3	acc (%):   79.82
2024-05-30 03:06:33,021 - INFO -  Top 5	acc (%):   84.51
2024-05-30 03:06:33,022 - INFO -  Top 10	acc (%):   88.99
2024-05-30 03:08:04,768 - INFO -  Split ID: 0
2024-05-30 03:08:04,768 - INFO -  Top 1	acc (%):   68.4
2024-05-30 03:08:04,768 - INFO -  Top 3	acc (%):   82.72
2024-05-30 03:08:04,768 - INFO -  Top 5	acc (%):   86.62
2024-05-30 03:08:04,768 - INFO -  Top 10	acc (%):   90.26
2024-05-30 03:08:04,819 - INFO - 
Only Sphere2Vec-sphereM
2024-05-30 03:08:04,819 - INFO -  Model :	model_inat_2017_Sphere2Vec-sphereM_inception_v3_0.0001_32_0.0100000_1_1024.pth.tar
2024-05-30 03:08:08,751 - INFO - (93622,)
2024-05-30 03:09:44,434 - INFO -  Split ID: 0
2024-05-30 03:09:44,474 - INFO -  Top 1	LocEnc acc (%):   1.21
2024-05-30 03:09:44,477 - INFO -  Top 3	LocEnc acc (%):   3.12
2024-05-30 03:09:44,480 - INFO -  Top 5	LocEnc acc (%):   4.65
2024-05-30 03:09:44,483 - INFO -  Top 10	LocEnc acc (%):   7.97
