2024-05-21 00:35:05,919 - INFO - 
num_classes	555
2024-05-21 00:35:05,919 - INFO - num train    	22599
2024-05-21 00:35:05,919 - INFO - num val      	1100
2024-05-21 00:35:05,919 - INFO - train loss   	full_loss
2024-05-21 00:35:05,919 - INFO - model name   	../models/wrap_ffn/model_nabirds_ebird_meta_wrap_ffn_inception_v3_0.0020_64_0.0050000_1_512.pth.tar
2024-05-21 00:35:05,919 - INFO - num users    	5331
2024-05-21 00:35:05,919 - INFO - meta data    	ebird_meta
2024-05-21 00:35:06,125 - INFO - 
Epoch	0
2024-05-21 00:35:07,176 - INFO - [22528/22599]	Loss  : 1.7681
2024-05-21 00:35:07,216 - INFO - Test loss   : 0.7071
2024-05-21 00:35:07,216 - INFO - 
Epoch	1
2024-05-21 00:35:08,093 - INFO - [22528/22599]	Loss  : 1.3984
2024-05-21 00:35:08,133 - INFO - Test loss   : 0.7273
2024-05-21 00:35:08,133 - INFO - 
Epoch	2
2024-05-21 00:35:09,059 - INFO - [22528/22599]	Loss  : 1.3750
2024-05-21 00:35:09,099 - INFO - Test loss   : 0.7882
2024-05-21 00:35:09,099 - INFO - 
Epoch	3
2024-05-21 00:35:09,976 - INFO - [22528/22599]	Loss  : 1.3369
2024-05-21 00:35:10,016 - INFO - Test loss   : 0.7696
2024-05-21 00:35:10,016 - INFO - 
Epoch	4
2024-05-21 00:35:10,938 - INFO - [22528/22599]	Loss  : 1.2667
2024-05-21 00:35:10,978 - INFO - Test loss   : 0.7167
2024-05-21 00:35:10,978 - INFO - 
Epoch	5
2024-05-21 00:35:11,899 - INFO - [22528/22599]	Loss  : 1.2106
2024-05-21 00:35:11,939 - INFO - Test loss   : 0.6624
2024-05-21 00:35:11,940 - INFO - 
Epoch	6
2024-05-21 00:35:12,815 - INFO - [22528/22599]	Loss  : 1.1662
2024-05-21 00:35:12,855 - INFO - Test loss   : 0.6362
2024-05-21 00:35:12,855 - INFO - 
Epoch	7
2024-05-21 00:35:13,777 - INFO - [22528/22599]	Loss  : 1.1358
2024-05-21 00:35:13,818 - INFO - Test loss   : 0.6137
2024-05-21 00:35:13,818 - INFO - 
Epoch	8
2024-05-21 00:35:14,695 - INFO - [22528/22599]	Loss  : 1.1091
2024-05-21 00:35:14,735 - INFO - Test loss   : 0.5983
2024-05-21 00:35:14,735 - INFO - 
Epoch	9
2024-05-21 00:35:15,658 - INFO - [22528/22599]	Loss  : 1.0888
2024-05-21 00:35:15,698 - INFO - Test loss   : 0.5872
2024-05-21 00:35:15,698 - INFO - 
Epoch	10
2024-05-21 00:35:16,575 - INFO - [22528/22599]	Loss  : 1.0709
2024-05-21 00:35:16,614 - INFO - Test loss   : 0.5708
2024-05-21 00:35:16,624 - INFO - (1100,)
2024-05-21 00:35:16,668 - INFO -  Split ID: 0
2024-05-21 00:35:16,669 - INFO -  Top 1	LocEnc (Epoch 10)acc (%):   1.18
2024-05-21 00:35:16,669 - INFO -  Top 3	LocEnc (Epoch 10)acc (%):   3.0
2024-05-21 00:35:16,669 - INFO -  Top 5	LocEnc (Epoch 10)acc (%):   5.18
2024-05-21 00:35:16,669 - INFO -  Top 10	LocEnc (Epoch 10)acc (%):   8.91
2024-05-21 00:35:16,669 - INFO - 
No prior
2024-05-21 00:35:16,696 - INFO - (24633,)
2024-05-21 00:35:17,346 - INFO -  Split ID: 0
2024-05-21 00:35:17,347 - INFO -  Top 1	(Epoch 10)acc (%):   76.08
2024-05-21 00:35:17,347 - INFO -  Top 3	(Epoch 10)acc (%):   90.98
2024-05-21 00:35:17,347 - INFO -  Top 5	(Epoch 10)acc (%):   94.06
2024-05-21 00:35:17,347 - INFO -  Top 10	(Epoch 10)acc (%):   96.83
2024-05-21 00:35:25,626 - INFO -  Split ID: 0
2024-05-21 00:35:25,627 - INFO -  Top 1	(Epoch 10)acc (%):   80.11
2024-05-21 00:35:25,627 - INFO -  Top 3	(Epoch 10)acc (%):   92.83
2024-05-21 00:35:25,627 - INFO -  Top 5	(Epoch 10)acc (%):   95.32
2024-05-21 00:35:25,627 - INFO -  Top 10	(Epoch 10)acc (%):   97.52
2024-05-21 00:35:25,631 - INFO - 
Epoch	11
2024-05-21 00:35:26,554 - INFO - [22528/22599]	Loss  : 1.0553
2024-05-21 00:35:26,595 - INFO - Test loss   : 0.5523
2024-05-21 00:35:26,595 - INFO - 
Epoch	12
2024-05-21 00:35:27,472 - INFO - [22528/22599]	Loss  : 1.0490
2024-05-21 00:35:27,512 - INFO - Test loss   : 0.5508
2024-05-21 00:35:27,512 - INFO - 
Epoch	13
2024-05-21 00:35:28,436 - INFO - [22528/22599]	Loss  : 1.0340
2024-05-21 00:35:28,476 - INFO - Test loss   : 0.5467
2024-05-21 00:35:28,476 - INFO - 
Epoch	14
2024-05-21 00:35:29,399 - INFO - [22528/22599]	Loss  : 1.0233
2024-05-21 00:35:29,439 - INFO - Test loss   : 0.5478
2024-05-21 00:35:29,439 - INFO - 
Epoch	15
2024-05-21 00:35:30,315 - INFO - [22528/22599]	Loss  : 1.0176
2024-05-21 00:35:30,356 - INFO - Test loss   : 0.5438
2024-05-21 00:35:30,356 - INFO - 
Epoch	16
2024-05-21 00:35:31,278 - INFO - [22528/22599]	Loss  : 1.0094
2024-05-21 00:35:31,318 - INFO - Test loss   : 0.5470
2024-05-21 00:35:31,318 - INFO - 
Epoch	17
2024-05-21 00:35:32,196 - INFO - [22528/22599]	Loss  : 1.0030
2024-05-21 00:35:32,236 - INFO - Test loss   : 0.5500
2024-05-21 00:35:32,236 - INFO - 
Epoch	18
2024-05-21 00:35:33,159 - INFO - [22528/22599]	Loss  : 0.9942
2024-05-21 00:35:33,199 - INFO - Test loss   : 0.5539
2024-05-21 00:35:33,199 - INFO - 
Epoch	19
2024-05-21 00:35:34,076 - INFO - [22528/22599]	Loss  : 0.9925
2024-05-21 00:35:34,116 - INFO - Test loss   : 0.5428
2024-05-21 00:35:34,116 - INFO - 
Epoch	20
2024-05-21 00:35:35,036 - INFO - [22528/22599]	Loss  : 0.9818
2024-05-21 00:35:35,077 - INFO - Test loss   : 0.5598
2024-05-21 00:35:35,081 - INFO - (1100,)
2024-05-21 00:35:35,126 - INFO -  Split ID: 0
2024-05-21 00:35:35,127 - INFO -  Top 1	LocEnc (Epoch 20)acc (%):   1.36
2024-05-21 00:35:35,127 - INFO -  Top 3	LocEnc (Epoch 20)acc (%):   4.27
2024-05-21 00:35:35,127 - INFO -  Top 5	LocEnc (Epoch 20)acc (%):   6.82
2024-05-21 00:35:35,127 - INFO -  Top 10	LocEnc (Epoch 20)acc (%):   12.27
2024-05-21 00:35:35,127 - INFO - 
No prior
2024-05-21 00:35:35,154 - INFO - (24633,)
2024-05-21 00:35:35,802 - INFO -  Split ID: 0
2024-05-21 00:35:35,802 - INFO -  Top 1	(Epoch 20)acc (%):   76.08
2024-05-21 00:35:35,803 - INFO -  Top 3	(Epoch 20)acc (%):   90.98
2024-05-21 00:35:35,803 - INFO -  Top 5	(Epoch 20)acc (%):   94.06
2024-05-21 00:35:35,803 - INFO -  Top 10	(Epoch 20)acc (%):   96.83
2024-05-21 00:35:44,071 - INFO -  Split ID: 0
2024-05-21 00:35:44,071 - INFO -  Top 1	(Epoch 20)acc (%):   81.16
2024-05-21 00:35:44,071 - INFO -  Top 3	(Epoch 20)acc (%):   93.24
2024-05-21 00:35:44,072 - INFO -  Top 5	(Epoch 20)acc (%):   95.69
2024-05-21 00:35:44,072 - INFO -  Top 10	(Epoch 20)acc (%):   97.76
2024-05-21 00:35:44,076 - INFO - 
Epoch	21
2024-05-21 00:35:44,958 - INFO - [22528/22599]	Loss  : 0.9778
2024-05-21 00:35:44,998 - INFO - Test loss   : 0.5523
2024-05-21 00:35:44,998 - INFO - 
Epoch	22
2024-05-21 00:35:45,923 - INFO - [22528/22599]	Loss  : 0.9763
2024-05-21 00:35:45,964 - INFO - Test loss   : 0.5578
2024-05-21 00:35:45,964 - INFO - 
Epoch	23
2024-05-21 00:35:46,885 - INFO - [22528/22599]	Loss  : 0.9685
2024-05-21 00:35:46,925 - INFO - Test loss   : 0.5514
2024-05-21 00:35:46,925 - INFO - 
Epoch	24
2024-05-21 00:35:47,799 - INFO - [22528/22599]	Loss  : 0.9669
2024-05-21 00:35:47,839 - INFO - Test loss   : 0.5506
2024-05-21 00:35:47,840 - INFO - 
Epoch	25
2024-05-21 00:35:48,761 - INFO - [22528/22599]	Loss  : 0.9618
2024-05-21 00:35:48,801 - INFO - Test loss   : 0.5550
2024-05-21 00:35:48,801 - INFO - 
Epoch	26
2024-05-21 00:35:49,676 - INFO - [22528/22599]	Loss  : 0.9608
2024-05-21 00:35:49,716 - INFO - Test loss   : 0.5730
2024-05-21 00:35:49,716 - INFO - 
Epoch	27
2024-05-21 00:35:50,639 - INFO - [22528/22599]	Loss  : 0.9573
2024-05-21 00:35:50,680 - INFO - Test loss   : 0.5529
2024-05-21 00:35:50,680 - INFO - 
Epoch	28
2024-05-21 00:35:51,555 - INFO - [22528/22599]	Loss  : 0.9550
2024-05-21 00:35:51,596 - INFO - Test loss   : 0.5636
2024-05-21 00:35:51,596 - INFO - 
Epoch	29
2024-05-21 00:35:52,518 - INFO - [22528/22599]	Loss  : 0.9502
2024-05-21 00:35:52,558 - INFO - Test loss   : 0.5661
2024-05-21 00:35:52,559 - INFO - Saving output model to ../models/wrap_ffn/model_nabirds_ebird_meta_wrap_ffn_inception_v3_0.0020_64_0.0050000_1_512.pth.tar
2024-05-21 00:35:52,577 - INFO - Saving output model to ../models/wrap_ffn/model_nabirds_ebird_meta_wrap_ffn_inception_v3_0.0020_64_0.0050000_1_512.pth.tar
2024-05-21 00:35:52,621 - INFO - 
No prior
2024-05-21 00:35:52,654 - INFO - (24633,)
2024-05-21 00:35:53,316 - INFO -  Split ID: 0
2024-05-21 00:35:53,317 - INFO -  Top 1	acc (%):   76.08
2024-05-21 00:35:53,317 - INFO -  Top 3	acc (%):   90.98
2024-05-21 00:35:53,317 - INFO -  Top 5	acc (%):   94.06
2024-05-21 00:35:53,317 - INFO -  Top 10	acc (%):   96.83
2024-05-21 00:36:01,724 - INFO -  Split ID: 0
2024-05-21 00:36:01,724 - INFO -  Top 1	acc (%):   81.4
2024-05-21 00:36:01,724 - INFO -  Top 3	acc (%):   93.36
2024-05-21 00:36:01,724 - INFO -  Top 5	acc (%):   95.75
2024-05-21 00:36:01,724 - INFO -  Top 10	acc (%):   97.8
2024-05-21 00:36:01,730 - INFO - 
wrap_ffn
2024-05-21 00:36:01,730 - INFO -  Model :	model_nabirds_ebird_meta_wrap_ffn_inception_v3_0.0020_64_0.0050000_1_512.pth.tar
2024-05-21 00:36:01,741 - INFO - (1100,)
2024-05-21 00:36:01,786 - INFO -  Split ID: 0
2024-05-21 00:36:01,786 - INFO -  Top 1	LocEnc acc (%):   1.73
2024-05-21 00:36:01,786 - INFO -  Top 3	LocEnc acc (%):   4.73
2024-05-21 00:36:01,787 - INFO -  Top 5	LocEnc acc (%):   6.64
2024-05-21 00:36:01,787 - INFO -  Top 10	LocEnc acc (%):   12.82
2024-05-27 16:23:58,470 - INFO - 
num_classes	555
2024-05-27 16:23:58,504 - INFO - num train    	22599
2024-05-27 16:23:58,504 - INFO - num val      	1100
2024-05-27 16:23:58,504 - INFO - train loss   	full_loss
2024-05-27 16:23:58,504 - INFO - model name   	../models/wrap_ffn/model_nabirds_ebird_meta_wrap_ffn_inception_v3_0.0020_64_0.0050000_1_512.pth.tar
2024-05-27 16:23:58,504 - INFO - num users    	5331
2024-05-27 16:23:58,504 - INFO - meta data    	ebird_meta
2024-05-27 16:23:58,802 - INFO - 
Epoch	0
2024-05-27 16:25:12,781 - INFO - [22528/22599]	Loss  : 1.7709
2024-05-27 16:25:16,418 - INFO - Test loss   : 0.7037
2024-05-27 16:25:16,418 - INFO - 
Epoch	1
2024-05-27 16:26:30,969 - INFO - [22528/22599]	Loss  : 1.3971
2024-05-27 16:26:34,596 - INFO - Test loss   : 0.7349
2024-05-27 16:26:34,596 - INFO - 
Epoch	2
2024-05-27 16:27:46,171 - INFO - [22528/22599]	Loss  : 1.3774
2024-05-27 16:27:49,435 - INFO - Test loss   : 0.7850
2024-05-27 16:27:49,436 - INFO - 
Epoch	3
2024-05-27 16:28:56,589 - INFO - [22528/22599]	Loss  : 1.3530
2024-05-27 16:28:59,891 - INFO - Test loss   : 0.8053
2024-05-27 16:28:59,891 - INFO - 
Epoch	4
2024-05-27 16:30:07,431 - INFO - [22528/22599]	Loss  : 1.2955
2024-05-27 16:30:10,668 - INFO - Test loss   : 0.7819
2024-05-27 16:30:10,668 - INFO - 
Epoch	5
2024-05-27 16:31:19,069 - INFO - [22528/22599]	Loss  : 1.2324
2024-05-27 16:31:22,435 - INFO - Test loss   : 0.7201
2024-05-27 16:31:22,435 - INFO - 
Epoch	6
2024-05-27 16:32:30,806 - INFO - [22528/22599]	Loss  : 1.1887
2024-05-27 16:32:34,070 - INFO - Test loss   : 0.6820
2024-05-27 16:32:34,070 - INFO - 
Epoch	7
2024-05-27 16:33:41,243 - INFO - [22528/22599]	Loss  : 1.1543
2024-05-27 16:33:44,541 - INFO - Test loss   : 0.6279
2024-05-27 16:33:44,541 - INFO - 
Epoch	8
2024-05-27 16:34:52,928 - INFO - [22528/22599]	Loss  : 1.1212
2024-05-27 16:34:56,233 - INFO - Test loss   : 0.5984
2024-05-27 16:34:56,233 - INFO - 
Epoch	9
2024-05-27 16:36:04,539 - INFO - [22528/22599]	Loss  : 1.0976
2024-05-27 16:36:07,881 - INFO - Test loss   : 0.5835
2024-05-27 16:36:07,881 - INFO - 
Epoch	10
2024-05-27 16:37:15,726 - INFO - [22528/22599]	Loss  : 1.0846
2024-05-27 16:37:19,079 - INFO - Test loss   : 0.5779
2024-05-27 16:37:19,079 - INFO - 
Epoch	11
2024-05-27 16:38:27,604 - INFO - [22528/22599]	Loss  : 1.0702
2024-05-27 16:38:30,946 - INFO - Test loss   : 0.5706
2024-05-27 16:38:30,946 - INFO - 
Epoch	12
2024-05-27 16:39:38,688 - INFO - [22528/22599]	Loss  : 1.0584
2024-05-27 16:39:41,976 - INFO - Test loss   : 0.5585
2024-05-27 16:39:41,976 - INFO - 
Epoch	13
2024-05-27 16:40:47,272 - INFO - [22528/22599]	Loss  : 1.0504
2024-05-27 16:40:50,251 - INFO - Test loss   : 0.5574
2024-05-27 16:40:50,251 - INFO - 
Epoch	14
2024-05-27 16:41:50,923 - INFO - [22528/22599]	Loss  : 1.0396
2024-05-27 16:41:53,996 - INFO - Test loss   : 0.5527
2024-05-27 16:41:53,996 - INFO - 
Epoch	15
2024-05-27 16:43:01,078 - INFO - [22528/22599]	Loss  : 1.0301
2024-05-27 16:43:04,486 - INFO - Test loss   : 0.5575
2024-05-27 16:43:04,486 - INFO - 
Epoch	16
2024-05-27 16:44:14,393 - INFO - [22528/22599]	Loss  : 1.0218
2024-05-27 16:44:17,739 - INFO - Test loss   : 0.5592
2024-05-27 16:44:17,739 - INFO - 
Epoch	17
2024-05-27 16:45:26,078 - INFO - [22528/22599]	Loss  : 1.0137
2024-05-27 16:45:29,435 - INFO - Test loss   : 0.5581
2024-05-27 16:45:29,436 - INFO - 
Epoch	18
2024-05-27 16:46:38,209 - INFO - [22528/22599]	Loss  : 1.0068
2024-05-27 16:46:41,542 - INFO - Test loss   : 0.5487
2024-05-27 16:46:41,542 - INFO - 
Epoch	19
2024-05-27 16:47:49,345 - INFO - [22528/22599]	Loss  : 1.0043
2024-05-27 16:47:52,632 - INFO - Test loss   : 0.5440
2024-05-27 16:47:52,632 - INFO - 
Epoch	20
2024-05-27 16:49:00,748 - INFO - [22528/22599]	Loss  : 0.9976
2024-05-27 16:49:04,033 - INFO - Test loss   : 0.5459
2024-05-27 16:49:04,033 - INFO - 
Epoch	21
2024-05-27 16:50:12,132 - INFO - [22528/22599]	Loss  : 0.9887
2024-05-27 16:50:15,474 - INFO - Test loss   : 0.5487
2024-05-27 16:50:15,474 - INFO - 
Epoch	22
2024-05-27 16:51:25,575 - INFO - [22528/22599]	Loss  : 0.9875
2024-05-27 16:51:29,210 - INFO - Test loss   : 0.5478
2024-05-27 16:51:29,210 - INFO - 
Epoch	23
2024-05-27 16:52:42,590 - INFO - [22528/22599]	Loss  : 0.9825
2024-05-27 16:52:46,151 - INFO - Test loss   : 0.5410
2024-05-27 16:52:46,151 - INFO - 
Epoch	24
2024-05-27 16:53:59,021 - INFO - [22528/22599]	Loss  : 0.9799
2024-05-27 16:54:02,571 - INFO - Test loss   : 0.5605
2024-05-27 16:54:02,571 - INFO - 
Epoch	25
2024-05-27 16:55:16,473 - INFO - [22528/22599]	Loss  : 0.9731
2024-05-27 16:55:20,112 - INFO - Test loss   : 0.5580
2024-05-27 16:55:20,112 - INFO - 
Epoch	26
2024-05-27 16:56:34,415 - INFO - [22528/22599]	Loss  : 0.9706
2024-05-27 16:56:38,009 - INFO - Test loss   : 0.5561
2024-05-27 16:56:38,009 - INFO - 
Epoch	27
2024-05-27 16:57:51,316 - INFO - [22528/22599]	Loss  : 0.9655
2024-05-27 16:57:54,864 - INFO - Test loss   : 0.5538
2024-05-27 16:57:54,864 - INFO - 
Epoch	28
2024-05-27 16:59:07,327 - INFO - [22528/22599]	Loss  : 0.9615
2024-05-27 16:59:10,849 - INFO - Test loss   : 0.5607
2024-05-27 16:59:10,849 - INFO - 
Epoch	29
2024-05-27 17:00:24,112 - INFO - [22528/22599]	Loss  : 0.9617
2024-05-27 17:00:27,708 - INFO - Test loss   : 0.5716
2024-05-27 17:00:27,708 - INFO - Saving output model to ../models/wrap_ffn/model_nabirds_ebird_meta_wrap_ffn_inception_v3_0.0020_64_0.0050000_1_512.pth.tar
2024-05-27 17:00:27,763 - INFO - Saving output model to ../models/wrap_ffn/model_nabirds_ebird_meta_wrap_ffn_inception_v3_0.0020_64_0.0050000_1_512.pth.tar
2024-05-27 17:00:27,808 - INFO - 
No prior
2024-05-27 17:00:27,841 - INFO - (24633,)
2024-05-27 17:00:28,626 - INFO -  Split ID: 0
2024-05-27 17:00:28,626 - INFO -  Top 1	acc (%):   76.08
2024-05-27 17:00:28,627 - INFO -  Top 3	acc (%):   90.98
2024-05-27 17:00:28,627 - INFO -  Top 5	acc (%):   94.06
2024-05-27 17:00:28,627 - INFO -  Top 10	acc (%):   96.83
2024-05-27 17:02:16,328 - INFO -  Split ID: 0
2024-05-27 17:02:16,328 - INFO -  Top 1	acc (%):   81.27
2024-05-27 17:02:16,329 - INFO -  Top 3	acc (%):   93.33
2024-05-27 17:02:16,329 - INFO -  Top 5	acc (%):   95.65
2024-05-27 17:02:16,329 - INFO -  Top 10	acc (%):   97.73
2024-05-27 17:02:16,335 - INFO - 
Only wrap_ffn
2024-05-27 17:02:16,335 - INFO -  Model :	model_nabirds_ebird_meta_wrap_ffn_inception_v3_0.0020_64_0.0050000_1_512.pth.tar
2024-05-27 17:02:16,376 - INFO - (1100,)
2024-05-27 17:02:16,425 - INFO -  Split ID: 0
2024-05-27 17:02:16,426 - INFO -  Top 1	LocEnc acc (%):   2.36
2024-05-27 17:02:16,426 - INFO -  Top 3	LocEnc acc (%):   5.09
2024-05-27 17:02:16,426 - INFO -  Top 5	LocEnc acc (%):   7.45
2024-05-27 17:02:16,426 - INFO -  Top 10	LocEnc acc (%):   13.09
