2024-05-29 15:42:22,964 - INFO - 
num_classes	5089
2024-05-29 15:42:22,964 - INFO - num train    	569465
2024-05-29 15:42:22,964 - INFO - num val      	93622
2024-05-29 15:42:22,964 - INFO - train loss   	full_loss
2024-05-29 15:42:22,964 - INFO - model name   	../models/wrap_ffn/model_inat_2017_wrap_ffn_inception_v3_0.00060059_32_0.0000334_1_512_leakyrelu.pth.tar
2024-05-29 15:42:22,964 - INFO - num users    	17302
2024-05-29 15:42:23,380 - INFO - 
Epoch	0
2024-05-29 15:43:40,327 - INFO - [51200/569465]	Loss  : 1.8649
2024-05-29 15:44:55,581 - INFO - [102400/569465]	Loss  : 1.6923
2024-05-29 15:46:10,782 - INFO - [153600/569465]	Loss  : 1.5955
2024-05-29 15:47:26,012 - INFO - [204800/569465]	Loss  : 1.5265
2024-05-29 15:48:41,329 - INFO - [256000/569465]	Loss  : 1.4729
2024-05-29 15:48:58,157 - INFO - [268288/569465]	Loss  : 1.4617
2024-05-29 15:51:19,797 - INFO - Test loss   : 0.5607
2024-05-29 15:51:19,797 - INFO - 
Epoch	1
2024-05-29 15:52:49,338 - INFO - [51200/569465]	Loss  : 1.1670
2024-05-29 15:54:16,838 - INFO - [102400/569465]	Loss  : 1.1327
2024-05-29 15:55:44,592 - INFO - [153600/569465]	Loss  : 1.1008
2024-05-29 15:57:22,481 - INFO - [204800/569465]	Loss  : 1.0721
2024-05-29 15:59:03,664 - INFO - [256000/569465]	Loss  : 1.0484
2024-05-29 15:59:26,097 - INFO - [268288/569465]	Loss  : 1.0435
2024-05-29 16:02:41,103 - INFO - Test loss   : 0.4056
2024-05-29 16:02:41,103 - INFO - 
Epoch	2
2024-05-29 16:04:36,257 - INFO - [51200/569465]	Loss  : 0.9053
2024-05-29 16:06:29,136 - INFO - [102400/569465]	Loss  : 0.8957
2024-05-29 16:08:21,793 - INFO - [153600/569465]	Loss  : 0.8871
2024-05-29 16:10:14,548 - INFO - [204800/569465]	Loss  : 0.8802
2024-05-29 16:12:07,448 - INFO - [256000/569465]	Loss  : 0.8730
2024-05-29 16:12:32,648 - INFO - [268288/569465]	Loss  : 0.8720
2024-05-29 16:15:57,634 - INFO - Test loss   : 0.3804
2024-05-29 16:15:57,634 - INFO - 
Epoch	3
2024-05-29 16:17:54,055 - INFO - [51200/569465]	Loss  : 0.8215
2024-05-29 16:19:45,757 - INFO - [102400/569465]	Loss  : 0.8194
2024-05-29 16:21:38,434 - INFO - [153600/569465]	Loss  : 0.8157
2024-05-29 16:23:31,122 - INFO - [204800/569465]	Loss  : 0.8123
2024-05-29 16:25:23,574 - INFO - [256000/569465]	Loss  : 0.8087
2024-05-29 16:25:48,877 - INFO - [268288/569465]	Loss  : 0.8080
2024-05-29 16:29:14,616 - INFO - Test loss   : 0.3771
2024-05-29 16:29:14,616 - INFO - 
Epoch	4
2024-05-29 16:31:09,678 - INFO - [51200/569465]	Loss  : 0.7773
2024-05-29 16:33:02,420 - INFO - [102400/569465]	Loss  : 0.7770
2024-05-29 16:34:54,961 - INFO - [153600/569465]	Loss  : 0.7759
2024-05-29 16:36:47,588 - INFO - [204800/569465]	Loss  : 0.7734
2024-05-29 16:38:40,360 - INFO - [256000/569465]	Loss  : 0.7707
2024-05-29 16:39:05,587 - INFO - [268288/569465]	Loss  : 0.7699
2024-05-29 16:42:30,669 - INFO - Test loss   : 0.3718
2024-05-29 16:42:30,670 - INFO - 
Epoch	5
2024-05-29 16:44:27,017 - INFO - [51200/569465]	Loss  : 0.7456
2024-05-29 16:46:20,057 - INFO - [102400/569465]	Loss  : 0.7447
2024-05-29 16:48:12,675 - INFO - [153600/569465]	Loss  : 0.7454
2024-05-29 16:50:05,254 - INFO - [204800/569465]	Loss  : 0.7444
2024-05-29 16:51:57,207 - INFO - [256000/569465]	Loss  : 0.7431
2024-05-29 16:52:22,483 - INFO - [268288/569465]	Loss  : 0.7432
2024-05-29 16:55:48,269 - INFO - Test loss   : 0.3817
2024-05-29 16:55:48,270 - INFO - 
Epoch	6
2024-05-29 16:57:42,989 - INFO - [51200/569465]	Loss  : 0.7210
2024-05-29 16:59:35,237 - INFO - [102400/569465]	Loss  : 0.7231
2024-05-29 17:01:27,728 - INFO - [153600/569465]	Loss  : 0.7228
2024-05-29 17:03:20,336 - INFO - [204800/569465]	Loss  : 0.7222
2024-05-29 17:05:13,038 - INFO - [256000/569465]	Loss  : 0.7215
2024-05-29 17:05:38,266 - INFO - [268288/569465]	Loss  : 0.7212
2024-05-29 17:09:05,287 - INFO - Test loss   : 0.3837
2024-05-29 17:09:05,287 - INFO - 
Epoch	7
2024-05-29 17:11:00,256 - INFO - [51200/569465]	Loss  : 0.7067
2024-05-29 17:12:52,941 - INFO - [102400/569465]	Loss  : 0.7063
2024-05-29 17:14:45,057 - INFO - [153600/569465]	Loss  : 0.7066
2024-05-29 17:16:37,673 - INFO - [204800/569465]	Loss  : 0.7054
2024-05-29 17:18:30,267 - INFO - [256000/569465]	Loss  : 0.7048
2024-05-29 17:18:55,501 - INFO - [268288/569465]	Loss  : 0.7045
2024-05-29 17:22:20,079 - INFO - Test loss   : 0.3994
2024-05-29 17:22:20,079 - INFO - 
Epoch	8
2024-05-29 17:24:15,802 - INFO - [51200/569465]	Loss  : 0.6871
2024-05-29 17:26:08,409 - INFO - [102400/569465]	Loss  : 0.6909
2024-05-29 17:28:00,292 - INFO - [153600/569465]	Loss  : 0.6916
2024-05-29 17:29:47,505 - INFO - [204800/569465]	Loss  : 0.6912
2024-05-29 17:31:27,905 - INFO - [256000/569465]	Loss  : 0.6910
2024-05-29 17:31:50,920 - INFO - [268288/569465]	Loss  : 0.6909
2024-05-29 17:34:54,425 - INFO - Test loss   : 0.4113
2024-05-29 17:34:54,425 - INFO - 
Epoch	9
2024-05-29 17:36:36,432 - INFO - [51200/569465]	Loss  : 0.6808
2024-05-29 17:38:16,444 - INFO - [102400/569465]	Loss  : 0.6792
2024-05-29 17:39:56,504 - INFO - [153600/569465]	Loss  : 0.6799
2024-05-29 17:41:36,491 - INFO - [204800/569465]	Loss  : 0.6796
2024-05-29 17:43:16,456 - INFO - [256000/569465]	Loss  : 0.6794
2024-05-29 17:43:38,925 - INFO - [268288/569465]	Loss  : 0.6795
2024-05-29 17:46:40,784 - INFO - Test loss   : 0.4061
2024-05-29 17:46:40,784 - INFO - 
Epoch	10
2024-05-29 17:48:22,926 - INFO - [51200/569465]	Loss  : 0.6688
2024-05-29 17:50:03,017 - INFO - [102400/569465]	Loss  : 0.6686
2024-05-29 17:51:42,917 - INFO - [153600/569465]	Loss  : 0.6702
2024-05-29 17:53:23,089 - INFO - [204800/569465]	Loss  : 0.6708
2024-05-29 17:55:04,455 - INFO - [256000/569465]	Loss  : 0.6707
2024-05-29 17:55:26,806 - INFO - [268288/569465]	Loss  : 0.6708
2024-05-29 17:58:28,529 - INFO - Test loss   : 0.4094
2024-05-29 17:58:28,530 - INFO - 
Epoch	11
2024-05-29 18:00:10,727 - INFO - [51200/569465]	Loss  : 0.6642
2024-05-29 18:01:50,847 - INFO - [102400/569465]	Loss  : 0.6632
2024-05-29 18:03:30,311 - INFO - [153600/569465]	Loss  : 0.6635
2024-05-29 18:05:10,329 - INFO - [204800/569465]	Loss  : 0.6636
2024-05-29 18:06:50,372 - INFO - [256000/569465]	Loss  : 0.6631
2024-05-29 18:07:12,776 - INFO - [268288/569465]	Loss  : 0.6630
2024-05-29 18:10:14,761 - INFO - Test loss   : 0.4178
2024-05-29 18:10:14,762 - INFO - 
Epoch	12
2024-05-29 18:11:56,453 - INFO - [51200/569465]	Loss  : 0.6525
2024-05-29 18:13:36,920 - INFO - [102400/569465]	Loss  : 0.6537
2024-05-29 18:15:18,309 - INFO - [153600/569465]	Loss  : 0.6545
2024-05-29 18:16:59,092 - INFO - [204800/569465]	Loss  : 0.6552
2024-05-29 18:18:39,115 - INFO - [256000/569465]	Loss  : 0.6553
2024-05-29 18:19:01,626 - INFO - [268288/569465]	Loss  : 0.6554
2024-05-29 18:22:03,511 - INFO - Test loss   : 0.4285
2024-05-29 18:22:03,511 - INFO - 
Epoch	13
2024-05-29 18:23:45,347 - INFO - [51200/569465]	Loss  : 0.6468
2024-05-29 18:25:25,708 - INFO - [102400/569465]	Loss  : 0.6479
2024-05-29 18:27:05,813 - INFO - [153600/569465]	Loss  : 0.6485
2024-05-29 18:28:45,805 - INFO - [204800/569465]	Loss  : 0.6490
2024-05-29 18:30:25,737 - INFO - [256000/569465]	Loss  : 0.6490
2024-05-29 18:30:48,171 - INFO - [268288/569465]	Loss  : 0.6491
2024-05-29 18:33:49,571 - INFO - Test loss   : 0.4348
2024-05-29 18:33:49,571 - INFO - 
Epoch	14
2024-05-29 18:35:31,106 - INFO - [51200/569465]	Loss  : 0.6429
2024-05-29 18:37:13,314 - INFO - [102400/569465]	Loss  : 0.6436
2024-05-29 18:38:53,292 - INFO - [153600/569465]	Loss  : 0.6438
2024-05-29 18:40:33,272 - INFO - [204800/569465]	Loss  : 0.6438
2024-05-29 18:42:13,252 - INFO - [256000/569465]	Loss  : 0.6441
2024-05-29 18:42:35,614 - INFO - [268288/569465]	Loss  : 0.6441
2024-05-29 18:45:37,280 - INFO - Test loss   : 0.4482
2024-05-29 18:45:37,281 - INFO - 
Epoch	15
2024-05-29 18:47:19,094 - INFO - [51200/569465]	Loss  : 0.6382
2024-05-29 18:48:59,073 - INFO - [102400/569465]	Loss  : 0.6372
2024-05-29 18:50:38,965 - INFO - [153600/569465]	Loss  : 0.6384
2024-05-29 18:52:18,652 - INFO - [204800/569465]	Loss  : 0.6398
2024-05-29 18:53:58,477 - INFO - [256000/569465]	Loss  : 0.6402
2024-05-29 18:54:20,887 - INFO - [268288/569465]	Loss  : 0.6401
2024-05-29 18:57:23,404 - INFO - Test loss   : 0.4504
2024-05-29 18:57:23,404 - INFO - 
Epoch	16
2024-05-29 18:59:04,969 - INFO - [51200/569465]	Loss  : 0.6310
2024-05-29 19:00:39,264 - INFO - [102400/569465]	Loss  : 0.6323
2024-05-29 19:02:18,451 - INFO - [153600/569465]	Loss  : 0.6335
2024-05-29 19:03:58,377 - INFO - [204800/569465]	Loss  : 0.6343
2024-05-29 19:05:38,415 - INFO - [256000/569465]	Loss  : 0.6346
2024-05-29 19:06:00,934 - INFO - [268288/569465]	Loss  : 0.6346
2024-05-29 19:09:03,145 - INFO - Test loss   : 0.4699
2024-05-29 19:09:03,145 - INFO - 
Epoch	17
2024-05-29 19:10:44,524 - INFO - [51200/569465]	Loss  : 0.6258
2024-05-29 19:12:24,461 - INFO - [102400/569465]	Loss  : 0.6280
2024-05-29 19:14:04,509 - INFO - [153600/569465]	Loss  : 0.6297
2024-05-29 19:15:44,246 - INFO - [204800/569465]	Loss  : 0.6307
2024-05-29 19:17:23,994 - INFO - [256000/569465]	Loss  : 0.6308
2024-05-29 19:17:46,442 - INFO - [268288/569465]	Loss  : 0.6310
2024-05-29 19:20:49,800 - INFO - Test loss   : 0.4701
2024-05-29 19:20:49,800 - INFO - 
Epoch	18
2024-05-29 19:22:31,380 - INFO - [51200/569465]	Loss  : 0.6219
2024-05-29 19:24:11,420 - INFO - [102400/569465]	Loss  : 0.6240
2024-05-29 19:25:51,351 - INFO - [153600/569465]	Loss  : 0.6258
2024-05-29 19:27:31,142 - INFO - [204800/569465]	Loss  : 0.6268
2024-05-29 19:29:10,712 - INFO - [256000/569465]	Loss  : 0.6273
2024-05-29 19:29:32,980 - INFO - [268288/569465]	Loss  : 0.6276
2024-05-29 19:32:34,641 - INFO - Test loss   : 0.4653
2024-05-29 19:32:34,641 - INFO - 
Epoch	19
2024-05-29 19:34:16,143 - INFO - [51200/569465]	Loss  : 0.6183
2024-05-29 19:35:56,128 - INFO - [102400/569465]	Loss  : 0.6199
2024-05-29 19:37:36,031 - INFO - [153600/569465]	Loss  : 0.6218
2024-05-29 19:39:15,886 - INFO - [204800/569465]	Loss  : 0.6229
2024-05-29 19:40:57,389 - INFO - [256000/569465]	Loss  : 0.6234
2024-05-29 19:41:20,102 - INFO - [268288/569465]	Loss  : 0.6234
2024-05-29 19:44:21,915 - INFO - Test loss   : 0.4726
2024-05-29 19:44:21,915 - INFO - 
Epoch	20
2024-05-29 19:46:03,486 - INFO - [51200/569465]	Loss  : 0.6176
2024-05-29 19:47:43,207 - INFO - [102400/569465]	Loss  : 0.6192
2024-05-29 19:49:23,027 - INFO - [153600/569465]	Loss  : 0.6208
2024-05-29 19:51:02,873 - INFO - [204800/569465]	Loss  : 0.6208
2024-05-29 19:52:42,820 - INFO - [256000/569465]	Loss  : 0.6211
2024-05-29 19:53:05,285 - INFO - [268288/569465]	Loss  : 0.6210
2024-05-29 19:56:07,117 - INFO - Test loss   : 0.4826
2024-05-29 19:56:07,117 - INFO - 
Epoch	21
2024-05-29 19:57:47,131 - INFO - [51200/569465]	Loss  : 0.6154
2024-05-29 19:59:23,329 - INFO - [102400/569465]	Loss  : 0.6151
2024-05-29 20:00:50,156 - INFO - [153600/569465]	Loss  : 0.6168
2024-05-29 20:02:18,840 - INFO - [204800/569465]	Loss  : 0.6173
2024-05-29 20:03:45,670 - INFO - [256000/569465]	Loss  : 0.6181
2024-05-29 20:04:05,144 - INFO - [268288/569465]	Loss  : 0.6181
2024-05-29 20:06:43,088 - INFO - Test loss   : 0.4769
2024-05-29 20:06:43,088 - INFO - 
Epoch	22
2024-05-29 20:08:11,406 - INFO - [51200/569465]	Loss  : 0.6142
2024-05-29 20:09:38,309 - INFO - [102400/569465]	Loss  : 0.6148
2024-05-29 20:11:05,196 - INFO - [153600/569465]	Loss  : 0.6152
2024-05-29 20:12:31,983 - INFO - [204800/569465]	Loss  : 0.6155
2024-05-29 20:13:58,870 - INFO - [256000/569465]	Loss  : 0.6165
2024-05-29 20:14:18,236 - INFO - [268288/569465]	Loss  : 0.6166
2024-05-29 20:16:56,081 - INFO - Test loss   : 0.4829
2024-05-29 20:16:56,081 - INFO - 
Epoch	23
2024-05-29 20:18:24,462 - INFO - [51200/569465]	Loss  : 0.6087
2024-05-29 20:19:51,903 - INFO - [102400/569465]	Loss  : 0.6113
2024-05-29 20:21:20,201 - INFO - [153600/569465]	Loss  : 0.6123
2024-05-29 20:22:47,077 - INFO - [204800/569465]	Loss  : 0.6128
2024-05-29 20:24:14,161 - INFO - [256000/569465]	Loss  : 0.6130
2024-05-29 20:24:33,546 - INFO - [268288/569465]	Loss  : 0.6129
2024-05-29 20:27:11,628 - INFO - Test loss   : 0.4963
2024-05-29 20:27:11,628 - INFO - 
Epoch	24
2024-05-29 20:28:39,931 - INFO - [51200/569465]	Loss  : 0.6075
2024-05-29 20:30:06,680 - INFO - [102400/569465]	Loss  : 0.6086
2024-05-29 20:31:33,591 - INFO - [153600/569465]	Loss  : 0.6097
2024-05-29 20:33:00,458 - INFO - [204800/569465]	Loss  : 0.6102
2024-05-29 20:34:27,132 - INFO - [256000/569465]	Loss  : 0.6109
2024-05-29 20:34:46,630 - INFO - [268288/569465]	Loss  : 0.6109
2024-05-29 20:37:26,526 - INFO - Test loss   : 0.5026
2024-05-29 20:37:26,526 - INFO - 
Epoch	25
2024-05-29 20:38:52,533 - INFO - [51200/569465]	Loss  : 0.6055
2024-05-29 20:40:18,676 - INFO - [102400/569465]	Loss  : 0.6071
2024-05-29 20:41:45,051 - INFO - [153600/569465]	Loss  : 0.6077
2024-05-29 20:43:11,515 - INFO - [204800/569465]	Loss  : 0.6081
2024-05-29 20:44:37,785 - INFO - [256000/569465]	Loss  : 0.6089
2024-05-29 20:44:57,162 - INFO - [268288/569465]	Loss  : 0.6091
2024-05-29 20:47:34,444 - INFO - Test loss   : 0.4943
2024-05-29 20:47:34,444 - INFO - 
Epoch	26
2024-05-29 20:49:02,089 - INFO - [51200/569465]	Loss  : 0.6037
2024-05-29 20:50:28,092 - INFO - [102400/569465]	Loss  : 0.6042
2024-05-29 20:51:54,536 - INFO - [153600/569465]	Loss  : 0.6044
2024-05-29 20:53:21,059 - INFO - [204800/569465]	Loss  : 0.6057
2024-05-29 20:54:47,767 - INFO - [256000/569465]	Loss  : 0.6062
2024-05-29 20:55:07,088 - INFO - [268288/569465]	Loss  : 0.6066
2024-05-29 20:57:44,435 - INFO - Test loss   : 0.5000
2024-05-29 20:57:44,436 - INFO - 
Epoch	27
2024-05-29 20:59:15,470 - INFO - [51200/569465]	Loss  : 0.5998
2024-05-29 21:00:41,599 - INFO - [102400/569465]	Loss  : 0.6026
2024-05-29 21:02:08,113 - INFO - [153600/569465]	Loss  : 0.6035
2024-05-29 21:03:34,607 - INFO - [204800/569465]	Loss  : 0.6040
2024-05-29 21:05:00,833 - INFO - [256000/569465]	Loss  : 0.6047
2024-05-29 21:05:20,144 - INFO - [268288/569465]	Loss  : 0.6049
2024-05-29 21:07:57,161 - INFO - Test loss   : 0.5171
2024-05-29 21:07:57,163 - INFO - 
Epoch	28
2024-05-29 21:09:25,145 - INFO - [51200/569465]	Loss  : 0.5980
2024-05-29 21:10:51,409 - INFO - [102400/569465]	Loss  : 0.5996
2024-05-29 21:12:17,646 - INFO - [153600/569465]	Loss  : 0.6003
2024-05-29 21:13:44,047 - INFO - [204800/569465]	Loss  : 0.6009
2024-05-29 21:15:10,187 - INFO - [256000/569465]	Loss  : 0.6020
2024-05-29 21:15:29,624 - INFO - [268288/569465]	Loss  : 0.6022
2024-05-29 21:18:10,538 - INFO - Test loss   : 0.5112
2024-05-29 21:18:10,538 - INFO - 
Epoch	29
2024-05-29 21:19:38,367 - INFO - [51200/569465]	Loss  : 0.5988
2024-05-29 21:21:04,492 - INFO - [102400/569465]	Loss  : 0.5987
2024-05-29 21:22:30,807 - INFO - [153600/569465]	Loss  : 0.6006
2024-05-29 21:23:57,112 - INFO - [204800/569465]	Loss  : 0.6008
2024-05-29 21:25:23,788 - INFO - [256000/569465]	Loss  : 0.6007
2024-05-29 21:25:43,224 - INFO - [268288/569465]	Loss  : 0.6009
2024-05-29 21:28:20,372 - INFO - Test loss   : 0.5173
2024-05-29 21:28:20,373 - INFO - 
Epoch	30
2024-05-29 21:29:48,487 - INFO - [51200/569465]	Loss  : 0.5956
2024-05-29 21:31:14,834 - INFO - [102400/569465]	Loss  : 0.5965
2024-05-29 21:32:41,168 - INFO - [153600/569465]	Loss  : 0.5974
2024-05-29 21:34:07,808 - INFO - [204800/569465]	Loss  : 0.5987
2024-05-29 21:35:35,469 - INFO - [256000/569465]	Loss  : 0.5995
2024-05-29 21:35:56,316 - INFO - [268288/569465]	Loss  : 0.5999
2024-05-29 21:38:34,967 - INFO - Test loss   : 0.5285
2024-05-29 21:38:34,967 - INFO - 
Epoch	31
2024-05-29 21:40:03,275 - INFO - [51200/569465]	Loss  : 0.5954
2024-05-29 21:41:29,716 - INFO - [102400/569465]	Loss  : 0.5970
2024-05-29 21:42:56,028 - INFO - [153600/569465]	Loss  : 0.5976
2024-05-29 21:44:22,632 - INFO - [204800/569465]	Loss  : 0.5985
2024-05-29 21:45:49,164 - INFO - [256000/569465]	Loss  : 0.5981
2024-05-29 21:46:08,571 - INFO - [268288/569465]	Loss  : 0.5982
2024-05-29 21:48:45,848 - INFO - Test loss   : 0.5325
2024-05-29 21:48:45,848 - INFO - 
Epoch	32
2024-05-29 21:50:14,207 - INFO - [51200/569465]	Loss  : 0.5917
2024-05-29 21:51:40,618 - INFO - [102400/569465]	Loss  : 0.5944
2024-05-29 21:53:07,640 - INFO - [153600/569465]	Loss  : 0.5955
2024-05-29 21:54:36,515 - INFO - [204800/569465]	Loss  : 0.5963
2024-05-29 21:56:05,116 - INFO - [256000/569465]	Loss  : 0.5974
2024-05-29 21:56:24,613 - INFO - [268288/569465]	Loss  : 0.5975
2024-05-29 21:59:01,452 - INFO - Test loss   : 0.5347
2024-05-29 21:59:01,452 - INFO - 
Epoch	33
2024-05-29 22:00:30,059 - INFO - [51200/569465]	Loss  : 0.5928
2024-05-29 22:01:56,714 - INFO - [102400/569465]	Loss  : 0.5936
2024-05-29 22:03:23,463 - INFO - [153600/569465]	Loss  : 0.5947
2024-05-29 22:04:50,688 - INFO - [204800/569465]	Loss  : 0.5951
2024-05-29 22:06:17,601 - INFO - [256000/569465]	Loss  : 0.5958
2024-05-29 22:06:37,019 - INFO - [268288/569465]	Loss  : 0.5959
2024-05-29 22:09:14,992 - INFO - Test loss   : 0.5375
2024-05-29 22:09:14,992 - INFO - 
Epoch	34
2024-05-29 22:10:43,577 - INFO - [51200/569465]	Loss  : 0.5905
2024-05-29 22:12:10,250 - INFO - [102400/569465]	Loss  : 0.5929
2024-05-29 22:13:39,617 - INFO - [153600/569465]	Loss  : 0.5931
2024-05-29 22:15:07,884 - INFO - [204800/569465]	Loss  : 0.5936
2024-05-29 22:16:34,946 - INFO - [256000/569465]	Loss  : 0.5940
2024-05-29 22:16:54,446 - INFO - [268288/569465]	Loss  : 0.5941
2024-05-29 22:19:32,351 - INFO - Test loss   : 0.5304
2024-05-29 22:19:32,351 - INFO - 
Epoch	35
2024-05-29 22:21:00,873 - INFO - [51200/569465]	Loss  : 0.5874
2024-05-29 22:22:27,002 - INFO - [102400/569465]	Loss  : 0.5890
2024-05-29 22:23:53,695 - INFO - [153600/569465]	Loss  : 0.5911
2024-05-29 22:25:20,627 - INFO - [204800/569465]	Loss  : 0.5925
2024-05-29 22:26:47,693 - INFO - [256000/569465]	Loss  : 0.5926
2024-05-29 22:27:07,179 - INFO - [268288/569465]	Loss  : 0.5928
2024-05-29 22:29:42,418 - INFO - Test loss   : 0.5510
2024-05-29 22:29:42,418 - INFO - 
Epoch	36
2024-05-29 22:31:10,920 - INFO - [51200/569465]	Loss  : 0.5905
2024-05-29 22:32:39,709 - INFO - [102400/569465]	Loss  : 0.5896
2024-05-29 22:34:07,978 - INFO - [153600/569465]	Loss  : 0.5904
2024-05-29 22:35:34,879 - INFO - [204800/569465]	Loss  : 0.5913
2024-05-29 22:37:01,651 - INFO - [256000/569465]	Loss  : 0.5921
2024-05-29 22:37:21,118 - INFO - [268288/569465]	Loss  : 0.5919
2024-05-29 22:39:59,062 - INFO - Test loss   : 0.5466
2024-05-29 22:39:59,062 - INFO - 
Epoch	37
2024-05-29 22:41:27,515 - INFO - [51200/569465]	Loss  : 0.5872
2024-05-29 22:42:54,287 - INFO - [102400/569465]	Loss  : 0.5873
2024-05-29 22:44:20,876 - INFO - [153600/569465]	Loss  : 0.5884
2024-05-29 22:45:47,689 - INFO - [204800/569465]	Loss  : 0.5888
2024-05-29 22:47:14,722 - INFO - [256000/569465]	Loss  : 0.5899
2024-05-29 22:47:34,360 - INFO - [268288/569465]	Loss  : 0.5903
2024-05-29 22:50:12,486 - INFO - Test loss   : 0.5436
2024-05-29 22:50:12,486 - INFO - 
Epoch	38
2024-05-29 22:51:43,975 - INFO - [51200/569465]	Loss  : 0.5858
2024-05-29 22:53:11,489 - INFO - [102400/569465]	Loss  : 0.5865
2024-05-29 22:54:37,938 - INFO - [153600/569465]	Loss  : 0.5871
2024-05-29 22:56:03,414 - INFO - [204800/569465]	Loss  : 0.5880
2024-05-29 22:57:30,476 - INFO - [256000/569465]	Loss  : 0.5888
2024-05-29 22:57:49,922 - INFO - [268288/569465]	Loss  : 0.5889
2024-05-29 23:00:28,210 - INFO - Test loss   : 0.5604
2024-05-29 23:00:28,210 - INFO - 
Epoch	39
2024-05-29 23:01:56,615 - INFO - [51200/569465]	Loss  : 0.5848
2024-05-29 23:03:23,330 - INFO - [102400/569465]	Loss  : 0.5865
2024-05-29 23:04:49,891 - INFO - [153600/569465]	Loss  : 0.5864
2024-05-29 23:06:16,686 - INFO - [204800/569465]	Loss  : 0.5875
2024-05-29 23:07:43,546 - INFO - [256000/569465]	Loss  : 0.5878
2024-05-29 23:08:02,974 - INFO - [268288/569465]	Loss  : 0.5879
2024-05-29 23:10:38,939 - INFO - Test loss   : 0.5603
2024-05-29 23:10:38,939 - INFO - 
Epoch	40
2024-05-29 23:12:10,337 - INFO - [51200/569465]	Loss  : 0.5849
2024-05-29 23:13:37,143 - INFO - [102400/569465]	Loss  : 0.5853
2024-05-29 23:15:03,724 - INFO - [153600/569465]	Loss  : 0.5857
2024-05-29 23:16:30,283 - INFO - [204800/569465]	Loss  : 0.5864
2024-05-29 23:17:57,185 - INFO - [256000/569465]	Loss  : 0.5872
2024-05-29 23:18:16,731 - INFO - [268288/569465]	Loss  : 0.5874
2024-05-29 23:20:54,849 - INFO - Test loss   : 0.5548
2024-05-29 23:20:54,850 - INFO - 
Epoch	41
2024-05-29 23:22:23,428 - INFO - [51200/569465]	Loss  : 0.5822
2024-05-29 23:23:50,350 - INFO - [102400/569465]	Loss  : 0.5840
2024-05-29 23:25:16,983 - INFO - [153600/569465]	Loss  : 0.5847
2024-05-29 23:26:43,733 - INFO - [204800/569465]	Loss  : 0.5854
2024-05-29 23:28:10,544 - INFO - [256000/569465]	Loss  : 0.5862
2024-05-29 23:28:30,111 - INFO - [268288/569465]	Loss  : 0.5862
2024-05-29 23:31:11,926 - INFO - Test loss   : 0.5653
2024-05-29 23:31:11,926 - INFO - 
Epoch	42
2024-05-29 23:32:40,671 - INFO - [51200/569465]	Loss  : 0.5860
2024-05-29 23:34:07,394 - INFO - [102400/569465]	Loss  : 0.5852
2024-05-29 23:35:33,954 - INFO - [153600/569465]	Loss  : 0.5859
2024-05-29 23:36:57,796 - INFO - [204800/569465]	Loss  : 0.5858
2024-05-29 23:38:24,818 - INFO - [256000/569465]	Loss  : 0.5859
2024-05-29 23:38:44,319 - INFO - [268288/569465]	Loss  : 0.5861
2024-05-29 23:41:22,088 - INFO - Test loss   : 0.5602
2024-05-29 23:41:22,088 - INFO - 
Epoch	43
2024-05-29 23:42:48,737 - INFO - [51200/569465]	Loss  : 0.5814
2024-05-29 23:44:13,712 - INFO - [102400/569465]	Loss  : 0.5818
2024-05-29 23:45:39,342 - INFO - [153600/569465]	Loss  : 0.5820
2024-05-29 23:47:05,884 - INFO - [204800/569465]	Loss  : 0.5835
2024-05-29 23:48:32,761 - INFO - [256000/569465]	Loss  : 0.5846
2024-05-29 23:48:52,210 - INFO - [268288/569465]	Loss  : 0.5845
2024-05-29 23:51:32,397 - INFO - Test loss   : 0.5644
2024-05-29 23:51:32,397 - INFO - 
Epoch	44
2024-05-29 23:52:55,295 - INFO - [51200/569465]	Loss  : 0.5808
2024-05-29 23:54:18,535 - INFO - [102400/569465]	Loss  : 0.5823
2024-05-29 23:55:45,205 - INFO - [153600/569465]	Loss  : 0.5824
2024-05-29 23:57:11,806 - INFO - [204800/569465]	Loss  : 0.5832
2024-05-29 23:58:38,642 - INFO - [256000/569465]	Loss  : 0.5842
2024-05-29 23:58:58,193 - INFO - [268288/569465]	Loss  : 0.5841
2024-05-30 00:01:35,953 - INFO - Test loss   : 0.5634
2024-05-30 00:01:35,953 - INFO - 
Epoch	45
2024-05-30 00:03:02,627 - INFO - [51200/569465]	Loss  : 0.5806
2024-05-30 00:04:28,215 - INFO - [102400/569465]	Loss  : 0.5816
2024-05-30 00:05:55,258 - INFO - [153600/569465]	Loss  : 0.5816
2024-05-30 00:07:22,289 - INFO - [204800/569465]	Loss  : 0.5819
2024-05-30 00:08:48,839 - INFO - [256000/569465]	Loss  : 0.5825
2024-05-30 00:09:06,795 - INFO - [268288/569465]	Loss  : 0.5828
2024-05-30 00:11:46,113 - INFO - Test loss   : 0.5738
2024-05-30 00:11:46,113 - INFO - 
Epoch	46
2024-05-30 00:13:13,023 - INFO - [51200/569465]	Loss  : 0.5801
2024-05-30 00:14:40,424 - INFO - [102400/569465]	Loss  : 0.5810
2024-05-30 00:16:06,031 - INFO - [153600/569465]	Loss  : 0.5820
2024-05-30 00:17:31,667 - INFO - [204800/569465]	Loss  : 0.5821
2024-05-30 00:18:57,762 - INFO - [256000/569465]	Loss  : 0.5825
2024-05-30 00:19:17,312 - INFO - [268288/569465]	Loss  : 0.5824
2024-05-30 00:21:53,812 - INFO - Test loss   : 0.5690
2024-05-30 00:21:53,812 - INFO - 
Epoch	47
2024-05-30 00:23:22,738 - INFO - [51200/569465]	Loss  : 0.5765
2024-05-30 00:24:50,301 - INFO - [102400/569465]	Loss  : 0.5783
2024-05-30 00:26:17,390 - INFO - [153600/569465]	Loss  : 0.5799
2024-05-30 00:27:45,477 - INFO - [204800/569465]	Loss  : 0.5801
2024-05-30 00:29:14,419 - INFO - [256000/569465]	Loss  : 0.5808
2024-05-30 00:29:34,102 - INFO - [268288/569465]	Loss  : 0.5807
2024-05-30 00:32:14,063 - INFO - Test loss   : 0.5739
2024-05-30 00:32:14,063 - INFO - 
Epoch	48
2024-05-30 00:33:43,505 - INFO - [51200/569465]	Loss  : 0.5771
2024-05-30 00:35:11,409 - INFO - [102400/569465]	Loss  : 0.5781
2024-05-30 00:36:39,129 - INFO - [153600/569465]	Loss  : 0.5790
2024-05-30 00:38:06,801 - INFO - [204800/569465]	Loss  : 0.5800
2024-05-30 00:39:34,746 - INFO - [256000/569465]	Loss  : 0.5806
2024-05-30 00:39:54,503 - INFO - [268288/569465]	Loss  : 0.5807
2024-05-30 00:42:34,380 - INFO - Test loss   : 0.5730
2024-05-30 00:42:34,380 - INFO - 
Epoch	49
2024-05-30 00:44:03,836 - INFO - [51200/569465]	Loss  : 0.5771
2024-05-30 00:45:31,849 - INFO - [102400/569465]	Loss  : 0.5790
2024-05-30 00:46:59,562 - INFO - [153600/569465]	Loss  : 0.5797
2024-05-30 00:48:27,946 - INFO - [204800/569465]	Loss  : 0.5795
2024-05-30 00:49:56,294 - INFO - [256000/569465]	Loss  : 0.5797
2024-05-30 00:50:16,045 - INFO - [268288/569465]	Loss  : 0.5796
2024-05-30 00:52:55,923 - INFO - Test loss   : 0.5788
2024-05-30 00:52:55,923 - INFO - 
Epoch	50
2024-05-30 00:54:25,393 - INFO - [51200/569465]	Loss  : 0.5764
2024-05-30 00:55:53,379 - INFO - [102400/569465]	Loss  : 0.5767
2024-05-30 00:57:21,160 - INFO - [153600/569465]	Loss  : 0.5772
2024-05-30 00:58:48,795 - INFO - [204800/569465]	Loss  : 0.5782
2024-05-30 01:00:16,718 - INFO - [256000/569465]	Loss  : 0.5789
2024-05-30 01:00:36,425 - INFO - [268288/569465]	Loss  : 0.5788
2024-05-30 01:03:16,386 - INFO - Test loss   : 0.5882
2024-05-30 01:03:16,387 - INFO - 
Epoch	51
2024-05-30 01:04:45,864 - INFO - [51200/569465]	Loss  : 0.5745
2024-05-30 01:06:14,050 - INFO - [102400/569465]	Loss  : 0.5767
2024-05-30 01:07:42,695 - INFO - [153600/569465]	Loss  : 0.5771
2024-05-30 01:09:10,326 - INFO - [204800/569465]	Loss  : 0.5775
2024-05-30 01:10:38,228 - INFO - [256000/569465]	Loss  : 0.5779
2024-05-30 01:10:57,932 - INFO - [268288/569465]	Loss  : 0.5780
2024-05-30 01:13:37,941 - INFO - Test loss   : 0.5812
2024-05-30 01:13:37,941 - INFO - 
Epoch	52
2024-05-30 01:15:07,383 - INFO - [51200/569465]	Loss  : 0.5772
2024-05-30 01:16:35,300 - INFO - [102400/569465]	Loss  : 0.5766
2024-05-30 01:18:03,085 - INFO - [153600/569465]	Loss  : 0.5774
2024-05-30 01:19:30,719 - INFO - [204800/569465]	Loss  : 0.5780
2024-05-30 01:20:58,627 - INFO - [256000/569465]	Loss  : 0.5782
2024-05-30 01:21:18,372 - INFO - [268288/569465]	Loss  : 0.5782
2024-05-30 01:23:58,244 - INFO - Test loss   : 0.5795
2024-05-30 01:23:58,244 - INFO - 
Epoch	53
2024-05-30 01:25:28,383 - INFO - [51200/569465]	Loss  : 0.5717
2024-05-30 01:26:56,712 - INFO - [102400/569465]	Loss  : 0.5737
2024-05-30 01:28:24,469 - INFO - [153600/569465]	Loss  : 0.5759
2024-05-30 01:29:52,160 - INFO - [204800/569465]	Loss  : 0.5762
2024-05-30 01:31:20,108 - INFO - [256000/569465]	Loss  : 0.5768
2024-05-30 01:31:39,852 - INFO - [268288/569465]	Loss  : 0.5767
2024-05-30 01:34:19,717 - INFO - Test loss   : 0.5886
2024-05-30 01:34:19,717 - INFO - 
Epoch	54
2024-05-30 01:35:49,166 - INFO - [51200/569465]	Loss  : 0.5726
2024-05-30 01:37:17,079 - INFO - [102400/569465]	Loss  : 0.5730
2024-05-30 01:38:44,880 - INFO - [153600/569465]	Loss  : 0.5749
2024-05-30 01:40:12,565 - INFO - [204800/569465]	Loss  : 0.5758
2024-05-30 01:41:40,431 - INFO - [256000/569465]	Loss  : 0.5763
2024-05-30 01:42:00,144 - INFO - [268288/569465]	Loss  : 0.5764
2024-05-30 01:44:41,196 - INFO - Test loss   : 0.5860
2024-05-30 01:44:41,196 - INFO - 
Epoch	55
2024-05-30 01:46:10,637 - INFO - [51200/569465]	Loss  : 0.5738
2024-05-30 01:47:38,678 - INFO - [102400/569465]	Loss  : 0.5745
2024-05-30 01:49:06,413 - INFO - [153600/569465]	Loss  : 0.5748
2024-05-30 01:50:34,024 - INFO - [204800/569465]	Loss  : 0.5755
2024-05-30 01:52:01,908 - INFO - [256000/569465]	Loss  : 0.5763
2024-05-30 01:52:21,607 - INFO - [268288/569465]	Loss  : 0.5761
2024-05-30 01:55:01,614 - INFO - Test loss   : 0.5898
2024-05-30 01:55:01,614 - INFO - 
Epoch	56
2024-05-30 01:56:31,067 - INFO - [51200/569465]	Loss  : 0.5717
2024-05-30 01:57:58,934 - INFO - [102400/569465]	Loss  : 0.5734
2024-05-30 01:59:26,701 - INFO - [153600/569465]	Loss  : 0.5736
2024-05-30 02:00:54,364 - INFO - [204800/569465]	Loss  : 0.5743
2024-05-30 02:02:22,862 - INFO - [256000/569465]	Loss  : 0.5754
2024-05-30 02:02:42,834 - INFO - [268288/569465]	Loss  : 0.5754
2024-05-30 02:05:22,953 - INFO - Test loss   : 0.5955
2024-05-30 02:05:22,954 - INFO - 
Epoch	57
2024-05-30 02:06:52,343 - INFO - [51200/569465]	Loss  : 0.5729
2024-05-30 02:08:20,290 - INFO - [102400/569465]	Loss  : 0.5730
2024-05-30 02:09:48,073 - INFO - [153600/569465]	Loss  : 0.5739
2024-05-30 02:11:15,758 - INFO - [204800/569465]	Loss  : 0.5748
2024-05-30 02:12:43,599 - INFO - [256000/569465]	Loss  : 0.5748
2024-05-30 02:13:03,323 - INFO - [268288/569465]	Loss  : 0.5750
2024-05-30 02:15:43,187 - INFO - Test loss   : 0.5835
2024-05-30 02:15:43,187 - INFO - 
Epoch	58
2024-05-30 02:17:12,633 - INFO - [51200/569465]	Loss  : 0.5718
2024-05-30 02:18:40,560 - INFO - [102400/569465]	Loss  : 0.5716
2024-05-30 02:20:08,452 - INFO - [153600/569465]	Loss  : 0.5726
2024-05-30 02:21:37,136 - INFO - [204800/569465]	Loss  : 0.5733
2024-05-30 02:23:04,911 - INFO - [256000/569465]	Loss  : 0.5739
2024-05-30 02:23:24,612 - INFO - [268288/569465]	Loss  : 0.5738
2024-05-30 02:26:04,610 - INFO - Test loss   : 0.6015
2024-05-30 02:26:04,610 - INFO - 
Epoch	59
2024-05-30 02:27:34,074 - INFO - [51200/569465]	Loss  : 0.5691
2024-05-30 02:29:02,037 - INFO - [102400/569465]	Loss  : 0.5712
2024-05-30 02:30:29,787 - INFO - [153600/569465]	Loss  : 0.5717
2024-05-30 02:31:57,341 - INFO - [204800/569465]	Loss  : 0.5725
2024-05-30 02:33:25,196 - INFO - [256000/569465]	Loss  : 0.5728
2024-05-30 02:33:44,888 - INFO - [268288/569465]	Loss  : 0.5732
2024-05-30 02:36:24,920 - INFO - Test loss   : 0.5859
2024-05-30 02:36:24,921 - INFO - 
Epoch	60
2024-05-30 02:37:54,389 - INFO - [51200/569465]	Loss  : 0.5719
2024-05-30 02:39:22,890 - INFO - [102400/569465]	Loss  : 0.5718
2024-05-30 02:40:51,155 - INFO - [153600/569465]	Loss  : 0.5720
2024-05-30 02:42:18,803 - INFO - [204800/569465]	Loss  : 0.5725
2024-05-30 02:43:46,623 - INFO - [256000/569465]	Loss  : 0.5724
2024-05-30 02:44:06,376 - INFO - [268288/569465]	Loss  : 0.5725
2024-05-30 02:46:46,296 - INFO - Test loss   : 0.5896
2024-05-30 02:46:46,296 - INFO - 
Epoch	61
2024-05-30 02:48:15,677 - INFO - [51200/569465]	Loss  : 0.5709
2024-05-30 02:49:43,583 - INFO - [102400/569465]	Loss  : 0.5697
2024-05-30 02:51:11,381 - INFO - [153600/569465]	Loss  : 0.5699
2024-05-30 02:52:39,043 - INFO - [204800/569465]	Loss  : 0.5714
2024-05-30 02:54:06,875 - INFO - [256000/569465]	Loss  : 0.5724
2024-05-30 02:54:26,593 - INFO - [268288/569465]	Loss  : 0.5724
2024-05-30 02:57:06,546 - INFO - Test loss   : 0.5975
2024-05-30 02:57:06,546 - INFO - 
Epoch	62
2024-05-30 02:58:37,006 - INFO - [51200/569465]	Loss  : 0.5700
2024-05-30 03:00:04,924 - INFO - [102400/569465]	Loss  : 0.5705
2024-05-30 03:01:32,742 - INFO - [153600/569465]	Loss  : 0.5708
2024-05-30 03:03:00,405 - INFO - [204800/569465]	Loss  : 0.5712
2024-05-30 03:04:28,175 - INFO - [256000/569465]	Loss  : 0.5714
2024-05-30 03:04:47,863 - INFO - [268288/569465]	Loss  : 0.5718
2024-05-30 03:07:27,788 - INFO - Test loss   : 0.5936
2024-05-30 03:07:27,788 - INFO - 
Epoch	63
2024-05-30 03:08:57,263 - INFO - [51200/569465]	Loss  : 0.5691
2024-05-30 03:10:25,244 - INFO - [102400/569465]	Loss  : 0.5698
2024-05-30 03:11:53,074 - INFO - [153600/569465]	Loss  : 0.5704
2024-05-30 03:13:20,653 - INFO - [204800/569465]	Loss  : 0.5714
2024-05-30 03:14:48,447 - INFO - [256000/569465]	Loss  : 0.5714
2024-05-30 03:15:08,149 - INFO - [268288/569465]	Loss  : 0.5716
2024-05-30 03:17:49,246 - INFO - Test loss   : 0.6013
2024-05-30 03:17:49,246 - INFO - 
Epoch	64
2024-05-30 03:19:18,736 - INFO - [51200/569465]	Loss  : 0.5690
2024-05-30 03:20:46,602 - INFO - [102400/569465]	Loss  : 0.5700
2024-05-30 03:22:14,391 - INFO - [153600/569465]	Loss  : 0.5707
2024-05-30 03:23:42,066 - INFO - [204800/569465]	Loss  : 0.5708
2024-05-30 03:25:09,869 - INFO - [256000/569465]	Loss  : 0.5711
2024-05-30 03:25:29,622 - INFO - [268288/569465]	Loss  : 0.5711
2024-05-30 03:28:09,571 - INFO - Test loss   : 0.6033
2024-05-30 03:28:09,571 - INFO - 
Epoch	65
2024-05-30 03:29:38,947 - INFO - [51200/569465]	Loss  : 0.5659
2024-05-30 03:31:06,873 - INFO - [102400/569465]	Loss  : 0.5681
2024-05-30 03:32:34,709 - INFO - [153600/569465]	Loss  : 0.5699
2024-05-30 03:34:02,390 - INFO - [204800/569465]	Loss  : 0.5702
2024-05-30 03:35:31,237 - INFO - [256000/569465]	Loss  : 0.5709
2024-05-30 03:35:50,972 - INFO - [268288/569465]	Loss  : 0.5711
2024-05-30 03:38:30,893 - INFO - Test loss   : 0.6046
2024-05-30 03:38:30,893 - INFO - 
Epoch	66
2024-05-30 03:40:00,338 - INFO - [51200/569465]	Loss  : 0.5692
2024-05-30 03:41:28,247 - INFO - [102400/569465]	Loss  : 0.5694
2024-05-30 03:42:56,113 - INFO - [153600/569465]	Loss  : 0.5696
2024-05-30 03:44:23,775 - INFO - [204800/569465]	Loss  : 0.5697
2024-05-30 03:45:51,532 - INFO - [256000/569465]	Loss  : 0.5698
2024-05-30 03:46:11,166 - INFO - [268288/569465]	Loss  : 0.5699
2024-05-30 03:48:51,192 - INFO - Test loss   : 0.6122
2024-05-30 03:48:51,192 - INFO - 
Epoch	67
2024-05-30 03:50:20,617 - INFO - [51200/569465]	Loss  : 0.5683
2024-05-30 03:51:48,596 - INFO - [102400/569465]	Loss  : 0.5690
2024-05-30 03:53:17,079 - INFO - [153600/569465]	Loss  : 0.5697
2024-05-30 03:54:45,109 - INFO - [204800/569465]	Loss  : 0.5698
2024-05-30 03:56:12,842 - INFO - [256000/569465]	Loss  : 0.5700
2024-05-30 03:56:32,547 - INFO - [268288/569465]	Loss  : 0.5701
2024-05-30 03:59:12,583 - INFO - Test loss   : 0.6045
2024-05-30 03:59:12,584 - INFO - 
Epoch	68
2024-05-30 04:00:42,055 - INFO - [51200/569465]	Loss  : 0.5645
2024-05-30 04:02:09,926 - INFO - [102400/569465]	Loss  : 0.5650
2024-05-30 04:03:37,722 - INFO - [153600/569465]	Loss  : 0.5675
2024-05-30 04:05:05,355 - INFO - [204800/569465]	Loss  : 0.5678
2024-05-30 04:06:33,076 - INFO - [256000/569465]	Loss  : 0.5689
2024-05-30 04:06:52,835 - INFO - [268288/569465]	Loss  : 0.5690
2024-05-30 04:09:33,092 - INFO - Test loss   : 0.6108
2024-05-30 04:09:33,093 - INFO - 
Epoch	69
2024-05-30 04:11:01,805 - INFO - [51200/569465]	Loss  : 0.5657
2024-05-30 04:12:29,649 - INFO - [102400/569465]	Loss  : 0.5674
2024-05-30 04:13:57,467 - INFO - [153600/569465]	Loss  : 0.5686
2024-05-30 04:15:25,078 - INFO - [204800/569465]	Loss  : 0.5693
2024-05-30 04:16:52,785 - INFO - [256000/569465]	Loss  : 0.5694
2024-05-30 04:17:12,506 - INFO - [268288/569465]	Loss  : 0.5695
2024-05-30 04:19:52,328 - INFO - Test loss   : 0.6095
2024-05-30 04:19:52,328 - INFO - 
Epoch	70
2024-05-30 04:21:21,748 - INFO - [51200/569465]	Loss  : 0.5682
2024-05-30 04:22:49,597 - INFO - [102400/569465]	Loss  : 0.5673
2024-05-30 04:24:17,460 - INFO - [153600/569465]	Loss  : 0.5676
2024-05-30 04:25:45,085 - INFO - [204800/569465]	Loss  : 0.5675
2024-05-30 04:27:12,871 - INFO - [256000/569465]	Loss  : 0.5687
2024-05-30 04:27:32,495 - INFO - [268288/569465]	Loss  : 0.5687
2024-05-30 04:30:12,981 - INFO - Test loss   : 0.6102
2024-05-30 04:30:12,981 - INFO - 
Epoch	71
2024-05-30 04:31:43,362 - INFO - [51200/569465]	Loss  : 0.5645
2024-05-30 04:33:11,264 - INFO - [102400/569465]	Loss  : 0.5663
2024-05-30 04:34:39,132 - INFO - [153600/569465]	Loss  : 0.5671
2024-05-30 04:36:06,652 - INFO - [204800/569465]	Loss  : 0.5677
2024-05-30 04:37:34,346 - INFO - [256000/569465]	Loss  : 0.5680
2024-05-30 04:37:54,033 - INFO - [268288/569465]	Loss  : 0.5682
2024-05-30 04:40:34,022 - INFO - Test loss   : 0.6141
2024-05-30 04:40:34,023 - INFO - 
Epoch	72
2024-05-30 04:42:03,413 - INFO - [51200/569465]	Loss  : 0.5674
2024-05-30 04:43:31,278 - INFO - [102400/569465]	Loss  : 0.5669
2024-05-30 04:44:59,074 - INFO - [153600/569465]	Loss  : 0.5663
2024-05-30 04:46:26,663 - INFO - [204800/569465]	Loss  : 0.5666
2024-05-30 04:47:54,342 - INFO - [256000/569465]	Loss  : 0.5668
2024-05-30 04:48:14,130 - INFO - [268288/569465]	Loss  : 0.5670
2024-05-30 04:50:55,585 - INFO - Test loss   : 0.6098
2024-05-30 04:50:55,585 - INFO - 
Epoch	73
2024-05-30 04:52:24,982 - INFO - [51200/569465]	Loss  : 0.5656
2024-05-30 04:53:52,780 - INFO - [102400/569465]	Loss  : 0.5656
2024-05-30 04:55:20,687 - INFO - [153600/569465]	Loss  : 0.5662
2024-05-30 04:56:48,298 - INFO - [204800/569465]	Loss  : 0.5666
2024-05-30 04:58:16,003 - INFO - [256000/569465]	Loss  : 0.5674
2024-05-30 04:58:35,705 - INFO - [268288/569465]	Loss  : 0.5675
2024-05-30 05:01:15,567 - INFO - Test loss   : 0.6159
2024-05-30 05:01:15,567 - INFO - 
Epoch	74
2024-05-30 05:02:44,997 - INFO - [51200/569465]	Loss  : 0.5651
2024-05-30 05:04:12,811 - INFO - [102400/569465]	Loss  : 0.5653
2024-05-30 05:05:40,686 - INFO - [153600/569465]	Loss  : 0.5657
2024-05-30 05:07:08,713 - INFO - [204800/569465]	Loss  : 0.5667
2024-05-30 05:08:37,586 - INFO - [256000/569465]	Loss  : 0.5670
2024-05-30 05:08:57,249 - INFO - [268288/569465]	Loss  : 0.5673
2024-05-30 05:11:37,100 - INFO - Test loss   : 0.6065
2024-05-30 05:11:37,100 - INFO - 
Epoch	75
2024-05-30 05:13:06,541 - INFO - [51200/569465]	Loss  : 0.5645
2024-05-30 05:14:34,406 - INFO - [102400/569465]	Loss  : 0.5653
2024-05-30 05:16:02,279 - INFO - [153600/569465]	Loss  : 0.5653
2024-05-30 05:17:29,853 - INFO - [204800/569465]	Loss  : 0.5659
2024-05-30 05:18:57,489 - INFO - [256000/569465]	Loss  : 0.5662
2024-05-30 05:19:17,179 - INFO - [268288/569465]	Loss  : 0.5662
2024-05-30 05:21:57,149 - INFO - Test loss   : 0.6140
2024-05-30 05:21:57,149 - INFO - 
Epoch	76
2024-05-30 05:23:26,555 - INFO - [51200/569465]	Loss  : 0.5618
2024-05-30 05:24:54,400 - INFO - [102400/569465]	Loss  : 0.5645
2024-05-30 05:26:23,404 - INFO - [153600/569465]	Loss  : 0.5652
2024-05-30 05:27:51,403 - INFO - [204800/569465]	Loss  : 0.5658
2024-05-30 05:29:19,039 - INFO - [256000/569465]	Loss  : 0.5660
2024-05-30 05:29:38,791 - INFO - [268288/569465]	Loss  : 0.5661
2024-05-30 05:32:18,721 - INFO - Test loss   : 0.6138
2024-05-30 05:32:18,722 - INFO - 
Epoch	77
2024-05-30 05:33:48,145 - INFO - [51200/569465]	Loss  : 0.5651
2024-05-30 05:35:15,888 - INFO - [102400/569465]	Loss  : 0.5658
2024-05-30 05:36:43,778 - INFO - [153600/569465]	Loss  : 0.5662
2024-05-30 05:38:11,402 - INFO - [204800/569465]	Loss  : 0.5666
2024-05-30 05:39:39,064 - INFO - [256000/569465]	Loss  : 0.5662
2024-05-30 05:39:58,786 - INFO - [268288/569465]	Loss  : 0.5663
2024-05-30 05:42:38,623 - INFO - Test loss   : 0.6226
2024-05-30 05:42:38,623 - INFO - 
Epoch	78
2024-05-30 05:44:08,367 - INFO - [51200/569465]	Loss  : 0.5622
2024-05-30 05:45:37,467 - INFO - [102400/569465]	Loss  : 0.5639
2024-05-30 05:47:05,348 - INFO - [153600/569465]	Loss  : 0.5639
2024-05-30 05:48:32,977 - INFO - [204800/569465]	Loss  : 0.5647
2024-05-30 05:50:00,641 - INFO - [256000/569465]	Loss  : 0.5651
2024-05-30 05:50:20,329 - INFO - [268288/569465]	Loss  : 0.5654
2024-05-30 05:53:00,159 - INFO - Test loss   : 0.6157
2024-05-30 05:53:00,159 - INFO - 
Epoch	79
2024-05-30 05:54:29,591 - INFO - [51200/569465]	Loss  : 0.5641
2024-05-30 05:55:57,466 - INFO - [102400/569465]	Loss  : 0.5653
2024-05-30 05:57:25,345 - INFO - [153600/569465]	Loss  : 0.5648
2024-05-30 05:58:52,968 - INFO - [204800/569465]	Loss  : 0.5651
2024-05-30 06:00:20,551 - INFO - [256000/569465]	Loss  : 0.5649
2024-05-30 06:00:40,237 - INFO - [268288/569465]	Loss  : 0.5648
2024-05-30 06:03:21,297 - INFO - Test loss   : 0.6262
2024-05-30 06:03:21,297 - INFO - 
Epoch	80
2024-05-30 06:04:51,245 - INFO - [51200/569465]	Loss  : 0.5637
2024-05-30 06:06:19,079 - INFO - [102400/569465]	Loss  : 0.5632
2024-05-30 06:07:46,975 - INFO - [153600/569465]	Loss  : 0.5632
2024-05-30 06:09:14,543 - INFO - [204800/569465]	Loss  : 0.5638
2024-05-30 06:10:42,138 - INFO - [256000/569465]	Loss  : 0.5649
2024-05-30 06:11:01,871 - INFO - [268288/569465]	Loss  : 0.5649
2024-05-30 06:13:41,799 - INFO - Test loss   : 0.6254
2024-05-30 06:13:41,799 - INFO - 
Epoch	81
2024-05-30 06:15:11,225 - INFO - [51200/569465]	Loss  : 0.5624
2024-05-30 06:16:38,964 - INFO - [102400/569465]	Loss  : 0.5630
2024-05-30 06:18:06,855 - INFO - [153600/569465]	Loss  : 0.5635
2024-05-30 06:19:34,489 - INFO - [204800/569465]	Loss  : 0.5640
2024-05-30 06:21:02,231 - INFO - [256000/569465]	Loss  : 0.5646
2024-05-30 06:21:22,376 - INFO - [268288/569465]	Loss  : 0.5647
2024-05-30 06:24:03,456 - INFO - Test loss   : 0.6194
2024-05-30 06:24:03,457 - INFO - 
Epoch	82
2024-05-30 06:25:32,780 - INFO - [51200/569465]	Loss  : 0.5645
2024-05-30 06:27:00,563 - INFO - [102400/569465]	Loss  : 0.5632
2024-05-30 06:28:28,445 - INFO - [153600/569465]	Loss  : 0.5635
2024-05-30 06:29:56,070 - INFO - [204800/569465]	Loss  : 0.5641
2024-05-30 06:31:23,686 - INFO - [256000/569465]	Loss  : 0.5648
2024-05-30 06:31:43,394 - INFO - [268288/569465]	Loss  : 0.5648
2024-05-30 06:34:23,254 - INFO - Test loss   : 0.6272
2024-05-30 06:34:23,255 - INFO - 
Epoch	83
2024-05-30 06:35:52,654 - INFO - [51200/569465]	Loss  : 0.5631
2024-05-30 06:37:20,504 - INFO - [102400/569465]	Loss  : 0.5632
2024-05-30 06:38:48,398 - INFO - [153600/569465]	Loss  : 0.5628
2024-05-30 06:40:16,949 - INFO - [204800/569465]	Loss  : 0.5630
2024-05-30 06:41:45,159 - INFO - [256000/569465]	Loss  : 0.5633
2024-05-30 06:42:04,825 - INFO - [268288/569465]	Loss  : 0.5636
2024-05-30 06:44:44,802 - INFO - Test loss   : 0.6158
2024-05-30 06:44:44,802 - INFO - 
Epoch	84
2024-05-30 06:46:14,219 - INFO - [51200/569465]	Loss  : 0.5605
2024-05-30 06:47:42,009 - INFO - [102400/569465]	Loss  : 0.5624
2024-05-30 06:49:09,934 - INFO - [153600/569465]	Loss  : 0.5627
2024-05-30 06:50:37,500 - INFO - [204800/569465]	Loss  : 0.5634
2024-05-30 06:52:05,067 - INFO - [256000/569465]	Loss  : 0.5634
2024-05-30 06:52:24,809 - INFO - [268288/569465]	Loss  : 0.5636
2024-05-30 06:55:04,679 - INFO - Test loss   : 0.6223
2024-05-30 06:55:04,679 - INFO - 
Epoch	85
2024-05-30 06:56:34,103 - INFO - [51200/569465]	Loss  : 0.5607
2024-05-30 06:58:01,838 - INFO - [102400/569465]	Loss  : 0.5613
2024-05-30 06:59:31,309 - INFO - [153600/569465]	Loss  : 0.5621
2024-05-30 07:00:58,975 - INFO - [204800/569465]	Loss  : 0.5629
2024-05-30 07:02:26,548 - INFO - [256000/569465]	Loss  : 0.5632
2024-05-30 07:02:46,328 - INFO - [268288/569465]	Loss  : 0.5634
2024-05-30 07:05:26,214 - INFO - Test loss   : 0.6308
2024-05-30 07:05:26,214 - INFO - 
Epoch	86
2024-05-30 07:06:55,534 - INFO - [51200/569465]	Loss  : 0.5603
2024-05-30 07:08:23,292 - INFO - [102400/569465]	Loss  : 0.5619
2024-05-30 07:09:51,215 - INFO - [153600/569465]	Loss  : 0.5621
2024-05-30 07:11:18,896 - INFO - [204800/569465]	Loss  : 0.5625
2024-05-30 07:12:46,553 - INFO - [256000/569465]	Loss  : 0.5631
2024-05-30 07:13:06,239 - INFO - [268288/569465]	Loss  : 0.5634
2024-05-30 07:15:46,084 - INFO - Test loss   : 0.6159
2024-05-30 07:15:46,084 - INFO - 
Epoch	87
2024-05-30 07:17:16,308 - INFO - [51200/569465]	Loss  : 0.5610
2024-05-30 07:18:44,942 - INFO - [102400/569465]	Loss  : 0.5624
2024-05-30 07:20:12,872 - INFO - [153600/569465]	Loss  : 0.5626
2024-05-30 07:21:40,563 - INFO - [204800/569465]	Loss  : 0.5627
2024-05-30 07:23:08,108 - INFO - [256000/569465]	Loss  : 0.5632
2024-05-30 07:23:27,736 - INFO - [268288/569465]	Loss  : 0.5631
2024-05-30 07:26:07,764 - INFO - Test loss   : 0.6311
2024-05-30 07:26:07,764 - INFO - 
Epoch	88
2024-05-30 07:27:37,162 - INFO - [51200/569465]	Loss  : 0.5607
2024-05-30 07:29:04,957 - INFO - [102400/569465]	Loss  : 0.5624
2024-05-30 07:30:32,917 - INFO - [153600/569465]	Loss  : 0.5625
2024-05-30 07:32:00,534 - INFO - [204800/569465]	Loss  : 0.5624
2024-05-30 07:33:28,191 - INFO - [256000/569465]	Loss  : 0.5627
2024-05-30 07:33:47,876 - INFO - [268288/569465]	Loss  : 0.5631
2024-05-30 07:36:29,428 - INFO - Test loss   : 0.6251
2024-05-30 07:36:29,428 - INFO - 
Epoch	89
2024-05-30 07:37:58,967 - INFO - [51200/569465]	Loss  : 0.5593
2024-05-30 07:39:26,714 - INFO - [102400/569465]	Loss  : 0.5616
2024-05-30 07:40:54,600 - INFO - [153600/569465]	Loss  : 0.5618
2024-05-30 07:42:22,285 - INFO - [204800/569465]	Loss  : 0.5621
2024-05-30 07:43:49,925 - INFO - [256000/569465]	Loss  : 0.5625
2024-05-30 07:44:09,619 - INFO - [268288/569465]	Loss  : 0.5626
2024-05-30 07:46:49,617 - INFO - Test loss   : 0.6262
2024-05-30 07:46:49,617 - INFO - 
Epoch	90
2024-05-30 07:48:19,002 - INFO - [51200/569465]	Loss  : 0.5620
2024-05-30 07:49:46,786 - INFO - [102400/569465]	Loss  : 0.5623
2024-05-30 07:51:14,706 - INFO - [153600/569465]	Loss  : 0.5630
2024-05-30 07:52:43,352 - INFO - [204800/569465]	Loss  : 0.5625
2024-05-30 07:54:10,166 - INFO - [256000/569465]	Loss  : 0.5624
2024-05-30 07:54:29,739 - INFO - [268288/569465]	Loss  : 0.5625
2024-05-30 07:57:09,495 - INFO - Test loss   : 0.6358
2024-05-30 07:57:09,495 - INFO - 
Epoch	91
2024-05-30 07:58:38,836 - INFO - [51200/569465]	Loss  : 0.5593
2024-05-30 08:00:06,571 - INFO - [102400/569465]	Loss  : 0.5598
2024-05-30 08:01:34,384 - INFO - [153600/569465]	Loss  : 0.5602
2024-05-30 08:03:01,972 - INFO - [204800/569465]	Loss  : 0.5608
2024-05-30 08:04:29,496 - INFO - [256000/569465]	Loss  : 0.5615
2024-05-30 08:04:49,012 - INFO - [268288/569465]	Loss  : 0.5614
2024-05-30 08:07:28,837 - INFO - Test loss   : 0.6277
2024-05-30 08:07:28,837 - INFO - 
Epoch	92
2024-05-30 08:08:58,204 - INFO - [51200/569465]	Loss  : 0.5576
2024-05-30 08:10:25,873 - INFO - [102400/569465]	Loss  : 0.5593
2024-05-30 08:11:53,680 - INFO - [153600/569465]	Loss  : 0.5600
2024-05-30 08:13:22,343 - INFO - [204800/569465]	Loss  : 0.5605
2024-05-30 08:14:50,796 - INFO - [256000/569465]	Loss  : 0.5612
2024-05-30 08:15:10,437 - INFO - [268288/569465]	Loss  : 0.5613
2024-05-30 08:17:50,209 - INFO - Test loss   : 0.6313
2024-05-30 08:17:50,209 - INFO - 
Epoch	93
2024-05-30 08:19:19,563 - INFO - [51200/569465]	Loss  : 0.5631
2024-05-30 08:20:47,288 - INFO - [102400/569465]	Loss  : 0.5620
2024-05-30 08:22:15,047 - INFO - [153600/569465]	Loss  : 0.5616
2024-05-30 08:23:42,670 - INFO - [204800/569465]	Loss  : 0.5616
2024-05-30 08:25:10,205 - INFO - [256000/569465]	Loss  : 0.5621
2024-05-30 08:25:29,886 - INFO - [268288/569465]	Loss  : 0.5619
2024-05-30 08:28:09,679 - INFO - Test loss   : 0.6348
2024-05-30 08:28:09,680 - INFO - 
Epoch	94
2024-05-30 08:29:38,991 - INFO - [51200/569465]	Loss  : 0.5603
2024-05-30 08:31:06,635 - INFO - [102400/569465]	Loss  : 0.5608
2024-05-30 08:32:36,384 - INFO - [153600/569465]	Loss  : 0.5612
2024-05-30 08:34:04,171 - INFO - [204800/569465]	Loss  : 0.5613
2024-05-30 08:35:31,771 - INFO - [256000/569465]	Loss  : 0.5618
2024-05-30 08:35:51,374 - INFO - [268288/569465]	Loss  : 0.5620
2024-05-30 08:38:31,056 - INFO - Test loss   : 0.6344
2024-05-30 08:38:31,056 - INFO - 
Epoch	95
2024-05-30 08:39:57,333 - INFO - [51200/569465]	Loss  : 0.5609
2024-05-30 08:41:29,701 - INFO - [102400/569465]	Loss  : 0.5616
2024-05-30 08:42:48,800 - INFO - [153600/569465]	Loss  : 0.5612
2024-05-30 08:44:03,690 - INFO - [204800/569465]	Loss  : 0.5617
2024-05-30 08:45:18,460 - INFO - [256000/569465]	Loss  : 0.5617
2024-05-30 08:45:35,192 - INFO - [268288/569465]	Loss  : 0.5616
2024-05-30 08:47:51,855 - INFO - Test loss   : 0.6312
2024-05-30 08:47:51,855 - INFO - 
Epoch	96
2024-05-30 08:49:08,812 - INFO - [51200/569465]	Loss  : 0.5569
2024-05-30 08:50:25,263 - INFO - [102400/569465]	Loss  : 0.5585
2024-05-30 08:51:40,296 - INFO - [153600/569465]	Loss  : 0.5602
2024-05-30 08:52:55,148 - INFO - [204800/569465]	Loss  : 0.5602
2024-05-30 08:54:09,920 - INFO - [256000/569465]	Loss  : 0.5606
2024-05-30 08:54:26,688 - INFO - [268288/569465]	Loss  : 0.5608
2024-05-30 08:56:43,355 - INFO - Test loss   : 0.6350
2024-05-30 08:56:43,355 - INFO - 
Epoch	97
2024-05-30 08:57:59,848 - INFO - [51200/569465]	Loss  : 0.5594
2024-05-30 08:59:14,715 - INFO - [102400/569465]	Loss  : 0.5599
2024-05-30 09:00:27,489 - INFO - [153600/569465]	Loss  : 0.5602
2024-05-30 09:01:35,629 - INFO - [204800/569465]	Loss  : 0.5603
2024-05-30 09:02:37,901 - INFO - [256000/569465]	Loss  : 0.5610
2024-05-30 09:02:51,826 - INFO - [268288/569465]	Loss  : 0.5611
2024-05-30 09:04:46,434 - INFO - Test loss   : 0.6304
2024-05-30 09:04:46,434 - INFO - 
Epoch	98
2024-05-30 09:05:51,051 - INFO - [51200/569465]	Loss  : 0.5581
2024-05-30 09:06:53,367 - INFO - [102400/569465]	Loss  : 0.5599
2024-05-30 09:07:55,852 - INFO - [153600/569465]	Loss  : 0.5596
2024-05-30 09:08:58,233 - INFO - [204800/569465]	Loss  : 0.5591
2024-05-30 09:10:00,547 - INFO - [256000/569465]	Loss  : 0.5602
2024-05-30 09:10:14,473 - INFO - [268288/569465]	Loss  : 0.5604
2024-05-30 09:12:08,273 - INFO - Test loss   : 0.6340
2024-05-30 09:12:08,274 - INFO - 
Epoch	99
2024-05-30 09:13:12,008 - INFO - [51200/569465]	Loss  : 0.5563
2024-05-30 09:14:14,437 - INFO - [102400/569465]	Loss  : 0.5576
2024-05-30 09:15:16,944 - INFO - [153600/569465]	Loss  : 0.5590
2024-05-30 09:16:19,362 - INFO - [204800/569465]	Loss  : 0.5593
2024-05-30 09:17:21,617 - INFO - [256000/569465]	Loss  : 0.5602
2024-05-30 09:17:35,289 - INFO - [268288/569465]	Loss  : 0.5603
2024-05-30 09:19:31,026 - INFO - Test loss   : 0.6339
2024-05-30 09:19:31,027 - INFO - Saving output model to ../models/wrap_ffn/model_inat_2017_wrap_ffn_inception_v3_0.00060059_32_0.0000334_1_512_leakyrelu.pth.tar
2024-05-30 09:19:31,098 - INFO - Saving output model to ../models/wrap_ffn/model_inat_2017_wrap_ffn_inception_v3_0.00060059_32_0.0000334_1_512_leakyrelu.pth.tar
2024-05-30 09:19:31,342 - INFO - 
No prior
2024-05-30 09:19:31,892 - INFO - (95986,)
2024-05-30 09:19:50,010 - INFO -  Split ID: 0
2024-05-30 09:19:50,011 - INFO -  Top 1	acc (%):   63.27
2024-05-30 09:19:50,011 - INFO -  Top 3	acc (%):   79.82
2024-05-30 09:19:50,011 - INFO -  Top 5	acc (%):   84.51
2024-05-30 09:19:50,012 - INFO -  Top 10	acc (%):   88.99
2024-05-30 09:21:47,254 - INFO -  Split ID: 0
2024-05-30 09:21:47,254 - INFO -  Top 1	acc (%):   69.52
2024-05-30 09:21:47,254 - INFO -  Top 3	acc (%):   84.25
2024-05-30 09:21:47,255 - INFO -  Top 5	acc (%):   87.98
2024-05-30 09:21:47,255 - INFO -  Top 10	acc (%):   91.53
2024-05-30 09:23:44,527 - INFO -  Split ID: 0
2024-05-30 09:23:44,528 - INFO -  Top 1	acc (%):   69.52
2024-05-30 09:23:44,528 - INFO - for optuna top1: 69.52
2024-05-30 09:23:44,528 - INFO -  Top 3	acc (%):   84.25
2024-05-30 09:23:44,528 - INFO -  Top 5	acc (%):   87.98
2024-05-30 09:23:44,528 - INFO -  Top 10	acc (%):   91.53
2024-05-30 09:23:44,560 - INFO - top_1_acc: 69.52_model_wrap_ffn_inat_2017__0.000600590391256288_3.3387419281784324e-05_1_512_32_leakyrelu
2024-05-30 23:09:14,016 - INFO - 
num_classes	5089
2024-05-30 23:09:14,016 - INFO - num train    	569465
2024-05-30 23:09:14,016 - INFO - num val      	93622
2024-05-30 23:09:14,016 - INFO - train loss   	full_loss
2024-05-30 23:09:14,016 - INFO - model name   	../models/wrap_ffn/model_inat_2017_wrap_ffn_inception_v3_0.00060059_32_0.0000334_1_512_leakyrelu.pth.tar
2024-05-30 23:09:14,016 - INFO - num users    	17302
2024-05-30 23:09:14,344 - INFO - 
Only wrap_ffn
2024-05-30 23:09:14,344 - INFO -  Model :	model_inat_2017_wrap_ffn_inception_v3_0.00060059_32_0.0000334_1_512_leakyrelu.pth.tar
2024-05-30 23:09:14,362 - INFO - Saving output model to ../models/wrap_ffn/model_inat_2017_wrap_ffn_inception_v3_0.00060059_32_0.0000334_1_512_leakyrelu.pth.tar
2024-05-30 23:09:14,492 - INFO - Saving output model to ../models/wrap_ffn/model_inat_2017_wrap_ffn_inception_v3_0.00060059_32_0.0000334_1_512_leakyrelu.pth.tar
2024-05-30 23:09:14,619 - INFO - 
No prior
2024-05-30 23:09:15,196 - INFO - (95986,)
2024-05-30 23:09:46,117 - INFO - Save results to ../eval_results/eval_inat_2017__val_no_prior.csv
2024-05-30 23:09:46,118 - INFO -  Split ID: 0
2024-05-30 23:09:46,118 - INFO -  Top 1	acc (%):   63.27
2024-05-30 23:09:46,118 - INFO -  Top 3	acc (%):   79.82
2024-05-30 23:09:46,118 - INFO -  Top 5	acc (%):   84.51
2024-05-30 23:09:46,118 - INFO -  Top 10	acc (%):   88.99
2024-05-30 23:10:40,395 - INFO -  Split ID: 0
2024-05-30 23:10:40,395 - INFO -  Top 1	hit (%):   69.52
2024-05-30 23:10:40,396 - INFO -  Top 3	hit (%):   84.25
2024-05-30 23:10:40,396 - INFO -  Top 5	hit (%):   87.98
2024-05-30 23:10:40,396 - INFO -  Top 10	hit (%):   91.53
2024-05-30 23:10:40,444 - INFO - 
Only wrap_ffn
2024-05-30 23:10:40,444 - INFO -  Model :	model_inat_2017_wrap_ffn_inception_v3_0.00060059_32_0.0000334_1_512_leakyrelu.pth.tar
2024-05-30 23:10:41,826 - INFO - (93622,)
2024-05-30 23:11:26,894 - INFO -  Split ID: 0
2024-05-30 23:11:26,926 - INFO -  Top 1	LocEnc acc (%):   0.88
2024-05-30 23:11:26,929 - INFO -  Top 3	LocEnc acc (%):   2.31
2024-05-30 23:11:26,932 - INFO -  Top 5	LocEnc acc (%):   3.56
2024-05-30 23:11:26,935 - INFO -  Top 10	LocEnc acc (%):   6.46
