2024-05-20 18:49:26,583 - INFO - 
num_classes	500
2024-05-20 18:49:26,583 - INFO - num train    	19133
2024-05-20 18:49:26,583 - INFO - num val      	443
2024-05-20 18:49:26,583 - INFO - train loss   	full_loss
2024-05-20 18:49:26,583 - INFO - model name   	../models/wrap_ffn/model_birdsnap_orig_meta_wrap_ffn_inception_v3_0.0020_64_0.0100000_1_512.pth.tar
2024-05-20 18:49:26,583 - INFO - num users    	2872
2024-05-20 18:49:26,583 - INFO - meta data    	orig_meta
2024-05-20 18:49:26,762 - INFO - 
Epoch	0
2024-05-20 18:49:40,699 - INFO - [18432/19133]	Loss  : 1.8554
2024-05-20 18:49:41,020 - INFO - Test loss   : 0.7960
2024-05-20 18:49:41,020 - INFO - 
Epoch	1
2024-05-20 18:49:54,701 - INFO - [18432/19133]	Loss  : 1.4764
2024-05-20 18:49:55,023 - INFO - Test loss   : 0.7856
2024-05-20 18:49:55,023 - INFO - 
Epoch	2
2024-05-20 18:50:08,726 - INFO - [18432/19133]	Loss  : 1.4238
2024-05-20 18:50:09,048 - INFO - Test loss   : 0.7538
2024-05-20 18:50:09,048 - INFO - 
Epoch	3
2024-05-20 18:50:22,727 - INFO - [18432/19133]	Loss  : 1.3950
2024-05-20 18:50:23,049 - INFO - Test loss   : 0.7335
2024-05-20 18:50:23,049 - INFO - 
Epoch	4
2024-05-20 18:50:36,738 - INFO - [18432/19133]	Loss  : 1.3646
2024-05-20 18:50:37,060 - INFO - Test loss   : 0.7081
2024-05-20 18:50:37,060 - INFO - 
Epoch	5
2024-05-20 18:50:50,771 - INFO - [18432/19133]	Loss  : 1.3233
2024-05-20 18:50:51,093 - INFO - Test loss   : 0.6832
2024-05-20 18:50:51,093 - INFO - 
Epoch	6
2024-05-20 18:51:04,747 - INFO - [18432/19133]	Loss  : 1.2827
2024-05-20 18:51:05,070 - INFO - Test loss   : 0.6531
2024-05-20 18:51:05,070 - INFO - 
Epoch	7
2024-05-20 18:51:18,782 - INFO - [18432/19133]	Loss  : 1.2381
2024-05-20 18:51:19,104 - INFO - Test loss   : 0.6063
2024-05-20 18:51:19,104 - INFO - 
Epoch	8
2024-05-20 18:51:32,591 - INFO - [18432/19133]	Loss  : 1.1999
2024-05-20 18:51:32,913 - INFO - Test loss   : 0.5893
2024-05-20 18:51:32,913 - INFO - 
Epoch	9
2024-05-20 18:51:46,644 - INFO - [18432/19133]	Loss  : 1.1752
2024-05-20 18:51:46,967 - INFO - Test loss   : 0.5712
2024-05-20 18:51:46,967 - INFO - 
Epoch	10
2024-05-20 18:52:00,609 - INFO - [18432/19133]	Loss  : 1.1655
2024-05-20 18:52:00,931 - INFO - Test loss   : 0.5651
2024-05-20 18:52:00,938 - INFO - (443,)
2024-05-20 18:52:00,955 - INFO -  Split ID: 0
2024-05-20 18:52:00,955 - INFO -  Top 1	LocEnc (Epoch 10)acc (%):   1.81
2024-05-20 18:52:00,955 - INFO -  Top 3	LocEnc (Epoch 10)acc (%):   4.51
2024-05-20 18:52:00,955 - INFO -  Top 5	LocEnc (Epoch 10)acc (%):   7.45
2024-05-20 18:52:00,956 - INFO -  Top 10	LocEnc (Epoch 10)acc (%):   11.51
2024-05-20 18:52:00,956 - INFO - 
No prior
2024-05-20 18:52:00,957 - INFO - (2262,)
2024-05-20 18:52:01,008 - INFO -  Split ID: 0
2024-05-20 18:52:01,008 - INFO -  Top 1	(Epoch 10)acc (%):   70.07
2024-05-20 18:52:01,008 - INFO -  Top 3	(Epoch 10)acc (%):   86.6
2024-05-20 18:52:01,008 - INFO -  Top 5	(Epoch 10)acc (%):   90.05
2024-05-20 18:52:01,008 - INFO -  Top 10	(Epoch 10)acc (%):   92.88
2024-05-20 18:52:02,093 - INFO -  Split ID: 0
2024-05-20 18:52:02,093 - INFO -  Top 1	(Epoch 10)acc (%):   71.31
2024-05-20 18:52:02,093 - INFO -  Top 3	(Epoch 10)acc (%):   86.56
2024-05-20 18:52:02,093 - INFO -  Top 5	(Epoch 10)acc (%):   90.14
2024-05-20 18:52:02,093 - INFO -  Top 10	(Epoch 10)acc (%):   93.37
2024-05-20 18:52:02,094 - INFO - 
Epoch	11
2024-05-20 18:52:15,938 - INFO - [18432/19133]	Loss  : 1.1479
2024-05-20 18:52:16,267 - INFO - Test loss   : 0.5662
2024-05-20 18:52:16,267 - INFO - 
Epoch	12
2024-05-20 18:52:30,307 - INFO - [18432/19133]	Loss  : 1.1351
2024-05-20 18:52:30,629 - INFO - Test loss   : 0.5574
2024-05-20 18:52:30,629 - INFO - 
Epoch	13
2024-05-20 18:52:44,357 - INFO - [18432/19133]	Loss  : 1.1256
2024-05-20 18:52:44,672 - INFO - Test loss   : 0.5557
2024-05-20 18:52:44,672 - INFO - 
Epoch	14
2024-05-20 18:52:58,266 - INFO - [18432/19133]	Loss  : 1.1157
2024-05-20 18:52:58,589 - INFO - Test loss   : 0.5648
2024-05-20 18:52:58,589 - INFO - 
Epoch	15
2024-05-20 18:53:12,277 - INFO - [18432/19133]	Loss  : 1.1023
2024-05-20 18:53:12,631 - INFO - Test loss   : 0.5528
2024-05-20 18:53:12,631 - INFO - 
Epoch	16
2024-05-20 18:53:26,319 - INFO - [18432/19133]	Loss  : 1.0997
2024-05-20 18:53:26,619 - INFO - Test loss   : 0.5564
2024-05-20 18:53:26,619 - INFO - 
Epoch	17
2024-05-20 18:53:40,334 - INFO - [18432/19133]	Loss  : 1.0892
2024-05-20 18:53:40,657 - INFO - Test loss   : 0.5534
2024-05-20 18:53:40,657 - INFO - 
Epoch	18
2024-05-20 18:53:54,367 - INFO - [18432/19133]	Loss  : 1.0878
2024-05-20 18:53:54,677 - INFO - Test loss   : 0.5605
2024-05-20 18:53:54,677 - INFO - 
Epoch	19
2024-05-20 18:54:08,331 - INFO - [18432/19133]	Loss  : 1.0793
2024-05-20 18:54:08,641 - INFO - Test loss   : 0.5668
2024-05-20 18:54:08,641 - INFO - 
Epoch	20
2024-05-20 18:54:22,359 - INFO - [18432/19133]	Loss  : 1.0720
2024-05-20 18:54:22,676 - INFO - Test loss   : 0.5629
2024-05-20 18:54:22,678 - INFO - (443,)
2024-05-20 18:54:22,693 - INFO -  Split ID: 0
2024-05-20 18:54:22,693 - INFO -  Top 1	LocEnc (Epoch 20)acc (%):   2.93
2024-05-20 18:54:22,693 - INFO -  Top 3	LocEnc (Epoch 20)acc (%):   7.45
2024-05-20 18:54:22,694 - INFO -  Top 5	LocEnc (Epoch 20)acc (%):   10.38
2024-05-20 18:54:22,694 - INFO -  Top 10	LocEnc (Epoch 20)acc (%):   15.8
2024-05-20 18:54:22,694 - INFO - 
No prior
2024-05-20 18:54:22,695 - INFO - (2262,)
2024-05-20 18:54:22,744 - INFO -  Split ID: 0
2024-05-20 18:54:22,745 - INFO -  Top 1	(Epoch 20)acc (%):   70.07
2024-05-20 18:54:22,745 - INFO -  Top 3	(Epoch 20)acc (%):   86.6
2024-05-20 18:54:22,745 - INFO -  Top 5	(Epoch 20)acc (%):   90.05
2024-05-20 18:54:22,745 - INFO -  Top 10	(Epoch 20)acc (%):   92.88
2024-05-20 18:54:23,885 - INFO -  Split ID: 0
2024-05-20 18:54:23,885 - INFO -  Top 1	(Epoch 20)acc (%):   71.57
2024-05-20 18:54:23,885 - INFO -  Top 3	(Epoch 20)acc (%):   86.6
2024-05-20 18:54:23,885 - INFO -  Top 5	(Epoch 20)acc (%):   89.83
2024-05-20 18:54:23,885 - INFO -  Top 10	(Epoch 20)acc (%):   93.32
2024-05-20 18:54:23,885 - INFO - 
Epoch	21
2024-05-20 18:54:37,132 - INFO - [18432/19133]	Loss  : 1.0658
2024-05-20 18:54:37,447 - INFO - Test loss   : 0.5685
2024-05-20 18:54:37,447 - INFO - 
Epoch	22
2024-05-20 18:54:51,133 - INFO - [18432/19133]	Loss  : 1.0644
2024-05-20 18:54:51,454 - INFO - Test loss   : 0.5587
2024-05-20 18:54:51,454 - INFO - 
Epoch	23
2024-05-20 18:55:05,047 - INFO - [18432/19133]	Loss  : 1.0598
2024-05-20 18:55:05,369 - INFO - Test loss   : 0.5746
2024-05-20 18:55:05,369 - INFO - 
Epoch	24
2024-05-20 18:55:19,006 - INFO - [18432/19133]	Loss  : 1.0540
2024-05-20 18:55:19,334 - INFO - Test loss   : 0.5704
2024-05-20 18:55:19,334 - INFO - 
Epoch	25
2024-05-20 18:55:33,208 - INFO - [18432/19133]	Loss  : 1.0502
2024-05-20 18:55:33,395 - INFO - Test loss   : 0.5737
2024-05-20 18:55:33,395 - INFO - 
Epoch	26
2024-05-20 18:55:45,782 - INFO - [18432/19133]	Loss  : 1.0433
2024-05-20 18:55:46,093 - INFO - Test loss   : 0.5683
2024-05-20 18:55:46,093 - INFO - 
Epoch	27
2024-05-20 18:55:59,855 - INFO - [18432/19133]	Loss  : 1.0369
2024-05-20 18:56:00,166 - INFO - Test loss   : 0.5798
2024-05-20 18:56:00,166 - INFO - 
Epoch	28
2024-05-20 18:56:13,851 - INFO - [18432/19133]	Loss  : 1.0382
2024-05-20 18:56:14,165 - INFO - Test loss   : 0.5695
2024-05-20 18:56:14,165 - INFO - 
Epoch	29
2024-05-20 18:56:27,892 - INFO - [18432/19133]	Loss  : 1.0289
2024-05-20 18:56:28,215 - INFO - Test loss   : 0.5647
2024-05-20 18:56:28,215 - INFO - Saving output model to ../models/wrap_ffn/model_birdsnap_orig_meta_wrap_ffn_inception_v3_0.0020_64_0.0100000_1_512.pth.tar
2024-05-20 18:56:28,226 - INFO - Saving output model to ../models/wrap_ffn/model_birdsnap_orig_meta_wrap_ffn_inception_v3_0.0020_64_0.0100000_1_512.pth.tar
2024-05-20 18:56:28,255 - INFO - 
No prior
2024-05-20 18:56:28,256 - INFO - (2262,)
2024-05-20 18:56:28,305 - INFO -  Split ID: 0
2024-05-20 18:56:28,305 - INFO -  Top 1	acc (%):   70.07
2024-05-20 18:56:28,305 - INFO -  Top 3	acc (%):   86.6
2024-05-20 18:56:28,305 - INFO -  Top 5	acc (%):   90.05
2024-05-20 18:56:28,305 - INFO -  Top 10	acc (%):   92.88
2024-05-20 18:56:29,435 - INFO -  Split ID: 0
2024-05-20 18:56:29,435 - INFO -  Top 1	acc (%):   71.79
2024-05-20 18:56:29,435 - INFO -  Top 3	acc (%):   86.74
2024-05-20 18:56:29,435 - INFO -  Top 5	acc (%):   89.79
2024-05-20 18:56:29,435 - INFO -  Top 10	acc (%):   93.32
2024-05-20 18:56:29,435 - INFO - 
wrap_ffn
2024-05-20 18:56:29,435 - INFO -  Model :	model_birdsnap_orig_meta_wrap_ffn_inception_v3_0.0020_64_0.0100000_1_512.pth.tar
2024-05-20 18:56:29,445 - INFO - (443,)
2024-05-20 18:56:29,460 - INFO -  Split ID: 0
2024-05-20 18:56:29,461 - INFO -  Top 1	LocEnc acc (%):   3.39
2024-05-20 18:56:29,461 - INFO -  Top 3	LocEnc acc (%):   7.67
2024-05-20 18:56:29,461 - INFO -  Top 5	LocEnc acc (%):   11.96
2024-05-20 18:56:29,461 - INFO -  Top 10	LocEnc acc (%):   16.48
