2024-05-22 17:36:56,590 - INFO - 
num_classes	62
2024-05-22 17:36:56,591 - INFO - num train    	363571
2024-05-22 17:36:56,591 - INFO - num val      	53041
2024-05-22 17:36:56,591 - INFO - train loss   	full_loss
2024-05-22 17:36:56,591 - INFO - model name   	../models/wrap_ffn/model_fmow_wrap_ffn_inception_v3_0.0020_64_0.0005000_1_512.pth.tar
2024-05-22 17:36:56,591 - INFO - num users    	1
2024-05-22 17:36:57,145 - INFO - 
Epoch	0
2024-05-22 17:37:00,764 - INFO - [6144/363571]	Loss  : 2.0144
2024-05-22 17:37:28,127 - INFO - Test loss   : 1.0912
2024-05-22 17:37:28,127 - INFO - 
Epoch	1
2024-05-22 17:37:31,142 - INFO - [6144/363571]	Loss  : 1.8833
2024-05-22 17:37:55,520 - INFO - Test loss   : 1.0125
2024-05-22 17:37:55,520 - INFO - 
Epoch	2
2024-05-22 17:37:58,525 - INFO - [6144/363571]	Loss  : 1.8238
2024-05-22 17:38:23,015 - INFO - Test loss   : 0.9884
2024-05-22 17:38:23,015 - INFO - 
Epoch	3
2024-05-22 17:38:26,026 - INFO - [6144/363571]	Loss  : 1.7863
2024-05-22 17:38:50,281 - INFO - Test loss   : 0.9364
2024-05-22 17:38:50,281 - INFO - 
Epoch	4
2024-05-22 17:38:53,278 - INFO - [6144/363571]	Loss  : 1.7542
2024-05-22 17:39:17,826 - INFO - Test loss   : 0.9707
2024-05-22 17:39:17,826 - INFO - 
Epoch	5
2024-05-22 17:39:20,836 - INFO - [6144/363571]	Loss  : 1.7425
2024-05-22 17:39:45,096 - INFO - Test loss   : 0.9429
2024-05-22 17:39:45,097 - INFO - 
Epoch	6
2024-05-22 17:39:48,145 - INFO - [6144/363571]	Loss  : 1.7312
2024-05-22 17:40:12,400 - INFO - Test loss   : 0.9343
2024-05-22 17:40:12,400 - INFO - 
Epoch	7
2024-05-22 17:40:15,403 - INFO - [6144/363571]	Loss  : 1.7108
2024-05-22 17:40:39,811 - INFO - Test loss   : 0.9127
2024-05-22 17:40:39,811 - INFO - 
Epoch	8
2024-05-22 17:40:42,811 - INFO - [6144/363571]	Loss  : 1.6835
2024-05-22 17:41:07,210 - INFO - Test loss   : 0.9161
2024-05-22 17:41:07,210 - INFO - 
Epoch	9
2024-05-22 17:41:10,220 - INFO - [6144/363571]	Loss  : 1.6794
2024-05-22 17:41:34,591 - INFO - Test loss   : 0.8927
2024-05-22 17:41:34,591 - INFO - 
Epoch	10
2024-05-22 17:41:37,596 - INFO - [6144/363571]	Loss  : 1.6643
2024-05-22 17:41:59,512 - INFO - Test loss   : 0.9040
2024-05-22 17:41:59,598 - INFO - (53041,)
2024-05-22 17:41:59,736 - INFO -  Split ID: 0
2024-05-22 17:41:59,757 - INFO -  Top 1	LocEnc (Epoch 10)acc (%):   8.04
2024-05-22 17:41:59,759 - INFO -  Top 3	LocEnc (Epoch 10)acc (%):   19.47
2024-05-22 17:41:59,761 - INFO -  Top 5	LocEnc (Epoch 10)acc (%):   26.97
2024-05-22 17:41:59,763 - INFO -  Top 10	LocEnc (Epoch 10)acc (%):   40.43
2024-05-22 17:41:59,769 - INFO - 
No prior
2024-05-22 17:41:59,774 - INFO - (53041,)
2024-05-22 17:41:59,930 - INFO -  Split ID: 0
2024-05-22 17:41:59,930 - INFO -  Top 1	(Epoch 10)acc (%):   69.83
2024-05-22 17:41:59,931 - INFO -  Top 3	(Epoch 10)acc (%):   84.61
2024-05-22 17:41:59,931 - INFO -  Top 5	(Epoch 10)acc (%):   89.23
2024-05-22 17:41:59,931 - INFO -  Top 10	(Epoch 10)acc (%):   94.29
2024-05-22 17:42:29,287 - INFO -  Split ID: 0
2024-05-22 17:42:29,287 - INFO -  Top 1	(Epoch 10)acc (%):   69.98
2024-05-22 17:42:29,288 - INFO -  Top 3	(Epoch 10)acc (%):   84.7
2024-05-22 17:42:29,288 - INFO -  Top 5	(Epoch 10)acc (%):   89.34
2024-05-22 17:42:29,288 - INFO -  Top 10	(Epoch 10)acc (%):   94.39
2024-05-22 17:42:29,288 - INFO - 
Epoch	11
2024-05-22 17:42:32,293 - INFO - [6144/363571]	Loss  : 1.6484
2024-05-22 17:42:56,699 - INFO - Test loss   : 0.8639
2024-05-22 17:42:56,699 - INFO - 
Epoch	12
2024-05-22 17:42:59,705 - INFO - [6144/363571]	Loss  : 1.6312
2024-05-22 17:43:24,235 - INFO - Test loss   : 0.8918
2024-05-22 17:43:24,235 - INFO - 
Epoch	13
2024-05-22 17:43:27,246 - INFO - [6144/363571]	Loss  : 1.6249
2024-05-22 17:43:52,010 - INFO - Test loss   : 0.8910
2024-05-22 17:43:52,010 - INFO - 
Epoch	14
2024-05-22 17:43:55,016 - INFO - [6144/363571]	Loss  : 1.6239
2024-05-22 17:44:19,451 - INFO - Test loss   : 0.8431
2024-05-22 17:44:19,451 - INFO - 
Epoch	15
2024-05-22 17:44:22,467 - INFO - [6144/363571]	Loss  : 1.6055
2024-05-22 17:44:46,856 - INFO - Test loss   : 0.8721
2024-05-22 17:44:46,857 - INFO - 
Epoch	16
2024-05-22 17:44:49,901 - INFO - [6144/363571]	Loss  : 1.6042
2024-05-22 17:45:14,582 - INFO - Test loss   : 0.8739
2024-05-22 17:45:14,582 - INFO - 
Epoch	17
2024-05-22 17:45:17,591 - INFO - [6144/363571]	Loss  : 1.5982
2024-05-22 17:45:41,954 - INFO - Test loss   : 0.8551
2024-05-22 17:45:41,954 - INFO - 
Epoch	18
2024-05-22 17:45:44,959 - INFO - [6144/363571]	Loss  : 1.5921
2024-05-22 17:46:09,456 - INFO - Test loss   : 0.8604
2024-05-22 17:46:09,456 - INFO - 
Epoch	19
2024-05-22 17:46:12,467 - INFO - [6144/363571]	Loss  : 1.5766
2024-05-22 17:46:36,987 - INFO - Test loss   : 0.8654
2024-05-22 17:46:36,987 - INFO - 
Epoch	20
2024-05-22 17:46:39,993 - INFO - [6144/363571]	Loss  : 1.5737
2024-05-22 17:47:00,936 - INFO - Test loss   : 0.8283
2024-05-22 17:47:01,002 - INFO - (53041,)
2024-05-22 17:47:01,139 - INFO -  Split ID: 0
2024-05-22 17:47:01,160 - INFO -  Top 1	LocEnc (Epoch 20)acc (%):   6.7
2024-05-22 17:47:01,162 - INFO -  Top 3	LocEnc (Epoch 20)acc (%):   21.85
2024-05-22 17:47:01,163 - INFO -  Top 5	LocEnc (Epoch 20)acc (%):   28.76
2024-05-22 17:47:01,165 - INFO -  Top 10	LocEnc (Epoch 20)acc (%):   41.76
2024-05-22 17:47:01,171 - INFO - 
No prior
2024-05-22 17:47:01,176 - INFO - (53041,)
2024-05-22 17:47:01,328 - INFO -  Split ID: 0
2024-05-22 17:47:01,329 - INFO -  Top 1	(Epoch 20)acc (%):   69.83
2024-05-22 17:47:01,329 - INFO -  Top 3	(Epoch 20)acc (%):   84.61
2024-05-22 17:47:01,329 - INFO -  Top 5	(Epoch 20)acc (%):   89.23
2024-05-22 17:47:01,329 - INFO -  Top 10	(Epoch 20)acc (%):   94.29
2024-05-22 17:47:30,987 - INFO -  Split ID: 0
2024-05-22 17:47:30,988 - INFO -  Top 1	(Epoch 20)acc (%):   70.03
2024-05-22 17:47:30,988 - INFO -  Top 3	(Epoch 20)acc (%):   84.77
2024-05-22 17:47:30,988 - INFO -  Top 5	(Epoch 20)acc (%):   89.38
2024-05-22 17:47:30,988 - INFO -  Top 10	(Epoch 20)acc (%):   94.41
2024-05-22 17:47:30,989 - INFO - 
Epoch	21
2024-05-22 17:47:33,989 - INFO - [6144/363571]	Loss  : 1.5829
2024-05-22 17:47:59,066 - INFO - Test loss   : 0.8522
2024-05-22 17:47:59,067 - INFO - 
Epoch	22
2024-05-22 17:48:01,545 - INFO - [6144/363571]	Loss  : 1.5635
2024-05-22 17:48:26,129 - INFO - Test loss   : 0.8603
2024-05-22 17:48:26,129 - INFO - 
Epoch	23
2024-05-22 17:48:29,141 - INFO - [6144/363571]	Loss  : 1.5651
2024-05-22 17:48:54,172 - INFO - Test loss   : 0.8410
2024-05-22 17:48:54,173 - INFO - 
Epoch	24
2024-05-22 17:48:56,692 - INFO - [6144/363571]	Loss  : 1.5599
2024-05-22 17:49:21,275 - INFO - Test loss   : 0.8498
2024-05-22 17:49:21,275 - INFO - 
Epoch	25
2024-05-22 17:49:24,305 - INFO - [6144/363571]	Loss  : 1.5768
2024-05-22 17:49:49,356 - INFO - Test loss   : 0.8356
2024-05-22 17:49:49,356 - INFO - 
Epoch	26
2024-05-22 17:49:51,822 - INFO - [6144/363571]	Loss  : 1.5591
2024-05-22 17:50:16,364 - INFO - Test loss   : 0.8388
2024-05-22 17:50:16,364 - INFO - 
Epoch	27
2024-05-22 17:50:19,374 - INFO - [6144/363571]	Loss  : 1.5565
2024-05-22 17:50:43,870 - INFO - Test loss   : 0.8602
2024-05-22 17:50:43,870 - INFO - 
Epoch	28
2024-05-22 17:50:46,953 - INFO - [6144/363571]	Loss  : 1.5492
2024-05-22 17:51:11,462 - INFO - Test loss   : 0.8270
2024-05-22 17:51:11,462 - INFO - 
Epoch	29
2024-05-22 17:51:14,492 - INFO - [6144/363571]	Loss  : 1.5527
2024-05-22 17:51:39,435 - INFO - Test loss   : 0.8276
2024-05-22 17:51:39,436 - INFO - Saving output model to ../models/wrap_ffn/model_fmow_wrap_ffn_inception_v3_0.0020_64_0.0005000_1_512.pth.tar
2024-05-22 17:51:39,440 - INFO - Saving output model to ../models/wrap_ffn/model_fmow_wrap_ffn_inception_v3_0.0020_64_0.0005000_1_512.pth.tar
2024-05-22 17:51:39,581 - INFO - 
No prior
2024-05-22 17:51:39,592 - INFO - (53041,)
2024-05-22 17:51:39,747 - INFO -  Split ID: 0
2024-05-22 17:51:39,748 - INFO -  Top 1	acc (%):   69.83
2024-05-22 17:51:39,748 - INFO -  Top 3	acc (%):   84.61
2024-05-22 17:51:39,748 - INFO -  Top 5	acc (%):   89.23
2024-05-22 17:51:39,748 - INFO -  Top 10	acc (%):   94.29
2024-05-22 17:52:06,626 - INFO -  Split ID: 0
2024-05-22 17:52:06,627 - INFO -  Top 1	acc (%):   70.11
2024-05-22 17:52:06,627 - INFO -  Top 3	acc (%):   84.84
2024-05-22 17:52:06,627 - INFO -  Top 5	acc (%):   89.43
2024-05-22 17:52:06,627 - INFO -  Top 10	acc (%):   94.41
2024-05-22 17:52:06,628 - INFO - 
wrap_ffn
2024-05-22 17:52:06,628 - INFO -  Model :	model_fmow_wrap_ffn_inception_v3_0.0020_64_0.0005000_1_512.pth.tar
2024-05-22 17:52:06,748 - INFO - (53041,)
2024-05-22 17:52:06,941 - INFO -  Split ID: 0
2024-05-22 17:52:06,963 - INFO -  Top 1	LocEnc acc (%):   7.14
2024-05-22 17:52:06,964 - INFO -  Top 3	LocEnc acc (%):   20.9
2024-05-22 17:52:06,966 - INFO -  Top 5	LocEnc acc (%):   29.78
2024-05-22 17:52:06,968 - INFO -  Top 10	LocEnc acc (%):   42.67
2024-05-30 16:53:02,153 - INFO - 
num_classes	62
2024-05-30 16:53:02,180 - INFO - num train    	363571
2024-05-30 16:53:02,180 - INFO - num val      	53041
2024-05-30 16:53:02,180 - INFO - train loss   	full_loss
2024-05-30 16:53:02,180 - INFO - model name   	../models/wrap_ffn/model_fmow_wrap_ffn_inception_v3_0.0020_64_0.0005000_1_512.pth.tar
2024-05-30 16:53:02,180 - INFO - num users    	1
2024-05-30 16:53:02,407 - INFO - 
Only wrap_ffn
2024-05-30 16:53:02,407 - INFO -  Model :	model_fmow_wrap_ffn_inception_v3_0.0020_64_0.0005000_1_512.pth.tar
2024-05-30 16:53:02,454 - INFO - Saving output model to ../models/wrap_ffn/model_fmow_wrap_ffn_inception_v3_0.0020_64_0.0005000_1_512.pth.tar
2024-05-30 16:53:02,473 - INFO - Saving output model to ../models/wrap_ffn/model_fmow_wrap_ffn_inception_v3_0.0020_64_0.0005000_1_512.pth.tar
2024-05-30 16:53:02,482 - INFO - 
No prior
2024-05-30 16:53:02,490 - INFO - (53041,)
2024-05-30 16:53:03,419 - INFO - Save results to ../eval_results/eval_fmow__val_no_prior.csv
2024-05-30 16:53:03,420 - INFO -  Split ID: 0
2024-05-30 16:53:03,420 - INFO -  Top 1	acc (%):   69.83
2024-05-30 16:53:03,420 - INFO -  Top 3	acc (%):   84.61
2024-05-30 16:53:03,420 - INFO -  Top 5	acc (%):   89.23
2024-05-30 16:53:03,420 - INFO -  Top 10	acc (%):   94.29
2024-05-30 16:53:31,776 - INFO -  Split ID: 0
2024-05-30 16:53:31,776 - INFO -  Top 1	hit (%):   70.11
2024-05-30 16:53:31,777 - INFO -  Top 3	hit (%):   84.84
2024-05-30 16:53:31,777 - INFO -  Top 5	hit (%):   89.43
2024-05-30 16:53:31,777 - INFO -  Top 10	hit (%):   94.41
2024-05-30 16:53:31,791 - INFO - 
Only wrap_ffn
2024-05-30 16:53:31,791 - INFO -  Model :	model_fmow_wrap_ffn_inception_v3_0.0020_64_0.0005000_1_512.pth.tar
2024-05-30 16:53:31,845 - INFO - (53041,)
2024-05-30 16:53:31,979 - INFO -  Split ID: 0
2024-05-30 16:53:31,998 - INFO -  Top 1	LocEnc acc (%):   7.14
2024-05-30 16:53:32,000 - INFO -  Top 3	LocEnc acc (%):   20.9
2024-05-30 16:53:32,002 - INFO -  Top 5	LocEnc acc (%):   29.78
2024-05-30 16:53:32,004 - INFO -  Top 10	LocEnc acc (%):   42.67
