2024-05-22 16:30:42,445 - INFO - 
num_classes	100
2024-05-22 16:30:42,445 - INFO - num train    	66739
2024-05-22 16:30:42,445 - INFO - num val      	4449
2024-05-22 16:30:42,445 - INFO - train loss   	full_loss
2024-05-22 16:30:42,445 - INFO - model name   	../models/wrap_ffn/model_yfcc_wrap_ffn_inception_v3_0.0020_64_0.0005000_1_512.pth.tar
2024-05-22 16:30:42,445 - INFO - num users    	1
2024-05-22 16:30:42,629 - INFO - 
Epoch	0
2024-05-22 16:31:07,322 - INFO - [51200/66739]	Loss  : 1.4481
2024-05-22 16:31:14,278 - INFO - [66560/66739]	Loss  : 1.4132
2024-05-22 16:31:16,192 - INFO - Test loss   : 0.6140
2024-05-22 16:31:16,192 - INFO - 
Epoch	1
2024-05-22 16:31:40,801 - INFO - [51200/66739]	Loss  : 1.2695
2024-05-22 16:31:47,850 - INFO - [66560/66739]	Loss  : 1.2661
2024-05-22 16:31:49,976 - INFO - Test loss   : 0.6153
2024-05-22 16:31:49,976 - INFO - 
Epoch	2
2024-05-22 16:32:13,911 - INFO - [51200/66739]	Loss  : 1.2509
2024-05-22 16:32:20,631 - INFO - [66560/66739]	Loss  : 1.2502
2024-05-22 16:32:22,759 - INFO - Test loss   : 0.6074
2024-05-22 16:32:22,759 - INFO - 
Epoch	3
2024-05-22 16:32:47,409 - INFO - [51200/66739]	Loss  : 1.2421
2024-05-22 16:32:54,248 - INFO - [66560/66739]	Loss  : 1.2413
2024-05-22 16:32:56,378 - INFO - Test loss   : 0.6045
2024-05-22 16:32:56,379 - INFO - 
Epoch	4
2024-05-22 16:33:20,820 - INFO - [51200/66739]	Loss  : 1.2356
2024-05-22 16:33:27,847 - INFO - [66560/66739]	Loss  : 1.2358
2024-05-22 16:33:29,973 - INFO - Test loss   : 0.5986
2024-05-22 16:33:29,973 - INFO - 
Epoch	5
2024-05-22 16:33:54,552 - INFO - [51200/66739]	Loss  : 1.2320
2024-05-22 16:34:00,991 - INFO - [66560/66739]	Loss  : 1.2317
2024-05-22 16:34:03,117 - INFO - Test loss   : 0.5949
2024-05-22 16:34:03,117 - INFO - 
Epoch	6
2024-05-22 16:34:27,757 - INFO - [51200/66739]	Loss  : 1.2265
2024-05-22 16:34:35,789 - INFO - [66560/66739]	Loss  : 1.2257
2024-05-22 16:34:37,768 - INFO - Test loss   : 0.6015
2024-05-22 16:34:37,768 - INFO - 
Epoch	7
2024-05-22 16:35:02,985 - INFO - [51200/66739]	Loss  : 1.2212
2024-05-22 16:35:09,169 - INFO - [66560/66739]	Loss  : 1.2208
2024-05-22 16:35:11,296 - INFO - Test loss   : 0.5885
2024-05-22 16:35:11,296 - INFO - 
Epoch	8
2024-05-22 16:35:35,753 - INFO - [51200/66739]	Loss  : 1.2185
2024-05-22 16:35:42,762 - INFO - [66560/66739]	Loss  : 1.2169
2024-05-22 16:35:44,895 - INFO - Test loss   : 0.5847
2024-05-22 16:35:44,895 - INFO - 
Epoch	9
2024-05-22 16:36:09,286 - INFO - [51200/66739]	Loss  : 1.2124
2024-05-22 16:36:16,318 - INFO - [66560/66739]	Loss  : 1.2124
2024-05-22 16:36:18,429 - INFO - Test loss   : 0.5768
2024-05-22 16:36:18,429 - INFO - 
Epoch	10
2024-05-22 16:36:42,684 - INFO - [51200/66739]	Loss  : 1.2095
2024-05-22 16:36:49,610 - INFO - [66560/66739]	Loss  : 1.2090
2024-05-22 16:36:51,725 - INFO - Test loss   : 0.5773
2024-05-22 16:36:51,738 - INFO - (4449,)
2024-05-22 16:36:51,760 - INFO -  Split ID: 0
2024-05-22 16:36:51,761 - INFO -  Top 1	LocEnc (Epoch 10)acc (%):   5.89
2024-05-22 16:36:51,761 - INFO -  Top 3	LocEnc (Epoch 10)acc (%):   13.62
2024-05-22 16:36:51,762 - INFO -  Top 5	LocEnc (Epoch 10)acc (%):   19.49
2024-05-22 16:36:51,762 - INFO -  Top 10	LocEnc (Epoch 10)acc (%):   32.16
2024-05-22 16:36:51,762 - INFO - 
No prior
2024-05-22 16:36:51,765 - INFO - (17798,)
2024-05-22 16:36:51,858 - INFO -  Split ID: 0
2024-05-22 16:36:51,859 - INFO -  Top 1	(Epoch 10)acc (%):   50.15
2024-05-22 16:36:51,859 - INFO -  Top 3	(Epoch 10)acc (%):   73.9
2024-05-22 16:36:51,859 - INFO -  Top 5	(Epoch 10)acc (%):   82.45
2024-05-22 16:36:51,859 - INFO -  Top 10	(Epoch 10)acc (%):   91.06
2024-05-22 16:37:03,624 - INFO -  Split ID: 0
2024-05-22 16:37:03,624 - INFO -  Top 1	(Epoch 10)acc (%):   50.49
2024-05-22 16:37:03,624 - INFO -  Top 3	(Epoch 10)acc (%):   74.46
2024-05-22 16:37:03,624 - INFO -  Top 5	(Epoch 10)acc (%):   83.07
2024-05-22 16:37:03,624 - INFO -  Top 10	(Epoch 10)acc (%):   91.32
2024-05-22 16:37:03,624 - INFO - 
Epoch	11
2024-05-22 16:37:27,891 - INFO - [51200/66739]	Loss  : 1.2048
2024-05-22 16:37:34,866 - INFO - [66560/66739]	Loss  : 1.2035
2024-05-22 16:37:36,985 - INFO - Test loss   : 0.5709
2024-05-22 16:37:36,985 - INFO - 
Epoch	12
2024-05-22 16:38:01,214 - INFO - [51200/66739]	Loss  : 1.2008
2024-05-22 16:38:08,229 - INFO - [66560/66739]	Loss  : 1.1998
2024-05-22 16:38:09,819 - INFO - Test loss   : 0.5661
2024-05-22 16:38:09,819 - INFO - 
Epoch	13
2024-05-22 16:38:34,794 - INFO - [51200/66739]	Loss  : 1.1938
2024-05-22 16:38:41,770 - INFO - [66560/66739]	Loss  : 1.1963
2024-05-22 16:38:43,653 - INFO - Test loss   : 0.5680
2024-05-22 16:38:43,653 - INFO - 
Epoch	14
2024-05-22 16:39:08,023 - INFO - [51200/66739]	Loss  : 1.1923
2024-05-22 16:39:11,932 - INFO - [66560/66739]	Loss  : 1.1925
2024-05-22 16:39:14,359 - INFO - Test loss   : 0.5695
2024-05-22 16:39:14,359 - INFO - 
Epoch	15
2024-05-22 16:39:42,496 - INFO - [51200/66739]	Loss  : 1.1918
2024-05-22 16:39:49,548 - INFO - [66560/66739]	Loss  : 1.1913
2024-05-22 16:39:51,677 - INFO - Test loss   : 0.5696
2024-05-22 16:39:51,677 - INFO - 
Epoch	16
2024-05-22 16:40:15,972 - INFO - [51200/66739]	Loss  : 1.1869
2024-05-22 16:40:22,914 - INFO - [66560/66739]	Loss  : 1.1889
2024-05-22 16:40:25,041 - INFO - Test loss   : 0.5664
2024-05-22 16:40:25,041 - INFO - 
Epoch	17
2024-05-22 16:40:49,726 - INFO - [51200/66739]	Loss  : 1.1894
2024-05-22 16:40:56,729 - INFO - [66560/66739]	Loss  : 1.1875
2024-05-22 16:40:58,855 - INFO - Test loss   : 0.5662
2024-05-22 16:40:58,855 - INFO - 
Epoch	18
2024-05-22 16:41:23,292 - INFO - [51200/66739]	Loss  : 1.1830
2024-05-22 16:41:29,731 - INFO - [66560/66739]	Loss  : 1.1833
2024-05-22 16:41:31,679 - INFO - Test loss   : 0.5663
2024-05-22 16:41:31,680 - INFO - 
Epoch	19
2024-05-22 16:41:56,873 - INFO - [51200/66739]	Loss  : 1.1817
2024-05-22 16:42:03,094 - INFO - [66560/66739]	Loss  : 1.1807
2024-05-22 16:42:05,217 - INFO - Test loss   : 0.5649
2024-05-22 16:42:05,217 - INFO - 
Epoch	20
2024-05-22 16:42:29,631 - INFO - [51200/66739]	Loss  : 1.1783
2024-05-22 16:42:36,627 - INFO - [66560/66739]	Loss  : 1.1775
2024-05-22 16:42:38,753 - INFO - Test loss   : 0.5650
2024-05-22 16:42:38,759 - INFO - (4449,)
2024-05-22 16:42:38,778 - INFO -  Split ID: 0
2024-05-22 16:42:38,780 - INFO -  Top 1	LocEnc (Epoch 20)acc (%):   6.79
2024-05-22 16:42:38,780 - INFO -  Top 3	LocEnc (Epoch 20)acc (%):   14.7
2024-05-22 16:42:38,780 - INFO -  Top 5	LocEnc (Epoch 20)acc (%):   21.71
2024-05-22 16:42:38,780 - INFO -  Top 10	LocEnc (Epoch 20)acc (%):   35.06
2024-05-22 16:42:38,781 - INFO - 
No prior
2024-05-22 16:42:38,783 - INFO - (17798,)
2024-05-22 16:42:38,874 - INFO -  Split ID: 0
2024-05-22 16:42:38,874 - INFO -  Top 1	(Epoch 20)acc (%):   50.15
2024-05-22 16:42:38,875 - INFO -  Top 3	(Epoch 20)acc (%):   73.9
2024-05-22 16:42:38,875 - INFO -  Top 5	(Epoch 20)acc (%):   82.45
2024-05-22 16:42:38,875 - INFO -  Top 10	(Epoch 20)acc (%):   91.06
2024-05-22 16:42:50,710 - INFO -  Split ID: 0
2024-05-22 16:42:50,711 - INFO -  Top 1	(Epoch 20)acc (%):   50.58
2024-05-22 16:42:50,711 - INFO -  Top 3	(Epoch 20)acc (%):   74.52
2024-05-22 16:42:50,711 - INFO -  Top 5	(Epoch 20)acc (%):   83.25
2024-05-22 16:42:50,711 - INFO -  Top 10	(Epoch 20)acc (%):   91.57
2024-05-22 16:42:50,712 - INFO - 
Epoch	21
2024-05-22 16:43:14,560 - INFO - [51200/66739]	Loss  : 1.1764
2024-05-22 16:43:21,384 - INFO - [66560/66739]	Loss  : 1.1761
2024-05-22 16:43:23,512 - INFO - Test loss   : 0.5580
2024-05-22 16:43:23,512 - INFO - 
Epoch	22
2024-05-22 16:43:48,390 - INFO - [51200/66739]	Loss  : 1.1748
2024-05-22 16:43:54,857 - INFO - [66560/66739]	Loss  : 1.1744
2024-05-22 16:43:56,979 - INFO - Test loss   : 0.5637
2024-05-22 16:43:56,979 - INFO - 
Epoch	23
2024-05-22 16:44:19,182 - INFO - [51200/66739]	Loss  : 1.1722
2024-05-22 16:44:27,176 - INFO - [66560/66739]	Loss  : 1.1723
2024-05-22 16:44:29,605 - INFO - Test loss   : 0.5635
2024-05-22 16:44:29,605 - INFO - 
Epoch	24
2024-05-22 16:44:56,176 - INFO - [51200/66739]	Loss  : 1.1716
2024-05-22 16:45:03,216 - INFO - [66560/66739]	Loss  : 1.1709
2024-05-22 16:45:05,337 - INFO - Test loss   : 0.5580
2024-05-22 16:45:05,337 - INFO - 
Epoch	25
2024-05-22 16:45:29,721 - INFO - [51200/66739]	Loss  : 1.1703
2024-05-22 16:45:36,256 - INFO - [66560/66739]	Loss  : 1.1707
2024-05-22 16:45:38,142 - INFO - Test loss   : 0.5593
2024-05-22 16:45:38,142 - INFO - 
Epoch	26
2024-05-22 16:46:03,324 - INFO - [51200/66739]	Loss  : 1.1661
2024-05-22 16:46:09,624 - INFO - [66560/66739]	Loss  : 1.1665
2024-05-22 16:46:11,750 - INFO - Test loss   : 0.5626
2024-05-22 16:46:11,750 - INFO - 
Epoch	27
2024-05-22 16:46:36,171 - INFO - [51200/66739]	Loss  : 1.1640
2024-05-22 16:46:43,198 - INFO - [66560/66739]	Loss  : 1.1634
2024-05-22 16:46:45,327 - INFO - Test loss   : 0.5662
2024-05-22 16:46:45,327 - INFO - 
Epoch	28
2024-05-22 16:47:09,959 - INFO - [51200/66739]	Loss  : 1.1652
2024-05-22 16:47:16,909 - INFO - [66560/66739]	Loss  : 1.1655
2024-05-22 16:47:19,033 - INFO - Test loss   : 0.5612
2024-05-22 16:47:19,034 - INFO - 
Epoch	29
2024-05-22 16:47:43,547 - INFO - [51200/66739]	Loss  : 1.1597
2024-05-22 16:47:50,537 - INFO - [66560/66739]	Loss  : 1.1606
2024-05-22 16:47:52,669 - INFO - Test loss   : 0.5607
2024-05-22 16:47:52,670 - INFO - Saving output model to ../models/wrap_ffn/model_yfcc_wrap_ffn_inception_v3_0.0020_64_0.0005000_1_512.pth.tar
2024-05-22 16:47:52,675 - INFO - Saving output model to ../models/wrap_ffn/model_yfcc_wrap_ffn_inception_v3_0.0020_64_0.0005000_1_512.pth.tar
2024-05-22 16:47:52,688 - INFO - 
No prior
2024-05-22 16:47:52,694 - INFO - (17798,)
2024-05-22 16:47:52,789 - INFO -  Split ID: 0
2024-05-22 16:47:52,789 - INFO -  Top 1	acc (%):   50.15
2024-05-22 16:47:52,789 - INFO -  Top 3	acc (%):   73.9
2024-05-22 16:47:52,789 - INFO -  Top 5	acc (%):   82.45
2024-05-22 16:47:52,789 - INFO -  Top 10	acc (%):   91.06
2024-05-22 16:48:04,623 - INFO -  Split ID: 0
2024-05-22 16:48:04,623 - INFO -  Top 1	acc (%):   50.71
2024-05-22 16:48:04,623 - INFO -  Top 3	acc (%):   74.51
2024-05-22 16:48:04,623 - INFO -  Top 5	acc (%):   83.31
2024-05-22 16:48:04,623 - INFO -  Top 10	acc (%):   91.57
2024-05-22 16:48:04,625 - INFO - 
wrap_ffn
2024-05-22 16:48:04,625 - INFO -  Model :	model_yfcc_wrap_ffn_inception_v3_0.0020_64_0.0005000_1_512.pth.tar
2024-05-22 16:48:04,640 - INFO - (4449,)
2024-05-22 16:48:04,662 - INFO -  Split ID: 0
2024-05-22 16:48:04,664 - INFO -  Top 1	LocEnc acc (%):   6.77
2024-05-22 16:48:04,664 - INFO -  Top 3	LocEnc acc (%):   16.12
2024-05-22 16:48:04,664 - INFO -  Top 5	LocEnc acc (%):   23.47
2024-05-22 16:48:04,664 - INFO -  Top 10	LocEnc acc (%):   35.69
2024-05-30 16:50:19,298 - INFO - 
num_classes	100
2024-05-30 16:50:19,313 - INFO - num train    	66739
2024-05-30 16:50:19,313 - INFO - num val      	4449
2024-05-30 16:50:19,313 - INFO - train loss   	full_loss
2024-05-30 16:50:19,313 - INFO - model name   	../models/wrap_ffn/model_yfcc_wrap_ffn_inception_v3_0.0020_64_0.0005000_1_512.pth.tar
2024-05-30 16:50:19,313 - INFO - num users    	1
2024-05-30 16:50:19,521 - INFO - 
Only wrap_ffn
2024-05-30 16:50:19,521 - INFO -  Model :	model_yfcc_wrap_ffn_inception_v3_0.0020_64_0.0005000_1_512.pth.tar
2024-05-30 16:50:19,570 - INFO - Saving output model to ../models/wrap_ffn/model_yfcc_wrap_ffn_inception_v3_0.0020_64_0.0005000_1_512.pth.tar
2024-05-30 16:50:19,585 - INFO - Saving output model to ../models/wrap_ffn/model_yfcc_wrap_ffn_inception_v3_0.0020_64_0.0005000_1_512.pth.tar
2024-05-30 16:50:19,600 - INFO - 
No prior
2024-05-30 16:50:19,603 - INFO - (17798,)
2024-05-30 16:50:20,000 - INFO - Save results to ../eval_results/eval_yfcc__test_no_prior.csv
2024-05-30 16:50:20,000 - INFO -  Split ID: 0
2024-05-30 16:50:20,000 - INFO -  Top 1	acc (%):   50.15
2024-05-30 16:50:20,000 - INFO -  Top 3	acc (%):   73.9
2024-05-30 16:50:20,000 - INFO -  Top 5	acc (%):   82.45
2024-05-30 16:50:20,001 - INFO -  Top 10	acc (%):   91.06
2024-05-30 16:50:30,900 - INFO -  Split ID: 0
2024-05-30 16:50:30,900 - INFO -  Top 1	hit (%):   50.71
2024-05-30 16:50:30,900 - INFO -  Top 3	hit (%):   74.51
2024-05-30 16:50:30,900 - INFO -  Top 5	hit (%):   83.31
2024-05-30 16:50:30,900 - INFO -  Top 10	hit (%):   91.57
2024-05-30 16:50:30,904 - INFO - 
Only wrap_ffn
2024-05-30 16:50:30,905 - INFO -  Model :	model_yfcc_wrap_ffn_inception_v3_0.0020_64_0.0005000_1_512.pth.tar
2024-05-30 16:50:30,931 - INFO - (4449,)
2024-05-30 16:50:30,953 - INFO -  Split ID: 0
2024-05-30 16:50:30,955 - INFO -  Top 1	LocEnc acc (%):   6.77
2024-05-30 16:50:30,955 - INFO -  Top 3	LocEnc acc (%):   16.12
2024-05-30 16:50:30,955 - INFO -  Top 5	LocEnc acc (%):   23.47
2024-05-30 16:50:30,955 - INFO -  Top 10	LocEnc acc (%):   35.69
