2024-05-20 22:31:11,231 - INFO - 
num_classes	500
2024-05-20 22:31:11,231 - INFO - num train    	42490
2024-05-20 22:31:11,231 - INFO - num val      	980
2024-05-20 22:31:11,231 - INFO - train loss   	full_loss
2024-05-20 22:31:11,231 - INFO - model name   	../models/wrap_ffn/model_birdsnap_ebird_meta_wrap_ffn_inception_v3_0.0010_64_0.1000000_1_512.pth.tar
2024-05-20 22:31:11,231 - INFO - num users    	5763
2024-05-20 22:31:11,231 - INFO - meta data    	ebird_meta
2024-05-20 22:31:11,421 - INFO - 
Epoch	0
2024-05-20 22:31:23,195 - INFO - [41984/42490]	Loss  : 1.7689
2024-05-20 22:31:23,652 - INFO - Test loss   : 0.7027
2024-05-20 22:31:23,652 - INFO - 
Epoch	1
2024-05-20 22:31:43,227 - INFO - [41984/42490]	Loss  : 1.4025
2024-05-20 22:31:43,673 - INFO - Test loss   : 0.6971
2024-05-20 22:31:43,673 - INFO - 
Epoch	2
2024-05-20 22:32:02,595 - INFO - [41984/42490]	Loss  : 1.3741
2024-05-20 22:32:03,041 - INFO - Test loss   : 0.6975
2024-05-20 22:32:03,041 - INFO - 
Epoch	3
2024-05-20 22:32:22,110 - INFO - [41984/42490]	Loss  : 1.2814
2024-05-20 22:32:22,561 - INFO - Test loss   : 0.5563
2024-05-20 22:32:22,561 - INFO - 
Epoch	4
2024-05-20 22:32:41,651 - INFO - [41984/42490]	Loss  : 1.1480
2024-05-20 22:32:42,094 - INFO - Test loss   : 0.4497
2024-05-20 22:32:42,095 - INFO - 
Epoch	5
2024-05-20 22:33:01,608 - INFO - [41984/42490]	Loss  : 1.0775
2024-05-20 22:33:01,969 - INFO - Test loss   : 0.4301
2024-05-20 22:33:01,969 - INFO - 
Epoch	6
2024-05-20 22:33:13,315 - INFO - [41984/42490]	Loss  : 1.0433
2024-05-20 22:33:13,540 - INFO - Test loss   : 0.4150
2024-05-20 22:33:13,540 - INFO - 
Epoch	7
2024-05-20 22:33:29,805 - INFO - [41984/42490]	Loss  : 1.0156
2024-05-20 22:33:29,841 - INFO - Test loss   : 0.3981
2024-05-20 22:33:29,841 - INFO - 
Epoch	8
2024-05-20 22:33:31,616 - INFO - [41984/42490]	Loss  : 0.9931
2024-05-20 22:33:31,652 - INFO - Test loss   : 0.3881
2024-05-20 22:33:31,652 - INFO - 
Epoch	9
2024-05-20 22:33:41,364 - INFO - [41984/42490]	Loss  : 0.9749
2024-05-20 22:33:41,829 - INFO - Test loss   : 0.3828
2024-05-20 22:33:41,829 - INFO - 
Epoch	10
2024-05-20 22:34:00,888 - INFO - [41984/42490]	Loss  : 0.9552
2024-05-20 22:34:01,334 - INFO - Test loss   : 0.3843
2024-05-20 22:34:01,345 - INFO - (980,)
2024-05-20 22:34:01,381 - INFO -  Split ID: 0
2024-05-20 22:34:01,382 - INFO -  Top 1	LocEnc (Epoch 10)acc (%):   2.76
2024-05-20 22:34:01,382 - INFO -  Top 3	LocEnc (Epoch 10)acc (%):   7.65
2024-05-20 22:34:01,382 - INFO -  Top 5	LocEnc (Epoch 10)acc (%):   12.55
2024-05-20 22:34:01,382 - INFO -  Top 10	LocEnc (Epoch 10)acc (%):   21.02
2024-05-20 22:34:01,382 - INFO - 
No prior
2024-05-20 22:34:01,383 - INFO - (2262,)
2024-05-20 22:34:01,433 - INFO -  Split ID: 0
2024-05-20 22:34:01,433 - INFO -  Top 1	(Epoch 10)acc (%):   70.07
2024-05-20 22:34:01,433 - INFO -  Top 3	(Epoch 10)acc (%):   86.6
2024-05-20 22:34:01,433 - INFO -  Top 5	(Epoch 10)acc (%):   90.05
2024-05-20 22:34:01,433 - INFO -  Top 10	(Epoch 10)acc (%):   92.88
2024-05-20 22:34:02,902 - INFO -  Split ID: 0
2024-05-20 22:34:02,902 - INFO -  Top 1	(Epoch 10)acc (%):   77.37
2024-05-20 22:34:02,902 - INFO -  Top 3	(Epoch 10)acc (%):   90.54
2024-05-20 22:34:02,902 - INFO -  Top 5	(Epoch 10)acc (%):   92.93
2024-05-20 22:34:02,903 - INFO -  Top 10	(Epoch 10)acc (%):   95.53
2024-05-20 22:34:02,903 - INFO - 
Epoch	11
2024-05-20 22:34:21,874 - INFO - [41984/42490]	Loss  : 0.9423
2024-05-20 22:34:22,320 - INFO - Test loss   : 0.3783
2024-05-20 22:34:22,320 - INFO - 
Epoch	12
2024-05-20 22:34:41,392 - INFO - [41984/42490]	Loss  : 0.9290
2024-05-20 22:34:41,838 - INFO - Test loss   : 0.3781
2024-05-20 22:34:41,838 - INFO - 
Epoch	13
2024-05-20 22:35:00,915 - INFO - [41984/42490]	Loss  : 0.9185
2024-05-20 22:35:01,375 - INFO - Test loss   : 0.3733
2024-05-20 22:35:01,375 - INFO - 
Epoch	14
2024-05-20 22:35:20,574 - INFO - [41984/42490]	Loss  : 0.9103
2024-05-20 22:35:20,932 - INFO - Test loss   : 0.3667
2024-05-20 22:35:20,932 - INFO - 
Epoch	15
2024-05-20 22:35:32,534 - INFO - [41984/42490]	Loss  : 0.9034
2024-05-20 22:35:32,989 - INFO - Test loss   : 0.3667
2024-05-20 22:35:32,989 - INFO - 
Epoch	16
2024-05-20 22:35:52,257 - INFO - [41984/42490]	Loss  : 0.8967
2024-05-20 22:35:52,725 - INFO - Test loss   : 0.3625
2024-05-20 22:35:52,726 - INFO - 
Epoch	17
2024-05-20 22:36:12,213 - INFO - [41984/42490]	Loss  : 0.8909
2024-05-20 22:36:12,291 - INFO - Test loss   : 0.3631
2024-05-20 22:36:12,291 - INFO - 
Epoch	18
2024-05-20 22:36:31,545 - INFO - [41984/42490]	Loss  : 0.8839
2024-05-20 22:36:31,963 - INFO - Test loss   : 0.3658
2024-05-20 22:36:31,963 - INFO - 
Epoch	19
2024-05-20 22:36:50,932 - INFO - [41984/42490]	Loss  : 0.8823
2024-05-20 22:36:51,377 - INFO - Test loss   : 0.3666
2024-05-20 22:36:51,377 - INFO - 
Epoch	20
2024-05-20 22:37:10,316 - INFO - [41984/42490]	Loss  : 0.8758
2024-05-20 22:37:10,763 - INFO - Test loss   : 0.3660
2024-05-20 22:37:10,765 - INFO - (980,)
2024-05-20 22:37:10,798 - INFO -  Split ID: 0
2024-05-20 22:37:10,798 - INFO -  Top 1	LocEnc (Epoch 20)acc (%):   3.88
2024-05-20 22:37:10,798 - INFO -  Top 3	LocEnc (Epoch 20)acc (%):   9.08
2024-05-20 22:37:10,799 - INFO -  Top 5	LocEnc (Epoch 20)acc (%):   14.18
2024-05-20 22:37:10,799 - INFO -  Top 10	LocEnc (Epoch 20)acc (%):   22.24
2024-05-20 22:37:10,799 - INFO - 
No prior
2024-05-20 22:37:10,800 - INFO - (2262,)
2024-05-20 22:37:10,850 - INFO -  Split ID: 0
2024-05-20 22:37:10,850 - INFO -  Top 1	(Epoch 20)acc (%):   70.07
2024-05-20 22:37:10,850 - INFO -  Top 3	(Epoch 20)acc (%):   86.6
2024-05-20 22:37:10,850 - INFO -  Top 5	(Epoch 20)acc (%):   90.05
2024-05-20 22:37:10,850 - INFO -  Top 10	(Epoch 20)acc (%):   92.88
2024-05-20 22:37:12,319 - INFO -  Split ID: 0
2024-05-20 22:37:12,319 - INFO -  Top 1	(Epoch 20)acc (%):   78.56
2024-05-20 22:37:12,319 - INFO -  Top 3	(Epoch 20)acc (%):   90.89
2024-05-20 22:37:12,319 - INFO -  Top 5	(Epoch 20)acc (%):   93.24
2024-05-20 22:37:12,319 - INFO -  Top 10	(Epoch 20)acc (%):   95.58
2024-05-20 22:37:12,319 - INFO - 
Epoch	21
2024-05-20 22:37:31,224 - INFO - [41984/42490]	Loss  : 0.8720
2024-05-20 22:37:31,668 - INFO - Test loss   : 0.3583
2024-05-20 22:37:31,668 - INFO - 
Epoch	22
2024-05-20 22:37:43,595 - INFO - [41984/42490]	Loss  : 0.8691
2024-05-20 22:37:44,053 - INFO - Test loss   : 0.3623
2024-05-20 22:37:44,053 - INFO - 
Epoch	23
2024-05-20 22:38:04,042 - INFO - [41984/42490]	Loss  : 0.8657
2024-05-20 22:38:04,530 - INFO - Test loss   : 0.3616
2024-05-20 22:38:04,531 - INFO - 
Epoch	24
2024-05-20 22:38:23,700 - INFO - [41984/42490]	Loss  : 0.8617
2024-05-20 22:38:24,192 - INFO - Test loss   : 0.3649
2024-05-20 22:38:24,192 - INFO - 
Epoch	25
2024-05-20 22:38:43,172 - INFO - [41984/42490]	Loss  : 0.8578
2024-05-20 22:38:43,293 - INFO - Test loss   : 0.3637
2024-05-20 22:38:43,293 - INFO - 
Epoch	26
2024-05-20 22:39:02,673 - INFO - [41984/42490]	Loss  : 0.8550
2024-05-20 22:39:02,709 - INFO - Test loss   : 0.3585
2024-05-20 22:39:02,709 - INFO - 
Epoch	27
2024-05-20 22:39:22,236 - INFO - [41984/42490]	Loss  : 0.8541
2024-05-20 22:39:22,272 - INFO - Test loss   : 0.3587
2024-05-20 22:39:22,272 - INFO - 
Epoch	28
2024-05-20 22:39:33,765 - INFO - [41984/42490]	Loss  : 0.8490
2024-05-20 22:39:34,228 - INFO - Test loss   : 0.3595
2024-05-20 22:39:34,228 - INFO - 
Epoch	29
2024-05-20 22:39:48,756 - INFO - [41984/42490]	Loss  : 0.8488
2024-05-20 22:39:48,792 - INFO - Test loss   : 0.3594
2024-05-20 22:39:48,792 - INFO - Saving output model to ../models/wrap_ffn/model_birdsnap_ebird_meta_wrap_ffn_inception_v3_0.0010_64_0.1000000_1_512.pth.tar
2024-05-20 22:39:48,807 - INFO - Saving output model to ../models/wrap_ffn/model_birdsnap_ebird_meta_wrap_ffn_inception_v3_0.0010_64_0.1000000_1_512.pth.tar
2024-05-20 22:39:48,853 - INFO - 
No prior
2024-05-20 22:39:48,854 - INFO - (2262,)
2024-05-20 22:39:48,903 - INFO -  Split ID: 0
2024-05-20 22:39:48,903 - INFO -  Top 1	acc (%):   70.07
2024-05-20 22:39:48,903 - INFO -  Top 3	acc (%):   86.6
2024-05-20 22:39:48,903 - INFO -  Top 5	acc (%):   90.05
2024-05-20 22:39:48,904 - INFO -  Top 10	acc (%):   92.88
2024-05-20 22:39:49,688 - INFO -  Split ID: 0
2024-05-20 22:39:49,689 - INFO -  Top 1	acc (%):   79.05
2024-05-20 22:39:49,689 - INFO -  Top 3	acc (%):   91.29
2024-05-20 22:39:49,689 - INFO -  Top 5	acc (%):   93.32
2024-05-20 22:39:49,689 - INFO -  Top 10	acc (%):   95.89
2024-05-20 22:39:49,689 - INFO - 
wrap_ffn
2024-05-20 22:39:49,689 - INFO -  Model :	model_birdsnap_ebird_meta_wrap_ffn_inception_v3_0.0010_64_0.1000000_1_512.pth.tar
2024-05-20 22:39:49,695 - INFO - (980,)
2024-05-20 22:39:49,728 - INFO -  Split ID: 0
2024-05-20 22:39:49,729 - INFO -  Top 1	LocEnc acc (%):   4.29
2024-05-20 22:39:49,729 - INFO -  Top 3	LocEnc acc (%):   9.69
2024-05-20 22:39:49,729 - INFO -  Top 5	LocEnc acc (%):   13.47
2024-05-20 22:39:49,729 - INFO -  Top 10	LocEnc acc (%):   22.45
